2017-10-25 10:04:56 trace :
------------
String:
<xml><ToUserName><![CDATA[gh_387f2586a480]]></ToUserName>
<FromUserName><![CDATA[oHlBev0AXhSSRORqct5PbMwYHEtU]]></FromUserName>
<CreateTime>1508897095</CreateTime>
<MsgType><![CDATA[event]]></MsgType>
<Event><![CDATA[VIEW]]></Event>
<EventKey><![CDATA[http://www.gzqtbw.com/app/index.php?i=12&c=home&t=15]]></EventKey>
<MenuId>602413748</MenuId>
</xml>

2017-10-25 10:04:56 params :
------------
Array:
message : Array ;
module : basic ;
rule : 13 ;
priority : 0 ;
keyword : Array ;

2017-10-25 10:04:56 response :
------------
Array:
FromUserName : gh_387f2586a480 ;
ToUserName : oHlBev0AXhSSRORqct5PbMwYHEtU ;
MsgType : text ;
Content : 欢迎关注李记梧桐人家微信公众号！ ;

2017-10-25 10:30:36 trace :
------------
String:
<xml><ToUserName><![CDATA[gh_a9b445bf4f73]]></ToUserName>
<FromUserName><![CDATA[oaQb9wQFFqNn_v8QpyQK6aqpi5aw]]></FromUserName>
<CreateTime>1508898635</CreateTime>
<MsgType><![CDATA[event]]></MsgType>
<Event><![CDATA[VIEW]]></Event>
<EventKey><![CDATA[http://www.gzqtbw.com/app/index.php?i=16&c=home&t=19]]></EventKey>
<MenuId>422067478</MenuId>
</xml>

2017-10-25 10:30:36 params :
------------
Array:
message : Array ;
module : basic ;
rule : 16 ;
priority : 0 ;
keyword : Array ;

2017-10-25 10:30:36 response :
------------
Array:
FromUserName : gh_a9b445bf4f73 ;
ToUserName : oaQb9wQFFqNn_v8QpyQK6aqpi5aw ;
MsgType : text ;
Content : 欢迎关注贵州博达云科技发展有限公司！ ;

2017-10-25 10:32:17 trace :
------------
String:
<xml><ToUserName><![CDATA[gh_a9b445bf4f73]]></ToUserName>
<FromUserName><![CDATA[oaQb9wQFFqNn_v8QpyQK6aqpi5aw]]></FromUserName>
<CreateTime>1508898736</CreateTime>
<MsgType><![CDATA[event]]></MsgType>
<Event><![CDATA[VIEW]]></Event>
<EventKey><![CDATA[http://www.gzqtbw.com/app/index.php?i=16&c=home&t=21]]></EventKey>
<MenuId>422067478</MenuId>
</xml>

2017-10-25 10:32:17 params :
------------
Array:
message : Array ;
module : basic ;
rule : 16 ;
priority : 0 ;
keyword : Array ;

2017-10-25 10:32:17 response :
------------
Array:
FromUserName : gh_a9b445bf4f73 ;
ToUserName : oaQb9wQFFqNn_v8QpyQK6aqpi5aw ;
MsgType : text ;
Content : 欢迎关注贵州博达云科技发展有限公司！ ;

2017-10-25 10:32:24 trace :
------------
String:
<xml><ToUserName><![CDATA[gh_a9b445bf4f73]]></ToUserName>
<FromUserName><![CDATA[oaQb9wQFFqNn_v8QpyQK6aqpi5aw]]></FromUserName>
<CreateTime>1508898743</CreateTime>
<MsgType><![CDATA[event]]></MsgType>
<Event><![CDATA[VIEW]]></Event>
<EventKey><![CDATA[http://www.gzqtbw.com/app/index.php?i=16&c=home&t=21]]></EventKey>
<MenuId>422067478</MenuId>
</xml>

2017-10-25 10:32:24 params :
------------
Array:
message : Array ;
module : basic ;
rule : 16 ;
priority : 0 ;
keyword : Array ;

2017-10-25 10:32:24 response :
------------
Array:
FromUserName : gh_a9b445bf4f73 ;
ToUserName : oaQb9wQFFqNn_v8QpyQK6aqpi5aw ;
MsgType : text ;
Content : 欢迎关注贵州博达云科技发展有限公司！ ;

2017-10-25 10:32:25 trace :
------------
String:
<xml><ToUserName><![CDATA[gh_a9b445bf4f73]]></ToUserName>
<FromUserName><![CDATA[oaQb9we-b_JIm3Hfa3SLi6uy1oXA]]></FromUserName>
<CreateTime>1508898744</CreateTime>
<MsgType><![CDATA[event]]></MsgType>
<Event><![CDATA[subscribe]]></Event>
<EventKey><![CDATA[]]></EventKey>
</xml>

2017-10-25 10:32:25 params :
------------
Array:
message : Array ;
module : basic ;
rule : 16 ;
priority : 0 ;
keyword : Array ;

2017-10-25 10:32:25 response :
------------
Array:
FromUserName : gh_a9b445bf4f73 ;
ToUserName : oaQb9we-b_JIm3Hfa3SLi6uy1oXA ;
MsgType : text ;
Content : 欢迎关注贵州博达云科技发展有限公司！ ;

2017-10-25 10:32:29 trace :
------------
String:
<xml><ToUserName><![CDATA[gh_a9b445bf4f73]]></ToUserName>
<FromUserName><![CDATA[oaQb9we-b_JIm3Hfa3SLi6uy1oXA]]></FromUserName>
<CreateTime>1508898749</CreateTime>
<MsgType><![CDATA[event]]></MsgType>
<Event><![CDATA[VIEW]]></Event>
<EventKey><![CDATA[http://www.gzqtbw.com/app/index.php?i=16&c=home&t=19]]></EventKey>
<MenuId>422067478</MenuId>
</xml>

2017-10-25 10:32:29 params :
------------
Array:
message : Array ;
module : basic ;
rule : 16 ;
priority : 0 ;
keyword : Array ;

2017-10-25 10:32:29 response :
------------
Array:
FromUserName : gh_a9b445bf4f73 ;
ToUserName : oaQb9we-b_JIm3Hfa3SLi6uy1oXA ;
MsgType : text ;
Content : 欢迎关注贵州博达云科技发展有限公司！ ;

2017-10-25 10:32:31 trace :
------------
String:
<xml><ToUserName><![CDATA[gh_a9b445bf4f73]]></ToUserName>
<FromUserName><![CDATA[oaQb9wSo03Fe9UQMqZFcDh1LoFvo]]></FromUserName>
<CreateTime>1508898750</CreateTime>
<MsgType><![CDATA[event]]></MsgType>
<Event><![CDATA[subscribe]]></Event>
<EventKey><![CDATA[]]></EventKey>
</xml>

2017-10-25 10:32:31 params :
------------
Array:
message : Array ;
module : basic ;
rule : 16 ;
priority : 0 ;
keyword : Array ;

2017-10-25 10:32:31 response :
------------
Array:
FromUserName : gh_a9b445bf4f73 ;
ToUserName : oaQb9wSo03Fe9UQMqZFcDh1LoFvo ;
MsgType : text ;
Content : 欢迎关注贵州博达云科技发展有限公司！ ;

2017-10-25 10:33:49 trace :
------------
String:
<xml><ToUserName><![CDATA[gh_a9b445bf4f73]]></ToUserName>
<FromUserName><![CDATA[oaQb9wQFFqNn_v8QpyQK6aqpi5aw]]></FromUserName>
<CreateTime>1508898829</CreateTime>
<MsgType><![CDATA[event]]></MsgType>
<Event><![CDATA[VIEW]]></Event>
<EventKey><![CDATA[http://www.gzqtbw.com/app/index.php?i=16&c=home&t=19]]></EventKey>
<MenuId>422067478</MenuId>
</xml>

2017-10-25 10:33:49 params :
------------
Array:
message : Array ;
module : basic ;
rule : 16 ;
priority : 0 ;
keyword : Array ;

2017-10-25 10:33:49 response :
------------
Array:
FromUserName : gh_a9b445bf4f73 ;
ToUserName : oaQb9wQFFqNn_v8QpyQK6aqpi5aw ;
MsgType : text ;
Content : 欢迎关注贵州博达云科技发展有限公司！ ;

2017-10-25 10:33:55 trace :
------------
String:
<xml><ToUserName><![CDATA[gh_a9b445bf4f73]]></ToUserName>
<FromUserName><![CDATA[oaQb9wQFFqNn_v8QpyQK6aqpi5aw]]></FromUserName>
<CreateTime>1508898835</CreateTime>
<MsgType><![CDATA[event]]></MsgType>
<Event><![CDATA[VIEW]]></Event>
<EventKey><![CDATA[http://www.gzqtbw.com/app/index.php?i=16&c=home&t=21]]></EventKey>
<MenuId>422067478</MenuId>
</xml>

2017-10-25 10:33:55 params :
------------
Array:
message : Array ;
module : basic ;
rule : 16 ;
priority : 0 ;
keyword : Array ;

2017-10-25 10:33:55 response :
------------
Array:
FromUserName : gh_a9b445bf4f73 ;
ToUserName : oaQb9wQFFqNn_v8QpyQK6aqpi5aw ;
MsgType : text ;
Content : 欢迎关注贵州博达云科技发展有限公司！ ;

2017-10-25 10:38:00 trace :
------------
String:
<xml><ToUserName><![CDATA[gh_a9b445bf4f73]]></ToUserName>
<FromUserName><![CDATA[oaQb9we-b_JIm3Hfa3SLi6uy1oXA]]></FromUserName>
<CreateTime>1508899079</CreateTime>
<MsgType><![CDATA[event]]></MsgType>
<Event><![CDATA[VIEW]]></Event>
<EventKey><![CDATA[http://www.gzqtbw.com/app/index.php?i=16&c=home&t=21]]></EventKey>
<MenuId>422067478</MenuId>
</xml>

2017-10-25 10:38:00 params :
------------
Array:
message : Array ;
module : basic ;
rule : 16 ;
priority : 0 ;
keyword : Array ;

2017-10-25 10:38:00 response :
------------
Array:
FromUserName : gh_a9b445bf4f73 ;
ToUserName : oaQb9we-b_JIm3Hfa3SLi6uy1oXA ;
MsgType : text ;
Content : 欢迎关注贵州博达云科技发展有限公司！ ;

2017-10-25 10:51:41 trace :
------------
String:
<xml><ToUserName><![CDATA[gh_a9b445bf4f73]]></ToUserName>
<FromUserName><![CDATA[oaQb9wSq5na6PRsKBLxnRu4n81_8]]></FromUserName>
<CreateTime>1508899901</CreateTime>
<MsgType><![CDATA[event]]></MsgType>
<Event><![CDATA[VIEW]]></Event>
<EventKey><![CDATA[http://www.gzqtbw.com/app/index.php?i=16&c=home&t=21]]></EventKey>
<MenuId>422067478</MenuId>
</xml>

2017-10-25 10:51:41 params :
------------
Array:
message : Array ;
module : basic ;
rule : 16 ;
priority : 0 ;
keyword : Array ;

2017-10-25 10:51:41 response :
------------
Array:
FromUserName : gh_a9b445bf4f73 ;
ToUserName : oaQb9wSq5na6PRsKBLxnRu4n81_8 ;
MsgType : text ;
Content : 欢迎关注贵州博达云科技发展有限公司！ ;

2017-10-25 10:54:52 trace :
------------
String:
<xml><ToUserName><![CDATA[gh_a9b445bf4f73]]></ToUserName>
<FromUserName><![CDATA[oaQb9wSq5na6PRsKBLxnRu4n81_8]]></FromUserName>
<CreateTime>1508900092</CreateTime>
<MsgType><![CDATA[event]]></MsgType>
<Event><![CDATA[VIEW]]></Event>
<EventKey><![CDATA[http://www.gzqtbw.com/app/index.php?i=16&c=home&t=19]]></EventKey>
<MenuId>422067478</MenuId>
</xml>

2017-10-25 10:54:52 params :
------------
Array:
message : Array ;
module : basic ;
rule : 16 ;
priority : 0 ;
keyword : Array ;

2017-10-25 10:54:52 response :
------------
Array:
FromUserName : gh_a9b445bf4f73 ;
ToUserName : oaQb9wSq5na6PRsKBLxnRu4n81_8 ;
MsgType : text ;
Content : 欢迎关注贵州博达云科技发展有限公司！ ;

2017-10-25 11:02:16 trace :
------------
String:
<xml><ToUserName><![CDATA[gh_a9b445bf4f73]]></ToUserName>
<FromUserName><![CDATA[oaQb9wSq5na6PRsKBLxnRu4n81_8]]></FromUserName>
<CreateTime>1508900536</CreateTime>
<MsgType><![CDATA[event]]></MsgType>
<Event><![CDATA[VIEW]]></Event>
<EventKey><![CDATA[http://www.gzqtbw.com/app/index.php?i=16&c=home&t=19]]></EventKey>
<MenuId>422067478</MenuId>
</xml>

2017-10-25 11:02:16 params :
------------
Array:
message : Array ;
module : basic ;
rule : 16 ;
priority : 0 ;
keyword : Array ;

2017-10-25 11:02:16 response :
------------
Array:
FromUserName : gh_a9b445bf4f73 ;
ToUserName : oaQb9wSq5na6PRsKBLxnRu4n81_8 ;
MsgType : text ;
Content : 欢迎关注贵州博达云科技发展有限公司！ ;

2017-10-25 11:21:43 trace :
------------
String:
<xml><ToUserName><![CDATA[gh_a9b445bf4f73]]></ToUserName>
<FromUserName><![CDATA[oaQb9wSq5na6PRsKBLxnRu4n81_8]]></FromUserName>
<CreateTime>1508901703</CreateTime>
<MsgType><![CDATA[event]]></MsgType>
<Event><![CDATA[VIEW]]></Event>
<EventKey><![CDATA[http://www.gzqtbw.com/app/index.php?i=16&c=home&t=19]]></EventKey>
<MenuId>422067478</MenuId>
</xml>

2017-10-25 11:21:43 params :
------------
Array:
message : Array ;
module : basic ;
rule : 16 ;
priority : 0 ;
keyword : Array ;

2017-10-25 11:21:43 response :
------------
Array:
FromUserName : gh_a9b445bf4f73 ;
ToUserName : oaQb9wSq5na6PRsKBLxnRu4n81_8 ;
MsgType : text ;
Content : 欢迎关注贵州博达云科技发展有限公司！ ;

2017-10-25 11:21:47 trace :
------------
String:
<xml><ToUserName><![CDATA[gh_a9b445bf4f73]]></ToUserName>
<FromUserName><![CDATA[oaQb9wSq5na6PRsKBLxnRu4n81_8]]></FromUserName>
<CreateTime>1508901707</CreateTime>
<MsgType><![CDATA[event]]></MsgType>
<Event><![CDATA[VIEW]]></Event>
<EventKey><![CDATA[http://www.gzqtbw.com/app/index.php?i=16&c=home&t=19]]></EventKey>
<MenuId>422067478</MenuId>
</xml>

2017-10-25 11:21:47 params :
------------
Array:
message : Array ;
module : basic ;
rule : 16 ;
priority : 0 ;
keyword : Array ;

2017-10-25 11:21:47 response :
------------
Array:
FromUserName : gh_a9b445bf4f73 ;
ToUserName : oaQb9wSq5na6PRsKBLxnRu4n81_8 ;
MsgType : text ;
Content : 欢迎关注贵州博达云科技发展有限公司！ ;

2017-10-25 12:17:01 trace :
------------
String:
<xml><ToUserName><![CDATA[gh_be7e4da020bc]]></ToUserName>
<FromUserName><![CDATA[oPtQ2wC8cxNvcfBYqlGu2Q7scrws]]></FromUserName>
<CreateTime>1508905020</CreateTime>
<MsgType><![CDATA[event]]></MsgType>
<Event><![CDATA[VIEW]]></Event>
<EventKey><![CDATA[http://www.gzqtbw.com/app/index.php?i=8&c=home&t=8]]></EventKey>
<MenuId>430931951</MenuId>
</xml>

2017-10-25 12:17:01 params :
------------
Array:
message : Array ;
module : basic ;
rule : 10 ;
priority : 0 ;
keyword : Array ;

2017-10-25 12:17:01 response :
------------
Array:
FromUserName : gh_be7e4da020bc ;
ToUserName : oPtQ2wC8cxNvcfBYqlGu2Q7scrws ;
MsgType : text ;
Content : 欢迎关注美食广场微信公众号！ ;

2017-10-25 13:07:45 trace :
------------
String:
<xml><ToUserName><![CDATA[gh_be7e4da020bc]]></ToUserName>
<FromUserName><![CDATA[oPtQ2wC8cxNvcfBYqlGu2Q7scrws]]></FromUserName>
<CreateTime>1508908064</CreateTime>
<MsgType><![CDATA[event]]></MsgType>
<Event><![CDATA[VIEW]]></Event>
<EventKey><![CDATA[http://www.gzqtbw.com/app/index.php?i=8&c=home&t=8]]></EventKey>
<MenuId>430931951</MenuId>
</xml>

2017-10-25 13:07:45 params :
------------
Array:
message : Array ;
module : basic ;
rule : 10 ;
priority : 0 ;
keyword : Array ;

2017-10-25 13:07:45 response :
------------
Array:
FromUserName : gh_be7e4da020bc ;
ToUserName : oPtQ2wC8cxNvcfBYqlGu2Q7scrws ;
MsgType : text ;
Content : 欢迎关注美食广场微信公众号！ ;

2017-10-25 13:09:29 trace :
------------
String:
<xml><ToUserName><![CDATA[gh_be7e4da020bc]]></ToUserName>
<FromUserName><![CDATA[oPtQ2wL_FP6GL0uQXSzWrLtDxvZg]]></FromUserName>
<CreateTime>1508908168</CreateTime>
<MsgType><![CDATA[event]]></MsgType>
<Event><![CDATA[VIEW]]></Event>
<EventKey><![CDATA[http://www.gzqtbw.com/app/index.php?i=8&c=home&t=8]]></EventKey>
<MenuId>430931951</MenuId>
</xml>

2017-10-25 13:09:29 params :
------------
Array:
message : Array ;
module : basic ;
rule : 10 ;
priority : 0 ;
keyword : Array ;

2017-10-25 13:09:29 response :
------------
Array:
FromUserName : gh_be7e4da020bc ;
ToUserName : oPtQ2wL_FP6GL0uQXSzWrLtDxvZg ;
MsgType : text ;
Content : 欢迎关注美食广场微信公众号！ ;

2017-10-25 13:10:57 trace :
------------
String:
<xml><ToUserName><![CDATA[gh_be7e4da020bc]]></ToUserName>
<FromUserName><![CDATA[oPtQ2wN6QNONCK5O18dow7bPgHzw]]></FromUserName>
<CreateTime>1508908257</CreateTime>
<MsgType><![CDATA[event]]></MsgType>
<Event><![CDATA[VIEW]]></Event>
<EventKey><![CDATA[http://www.gzqtbw.com/app/index.php?i=8&c=home&t=8]]></EventKey>
<MenuId>430931951</MenuId>
</xml>

2017-10-25 13:10:57 params :
------------
Array:
message : Array ;
module : basic ;
rule : 10 ;
priority : 0 ;
keyword : Array ;

2017-10-25 13:10:57 response :
------------
Array:
FromUserName : gh_be7e4da020bc ;
ToUserName : oPtQ2wN6QNONCK5O18dow7bPgHzw ;
MsgType : text ;
Content : 欢迎关注美食广场微信公众号！ ;

2017-10-25 13:13:14 trace :
------------
String:
<xml><ToUserName><![CDATA[gh_be7e4da020bc]]></ToUserName>
<FromUserName><![CDATA[oPtQ2wL_2Aiurkxx3w8JomqmOEuM]]></FromUserName>
<CreateTime>1508908393</CreateTime>
<MsgType><![CDATA[event]]></MsgType>
<Event><![CDATA[subscribe]]></Event>
<EventKey><![CDATA[]]></EventKey>
</xml>

2017-10-25 13:13:14 params :
------------
Array:
message : Array ;
module : basic ;
rule : 10 ;
priority : 0 ;
keyword : Array ;

2017-10-25 13:13:14 response :
------------
Array:
FromUserName : gh_be7e4da020bc ;
ToUserName : oPtQ2wL_2Aiurkxx3w8JomqmOEuM ;
MsgType : text ;
Content : 欢迎关注美食广场微信公众号！ ;

2017-10-25 13:51:11 trace :
------------
String:
<xml><ToUserName><![CDATA[gh_387f2586a480]]></ToUserName>
<FromUserName><![CDATA[oHlBev_T3SQjYt8jwgCILnqlnJDU]]></FromUserName>
<CreateTime>1508910670</CreateTime>
<MsgType><![CDATA[event]]></MsgType>
<Event><![CDATA[subscribe]]></Event>
<EventKey><![CDATA[]]></EventKey>
</xml>

2017-10-25 13:51:11 params :
------------
Array:
message : Array ;
module : basic ;
rule : 13 ;
priority : 0 ;
keyword : Array ;

2017-10-25 13:51:11 response :
------------
Array:
FromUserName : gh_387f2586a480 ;
ToUserName : oHlBev_T3SQjYt8jwgCILnqlnJDU ;
MsgType : text ;
Content : 欢迎关注李记梧桐人家微信公众号！ ;

2017-10-25 13:51:20 trace :
------------
String:
<xml><ToUserName><![CDATA[gh_387f2586a480]]></ToUserName>
<FromUserName><![CDATA[oHlBev_T3SQjYt8jwgCILnqlnJDU]]></FromUserName>
<CreateTime>1508910680</CreateTime>
<MsgType><![CDATA[event]]></MsgType>
<Event><![CDATA[VIEW]]></Event>
<EventKey><![CDATA[http://www.gzqtbw.com/app/index.php?i=12&c=home&t=15]]></EventKey>
<MenuId>602413748</MenuId>
</xml>

2017-10-25 13:51:20 params :
------------
Array:
message : Array ;
module : basic ;
rule : 13 ;
priority : 0 ;
keyword : Array ;

2017-10-25 13:51:20 response :
------------
Array:
FromUserName : gh_387f2586a480 ;
ToUserName : oHlBev_T3SQjYt8jwgCILnqlnJDU ;
MsgType : text ;
Content : 欢迎关注李记梧桐人家微信公众号！ ;

2017-10-25 13:51:29 trace :
------------
String:
<xml><ToUserName><![CDATA[gh_387f2586a480]]></ToUserName>
<FromUserName><![CDATA[oHlBev6Lfx5HRxR2tplZmVWeJNbw]]></FromUserName>
<CreateTime>1508910688</CreateTime>
<MsgType><![CDATA[event]]></MsgType>
<Event><![CDATA[subscribe]]></Event>
<EventKey><![CDATA[]]></EventKey>
</xml>

2017-10-25 13:51:29 params :
------------
Array:
message : Array ;
module : basic ;
rule : 13 ;
priority : 0 ;
keyword : Array ;

2017-10-25 13:51:29 response :
------------
Array:
FromUserName : gh_387f2586a480 ;
ToUserName : oHlBev6Lfx5HRxR2tplZmVWeJNbw ;
MsgType : text ;
Content : 欢迎关注李记梧桐人家微信公众号！ ;

2017-10-25 13:51:35 trace :
------------
String:
<xml><ToUserName><![CDATA[gh_387f2586a480]]></ToUserName>
<FromUserName><![CDATA[oHlBev75_fmUM60-sDTwJAYEcKPY]]></FromUserName>
<CreateTime>1508910695</CreateTime>
<MsgType><![CDATA[event]]></MsgType>
<Event><![CDATA[subscribe]]></Event>
<EventKey><![CDATA[]]></EventKey>
</xml>

2017-10-25 13:51:35 params :
------------
Array:
message : Array ;
module : basic ;
rule : 13 ;
priority : 0 ;
keyword : Array ;

2017-10-25 13:51:35 response :
------------
Array:
FromUserName : gh_387f2586a480 ;
ToUserName : oHlBev75_fmUM60-sDTwJAYEcKPY ;
MsgType : text ;
Content : 欢迎关注李记梧桐人家微信公众号！ ;

2017-10-25 13:51:38 trace :
------------
String:
<xml><ToUserName><![CDATA[gh_387f2586a480]]></ToUserName>
<FromUserName><![CDATA[oHlBev75_fmUM60-sDTwJAYEcKPY]]></FromUserName>
<CreateTime>1508910697</CreateTime>
<MsgType><![CDATA[event]]></MsgType>
<Event><![CDATA[VIEW]]></Event>
<EventKey><![CDATA[http://www.gzqtbw.com/app/index.php?i=12&c=home&t=15]]></EventKey>
<MenuId>602413748</MenuId>
</xml>

2017-10-25 13:51:38 params :
------------
Array:
message : Array ;
module : basic ;
rule : 13 ;
priority : 0 ;
keyword : Array ;

2017-10-25 13:51:38 response :
------------
Array:
FromUserName : gh_387f2586a480 ;
ToUserName : oHlBev75_fmUM60-sDTwJAYEcKPY ;
MsgType : text ;
Content : 欢迎关注李记梧桐人家微信公众号！ ;

2017-10-25 13:51:41 trace :
------------
String:
<xml><ToUserName><![CDATA[gh_387f2586a480]]></ToUserName>
<FromUserName><![CDATA[oHlBev0AXhSSRORqct5PbMwYHEtU]]></FromUserName>
<CreateTime>1508910701</CreateTime>
<MsgType><![CDATA[event]]></MsgType>
<Event><![CDATA[VIEW]]></Event>
<EventKey><![CDATA[http://www.gzqtbw.com/app/index.php?i=12&c=home&t=15]]></EventKey>
<MenuId>602413748</MenuId>
</xml>

2017-10-25 13:51:41 params :
------------
Array:
message : Array ;
module : basic ;
rule : 13 ;
priority : 0 ;
keyword : Array ;

2017-10-25 13:51:41 response :
------------
Array:
FromUserName : gh_387f2586a480 ;
ToUserName : oHlBev0AXhSSRORqct5PbMwYHEtU ;
MsgType : text ;
Content : 欢迎关注李记梧桐人家微信公众号！ ;

2017-10-25 13:51:43 trace :
------------
String:
<xml><ToUserName><![CDATA[gh_387f2586a480]]></ToUserName>
<FromUserName><![CDATA[oHlBev75_fmUM60-sDTwJAYEcKPY]]></FromUserName>
<CreateTime>1508910702</CreateTime>
<MsgType><![CDATA[event]]></MsgType>
<Event><![CDATA[VIEW]]></Event>
<EventKey><![CDATA[http://www.gzqtbw.com/app/index.php?i=12&c=home&t=15]]></EventKey>
<MenuId>602413748</MenuId>
</xml>

2017-10-25 13:51:43 params :
------------
Array:
message : Array ;
module : basic ;
rule : 13 ;
priority : 0 ;
keyword : Array ;

2017-10-25 13:51:43 response :
------------
Array:
FromUserName : gh_387f2586a480 ;
ToUserName : oHlBev75_fmUM60-sDTwJAYEcKPY ;
MsgType : text ;
Content : 欢迎关注李记梧桐人家微信公众号！ ;

2017-10-25 13:51:43 trace :
------------
String:
<xml><ToUserName><![CDATA[gh_387f2586a480]]></ToUserName>
<FromUserName><![CDATA[oHlBev_T3SQjYt8jwgCILnqlnJDU]]></FromUserName>
<CreateTime>1508910702</CreateTime>
<MsgType><![CDATA[event]]></MsgType>
<Event><![CDATA[VIEW]]></Event>
<EventKey><![CDATA[http://www.gzqtbw.com/app/index.php?i=12&c=home&t=15]]></EventKey>
<MenuId>602413748</MenuId>
</xml>

2017-10-25 13:51:43 params :
------------
Array:
message : Array ;
module : basic ;
rule : 13 ;
priority : 0 ;
keyword : Array ;

2017-10-25 13:51:43 response :
------------
Array:
FromUserName : gh_387f2586a480 ;
ToUserName : oHlBev_T3SQjYt8jwgCILnqlnJDU ;
MsgType : text ;
Content : 欢迎关注李记梧桐人家微信公众号！ ;

2017-10-25 13:51:45 trace :
------------
String:
<xml><ToUserName><![CDATA[gh_387f2586a480]]></ToUserName>
<FromUserName><![CDATA[oHlBev6Lfx5HRxR2tplZmVWeJNbw]]></FromUserName>
<CreateTime>1508910704</CreateTime>
<MsgType><![CDATA[event]]></MsgType>
<Event><![CDATA[VIEW]]></Event>
<EventKey><![CDATA[http://www.gzqtbw.com/app/index.php?i=12&c=home&t=15]]></EventKey>
<MenuId>602413748</MenuId>
</xml>

2017-10-25 13:51:45 params :
------------
Array:
message : Array ;
module : basic ;
rule : 13 ;
priority : 0 ;
keyword : Array ;

2017-10-25 13:51:45 response :
------------
Array:
FromUserName : gh_387f2586a480 ;
ToUserName : oHlBev6Lfx5HRxR2tplZmVWeJNbw ;
MsgType : text ;
Content : 欢迎关注李记梧桐人家微信公众号！ ;

2017-10-25 13:52:00 trace :
------------
String:
<xml><ToUserName><![CDATA[gh_387f2586a480]]></ToUserName>
<FromUserName><![CDATA[oHlBev75_fmUM60-sDTwJAYEcKPY]]></FromUserName>
<CreateTime>1508910719</CreateTime>
<MsgType><![CDATA[event]]></MsgType>
<Event><![CDATA[VIEW]]></Event>
<EventKey><![CDATA[http://www.gzqtbw.com/app/index.php?i=12&c=home&t=15]]></EventKey>
<MenuId>602413748</MenuId>
</xml>

2017-10-25 13:52:00 params :
------------
Array:
message : Array ;
module : basic ;
rule : 13 ;
priority : 0 ;
keyword : Array ;

2017-10-25 13:52:00 response :
------------
Array:
FromUserName : gh_387f2586a480 ;
ToUserName : oHlBev75_fmUM60-sDTwJAYEcKPY ;
MsgType : text ;
Content : 欢迎关注李记梧桐人家微信公众号！ ;

2017-10-25 13:53:08 trace :
------------
String:
<xml><ToUserName><![CDATA[gh_387f2586a480]]></ToUserName>
<FromUserName><![CDATA[oHlBev0AXhSSRORqct5PbMwYHEtU]]></FromUserName>
<CreateTime>1508910787</CreateTime>
<MsgType><![CDATA[event]]></MsgType>
<Event><![CDATA[VIEW]]></Event>
<EventKey><![CDATA[http://www.gzqtbw.com/app/index.php?i=12&c=home&t=15]]></EventKey>
<MenuId>602413748</MenuId>
</xml>

2017-10-25 13:53:08 params :
------------
Array:
message : Array ;
module : basic ;
rule : 13 ;
priority : 0 ;
keyword : Array ;

2017-10-25 13:53:08 response :
------------
Array:
FromUserName : gh_387f2586a480 ;
ToUserName : oHlBev0AXhSSRORqct5PbMwYHEtU ;
MsgType : text ;
Content : 欢迎关注李记梧桐人家微信公众号！ ;

2017-10-25 13:53:54 trace :
------------
String:
<xml><ToUserName><![CDATA[gh_9e16f2771397]]></ToUserName>
<FromUserName><![CDATA[oSSurv7hqjU-J3YzcgmLoE2klf40]]></FromUserName>
<CreateTime>1508910834</CreateTime>
<MsgType><![CDATA[event]]></MsgType>
<Event><![CDATA[LOCATION]]></Event>
<Latitude>26.624701</Latitude>
<Longitude>106.643471</Longitude>
<Precision>30.000000</Precision>
</xml>

2017-10-25 13:53:54 params :
------------
Array:
message : Array ;
module : default ;
rule : -1 ;

2017-10-25 13:53:54 response :
------------
Array:
errno : -1 ;
message : Invaild value ;

2017-10-25 13:53:56 trace :
------------
String:
<xml><ToUserName><![CDATA[gh_9e16f2771397]]></ToUserName>
<FromUserName><![CDATA[oSSurv7hqjU-J3YzcgmLoE2klf40]]></FromUserName>
<CreateTime>1508910835</CreateTime>
<MsgType><![CDATA[event]]></MsgType>
<Event><![CDATA[VIEW]]></Event>
<EventKey><![CDATA[http://www.gzqtbw.com/app/index.php?i=13&c=home&t=16]]></EventKey>
<MenuId>458685223</MenuId>
</xml>

2017-10-25 13:53:56 params :
------------
Array:
message : Array ;
module : basic ;
rule : 14 ;
priority : 0 ;
keyword : Array ;

2017-10-25 13:53:56 response :
------------
Array:
FromUserName : gh_9e16f2771397 ;
ToUserName : oSSurv7hqjU-J3YzcgmLoE2klf40 ;
MsgType : text ;
Content : 欢迎关注黔中一品酒楼微信公众号！ ;

2017-10-25 13:54:07 trace :
------------
String:
<xml><ToUserName><![CDATA[gh_9e16f2771397]]></ToUserName>
<FromUserName><![CDATA[oSSurv7hqjU-J3YzcgmLoE2klf40]]></FromUserName>
<CreateTime>1508910847</CreateTime>
<MsgType><![CDATA[event]]></MsgType>
<Event><![CDATA[LOCATION]]></Event>
<Latitude>26.624701</Latitude>
<Longitude>106.643471</Longitude>
<Precision>30.000000</Precision>
</xml>

2017-10-25 13:54:07 params :
------------
Array:
message : Array ;
module : default ;
rule : -1 ;

2017-10-25 13:54:07 response :
------------
Array:
errno : -1 ;
message : Invaild value ;

2017-10-25 13:54:13 trace :
------------
String:
<xml><ToUserName><![CDATA[gh_9e16f2771397]]></ToUserName>
<FromUserName><![CDATA[oSSurv7hqjU-J3YzcgmLoE2klf40]]></FromUserName>
<CreateTime>1508910852</CreateTime>
<MsgType><![CDATA[event]]></MsgType>
<Event><![CDATA[LOCATION]]></Event>
<Latitude>26.624695</Latitude>
<Longitude>106.643501</Longitude>
<Precision>30.000000</Precision>
</xml>

2017-10-25 13:54:13 params :
------------
Array:
message : Array ;
module : default ;
rule : -1 ;

2017-10-25 13:54:13 response :
------------
Array:
errno : -1 ;
message : Invaild value ;

2017-10-25 13:54:43 trace :
------------
String:
<xml><ToUserName><![CDATA[gh_9e16f2771397]]></ToUserName>
<FromUserName><![CDATA[oSSurv7hqjU-J3YzcgmLoE2klf40]]></FromUserName>
<CreateTime>1508910882</CreateTime>
<MsgType><![CDATA[event]]></MsgType>
<Event><![CDATA[VIEW]]></Event>
<EventKey><![CDATA[http://www.gzqtbw.com/app/index.php?i=13&c=mc&a=card&do=sign_display&]]></EventKey>
<MenuId>458685223</MenuId>
</xml>

2017-10-25 13:54:43 params :
------------
Array:
message : Array ;
module : basic ;
rule : 14 ;
priority : 0 ;
keyword : Array ;

2017-10-25 13:54:43 response :
------------
Array:
FromUserName : gh_9e16f2771397 ;
ToUserName : oSSurv7hqjU-J3YzcgmLoE2klf40 ;
MsgType : text ;
Content : 欢迎关注黔中一品酒楼微信公众号！ ;

2017-10-25 13:55:14 trace :
------------
String:
<xml><ToUserName><![CDATA[gh_9e16f2771397]]></ToUserName>
<FromUserName><![CDATA[oSSurvzsmDju53Rb-rcKUFLc_lmk]]></FromUserName>
<CreateTime>1508910913</CreateTime>
<MsgType><![CDATA[event]]></MsgType>
<Event><![CDATA[subscribe]]></Event>
<EventKey><![CDATA[]]></EventKey>
</xml>

2017-10-25 13:55:14 params :
------------
Array:
message : Array ;
module : basic ;
rule : 14 ;
priority : 0 ;
keyword : Array ;

2017-10-25 13:55:14 response :
------------
Array:
FromUserName : gh_9e16f2771397 ;
ToUserName : oSSurvzsmDju53Rb-rcKUFLc_lmk ;
MsgType : text ;
Content : 欢迎关注黔中一品酒楼微信公众号！ ;

2017-10-25 13:55:17 trace :
------------
String:
<xml><ToUserName><![CDATA[gh_9e16f2771397]]></ToUserName>
<FromUserName><![CDATA[oSSurvzsmDju53Rb-rcKUFLc_lmk]]></FromUserName>
<CreateTime>1508910917</CreateTime>
<MsgType><![CDATA[event]]></MsgType>
<Event><![CDATA[LOCATION]]></Event>
<Latitude>26.624489</Latitude>
<Longitude>106.643723</Longitude>
<Precision>65.000000</Precision>
</xml>

2017-10-25 13:55:18 params :
------------
Array:
message : Array ;
module : default ;
rule : -1 ;

2017-10-25 13:55:18 response :
------------
Array:
errno : -1 ;
message : Invaild value ;

2017-10-25 13:55:19 trace :
------------
String:
<xml><ToUserName><![CDATA[gh_9e16f2771397]]></ToUserName>
<FromUserName><![CDATA[oSSurvzsmDju53Rb-rcKUFLc_lmk]]></FromUserName>
<CreateTime>1508910918</CreateTime>
<MsgType><![CDATA[event]]></MsgType>
<Event><![CDATA[VIEW]]></Event>
<EventKey><![CDATA[http://www.gzqtbw.com/app/index.php?i=13&c=home&t=16]]></EventKey>
<MenuId>458685223</MenuId>
</xml>

2017-10-25 13:55:19 params :
------------
Array:
message : Array ;
module : basic ;
rule : 14 ;
priority : 0 ;
keyword : Array ;

2017-10-25 13:55:19 response :
------------
Array:
FromUserName : gh_9e16f2771397 ;
ToUserName : oSSurvzsmDju53Rb-rcKUFLc_lmk ;
MsgType : text ;
Content : 欢迎关注黔中一品酒楼微信公众号！ ;

2017-10-25 13:55:40 trace :
------------
String:
<xml><ToUserName><![CDATA[gh_9e16f2771397]]></ToUserName>
<FromUserName><![CDATA[oSSurv5PHJ5o4xtO8y0SZsKHV2ew]]></FromUserName>
<CreateTime>1508910940</CreateTime>
<MsgType><![CDATA[event]]></MsgType>
<Event><![CDATA[subscribe]]></Event>
<EventKey><![CDATA[]]></EventKey>
</xml>

2017-10-25 13:55:40 params :
------------
Array:
message : Array ;
module : basic ;
rule : 14 ;
priority : 0 ;
keyword : Array ;

2017-10-25 13:55:40 response :
------------
Array:
FromUserName : gh_9e16f2771397 ;
ToUserName : oSSurv5PHJ5o4xtO8y0SZsKHV2ew ;
MsgType : text ;
Content : 欢迎关注黔中一品酒楼微信公众号！ ;

2017-10-25 13:55:43 trace :
------------
String:
<xml><ToUserName><![CDATA[gh_9e16f2771397]]></ToUserName>
<FromUserName><![CDATA[oSSurv5PHJ5o4xtO8y0SZsKHV2ew]]></FromUserName>
<CreateTime>1508910942</CreateTime>
<MsgType><![CDATA[event]]></MsgType>
<Event><![CDATA[LOCATION]]></Event>
<Latitude>26.624687</Latitude>
<Longitude>106.643608</Longitude>
<Precision>30.000000</Precision>
</xml>

2017-10-25 13:55:43 params :
------------
Array:
message : Array ;
module : default ;
rule : -1 ;

2017-10-25 13:55:43 response :
------------
Array:
errno : -1 ;
message : Invaild value ;

2017-10-25 13:55:44 trace :
------------
String:
<xml><ToUserName><![CDATA[gh_9e16f2771397]]></ToUserName>
<FromUserName><![CDATA[oSSurv5PHJ5o4xtO8y0SZsKHV2ew]]></FromUserName>
<CreateTime>1508910943</CreateTime>
<MsgType><![CDATA[event]]></MsgType>
<Event><![CDATA[VIEW]]></Event>
<EventKey><![CDATA[http://www.gzqtbw.com/app/index.php?i=13&c=home&t=16]]></EventKey>
<MenuId>458685223</MenuId>
</xml>

2017-10-25 13:55:44 params :
------------
Array:
message : Array ;
module : basic ;
rule : 14 ;
priority : 0 ;
keyword : Array ;

2017-10-25 13:55:44 response :
------------
Array:
FromUserName : gh_9e16f2771397 ;
ToUserName : oSSurv5PHJ5o4xtO8y0SZsKHV2ew ;
MsgType : text ;
Content : 欢迎关注黔中一品酒楼微信公众号！ ;

2017-10-25 13:56:29 trace :
------------
String:
<xml><ToUserName><![CDATA[gh_9e16f2771397]]></ToUserName>
<FromUserName><![CDATA[oSSurv5PHJ5o4xtO8y0SZsKHV2ew]]></FromUserName>
<CreateTime>1508910989</CreateTime>
<MsgType><![CDATA[event]]></MsgType>
<Event><![CDATA[LOCATION]]></Event>
<Latitude>26.624687</Latitude>
<Longitude>106.643608</Longitude>
<Precision>30.000000</Precision>
</xml>

2017-10-25 13:56:29 params :
------------
Array:
message : Array ;
module : default ;
rule : -1 ;

2017-10-25 13:56:29 response :
------------
Array:
errno : -1 ;
message : Invaild value ;

2017-10-25 13:56:31 trace :
------------
String:
<xml><ToUserName><![CDATA[gh_9e16f2771397]]></ToUserName>
<FromUserName><![CDATA[oSSurv5PHJ5o4xtO8y0SZsKHV2ew]]></FromUserName>
<CreateTime>1508910990</CreateTime>
<MsgType><![CDATA[event]]></MsgType>
<Event><![CDATA[VIEW]]></Event>
<EventKey><![CDATA[http://www.gzqtbw.com/app/index.php?i=13&c=home&t=16]]></EventKey>
<MenuId>458685223</MenuId>
</xml>

2017-10-25 13:56:31 params :
------------
Array:
message : Array ;
module : basic ;
rule : 14 ;
priority : 0 ;
keyword : Array ;

2017-10-25 13:56:31 response :
------------
Array:
FromUserName : gh_9e16f2771397 ;
ToUserName : oSSurv5PHJ5o4xtO8y0SZsKHV2ew ;
MsgType : text ;
Content : 欢迎关注黔中一品酒楼微信公众号！ ;

2017-10-25 13:57:03 trace :
------------
String:
<xml><ToUserName><![CDATA[gh_9e16f2771397]]></ToUserName>
<FromUserName><![CDATA[oSSurvzsmDju53Rb-rcKUFLc_lmk]]></FromUserName>
<CreateTime>1508911022</CreateTime>
<MsgType><![CDATA[event]]></MsgType>
<Event><![CDATA[VIEW]]></Event>
<EventKey><![CDATA[http://www.gzqtbw.com/app/index.php?i=13&c=entry&eid=526]]></EventKey>
<MenuId>458685223</MenuId>
</xml>

2017-10-25 13:57:03 params :
------------
Array:
message : Array ;
module : basic ;
rule : 14 ;
priority : 0 ;
keyword : Array ;

2017-10-25 13:57:03 response :
------------
Array:
FromUserName : gh_9e16f2771397 ;
ToUserName : oSSurvzsmDju53Rb-rcKUFLc_lmk ;
MsgType : text ;
Content : 欢迎关注黔中一品酒楼微信公众号！ ;

2017-10-25 13:57:07 trace :
------------
String:
<xml><ToUserName><![CDATA[gh_9e16f2771397]]></ToUserName>
<FromUserName><![CDATA[oSSurvzsmDju53Rb-rcKUFLc_lmk]]></FromUserName>
<CreateTime>1508911026</CreateTime>
<MsgType><![CDATA[event]]></MsgType>
<Event><![CDATA[VIEW]]></Event>
<EventKey><![CDATA[http://www.gzqtbw.com/app/index.php?i=13&c=home&t=16]]></EventKey>
<MenuId>458685223</MenuId>
</xml>

2017-10-25 13:57:07 params :
------------
Array:
message : Array ;
module : basic ;
rule : 14 ;
priority : 0 ;
keyword : Array ;

2017-10-25 13:57:07 response :
------------
Array:
FromUserName : gh_9e16f2771397 ;
ToUserName : oSSurvzsmDju53Rb-rcKUFLc_lmk ;
MsgType : text ;
Content : 欢迎关注黔中一品酒楼微信公众号！ ;

2017-10-25 13:57:11 trace :
------------
String:
<xml><ToUserName><![CDATA[gh_9e16f2771397]]></ToUserName>
<FromUserName><![CDATA[oSSurvzsmDju53Rb-rcKUFLc_lmk]]></FromUserName>
<CreateTime>1508911030</CreateTime>
<MsgType><![CDATA[event]]></MsgType>
<Event><![CDATA[CLICK]]></Event>
<EventKey><![CDATA[.]]></EventKey>
</xml>

2017-10-25 13:57:11 params :
------------
Array:
message : Array ;
module : basic ;
rule : 14 ;
priority : 0 ;
keyword : Array ;

2017-10-25 13:57:11 response :
------------
Array:
FromUserName : gh_9e16f2771397 ;
ToUserName : oSSurvzsmDju53Rb-rcKUFLc_lmk ;
MsgType : text ;
Content : 欢迎关注黔中一品酒楼微信公众号！ ;

2017-10-25 13:57:19 trace :
------------
String:
<xml><ToUserName><![CDATA[gh_9e16f2771397]]></ToUserName>
<FromUserName><![CDATA[oSSurvzsmDju53Rb-rcKUFLc_lmk]]></FromUserName>
<CreateTime>1508911038</CreateTime>
<MsgType><![CDATA[event]]></MsgType>
<Event><![CDATA[VIEW]]></Event>
<EventKey><![CDATA[http://www.gzqtbw.com/app/index.php?i=13&c=home&t=16]]></EventKey>
<MenuId>458685223</MenuId>
</xml>

2017-10-25 13:57:19 params :
------------
Array:
message : Array ;
module : basic ;
rule : 14 ;
priority : 0 ;
keyword : Array ;

2017-10-25 13:57:19 response :
------------
Array:
FromUserName : gh_9e16f2771397 ;
ToUserName : oSSurvzsmDju53Rb-rcKUFLc_lmk ;
MsgType : text ;
Content : 欢迎关注黔中一品酒楼微信公众号！ ;

2017-10-25 13:57:34 trace :
------------
String:
<xml><ToUserName><![CDATA[gh_9e16f2771397]]></ToUserName>
<FromUserName><![CDATA[oSSurv5PHJ5o4xtO8y0SZsKHV2ew]]></FromUserName>
<CreateTime>1508911053</CreateTime>
<MsgType><![CDATA[event]]></MsgType>
<Event><![CDATA[LOCATION]]></Event>
<Latitude>26.624706</Latitude>
<Longitude>106.643555</Longitude>
<Precision>30.000000</Precision>
</xml>

2017-10-25 13:57:34 params :
------------
Array:
message : Array ;
module : default ;
rule : -1 ;

2017-10-25 13:57:34 response :
------------
Array:
errno : -1 ;
message : Invaild value ;

2017-10-25 14:05:04 trace :
------------
String:
<xml><ToUserName><![CDATA[gh_9e16f2771397]]></ToUserName>
<FromUserName><![CDATA[oSSurv5PHJ5o4xtO8y0SZsKHV2ew]]></FromUserName>
<CreateTime>1508911503</CreateTime>
<MsgType><![CDATA[event]]></MsgType>
<Event><![CDATA[LOCATION]]></Event>
<Latitude>26.624706</Latitude>
<Longitude>106.643509</Longitude>
<Precision>30.000000</Precision>
</xml>

2017-10-25 14:05:04 params :
------------
Array:
message : Array ;
module : default ;
rule : -1 ;

2017-10-25 14:05:04 response :
------------
Array:
errno : -1 ;
message : Invaild value ;

2017-10-25 14:05:05 trace :
------------
String:
<xml><ToUserName><![CDATA[gh_9e16f2771397]]></ToUserName>
<FromUserName><![CDATA[oSSurv5PHJ5o4xtO8y0SZsKHV2ew]]></FromUserName>
<CreateTime>1508911504</CreateTime>
<MsgType><![CDATA[event]]></MsgType>
<Event><![CDATA[VIEW]]></Event>
<EventKey><![CDATA[http://www.gzqtbw.com/app/index.php?i=13&c=home&t=16]]></EventKey>
<MenuId>458685223</MenuId>
</xml>

2017-10-25 14:05:05 params :
------------
Array:
message : Array ;
module : basic ;
rule : 14 ;
priority : 0 ;
keyword : Array ;

2017-10-25 14:05:05 response :
------------
Array:
FromUserName : gh_9e16f2771397 ;
ToUserName : oSSurv5PHJ5o4xtO8y0SZsKHV2ew ;
MsgType : text ;
Content : 欢迎关注黔中一品酒楼微信公众号！ ;

2017-10-25 14:05:07 trace :
------------
String:
<xml><ToUserName><![CDATA[gh_9e16f2771397]]></ToUserName>
<FromUserName><![CDATA[oSSurv5PHJ5o4xtO8y0SZsKHV2ew]]></FromUserName>
<CreateTime>1508911506</CreateTime>
<MsgType><![CDATA[event]]></MsgType>
<Event><![CDATA[VIEW]]></Event>
<EventKey><![CDATA[http://www.gzqtbw.com/app/index.php?i=13&c=home&t=16]]></EventKey>
<MenuId>458685223</MenuId>
</xml>

2017-10-25 14:05:07 params :
------------
Array:
message : Array ;
module : basic ;
rule : 14 ;
priority : 0 ;
keyword : Array ;

2017-10-25 14:05:07 response :
------------
Array:
FromUserName : gh_9e16f2771397 ;
ToUserName : oSSurv5PHJ5o4xtO8y0SZsKHV2ew ;
MsgType : text ;
Content : 欢迎关注黔中一品酒楼微信公众号！ ;

2017-10-25 14:05:10 trace :
------------
String:
<xml><ToUserName><![CDATA[gh_9e16f2771397]]></ToUserName>
<FromUserName><![CDATA[oSSurv5PHJ5o4xtO8y0SZsKHV2ew]]></FromUserName>
<CreateTime>1508911509</CreateTime>
<MsgType><![CDATA[event]]></MsgType>
<Event><![CDATA[LOCATION]]></Event>
<Latitude>26.624706</Latitude>
<Longitude>106.643509</Longitude>
<Precision>30.000000</Precision>
</xml>

2017-10-25 14:05:10 params :
------------
Array:
message : Array ;
module : default ;
rule : -1 ;

2017-10-25 14:05:10 response :
------------
Array:
errno : -1 ;
message : Invaild value ;

2017-10-25 14:05:13 trace :
------------
String:
<xml><ToUserName><![CDATA[gh_9e16f2771397]]></ToUserName>
<FromUserName><![CDATA[oSSurv5PHJ5o4xtO8y0SZsKHV2ew]]></FromUserName>
<CreateTime>1508911512</CreateTime>
<MsgType><![CDATA[event]]></MsgType>
<Event><![CDATA[VIEW]]></Event>
<EventKey><![CDATA[http://www.gzqtbw.com/app/index.php?i=13&c=mc&a=card&do=sign_display&]]></EventKey>
<MenuId>458685223</MenuId>
</xml>

2017-10-25 14:05:13 params :
------------
Array:
message : Array ;
module : basic ;
rule : 14 ;
priority : 0 ;
keyword : Array ;

2017-10-25 14:05:13 response :
------------
Array:
FromUserName : gh_9e16f2771397 ;
ToUserName : oSSurv5PHJ5o4xtO8y0SZsKHV2ew ;
MsgType : text ;
Content : 欢迎关注黔中一品酒楼微信公众号！ ;

2017-10-25 14:05:13 trace :
------------
String:
<xml><ToUserName><![CDATA[gh_387f2586a480]]></ToUserName>
<FromUserName><![CDATA[oHlBev_T3SQjYt8jwgCILnqlnJDU]]></FromUserName>
<CreateTime>1508911513</CreateTime>
<MsgType><![CDATA[event]]></MsgType>
<Event><![CDATA[VIEW]]></Event>
<EventKey><![CDATA[http://www.gzqtbw.com/app/index.php?i=12&c=site&a=site&do=detail&id=10]]></EventKey>
<MenuId>602413748</MenuId>
</xml>

2017-10-25 14:05:13 params :
------------
Array:
message : Array ;
module : basic ;
rule : 13 ;
priority : 0 ;
keyword : Array ;

2017-10-25 14:05:13 response :
------------
Array:
FromUserName : gh_387f2586a480 ;
ToUserName : oHlBev_T3SQjYt8jwgCILnqlnJDU ;
MsgType : text ;
Content : 欢迎关注李记梧桐人家微信公众号！ ;

2017-10-25 14:05:16 trace :
------------
String:
<xml><ToUserName><![CDATA[gh_9e16f2771397]]></ToUserName>
<FromUserName><![CDATA[oSSurv5PHJ5o4xtO8y0SZsKHV2ew]]></FromUserName>
<CreateTime>1508911515</CreateTime>
<MsgType><![CDATA[event]]></MsgType>
<Event><![CDATA[LOCATION]]></Event>
<Latitude>26.624708</Latitude>
<Longitude>106.643562</Longitude>
<Precision>30.000000</Precision>
</xml>

2017-10-25 14:05:16 params :
------------
Array:
message : Array ;
module : default ;
rule : -1 ;

2017-10-25 14:05:16 response :
------------
Array:
errno : -1 ;
message : Invaild value ;

2017-10-25 14:05:19 trace :
------------
String:
<xml><ToUserName><![CDATA[gh_9e16f2771397]]></ToUserName>
<FromUserName><![CDATA[oSSurv5PHJ5o4xtO8y0SZsKHV2ew]]></FromUserName>
<CreateTime>1508911518</CreateTime>
<MsgType><![CDATA[event]]></MsgType>
<Event><![CDATA[CLICK]]></Event>
<EventKey><![CDATA[.]]></EventKey>
</xml>

2017-10-25 14:05:19 params :
------------
Array:
message : Array ;
module : basic ;
rule : 14 ;
priority : 0 ;
keyword : Array ;

2017-10-25 14:05:19 response :
------------
Array:
FromUserName : gh_9e16f2771397 ;
ToUserName : oSSurv5PHJ5o4xtO8y0SZsKHV2ew ;
MsgType : text ;
Content : 欢迎关注黔中一品酒楼微信公众号！ ;

2017-10-25 14:05:26 trace :
------------
String:
<xml><ToUserName><![CDATA[gh_9e16f2771397]]></ToUserName>
<FromUserName><![CDATA[oSSurv5PHJ5o4xtO8y0SZsKHV2ew]]></FromUserName>
<CreateTime>1508911525</CreateTime>
<MsgType><![CDATA[event]]></MsgType>
<Event><![CDATA[CLICK]]></Event>
<EventKey><![CDATA[.]]></EventKey>
</xml>

2017-10-25 14:05:26 params :
------------
Array:
message : Array ;
module : basic ;
rule : 14 ;
priority : 0 ;
keyword : Array ;

2017-10-25 14:05:26 response :
------------
Array:
FromUserName : gh_9e16f2771397 ;
ToUserName : oSSurv5PHJ5o4xtO8y0SZsKHV2ew ;
MsgType : text ;
Content : 欢迎关注黔中一品酒楼微信公众号！ ;

2017-10-25 14:05:31 trace :
------------
String:
<xml><ToUserName><![CDATA[gh_9e16f2771397]]></ToUserName>
<FromUserName><![CDATA[oSSurv5PHJ5o4xtO8y0SZsKHV2ew]]></FromUserName>
<CreateTime>1508911530</CreateTime>
<MsgType><![CDATA[event]]></MsgType>
<Event><![CDATA[CLICK]]></Event>
<EventKey><![CDATA[.]]></EventKey>
</xml>

2017-10-25 14:05:31 params :
------------
Array:
message : Array ;
module : basic ;
rule : 14 ;
priority : 0 ;
keyword : Array ;

2017-10-25 14:05:31 response :
------------
Array:
FromUserName : gh_9e16f2771397 ;
ToUserName : oSSurv5PHJ5o4xtO8y0SZsKHV2ew ;
MsgType : text ;
Content : 欢迎关注黔中一品酒楼微信公众号！ ;

2017-10-25 14:05:54 trace :
------------
String:
<xml><ToUserName><![CDATA[gh_9e16f2771397]]></ToUserName>
<FromUserName><![CDATA[oSSurv5PHJ5o4xtO8y0SZsKHV2ew]]></FromUserName>
<CreateTime>1508911553</CreateTime>
<MsgType><![CDATA[event]]></MsgType>
<Event><![CDATA[VIEW]]></Event>
<EventKey><![CDATA[http://www.gzqtbw.com/app/index.php?i=13&c=home&t=16]]></EventKey>
<MenuId>458685223</MenuId>
</xml>

2017-10-25 14:05:54 params :
------------
Array:
message : Array ;
module : basic ;
rule : 14 ;
priority : 0 ;
keyword : Array ;

2017-10-25 14:05:54 response :
------------
Array:
FromUserName : gh_9e16f2771397 ;
ToUserName : oSSurv5PHJ5o4xtO8y0SZsKHV2ew ;
MsgType : text ;
Content : 欢迎关注黔中一品酒楼微信公众号！ ;

2017-10-25 14:06:01 trace :
------------
String:
<xml><ToUserName><![CDATA[gh_387f2586a480]]></ToUserName>
<FromUserName><![CDATA[oHlBev_T3SQjYt8jwgCILnqlnJDU]]></FromUserName>
<CreateTime>1508911560</CreateTime>
<MsgType><![CDATA[event]]></MsgType>
<Event><![CDATA[VIEW]]></Event>
<EventKey><![CDATA[http://www.gzqtbw.com/app/index.php?i=12&c=site&a=site&do=detail&id=11]]></EventKey>
<MenuId>602413748</MenuId>
</xml>

2017-10-25 14:06:01 params :
------------
Array:
message : Array ;
module : basic ;
rule : 13 ;
priority : 0 ;
keyword : Array ;

2017-10-25 14:06:01 response :
------------
Array:
FromUserName : gh_387f2586a480 ;
ToUserName : oHlBev_T3SQjYt8jwgCILnqlnJDU ;
MsgType : text ;
Content : 欢迎关注李记梧桐人家微信公众号！ ;

2017-10-25 14:06:07 trace :
------------
String:
<xml><ToUserName><![CDATA[gh_9e16f2771397]]></ToUserName>
<FromUserName><![CDATA[oSSurv5PHJ5o4xtO8y0SZsKHV2ew]]></FromUserName>
<CreateTime>1508911567</CreateTime>
<MsgType><![CDATA[event]]></MsgType>
<Event><![CDATA[LOCATION]]></Event>
<Latitude>26.624708</Latitude>
<Longitude>106.643562</Longitude>
<Precision>30.000000</Precision>
</xml>

2017-10-25 14:06:07 params :
------------
Array:
message : Array ;
module : default ;
rule : -1 ;

2017-10-25 14:06:07 response :
------------
Array:
errno : -1 ;
message : Invaild value ;

2017-10-25 14:06:11 trace :
------------
String:
<xml><ToUserName><![CDATA[gh_9e16f2771397]]></ToUserName>
<FromUserName><![CDATA[oSSurv5PHJ5o4xtO8y0SZsKHV2ew]]></FromUserName>
<CreateTime>1508911570</CreateTime>
<MsgType><![CDATA[event]]></MsgType>
<Event><![CDATA[CLICK]]></Event>
<EventKey><![CDATA[.]]></EventKey>
</xml>

2017-10-25 14:06:11 params :
------------
Array:
message : Array ;
module : basic ;
rule : 14 ;
priority : 0 ;
keyword : Array ;

2017-10-25 14:06:11 response :
------------
Array:
FromUserName : gh_9e16f2771397 ;
ToUserName : oSSurv5PHJ5o4xtO8y0SZsKHV2ew ;
MsgType : text ;
Content : 欢迎关注黔中一品酒楼微信公众号！ ;

2017-10-25 14:14:23 trace :
------------
String:
<xml><ToUserName><![CDATA[gh_a9b445bf4f73]]></ToUserName>
<FromUserName><![CDATA[oaQb9wXrw7fQFLf1q7oz0P5dVpo8]]></FromUserName>
<CreateTime>1508912062</CreateTime>
<MsgType><![CDATA[event]]></MsgType>
<Event><![CDATA[VIEW]]></Event>
<EventKey><![CDATA[http://www.gzqtbw.com/app/index.php?i=16&c=home&t=19]]></EventKey>
<MenuId>422067478</MenuId>
</xml>

2017-10-25 14:14:23 params :
------------
Array:
message : Array ;
module : basic ;
rule : 16 ;
priority : 0 ;
keyword : Array ;

2017-10-25 14:14:23 response :
------------
Array:
FromUserName : gh_a9b445bf4f73 ;
ToUserName : oaQb9wXrw7fQFLf1q7oz0P5dVpo8 ;
MsgType : text ;
Content : 欢迎关注贵州博达云科技发展有限公司！ ;

2017-10-25 14:14:45 trace :
------------
String:
<xml><ToUserName><![CDATA[gh_a9b445bf4f73]]></ToUserName>
<FromUserName><![CDATA[oaQb9wXrw7fQFLf1q7oz0P5dVpo8]]></FromUserName>
<CreateTime>1508912085</CreateTime>
<MsgType><![CDATA[event]]></MsgType>
<Event><![CDATA[VIEW]]></Event>
<EventKey><![CDATA[http://www.gzqtbw.com/app/index.php?i=16&c=home&t=21]]></EventKey>
<MenuId>422067478</MenuId>
</xml>

2017-10-25 14:14:45 params :
------------
Array:
message : Array ;
module : basic ;
rule : 16 ;
priority : 0 ;
keyword : Array ;

2017-10-25 14:14:45 response :
------------
Array:
FromUserName : gh_a9b445bf4f73 ;
ToUserName : oaQb9wXrw7fQFLf1q7oz0P5dVpo8 ;
MsgType : text ;
Content : 欢迎关注贵州博达云科技发展有限公司！ ;

2017-10-25 14:15:26 trace :
------------
String:
<xml><ToUserName><![CDATA[gh_a9b445bf4f73]]></ToUserName>
<FromUserName><![CDATA[oaQb9wXrw7fQFLf1q7oz0P5dVpo8]]></FromUserName>
<CreateTime>1508912126</CreateTime>
<MsgType><![CDATA[event]]></MsgType>
<Event><![CDATA[VIEW]]></Event>
<EventKey><![CDATA[http://www.gzqtbw.com/app/index.php?i=16&c=home&t=21]]></EventKey>
<MenuId>422067478</MenuId>
</xml>

2017-10-25 14:15:26 params :
------------
Array:
message : Array ;
module : basic ;
rule : 16 ;
priority : 0 ;
keyword : Array ;

2017-10-25 14:15:26 response :
------------
Array:
FromUserName : gh_a9b445bf4f73 ;
ToUserName : oaQb9wXrw7fQFLf1q7oz0P5dVpo8 ;
MsgType : text ;
Content : 欢迎关注贵州博达云科技发展有限公司！ ;

2017-10-25 14:15:42 trace :
------------
String:
<xml><ToUserName><![CDATA[gh_a9b445bf4f73]]></ToUserName>
<FromUserName><![CDATA[oaQb9wXrw7fQFLf1q7oz0P5dVpo8]]></FromUserName>
<CreateTime>1508912141</CreateTime>
<MsgType><![CDATA[event]]></MsgType>
<Event><![CDATA[VIEW]]></Event>
<EventKey><![CDATA[http://www.gzqtbw.com/app/index.php?i=16&c=home&t=21]]></EventKey>
<MenuId>422067478</MenuId>
</xml>

2017-10-25 14:15:42 params :
------------
Array:
message : Array ;
module : basic ;
rule : 16 ;
priority : 0 ;
keyword : Array ;

2017-10-25 14:15:42 response :
------------
Array:
FromUserName : gh_a9b445bf4f73 ;
ToUserName : oaQb9wXrw7fQFLf1q7oz0P5dVpo8 ;
MsgType : text ;
Content : 欢迎关注贵州博达云科技发展有限公司！ ;

2017-10-25 14:15:56 trace :
------------
String:
<xml><ToUserName><![CDATA[gh_a9b445bf4f73]]></ToUserName>
<FromUserName><![CDATA[oaQb9wXrw7fQFLf1q7oz0P5dVpo8]]></FromUserName>
<CreateTime>1508912155</CreateTime>
<MsgType><![CDATA[event]]></MsgType>
<Event><![CDATA[VIEW]]></Event>
<EventKey><![CDATA[http://www.gzqtbw.com/app/index.php?i=16&c=home&t=19]]></EventKey>
<MenuId>422067478</MenuId>
</xml>

2017-10-25 14:15:56 params :
------------
Array:
message : Array ;
module : basic ;
rule : 16 ;
priority : 0 ;
keyword : Array ;

2017-10-25 14:15:56 response :
------------
Array:
FromUserName : gh_a9b445bf4f73 ;
ToUserName : oaQb9wXrw7fQFLf1q7oz0P5dVpo8 ;
MsgType : text ;
Content : 欢迎关注贵州博达云科技发展有限公司！ ;

2017-10-25 14:16:04 trace :
------------
String:
<xml><ToUserName><![CDATA[gh_a9b445bf4f73]]></ToUserName>
<FromUserName><![CDATA[oaQb9wXrw7fQFLf1q7oz0P5dVpo8]]></FromUserName>
<CreateTime>1508912163</CreateTime>
<MsgType><![CDATA[event]]></MsgType>
<Event><![CDATA[VIEW]]></Event>
<EventKey><![CDATA[http://www.gzqtbw.com/app/index.php?i=16&c=home&t=21]]></EventKey>
<MenuId>422067478</MenuId>
</xml>

2017-10-25 14:16:04 params :
------------
Array:
message : Array ;
module : basic ;
rule : 16 ;
priority : 0 ;
keyword : Array ;

2017-10-25 14:16:04 response :
------------
Array:
FromUserName : gh_a9b445bf4f73 ;
ToUserName : oaQb9wXrw7fQFLf1q7oz0P5dVpo8 ;
MsgType : text ;
Content : 欢迎关注贵州博达云科技发展有限公司！ ;

2017-10-25 14:27:38 trace :
------------
String:
<xml><ToUserName><![CDATA[gh_a9b445bf4f73]]></ToUserName>
<FromUserName><![CDATA[oaQb9wUusvnE0rqmgA0hQdkfPh3g]]></FromUserName>
<CreateTime>1508912858</CreateTime>
<MsgType><![CDATA[event]]></MsgType>
<Event><![CDATA[VIEW]]></Event>
<EventKey><![CDATA[http://www.gzqtbw.com/app/index.php?i=16&c=home&t=21]]></EventKey>
<MenuId>422067478</MenuId>
</xml>

2017-10-25 14:27:38 params :
------------
Array:
message : Array ;
module : basic ;
rule : 16 ;
priority : 0 ;
keyword : Array ;

2017-10-25 14:27:38 response :
------------
Array:
FromUserName : gh_a9b445bf4f73 ;
ToUserName : oaQb9wUusvnE0rqmgA0hQdkfPh3g ;
MsgType : text ;
Content : 欢迎关注贵州博达云科技发展有限公司！ ;

2017-10-25 14:43:05 trace :
------------
String:
<xml><ToUserName><![CDATA[gh_a9b445bf4f73]]></ToUserName>
<FromUserName><![CDATA[oaQb9wUusvnE0rqmgA0hQdkfPh3g]]></FromUserName>
<CreateTime>1508913785</CreateTime>
<MsgType><![CDATA[event]]></MsgType>
<Event><![CDATA[VIEW]]></Event>
<EventKey><![CDATA[http://www.gzqtbw.com/app/index.php?i=16&c=home&t=21]]></EventKey>
<MenuId>422067478</MenuId>
</xml>

2017-10-25 14:43:05 params :
------------
Array:
message : Array ;
module : basic ;
rule : 16 ;
priority : 0 ;
keyword : Array ;

2017-10-25 14:43:05 response :
------------
Array:
FromUserName : gh_a9b445bf4f73 ;
ToUserName : oaQb9wUusvnE0rqmgA0hQdkfPh3g ;
MsgType : text ;
Content : 欢迎关注贵州博达云科技发展有限公司！ ;

2017-10-25 14:47:11 trace :
------------
String:
<xml><ToUserName><![CDATA[gh_a9b445bf4f73]]></ToUserName>
<FromUserName><![CDATA[oaQb9wVcsAviVOp2M1DaIMlwdavU]]></FromUserName>
<CreateTime>1508914030</CreateTime>
<MsgType><![CDATA[event]]></MsgType>
<Event><![CDATA[VIEW]]></Event>
<EventKey><![CDATA[http://www.gzqtbw.com/app/index.php?i=16&c=home&t=21]]></EventKey>
<MenuId>422067478</MenuId>
</xml>

2017-10-25 14:47:11 params :
------------
Array:
message : Array ;
module : basic ;
rule : 16 ;
priority : 0 ;
keyword : Array ;

2017-10-25 14:47:11 response :
------------
Array:
FromUserName : gh_a9b445bf4f73 ;
ToUserName : oaQb9wVcsAviVOp2M1DaIMlwdavU ;
MsgType : text ;
Content : 欢迎关注贵州博达云科技发展有限公司！ ;

2017-10-25 14:52:41 trace :
------------
String:
<xml><ToUserName><![CDATA[gh_a9b445bf4f73]]></ToUserName>
<FromUserName><![CDATA[oaQb9wUusvnE0rqmgA0hQdkfPh3g]]></FromUserName>
<CreateTime>1508914361</CreateTime>
<MsgType><![CDATA[event]]></MsgType>
<Event><![CDATA[VIEW]]></Event>
<EventKey><![CDATA[http://www.gzqtbw.com/app/index.php?i=16&c=home&t=21]]></EventKey>
<MenuId>422067478</MenuId>
</xml>

2017-10-25 14:52:41 params :
------------
Array:
message : Array ;
module : basic ;
rule : 16 ;
priority : 0 ;
keyword : Array ;

2017-10-25 14:52:41 response :
------------
Array:
FromUserName : gh_a9b445bf4f73 ;
ToUserName : oaQb9wUusvnE0rqmgA0hQdkfPh3g ;
MsgType : text ;
Content : 欢迎关注贵州博达云科技发展有限公司！ ;

2017-10-25 14:57:02 trace :
------------
String:
<xml><ToUserName><![CDATA[gh_387f2586a480]]></ToUserName>
<FromUserName><![CDATA[oHlBev-qhbfiWpMuBgLMlelh6HbE]]></FromUserName>
<CreateTime>1508914622</CreateTime>
<MsgType><![CDATA[event]]></MsgType>
<Event><![CDATA[subscribe]]></Event>
<EventKey><![CDATA[]]></EventKey>
</xml>

2017-10-25 14:57:02 params :
------------
Array:
message : Array ;
module : basic ;
rule : 13 ;
priority : 0 ;
keyword : Array ;

2017-10-25 14:57:02 response :
------------
Array:
FromUserName : gh_387f2586a480 ;
ToUserName : oHlBev-qhbfiWpMuBgLMlelh6HbE ;
MsgType : text ;
Content : 欢迎关注李记梧桐人家微信公众号！ ;

2017-10-25 14:57:05 trace :
------------
String:
<xml><ToUserName><![CDATA[gh_387f2586a480]]></ToUserName>
<FromUserName><![CDATA[oHlBev-qhbfiWpMuBgLMlelh6HbE]]></FromUserName>
<CreateTime>1508914625</CreateTime>
<MsgType><![CDATA[event]]></MsgType>
<Event><![CDATA[VIEW]]></Event>
<EventKey><![CDATA[http://www.gzqtbw.com/app/index.php?i=12&c=home&t=15]]></EventKey>
<MenuId>602413748</MenuId>
</xml>

2017-10-25 14:57:05 params :
------------
Array:
message : Array ;
module : basic ;
rule : 13 ;
priority : 0 ;
keyword : Array ;

2017-10-25 14:57:05 response :
------------
Array:
FromUserName : gh_387f2586a480 ;
ToUserName : oHlBev-qhbfiWpMuBgLMlelh6HbE ;
MsgType : text ;
Content : 欢迎关注李记梧桐人家微信公众号！ ;

2017-10-25 14:57:27 trace :
------------
String:
<xml><ToUserName><![CDATA[gh_387f2586a480]]></ToUserName>
<FromUserName><![CDATA[oHlBev-qhbfiWpMuBgLMlelh6HbE]]></FromUserName>
<CreateTime>1508914647</CreateTime>
<MsgType><![CDATA[event]]></MsgType>
<Event><![CDATA[VIEW]]></Event>
<EventKey><![CDATA[http://www.gzqtbw.com/app/index.php?i=12&c=site&a=site&do=detail&id=10]]></EventKey>
<MenuId>602413748</MenuId>
</xml>

2017-10-25 14:57:27 params :
------------
Array:
message : Array ;
module : basic ;
rule : 13 ;
priority : 0 ;
keyword : Array ;

2017-10-25 14:57:27 response :
------------
Array:
FromUserName : gh_387f2586a480 ;
ToUserName : oHlBev-qhbfiWpMuBgLMlelh6HbE ;
MsgType : text ;
Content : 欢迎关注李记梧桐人家微信公众号！ ;

2017-10-25 14:58:01 trace :
------------
String:
<xml><ToUserName><![CDATA[gh_387f2586a480]]></ToUserName>
<FromUserName><![CDATA[oHlBev-qhbfiWpMuBgLMlelh6HbE]]></FromUserName>
<CreateTime>1508914680</CreateTime>
<MsgType><![CDATA[event]]></MsgType>
<Event><![CDATA[VIEW]]></Event>
<EventKey><![CDATA[http://www.gzqtbw.com/app/index.php?i=12&c=home&t=15]]></EventKey>
<MenuId>602413748</MenuId>
</xml>

2017-10-25 14:58:01 params :
------------
Array:
message : Array ;
module : basic ;
rule : 13 ;
priority : 0 ;
keyword : Array ;

2017-10-25 14:58:01 response :
------------
Array:
FromUserName : gh_387f2586a480 ;
ToUserName : oHlBev-qhbfiWpMuBgLMlelh6HbE ;
MsgType : text ;
Content : 欢迎关注李记梧桐人家微信公众号！ ;

2017-10-25 14:58:05 trace :
------------
String:
<xml><ToUserName><![CDATA[gh_387f2586a480]]></ToUserName>
<FromUserName><![CDATA[oHlBev-qhbfiWpMuBgLMlelh6HbE]]></FromUserName>
<CreateTime>1508914684</CreateTime>
<MsgType><![CDATA[event]]></MsgType>
<Event><![CDATA[VIEW]]></Event>
<EventKey><![CDATA[http://www.gzqtbw.com/app/index.php?i=12&c=mc&a=bond&do=mycard&]]></EventKey>
<MenuId>602413748</MenuId>
</xml>

2017-10-25 14:58:05 params :
------------
Array:
message : Array ;
module : basic ;
rule : 13 ;
priority : 0 ;
keyword : Array ;

2017-10-25 14:58:05 response :
------------
Array:
FromUserName : gh_387f2586a480 ;
ToUserName : oHlBev-qhbfiWpMuBgLMlelh6HbE ;
MsgType : text ;
Content : 欢迎关注李记梧桐人家微信公众号！ ;

2017-10-25 15:03:05 trace :
------------
String:
<xml><ToUserName><![CDATA[gh_a9b445bf4f73]]></ToUserName>
<FromUserName><![CDATA[oaQb9wVcsAviVOp2M1DaIMlwdavU]]></FromUserName>
<CreateTime>1508914984</CreateTime>
<MsgType><![CDATA[event]]></MsgType>
<Event><![CDATA[VIEW]]></Event>
<EventKey><![CDATA[http://www.gzqtbw.com/app/index.php?i=16&c=home&t=21]]></EventKey>
<MenuId>422067478</MenuId>
</xml>

2017-10-25 15:03:05 params :
------------
Array:
message : Array ;
module : basic ;
rule : 16 ;
priority : 0 ;
keyword : Array ;

2017-10-25 15:03:05 response :
------------
Array:
FromUserName : gh_a9b445bf4f73 ;
ToUserName : oaQb9wVcsAviVOp2M1DaIMlwdavU ;
MsgType : text ;
Content : 欢迎关注贵州博达云科技发展有限公司！ ;

2017-10-25 15:03:52 trace :
------------
String:
<xml><ToUserName><![CDATA[gh_a9b445bf4f73]]></ToUserName>
<FromUserName><![CDATA[oaQb9wVcsAviVOp2M1DaIMlwdavU]]></FromUserName>
<CreateTime>1508915031</CreateTime>
<MsgType><![CDATA[event]]></MsgType>
<Event><![CDATA[VIEW]]></Event>
<EventKey><![CDATA[http://www.gzqtbw.com/app/index.php?i=16&c=home&t=19]]></EventKey>
<MenuId>422067478</MenuId>
</xml>

2017-10-25 15:03:52 params :
------------
Array:
message : Array ;
module : basic ;
rule : 16 ;
priority : 0 ;
keyword : Array ;

2017-10-25 15:03:52 response :
------------
Array:
FromUserName : gh_a9b445bf4f73 ;
ToUserName : oaQb9wVcsAviVOp2M1DaIMlwdavU ;
MsgType : text ;
Content : 欢迎关注贵州博达云科技发展有限公司！ ;

2017-10-25 22:44:42 trace :
------------
String:
<xml><ToUserName><![CDATA[gh_a9b445bf4f73]]></ToUserName>
<FromUserName><![CDATA[oaQb9wXaEVEq9SI9J7mgUVn7ui0s]]></FromUserName>
<CreateTime>1508942681</CreateTime>
<MsgType><![CDATA[event]]></MsgType>
<Event><![CDATA[VIEW]]></Event>
<EventKey><![CDATA[http://www.gzqtbw.com/app/index.php?i=16&c=home&t=19]]></EventKey>
<MenuId>422067478</MenuId>
</xml>

2017-10-25 22:44:42 params :
------------
Array:
message : Array ;
module : basic ;
rule : 16 ;
priority : 0 ;
keyword : Array ;

2017-10-25 22:44:42 response :
------------
Array:
FromUserName : gh_a9b445bf4f73 ;
ToUserName : oaQb9wXaEVEq9SI9J7mgUVn7ui0s ;
MsgType : text ;
Content : 欢迎关注贵州博达云科技发展有限公司！ ;

2017-10-25 22:49:07 trace :
------------
String:
<xml><ToUserName><![CDATA[gh_a9b445bf4f73]]></ToUserName>
<FromUserName><![CDATA[oaQb9wXaEVEq9SI9J7mgUVn7ui0s]]></FromUserName>
<CreateTime>1508942946</CreateTime>
<MsgType><![CDATA[event]]></MsgType>
<Event><![CDATA[VIEW]]></Event>
<EventKey><![CDATA[http://www.gzqtbw.com/app/index.php?i=16&c=home&t=21]]></EventKey>
<MenuId>422067478</MenuId>
</xml>

2017-10-25 22:49:07 params :
------------
Array:
message : Array ;
module : basic ;
rule : 16 ;
priority : 0 ;
keyword : Array ;

2017-10-25 22:49:07 response :
------------
Array:
FromUserName : gh_a9b445bf4f73 ;
ToUserName : oaQb9wXaEVEq9SI9J7mgUVn7ui0s ;
MsgType : text ;
Content : 欢迎关注贵州博达云科技发展有限公司！ ;

2017-10-25 22:49:30 trace :
------------
String:
<xml><ToUserName><![CDATA[gh_a9b445bf4f73]]></ToUserName>
<FromUserName><![CDATA[oaQb9wXaEVEq9SI9J7mgUVn7ui0s]]></FromUserName>
<CreateTime>1508942970</CreateTime>
<MsgType><![CDATA[event]]></MsgType>
<Event><![CDATA[VIEW]]></Event>
<EventKey><![CDATA[http://www.gzqtbw.com/app/index.php?i=16&c=home&t=21]]></EventKey>
<MenuId>422067478</MenuId>
</xml>

2017-10-25 22:49:30 params :
------------
Array:
message : Array ;
module : basic ;
rule : 16 ;
priority : 0 ;
keyword : Array ;

2017-10-25 22:49:30 response :
------------
Array:
FromUserName : gh_a9b445bf4f73 ;
ToUserName : oaQb9wXaEVEq9SI9J7mgUVn7ui0s ;
MsgType : text ;
Content : 欢迎关注贵州博达云科技发展有限公司！ ;

2017-10-25 22:52:21 trace :
------------
String:
<xml><ToUserName><![CDATA[gh_b6dd8949412a]]></ToUserName>
<FromUserName><![CDATA[osNo7w54C82-H1uZjFURzfa8xanY]]></FromUserName>
<CreateTime>1508943140</CreateTime>
<MsgType><![CDATA[event]]></MsgType>
<Event><![CDATA[VIEW]]></Event>
<EventKey><![CDATA[http://www.gzqtbw.com/app/index.php?i=15&c=home&t=18]]></EventKey>
<MenuId>418590499</MenuId>
</xml>

2017-10-25 22:52:21 params :
------------
Array:
message : Array ;
module : basic ;
rule : 15 ;
priority : 0 ;
keyword : Array ;

2017-10-25 22:52:21 response :
------------
Array:
FromUserName : gh_b6dd8949412a ;
ToUserName : osNo7w54C82-H1uZjFURzfa8xanY ;
MsgType : text ;
Content : 欢迎关注贵州博达云科技！ ;

2017-10-25 22:52:37 trace :
------------
String:
<xml><ToUserName><![CDATA[gh_b6dd8949412a]]></ToUserName>
<FromUserName><![CDATA[osNo7w54C82-H1uZjFURzfa8xanY]]></FromUserName>
<CreateTime>1508943156</CreateTime>
<MsgType><![CDATA[event]]></MsgType>
<Event><![CDATA[VIEW]]></Event>
<EventKey><![CDATA[http://www.gzqtbw.com/app/index.php?i=15&c=home&t=18]]></EventKey>
<MenuId>418590499</MenuId>
</xml>

2017-10-25 22:52:37 params :
------------
Array:
message : Array ;
module : basic ;
rule : 15 ;
priority : 0 ;
keyword : Array ;

2017-10-25 22:52:37 response :
------------
Array:
FromUserName : gh_b6dd8949412a ;
ToUserName : osNo7w54C82-H1uZjFURzfa8xanY ;
MsgType : text ;
Content : 欢迎关注贵州博达云科技！ ;

