2017-09-24 11:36:30 trace :
------------
String:
<xml><ToUserName><![CDATA[gh_be7e4da020bc]]></ToUserName>
<FromUserName><![CDATA[oPtQ2wPPt52rTjgsJfYp67frwakI]]></FromUserName>
<CreateTime>1506224190</CreateTime>
<MsgType><![CDATA[event]]></MsgType>
<Event><![CDATA[VIEW]]></Event>
<EventKey><![CDATA[http://www.gzqtbw.com/app/index.php?i=8&c=home&t=8]]></EventKey>
<MenuId>430931951</MenuId>
</xml>

2017-09-24 11:36:30 params :
------------
Array:
message : Array ;
module : basic ;
rule : 10 ;
priority : 0 ;
keyword : Array ;

2017-09-24 11:36:30 response :
------------
Array:
FromUserName : gh_be7e4da020bc ;
ToUserName : oPtQ2wPPt52rTjgsJfYp67frwakI ;
MsgType : text ;
Content : 欢迎关注美食广场微信公众号！ ;

2017-09-24 12:27:47 trace :
------------
String:
<xml><ToUserName><![CDATA[gh_be7e4da020bc]]></ToUserName>
<FromUserName><![CDATA[oPtQ2wNiUtHfIqhvw1LozDZtcgmU]]></FromUserName>
<CreateTime>1506227266</CreateTime>
<MsgType><![CDATA[event]]></MsgType>
<Event><![CDATA[VIEW]]></Event>
<EventKey><![CDATA[http://www.gzqtbw.com/app/index.php?i=8&c=home&t=8]]></EventKey>
<MenuId>430931951</MenuId>
</xml>

2017-09-24 12:27:47 params :
------------
Array:
message : Array ;
module : basic ;
rule : 10 ;
priority : 0 ;
keyword : Array ;

2017-09-24 12:27:47 response :
------------
Array:
FromUserName : gh_be7e4da020bc ;
ToUserName : oPtQ2wNiUtHfIqhvw1LozDZtcgmU ;
MsgType : text ;
Content : 欢迎关注美食广场微信公众号！ ;

2017-09-24 12:32:37 trace :
------------
String:
<xml><ToUserName><![CDATA[gh_be7e4da020bc]]></ToUserName>
<FromUserName><![CDATA[oPtQ2wNiUtHfIqhvw1LozDZtcgmU]]></FromUserName>
<CreateTime>1506227557</CreateTime>
<MsgType><![CDATA[event]]></MsgType>
<Event><![CDATA[VIEW]]></Event>
<EventKey><![CDATA[http://www.gzqtbw.com/app/index.php?i=8&c=home&t=8]]></EventKey>
<MenuId>430931951</MenuId>
</xml>

2017-09-24 12:32:38 params :
------------
Array:
message : Array ;
module : basic ;
rule : 10 ;
priority : 0 ;
keyword : Array ;

2017-09-24 12:32:38 response :
------------
Array:
FromUserName : gh_be7e4da020bc ;
ToUserName : oPtQ2wNiUtHfIqhvw1LozDZtcgmU ;
MsgType : text ;
Content : 欢迎关注美食广场微信公众号！ ;

2017-09-24 12:33:42 trace :
------------
String:
<xml><ToUserName><![CDATA[gh_be7e4da020bc]]></ToUserName>
<FromUserName><![CDATA[oPtQ2wNiUtHfIqhvw1LozDZtcgmU]]></FromUserName>
<CreateTime>1506227622</CreateTime>
<MsgType><![CDATA[event]]></MsgType>
<Event><![CDATA[VIEW]]></Event>
<EventKey><![CDATA[http://www.gzqtbw.com/app/index.php?i=8&c=home&t=8]]></EventKey>
<MenuId>430931951</MenuId>
</xml>

2017-09-24 12:33:42 params :
------------
Array:
message : Array ;
module : basic ;
rule : 10 ;
priority : 0 ;
keyword : Array ;

2017-09-24 12:33:42 response :
------------
Array:
FromUserName : gh_be7e4da020bc ;
ToUserName : oPtQ2wNiUtHfIqhvw1LozDZtcgmU ;
MsgType : text ;
Content : 欢迎关注美食广场微信公众号！ ;

2017-09-24 12:38:10 trace :
------------
String:
<xml><ToUserName><![CDATA[gh_be7e4da020bc]]></ToUserName>
<FromUserName><![CDATA[oPtQ2wNiUtHfIqhvw1LozDZtcgmU]]></FromUserName>
<CreateTime>1506227889</CreateTime>
<MsgType><![CDATA[event]]></MsgType>
<Event><![CDATA[VIEW]]></Event>
<EventKey><![CDATA[http://www.gzqtbw.com/app/index.php?i=8&c=home&t=8]]></EventKey>
<MenuId>430931951</MenuId>
</xml>

2017-09-24 12:38:10 params :
------------
Array:
message : Array ;
module : basic ;
rule : 10 ;
priority : 0 ;
keyword : Array ;

2017-09-24 12:38:10 response :
------------
Array:
FromUserName : gh_be7e4da020bc ;
ToUserName : oPtQ2wNiUtHfIqhvw1LozDZtcgmU ;
MsgType : text ;
Content : 欢迎关注美食广场微信公众号！ ;

2017-09-24 12:40:21 trace :
------------
String:
<xml><ToUserName><![CDATA[gh_be7e4da020bc]]></ToUserName>
<FromUserName><![CDATA[oPtQ2wPPt52rTjgsJfYp67frwakI]]></FromUserName>
<CreateTime>1506228020</CreateTime>
<MsgType><![CDATA[text]]></MsgType>
<Content><![CDATA[我点的还没有送来吗？]]></Content>
<MsgId>6469200086652035369</MsgId>
</xml>

2017-09-24 12:40:21 params :
------------
Array:
message : Array ;
module : basic ;
rule : 10 ;
priority : 0 ;
keyword : Array ;

2017-09-24 12:40:21 response :
------------
Array:
FromUserName : gh_be7e4da020bc ;
ToUserName : oPtQ2wPPt52rTjgsJfYp67frwakI ;
MsgType : text ;
Content : 欢迎关注美食广场微信公众号！ ;

2017-09-24 12:40:24 trace :
------------
String:
<xml><ToUserName><![CDATA[gh_be7e4da020bc]]></ToUserName>
<FromUserName><![CDATA[oPtQ2wNiUtHfIqhvw1LozDZtcgmU]]></FromUserName>
<CreateTime>1506228023</CreateTime>
<MsgType><![CDATA[text]]></MsgType>
<Content><![CDATA[马上发货]]></Content>
<MsgId>6469200099536937260</MsgId>
</xml>

2017-09-24 12:40:24 params :
------------
Array:
message : Array ;
module : basic ;
rule : 10 ;
priority : 0 ;
keyword : Array ;

2017-09-24 12:40:24 response :
------------
Array:
FromUserName : gh_be7e4da020bc ;
ToUserName : oPtQ2wNiUtHfIqhvw1LozDZtcgmU ;
MsgType : text ;
Content : 欢迎关注美食广场微信公众号！ ;

2017-09-24 12:40:51 trace :
------------
String:
<xml><ToUserName><![CDATA[gh_be7e4da020bc]]></ToUserName>
<FromUserName><![CDATA[oPtQ2wPPt52rTjgsJfYp67frwakI]]></FromUserName>
<CreateTime>1506228050</CreateTime>
<MsgType><![CDATA[text]]></MsgType>
<Content><![CDATA[快点]]></Content>
<MsgId>6469200215501054264</MsgId>
</xml>

2017-09-24 12:40:51 params :
------------
Array:
message : Array ;
module : basic ;
rule : 10 ;
priority : 0 ;
keyword : Array ;

2017-09-24 12:40:51 response :
------------
Array:
FromUserName : gh_be7e4da020bc ;
ToUserName : oPtQ2wPPt52rTjgsJfYp67frwakI ;
MsgType : text ;
Content : 欢迎关注美食广场微信公众号！ ;

2017-09-24 12:40:53 trace :
------------
String:
<xml><ToUserName><![CDATA[gh_be7e4da020bc]]></ToUserName>
<FromUserName><![CDATA[oPtQ2wPPt52rTjgsJfYp67frwakI]]></FromUserName>
<CreateTime>1506228052</CreateTime>
<MsgType><![CDATA[text]]></MsgType>
<Content><![CDATA[快点]]></Content>
<MsgId>6469200224090988859</MsgId>
</xml>

2017-09-24 12:40:53 params :
------------
Array:
message : Array ;
module : basic ;
rule : 10 ;
priority : 0 ;
keyword : Array ;

2017-09-24 12:40:53 response :
------------
Array:
FromUserName : gh_be7e4da020bc ;
ToUserName : oPtQ2wPPt52rTjgsJfYp67frwakI ;
MsgType : text ;
Content : 欢迎关注美食广场微信公众号！ ;

2017-09-24 12:42:22 trace :
------------
String:
<xml><ToUserName><![CDATA[gh_be7e4da020bc]]></ToUserName>
<FromUserName><![CDATA[oPtQ2wPPt52rTjgsJfYp67frwakI]]></FromUserName>
<CreateTime>1506228142</CreateTime>
<MsgType><![CDATA[event]]></MsgType>
<Event><![CDATA[VIEW]]></Event>
<EventKey><![CDATA[http://www.gzqtbw.com/app/index.php?i=8&c=home&t=8]]></EventKey>
<MenuId>430931951</MenuId>
</xml>

2017-09-24 12:42:22 params :
------------
Array:
message : Array ;
module : basic ;
rule : 10 ;
priority : 0 ;
keyword : Array ;

2017-09-24 12:42:22 response :
------------
Array:
FromUserName : gh_be7e4da020bc ;
ToUserName : oPtQ2wPPt52rTjgsJfYp67frwakI ;
MsgType : text ;
Content : 欢迎关注美食广场微信公众号！ ;

2017-09-24 14:35:15 trace :
------------
String:
<xml><ToUserName><![CDATA[gh_be7e4da020bc]]></ToUserName>
<FromUserName><![CDATA[oPtQ2wB0qJ7dcVhTF1dHOFtEcz7Q]]></FromUserName>
<CreateTime>1506234915</CreateTime>
<MsgType><![CDATA[event]]></MsgType>
<Event><![CDATA[VIEW]]></Event>
<EventKey><![CDATA[http://www.gzqtbw.com/app/index.php?i=8&c=home&t=8]]></EventKey>
<MenuId>430931951</MenuId>
</xml>

2017-09-24 14:35:15 params :
------------
Array:
message : Array ;
module : basic ;
rule : 10 ;
priority : 0 ;
keyword : Array ;

2017-09-24 14:35:15 response :
------------
Array:
FromUserName : gh_be7e4da020bc ;
ToUserName : oPtQ2wB0qJ7dcVhTF1dHOFtEcz7Q ;
MsgType : text ;
Content : 欢迎关注美食广场微信公众号！ ;

2017-09-24 15:13:08 trace :
------------
String:
<xml><ToUserName><![CDATA[gh_be7e4da020bc]]></ToUserName>
<FromUserName><![CDATA[oPtQ2wB0qJ7dcVhTF1dHOFtEcz7Q]]></FromUserName>
<CreateTime>1506237188</CreateTime>
<MsgType><![CDATA[event]]></MsgType>
<Event><![CDATA[VIEW]]></Event>
<EventKey><![CDATA[http://www.gzqtbw.com/app/index.php?i=8&c=home&t=8]]></EventKey>
<MenuId>430931951</MenuId>
</xml>

2017-09-24 15:13:08 params :
------------
Array:
message : Array ;
module : basic ;
rule : 10 ;
priority : 0 ;
keyword : Array ;

2017-09-24 15:13:08 response :
------------
Array:
FromUserName : gh_be7e4da020bc ;
ToUserName : oPtQ2wB0qJ7dcVhTF1dHOFtEcz7Q ;
MsgType : text ;
Content : 欢迎关注美食广场微信公众号！ ;

2017-09-24 15:13:12 trace :
------------
String:
<xml><ToUserName><![CDATA[gh_be7e4da020bc]]></ToUserName>
<FromUserName><![CDATA[oPtQ2wB0qJ7dcVhTF1dHOFtEcz7Q]]></FromUserName>
<CreateTime>1506237192</CreateTime>
<MsgType><![CDATA[event]]></MsgType>
<Event><![CDATA[VIEW]]></Event>
<EventKey><![CDATA[http://www.gzqtbw.com/app/index.php?i=8&c=home&t=8]]></EventKey>
<MenuId>430931951</MenuId>
</xml>

2017-09-24 15:13:12 params :
------------
Array:
message : Array ;
module : basic ;
rule : 10 ;
priority : 0 ;
keyword : Array ;

2017-09-24 15:13:12 response :
------------
Array:
FromUserName : gh_be7e4da020bc ;
ToUserName : oPtQ2wB0qJ7dcVhTF1dHOFtEcz7Q ;
MsgType : text ;
Content : 欢迎关注美食广场微信公众号！ ;

2017-09-24 18:59:04 trace :
------------
String:
<xml><ToUserName><![CDATA[gh_387f2586a480]]></ToUserName>
<FromUserName><![CDATA[oHlBev9QxhKSyqQJP_NRKoyxPdmk]]></FromUserName>
<CreateTime>1506250744</CreateTime>
<MsgType><![CDATA[event]]></MsgType>
<Event><![CDATA[VIEW]]></Event>
<EventKey><![CDATA[http://www.gzqtbw.com/app/index.php?i=12&c=mc&a=card&do=sign_display&]]></EventKey>
<MenuId>602413748</MenuId>
</xml>

2017-09-24 18:59:04 params :
------------
Array:
message : Array ;
module : basic ;
rule : 13 ;
priority : 0 ;
keyword : Array ;

2017-09-24 18:59:04 response :
------------
Array:
FromUserName : gh_387f2586a480 ;
ToUserName : oHlBev9QxhKSyqQJP_NRKoyxPdmk ;
MsgType : text ;
Content : 欢迎关注李记梧桐人家微信公众号！ ;

