2017-11-08 10:45:34 trace :
------------
String:
<xml><ToUserName><![CDATA[gh_387f2586a480]]></ToUserName>
<FromUserName><![CDATA[oHlBev0AXhSSRORqct5PbMwYHEtU]]></FromUserName>
<CreateTime>1510109133</CreateTime>
<MsgType><![CDATA[event]]></MsgType>
<Event><![CDATA[VIEW]]></Event>
<EventKey><![CDATA[http://www.gzqtbw.com/app/index.php?i=12&c=home&t=15]]></EventKey>
<MenuId>602413748</MenuId>
</xml>

2017-11-08 10:45:34 params :
------------
Array:
message : Array ;
module : basic ;
rule : 13 ;
priority : 0 ;
keyword : Array ;

2017-11-08 10:45:34 response :
------------
Array:
FromUserName : gh_387f2586a480 ;
ToUserName : oHlBev0AXhSSRORqct5PbMwYHEtU ;
MsgType : text ;
Content : 欢迎关注李记梧桐人家微信公众号！ ;

2017-11-08 10:46:22 trace :
------------
String:
<xml><ToUserName><![CDATA[gh_387f2586a480]]></ToUserName>
<FromUserName><![CDATA[oHlBev0AXhSSRORqct5PbMwYHEtU]]></FromUserName>
<CreateTime>1510109181</CreateTime>
<MsgType><![CDATA[event]]></MsgType>
<Event><![CDATA[VIEW]]></Event>
<EventKey><![CDATA[http://www.gzqtbw.com/app/index.php?i=12&c=home&t=15]]></EventKey>
<MenuId>602413748</MenuId>
</xml>

2017-11-08 10:46:22 params :
------------
Array:
message : Array ;
module : basic ;
rule : 13 ;
priority : 0 ;
keyword : Array ;

2017-11-08 10:46:22 response :
------------
Array:
FromUserName : gh_387f2586a480 ;
ToUserName : oHlBev0AXhSSRORqct5PbMwYHEtU ;
MsgType : text ;
Content : 欢迎关注李记梧桐人家微信公众号！ ;

2017-11-08 11:29:59 trace :
------------
String:
<xml><ToUserName><![CDATA[gh_a9b445bf4f73]]></ToUserName>
<FromUserName><![CDATA[oaQb9wdbDvluEFQlolRgNhL4nPMw]]></FromUserName>
<CreateTime>1510111798</CreateTime>
<MsgType><![CDATA[event]]></MsgType>
<Event><![CDATA[subscribe]]></Event>
<EventKey><![CDATA[]]></EventKey>
</xml>

2017-11-08 11:29:59 params :
------------
Array:
message : Array ;
module : basic ;
rule : 16 ;
priority : 0 ;
keyword : Array ;

2017-11-08 11:29:59 response :
------------
Array:
FromUserName : gh_a9b445bf4f73 ;
ToUserName : oaQb9wdbDvluEFQlolRgNhL4nPMw ;
MsgType : text ;
Content : 欢迎关注贵州博达云科技发展有限公司！ ;

2017-11-08 11:30:01 trace :
------------
String:
<xml><ToUserName><![CDATA[gh_a9b445bf4f73]]></ToUserName>
<FromUserName><![CDATA[oaQb9wdbDvluEFQlolRgNhL4nPMw]]></FromUserName>
<CreateTime>1510111800</CreateTime>
<MsgType><![CDATA[event]]></MsgType>
<Event><![CDATA[VIEW]]></Event>
<EventKey><![CDATA[http://www.gzqtbw.com/app/index.php?i=16&c=home&t=19]]></EventKey>
<MenuId>422520294</MenuId>
</xml>

2017-11-08 11:30:01 params :
------------
Array:
message : Array ;
module : basic ;
rule : 16 ;
priority : 0 ;
keyword : Array ;

2017-11-08 11:30:01 response :
------------
Array:
FromUserName : gh_a9b445bf4f73 ;
ToUserName : oaQb9wdbDvluEFQlolRgNhL4nPMw ;
MsgType : text ;
Content : 欢迎关注贵州博达云科技发展有限公司！ ;

2017-11-08 11:31:38 trace :
------------
String:
<xml><ToUserName><![CDATA[gh_a9b445bf4f73]]></ToUserName>
<FromUserName><![CDATA[oaQb9wdbDvluEFQlolRgNhL4nPMw]]></FromUserName>
<CreateTime>1510111897</CreateTime>
<MsgType><![CDATA[event]]></MsgType>
<Event><![CDATA[VIEW]]></Event>
<EventKey><![CDATA[http://www.gzqtbw.com/app/index.php?i=16&c=home&t=21]]></EventKey>
<MenuId>422520294</MenuId>
</xml>

2017-11-08 11:31:38 params :
------------
Array:
message : Array ;
module : basic ;
rule : 16 ;
priority : 0 ;
keyword : Array ;

2017-11-08 11:31:38 response :
------------
Array:
FromUserName : gh_a9b445bf4f73 ;
ToUserName : oaQb9wdbDvluEFQlolRgNhL4nPMw ;
MsgType : text ;
Content : 欢迎关注贵州博达云科技发展有限公司！ ;

2017-11-08 11:43:08 trace :
------------
String:
<xml><ToUserName><![CDATA[gh_be7e4da020bc]]></ToUserName>
<FromUserName><![CDATA[oPtQ2wBbarkUNuC5vybE8NOWun1Y]]></FromUserName>
<CreateTime>1510112588</CreateTime>
<MsgType><![CDATA[event]]></MsgType>
<Event><![CDATA[VIEW]]></Event>
<EventKey><![CDATA[http://www.gzqtbw.com/app/index.php?i=8&c=home&t=8]]></EventKey>
<MenuId>430931951</MenuId>
</xml>

2017-11-08 11:43:08 params :
------------
Array:
message : Array ;
module : basic ;
rule : 10 ;
priority : 0 ;
keyword : Array ;

2017-11-08 11:43:08 response :
------------
Array:
FromUserName : gh_be7e4da020bc ;
ToUserName : oPtQ2wBbarkUNuC5vybE8NOWun1Y ;
MsgType : text ;
Content : 欢迎关注美食广场微信公众号！ ;

2017-11-08 11:53:08 trace :
------------
String:
<xml><ToUserName><![CDATA[gh_3280735b50d8]]></ToUserName>
<FromUserName><![CDATA[oyWTK1CoFfA6d9dP5C6plKTDHigo]]></FromUserName>
<CreateTime>1510113187</CreateTime>
<MsgType><![CDATA[event]]></MsgType>
<Event><![CDATA[VIEW]]></Event>
<EventKey><![CDATA[http://www.gzqtbw.com/app/index.php?i=10&c=mc&a=card&do=sign_display&]]></EventKey>
<MenuId>427588424</MenuId>
</xml>

2017-11-08 11:53:08 params :
------------
Array:
message : Array ;
module : basic ;
rule : 11 ;
priority : 0 ;
keyword : Array ;

2017-11-08 11:53:08 response :
------------
Array:
FromUserName : gh_3280735b50d8 ;
ToUserName : oyWTK1CoFfA6d9dP5C6plKTDHigo ;
MsgType : text ;
Content : 欢迎关注黔满园荣贵微信公众号！ ;

2017-11-08 12:21:50 trace :
------------
String:
<xml><ToUserName><![CDATA[gh_387f2586a480]]></ToUserName>
<FromUserName><![CDATA[oHlBev4LMd5NlDqIvp0UmLAhIo2w]]></FromUserName>
<CreateTime>1510114910</CreateTime>
<MsgType><![CDATA[event]]></MsgType>
<Event><![CDATA[VIEW]]></Event>
<EventKey><![CDATA[http://www.gzqtbw.com/app/index.php?i=12&c=site&a=site&do=detail&id=10]]></EventKey>
<MenuId>602413748</MenuId>
</xml>

2017-11-08 12:21:50 params :
------------
Array:
message : Array ;
module : basic ;
rule : 13 ;
priority : 0 ;
keyword : Array ;

2017-11-08 12:21:50 response :
------------
Array:
FromUserName : gh_387f2586a480 ;
ToUserName : oHlBev4LMd5NlDqIvp0UmLAhIo2w ;
MsgType : text ;
Content : 欢迎关注李记梧桐人家微信公众号！ ;

2017-11-08 12:22:12 trace :
------------
String:
<xml><ToUserName><![CDATA[gh_387f2586a480]]></ToUserName>
<FromUserName><![CDATA[oHlBev4LMd5NlDqIvp0UmLAhIo2w]]></FromUserName>
<CreateTime>1510114932</CreateTime>
<MsgType><![CDATA[event]]></MsgType>
<Event><![CDATA[VIEW]]></Event>
<EventKey><![CDATA[http://www.gzqtbw.com/app/index.php?i=12&c=site&a=site&do=detail&id=11]]></EventKey>
<MenuId>602413748</MenuId>
</xml>

2017-11-08 12:22:12 params :
------------
Array:
message : Array ;
module : basic ;
rule : 13 ;
priority : 0 ;
keyword : Array ;

2017-11-08 12:22:12 response :
------------
Array:
FromUserName : gh_387f2586a480 ;
ToUserName : oHlBev4LMd5NlDqIvp0UmLAhIo2w ;
MsgType : text ;
Content : 欢迎关注李记梧桐人家微信公众号！ ;

2017-11-08 12:22:33 trace :
------------
String:
<xml><ToUserName><![CDATA[gh_387f2586a480]]></ToUserName>
<FromUserName><![CDATA[oHlBev4LMd5NlDqIvp0UmLAhIo2w]]></FromUserName>
<CreateTime>1510114953</CreateTime>
<MsgType><![CDATA[event]]></MsgType>
<Event><![CDATA[VIEW]]></Event>
<EventKey><![CDATA[http://www.gzqtbw.com/app/index.php?i=12&c=home&t=15]]></EventKey>
<MenuId>602413748</MenuId>
</xml>

2017-11-08 12:22:33 params :
------------
Array:
message : Array ;
module : basic ;
rule : 13 ;
priority : 0 ;
keyword : Array ;

2017-11-08 12:22:33 response :
------------
Array:
FromUserName : gh_387f2586a480 ;
ToUserName : oHlBev4LMd5NlDqIvp0UmLAhIo2w ;
MsgType : text ;
Content : 欢迎关注李记梧桐人家微信公众号！ ;

2017-11-08 12:22:43 trace :
------------
String:
<xml><ToUserName><![CDATA[gh_387f2586a480]]></ToUserName>
<FromUserName><![CDATA[oHlBev4LMd5NlDqIvp0UmLAhIo2w]]></FromUserName>
<CreateTime>1510114962</CreateTime>
<MsgType><![CDATA[event]]></MsgType>
<Event><![CDATA[VIEW]]></Event>
<EventKey><![CDATA[http://www.gzqtbw.com/app/index.php?i=12&c=mc&a=bond&do=mycard&]]></EventKey>
<MenuId>602413748</MenuId>
</xml>

2017-11-08 12:22:43 params :
------------
Array:
message : Array ;
module : basic ;
rule : 13 ;
priority : 0 ;
keyword : Array ;

2017-11-08 12:22:43 response :
------------
Array:
FromUserName : gh_387f2586a480 ;
ToUserName : oHlBev4LMd5NlDqIvp0UmLAhIo2w ;
MsgType : text ;
Content : 欢迎关注李记梧桐人家微信公众号！ ;

2017-11-08 12:22:58 trace :
------------
String:
<xml><ToUserName><![CDATA[gh_387f2586a480]]></ToUserName>
<FromUserName><![CDATA[oHlBev4LMd5NlDqIvp0UmLAhIo2w]]></FromUserName>
<CreateTime>1510114978</CreateTime>
<MsgType><![CDATA[event]]></MsgType>
<Event><![CDATA[VIEW]]></Event>
<EventKey><![CDATA[http://www.gzqtbw.com/app/index.php?i=12&c=site&a=site&do=detail&id=10]]></EventKey>
<MenuId>602413748</MenuId>
</xml>

2017-11-08 12:22:58 params :
------------
Array:
message : Array ;
module : basic ;
rule : 13 ;
priority : 0 ;
keyword : Array ;

2017-11-08 12:22:58 response :
------------
Array:
FromUserName : gh_387f2586a480 ;
ToUserName : oHlBev4LMd5NlDqIvp0UmLAhIo2w ;
MsgType : text ;
Content : 欢迎关注李记梧桐人家微信公众号！ ;

2017-11-08 12:23:24 trace :
------------
String:
<xml><ToUserName><![CDATA[gh_387f2586a480]]></ToUserName>
<FromUserName><![CDATA[oHlBev4LMd5NlDqIvp0UmLAhIo2w]]></FromUserName>
<CreateTime>1510115004</CreateTime>
<MsgType><![CDATA[event]]></MsgType>
<Event><![CDATA[VIEW]]></Event>
<EventKey><![CDATA[http://www.gzqtbw.com/app/index.php?i=12&c=site&a=site&do=detail&id=11]]></EventKey>
<MenuId>602413748</MenuId>
</xml>

2017-11-08 12:23:24 params :
------------
Array:
message : Array ;
module : basic ;
rule : 13 ;
priority : 0 ;
keyword : Array ;

2017-11-08 12:23:24 response :
------------
Array:
FromUserName : gh_387f2586a480 ;
ToUserName : oHlBev4LMd5NlDqIvp0UmLAhIo2w ;
MsgType : text ;
Content : 欢迎关注李记梧桐人家微信公众号！ ;

2017-11-08 12:52:23 trace :
------------
String:
<xml><ToUserName><![CDATA[gh_387f2586a480]]></ToUserName>
<FromUserName><![CDATA[oHlBev5S0BK2m1nZIisN5w6Ha5ZU]]></FromUserName>
<CreateTime>1510116742</CreateTime>
<MsgType><![CDATA[event]]></MsgType>
<Event><![CDATA[subscribe]]></Event>
<EventKey><![CDATA[]]></EventKey>
</xml>

2017-11-08 12:52:23 params :
------------
Array:
message : Array ;
module : basic ;
rule : 13 ;
priority : 0 ;
keyword : Array ;

2017-11-08 12:52:23 response :
------------
Array:
FromUserName : gh_387f2586a480 ;
ToUserName : oHlBev5S0BK2m1nZIisN5w6Ha5ZU ;
MsgType : text ;
Content : 欢迎关注李记梧桐人家微信公众号！ ;

2017-11-08 12:52:57 trace :
------------
String:
<xml><ToUserName><![CDATA[gh_387f2586a480]]></ToUserName>
<FromUserName><![CDATA[oHlBev16Og0owIDXO7sI-5WsFZNE]]></FromUserName>
<CreateTime>1510116776</CreateTime>
<MsgType><![CDATA[event]]></MsgType>
<Event><![CDATA[subscribe]]></Event>
<EventKey><![CDATA[]]></EventKey>
</xml>

2017-11-08 12:52:57 params :
------------
Array:
message : Array ;
module : basic ;
rule : 13 ;
priority : 0 ;
keyword : Array ;

2017-11-08 12:52:57 response :
------------
Array:
FromUserName : gh_387f2586a480 ;
ToUserName : oHlBev16Og0owIDXO7sI-5WsFZNE ;
MsgType : text ;
Content : 欢迎关注李记梧桐人家微信公众号！ ;

2017-11-08 12:53:04 trace :
------------
String:
<xml><ToUserName><![CDATA[gh_387f2586a480]]></ToUserName>
<FromUserName><![CDATA[oHlBev5S0BK2m1nZIisN5w6Ha5ZU]]></FromUserName>
<CreateTime>1510116783</CreateTime>
<MsgType><![CDATA[event]]></MsgType>
<Event><![CDATA[VIEW]]></Event>
<EventKey><![CDATA[http://www.gzqtbw.com/app/index.php?i=12&c=site&a=site&do=detail&id=11]]></EventKey>
<MenuId>602413748</MenuId>
</xml>

2017-11-08 12:53:04 params :
------------
Array:
message : Array ;
module : basic ;
rule : 13 ;
priority : 0 ;
keyword : Array ;

2017-11-08 12:53:04 response :
------------
Array:
FromUserName : gh_387f2586a480 ;
ToUserName : oHlBev5S0BK2m1nZIisN5w6Ha5ZU ;
MsgType : text ;
Content : 欢迎关注李记梧桐人家微信公众号！ ;

2017-11-08 12:53:13 trace :
------------
String:
<xml><ToUserName><![CDATA[gh_387f2586a480]]></ToUserName>
<FromUserName><![CDATA[oHlBev16Og0owIDXO7sI-5WsFZNE]]></FromUserName>
<CreateTime>1510116793</CreateTime>
<MsgType><![CDATA[event]]></MsgType>
<Event><![CDATA[VIEW]]></Event>
<EventKey><![CDATA[http://www.gzqtbw.com/app/index.php?i=12&c=site&a=site&do=detail&id=11]]></EventKey>
<MenuId>602413748</MenuId>
</xml>

2017-11-08 12:53:13 params :
------------
Array:
message : Array ;
module : basic ;
rule : 13 ;
priority : 0 ;
keyword : Array ;

2017-11-08 12:53:13 response :
------------
Array:
FromUserName : gh_387f2586a480 ;
ToUserName : oHlBev16Og0owIDXO7sI-5WsFZNE ;
MsgType : text ;
Content : 欢迎关注李记梧桐人家微信公众号！ ;

2017-11-08 12:53:24 trace :
------------
String:
<xml><ToUserName><![CDATA[gh_387f2586a480]]></ToUserName>
<FromUserName><![CDATA[oHlBev5S0BK2m1nZIisN5w6Ha5ZU]]></FromUserName>
<CreateTime>1510116803</CreateTime>
<MsgType><![CDATA[event]]></MsgType>
<Event><![CDATA[CLICK]]></Event>
<EventKey><![CDATA[。]]></EventKey>
</xml>

2017-11-08 12:53:24 params :
------------
Array:
message : Array ;
module : basic ;
rule : 13 ;
priority : 0 ;
keyword : Array ;

2017-11-08 12:53:24 response :
------------
Array:
FromUserName : gh_387f2586a480 ;
ToUserName : oHlBev5S0BK2m1nZIisN5w6Ha5ZU ;
MsgType : text ;
Content : 欢迎关注李记梧桐人家微信公众号！ ;

2017-11-08 13:03:31 trace :
------------
String:
<xml><ToUserName><![CDATA[gh_be7e4da020bc]]></ToUserName>
<FromUserName><![CDATA[oPtQ2wL_2Aiurkxx3w8JomqmOEuM]]></FromUserName>
<CreateTime>1510117410</CreateTime>
<MsgType><![CDATA[event]]></MsgType>
<Event><![CDATA[VIEW]]></Event>
<EventKey><![CDATA[http://www.gzqtbw.com/app/index.php?i=8&c=home&t=8]]></EventKey>
<MenuId>430931951</MenuId>
</xml>

2017-11-08 13:03:31 params :
------------
Array:
message : Array ;
module : basic ;
rule : 10 ;
priority : 0 ;
keyword : Array ;

2017-11-08 13:03:31 response :
------------
Array:
FromUserName : gh_be7e4da020bc ;
ToUserName : oPtQ2wL_2Aiurkxx3w8JomqmOEuM ;
MsgType : text ;
Content : 欢迎关注美食广场微信公众号！ ;

2017-11-08 13:50:03 trace :
------------
String:
<xml><ToUserName><![CDATA[gh_387f2586a480]]></ToUserName>
<FromUserName><![CDATA[oHlBev4gK9so5V0I1WDU1Ulbt1Yk]]></FromUserName>
<CreateTime>1510120202</CreateTime>
<MsgType><![CDATA[event]]></MsgType>
<Event><![CDATA[VIEW]]></Event>
<EventKey><![CDATA[http://www.gzqtbw.com/app/index.php?i=12&c=home&t=15]]></EventKey>
<MenuId>602413748</MenuId>
</xml>

2017-11-08 13:50:03 params :
------------
Array:
message : Array ;
module : basic ;
rule : 13 ;
priority : 0 ;
keyword : Array ;

2017-11-08 13:50:03 response :
------------
Array:
FromUserName : gh_387f2586a480 ;
ToUserName : oHlBev4gK9so5V0I1WDU1Ulbt1Yk ;
MsgType : text ;
Content : 欢迎关注李记梧桐人家微信公众号！ ;

2017-11-08 13:53:02 trace :
------------
String:
<xml><ToUserName><![CDATA[gh_be7e4da020bc]]></ToUserName>
<FromUserName><![CDATA[oPtQ2wDRC7_qMsBrVS4zNjrh8KrA]]></FromUserName>
<CreateTime>1510120381</CreateTime>
<MsgType><![CDATA[event]]></MsgType>
<Event><![CDATA[VIEW]]></Event>
<EventKey><![CDATA[http://www.gzqtbw.com/app/index.php?i=8&c=home&t=8]]></EventKey>
<MenuId>430931951</MenuId>
</xml>

2017-11-08 13:53:02 params :
------------
Array:
message : Array ;
module : basic ;
rule : 10 ;
priority : 0 ;
keyword : Array ;

2017-11-08 13:53:02 response :
------------
Array:
FromUserName : gh_be7e4da020bc ;
ToUserName : oPtQ2wDRC7_qMsBrVS4zNjrh8KrA ;
MsgType : text ;
Content : 欢迎关注美食广场微信公众号！ ;

2017-11-08 13:53:22 trace :
------------
String:
<xml><ToUserName><![CDATA[gh_be7e4da020bc]]></ToUserName>
<FromUserName><![CDATA[oPtQ2wDRC7_qMsBrVS4zNjrh8KrA]]></FromUserName>
<CreateTime>1510120402</CreateTime>
<MsgType><![CDATA[event]]></MsgType>
<Event><![CDATA[VIEW]]></Event>
<EventKey><![CDATA[http://www.gzqtbw.com/app/index.php?i=8&c=home&t=8]]></EventKey>
<MenuId>430931951</MenuId>
</xml>

2017-11-08 13:53:22 params :
------------
Array:
message : Array ;
module : basic ;
rule : 10 ;
priority : 0 ;
keyword : Array ;

2017-11-08 13:53:22 response :
------------
Array:
FromUserName : gh_be7e4da020bc ;
ToUserName : oPtQ2wDRC7_qMsBrVS4zNjrh8KrA ;
MsgType : text ;
Content : 欢迎关注美食广场微信公众号！ ;

2017-11-08 13:53:27 trace :
------------
String:
<xml><ToUserName><![CDATA[gh_be7e4da020bc]]></ToUserName>
<FromUserName><![CDATA[oPtQ2wDRC7_qMsBrVS4zNjrh8KrA]]></FromUserName>
<CreateTime>1510120407</CreateTime>
<MsgType><![CDATA[event]]></MsgType>
<Event><![CDATA[VIEW]]></Event>
<EventKey><![CDATA[http://www.gzqtbw.com/app/index.php?i=8&c=home&t=8]]></EventKey>
<MenuId>430931951</MenuId>
</xml>

2017-11-08 13:53:27 params :
------------
Array:
message : Array ;
module : basic ;
rule : 10 ;
priority : 0 ;
keyword : Array ;

2017-11-08 13:53:27 response :
------------
Array:
FromUserName : gh_be7e4da020bc ;
ToUserName : oPtQ2wDRC7_qMsBrVS4zNjrh8KrA ;
MsgType : text ;
Content : 欢迎关注美食广场微信公众号！ ;

2017-11-08 13:57:16 trace :
------------
String:
<xml><ToUserName><![CDATA[gh_be7e4da020bc]]></ToUserName>
<FromUserName><![CDATA[oPtQ2wDRC7_qMsBrVS4zNjrh8KrA]]></FromUserName>
<CreateTime>1510120635</CreateTime>
<MsgType><![CDATA[event]]></MsgType>
<Event><![CDATA[VIEW]]></Event>
<EventKey><![CDATA[http://www.gzqtbw.com/app/index.php?i=8&c=home&t=8]]></EventKey>
<MenuId>430931951</MenuId>
</xml>

2017-11-08 13:57:16 params :
------------
Array:
message : Array ;
module : basic ;
rule : 10 ;
priority : 0 ;
keyword : Array ;

2017-11-08 13:57:16 response :
------------
Array:
FromUserName : gh_be7e4da020bc ;
ToUserName : oPtQ2wDRC7_qMsBrVS4zNjrh8KrA ;
MsgType : text ;
Content : 欢迎关注美食广场微信公众号！ ;

2017-11-08 14:34:42 trace :
------------
String:
<xml><ToUserName><![CDATA[gh_9e16f2771397]]></ToUserName>
<FromUserName><![CDATA[oSSurv5jKJgn79aGFaXCsfigCI4s]]></FromUserName>
<CreateTime>1510122881</CreateTime>
<MsgType><![CDATA[event]]></MsgType>
<Event><![CDATA[unsubscribe]]></Event>
<EventKey><![CDATA[]]></EventKey>
</xml>

2017-11-08 15:57:32 trace :
------------
String:
<xml><ToUserName><![CDATA[gh_be7e4da020bc]]></ToUserName>
<FromUserName><![CDATA[oPtQ2wBhU-vUhR4s9vGDoNe5xgv4]]></FromUserName>
<CreateTime>1510127852</CreateTime>
<MsgType><![CDATA[event]]></MsgType>
<Event><![CDATA[subscribe]]></Event>
<EventKey><![CDATA[]]></EventKey>
</xml>

2017-11-08 15:57:32 params :
------------
Array:
message : Array ;
module : basic ;
rule : 10 ;
priority : 0 ;
keyword : Array ;

2017-11-08 15:57:32 response :
------------
Array:
FromUserName : gh_be7e4da020bc ;
ToUserName : oPtQ2wBhU-vUhR4s9vGDoNe5xgv4 ;
MsgType : text ;
Content : 欢迎关注美食广场微信公众号！ ;

2017-11-08 15:57:38 trace :
------------
String:
<xml><ToUserName><![CDATA[gh_be7e4da020bc]]></ToUserName>
<FromUserName><![CDATA[oPtQ2wBhU-vUhR4s9vGDoNe5xgv4]]></FromUserName>
<CreateTime>1510127854</CreateTime>
<MsgType><![CDATA[event]]></MsgType>
<Event><![CDATA[VIEW]]></Event>
<EventKey><![CDATA[http://www.gzqtbw.com/app/index.php?i=8&c=home&t=8]]></EventKey>
<MenuId>430931951</MenuId>
</xml>

2017-11-08 15:57:38 params :
------------
Array:
message : Array ;
module : basic ;
rule : 10 ;
priority : 0 ;
keyword : Array ;

2017-11-08 15:57:38 response :
------------
Array:
FromUserName : gh_be7e4da020bc ;
ToUserName : oPtQ2wBhU-vUhR4s9vGDoNe5xgv4 ;
MsgType : text ;
Content : 欢迎关注美食广场微信公众号！ ;

2017-11-08 16:15:25 trace :
------------
String:
<xml><ToUserName><![CDATA[gh_387f2586a480]]></ToUserName>
<FromUserName><![CDATA[oHlBev_T3SQjYt8jwgCILnqlnJDU]]></FromUserName>
<CreateTime>1510128924</CreateTime>
<MsgType><![CDATA[event]]></MsgType>
<Event><![CDATA[VIEW]]></Event>
<EventKey><![CDATA[http://www.gzqtbw.com/app/index.php?i=12&c=home&t=15]]></EventKey>
<MenuId>602413748</MenuId>
</xml>

2017-11-08 16:15:25 params :
------------
Array:
message : Array ;
module : basic ;
rule : 13 ;
priority : 0 ;
keyword : Array ;

2017-11-08 16:15:25 response :
------------
Array:
FromUserName : gh_387f2586a480 ;
ToUserName : oHlBev_T3SQjYt8jwgCILnqlnJDU ;
MsgType : text ;
Content : 欢迎关注李记梧桐人家微信公众号！ ;

2017-11-08 16:21:52 trace :
------------
String:
<xml><ToUserName><![CDATA[gh_be7e4da020bc]]></ToUserName>
<FromUserName><![CDATA[oPtQ2wDpScRDyc1iRvR9dGB4cbM0]]></FromUserName>
<CreateTime>1510129311</CreateTime>
<MsgType><![CDATA[event]]></MsgType>
<Event><![CDATA[subscribe]]></Event>
<EventKey><![CDATA[]]></EventKey>
</xml>

2017-11-08 16:21:52 params :
------------
Array:
message : Array ;
module : basic ;
rule : 10 ;
priority : 0 ;
keyword : Array ;

2017-11-08 16:21:52 response :
------------
Array:
FromUserName : gh_be7e4da020bc ;
ToUserName : oPtQ2wDpScRDyc1iRvR9dGB4cbM0 ;
MsgType : text ;
Content : 欢迎关注美食广场微信公众号！ ;

2017-11-08 17:23:32 trace :
------------
String:
<xml><ToUserName><![CDATA[gh_e35f14d80eb1]]></ToUserName>
<FromUserName><![CDATA[on8J51uuKGXhOD1u9N0yC8OTQdyk]]></FromUserName>
<CreateTime>1510133011</CreateTime>
<MsgType><![CDATA[event]]></MsgType>
<Event><![CDATA[subscribe]]></Event>
<EventKey><![CDATA[]]></EventKey>
</xml>

2017-11-08 17:23:32 params :
------------
Array:
message : Array ;
module : basic ;
rule : 17 ;
priority : 0 ;
keyword : Array ;

2017-11-08 17:23:32 response :
------------
Array:
FromUserName : gh_e35f14d80eb1 ;
ToUserName : on8J51uuKGXhOD1u9N0yC8OTQdyk ;
MsgType : text ;
Content : 欢迎关注华润哆妮宝贝母婴店 ;

2017-11-08 17:47:30 trace :
------------
String:
<xml><ToUserName><![CDATA[gh_be7e4da020bc]]></ToUserName>
<FromUserName><![CDATA[oPtQ2wGQWlsGSMm-7J6g7Mf6eF7Y]]></FromUserName>
<CreateTime>1510134449</CreateTime>
<MsgType><![CDATA[event]]></MsgType>
<Event><![CDATA[VIEW]]></Event>
<EventKey><![CDATA[http://www.gzqtbw.com/app/index.php?i=8&c=home&t=8]]></EventKey>
<MenuId>430931951</MenuId>
</xml>

2017-11-08 17:47:30 params :
------------
Array:
message : Array ;
module : basic ;
rule : 10 ;
priority : 0 ;
keyword : Array ;

2017-11-08 17:47:30 response :
------------
Array:
FromUserName : gh_be7e4da020bc ;
ToUserName : oPtQ2wGQWlsGSMm-7J6g7Mf6eF7Y ;
MsgType : text ;
Content : 欢迎关注美食广场微信公众号！ ;

2017-11-08 18:52:33 trace :
------------
String:
<xml><ToUserName><![CDATA[gh_3280735b50d8]]></ToUserName>
<FromUserName><![CDATA[oyWTK1OSHE_EdfJ4_tV9QYzOeerE]]></FromUserName>
<CreateTime>1510138350</CreateTime>
<MsgType><![CDATA[event]]></MsgType>
<Event><![CDATA[VIEW]]></Event>
<EventKey><![CDATA[http://www.gzqtbw.com/app/index.php?i=10&c=home&t=12]]></EventKey>
<MenuId>427588424</MenuId>
</xml>

2017-11-08 18:52:33 params :
------------
Array:
message : Array ;
module : basic ;
rule : 11 ;
priority : 0 ;
keyword : Array ;

2017-11-08 18:52:33 response :
------------
Array:
FromUserName : gh_3280735b50d8 ;
ToUserName : oyWTK1OSHE_EdfJ4_tV9QYzOeerE ;
MsgType : text ;
Content : 欢迎关注黔满园荣贵微信公众号！ ;

2017-11-08 19:34:47 trace :
------------
String:
<xml><ToUserName><![CDATA[gh_be7e4da020bc]]></ToUserName>
<FromUserName><![CDATA[oPtQ2wKRbYqnnCKLjgZeggIUHqJs]]></FromUserName>
<CreateTime>1510140886</CreateTime>
<MsgType><![CDATA[event]]></MsgType>
<Event><![CDATA[subscribe]]></Event>
<EventKey><![CDATA[]]></EventKey>
</xml>

2017-11-08 19:34:47 params :
------------
Array:
message : Array ;
module : basic ;
rule : 10 ;
priority : 0 ;
keyword : Array ;

2017-11-08 19:34:47 response :
------------
Array:
FromUserName : gh_be7e4da020bc ;
ToUserName : oPtQ2wKRbYqnnCKLjgZeggIUHqJs ;
MsgType : text ;
Content : 欢迎关注美食广场微信公众号！ ;

2017-11-08 19:34:50 trace :
------------
String:
<xml><ToUserName><![CDATA[gh_be7e4da020bc]]></ToUserName>
<FromUserName><![CDATA[oPtQ2wKRbYqnnCKLjgZeggIUHqJs]]></FromUserName>
<CreateTime>1510140889</CreateTime>
<MsgType><![CDATA[event]]></MsgType>
<Event><![CDATA[VIEW]]></Event>
<EventKey><![CDATA[http://www.gzqtbw.com/app/index.php?i=8&c=home&t=8]]></EventKey>
<MenuId>430931951</MenuId>
</xml>

2017-11-08 19:34:50 params :
------------
Array:
message : Array ;
module : basic ;
rule : 10 ;
priority : 0 ;
keyword : Array ;

2017-11-08 19:34:50 response :
------------
Array:
FromUserName : gh_be7e4da020bc ;
ToUserName : oPtQ2wKRbYqnnCKLjgZeggIUHqJs ;
MsgType : text ;
Content : 欢迎关注美食广场微信公众号！ ;

2017-11-08 19:38:03 trace :
------------
String:
<xml><ToUserName><![CDATA[gh_9e16f2771397]]></ToUserName>
<FromUserName><![CDATA[oSSurv6AqfjiQ0FRtJzq8pvqsYOE]]></FromUserName>
<CreateTime>1510141082</CreateTime>
<MsgType><![CDATA[event]]></MsgType>
<Event><![CDATA[subscribe]]></Event>
<EventKey><![CDATA[]]></EventKey>
</xml>

2017-11-08 19:38:03 params :
------------
Array:
message : Array ;
module : basic ;
rule : 14 ;
priority : 0 ;
keyword : Array ;

2017-11-08 19:38:03 response :
------------
Array:
FromUserName : gh_9e16f2771397 ;
ToUserName : oSSurv6AqfjiQ0FRtJzq8pvqsYOE ;
MsgType : text ;
Content : 欢迎关注黔中一品酒楼微信公众号！ ;

2017-11-08 19:38:08 trace :
------------
String:
<xml><ToUserName><![CDATA[gh_9e16f2771397]]></ToUserName>
<FromUserName><![CDATA[oSSurv6AqfjiQ0FRtJzq8pvqsYOE]]></FromUserName>
<CreateTime>1510141087</CreateTime>
<MsgType><![CDATA[event]]></MsgType>
<Event><![CDATA[VIEW]]></Event>
<EventKey><![CDATA[http://www.gzqtbw.com/app/index.php?i=13&c=home&t=16]]></EventKey>
<MenuId>458685223</MenuId>
</xml>

2017-11-08 19:38:08 params :
------------
Array:
message : Array ;
module : basic ;
rule : 14 ;
priority : 0 ;
keyword : Array ;

2017-11-08 19:38:08 response :
------------
Array:
FromUserName : gh_9e16f2771397 ;
ToUserName : oSSurv6AqfjiQ0FRtJzq8pvqsYOE ;
MsgType : text ;
Content : 欢迎关注黔中一品酒楼微信公众号！ ;

2017-11-08 19:39:51 trace :
------------
String:
<xml><ToUserName><![CDATA[gh_3280735b50d8]]></ToUserName>
<FromUserName><![CDATA[oyWTK1E1nRLS-QatzjzIXpWnSmWU]]></FromUserName>
<CreateTime>1510141190</CreateTime>
<MsgType><![CDATA[event]]></MsgType>
<Event><![CDATA[subscribe]]></Event>
<EventKey><![CDATA[]]></EventKey>
</xml>

2017-11-08 19:39:51 params :
------------
Array:
message : Array ;
module : basic ;
rule : 11 ;
priority : 0 ;
keyword : Array ;

2017-11-08 19:39:51 response :
------------
Array:
FromUserName : gh_3280735b50d8 ;
ToUserName : oyWTK1E1nRLS-QatzjzIXpWnSmWU ;
MsgType : text ;
Content : 欢迎关注黔满园荣贵微信公众号！ ;

2017-11-08 19:39:55 trace :
------------
String:
<xml><ToUserName><![CDATA[gh_3280735b50d8]]></ToUserName>
<FromUserName><![CDATA[oyWTK1E1nRLS-QatzjzIXpWnSmWU]]></FromUserName>
<CreateTime>1510141194</CreateTime>
<MsgType><![CDATA[event]]></MsgType>
<Event><![CDATA[VIEW]]></Event>
<EventKey><![CDATA[http://www.gzqtbw.com/app/index.php?i=10&c=home&t=12]]></EventKey>
<MenuId>427588424</MenuId>
</xml>

2017-11-08 19:39:55 params :
------------
Array:
message : Array ;
module : basic ;
rule : 11 ;
priority : 0 ;
keyword : Array ;

2017-11-08 19:39:55 response :
------------
Array:
FromUserName : gh_3280735b50d8 ;
ToUserName : oyWTK1E1nRLS-QatzjzIXpWnSmWU ;
MsgType : text ;
Content : 欢迎关注黔满园荣贵微信公众号！ ;

2017-11-08 21:25:39 trace :
------------
String:
<xml><ToUserName><![CDATA[gh_3280735b50d8]]></ToUserName>
<FromUserName><![CDATA[oyWTK1IswBIZPcJOAtLrEtRoD--M]]></FromUserName>
<CreateTime>1510147538</CreateTime>
<MsgType><![CDATA[event]]></MsgType>
<Event><![CDATA[unsubscribe]]></Event>
<EventKey><![CDATA[]]></EventKey>
</xml>

2017-11-08 21:31:12 trace :
------------
String:
<xml><ToUserName><![CDATA[gh_3280735b50d8]]></ToUserName>
<FromUserName><![CDATA[oyWTK1DFTYJy4oMFteLfrq3L2UYI]]></FromUserName>
<CreateTime>1510147871</CreateTime>
<MsgType><![CDATA[event]]></MsgType>
<Event><![CDATA[subscribe]]></Event>
<EventKey><![CDATA[]]></EventKey>
</xml>

2017-11-08 21:31:12 params :
------------
Array:
message : Array ;
module : basic ;
rule : 11 ;
priority : 0 ;
keyword : Array ;

2017-11-08 21:31:12 response :
------------
Array:
FromUserName : gh_3280735b50d8 ;
ToUserName : oyWTK1DFTYJy4oMFteLfrq3L2UYI ;
MsgType : text ;
Content : 欢迎关注黔满园荣贵微信公众号！ ;

2017-11-08 22:22:58 trace :
------------
String:
<xml><ToUserName><![CDATA[gh_9e16f2771397]]></ToUserName>
<FromUserName><![CDATA[oSSurv4Ds-0y5e71J2LjVHogql1o]]></FromUserName>
<CreateTime>1510150977</CreateTime>
<MsgType><![CDATA[event]]></MsgType>
<Event><![CDATA[LOCATION]]></Event>
<Latitude>26.504868</Latitude>
<Longitude>106.688881</Longitude>
<Precision>30.000000</Precision>
</xml>

2017-11-08 22:22:58 params :
------------
Array:
message : Array ;
module : default ;
rule : -1 ;

2017-11-08 22:22:58 response :
------------
Array:
errno : -1 ;
message : Invaild value ;

2017-11-08 22:23:03 trace :
------------
String:
<xml><ToUserName><![CDATA[gh_9e16f2771397]]></ToUserName>
<FromUserName><![CDATA[oSSurv4Ds-0y5e71J2LjVHogql1o]]></FromUserName>
<CreateTime>1510150977</CreateTime>
<MsgType><![CDATA[event]]></MsgType>
<Event><![CDATA[VIEW]]></Event>
<EventKey><![CDATA[http://www.gzqtbw.com/app/index.php?i=13&c=home&t=16]]></EventKey>
<MenuId>458685223</MenuId>
</xml>

2017-11-08 22:23:03 params :
------------
Array:
message : Array ;
module : basic ;
rule : 14 ;
priority : 0 ;
keyword : Array ;

2017-11-08 22:23:03 response :
------------
Array:
FromUserName : gh_9e16f2771397 ;
ToUserName : oSSurv4Ds-0y5e71J2LjVHogql1o ;
MsgType : text ;
Content : 欢迎关注黔中一品酒楼微信公众号！ ;

2017-11-08 22:23:38 trace :
------------
String:
<xml><ToUserName><![CDATA[gh_9e16f2771397]]></ToUserName>
<FromUserName><![CDATA[oSSurv4Ds-0y5e71J2LjVHogql1o]]></FromUserName>
<CreateTime>1510151014</CreateTime>
<MsgType><![CDATA[event]]></MsgType>
<Event><![CDATA[LOCATION]]></Event>
<Latitude>26.504868</Latitude>
<Longitude>106.688881</Longitude>
<Precision>30.000000</Precision>
</xml>

2017-11-08 22:23:38 params :
------------
Array:
message : Array ;
module : default ;
rule : -1 ;

2017-11-08 22:23:38 response :
------------
Array:
errno : -1 ;
message : Invaild value ;

2017-11-08 22:23:39 trace :
------------
String:
<xml><ToUserName><![CDATA[gh_9e16f2771397]]></ToUserName>
<FromUserName><![CDATA[oSSurv4Ds-0y5e71J2LjVHogql1o]]></FromUserName>
<CreateTime>1510151018</CreateTime>
<MsgType><![CDATA[event]]></MsgType>
<Event><![CDATA[VIEW]]></Event>
<EventKey><![CDATA[http://www.gzqtbw.com/app/index.php?i=13&c=home&t=16]]></EventKey>
<MenuId>458685223</MenuId>
</xml>

2017-11-08 22:23:39 params :
------------
Array:
message : Array ;
module : basic ;
rule : 14 ;
priority : 0 ;
keyword : Array ;

2017-11-08 22:23:39 response :
------------
Array:
FromUserName : gh_9e16f2771397 ;
ToUserName : oSSurv4Ds-0y5e71J2LjVHogql1o ;
MsgType : text ;
Content : 欢迎关注黔中一品酒楼微信公众号！ ;

2017-11-08 22:23:43 trace :
------------
String:
<xml><ToUserName><![CDATA[gh_9e16f2771397]]></ToUserName>
<FromUserName><![CDATA[oSSurv4Ds-0y5e71J2LjVHogql1o]]></FromUserName>
<CreateTime>1510151014</CreateTime>
<MsgType><![CDATA[event]]></MsgType>
<Event><![CDATA[LOCATION]]></Event>
<Latitude>26.504868</Latitude>
<Longitude>106.688881</Longitude>
<Precision>30.000000</Precision>
</xml>

2017-11-08 22:23:43 params :
------------
Array:
message : Array ;
module : default ;
rule : -1 ;

2017-11-08 22:23:43 response :
------------
Array:
errno : -1 ;
message : Invaild value ;

2017-11-08 22:24:03 trace :
------------
String:
<xml><ToUserName><![CDATA[gh_9e16f2771397]]></ToUserName>
<FromUserName><![CDATA[oSSurv4Ds-0y5e71J2LjVHogql1o]]></FromUserName>
<CreateTime>1510151042</CreateTime>
<MsgType><![CDATA[event]]></MsgType>
<Event><![CDATA[LOCATION]]></Event>
<Latitude>26.504868</Latitude>
<Longitude>106.688881</Longitude>
<Precision>30.000000</Precision>
</xml>

2017-11-08 22:24:03 params :
------------
Array:
message : Array ;
module : default ;
rule : -1 ;

2017-11-08 22:24:03 response :
------------
Array:
errno : -1 ;
message : Invaild value ;

2017-11-08 22:24:05 trace :
------------
String:
<xml><ToUserName><![CDATA[gh_3280735b50d8]]></ToUserName>
<FromUserName><![CDATA[oyWTK1E1nRLS-QatzjzIXpWnSmWU]]></FromUserName>
<CreateTime>1510151044</CreateTime>
<MsgType><![CDATA[event]]></MsgType>
<Event><![CDATA[VIEW]]></Event>
<EventKey><![CDATA[http://www.gzqtbw.com/app/index.php?i=10&c=home&t=12]]></EventKey>
<MenuId>427588424</MenuId>
</xml>

2017-11-08 22:24:05 params :
------------
Array:
message : Array ;
module : basic ;
rule : 11 ;
priority : 0 ;
keyword : Array ;

2017-11-08 22:24:05 response :
------------
Array:
FromUserName : gh_3280735b50d8 ;
ToUserName : oyWTK1E1nRLS-QatzjzIXpWnSmWU ;
MsgType : text ;
Content : 欢迎关注黔满园荣贵微信公众号！ ;

2017-11-08 22:24:13 trace :
------------
String:
<xml><ToUserName><![CDATA[gh_9e16f2771397]]></ToUserName>
<FromUserName><![CDATA[oSSurv4Ds-0y5e71J2LjVHogql1o]]></FromUserName>
<CreateTime>1510151049</CreateTime>
<MsgType><![CDATA[event]]></MsgType>
<Event><![CDATA[VIEW]]></Event>
<EventKey><![CDATA[http://www.gzqtbw.com/app/index.php?i=13&c=home&t=16]]></EventKey>
<MenuId>458685223</MenuId>
</xml>

2017-11-08 22:24:13 params :
------------
Array:
message : Array ;
module : basic ;
rule : 14 ;
priority : 0 ;
keyword : Array ;

2017-11-08 22:24:13 response :
------------
Array:
FromUserName : gh_9e16f2771397 ;
ToUserName : oSSurv4Ds-0y5e71J2LjVHogql1o ;
MsgType : text ;
Content : 欢迎关注黔中一品酒楼微信公众号！ ;

2017-11-08 22:24:17 trace :
------------
String:
<xml><ToUserName><![CDATA[gh_9e16f2771397]]></ToUserName>
<FromUserName><![CDATA[oSSurv4Ds-0y5e71J2LjVHogql1o]]></FromUserName>
<CreateTime>1510151056</CreateTime>
<MsgType><![CDATA[event]]></MsgType>
<Event><![CDATA[LOCATION]]></Event>
<Latitude>26.504868</Latitude>
<Longitude>106.688881</Longitude>
<Precision>30.000000</Precision>
</xml>

2017-11-08 22:24:17 params :
------------
Array:
message : Array ;
module : default ;
rule : -1 ;

2017-11-08 22:24:17 response :
------------
Array:
errno : -1 ;
message : Invaild value ;

2017-11-08 22:24:26 trace :
------------
String:
<xml><ToUserName><![CDATA[gh_9e16f2771397]]></ToUserName>
<FromUserName><![CDATA[oSSurv4Ds-0y5e71J2LjVHogql1o]]></FromUserName>
<CreateTime>1510151062</CreateTime>
<MsgType><![CDATA[event]]></MsgType>
<Event><![CDATA[CLICK]]></Event>
<EventKey><![CDATA[.]]></EventKey>
</xml>

2017-11-08 22:24:26 params :
------------
Array:
message : Array ;
module : basic ;
rule : 14 ;
priority : 0 ;
keyword : Array ;

2017-11-08 22:24:26 response :
------------
Array:
FromUserName : gh_9e16f2771397 ;
ToUserName : oSSurv4Ds-0y5e71J2LjVHogql1o ;
MsgType : text ;
Content : 欢迎关注黔中一品酒楼微信公众号！ ;

