2017-08-05 09:29:18 trace :
------------
String:
<xml><ToUserName><![CDATA[gh_be7e4da020bc]]></ToUserName>
<FromUserName><![CDATA[oPtQ2wBbarkUNuC5vybE8NOWun1Y]]></FromUserName>
<CreateTime>1501896557</CreateTime>
<MsgType><![CDATA[event]]></MsgType>
<Event><![CDATA[VIEW]]></Event>
<EventKey><![CDATA[http://www.gzqtbw.com/app/index.php?i=8&c=home&t=8]]></EventKey>
<MenuId>430524894</MenuId>
</xml>

2017-08-05 09:29:18 params :
------------
Array:
message : Array ;
module : basic ;
rule : 10 ;
priority : 0 ;
keyword : Array ;

2017-08-05 09:29:18 response :
------------
Array:
FromUserName : gh_be7e4da020bc ;
ToUserName : oPtQ2wBbarkUNuC5vybE8NOWun1Y ;
MsgType : text ;
Content : 欢迎关注美食广场微信公众号！ ;

2017-08-05 11:06:38 trace :
------------
String:
<xml><ToUserName><![CDATA[gh_be7e4da020bc]]></ToUserName>
<FromUserName><![CDATA[oPtQ2wBbarkUNuC5vybE8NOWun1Y]]></FromUserName>
<CreateTime>1501902398</CreateTime>
<MsgType><![CDATA[event]]></MsgType>
<Event><![CDATA[VIEW]]></Event>
<EventKey><![CDATA[http://www.gzqtbw.com/app/index.php?i=8&c=home&t=8]]></EventKey>
<MenuId>430524894</MenuId>
</xml>

2017-08-05 11:06:38 params :
------------
Array:
message : Array ;
module : basic ;
rule : 10 ;
priority : 0 ;
keyword : Array ;

2017-08-05 11:06:38 response :
------------
Array:
FromUserName : gh_be7e4da020bc ;
ToUserName : oPtQ2wBbarkUNuC5vybE8NOWun1Y ;
MsgType : text ;
Content : 欢迎关注美食广场微信公众号！ ;

2017-08-05 11:08:16 trace :
------------
String:
<xml><ToUserName><![CDATA[gh_be7e4da020bc]]></ToUserName>
<FromUserName><![CDATA[oPtQ2wBbarkUNuC5vybE8NOWun1Y]]></FromUserName>
<CreateTime>1501902495</CreateTime>
<MsgType><![CDATA[event]]></MsgType>
<Event><![CDATA[VIEW]]></Event>
<EventKey><![CDATA[http://www.gzqtbw.com/app/index.php?i=8&c=home&t=8]]></EventKey>
<MenuId>430524894</MenuId>
</xml>

2017-08-05 11:08:16 params :
------------
Array:
message : Array ;
module : basic ;
rule : 10 ;
priority : 0 ;
keyword : Array ;

2017-08-05 11:08:16 response :
------------
Array:
FromUserName : gh_be7e4da020bc ;
ToUserName : oPtQ2wBbarkUNuC5vybE8NOWun1Y ;
MsgType : text ;
Content : 欢迎关注美食广场微信公众号！ ;

2017-08-05 11:10:04 trace :
------------
String:
<xml><ToUserName><![CDATA[gh_be7e4da020bc]]></ToUserName>
<FromUserName><![CDATA[oPtQ2wD4bC2Q_szdaJWuQYNQ-Kr0]]></FromUserName>
<CreateTime>1501902603</CreateTime>
<MsgType><![CDATA[event]]></MsgType>
<Event><![CDATA[VIEW]]></Event>
<EventKey><![CDATA[http://www.gzqtbw.com/app/index.php?i=8&c=home&t=8]]></EventKey>
<MenuId>430524894</MenuId>
</xml>

2017-08-05 11:10:04 params :
------------
Array:
message : Array ;
module : basic ;
rule : 10 ;
priority : 0 ;
keyword : Array ;

2017-08-05 11:10:04 response :
------------
Array:
FromUserName : gh_be7e4da020bc ;
ToUserName : oPtQ2wD4bC2Q_szdaJWuQYNQ-Kr0 ;
MsgType : text ;
Content : 欢迎关注美食广场微信公众号！ ;

2017-08-05 11:36:47 trace :
------------
String:
<xml><ToUserName><![CDATA[gh_be7e4da020bc]]></ToUserName>
<FromUserName><![CDATA[oPtQ2wBbarkUNuC5vybE8NOWun1Y]]></FromUserName>
<CreateTime>1501904206</CreateTime>
<MsgType><![CDATA[event]]></MsgType>
<Event><![CDATA[VIEW]]></Event>
<EventKey><![CDATA[http://www.gzqtbw.com/app/index.php?i=8&c=home&t=8]]></EventKey>
<MenuId>430524894</MenuId>
</xml>

2017-08-05 11:36:47 params :
------------
Array:
message : Array ;
module : basic ;
rule : 10 ;
priority : 0 ;
keyword : Array ;

2017-08-05 11:36:47 response :
------------
Array:
FromUserName : gh_be7e4da020bc ;
ToUserName : oPtQ2wBbarkUNuC5vybE8NOWun1Y ;
MsgType : text ;
Content : 欢迎关注美食广场微信公众号！ ;

2017-08-05 12:09:47 trace :
------------
String:
<xml><ToUserName><![CDATA[gh_be7e4da020bc]]></ToUserName>
<FromUserName><![CDATA[oPtQ2wHv-ld4CDXwNwdzNTbUvF5Q]]></FromUserName>
<CreateTime>1501906187</CreateTime>
<MsgType><![CDATA[event]]></MsgType>
<Event><![CDATA[subscribe]]></Event>
<EventKey><![CDATA[]]></EventKey>
</xml>

2017-08-05 12:09:47 params :
------------
Array:
message : Array ;
module : basic ;
rule : 10 ;
priority : 0 ;
keyword : Array ;

2017-08-05 12:09:47 response :
------------
Array:
FromUserName : gh_be7e4da020bc ;
ToUserName : oPtQ2wHv-ld4CDXwNwdzNTbUvF5Q ;
MsgType : text ;
Content : 欢迎关注美食广场微信公众号！ ;

2017-08-05 12:09:55 trace :
------------
String:
<xml><ToUserName><![CDATA[gh_be7e4da020bc]]></ToUserName>
<FromUserName><![CDATA[oPtQ2wHv-ld4CDXwNwdzNTbUvF5Q]]></FromUserName>
<CreateTime>1501906194</CreateTime>
<MsgType><![CDATA[event]]></MsgType>
<Event><![CDATA[VIEW]]></Event>
<EventKey><![CDATA[http://www.gzqtbw.com/app/index.php?i=8&c=home&t=8]]></EventKey>
<MenuId>430524894</MenuId>
</xml>

2017-08-05 12:09:55 params :
------------
Array:
message : Array ;
module : basic ;
rule : 10 ;
priority : 0 ;
keyword : Array ;

2017-08-05 12:09:55 response :
------------
Array:
FromUserName : gh_be7e4da020bc ;
ToUserName : oPtQ2wHv-ld4CDXwNwdzNTbUvF5Q ;
MsgType : text ;
Content : 欢迎关注美食广场微信公众号！ ;

2017-08-05 12:12:26 trace :
------------
String:
<xml><ToUserName><![CDATA[gh_be7e4da020bc]]></ToUserName>
<FromUserName><![CDATA[oPtQ2wHv-ld4CDXwNwdzNTbUvF5Q]]></FromUserName>
<CreateTime>1501906345</CreateTime>
<MsgType><![CDATA[event]]></MsgType>
<Event><![CDATA[VIEW]]></Event>
<EventKey><![CDATA[http://www.gzqtbw.com/app/index.php?i=8&c=home&t=8]]></EventKey>
<MenuId>430524894</MenuId>
</xml>

2017-08-05 12:12:26 params :
------------
Array:
message : Array ;
module : basic ;
rule : 10 ;
priority : 0 ;
keyword : Array ;

2017-08-05 12:12:26 response :
------------
Array:
FromUserName : gh_be7e4da020bc ;
ToUserName : oPtQ2wHv-ld4CDXwNwdzNTbUvF5Q ;
MsgType : text ;
Content : 欢迎关注美食广场微信公众号！ ;

2017-08-05 12:18:19 trace :
------------
String:
<xml><ToUserName><![CDATA[gh_be7e4da020bc]]></ToUserName>
<FromUserName><![CDATA[oPtQ2wH36qzj-vGOCVSb19FUbAms]]></FromUserName>
<CreateTime>1501906699</CreateTime>
<MsgType><![CDATA[event]]></MsgType>
<Event><![CDATA[VIEW]]></Event>
<EventKey><![CDATA[http://www.gzqtbw.com/app/index.php?i=8&c=home&t=8]]></EventKey>
<MenuId>430524894</MenuId>
</xml>

2017-08-05 12:18:19 params :
------------
Array:
message : Array ;
module : basic ;
rule : 10 ;
priority : 0 ;
keyword : Array ;

2017-08-05 12:18:19 response :
------------
Array:
FromUserName : gh_be7e4da020bc ;
ToUserName : oPtQ2wH36qzj-vGOCVSb19FUbAms ;
MsgType : text ;
Content : 欢迎关注美食广场微信公众号！ ;

2017-08-05 12:24:49 trace :
------------
String:
<xml><ToUserName><![CDATA[gh_be7e4da020bc]]></ToUserName>
<FromUserName><![CDATA[oPtQ2wHbXrDt65xAg3zeOt8bvpOg]]></FromUserName>
<CreateTime>1501907088</CreateTime>
<MsgType><![CDATA[event]]></MsgType>
<Event><![CDATA[VIEW]]></Event>
<EventKey><![CDATA[http://www.gzqtbw.com/app/index.php?i=8&c=home&t=8]]></EventKey>
<MenuId>430524894</MenuId>
</xml>

2017-08-05 12:24:49 params :
------------
Array:
message : Array ;
module : basic ;
rule : 10 ;
priority : 0 ;
keyword : Array ;

2017-08-05 12:24:49 response :
------------
Array:
FromUserName : gh_be7e4da020bc ;
ToUserName : oPtQ2wHbXrDt65xAg3zeOt8bvpOg ;
MsgType : text ;
Content : 欢迎关注美食广场微信公众号！ ;

2017-08-05 12:49:45 trace :
------------
String:
<xml><ToUserName><![CDATA[gh_be7e4da020bc]]></ToUserName>
<FromUserName><![CDATA[oPtQ2wHbXrDt65xAg3zeOt8bvpOg]]></FromUserName>
<CreateTime>1501908584</CreateTime>
<MsgType><![CDATA[event]]></MsgType>
<Event><![CDATA[VIEW]]></Event>
<EventKey><![CDATA[http://www.gzqtbw.com/app/index.php?i=8&c=home&t=8]]></EventKey>
<MenuId>430524894</MenuId>
</xml>

2017-08-05 12:49:45 params :
------------
Array:
message : Array ;
module : basic ;
rule : 10 ;
priority : 0 ;
keyword : Array ;

2017-08-05 12:49:45 response :
------------
Array:
FromUserName : gh_be7e4da020bc ;
ToUserName : oPtQ2wHbXrDt65xAg3zeOt8bvpOg ;
MsgType : text ;
Content : 欢迎关注美食广场微信公众号！ ;

2017-08-05 13:12:31 trace :
------------
String:
<xml><ToUserName><![CDATA[gh_be7e4da020bc]]></ToUserName>
<FromUserName><![CDATA[oPtQ2wHbXrDt65xAg3zeOt8bvpOg]]></FromUserName>
<CreateTime>1501909950</CreateTime>
<MsgType><![CDATA[event]]></MsgType>
<Event><![CDATA[VIEW]]></Event>
<EventKey><![CDATA[http://www.gzqtbw.com/app/index.php?i=8&c=home&t=8]]></EventKey>
<MenuId>430524894</MenuId>
</xml>

2017-08-05 13:12:31 params :
------------
Array:
message : Array ;
module : basic ;
rule : 10 ;
priority : 0 ;
keyword : Array ;

2017-08-05 13:12:31 response :
------------
Array:
FromUserName : gh_be7e4da020bc ;
ToUserName : oPtQ2wHbXrDt65xAg3zeOt8bvpOg ;
MsgType : text ;
Content : 欢迎关注美食广场微信公众号！ ;

2017-08-05 13:23:24 trace :
------------
String:
<xml><ToUserName><![CDATA[gh_be7e4da020bc]]></ToUserName>
<FromUserName><![CDATA[oPtQ2wMWoA9VQFP7OtAWLJGfHniM]]></FromUserName>
<CreateTime>1501910604</CreateTime>
<MsgType><![CDATA[event]]></MsgType>
<Event><![CDATA[subscribe]]></Event>
<EventKey><![CDATA[]]></EventKey>
</xml>

2017-08-05 13:23:24 params :
------------
Array:
message : Array ;
module : basic ;
rule : 10 ;
priority : 0 ;
keyword : Array ;

2017-08-05 13:23:24 response :
------------
Array:
FromUserName : gh_be7e4da020bc ;
ToUserName : oPtQ2wMWoA9VQFP7OtAWLJGfHniM ;
MsgType : text ;
Content : 欢迎关注美食广场微信公众号！ ;

2017-08-05 13:23:28 trace :
------------
String:
<xml><ToUserName><![CDATA[gh_be7e4da020bc]]></ToUserName>
<FromUserName><![CDATA[oPtQ2wMWoA9VQFP7OtAWLJGfHniM]]></FromUserName>
<CreateTime>1501910607</CreateTime>
<MsgType><![CDATA[event]]></MsgType>
<Event><![CDATA[VIEW]]></Event>
<EventKey><![CDATA[http://www.gzqtbw.com/app/index.php?i=8&c=home&t=8]]></EventKey>
<MenuId>430524894</MenuId>
</xml>

2017-08-05 13:23:28 params :
------------
Array:
message : Array ;
module : basic ;
rule : 10 ;
priority : 0 ;
keyword : Array ;

2017-08-05 13:23:28 response :
------------
Array:
FromUserName : gh_be7e4da020bc ;
ToUserName : oPtQ2wMWoA9VQFP7OtAWLJGfHniM ;
MsgType : text ;
Content : 欢迎关注美食广场微信公众号！ ;

2017-08-05 13:23:32 trace :
------------
String:
<xml><ToUserName><![CDATA[gh_be7e4da020bc]]></ToUserName>
<FromUserName><![CDATA[oPtQ2wMWoA9VQFP7OtAWLJGfHniM]]></FromUserName>
<CreateTime>1501910612</CreateTime>
<MsgType><![CDATA[event]]></MsgType>
<Event><![CDATA[VIEW]]></Event>
<EventKey><![CDATA[http://www.gzqtbw.com/app/index.php?i=8&c=home&t=8]]></EventKey>
<MenuId>430524894</MenuId>
</xml>

2017-08-05 13:23:32 params :
------------
Array:
message : Array ;
module : basic ;
rule : 10 ;
priority : 0 ;
keyword : Array ;

2017-08-05 13:23:32 response :
------------
Array:
FromUserName : gh_be7e4da020bc ;
ToUserName : oPtQ2wMWoA9VQFP7OtAWLJGfHniM ;
MsgType : text ;
Content : 欢迎关注美食广场微信公众号！ ;

2017-08-05 14:53:36 trace :
------------
String:
<xml><ToUserName><![CDATA[gh_be7e4da020bc]]></ToUserName>
<FromUserName><![CDATA[oPtQ2wO71oaHUWD44rL4St5now9A]]></FromUserName>
<CreateTime>1501916015</CreateTime>
<MsgType><![CDATA[event]]></MsgType>
<Event><![CDATA[subscribe]]></Event>
<EventKey><![CDATA[]]></EventKey>
</xml>

2017-08-05 14:53:36 params :
------------
Array:
message : Array ;
module : basic ;
rule : 10 ;
priority : 0 ;
keyword : Array ;

2017-08-05 14:53:36 response :
------------
Array:
FromUserName : gh_be7e4da020bc ;
ToUserName : oPtQ2wO71oaHUWD44rL4St5now9A ;
MsgType : text ;
Content : 欢迎关注美食广场微信公众号！ ;

2017-08-05 14:53:41 trace :
------------
String:
<xml><ToUserName><![CDATA[gh_be7e4da020bc]]></ToUserName>
<FromUserName><![CDATA[oPtQ2wO71oaHUWD44rL4St5now9A]]></FromUserName>
<CreateTime>1501916020</CreateTime>
<MsgType><![CDATA[event]]></MsgType>
<Event><![CDATA[VIEW]]></Event>
<EventKey><![CDATA[http://www.gzqtbw.com/app/index.php?i=8&c=home&t=8]]></EventKey>
<MenuId>430524894</MenuId>
</xml>

2017-08-05 14:53:41 params :
------------
Array:
message : Array ;
module : basic ;
rule : 10 ;
priority : 0 ;
keyword : Array ;

2017-08-05 14:53:41 response :
------------
Array:
FromUserName : gh_be7e4da020bc ;
ToUserName : oPtQ2wO71oaHUWD44rL4St5now9A ;
MsgType : text ;
Content : 欢迎关注美食广场微信公众号！ ;

2017-08-05 14:59:11 trace :
------------
String:
<xml><ToUserName><![CDATA[gh_be7e4da020bc]]></ToUserName>
<FromUserName><![CDATA[oPtQ2wAF6lBsLKT3-EYajgiMc39k]]></FromUserName>
<CreateTime>1501916351</CreateTime>
<MsgType><![CDATA[event]]></MsgType>
<Event><![CDATA[VIEW]]></Event>
<EventKey><![CDATA[http://www.gzqtbw.com/app/index.php?i=8&c=home&t=8]]></EventKey>
<MenuId>430524894</MenuId>
</xml>

2017-08-05 14:59:12 params :
------------
Array:
message : Array ;
module : basic ;
rule : 10 ;
priority : 0 ;
keyword : Array ;

2017-08-05 14:59:12 response :
------------
Array:
FromUserName : gh_be7e4da020bc ;
ToUserName : oPtQ2wAF6lBsLKT3-EYajgiMc39k ;
MsgType : text ;
Content : 欢迎关注美食广场微信公众号！ ;

2017-08-05 15:03:46 trace :
------------
String:
<xml><ToUserName><![CDATA[gh_be7e4da020bc]]></ToUserName>
<FromUserName><![CDATA[oPtQ2wO71oaHUWD44rL4St5now9A]]></FromUserName>
<CreateTime>1501916626</CreateTime>
<MsgType><![CDATA[event]]></MsgType>
<Event><![CDATA[unsubscribe]]></Event>
<EventKey><![CDATA[]]></EventKey>
</xml>

