2017-12-21 11:22:11 trace :
------------
Array:
errno : -1 ;
message : 微信公众平台返回接口错误. 
错误代码为: 40005 
,错误描述为: appid 校验错误 ;

2017-12-21 11:22:11 waring :
------------
String:
Request Failed

2017-12-21 11:22:18 trace :
------------
Array:
errno : -1 ;
message : 微信公众平台返回接口错误. 
错误代码为: 40005 
,错误描述为: appid 校验错误 ;

2017-12-21 11:22:18 waring :
------------
String:
Request Failed

2017-12-21 11:22:21 trace :
------------
Array:
errno : -1 ;
message : 微信公众平台返回接口错误. 
错误代码为: 40005 
,错误描述为: appid 校验错误 ;

2017-12-21 11:22:21 waring :
------------
String:
Request Failed

2017-12-21 11:22:26 trace :
------------
Array:
errno : -1 ;
message : 微信公众平台返回接口错误. 
错误代码为: 40005 
,错误描述为: appid 校验错误 ;

2017-12-21 11:22:26 waring :
------------
String:
Request Failed

2017-12-21 12:04:33 trace :
------------
Array:
errno : -1 ;
message : 微信公众平台返回接口错误. 
错误代码为: 40005 
,错误描述为: appid 校验错误 ;

2017-12-21 12:04:33 waring :
------------
String:
Request Failed

2017-12-21 12:04:38 trace :
------------
Array:
errno : -1 ;
message : 微信公众平台返回接口错误. 
错误代码为: 40005 
,错误描述为: appid 校验错误 ;

2017-12-21 12:04:38 waring :
------------
String:
Request Failed

2017-12-21 12:04:40 trace :
------------
Array:
errno : -1 ;
message : 微信公众平台返回接口错误. 
错误代码为: 40005 
,错误描述为: appid 校验错误 ;

2017-12-21 12:04:40 waring :
------------
String:
Request Failed

2017-12-21 12:04:40 trace :
------------
Array:
errno : -1 ;
message : 微信公众平台返回接口错误. 
错误代码为: 40005 
,错误描述为: appid 校验错误 ;

2017-12-21 12:04:40 waring :
------------
String:
Request Failed

2017-12-21 12:04:42 trace :
------------
Array:
errno : -1 ;
message : 微信公众平台返回接口错误. 
错误代码为: 40005 
,错误描述为: appid 校验错误 ;

2017-12-21 12:04:42 waring :
------------
String:
Request Failed

2017-12-21 12:08:35 trace :
------------
Array:
errno : -1 ;
message : 微信公众平台返回接口错误. 
错误代码为: 40005 
,错误描述为: appid 校验错误 ;

2017-12-21 12:08:35 waring :
------------
String:
Request Failed

2017-12-21 12:08:39 trace :
------------
Array:
errno : -1 ;
message : 微信公众平台返回接口错误. 
错误代码为: 40005 
,错误描述为: appid 校验错误 ;

2017-12-21 12:08:39 waring :
------------
String:
Request Failed

2017-12-21 13:16:55 trace :
------------
Array:
errno : -1 ;
message : 微信公众平台返回接口错误. 
错误代码为: 40005 
,错误描述为: appid 校验错误 ;

2017-12-21 13:16:55 waring :
------------
String:
Request Failed

2017-12-21 13:17:03 trace :
------------
Array:
errno : -1 ;
message : 微信公众平台返回接口错误. 
错误代码为: 40005 
,错误描述为: appid 校验错误 ;

2017-12-21 13:17:03 waring :
------------
String:
Request Failed

2017-12-21 13:17:09 trace :
------------
Array:
errno : -1 ;
message : 微信公众平台返回接口错误. 
错误代码为: 40005 
,错误描述为: appid 校验错误 ;

2017-12-21 13:17:09 waring :
------------
String:
Request Failed

2017-12-21 13:17:21 trace :
------------
Array:
errno : -1 ;
message : 微信公众平台返回接口错误. 
错误代码为: 40005 
,错误描述为: appid 校验错误 ;

2017-12-21 13:17:21 waring :
------------
String:
Request Failed

2017-12-21 13:17:36 trace :
------------
Array:
errno : -1 ;
message : 微信公众平台返回接口错误. 
错误代码为: 40005 
,错误描述为: appid 校验错误 ;

2017-12-21 13:17:36 waring :
------------
String:
Request Failed

2017-12-21 13:18:23 trace :
------------
Array:
errno : -1 ;
message : 微信公众平台返回接口错误. 
错误代码为: 40005 
,错误描述为: appid 校验错误 ;

2017-12-21 13:18:23 waring :
------------
String:
Request Failed

2017-12-21 13:18:33 trace :
------------
Array:
errno : -1 ;
message : 微信公众平台返回接口错误. 
错误代码为: 40005 
,错误描述为: appid 校验错误 ;

2017-12-21 13:18:33 waring :
------------
String:
Request Failed

2017-12-21 13:19:08 trace :
------------
Array:
errno : -1 ;
message : 微信公众平台返回接口错误. 
错误代码为: 40005 
,错误描述为: appid 校验错误 ;

2017-12-21 13:19:08 waring :
------------
String:
Request Failed

2017-12-21 13:19:12 trace :
------------
Array:
errno : -1 ;
message : 微信公众平台返回接口错误. 
错误代码为: 40005 
,错误描述为: appid 校验错误 ;

2017-12-21 13:19:12 waring :
------------
String:
Request Failed

2017-12-21 14:19:04 trace :
------------
Array:
errno : -1 ;
message : 微信公众平台返回接口错误. 
错误代码为: 40005 
,错误描述为: appid 校验错误 ;

2017-12-21 14:19:04 waring :
------------
String:
Request Failed

2017-12-21 14:19:16 trace :
------------
Array:
errno : -1 ;
message : 微信公众平台返回接口错误. 
错误代码为: 40005 
,错误描述为: appid 校验错误 ;

2017-12-21 14:19:16 waring :
------------
String:
Request Failed

2017-12-21 14:19:27 trace :
------------
Array:
errno : -1 ;
message : 微信公众平台返回接口错误. 
错误代码为: 40005 
,错误描述为: appid 校验错误 ;

2017-12-21 14:19:27 waring :
------------
String:
Request Failed

2017-12-21 14:19:42 trace :
------------
Array:
errno : -1 ;
message : 微信公众平台返回接口错误. 
错误代码为: 40005 
,错误描述为: appid 校验错误 ;

2017-12-21 14:19:42 waring :
------------
String:
Request Failed

2017-12-21 14:20:11 trace :
------------
Array:
errno : -1 ;
message : 微信公众平台返回接口错误. 
错误代码为: 40005 
,错误描述为: appid 校验错误 ;

2017-12-21 14:20:11 waring :
------------
String:
Request Failed

2017-12-21 14:20:50 trace :
------------
Array:
errno : -1 ;
message : 微信公众平台返回接口错误. 
错误代码为: 40005 
,错误描述为: appid 校验错误 ;

2017-12-21 14:20:50 waring :
------------
String:
Request Failed

2017-12-21 14:21:16 trace :
------------
Array:
errno : -1 ;
message : 微信公众平台返回接口错误. 
错误代码为: 40005 
,错误描述为: appid 校验错误 ;

2017-12-21 14:21:16 waring :
------------
String:
Request Failed

2017-12-21 14:21:32 trace :
------------
Array:
errno : -1 ;
message : 微信公众平台返回接口错误. 
错误代码为: 40005 
,错误描述为: appid 校验错误 ;

2017-12-21 14:21:32 waring :
------------
String:
Request Failed

2017-12-21 17:47:15 trace :
------------
String:
<xml><ToUserName><![CDATA[gh_3280735b50d8]]></ToUserName>
<FromUserName><![CDATA[oyWTK1MB7rnEJq_JNqbEiYerVW-Y]]></FromUserName>
<CreateTime>1513849635</CreateTime>
<MsgType><![CDATA[event]]></MsgType>
<Event><![CDATA[subscribe]]></Event>
<EventKey><![CDATA[]]></EventKey>
</xml>

2017-12-21 17:47:15 params :
------------
Array:
message : Array ;
module : basic ;
rule : 11 ;
priority : 0 ;
keyword : Array ;

2017-12-21 17:47:15 response :
------------
Array:
FromUserName : gh_3280735b50d8 ;
ToUserName : oyWTK1MB7rnEJq_JNqbEiYerVW-Y ;
MsgType : text ;
Content : 欢迎关注黔满园荣贵微信公众号！ ;

2017-12-21 17:51:52 trace :
------------
String:
<xml><ToUserName><![CDATA[gh_3280735b50d8]]></ToUserName>
<FromUserName><![CDATA[oyWTK1MB7rnEJq_JNqbEiYerVW-Y]]></FromUserName>
<CreateTime>1513849912</CreateTime>
<MsgType><![CDATA[event]]></MsgType>
<Event><![CDATA[VIEW]]></Event>
<EventKey><![CDATA[http://www.gzqtbw.com/app/index.php?i=10&c=mc&a=card&do=sign_display&]]></EventKey>
<MenuId>427588424</MenuId>
</xml>

2017-12-21 17:51:52 params :
------------
Array:
message : Array ;
module : basic ;
rule : 11 ;
priority : 0 ;
keyword : Array ;

2017-12-21 17:51:52 response :
------------
Array:
FromUserName : gh_3280735b50d8 ;
ToUserName : oyWTK1MB7rnEJq_JNqbEiYerVW-Y ;
MsgType : text ;
Content : 欢迎关注黔满园荣贵微信公众号！ ;

2017-12-21 18:04:22 trace :
------------
String:
<xml><ToUserName><![CDATA[gh_3280735b50d8]]></ToUserName>
<FromUserName><![CDATA[oyWTK1HiHjxxljd45izPEpbpj5BQ]]></FromUserName>
<CreateTime>1513850662</CreateTime>
<MsgType><![CDATA[event]]></MsgType>
<Event><![CDATA[subscribe]]></Event>
<EventKey><![CDATA[]]></EventKey>
</xml>

2017-12-21 18:04:22 params :
------------
Array:
message : Array ;
module : basic ;
rule : 11 ;
priority : 0 ;
keyword : Array ;

2017-12-21 18:04:22 response :
------------
Array:
FromUserName : gh_3280735b50d8 ;
ToUserName : oyWTK1HiHjxxljd45izPEpbpj5BQ ;
MsgType : text ;
Content : 欢迎关注黔满园荣贵微信公众号！ ;

2017-12-21 18:05:26 trace :
------------
String:
<xml><ToUserName><![CDATA[gh_3280735b50d8]]></ToUserName>
<FromUserName><![CDATA[oyWTK1Np-KC1GxOJb-dy-1UvOY8s]]></FromUserName>
<CreateTime>1513850726</CreateTime>
<MsgType><![CDATA[event]]></MsgType>
<Event><![CDATA[subscribe]]></Event>
<EventKey><![CDATA[]]></EventKey>
</xml>

2017-12-21 18:05:26 params :
------------
Array:
message : Array ;
module : basic ;
rule : 11 ;
priority : 0 ;
keyword : Array ;

2017-12-21 18:05:26 response :
------------
Array:
FromUserName : gh_3280735b50d8 ;
ToUserName : oyWTK1Np-KC1GxOJb-dy-1UvOY8s ;
MsgType : text ;
Content : 欢迎关注黔满园荣贵微信公众号！ ;

2017-12-21 18:26:43 trace :
------------
String:
<xml><ToUserName><![CDATA[gh_3280735b50d8]]></ToUserName>
<FromUserName><![CDATA[oyWTK1NmBv_Qrit_aXPQVQcRd1Tk]]></FromUserName>
<CreateTime>1513852003</CreateTime>
<MsgType><![CDATA[event]]></MsgType>
<Event><![CDATA[subscribe]]></Event>
<EventKey><![CDATA[]]></EventKey>
</xml>

2017-12-21 18:26:43 params :
------------
Array:
message : Array ;
module : basic ;
rule : 11 ;
priority : 0 ;
keyword : Array ;

2017-12-21 18:26:43 response :
------------
Array:
FromUserName : gh_3280735b50d8 ;
ToUserName : oyWTK1NmBv_Qrit_aXPQVQcRd1Tk ;
MsgType : text ;
Content : 欢迎关注黔满园荣贵微信公众号！ ;

2017-12-21 19:55:34 trace :
------------
String:
<xml><ToUserName><![CDATA[gh_07a7ab1e550f]]></ToUserName>
<FromUserName><![CDATA[oBqpn1eVaC6ZWL6sFGb6OYwWuG3I]]></FromUserName>
<CreateTime>1513857332</CreateTime>
<MsgType><![CDATA[event]]></MsgType>
<Event><![CDATA[subscribe]]></Event>
<EventKey><![CDATA[]]></EventKey>
</xml>

2017-12-21 19:55:34 params :
------------
Array:
message : Array ;
module : basic ;
rule : 20 ;
priority : 0 ;
keyword : Array ;

2017-12-21 19:55:34 response :
------------
Array:
FromUserName : gh_07a7ab1e550f ;
ToUserName : oBqpn1eVaC6ZWL6sFGb6OYwWuG3I ;
MsgType : text ;
Content : 感谢关注贵州罗甸红心火龙果/爱心 ;

2017-12-21 19:55:36 trace :
------------
String:
<xml><ToUserName><![CDATA[gh_07a7ab1e550f]]></ToUserName>
<FromUserName><![CDATA[oBqpn1eVaC6ZWL6sFGb6OYwWuG3I]]></FromUserName>
<CreateTime>1513857335</CreateTime>
<MsgType><![CDATA[event]]></MsgType>
<Event><![CDATA[VIEW]]></Event>
<EventKey><![CDATA[http://www.gzqtbw.com/app/index.php?i=18&c=entry&do=shop&m=ewei_shop]]></EventKey>
<MenuId>441791206</MenuId>
</xml>

2017-12-21 19:55:36 params :
------------
Array:
message : Array ;
module : basic ;
rule : 20 ;
priority : 0 ;
keyword : Array ;

2017-12-21 19:55:36 response :
------------
Array:
FromUserName : gh_07a7ab1e550f ;
ToUserName : oBqpn1eVaC6ZWL6sFGb6OYwWuG3I ;
MsgType : text ;
Content : 感谢关注贵州罗甸红心火龙果/爱心 ;

2017-12-21 19:56:58 trace :
------------
String:
<xml><ToUserName><![CDATA[gh_07a7ab1e550f]]></ToUserName>
<FromUserName><![CDATA[oBqpn1eVaC6ZWL6sFGb6OYwWuG3I]]></FromUserName>
<CreateTime>1513857417</CreateTime>
<MsgType><![CDATA[text]]></MsgType>
<Content><![CDATA[联系方式多少呀]]></Content>
<MsgId>6501968097263942977</MsgId>
</xml>

2017-12-21 19:56:58 params :
------------
Array:
message : Array ;
module : basic ;
rule : 20 ;
priority : 0 ;
keyword : Array ;

2017-12-21 19:56:58 response :
------------
Array:
FromUserName : gh_07a7ab1e550f ;
ToUserName : oBqpn1eVaC6ZWL6sFGb6OYwWuG3I ;
MsgType : text ;
Content : 感谢关注贵州罗甸红心火龙果/爱心 ;

2017-12-21 20:04:20 trace :
------------
String:
<xml><ToUserName><![CDATA[gh_07a7ab1e550f]]></ToUserName>
<FromUserName><![CDATA[oBqpn1eVaC6ZWL6sFGb6OYwWuG3I]]></FromUserName>
<CreateTime>1513857859</CreateTime>
<MsgType><![CDATA[event]]></MsgType>
<Event><![CDATA[VIEW]]></Event>
<EventKey><![CDATA[http://www.gzqtbw.com/app/index.php?i=18&c=home&t=26]]></EventKey>
<MenuId>441791206</MenuId>
</xml>

2017-12-21 20:04:20 params :
------------
Array:
message : Array ;
module : basic ;
rule : 20 ;
priority : 0 ;
keyword : Array ;

2017-12-21 20:04:20 response :
------------
Array:
FromUserName : gh_07a7ab1e550f ;
ToUserName : oBqpn1eVaC6ZWL6sFGb6OYwWuG3I ;
MsgType : text ;
Content : 感谢关注贵州罗甸红心火龙果/爱心 ;

2017-12-21 20:06:26 trace :
------------
String:
<xml><ToUserName><![CDATA[gh_07a7ab1e550f]]></ToUserName>
<FromUserName><![CDATA[oBqpn1eVaC6ZWL6sFGb6OYwWuG3I]]></FromUserName>
<CreateTime>1513857985</CreateTime>
<MsgType><![CDATA[event]]></MsgType>
<Event><![CDATA[unsubscribe]]></Event>
<EventKey><![CDATA[]]></EventKey>
</xml>

2017-12-21 22:03:07 trace :
------------
String:
<xml><ToUserName><![CDATA[gh_3280735b50d8]]></ToUserName>
<FromUserName><![CDATA[oyWTK1HiHjxxljd45izPEpbpj5BQ]]></FromUserName>
<CreateTime>1513864985</CreateTime>
<MsgType><![CDATA[event]]></MsgType>
<Event><![CDATA[unsubscribe]]></Event>
<EventKey><![CDATA[]]></EventKey>
</xml>

