2017-12-24 10:14:28 trace :
------------
Array:
errno : -1 ;
message : 微信公众平台返回接口错误. 
错误代码为: 40005 
,错误描述为: appid 校验错误 ;

2017-12-24 10:14:28 waring :
------------
String:
Request Failed

2017-12-24 10:25:55 trace :
------------
Array:
errno : -1 ;
message : 微信公众平台返回接口错误. 
错误代码为: 40005 
,错误描述为: appid 校验错误 ;

2017-12-24 10:25:55 waring :
------------
String:
Request Failed

2017-12-24 10:26:01 trace :
------------
Array:
errno : -1 ;
message : 微信公众平台返回接口错误. 
错误代码为: 40005 
,错误描述为: appid 校验错误 ;

2017-12-24 10:26:01 waring :
------------
String:
Request Failed

2017-12-24 10:26:11 trace :
------------
Array:
errno : -1 ;
message : 微信公众平台返回接口错误. 
错误代码为: 40005 
,错误描述为: appid 校验错误 ;

2017-12-24 10:26:11 waring :
------------
String:
Request Failed

2017-12-24 10:26:22 trace :
------------
Array:
errno : -1 ;
message : 微信公众平台返回接口错误. 
错误代码为: 40005 
,错误描述为: appid 校验错误 ;

2017-12-24 10:26:22 waring :
------------
String:
Request Failed

2017-12-24 10:26:31 trace :
------------
Array:
errno : -1 ;
message : 微信公众平台返回接口错误. 
错误代码为: 40005 
,错误描述为: appid 校验错误 ;

2017-12-24 10:26:31 waring :
------------
String:
Request Failed

2017-12-24 10:35:30 trace :
------------
Array:
errno : -1 ;
message : 微信公众平台返回接口错误. 
错误代码为: 40005 
,错误描述为: appid 校验错误 ;

2017-12-24 10:35:30 waring :
------------
String:
Request Failed

2017-12-24 10:36:39 trace :
------------
Array:
errno : -1 ;
message : 微信公众平台返回接口错误. 
错误代码为: 40005 
,错误描述为: appid 校验错误 ;

2017-12-24 10:36:39 waring :
------------
String:
Request Failed

2017-12-24 10:39:31 trace :
------------
Array:
errno : -1 ;
message : 微信公众平台返回接口错误. 
错误代码为: 40005 
,错误描述为: appid 校验错误 ;

2017-12-24 10:39:31 waring :
------------
String:
Request Failed

2017-12-24 10:39:34 trace :
------------
Array:
errno : -1 ;
message : 微信公众平台返回接口错误. 
错误代码为: 40005 
,错误描述为: appid 校验错误 ;

2017-12-24 10:39:34 waring :
------------
String:
Request Failed

2017-12-24 10:43:30 trace :
------------
Array:
errno : -1 ;
message : 微信公众平台返回接口错误. 
错误代码为: 40005 
,错误描述为: appid 校验错误 ;

2017-12-24 10:43:30 waring :
------------
String:
Request Failed

2017-12-24 11:38:51 trace :
------------
Array:
errno : -1 ;
message : 微信公众平台返回接口错误. 
错误代码为: 40005 
,错误描述为: appid 校验错误 ;

2017-12-24 11:38:51 waring :
------------
String:
Request Failed

2017-12-24 12:24:54 trace :
------------
String:
<xml><ToUserName><![CDATA[gh_a9b445bf4f73]]></ToUserName>
<FromUserName><![CDATA[oaQb9wUusvnE0rqmgA0hQdkfPh3g]]></FromUserName>
<CreateTime>1514089493</CreateTime>
<MsgType><![CDATA[event]]></MsgType>
<Event><![CDATA[VIEW]]></Event>
<EventKey><![CDATA[http://www.gzqtbw.com/app/index.php?i=16&c=home&t=19]]></EventKey>
<MenuId>422750895</MenuId>
</xml>

2017-12-24 12:24:54 params :
------------
Array:
message : Array ;
module : basic ;
rule : 16 ;
priority : 0 ;
keyword : Array ;

2017-12-24 12:24:54 response :
------------
Array:
FromUserName : gh_a9b445bf4f73 ;
ToUserName : oaQb9wUusvnE0rqmgA0hQdkfPh3g ;
MsgType : text ;
Content : 欢迎关注贵州博达云科技发展有限公司！ ;

2017-12-24 23:18:22 trace :
------------
String:
<xml><ToUserName><![CDATA[gh_a9b445bf4f73]]></ToUserName>
<FromUserName><![CDATA[oaQb9wT-ac5F3hz8_FipJEBm-sQk]]></FromUserName>
<CreateTime>1514128701</CreateTime>
<MsgType><![CDATA[event]]></MsgType>
<Event><![CDATA[VIEW]]></Event>
<EventKey><![CDATA[http://mb.gzqtbw.com:7088/]]></EventKey>
<MenuId>422750895</MenuId>
</xml>

2017-12-24 23:18:22 params :
------------
Array:
message : Array ;
module : basic ;
rule : 16 ;
priority : 0 ;
keyword : Array ;

2017-12-24 23:18:22 response :
------------
Array:
FromUserName : gh_a9b445bf4f73 ;
ToUserName : oaQb9wT-ac5F3hz8_FipJEBm-sQk ;
MsgType : text ;
Content : 欢迎关注贵州博达云科技发展有限公司！ ;

