2017-10-07 00:19:25 trace :
------------
String:
<xml><ToUserName><![CDATA[gh_3280735b50d8]]></ToUserName>
<FromUserName><![CDATA[oyWTK1G5I0eHYyy-yHXBrYwh6CxM]]></FromUserName>
<CreateTime>1507306764</CreateTime>
<MsgType><![CDATA[event]]></MsgType>
<Event><![CDATA[unsubscribe]]></Event>
<EventKey><![CDATA[]]></EventKey>
</xml>

2017-10-07 05:51:53 trace :
------------
String:
<xml><ToUserName><![CDATA[gh_3280735b50d8]]></ToUserName>
<FromUserName><![CDATA[oyWTK1BcK1eYuFmuES_kLBiCQcvU]]></FromUserName>
<CreateTime>1507326712</CreateTime>
<MsgType><![CDATA[event]]></MsgType>
<Event><![CDATA[VIEW]]></Event>
<EventKey><![CDATA[http://www.gzqtbw.com/app/index.php?i=10&c=mc&a=card&do=sign_display&]]></EventKey>
<MenuId>427588424</MenuId>
</xml>

2017-10-07 05:51:53 params :
------------
Array:
message : Array ;
module : basic ;
rule : 11 ;
priority : 0 ;
keyword : Array ;

2017-10-07 05:51:53 response :
------------
Array:
FromUserName : gh_3280735b50d8 ;
ToUserName : oyWTK1BcK1eYuFmuES_kLBiCQcvU ;
MsgType : text ;
Content : 欢迎关注黔满园荣贵微信公众号！ ;

2017-10-07 08:50:00 trace :
------------
String:
<xml><ToUserName><![CDATA[gh_be7e4da020bc]]></ToUserName>
<FromUserName><![CDATA[oPtQ2wPz4hCSI-YyKj0yst4JLiT0]]></FromUserName>
<CreateTime>1507337400</CreateTime>
<MsgType><![CDATA[event]]></MsgType>
<Event><![CDATA[VIEW]]></Event>
<EventKey><![CDATA[http://www.gzqtbw.com/app/index.php?i=8&c=home&t=8]]></EventKey>
<MenuId>430931951</MenuId>
</xml>

2017-10-07 08:50:00 params :
------------
Array:
message : Array ;
module : basic ;
rule : 10 ;
priority : 0 ;
keyword : Array ;

2017-10-07 08:50:00 response :
------------
Array:
FromUserName : gh_be7e4da020bc ;
ToUserName : oPtQ2wPz4hCSI-YyKj0yst4JLiT0 ;
MsgType : text ;
Content : 欢迎关注美食广场微信公众号！ ;

2017-10-07 09:09:16 trace :
------------
String:
<xml><ToUserName><![CDATA[gh_be7e4da020bc]]></ToUserName>
<FromUserName><![CDATA[oPtQ2wPz4hCSI-YyKj0yst4JLiT0]]></FromUserName>
<CreateTime>1507338556</CreateTime>
<MsgType><![CDATA[event]]></MsgType>
<Event><![CDATA[VIEW]]></Event>
<EventKey><![CDATA[http://www.gzqtbw.com/app/index.php?i=8&c=home&t=8]]></EventKey>
<MenuId>430931951</MenuId>
</xml>

2017-10-07 09:09:17 params :
------------
Array:
message : Array ;
module : basic ;
rule : 10 ;
priority : 0 ;
keyword : Array ;

2017-10-07 09:09:17 response :
------------
Array:
FromUserName : gh_be7e4da020bc ;
ToUserName : oPtQ2wPz4hCSI-YyKj0yst4JLiT0 ;
MsgType : text ;
Content : 欢迎关注美食广场微信公众号！ ;

2017-10-07 09:09:20 trace :
------------
String:
<xml><ToUserName><![CDATA[gh_be7e4da020bc]]></ToUserName>
<FromUserName><![CDATA[oPtQ2wPz4hCSI-YyKj0yst4JLiT0]]></FromUserName>
<CreateTime>1507338559</CreateTime>
<MsgType><![CDATA[event]]></MsgType>
<Event><![CDATA[VIEW]]></Event>
<EventKey><![CDATA[http://www.gzqtbw.com/app/index.php?i=8&c=home&t=8]]></EventKey>
<MenuId>430931951</MenuId>
</xml>

2017-10-07 09:09:20 params :
------------
Array:
message : Array ;
module : basic ;
rule : 10 ;
priority : 0 ;
keyword : Array ;

2017-10-07 09:09:20 response :
------------
Array:
FromUserName : gh_be7e4da020bc ;
ToUserName : oPtQ2wPz4hCSI-YyKj0yst4JLiT0 ;
MsgType : text ;
Content : 欢迎关注美食广场微信公众号！ ;

2017-10-07 09:10:35 trace :
------------
String:
<xml><ToUserName><![CDATA[gh_be7e4da020bc]]></ToUserName>
<FromUserName><![CDATA[oPtQ2wPz4hCSI-YyKj0yst4JLiT0]]></FromUserName>
<CreateTime>1507338634</CreateTime>
<MsgType><![CDATA[event]]></MsgType>
<Event><![CDATA[VIEW]]></Event>
<EventKey><![CDATA[http://www.gzqtbw.com/app/index.php?i=8&c=home&t=8]]></EventKey>
<MenuId>430931951</MenuId>
</xml>

2017-10-07 09:10:35 params :
------------
Array:
message : Array ;
module : basic ;
rule : 10 ;
priority : 0 ;
keyword : Array ;

2017-10-07 09:10:35 response :
------------
Array:
FromUserName : gh_be7e4da020bc ;
ToUserName : oPtQ2wPz4hCSI-YyKj0yst4JLiT0 ;
MsgType : text ;
Content : 欢迎关注美食广场微信公众号！ ;

2017-10-07 09:10:36 trace :
------------
String:
<xml><ToUserName><![CDATA[gh_be7e4da020bc]]></ToUserName>
<FromUserName><![CDATA[oPtQ2wPz4hCSI-YyKj0yst4JLiT0]]></FromUserName>
<CreateTime>1507338635</CreateTime>
<MsgType><![CDATA[event]]></MsgType>
<Event><![CDATA[VIEW]]></Event>
<EventKey><![CDATA[http://www.gzqtbw.com/app/index.php?i=8&c=home&t=8]]></EventKey>
<MenuId>430931951</MenuId>
</xml>

2017-10-07 09:10:36 params :
------------
Array:
message : Array ;
module : basic ;
rule : 10 ;
priority : 0 ;
keyword : Array ;

2017-10-07 09:10:36 response :
------------
Array:
FromUserName : gh_be7e4da020bc ;
ToUserName : oPtQ2wPz4hCSI-YyKj0yst4JLiT0 ;
MsgType : text ;
Content : 欢迎关注美食广场微信公众号！ ;

2017-10-07 09:38:46 trace :
------------
String:
<xml><ToUserName><![CDATA[gh_9e16f2771397]]></ToUserName>
<FromUserName><![CDATA[oSSurv36nm9s5ja-NePB3zTKnrIw]]></FromUserName>
<CreateTime>1507340325</CreateTime>
<MsgType><![CDATA[event]]></MsgType>
<Event><![CDATA[VIEW]]></Event>
<EventKey><![CDATA[http://www.gzqtbw.com/app/index.php?i=13&c=home&t=16]]></EventKey>
<MenuId>458685223</MenuId>
</xml>

2017-10-07 09:38:46 params :
------------
Array:
message : Array ;
module : basic ;
rule : 14 ;
priority : 0 ;
keyword : Array ;

2017-10-07 09:38:46 response :
------------
Array:
FromUserName : gh_9e16f2771397 ;
ToUserName : oSSurv36nm9s5ja-NePB3zTKnrIw ;
MsgType : text ;
Content : 欢迎关注黔中一品酒楼微信公众号！ ;

2017-10-07 09:39:25 trace :
------------
String:
<xml><ToUserName><![CDATA[gh_9e16f2771397]]></ToUserName>
<FromUserName><![CDATA[oSSurv36nm9s5ja-NePB3zTKnrIw]]></FromUserName>
<CreateTime>1507340365</CreateTime>
<MsgType><![CDATA[event]]></MsgType>
<Event><![CDATA[VIEW]]></Event>
<EventKey><![CDATA[http://www.gzqtbw.com/app/index.php?i=13&c=mc&a=card&do=sign_display&]]></EventKey>
<MenuId>458685223</MenuId>
</xml>

2017-10-07 09:39:25 params :
------------
Array:
message : Array ;
module : basic ;
rule : 14 ;
priority : 0 ;
keyword : Array ;

2017-10-07 09:39:25 response :
------------
Array:
FromUserName : gh_9e16f2771397 ;
ToUserName : oSSurv36nm9s5ja-NePB3zTKnrIw ;
MsgType : text ;
Content : 欢迎关注黔中一品酒楼微信公众号！ ;

2017-10-07 09:40:24 trace :
------------
String:
<xml><ToUserName><![CDATA[gh_9e16f2771397]]></ToUserName>
<FromUserName><![CDATA[oSSurv36nm9s5ja-NePB3zTKnrIw]]></FromUserName>
<CreateTime>1507340424</CreateTime>
<MsgType><![CDATA[event]]></MsgType>
<Event><![CDATA[VIEW]]></Event>
<EventKey><![CDATA[http://www.gzqtbw.com/app/index.php?i=13&c=home&t=16]]></EventKey>
<MenuId>458685223</MenuId>
</xml>

2017-10-07 09:40:24 params :
------------
Array:
message : Array ;
module : basic ;
rule : 14 ;
priority : 0 ;
keyword : Array ;

2017-10-07 09:40:24 response :
------------
Array:
FromUserName : gh_9e16f2771397 ;
ToUserName : oSSurv36nm9s5ja-NePB3zTKnrIw ;
MsgType : text ;
Content : 欢迎关注黔中一品酒楼微信公众号！ ;

2017-10-07 10:31:22 trace :
------------
String:
<xml><ToUserName><![CDATA[gh_be7e4da020bc]]></ToUserName>
<FromUserName><![CDATA[oPtQ2wPz4hCSI-YyKj0yst4JLiT0]]></FromUserName>
<CreateTime>1507343481</CreateTime>
<MsgType><![CDATA[event]]></MsgType>
<Event><![CDATA[VIEW]]></Event>
<EventKey><![CDATA[http://www.gzqtbw.com/app/index.php?i=8&c=home&t=8]]></EventKey>
<MenuId>430931951</MenuId>
</xml>

2017-10-07 10:31:22 params :
------------
Array:
message : Array ;
module : basic ;
rule : 10 ;
priority : 0 ;
keyword : Array ;

2017-10-07 10:31:22 response :
------------
Array:
FromUserName : gh_be7e4da020bc ;
ToUserName : oPtQ2wPz4hCSI-YyKj0yst4JLiT0 ;
MsgType : text ;
Content : 欢迎关注美食广场微信公众号！ ;

2017-10-07 10:54:20 trace :
------------
String:
<xml><ToUserName><![CDATA[gh_be7e4da020bc]]></ToUserName>
<FromUserName><![CDATA[oPtQ2wNiUtHfIqhvw1LozDZtcgmU]]></FromUserName>
<CreateTime>1507344859</CreateTime>
<MsgType><![CDATA[event]]></MsgType>
<Event><![CDATA[VIEW]]></Event>
<EventKey><![CDATA[http://www.gzqtbw.com/app/index.php?i=8&c=home&t=8]]></EventKey>
<MenuId>430931951</MenuId>
</xml>

2017-10-07 10:54:20 params :
------------
Array:
message : Array ;
module : basic ;
rule : 10 ;
priority : 0 ;
keyword : Array ;

2017-10-07 10:54:20 response :
------------
Array:
FromUserName : gh_be7e4da020bc ;
ToUserName : oPtQ2wNiUtHfIqhvw1LozDZtcgmU ;
MsgType : text ;
Content : 欢迎关注美食广场微信公众号！ ;

2017-10-07 10:57:28 trace :
------------
String:
<xml><ToUserName><![CDATA[gh_be7e4da020bc]]></ToUserName>
<FromUserName><![CDATA[oPtQ2wPz4hCSI-YyKj0yst4JLiT0]]></FromUserName>
<CreateTime>1507345048</CreateTime>
<MsgType><![CDATA[event]]></MsgType>
<Event><![CDATA[VIEW]]></Event>
<EventKey><![CDATA[http://www.gzqtbw.com/app/index.php?i=8&c=home&t=8]]></EventKey>
<MenuId>430931951</MenuId>
</xml>

2017-10-07 10:57:28 params :
------------
Array:
message : Array ;
module : basic ;
rule : 10 ;
priority : 0 ;
keyword : Array ;

2017-10-07 10:57:28 response :
------------
Array:
FromUserName : gh_be7e4da020bc ;
ToUserName : oPtQ2wPz4hCSI-YyKj0yst4JLiT0 ;
MsgType : text ;
Content : 欢迎关注美食广场微信公众号！ ;

2017-10-07 13:28:05 trace :
------------
String:
<xml><ToUserName><![CDATA[gh_3280735b50d8]]></ToUserName>
<FromUserName><![CDATA[oyWTK1PeI0N9JR5zA6GuJTiNYgN4]]></FromUserName>
<CreateTime>1507354084</CreateTime>
<MsgType><![CDATA[event]]></MsgType>
<Event><![CDATA[subscribe]]></Event>
<EventKey><![CDATA[]]></EventKey>
</xml>

2017-10-07 13:28:05 params :
------------
Array:
message : Array ;
module : basic ;
rule : 11 ;
priority : 0 ;
keyword : Array ;

2017-10-07 13:28:05 response :
------------
Array:
FromUserName : gh_3280735b50d8 ;
ToUserName : oyWTK1PeI0N9JR5zA6GuJTiNYgN4 ;
MsgType : text ;
Content : 欢迎关注黔满园荣贵微信公众号！ ;

2017-10-07 13:46:24 trace :
------------
String:
<xml><ToUserName><![CDATA[gh_3280735b50d8]]></ToUserName>
<FromUserName><![CDATA[oyWTK1PeI0N9JR5zA6GuJTiNYgN4]]></FromUserName>
<CreateTime>1507355184</CreateTime>
<MsgType><![CDATA[event]]></MsgType>
<Event><![CDATA[VIEW]]></Event>
<EventKey><![CDATA[http://www.gzqtbw.com/app/index.php?i=10&c=home&t=12]]></EventKey>
<MenuId>427588424</MenuId>
</xml>

2017-10-07 13:46:24 params :
------------
Array:
message : Array ;
module : basic ;
rule : 11 ;
priority : 0 ;
keyword : Array ;

2017-10-07 13:46:24 response :
------------
Array:
FromUserName : gh_3280735b50d8 ;
ToUserName : oyWTK1PeI0N9JR5zA6GuJTiNYgN4 ;
MsgType : text ;
Content : 欢迎关注黔满园荣贵微信公众号！ ;

2017-10-07 13:52:44 trace :
------------
String:
<xml><ToUserName><![CDATA[gh_3280735b50d8]]></ToUserName>
<FromUserName><![CDATA[oyWTK1I7Nh7IiIG3Z-9OyEpwgpdE]]></FromUserName>
<CreateTime>1507355563</CreateTime>
<MsgType><![CDATA[event]]></MsgType>
<Event><![CDATA[subscribe]]></Event>
<EventKey><![CDATA[]]></EventKey>
</xml>

2017-10-07 13:52:44 params :
------------
Array:
message : Array ;
module : basic ;
rule : 11 ;
priority : 0 ;
keyword : Array ;

2017-10-07 13:52:44 response :
------------
Array:
FromUserName : gh_3280735b50d8 ;
ToUserName : oyWTK1I7Nh7IiIG3Z-9OyEpwgpdE ;
MsgType : text ;
Content : 欢迎关注黔满园荣贵微信公众号！ ;

2017-10-07 16:11:09 trace :
------------
String:
<xml><ToUserName><![CDATA[gh_3280735b50d8]]></ToUserName>
<FromUserName><![CDATA[oyWTK1F4LhJqdWTbUhLlBe2yFLLw]]></FromUserName>
<CreateTime>1507363868</CreateTime>
<MsgType><![CDATA[event]]></MsgType>
<Event><![CDATA[subscribe]]></Event>
<EventKey><![CDATA[]]></EventKey>
</xml>

2017-10-07 16:11:09 params :
------------
Array:
message : Array ;
module : basic ;
rule : 11 ;
priority : 0 ;
keyword : Array ;

2017-10-07 16:11:09 response :
------------
Array:
FromUserName : gh_3280735b50d8 ;
ToUserName : oyWTK1F4LhJqdWTbUhLlBe2yFLLw ;
MsgType : text ;
Content : 欢迎关注黔满园荣贵微信公众号！ ;

2017-10-07 16:40:20 trace :
------------
String:
<xml><ToUserName><![CDATA[gh_be7e4da020bc]]></ToUserName>
<FromUserName><![CDATA[oPtQ2wHcdDhqdga29MzdDkqufEEQ]]></FromUserName>
<CreateTime>1507365619</CreateTime>
<MsgType><![CDATA[event]]></MsgType>
<Event><![CDATA[subscribe]]></Event>
<EventKey><![CDATA[]]></EventKey>
</xml>

2017-10-07 16:40:20 params :
------------
Array:
message : Array ;
module : basic ;
rule : 10 ;
priority : 0 ;
keyword : Array ;

2017-10-07 16:40:20 response :
------------
Array:
FromUserName : gh_be7e4da020bc ;
ToUserName : oPtQ2wHcdDhqdga29MzdDkqufEEQ ;
MsgType : text ;
Content : 欢迎关注美食广场微信公众号！ ;

2017-10-07 16:40:35 trace :
------------
String:
<xml><ToUserName><![CDATA[gh_be7e4da020bc]]></ToUserName>
<FromUserName><![CDATA[oPtQ2wHcdDhqdga29MzdDkqufEEQ]]></FromUserName>
<CreateTime>1507365635</CreateTime>
<MsgType><![CDATA[event]]></MsgType>
<Event><![CDATA[unsubscribe]]></Event>
<EventKey><![CDATA[]]></EventKey>
</xml>

2017-10-07 17:30:58 trace :
------------
String:
<xml><ToUserName><![CDATA[gh_3280735b50d8]]></ToUserName>
<FromUserName><![CDATA[oyWTK1HvLlN_ePmWczWbhMnZPAgs]]></FromUserName>
<CreateTime>1507368657</CreateTime>
<MsgType><![CDATA[event]]></MsgType>
<Event><![CDATA[subscribe]]></Event>
<EventKey><![CDATA[]]></EventKey>
</xml>

2017-10-07 17:30:58 params :
------------
Array:
message : Array ;
module : basic ;
rule : 11 ;
priority : 0 ;
keyword : Array ;

2017-10-07 17:30:58 response :
------------
Array:
FromUserName : gh_3280735b50d8 ;
ToUserName : oyWTK1HvLlN_ePmWczWbhMnZPAgs ;
MsgType : text ;
Content : 欢迎关注黔满园荣贵微信公众号！ ;

2017-10-07 17:31:02 trace :
------------
String:
<xml><ToUserName><![CDATA[gh_3280735b50d8]]></ToUserName>
<FromUserName><![CDATA[oyWTK1HvLlN_ePmWczWbhMnZPAgs]]></FromUserName>
<CreateTime>1507368661</CreateTime>
<MsgType><![CDATA[event]]></MsgType>
<Event><![CDATA[VIEW]]></Event>
<EventKey><![CDATA[http://www.gzqtbw.com/app/index.php?i=10&c=mc&a=card&do=sign_display&]]></EventKey>
<MenuId>427588424</MenuId>
</xml>

2017-10-07 17:31:02 params :
------------
Array:
message : Array ;
module : basic ;
rule : 11 ;
priority : 0 ;
keyword : Array ;

2017-10-07 17:31:02 response :
------------
Array:
FromUserName : gh_3280735b50d8 ;
ToUserName : oyWTK1HvLlN_ePmWczWbhMnZPAgs ;
MsgType : text ;
Content : 欢迎关注黔满园荣贵微信公众号！ ;

2017-10-07 17:34:20 trace :
------------
String:
<xml><ToUserName><![CDATA[gh_3280735b50d8]]></ToUserName>
<FromUserName><![CDATA[oyWTK1P1lHd7yTE730xcn7Iu3ZpI]]></FromUserName>
<CreateTime>1507368860</CreateTime>
<MsgType><![CDATA[event]]></MsgType>
<Event><![CDATA[subscribe]]></Event>
<EventKey><![CDATA[]]></EventKey>
</xml>

2017-10-07 17:34:20 params :
------------
Array:
message : Array ;
module : basic ;
rule : 11 ;
priority : 0 ;
keyword : Array ;

2017-10-07 17:34:20 response :
------------
Array:
FromUserName : gh_3280735b50d8 ;
ToUserName : oyWTK1P1lHd7yTE730xcn7Iu3ZpI ;
MsgType : text ;
Content : 欢迎关注黔满园荣贵微信公众号！ ;

2017-10-07 17:34:24 trace :
------------
String:
<xml><ToUserName><![CDATA[gh_3280735b50d8]]></ToUserName>
<FromUserName><![CDATA[oyWTK1P1lHd7yTE730xcn7Iu3ZpI]]></FromUserName>
<CreateTime>1507368863</CreateTime>
<MsgType><![CDATA[event]]></MsgType>
<Event><![CDATA[VIEW]]></Event>
<EventKey><![CDATA[http://www.gzqtbw.com/app/index.php?i=10&c=mc&a=card&do=sign_display&]]></EventKey>
<MenuId>427588424</MenuId>
</xml>

2017-10-07 17:34:24 params :
------------
Array:
message : Array ;
module : basic ;
rule : 11 ;
priority : 0 ;
keyword : Array ;

2017-10-07 17:34:24 response :
------------
Array:
FromUserName : gh_3280735b50d8 ;
ToUserName : oyWTK1P1lHd7yTE730xcn7Iu3ZpI ;
MsgType : text ;
Content : 欢迎关注黔满园荣贵微信公众号！ ;

2017-10-07 17:35:00 trace :
------------
String:
<xml><ToUserName><![CDATA[gh_3280735b50d8]]></ToUserName>
<FromUserName><![CDATA[oyWTK1P1lHd7yTE730xcn7Iu3ZpI]]></FromUserName>
<CreateTime>1507368900</CreateTime>
<MsgType><![CDATA[event]]></MsgType>
<Event><![CDATA[VIEW]]></Event>
<EventKey><![CDATA[http://www.gzqtbw.com/app/index.php?i=10&c=home&t=12]]></EventKey>
<MenuId>427588424</MenuId>
</xml>

2017-10-07 17:35:00 params :
------------
Array:
message : Array ;
module : basic ;
rule : 11 ;
priority : 0 ;
keyword : Array ;

2017-10-07 17:35:00 response :
------------
Array:
FromUserName : gh_3280735b50d8 ;
ToUserName : oyWTK1P1lHd7yTE730xcn7Iu3ZpI ;
MsgType : text ;
Content : 欢迎关注黔满园荣贵微信公众号！ ;

2017-10-07 17:36:48 trace :
------------
String:
<xml><ToUserName><![CDATA[gh_3280735b50d8]]></ToUserName>
<FromUserName><![CDATA[oyWTK1HvLlN_ePmWczWbhMnZPAgs]]></FromUserName>
<CreateTime>1507369007</CreateTime>
<MsgType><![CDATA[event]]></MsgType>
<Event><![CDATA[VIEW]]></Event>
<EventKey><![CDATA[http://www.gzqtbw.com/app/index.php?i=10&c=home&t=12]]></EventKey>
<MenuId>427588424</MenuId>
</xml>

2017-10-07 17:36:48 params :
------------
Array:
message : Array ;
module : basic ;
rule : 11 ;
priority : 0 ;
keyword : Array ;

2017-10-07 17:36:48 response :
------------
Array:
FromUserName : gh_3280735b50d8 ;
ToUserName : oyWTK1HvLlN_ePmWczWbhMnZPAgs ;
MsgType : text ;
Content : 欢迎关注黔满园荣贵微信公众号！ ;

2017-10-07 17:37:22 trace :
------------
String:
<xml><ToUserName><![CDATA[gh_3280735b50d8]]></ToUserName>
<FromUserName><![CDATA[oyWTK1HvLlN_ePmWczWbhMnZPAgs]]></FromUserName>
<CreateTime>1507369042</CreateTime>
<MsgType><![CDATA[event]]></MsgType>
<Event><![CDATA[VIEW]]></Event>
<EventKey><![CDATA[http://www.gzqtbw.com/app/index.php?i=10&c=home&t=12]]></EventKey>
<MenuId>427588424</MenuId>
</xml>

2017-10-07 17:37:22 params :
------------
Array:
message : Array ;
module : basic ;
rule : 11 ;
priority : 0 ;
keyword : Array ;

2017-10-07 17:37:22 response :
------------
Array:
FromUserName : gh_3280735b50d8 ;
ToUserName : oyWTK1HvLlN_ePmWczWbhMnZPAgs ;
MsgType : text ;
Content : 欢迎关注黔满园荣贵微信公众号！ ;

2017-10-07 17:37:48 trace :
------------
String:
<xml><ToUserName><![CDATA[gh_3280735b50d8]]></ToUserName>
<FromUserName><![CDATA[oyWTK1HvLlN_ePmWczWbhMnZPAgs]]></FromUserName>
<CreateTime>1507369067</CreateTime>
<MsgType><![CDATA[event]]></MsgType>
<Event><![CDATA[VIEW]]></Event>
<EventKey><![CDATA[http://www.gzqtbw.com/app/index.php?i=10&c=mc&a=card&do=sign_display&]]></EventKey>
<MenuId>427588424</MenuId>
</xml>

2017-10-07 17:37:48 params :
------------
Array:
message : Array ;
module : basic ;
rule : 11 ;
priority : 0 ;
keyword : Array ;

2017-10-07 17:37:48 response :
------------
Array:
FromUserName : gh_3280735b50d8 ;
ToUserName : oyWTK1HvLlN_ePmWczWbhMnZPAgs ;
MsgType : text ;
Content : 欢迎关注黔满园荣贵微信公众号！ ;

2017-10-07 17:38:10 trace :
------------
String:
<xml><ToUserName><![CDATA[gh_3280735b50d8]]></ToUserName>
<FromUserName><![CDATA[oyWTK1HvLlN_ePmWczWbhMnZPAgs]]></FromUserName>
<CreateTime>1507369089</CreateTime>
<MsgType><![CDATA[event]]></MsgType>
<Event><![CDATA[VIEW]]></Event>
<EventKey><![CDATA[http://www.gzqtbw.com/app/index.php?i=10&c=mc&a=card&do=sign_display&]]></EventKey>
<MenuId>427588424</MenuId>
</xml>

2017-10-07 17:38:10 params :
------------
Array:
message : Array ;
module : basic ;
rule : 11 ;
priority : 0 ;
keyword : Array ;

2017-10-07 17:38:10 response :
------------
Array:
FromUserName : gh_3280735b50d8 ;
ToUserName : oyWTK1HvLlN_ePmWczWbhMnZPAgs ;
MsgType : text ;
Content : 欢迎关注黔满园荣贵微信公众号！ ;

2017-10-07 19:03:23 trace :
------------
String:
<xml><ToUserName><![CDATA[gh_3280735b50d8]]></ToUserName>
<FromUserName><![CDATA[oyWTK1PiLtcXkqRJ9Z2toCGqeFIA]]></FromUserName>
<CreateTime>1507374202</CreateTime>
<MsgType><![CDATA[event]]></MsgType>
<Event><![CDATA[subscribe]]></Event>
<EventKey><![CDATA[]]></EventKey>
</xml>

2017-10-07 19:03:23 params :
------------
Array:
message : Array ;
module : basic ;
rule : 11 ;
priority : 0 ;
keyword : Array ;

2017-10-07 19:03:23 response :
------------
Array:
FromUserName : gh_3280735b50d8 ;
ToUserName : oyWTK1PiLtcXkqRJ9Z2toCGqeFIA ;
MsgType : text ;
Content : 欢迎关注黔满园荣贵微信公众号！ ;

2017-10-07 19:37:43 trace :
------------
String:
<xml><ToUserName><![CDATA[gh_3280735b50d8]]></ToUserName>
<FromUserName><![CDATA[oyWTK1HY0DdX_tXHBggg0z1KEAFU]]></FromUserName>
<CreateTime>1507376263</CreateTime>
<MsgType><![CDATA[event]]></MsgType>
<Event><![CDATA[subscribe]]></Event>
<EventKey><![CDATA[]]></EventKey>
</xml>

2017-10-07 19:37:43 params :
------------
Array:
message : Array ;
module : basic ;
rule : 11 ;
priority : 0 ;
keyword : Array ;

2017-10-07 19:37:43 response :
------------
Array:
FromUserName : gh_3280735b50d8 ;
ToUserName : oyWTK1HY0DdX_tXHBggg0z1KEAFU ;
MsgType : text ;
Content : 欢迎关注黔满园荣贵微信公众号！ ;

2017-10-07 19:49:30 trace :
------------
String:
<xml><ToUserName><![CDATA[gh_3280735b50d8]]></ToUserName>
<FromUserName><![CDATA[oyWTK1MiCzWfXgFVuPZ7DtKngmDM]]></FromUserName>
<CreateTime>1507376970</CreateTime>
<MsgType><![CDATA[event]]></MsgType>
<Event><![CDATA[subscribe]]></Event>
<EventKey><![CDATA[]]></EventKey>
</xml>

2017-10-07 19:49:30 params :
------------
Array:
message : Array ;
module : basic ;
rule : 11 ;
priority : 0 ;
keyword : Array ;

2017-10-07 19:49:30 response :
------------
Array:
FromUserName : gh_3280735b50d8 ;
ToUserName : oyWTK1MiCzWfXgFVuPZ7DtKngmDM ;
MsgType : text ;
Content : 欢迎关注黔满园荣贵微信公众号！ ;

2017-10-07 19:49:57 trace :
------------
String:
<xml><ToUserName><![CDATA[gh_3280735b50d8]]></ToUserName>
<FromUserName><![CDATA[oyWTK1MiCzWfXgFVuPZ7DtKngmDM]]></FromUserName>
<CreateTime>1507376996</CreateTime>
<MsgType><![CDATA[event]]></MsgType>
<Event><![CDATA[VIEW]]></Event>
<EventKey><![CDATA[http://www.gzqtbw.com/app/index.php?i=10&c=home&t=12]]></EventKey>
<MenuId>427588424</MenuId>
</xml>

2017-10-07 19:49:57 params :
------------
Array:
message : Array ;
module : basic ;
rule : 11 ;
priority : 0 ;
keyword : Array ;

2017-10-07 19:49:57 response :
------------
Array:
FromUserName : gh_3280735b50d8 ;
ToUserName : oyWTK1MiCzWfXgFVuPZ7DtKngmDM ;
MsgType : text ;
Content : 欢迎关注黔满园荣贵微信公众号！ ;

2017-10-07 19:52:14 trace :
------------
String:
<xml><ToUserName><![CDATA[gh_3280735b50d8]]></ToUserName>
<FromUserName><![CDATA[oyWTK1BeFa_T9liSJ5MDwoa2HEww]]></FromUserName>
<CreateTime>1507377133</CreateTime>
<MsgType><![CDATA[event]]></MsgType>
<Event><![CDATA[subscribe]]></Event>
<EventKey><![CDATA[]]></EventKey>
</xml>

2017-10-07 19:52:14 params :
------------
Array:
message : Array ;
module : basic ;
rule : 11 ;
priority : 0 ;
keyword : Array ;

2017-10-07 19:52:14 response :
------------
Array:
FromUserName : gh_3280735b50d8 ;
ToUserName : oyWTK1BeFa_T9liSJ5MDwoa2HEww ;
MsgType : text ;
Content : 欢迎关注黔满园荣贵微信公众号！ ;

2017-10-07 19:56:17 trace :
------------
String:
<xml><ToUserName><![CDATA[gh_3280735b50d8]]></ToUserName>
<FromUserName><![CDATA[oyWTK1CO3OMBrJIvNK2kyRM1AFgk]]></FromUserName>
<CreateTime>1507377377</CreateTime>
<MsgType><![CDATA[event]]></MsgType>
<Event><![CDATA[subscribe]]></Event>
<EventKey><![CDATA[]]></EventKey>
</xml>

2017-10-07 19:56:17 params :
------------
Array:
message : Array ;
module : basic ;
rule : 11 ;
priority : 0 ;
keyword : Array ;

2017-10-07 19:56:17 response :
------------
Array:
FromUserName : gh_3280735b50d8 ;
ToUserName : oyWTK1CO3OMBrJIvNK2kyRM1AFgk ;
MsgType : text ;
Content : 欢迎关注黔满园荣贵微信公众号！ ;

2017-10-07 19:59:27 trace :
------------
String:
<xml><ToUserName><![CDATA[gh_3280735b50d8]]></ToUserName>
<FromUserName><![CDATA[oyWTK1Dp3iUHI8USuHS-H4KARAnU]]></FromUserName>
<CreateTime>1507377566</CreateTime>
<MsgType><![CDATA[event]]></MsgType>
<Event><![CDATA[subscribe]]></Event>
<EventKey><![CDATA[]]></EventKey>
</xml>

2017-10-07 19:59:27 params :
------------
Array:
message : Array ;
module : basic ;
rule : 11 ;
priority : 0 ;
keyword : Array ;

2017-10-07 19:59:27 response :
------------
Array:
FromUserName : gh_3280735b50d8 ;
ToUserName : oyWTK1Dp3iUHI8USuHS-H4KARAnU ;
MsgType : text ;
Content : 欢迎关注黔满园荣贵微信公众号！ ;

