2017-12-04 10:12:32 trace :
------------
String:
<xml><ToUserName><![CDATA[gh_be7e4da020bc]]></ToUserName>
<FromUserName><![CDATA[oPtQ2wMlY5O76nh_Ikh8DNJjX5VE]]></FromUserName>
<CreateTime>1512353551</CreateTime>
<MsgType><![CDATA[event]]></MsgType>
<Event><![CDATA[VIEW]]></Event>
<EventKey><![CDATA[http://www.gzqtbw.com/app/index.php?i=8&c=home&t=8]]></EventKey>
<MenuId>430931951</MenuId>
</xml>

2017-12-04 10:12:32 params :
------------
Array:
message : Array ;
module : basic ;
rule : 10 ;
priority : 0 ;
keyword : Array ;

2017-12-04 10:12:32 response :
------------
Array:
FromUserName : gh_be7e4da020bc ;
ToUserName : oPtQ2wMlY5O76nh_Ikh8DNJjX5VE ;
MsgType : text ;
Content : 欢迎关注美食广场微信公众号！ ;

2017-12-04 10:21:58 trace :
------------
String:
<xml><ToUserName><![CDATA[gh_9e16f2771397]]></ToUserName>
<FromUserName><![CDATA[oSSurv1J5zau-gpqTjlNDGSFB5Iw]]></FromUserName>
<CreateTime>1512354117</CreateTime>
<MsgType><![CDATA[event]]></MsgType>
<Event><![CDATA[CLICK]]></Event>
<EventKey><![CDATA[.]]></EventKey>
</xml>

2017-12-04 10:21:58 params :
------------
Array:
message : Array ;
module : basic ;
rule : 14 ;
priority : 0 ;
keyword : Array ;

2017-12-04 10:21:58 response :
------------
Array:
FromUserName : gh_9e16f2771397 ;
ToUserName : oSSurv1J5zau-gpqTjlNDGSFB5Iw ;
MsgType : text ;
Content : 欢迎关注黔中一品酒楼微信公众号！ ;

2017-12-04 10:31:39 trace :
------------
String:
<xml><ToUserName><![CDATA[gh_be7e4da020bc]]></ToUserName>
<FromUserName><![CDATA[oPtQ2wAF6lBsLKT3-EYajgiMc39k]]></FromUserName>
<CreateTime>1512354698</CreateTime>
<MsgType><![CDATA[event]]></MsgType>
<Event><![CDATA[VIEW]]></Event>
<EventKey><![CDATA[http://www.gzqtbw.com/app/index.php?i=8&c=home&t=8]]></EventKey>
<MenuId>430931951</MenuId>
</xml>

2017-12-04 10:31:39 params :
------------
Array:
message : Array ;
module : basic ;
rule : 10 ;
priority : 0 ;
keyword : Array ;

2017-12-04 10:31:39 response :
------------
Array:
FromUserName : gh_be7e4da020bc ;
ToUserName : oPtQ2wAF6lBsLKT3-EYajgiMc39k ;
MsgType : text ;
Content : 欢迎关注美食广场微信公众号！ ;

2017-12-04 10:31:47 trace :
------------
String:
<xml><ToUserName><![CDATA[gh_be7e4da020bc]]></ToUserName>
<FromUserName><![CDATA[oPtQ2wAF6lBsLKT3-EYajgiMc39k]]></FromUserName>
<CreateTime>1512354707</CreateTime>
<MsgType><![CDATA[event]]></MsgType>
<Event><![CDATA[VIEW]]></Event>
<EventKey><![CDATA[http://www.gzqtbw.com/app/index.php?i=8&c=home&t=8]]></EventKey>
<MenuId>430931951</MenuId>
</xml>

2017-12-04 10:31:47 params :
------------
Array:
message : Array ;
module : basic ;
rule : 10 ;
priority : 0 ;
keyword : Array ;

2017-12-04 10:31:47 response :
------------
Array:
FromUserName : gh_be7e4da020bc ;
ToUserName : oPtQ2wAF6lBsLKT3-EYajgiMc39k ;
MsgType : text ;
Content : 欢迎关注美食广场微信公众号！ ;

2017-12-04 10:48:11 trace :
------------
String:
<xml><ToUserName><![CDATA[gh_be7e4da020bc]]></ToUserName>
<FromUserName><![CDATA[oPtQ2wEQAuxso4xE0yDkv5v-pLF8]]></FromUserName>
<CreateTime>1512355690</CreateTime>
<MsgType><![CDATA[event]]></MsgType>
<Event><![CDATA[VIEW]]></Event>
<EventKey><![CDATA[http://www.gzqtbw.com/app/index.php?i=8&c=home&t=8]]></EventKey>
<MenuId>430931951</MenuId>
</xml>

2017-12-04 10:48:11 params :
------------
Array:
message : Array ;
module : basic ;
rule : 10 ;
priority : 0 ;
keyword : Array ;

2017-12-04 10:48:11 response :
------------
Array:
FromUserName : gh_be7e4da020bc ;
ToUserName : oPtQ2wEQAuxso4xE0yDkv5v-pLF8 ;
MsgType : text ;
Content : 欢迎关注美食广场微信公众号！ ;

2017-12-04 11:13:09 trace :
------------
String:
<xml><ToUserName><![CDATA[gh_be7e4da020bc]]></ToUserName>
<FromUserName><![CDATA[oPtQ2wPpV9UrUTPhUTp_ba057bqs]]></FromUserName>
<CreateTime>1512357188</CreateTime>
<MsgType><![CDATA[event]]></MsgType>
<Event><![CDATA[subscribe]]></Event>
<EventKey><![CDATA[]]></EventKey>
</xml>

2017-12-04 11:13:09 params :
------------
Array:
message : Array ;
module : basic ;
rule : 10 ;
priority : 0 ;
keyword : Array ;

2017-12-04 11:13:09 response :
------------
Array:
FromUserName : gh_be7e4da020bc ;
ToUserName : oPtQ2wPpV9UrUTPhUTp_ba057bqs ;
MsgType : text ;
Content : 欢迎关注美食广场微信公众号！ ;

2017-12-04 11:13:12 trace :
------------
String:
<xml><ToUserName><![CDATA[gh_be7e4da020bc]]></ToUserName>
<FromUserName><![CDATA[oPtQ2wPpV9UrUTPhUTp_ba057bqs]]></FromUserName>
<CreateTime>1512357191</CreateTime>
<MsgType><![CDATA[event]]></MsgType>
<Event><![CDATA[VIEW]]></Event>
<EventKey><![CDATA[http://www.gzqtbw.com/app/index.php?i=8&c=home&t=8]]></EventKey>
<MenuId>430931951</MenuId>
</xml>

2017-12-04 11:13:12 params :
------------
Array:
message : Array ;
module : basic ;
rule : 10 ;
priority : 0 ;
keyword : Array ;

2017-12-04 11:13:12 response :
------------
Array:
FromUserName : gh_be7e4da020bc ;
ToUserName : oPtQ2wPpV9UrUTPhUTp_ba057bqs ;
MsgType : text ;
Content : 欢迎关注美食广场微信公众号！ ;

2017-12-04 11:14:42 trace :
------------
String:
<xml><ToUserName><![CDATA[gh_be7e4da020bc]]></ToUserName>
<FromUserName><![CDATA[oPtQ2wJbB6GdOnrp53WUVsXyFn_E]]></FromUserName>
<CreateTime>1512357281</CreateTime>
<MsgType><![CDATA[event]]></MsgType>
<Event><![CDATA[VIEW]]></Event>
<EventKey><![CDATA[http://www.gzqtbw.com/app/index.php?i=8&c=home&t=8]]></EventKey>
<MenuId>430931951</MenuId>
</xml>

2017-12-04 11:14:42 params :
------------
Array:
message : Array ;
module : basic ;
rule : 10 ;
priority : 0 ;
keyword : Array ;

2017-12-04 11:14:42 response :
------------
Array:
FromUserName : gh_be7e4da020bc ;
ToUserName : oPtQ2wJbB6GdOnrp53WUVsXyFn_E ;
MsgType : text ;
Content : 欢迎关注美食广场微信公众号！ ;

2017-12-04 13:34:40 trace :
------------
String:
<xml><ToUserName><![CDATA[gh_3280735b50d8]]></ToUserName>
<FromUserName><![CDATA[oyWTK1OLxaQ2AXCAGGsm-gaVsF78]]></FromUserName>
<CreateTime>1512365676</CreateTime>
<MsgType><![CDATA[event]]></MsgType>
<Event><![CDATA[VIEW]]></Event>
<EventKey><![CDATA[http://www.gzqtbw.com/app/index.php?i=10&c=home&t=12]]></EventKey>
<MenuId>427588424</MenuId>
</xml>

2017-12-04 13:34:40 params :
------------
Array:
message : Array ;
module : basic ;
rule : 11 ;
priority : 0 ;
keyword : Array ;

2017-12-04 13:34:40 response :
------------
Array:
FromUserName : gh_3280735b50d8 ;
ToUserName : oyWTK1OLxaQ2AXCAGGsm-gaVsF78 ;
MsgType : text ;
Content : 欢迎关注黔满园荣贵微信公众号！ ;

2017-12-04 13:35:07 trace :
------------
String:
<xml><ToUserName><![CDATA[gh_3280735b50d8]]></ToUserName>
<FromUserName><![CDATA[oyWTK1OLxaQ2AXCAGGsm-gaVsF78]]></FromUserName>
<CreateTime>1512365706</CreateTime>
<MsgType><![CDATA[event]]></MsgType>
<Event><![CDATA[VIEW]]></Event>
<EventKey><![CDATA[http://www.gzqtbw.com/app/index.php?i=10&c=home&t=12]]></EventKey>
<MenuId>427588424</MenuId>
</xml>

2017-12-04 13:35:07 params :
------------
Array:
message : Array ;
module : basic ;
rule : 11 ;
priority : 0 ;
keyword : Array ;

2017-12-04 13:35:07 response :
------------
Array:
FromUserName : gh_3280735b50d8 ;
ToUserName : oyWTK1OLxaQ2AXCAGGsm-gaVsF78 ;
MsgType : text ;
Content : 欢迎关注黔满园荣贵微信公众号！ ;

2017-12-04 13:40:40 trace :
------------
String:
<xml><ToUserName><![CDATA[gh_3280735b50d8]]></ToUserName>
<FromUserName><![CDATA[oyWTK1OLxaQ2AXCAGGsm-gaVsF78]]></FromUserName>
<CreateTime>1512366039</CreateTime>
<MsgType><![CDATA[event]]></MsgType>
<Event><![CDATA[VIEW]]></Event>
<EventKey><![CDATA[http://www.gzqtbw.com/app/index.php?i=10&c=home&t=12]]></EventKey>
<MenuId>427588424</MenuId>
</xml>

2017-12-04 13:40:40 params :
------------
Array:
message : Array ;
module : basic ;
rule : 11 ;
priority : 0 ;
keyword : Array ;

2017-12-04 13:40:40 response :
------------
Array:
FromUserName : gh_3280735b50d8 ;
ToUserName : oyWTK1OLxaQ2AXCAGGsm-gaVsF78 ;
MsgType : text ;
Content : 欢迎关注黔满园荣贵微信公众号！ ;

2017-12-04 13:41:53 trace :
------------
String:
<xml><ToUserName><![CDATA[gh_be7e4da020bc]]></ToUserName>
<FromUserName><![CDATA[oPtQ2wDRC7_qMsBrVS4zNjrh8KrA]]></FromUserName>
<CreateTime>1512366112</CreateTime>
<MsgType><![CDATA[event]]></MsgType>
<Event><![CDATA[VIEW]]></Event>
<EventKey><![CDATA[http://www.gzqtbw.com/app/index.php?i=8&c=home&t=8]]></EventKey>
<MenuId>430931951</MenuId>
</xml>

2017-12-04 13:41:53 params :
------------
Array:
message : Array ;
module : basic ;
rule : 10 ;
priority : 0 ;
keyword : Array ;

2017-12-04 13:41:53 response :
------------
Array:
FromUserName : gh_be7e4da020bc ;
ToUserName : oPtQ2wDRC7_qMsBrVS4zNjrh8KrA ;
MsgType : text ;
Content : 欢迎关注美食广场微信公众号！ ;

2017-12-04 13:41:58 trace :
------------
String:
<xml><ToUserName><![CDATA[gh_3280735b50d8]]></ToUserName>
<FromUserName><![CDATA[oyWTK1OLxaQ2AXCAGGsm-gaVsF78]]></FromUserName>
<CreateTime>1512366117</CreateTime>
<MsgType><![CDATA[event]]></MsgType>
<Event><![CDATA[VIEW]]></Event>
<EventKey><![CDATA[http://www.gzqtbw.com/app/index.php?i=10&c=home&t=12]]></EventKey>
<MenuId>427588424</MenuId>
</xml>

2017-12-04 13:41:58 params :
------------
Array:
message : Array ;
module : basic ;
rule : 11 ;
priority : 0 ;
keyword : Array ;

2017-12-04 13:41:58 response :
------------
Array:
FromUserName : gh_3280735b50d8 ;
ToUserName : oyWTK1OLxaQ2AXCAGGsm-gaVsF78 ;
MsgType : text ;
Content : 欢迎关注黔满园荣贵微信公众号！ ;

2017-12-04 13:42:37 trace :
------------
String:
<xml><ToUserName><![CDATA[gh_3280735b50d8]]></ToUserName>
<FromUserName><![CDATA[oyWTK1OLxaQ2AXCAGGsm-gaVsF78]]></FromUserName>
<CreateTime>1512366157</CreateTime>
<MsgType><![CDATA[event]]></MsgType>
<Event><![CDATA[VIEW]]></Event>
<EventKey><![CDATA[http://www.gzqtbw.com/app/index.php?i=10&c=home&t=12]]></EventKey>
<MenuId>427588424</MenuId>
</xml>

2017-12-04 13:42:37 params :
------------
Array:
message : Array ;
module : basic ;
rule : 11 ;
priority : 0 ;
keyword : Array ;

2017-12-04 13:42:37 response :
------------
Array:
FromUserName : gh_3280735b50d8 ;
ToUserName : oyWTK1OLxaQ2AXCAGGsm-gaVsF78 ;
MsgType : text ;
Content : 欢迎关注黔满园荣贵微信公众号！ ;

2017-12-04 13:55:05 trace :
------------
String:
<xml><ToUserName><![CDATA[gh_3280735b50d8]]></ToUserName>
<FromUserName><![CDATA[oyWTK1OLxaQ2AXCAGGsm-gaVsF78]]></FromUserName>
<CreateTime>1512366904</CreateTime>
<MsgType><![CDATA[event]]></MsgType>
<Event><![CDATA[VIEW]]></Event>
<EventKey><![CDATA[http://www.gzqtbw.com/app/index.php?i=10&c=home&t=12]]></EventKey>
<MenuId>427588424</MenuId>
</xml>

2017-12-04 13:55:05 params :
------------
Array:
message : Array ;
module : basic ;
rule : 11 ;
priority : 0 ;
keyword : Array ;

2017-12-04 13:55:05 response :
------------
Array:
FromUserName : gh_3280735b50d8 ;
ToUserName : oyWTK1OLxaQ2AXCAGGsm-gaVsF78 ;
MsgType : text ;
Content : 欢迎关注黔满园荣贵微信公众号！ ;

2017-12-04 14:00:40 trace :
------------
String:
<xml><ToUserName><![CDATA[gh_be7e4da020bc]]></ToUserName>
<FromUserName><![CDATA[oPtQ2wI0xqYu4aUJ2-q1VwHJ9RXM]]></FromUserName>
<CreateTime>1512367239</CreateTime>
<MsgType><![CDATA[event]]></MsgType>
<Event><![CDATA[VIEW]]></Event>
<EventKey><![CDATA[http://www.gzqtbw.com/app/index.php?i=8&c=home&t=8]]></EventKey>
<MenuId>430931951</MenuId>
</xml>

2017-12-04 14:00:40 params :
------------
Array:
message : Array ;
module : basic ;
rule : 10 ;
priority : 0 ;
keyword : Array ;

2017-12-04 14:00:40 response :
------------
Array:
FromUserName : gh_be7e4da020bc ;
ToUserName : oPtQ2wI0xqYu4aUJ2-q1VwHJ9RXM ;
MsgType : text ;
Content : 欢迎关注美食广场微信公众号！ ;

2017-12-04 23:45:39 trace :
------------
String:
<xml><ToUserName><![CDATA[gh_b6dd8949412a]]></ToUserName>
<FromUserName><![CDATA[osNo7w3jlAURH7e0M5CgEvTdZ-Pw]]></FromUserName>
<CreateTime>1512402339</CreateTime>
<MsgType><![CDATA[event]]></MsgType>
<Event><![CDATA[LOCATION]]></Event>
<Latitude>31.455561</Latitude>
<Longitude>104.590500</Longitude>
<Precision>430.000000</Precision>
</xml>

2017-12-04 23:45:40 params :
------------
Array:
message : Array ;
module : default ;
rule : -1 ;

2017-12-04 23:45:40 response :
------------
Array:
errno : -1 ;
message : Invaild value ;

2017-12-04 23:45:44 trace :
------------
String:
<xml><ToUserName><![CDATA[gh_b6dd8949412a]]></ToUserName>
<FromUserName><![CDATA[osNo7w3jlAURH7e0M5CgEvTdZ-Pw]]></FromUserName>
<CreateTime>1512402340</CreateTime>
<MsgType><![CDATA[event]]></MsgType>
<Event><![CDATA[VIEW]]></Event>
<EventKey><![CDATA[http://www.gzqtbw.com/app/index.php?i=15&c=home&t=18]]></EventKey>
<MenuId>418590499</MenuId>
</xml>

2017-12-04 23:45:44 params :
------------
Array:
message : Array ;
module : basic ;
rule : 15 ;
priority : 0 ;
keyword : Array ;

2017-12-04 23:45:44 response :
------------
Array:
FromUserName : gh_b6dd8949412a ;
ToUserName : osNo7w3jlAURH7e0M5CgEvTdZ-Pw ;
MsgType : text ;
Content : 欢迎关注贵州博达云科技！ ;

2017-12-04 23:45:58 trace :
------------
String:
<xml><ToUserName><![CDATA[gh_b6dd8949412a]]></ToUserName>
<FromUserName><![CDATA[osNo7w3jlAURH7e0M5CgEvTdZ-Pw]]></FromUserName>
<CreateTime>1512402358</CreateTime>
<MsgType><![CDATA[event]]></MsgType>
<Event><![CDATA[LOCATION]]></Event>
<Latitude>31.455561</Latitude>
<Longitude>104.590500</Longitude>
<Precision>430.000000</Precision>
</xml>

2017-12-04 23:45:58 params :
------------
Array:
message : Array ;
module : default ;
rule : -1 ;

2017-12-04 23:45:58 response :
------------
Array:
errno : -1 ;
message : Invaild value ;

