2017-10-23 10:37:57 trace :
------------
String:
<xml><ToUserName><![CDATA[gh_be7e4da020bc]]></ToUserName>
<FromUserName><![CDATA[oPtQ2wPd0o3WrlncSeyKr9FzierM]]></FromUserName>
<CreateTime>1508726276</CreateTime>
<MsgType><![CDATA[event]]></MsgType>
<Event><![CDATA[subscribe]]></Event>
<EventKey><![CDATA[]]></EventKey>
</xml>

2017-10-23 10:37:57 params :
------------
Array:
message : Array ;
module : basic ;
rule : 10 ;
priority : 0 ;
keyword : Array ;

2017-10-23 10:37:57 response :
------------
Array:
FromUserName : gh_be7e4da020bc ;
ToUserName : oPtQ2wPd0o3WrlncSeyKr9FzierM ;
MsgType : text ;
Content : 欢迎关注美食广场微信公众号！ ;

2017-10-23 12:05:25 trace :
------------
String:
<xml><ToUserName><![CDATA[gh_387f2586a480]]></ToUserName>
<FromUserName><![CDATA[oHlBev_u1nILbqKNum1qDiplPDW4]]></FromUserName>
<CreateTime>1508731524</CreateTime>
<MsgType><![CDATA[event]]></MsgType>
<Event><![CDATA[VIEW]]></Event>
<EventKey><![CDATA[http://www.gzqtbw.com/app/index.php?i=12&c=home&t=15]]></EventKey>
<MenuId>602413748</MenuId>
</xml>

2017-10-23 12:05:25 params :
------------
Array:
message : Array ;
module : basic ;
rule : 13 ;
priority : 0 ;
keyword : Array ;

2017-10-23 12:05:25 response :
------------
Array:
FromUserName : gh_387f2586a480 ;
ToUserName : oHlBev_u1nILbqKNum1qDiplPDW4 ;
MsgType : text ;
Content : 欢迎关注李记梧桐人家微信公众号！ ;

2017-10-23 12:05:38 trace :
------------
String:
<xml><ToUserName><![CDATA[gh_387f2586a480]]></ToUserName>
<FromUserName><![CDATA[oHlBev_u1nILbqKNum1qDiplPDW4]]></FromUserName>
<CreateTime>1508731538</CreateTime>
<MsgType><![CDATA[event]]></MsgType>
<Event><![CDATA[VIEW]]></Event>
<EventKey><![CDATA[http://www.gzqtbw.com/app/index.php?i=12&c=home&t=15]]></EventKey>
<MenuId>602413748</MenuId>
</xml>

2017-10-23 12:05:38 params :
------------
Array:
message : Array ;
module : basic ;
rule : 13 ;
priority : 0 ;
keyword : Array ;

2017-10-23 12:05:38 response :
------------
Array:
FromUserName : gh_387f2586a480 ;
ToUserName : oHlBev_u1nILbqKNum1qDiplPDW4 ;
MsgType : text ;
Content : 欢迎关注李记梧桐人家微信公众号！ ;

2017-10-23 12:52:10 trace :
------------
String:
<xml><ToUserName><![CDATA[gh_be7e4da020bc]]></ToUserName>
<FromUserName><![CDATA[oPtQ2wJzgewur7gJEeXUmjszxoqc]]></FromUserName>
<CreateTime>1508734329</CreateTime>
<MsgType><![CDATA[event]]></MsgType>
<Event><![CDATA[subscribe]]></Event>
<EventKey><![CDATA[]]></EventKey>
</xml>

2017-10-23 12:52:10 params :
------------
Array:
message : Array ;
module : basic ;
rule : 10 ;
priority : 0 ;
keyword : Array ;

2017-10-23 12:52:10 response :
------------
Array:
FromUserName : gh_be7e4da020bc ;
ToUserName : oPtQ2wJzgewur7gJEeXUmjszxoqc ;
MsgType : text ;
Content : 欢迎关注美食广场微信公众号！ ;

2017-10-23 12:52:14 trace :
------------
String:
<xml><ToUserName><![CDATA[gh_be7e4da020bc]]></ToUserName>
<FromUserName><![CDATA[oPtQ2wJzgewur7gJEeXUmjszxoqc]]></FromUserName>
<CreateTime>1508734333</CreateTime>
<MsgType><![CDATA[event]]></MsgType>
<Event><![CDATA[VIEW]]></Event>
<EventKey><![CDATA[http://www.gzqtbw.com/app/index.php?i=8&c=home&t=8]]></EventKey>
<MenuId>430931951</MenuId>
</xml>

2017-10-23 12:52:14 params :
------------
Array:
message : Array ;
module : basic ;
rule : 10 ;
priority : 0 ;
keyword : Array ;

2017-10-23 12:52:14 response :
------------
Array:
FromUserName : gh_be7e4da020bc ;
ToUserName : oPtQ2wJzgewur7gJEeXUmjszxoqc ;
MsgType : text ;
Content : 欢迎关注美食广场微信公众号！ ;

2017-10-23 12:56:49 trace :
------------
String:
<xml><ToUserName><![CDATA[gh_be7e4da020bc]]></ToUserName>
<FromUserName><![CDATA[oPtQ2wJzgewur7gJEeXUmjszxoqc]]></FromUserName>
<CreateTime>1508734608</CreateTime>
<MsgType><![CDATA[event]]></MsgType>
<Event><![CDATA[VIEW]]></Event>
<EventKey><![CDATA[http://www.gzqtbw.com/app/index.php?i=8&c=home&t=8]]></EventKey>
<MenuId>430931951</MenuId>
</xml>

2017-10-23 12:56:49 params :
------------
Array:
message : Array ;
module : basic ;
rule : 10 ;
priority : 0 ;
keyword : Array ;

2017-10-23 12:56:49 response :
------------
Array:
FromUserName : gh_be7e4da020bc ;
ToUserName : oPtQ2wJzgewur7gJEeXUmjszxoqc ;
MsgType : text ;
Content : 欢迎关注美食广场微信公众号！ ;

2017-10-23 13:23:30 trace :
------------
String:
<xml><ToUserName><![CDATA[gh_be7e4da020bc]]></ToUserName>
<FromUserName><![CDATA[oPtQ2wJzgewur7gJEeXUmjszxoqc]]></FromUserName>
<CreateTime>1508736209</CreateTime>
<MsgType><![CDATA[event]]></MsgType>
<Event><![CDATA[VIEW]]></Event>
<EventKey><![CDATA[http://www.gzqtbw.com/app/index.php?i=8&c=home&t=8]]></EventKey>
<MenuId>430931951</MenuId>
</xml>

2017-10-23 13:23:30 params :
------------
Array:
message : Array ;
module : basic ;
rule : 10 ;
priority : 0 ;
keyword : Array ;

2017-10-23 13:23:30 response :
------------
Array:
FromUserName : gh_be7e4da020bc ;
ToUserName : oPtQ2wJzgewur7gJEeXUmjszxoqc ;
MsgType : text ;
Content : 欢迎关注美食广场微信公众号！ ;

2017-10-23 14:03:06 trace :
------------
String:
<xml><ToUserName><![CDATA[gh_387f2586a480]]></ToUserName>
<FromUserName><![CDATA[oHlBev1X-2hkd9Rjq60IoEiVH0mA]]></FromUserName>
<CreateTime>1508738585</CreateTime>
<MsgType><![CDATA[event]]></MsgType>
<Event><![CDATA[subscribe]]></Event>
<EventKey><![CDATA[]]></EventKey>
</xml>

2017-10-23 14:03:06 params :
------------
Array:
message : Array ;
module : basic ;
rule : 13 ;
priority : 0 ;
keyword : Array ;

2017-10-23 14:03:06 response :
------------
Array:
FromUserName : gh_387f2586a480 ;
ToUserName : oHlBev1X-2hkd9Rjq60IoEiVH0mA ;
MsgType : text ;
Content : 欢迎关注李记梧桐人家微信公众号！ ;

2017-10-23 14:03:26 trace :
------------
String:
<xml><ToUserName><![CDATA[gh_387f2586a480]]></ToUserName>
<FromUserName><![CDATA[oHlBev1X-2hkd9Rjq60IoEiVH0mA]]></FromUserName>
<CreateTime>1508738605</CreateTime>
<MsgType><![CDATA[event]]></MsgType>
<Event><![CDATA[VIEW]]></Event>
<EventKey><![CDATA[http://www.gzqtbw.com/app/index.php?i=12&c=home&t=15]]></EventKey>
<MenuId>602413748</MenuId>
</xml>

2017-10-23 14:03:26 params :
------------
Array:
message : Array ;
module : basic ;
rule : 13 ;
priority : 0 ;
keyword : Array ;

2017-10-23 14:03:26 response :
------------
Array:
FromUserName : gh_387f2586a480 ;
ToUserName : oHlBev1X-2hkd9Rjq60IoEiVH0mA ;
MsgType : text ;
Content : 欢迎关注李记梧桐人家微信公众号！ ;

2017-10-23 14:04:13 trace :
------------
String:
<xml><ToUserName><![CDATA[gh_387f2586a480]]></ToUserName>
<FromUserName><![CDATA[oHlBev1X-2hkd9Rjq60IoEiVH0mA]]></FromUserName>
<CreateTime>1508738652</CreateTime>
<MsgType><![CDATA[event]]></MsgType>
<Event><![CDATA[VIEW]]></Event>
<EventKey><![CDATA[http://www.gzqtbw.com/app/index.php?i=12&c=home&t=15]]></EventKey>
<MenuId>602413748</MenuId>
</xml>

2017-10-23 14:04:13 params :
------------
Array:
message : Array ;
module : basic ;
rule : 13 ;
priority : 0 ;
keyword : Array ;

2017-10-23 14:04:13 response :
------------
Array:
FromUserName : gh_387f2586a480 ;
ToUserName : oHlBev1X-2hkd9Rjq60IoEiVH0mA ;
MsgType : text ;
Content : 欢迎关注李记梧桐人家微信公众号！ ;

2017-10-23 14:04:40 trace :
------------
String:
<xml><ToUserName><![CDATA[gh_387f2586a480]]></ToUserName>
<FromUserName><![CDATA[oHlBev1X-2hkd9Rjq60IoEiVH0mA]]></FromUserName>
<CreateTime>1508738679</CreateTime>
<MsgType><![CDATA[event]]></MsgType>
<Event><![CDATA[VIEW]]></Event>
<EventKey><![CDATA[http://www.gzqtbw.com/app/index.php?i=12&c=home&t=15]]></EventKey>
<MenuId>602413748</MenuId>
</xml>

2017-10-23 14:04:40 params :
------------
Array:
message : Array ;
module : basic ;
rule : 13 ;
priority : 0 ;
keyword : Array ;

2017-10-23 14:04:40 response :
------------
Array:
FromUserName : gh_387f2586a480 ;
ToUserName : oHlBev1X-2hkd9Rjq60IoEiVH0mA ;
MsgType : text ;
Content : 欢迎关注李记梧桐人家微信公众号！ ;

2017-10-23 23:11:34 trace :
------------
String:
<xml><ToUserName><![CDATA[gh_387f2586a480]]></ToUserName>
<FromUserName><![CDATA[oHlBev-SvtTBeerna5fJ7jd8Cdwo]]></FromUserName>
<CreateTime>1508771493</CreateTime>
<MsgType><![CDATA[event]]></MsgType>
<Event><![CDATA[subscribe]]></Event>
<EventKey><![CDATA[]]></EventKey>
</xml>

2017-10-23 23:11:34 params :
------------
Array:
message : Array ;
module : basic ;
rule : 13 ;
priority : 0 ;
keyword : Array ;

2017-10-23 23:11:34 response :
------------
Array:
FromUserName : gh_387f2586a480 ;
ToUserName : oHlBev-SvtTBeerna5fJ7jd8Cdwo ;
MsgType : text ;
Content : 欢迎关注李记梧桐人家微信公众号！ ;

