2017-12-25 00:43:06 trace :
------------
Array:
errno : -1 ;
message : 微信公众平台返回接口错误. 
错误代码为: 40005 
,错误描述为: appid 校验错误 ;

2017-12-25 00:43:06 waring :
------------
String:
Request Failed

2017-12-25 11:26:11 trace :
------------
Array:
errno : -1 ;
message : 微信公众平台返回接口错误. 
错误代码为: 40005 
,错误描述为: appid 校验错误 ;

2017-12-25 11:26:11 waring :
------------
String:
Request Failed

2017-12-25 11:26:24 trace :
------------
Array:
errno : -1 ;
message : 微信公众平台返回接口错误. 
错误代码为: 40005 
,错误描述为: appid 校验错误 ;

2017-12-25 11:26:24 waring :
------------
String:
Request Failed

2017-12-25 11:30:57 trace :
------------
Array:
errno : -1 ;
message : 微信公众平台返回接口错误. 
错误代码为: 40005 
,错误描述为: appid 校验错误 ;

2017-12-25 11:30:57 waring :
------------
String:
Request Failed

2017-12-25 13:00:56 trace :
------------
Array:
errno : -1 ;
message : 微信公众平台返回接口错误. 
错误代码为: 40005 
,错误描述为: appid 校验错误 ;

2017-12-25 13:00:56 waring :
------------
String:
Request Failed

2017-12-25 13:01:16 trace :
------------
Array:
errno : -1 ;
message : 微信公众平台返回接口错误. 
错误代码为: 40005 
,错误描述为: appid 校验错误 ;

2017-12-25 13:01:16 waring :
------------
String:
Request Failed

2017-12-25 13:01:41 trace :
------------
Array:
errno : -1 ;
message : 微信公众平台返回接口错误. 
错误代码为: 40005 
,错误描述为: appid 校验错误 ;

2017-12-25 13:01:41 waring :
------------
String:
Request Failed

2017-12-25 13:01:49 trace :
------------
Array:
errno : -1 ;
message : 微信公众平台返回接口错误. 
错误代码为: 40005 
,错误描述为: appid 校验错误 ;

2017-12-25 13:01:49 waring :
------------
String:
Request Failed

2017-12-25 13:02:15 trace :
------------
Array:
errno : -1 ;
message : 微信公众平台返回接口错误. 
错误代码为: 40005 
,错误描述为: appid 校验错误 ;

2017-12-25 13:02:15 waring :
------------
String:
Request Failed

2017-12-25 13:02:37 trace :
------------
Array:
errno : -1 ;
message : 微信公众平台返回接口错误. 
错误代码为: 40005 
,错误描述为: appid 校验错误 ;

2017-12-25 13:02:37 waring :
------------
String:
Request Failed

2017-12-25 13:03:00 trace :
------------
Array:
errno : -1 ;
message : 微信公众平台返回接口错误. 
错误代码为: 40005 
,错误描述为: appid 校验错误 ;

2017-12-25 13:03:00 waring :
------------
String:
Request Failed

2017-12-25 13:06:43 trace :
------------
Array:
errno : -1 ;
message : 微信公众平台返回接口错误. 
错误代码为: 40005 
,错误描述为: appid 校验错误 ;

2017-12-25 13:06:43 waring :
------------
String:
Request Failed

2017-12-25 13:07:50 trace :
------------
Array:
errno : -1 ;
message : 微信公众平台返回接口错误. 
错误代码为: 40005 
,错误描述为: appid 校验错误 ;

2017-12-25 13:07:50 waring :
------------
String:
Request Failed

2017-12-25 13:08:28 trace :
------------
Array:
errno : -1 ;
message : 微信公众平台返回接口错误. 
错误代码为: 40005 
,错误描述为: appid 校验错误 ;

2017-12-25 13:08:28 waring :
------------
String:
Request Failed

2017-12-25 13:08:59 trace :
------------
Array:
errno : -1 ;
message : 微信公众平台返回接口错误. 
错误代码为: 40005 
,错误描述为: appid 校验错误 ;

2017-12-25 13:08:59 waring :
------------
String:
Request Failed

2017-12-25 13:09:19 trace :
------------
Array:
errno : -1 ;
message : 微信公众平台返回接口错误. 
错误代码为: 40005 
,错误描述为: appid 校验错误 ;

2017-12-25 13:09:19 waring :
------------
String:
Request Failed

2017-12-25 13:10:04 trace :
------------
Array:
errno : -1 ;
message : 微信公众平台返回接口错误. 
错误代码为: 40005 
,错误描述为: appid 校验错误 ;

2017-12-25 13:10:04 waring :
------------
String:
Request Failed

2017-12-25 13:11:09 trace :
------------
Array:
errno : -1 ;
message : 微信公众平台返回接口错误. 
错误代码为: 40005 
,错误描述为: appid 校验错误 ;

2017-12-25 13:11:09 waring :
------------
String:
Request Failed

2017-12-25 13:11:31 trace :
------------
Array:
errno : -1 ;
message : 微信公众平台返回接口错误. 
错误代码为: 40005 
,错误描述为: appid 校验错误 ;

2017-12-25 13:11:31 waring :
------------
String:
Request Failed

2017-12-25 13:11:37 trace :
------------
Array:
errno : -1 ;
message : 微信公众平台返回接口错误. 
错误代码为: 40005 
,错误描述为: appid 校验错误 ;

2017-12-25 13:11:37 waring :
------------
String:
Request Failed

2017-12-25 13:12:35 trace :
------------
Array:
errno : -1 ;
message : 微信公众平台返回接口错误. 
错误代码为: 40005 
,错误描述为: appid 校验错误 ;

2017-12-25 13:12:35 waring :
------------
String:
Request Failed

2017-12-25 13:14:48 trace :
------------
Array:
errno : -1 ;
message : 微信公众平台返回接口错误. 
错误代码为: 40005 
,错误描述为: appid 校验错误 ;

2017-12-25 13:14:48 waring :
------------
String:
Request Failed

2017-12-25 13:15:08 trace :
------------
Array:
errno : -1 ;
message : 微信公众平台返回接口错误. 
错误代码为: 40005 
,错误描述为: appid 校验错误 ;

2017-12-25 13:15:08 waring :
------------
String:
Request Failed

2017-12-25 13:15:36 trace :
------------
Array:
errno : -1 ;
message : 微信公众平台返回接口错误. 
错误代码为: 40005 
,错误描述为: appid 校验错误 ;

2017-12-25 13:15:36 waring :
------------
String:
Request Failed

2017-12-25 13:17:14 trace :
------------
Array:
errno : -1 ;
message : 微信公众平台返回接口错误. 
错误代码为: 40005 
,错误描述为: appid 校验错误 ;

2017-12-25 13:17:14 waring :
------------
String:
Request Failed

2017-12-25 13:17:45 trace :
------------
Array:
errno : -1 ;
message : 微信公众平台返回接口错误. 
错误代码为: 40005 
,错误描述为: appid 校验错误 ;

2017-12-25 13:17:45 waring :
------------
String:
Request Failed

2017-12-25 13:18:27 trace :
------------
Array:
errno : -1 ;
message : 微信公众平台返回接口错误. 
错误代码为: 40005 
,错误描述为: appid 校验错误 ;

2017-12-25 13:18:27 waring :
------------
String:
Request Failed

2017-12-25 13:21:46 trace :
------------
Array:
errno : -1 ;
message : 微信公众平台返回接口错误. 
错误代码为: 40005 
,错误描述为: appid 校验错误 ;

2017-12-25 13:21:46 waring :
------------
String:
Request Failed

2017-12-25 13:22:09 trace :
------------
Array:
errno : -1 ;
message : 微信公众平台返回接口错误. 
错误代码为: 40005 
,错误描述为: appid 校验错误 ;

2017-12-25 13:22:09 waring :
------------
String:
Request Failed

2017-12-25 13:22:20 trace :
------------
Array:
errno : -1 ;
message : 微信公众平台返回接口错误. 
错误代码为: 40005 
,错误描述为: appid 校验错误 ;

2017-12-25 13:22:20 waring :
------------
String:
Request Failed

2017-12-25 13:22:39 trace :
------------
Array:
errno : -1 ;
message : 微信公众平台返回接口错误. 
错误代码为: 40005 
,错误描述为: appid 校验错误 ;

2017-12-25 13:22:39 waring :
------------
String:
Request Failed

2017-12-25 13:23:13 trace :
------------
Array:
errno : -1 ;
message : 微信公众平台返回接口错误. 
错误代码为: 40005 
,错误描述为: appid 校验错误 ;

2017-12-25 13:23:13 waring :
------------
String:
Request Failed

2017-12-25 13:37:16 trace :
------------
String:
<xml><ToUserName><![CDATA[gh_07a7ab1e550f]]></ToUserName>
<FromUserName><![CDATA[oBqpn1bO3U0JZ3WBOsqEzF7k-Ppw]]></FromUserName>
<CreateTime>1514180235</CreateTime>
<MsgType><![CDATA[event]]></MsgType>
<Event><![CDATA[subscribe]]></Event>
<EventKey><![CDATA[]]></EventKey>
</xml>

2017-12-25 13:37:16 params :
------------
Array:
message : Array ;
module : basic ;
rule : 20 ;
priority : 0 ;
keyword : Array ;

2017-12-25 13:37:16 response :
------------
Array:
FromUserName : gh_07a7ab1e550f ;
ToUserName : oBqpn1bO3U0JZ3WBOsqEzF7k-Ppw ;
MsgType : text ;
Content : 感谢关注贵州罗甸红心火龙果/爱心 ;

2017-12-25 13:37:20 trace :
------------
String:
<xml><ToUserName><![CDATA[gh_07a7ab1e550f]]></ToUserName>
<FromUserName><![CDATA[oBqpn1bO3U0JZ3WBOsqEzF7k-Ppw]]></FromUserName>
<CreateTime>1514180239</CreateTime>
<MsgType><![CDATA[event]]></MsgType>
<Event><![CDATA[VIEW]]></Event>
<EventKey><![CDATA[http://www.gzqtbw.com/app/index.php?i=18&c=entry&do=shop&m=ewei_shop]]></EventKey>
<MenuId>441791206</MenuId>
</xml>

2017-12-25 13:37:20 params :
------------
Array:
message : Array ;
module : basic ;
rule : 20 ;
priority : 0 ;
keyword : Array ;

2017-12-25 13:37:20 response :
------------
Array:
FromUserName : gh_07a7ab1e550f ;
ToUserName : oBqpn1bO3U0JZ3WBOsqEzF7k-Ppw ;
MsgType : text ;
Content : 感谢关注贵州罗甸红心火龙果/爱心 ;

2017-12-25 13:40:31 trace :
------------
String:
<xml><ToUserName><![CDATA[gh_07a7ab1e550f]]></ToUserName>
<FromUserName><![CDATA[oBqpn1bO3U0JZ3WBOsqEzF7k-Ppw]]></FromUserName>
<CreateTime>1514180430</CreateTime>
<MsgType><![CDATA[event]]></MsgType>
<Event><![CDATA[unsubscribe]]></Event>
<EventKey><![CDATA[]]></EventKey>
</xml>

2017-12-25 17:04:09 trace :
------------
String:
<xml><ToUserName><![CDATA[gh_07a7ab1e550f]]></ToUserName>
<FromUserName><![CDATA[oBqpn1QTo7un95wceuQ5kFCUor-g]]></FromUserName>
<CreateTime>1514192649</CreateTime>
<MsgType><![CDATA[event]]></MsgType>
<Event><![CDATA[subscribe]]></Event>
<EventKey><![CDATA[]]></EventKey>
</xml>

2017-12-25 17:04:09 params :
------------
Array:
message : Array ;
module : basic ;
rule : 20 ;
priority : 0 ;
keyword : Array ;

2017-12-25 17:04:09 response :
------------
Array:
FromUserName : gh_07a7ab1e550f ;
ToUserName : oBqpn1QTo7un95wceuQ5kFCUor-g ;
MsgType : text ;
Content : 感谢关注贵州罗甸红心火龙果/爱心 ;

2017-12-25 17:04:14 trace :
------------
String:
<xml><ToUserName><![CDATA[gh_07a7ab1e550f]]></ToUserName>
<FromUserName><![CDATA[oBqpn1QTo7un95wceuQ5kFCUor-g]]></FromUserName>
<CreateTime>1514192653</CreateTime>
<MsgType><![CDATA[event]]></MsgType>
<Event><![CDATA[VIEW]]></Event>
<EventKey><![CDATA[http://www.gzqtbw.com/app/index.php?i=18&c=home&t=26]]></EventKey>
<MenuId>441791206</MenuId>
</xml>

2017-12-25 17:04:14 params :
------------
Array:
message : Array ;
module : basic ;
rule : 20 ;
priority : 0 ;
keyword : Array ;

2017-12-25 17:04:14 response :
------------
Array:
FromUserName : gh_07a7ab1e550f ;
ToUserName : oBqpn1QTo7un95wceuQ5kFCUor-g ;
MsgType : text ;
Content : 感谢关注贵州罗甸红心火龙果/爱心 ;

2017-12-25 17:04:17 trace :
------------
String:
<xml><ToUserName><![CDATA[gh_07a7ab1e550f]]></ToUserName>
<FromUserName><![CDATA[oBqpn1QTo7un95wceuQ5kFCUor-g]]></FromUserName>
<CreateTime>1514192656</CreateTime>
<MsgType><![CDATA[event]]></MsgType>
<Event><![CDATA[VIEW]]></Event>
<EventKey><![CDATA[http://www.gzqtbw.com/app/index.php?i=18&c=entry&do=shop&m=ewei_shop]]></EventKey>
<MenuId>441791206</MenuId>
</xml>

2017-12-25 17:04:17 params :
------------
Array:
message : Array ;
module : basic ;
rule : 20 ;
priority : 0 ;
keyword : Array ;

2017-12-25 17:04:17 response :
------------
Array:
FromUserName : gh_07a7ab1e550f ;
ToUserName : oBqpn1QTo7un95wceuQ5kFCUor-g ;
MsgType : text ;
Content : 感谢关注贵州罗甸红心火龙果/爱心 ;

2017-12-25 17:12:18 trace :
------------
String:
<xml><ToUserName><![CDATA[gh_07a7ab1e550f]]></ToUserName>
<FromUserName><![CDATA[oBqpn1QTo7un95wceuQ5kFCUor-g]]></FromUserName>
<CreateTime>1514193137</CreateTime>
<MsgType><![CDATA[event]]></MsgType>
<Event><![CDATA[unsubscribe]]></Event>
<EventKey><![CDATA[]]></EventKey>
</xml>

