2017-12-06 01:02:12 trace :
------------
String:
<xml><ToUserName><![CDATA[gh_9e16f2771397]]></ToUserName>
<FromUserName><![CDATA[oSSurv6QdxNrEvNyKD9Yrwjfpf0o]]></FromUserName>
<CreateTime>1512493331</CreateTime>
<MsgType><![CDATA[event]]></MsgType>
<Event><![CDATA[unsubscribe]]></Event>
<EventKey><![CDATA[]]></EventKey>
</xml>

2017-12-06 01:16:09 trace :
------------
String:
<xml><ToUserName><![CDATA[gh_be7e4da020bc]]></ToUserName>
<FromUserName><![CDATA[oPtQ2wEASITj2HtS9gfAIE1eIQgM]]></FromUserName>
<CreateTime>1512494168</CreateTime>
<MsgType><![CDATA[event]]></MsgType>
<Event><![CDATA[unsubscribe]]></Event>
<EventKey><![CDATA[]]></EventKey>
</xml>

2017-12-06 09:38:53 trace :
------------
String:
<xml><ToUserName><![CDATA[gh_be7e4da020bc]]></ToUserName>
<FromUserName><![CDATA[oPtQ2wJDQJoGgZhGiO9QlXfTS42c]]></FromUserName>
<CreateTime>1512524332</CreateTime>
<MsgType><![CDATA[event]]></MsgType>
<Event><![CDATA[VIEW]]></Event>
<EventKey><![CDATA[http://www.gzqtbw.com/app/index.php?i=8&c=home&t=8]]></EventKey>
<MenuId>430931951</MenuId>
</xml>

2017-12-06 09:38:53 params :
------------
Array:
message : Array ;
module : basic ;
rule : 10 ;
priority : 0 ;
keyword : Array ;

2017-12-06 09:38:53 response :
------------
Array:
FromUserName : gh_be7e4da020bc ;
ToUserName : oPtQ2wJDQJoGgZhGiO9QlXfTS42c ;
MsgType : text ;
Content : 欢迎关注美食广场微信公众号！ ;

2017-12-06 11:02:44 trace :
------------
String:
<xml><ToUserName><![CDATA[gh_be7e4da020bc]]></ToUserName>
<FromUserName><![CDATA[oPtQ2wJbB6GdOnrp53WUVsXyFn_E]]></FromUserName>
<CreateTime>1512529364</CreateTime>
<MsgType><![CDATA[event]]></MsgType>
<Event><![CDATA[VIEW]]></Event>
<EventKey><![CDATA[http://www.gzqtbw.com/app/index.php?i=8&c=home&t=8]]></EventKey>
<MenuId>430931951</MenuId>
</xml>

2017-12-06 11:02:44 params :
------------
Array:
message : Array ;
module : basic ;
rule : 10 ;
priority : 0 ;
keyword : Array ;

2017-12-06 11:02:44 response :
------------
Array:
FromUserName : gh_be7e4da020bc ;
ToUserName : oPtQ2wJbB6GdOnrp53WUVsXyFn_E ;
MsgType : text ;
Content : 欢迎关注美食广场微信公众号！ ;

2017-12-06 13:05:58 trace :
------------
String:
<xml><ToUserName><![CDATA[gh_be7e4da020bc]]></ToUserName>
<FromUserName><![CDATA[oPtQ2wAF6lBsLKT3-EYajgiMc39k]]></FromUserName>
<CreateTime>1512536756</CreateTime>
<MsgType><![CDATA[event]]></MsgType>
<Event><![CDATA[VIEW]]></Event>
<EventKey><![CDATA[http://www.gzqtbw.com/app/index.php?i=8&c=home&t=8]]></EventKey>
<MenuId>430931951</MenuId>
</xml>

2017-12-06 13:05:58 params :
------------
Array:
message : Array ;
module : basic ;
rule : 10 ;
priority : 0 ;
keyword : Array ;

2017-12-06 13:05:58 response :
------------
Array:
FromUserName : gh_be7e4da020bc ;
ToUserName : oPtQ2wAF6lBsLKT3-EYajgiMc39k ;
MsgType : text ;
Content : 欢迎关注美食广场微信公众号！ ;

2017-12-06 13:49:16 trace :
------------
String:
<xml><ToUserName><![CDATA[gh_be7e4da020bc]]></ToUserName>
<FromUserName><![CDATA[oPtQ2wDRC7_qMsBrVS4zNjrh8KrA]]></FromUserName>
<CreateTime>1512539355</CreateTime>
<MsgType><![CDATA[event]]></MsgType>
<Event><![CDATA[VIEW]]></Event>
<EventKey><![CDATA[http://www.gzqtbw.com/app/index.php?i=8&c=home&t=8]]></EventKey>
<MenuId>430931951</MenuId>
</xml>

2017-12-06 13:49:16 params :
------------
Array:
message : Array ;
module : basic ;
rule : 10 ;
priority : 0 ;
keyword : Array ;

2017-12-06 13:49:16 response :
------------
Array:
FromUserName : gh_be7e4da020bc ;
ToUserName : oPtQ2wDRC7_qMsBrVS4zNjrh8KrA ;
MsgType : text ;
Content : 欢迎关注美食广场微信公众号！ ;

