2017-11-11 08:22:45 trace :
------------
String:
<xml><ToUserName><![CDATA[gh_be7e4da020bc]]></ToUserName>
<FromUserName><![CDATA[oPtQ2wId8iFtcW_u0MveN599kdM4]]></FromUserName>
<CreateTime>1510359765</CreateTime>
<MsgType><![CDATA[event]]></MsgType>
<Event><![CDATA[subscribe]]></Event>
<EventKey><![CDATA[]]></EventKey>
</xml>

2017-11-11 08:22:45 params :
------------
Array:
message : Array ;
module : basic ;
rule : 10 ;
priority : 0 ;
keyword : Array ;

2017-11-11 08:22:45 response :
------------
Array:
FromUserName : gh_be7e4da020bc ;
ToUserName : oPtQ2wId8iFtcW_u0MveN599kdM4 ;
MsgType : text ;
Content : 欢迎关注美食广场微信公众号！ ;

2017-11-11 08:23:33 trace :
------------
String:
<xml><ToUserName><![CDATA[gh_be7e4da020bc]]></ToUserName>
<FromUserName><![CDATA[oPtQ2wId8iFtcW_u0MveN599kdM4]]></FromUserName>
<CreateTime>1510359812</CreateTime>
<MsgType><![CDATA[event]]></MsgType>
<Event><![CDATA[VIEW]]></Event>
<EventKey><![CDATA[http://www.gzqtbw.com/app/index.php?i=8&c=home&t=8]]></EventKey>
<MenuId>430931951</MenuId>
</xml>

2017-11-11 08:23:33 params :
------------
Array:
message : Array ;
module : basic ;
rule : 10 ;
priority : 0 ;
keyword : Array ;

2017-11-11 08:23:33 response :
------------
Array:
FromUserName : gh_be7e4da020bc ;
ToUserName : oPtQ2wId8iFtcW_u0MveN599kdM4 ;
MsgType : text ;
Content : 欢迎关注美食广场微信公众号！ ;

2017-11-11 09:21:09 trace :
------------
String:
<xml><ToUserName><![CDATA[gh_be7e4da020bc]]></ToUserName>
<FromUserName><![CDATA[oPtQ2wD4bC2Q_szdaJWuQYNQ-Kr0]]></FromUserName>
<CreateTime>1510363268</CreateTime>
<MsgType><![CDATA[event]]></MsgType>
<Event><![CDATA[VIEW]]></Event>
<EventKey><![CDATA[http://www.gzqtbw.com/app/index.php?i=8&c=home&t=8]]></EventKey>
<MenuId>430931951</MenuId>
</xml>

2017-11-11 09:21:09 params :
------------
Array:
message : Array ;
module : basic ;
rule : 10 ;
priority : 0 ;
keyword : Array ;

2017-11-11 09:21:09 response :
------------
Array:
FromUserName : gh_be7e4da020bc ;
ToUserName : oPtQ2wD4bC2Q_szdaJWuQYNQ-Kr0 ;
MsgType : text ;
Content : 欢迎关注美食广场微信公众号！ ;

2017-11-11 09:27:57 trace :
------------
String:
<xml><ToUserName><![CDATA[gh_be7e4da020bc]]></ToUserName>
<FromUserName><![CDATA[oPtQ2wD4bC2Q_szdaJWuQYNQ-Kr0]]></FromUserName>
<CreateTime>1510363677</CreateTime>
<MsgType><![CDATA[event]]></MsgType>
<Event><![CDATA[VIEW]]></Event>
<EventKey><![CDATA[http://www.gzqtbw.com/app/index.php?i=8&c=home&t=8]]></EventKey>
<MenuId>430931951</MenuId>
</xml>

2017-11-11 09:27:58 params :
------------
Array:
message : Array ;
module : basic ;
rule : 10 ;
priority : 0 ;
keyword : Array ;

2017-11-11 09:27:58 response :
------------
Array:
FromUserName : gh_be7e4da020bc ;
ToUserName : oPtQ2wD4bC2Q_szdaJWuQYNQ-Kr0 ;
MsgType : text ;
Content : 欢迎关注美食广场微信公众号！ ;

2017-11-11 11:08:37 trace :
------------
String:
<xml><ToUserName><![CDATA[gh_be7e4da020bc]]></ToUserName>
<FromUserName><![CDATA[oPtQ2wJbB6GdOnrp53WUVsXyFn_E]]></FromUserName>
<CreateTime>1510369713</CreateTime>
<MsgType><![CDATA[event]]></MsgType>
<Event><![CDATA[VIEW]]></Event>
<EventKey><![CDATA[http://www.gzqtbw.com/app/index.php?i=8&c=home&t=8]]></EventKey>
<MenuId>430931951</MenuId>
</xml>

2017-11-11 11:08:37 params :
------------
Array:
message : Array ;
module : basic ;
rule : 10 ;
priority : 0 ;
keyword : Array ;

2017-11-11 11:08:37 response :
------------
Array:
FromUserName : gh_be7e4da020bc ;
ToUserName : oPtQ2wJbB6GdOnrp53WUVsXyFn_E ;
MsgType : text ;
Content : 欢迎关注美食广场微信公众号！ ;

2017-11-11 11:41:49 trace :
------------
String:
<xml><ToUserName><![CDATA[gh_be7e4da020bc]]></ToUserName>
<FromUserName><![CDATA[oPtQ2wLeC0AjiqCpBVLkYsV1Ekkw]]></FromUserName>
<CreateTime>1510371708</CreateTime>
<MsgType><![CDATA[event]]></MsgType>
<Event><![CDATA[subscribe]]></Event>
<EventKey><![CDATA[]]></EventKey>
</xml>

2017-11-11 11:41:49 params :
------------
Array:
message : Array ;
module : basic ;
rule : 10 ;
priority : 0 ;
keyword : Array ;

2017-11-11 11:41:49 response :
------------
Array:
FromUserName : gh_be7e4da020bc ;
ToUserName : oPtQ2wLeC0AjiqCpBVLkYsV1Ekkw ;
MsgType : text ;
Content : 欢迎关注美食广场微信公众号！ ;

2017-11-11 11:41:56 trace :
------------
String:
<xml><ToUserName><![CDATA[gh_be7e4da020bc]]></ToUserName>
<FromUserName><![CDATA[oPtQ2wLeC0AjiqCpBVLkYsV1Ekkw]]></FromUserName>
<CreateTime>1510371710</CreateTime>
<MsgType><![CDATA[event]]></MsgType>
<Event><![CDATA[VIEW]]></Event>
<EventKey><![CDATA[http://www.gzqtbw.com/app/index.php?i=8&c=home&t=8]]></EventKey>
<MenuId>430931951</MenuId>
</xml>

2017-11-11 11:41:56 params :
------------
Array:
message : Array ;
module : basic ;
rule : 10 ;
priority : 0 ;
keyword : Array ;

2017-11-11 11:41:56 response :
------------
Array:
FromUserName : gh_be7e4da020bc ;
ToUserName : oPtQ2wLeC0AjiqCpBVLkYsV1Ekkw ;
MsgType : text ;
Content : 欢迎关注美食广场微信公众号！ ;

2017-11-11 11:42:00 trace :
------------
String:
<xml><ToUserName><![CDATA[gh_be7e4da020bc]]></ToUserName>
<FromUserName><![CDATA[oPtQ2wLeC0AjiqCpBVLkYsV1Ekkw]]></FromUserName>
<CreateTime>1510371710</CreateTime>
<MsgType><![CDATA[event]]></MsgType>
<Event><![CDATA[VIEW]]></Event>
<EventKey><![CDATA[http://www.gzqtbw.com/app/index.php?i=8&c=home&t=8]]></EventKey>
<MenuId>430931951</MenuId>
</xml>

2017-11-11 11:42:00 params :
------------
Array:
message : Array ;
module : basic ;
rule : 10 ;
priority : 0 ;
keyword : Array ;

2017-11-11 11:42:00 response :
------------
Array:
FromUserName : gh_be7e4da020bc ;
ToUserName : oPtQ2wLeC0AjiqCpBVLkYsV1Ekkw ;
MsgType : text ;
Content : 欢迎关注美食广场微信公众号！ ;

2017-11-11 12:09:41 trace :
------------
String:
<xml><ToUserName><![CDATA[gh_be7e4da020bc]]></ToUserName>
<FromUserName><![CDATA[oPtQ2wO6R53gCyr-U-PIlL9oip7M]]></FromUserName>
<CreateTime>1510373381</CreateTime>
<MsgType><![CDATA[event]]></MsgType>
<Event><![CDATA[VIEW]]></Event>
<EventKey><![CDATA[http://www.gzqtbw.com/app/index.php?i=8&c=home&t=8]]></EventKey>
<MenuId>430931951</MenuId>
</xml>

2017-11-11 12:09:41 params :
------------
Array:
message : Array ;
module : basic ;
rule : 10 ;
priority : 0 ;
keyword : Array ;

2017-11-11 12:09:41 response :
------------
Array:
FromUserName : gh_be7e4da020bc ;
ToUserName : oPtQ2wO6R53gCyr-U-PIlL9oip7M ;
MsgType : text ;
Content : 欢迎关注美食广场微信公众号！ ;

2017-11-11 12:09:42 trace :
------------
String:
<xml><ToUserName><![CDATA[gh_be7e4da020bc]]></ToUserName>
<FromUserName><![CDATA[oPtQ2wO6R53gCyr-U-PIlL9oip7M]]></FromUserName>
<CreateTime>1510373381</CreateTime>
<MsgType><![CDATA[event]]></MsgType>
<Event><![CDATA[VIEW]]></Event>
<EventKey><![CDATA[http://www.gzqtbw.com/app/index.php?i=8&c=home&t=8]]></EventKey>
<MenuId>430931951</MenuId>
</xml>

2017-11-11 12:09:42 params :
------------
Array:
message : Array ;
module : basic ;
rule : 10 ;
priority : 0 ;
keyword : Array ;

2017-11-11 12:09:42 response :
------------
Array:
FromUserName : gh_be7e4da020bc ;
ToUserName : oPtQ2wO6R53gCyr-U-PIlL9oip7M ;
MsgType : text ;
Content : 欢迎关注美食广场微信公众号！ ;

2017-11-11 13:08:52 trace :
------------
String:
<xml><ToUserName><![CDATA[gh_be7e4da020bc]]></ToUserName>
<FromUserName><![CDATA[oPtQ2wN6QNONCK5O18dow7bPgHzw]]></FromUserName>
<CreateTime>1510376926</CreateTime>
<MsgType><![CDATA[event]]></MsgType>
<Event><![CDATA[VIEW]]></Event>
<EventKey><![CDATA[http://www.gzqtbw.com/app/index.php?i=8&c=home&t=8]]></EventKey>
<MenuId>430931951</MenuId>
</xml>

2017-11-11 13:08:52 params :
------------
Array:
message : Array ;
module : basic ;
rule : 10 ;
priority : 0 ;
keyword : Array ;

2017-11-11 13:08:52 response :
------------
Array:
FromUserName : gh_be7e4da020bc ;
ToUserName : oPtQ2wN6QNONCK5O18dow7bPgHzw ;
MsgType : text ;
Content : 欢迎关注美食广场微信公众号！ ;

2017-11-11 13:24:37 trace :
------------
String:
<xml><ToUserName><![CDATA[gh_be7e4da020bc]]></ToUserName>
<FromUserName><![CDATA[oPtQ2wL_2Aiurkxx3w8JomqmOEuM]]></FromUserName>
<CreateTime>1510377877</CreateTime>
<MsgType><![CDATA[event]]></MsgType>
<Event><![CDATA[VIEW]]></Event>
<EventKey><![CDATA[http://www.gzqtbw.com/app/index.php?i=8&c=home&t=8]]></EventKey>
<MenuId>430931951</MenuId>
</xml>

2017-11-11 13:24:37 params :
------------
Array:
message : Array ;
module : basic ;
rule : 10 ;
priority : 0 ;
keyword : Array ;

2017-11-11 13:24:37 response :
------------
Array:
FromUserName : gh_be7e4da020bc ;
ToUserName : oPtQ2wL_2Aiurkxx3w8JomqmOEuM ;
MsgType : text ;
Content : 欢迎关注美食广场微信公众号！ ;

2017-11-11 13:33:00 trace :
------------
String:
<xml><ToUserName><![CDATA[gh_be7e4da020bc]]></ToUserName>
<FromUserName><![CDATA[oPtQ2wN6QNONCK5O18dow7bPgHzw]]></FromUserName>
<CreateTime>1510378379</CreateTime>
<MsgType><![CDATA[event]]></MsgType>
<Event><![CDATA[VIEW]]></Event>
<EventKey><![CDATA[http://www.gzqtbw.com/app/index.php?i=8&c=home&t=8]]></EventKey>
<MenuId>430931951</MenuId>
</xml>

2017-11-11 13:33:00 params :
------------
Array:
message : Array ;
module : basic ;
rule : 10 ;
priority : 0 ;
keyword : Array ;

2017-11-11 13:33:00 response :
------------
Array:
FromUserName : gh_be7e4da020bc ;
ToUserName : oPtQ2wN6QNONCK5O18dow7bPgHzw ;
MsgType : text ;
Content : 欢迎关注美食广场微信公众号！ ;

2017-11-11 13:33:07 trace :
------------
String:
<xml><ToUserName><![CDATA[gh_be7e4da020bc]]></ToUserName>
<FromUserName><![CDATA[oPtQ2wN6QNONCK5O18dow7bPgHzw]]></FromUserName>
<CreateTime>1510378386</CreateTime>
<MsgType><![CDATA[event]]></MsgType>
<Event><![CDATA[VIEW]]></Event>
<EventKey><![CDATA[http://www.gzqtbw.com/app/index.php?i=8&c=home&t=8]]></EventKey>
<MenuId>430931951</MenuId>
</xml>

2017-11-11 13:33:07 params :
------------
Array:
message : Array ;
module : basic ;
rule : 10 ;
priority : 0 ;
keyword : Array ;

2017-11-11 13:33:07 response :
------------
Array:
FromUserName : gh_be7e4da020bc ;
ToUserName : oPtQ2wN6QNONCK5O18dow7bPgHzw ;
MsgType : text ;
Content : 欢迎关注美食广场微信公众号！ ;

2017-11-11 13:33:13 trace :
------------
String:
<xml><ToUserName><![CDATA[gh_be7e4da020bc]]></ToUserName>
<FromUserName><![CDATA[oPtQ2wN6QNONCK5O18dow7bPgHzw]]></FromUserName>
<CreateTime>1510378392</CreateTime>
<MsgType><![CDATA[event]]></MsgType>
<Event><![CDATA[VIEW]]></Event>
<EventKey><![CDATA[http://www.gzqtbw.com/app/index.php?i=8&c=home&t=8]]></EventKey>
<MenuId>430931951</MenuId>
</xml>

2017-11-11 13:33:13 params :
------------
Array:
message : Array ;
module : basic ;
rule : 10 ;
priority : 0 ;
keyword : Array ;

2017-11-11 13:33:13 response :
------------
Array:
FromUserName : gh_be7e4da020bc ;
ToUserName : oPtQ2wN6QNONCK5O18dow7bPgHzw ;
MsgType : text ;
Content : 欢迎关注美食广场微信公众号！ ;

2017-11-11 13:33:21 trace :
------------
String:
<xml><ToUserName><![CDATA[gh_be7e4da020bc]]></ToUserName>
<FromUserName><![CDATA[oPtQ2wN6QNONCK5O18dow7bPgHzw]]></FromUserName>
<CreateTime>1510378389</CreateTime>
<MsgType><![CDATA[event]]></MsgType>
<Event><![CDATA[VIEW]]></Event>
<EventKey><![CDATA[http://www.gzqtbw.com/app/index.php?i=8&c=home&t=8]]></EventKey>
<MenuId>430931951</MenuId>
</xml>

2017-11-11 13:33:21 params :
------------
Array:
message : Array ;
module : basic ;
rule : 10 ;
priority : 0 ;
keyword : Array ;

2017-11-11 13:33:21 response :
------------
Array:
FromUserName : gh_be7e4da020bc ;
ToUserName : oPtQ2wN6QNONCK5O18dow7bPgHzw ;
MsgType : text ;
Content : 欢迎关注美食广场微信公众号！ ;

2017-11-11 13:33:31 trace :
------------
String:
<xml><ToUserName><![CDATA[gh_be7e4da020bc]]></ToUserName>
<FromUserName><![CDATA[oPtQ2wN6QNONCK5O18dow7bPgHzw]]></FromUserName>
<CreateTime>1510378389</CreateTime>
<MsgType><![CDATA[event]]></MsgType>
<Event><![CDATA[VIEW]]></Event>
<EventKey><![CDATA[http://www.gzqtbw.com/app/index.php?i=8&c=home&t=8]]></EventKey>
<MenuId>430931951</MenuId>
</xml>

2017-11-11 13:33:31 params :
------------
Array:
message : Array ;
module : basic ;
rule : 10 ;
priority : 0 ;
keyword : Array ;

2017-11-11 13:33:31 response :
------------
Array:
FromUserName : gh_be7e4da020bc ;
ToUserName : oPtQ2wN6QNONCK5O18dow7bPgHzw ;
MsgType : text ;
Content : 欢迎关注美食广场微信公众号！ ;

2017-11-11 14:11:13 trace :
------------
String:
<xml><ToUserName><![CDATA[gh_be7e4da020bc]]></ToUserName>
<FromUserName><![CDATA[oPtQ2wN6QNONCK5O18dow7bPgHzw]]></FromUserName>
<CreateTime>1510380672</CreateTime>
<MsgType><![CDATA[event]]></MsgType>
<Event><![CDATA[VIEW]]></Event>
<EventKey><![CDATA[http://www.gzqtbw.com/app/index.php?i=8&c=home&t=8]]></EventKey>
<MenuId>430931951</MenuId>
</xml>

2017-11-11 14:11:13 params :
------------
Array:
message : Array ;
module : basic ;
rule : 10 ;
priority : 0 ;
keyword : Array ;

2017-11-11 14:11:13 response :
------------
Array:
FromUserName : gh_be7e4da020bc ;
ToUserName : oPtQ2wN6QNONCK5O18dow7bPgHzw ;
MsgType : text ;
Content : 欢迎关注美食广场微信公众号！ ;

2017-11-11 15:31:39 trace :
------------
String:
<xml><ToUserName><![CDATA[gh_be7e4da020bc]]></ToUserName>
<FromUserName><![CDATA[oPtQ2wLeC0AjiqCpBVLkYsV1Ekkw]]></FromUserName>
<CreateTime>1510385498</CreateTime>
<MsgType><![CDATA[event]]></MsgType>
<Event><![CDATA[VIEW]]></Event>
<EventKey><![CDATA[http://www.gzqtbw.com/app/index.php?i=8&c=home&t=8]]></EventKey>
<MenuId>430931951</MenuId>
</xml>

2017-11-11 15:31:39 params :
------------
Array:
message : Array ;
module : basic ;
rule : 10 ;
priority : 0 ;
keyword : Array ;

2017-11-11 15:31:39 response :
------------
Array:
FromUserName : gh_be7e4da020bc ;
ToUserName : oPtQ2wLeC0AjiqCpBVLkYsV1Ekkw ;
MsgType : text ;
Content : 欢迎关注美食广场微信公众号！ ;

2017-11-11 15:31:43 trace :
------------
String:
<xml><ToUserName><![CDATA[gh_be7e4da020bc]]></ToUserName>
<FromUserName><![CDATA[oPtQ2wLeC0AjiqCpBVLkYsV1Ekkw]]></FromUserName>
<CreateTime>1510385502</CreateTime>
<MsgType><![CDATA[event]]></MsgType>
<Event><![CDATA[VIEW]]></Event>
<EventKey><![CDATA[http://www.gzqtbw.com/app/index.php?i=8&c=site&a=site&do=detail&id=6]]></EventKey>
<MenuId>430931951</MenuId>
</xml>

2017-11-11 15:31:43 params :
------------
Array:
message : Array ;
module : basic ;
rule : 10 ;
priority : 0 ;
keyword : Array ;

2017-11-11 15:31:43 response :
------------
Array:
FromUserName : gh_be7e4da020bc ;
ToUserName : oPtQ2wLeC0AjiqCpBVLkYsV1Ekkw ;
MsgType : text ;
Content : 欢迎关注美食广场微信公众号！ ;

2017-11-11 15:32:05 trace :
------------
String:
<xml><ToUserName><![CDATA[gh_be7e4da020bc]]></ToUserName>
<FromUserName><![CDATA[oPtQ2wLeC0AjiqCpBVLkYsV1Ekkw]]></FromUserName>
<CreateTime>1510385520</CreateTime>
<MsgType><![CDATA[event]]></MsgType>
<Event><![CDATA[VIEW]]></Event>
<EventKey><![CDATA[http://www.gzqtbw.com/app/index.php?i=8&c=home&t=8]]></EventKey>
<MenuId>430931951</MenuId>
</xml>

2017-11-11 15:32:05 params :
------------
Array:
message : Array ;
module : basic ;
rule : 10 ;
priority : 0 ;
keyword : Array ;

2017-11-11 15:32:05 response :
------------
Array:
FromUserName : gh_be7e4da020bc ;
ToUserName : oPtQ2wLeC0AjiqCpBVLkYsV1Ekkw ;
MsgType : text ;
Content : 欢迎关注美食广场微信公众号！ ;

2017-11-11 15:32:09 trace :
------------
String:
<xml><ToUserName><![CDATA[gh_be7e4da020bc]]></ToUserName>
<FromUserName><![CDATA[oPtQ2wLeC0AjiqCpBVLkYsV1Ekkw]]></FromUserName>
<CreateTime>1510385520</CreateTime>
<MsgType><![CDATA[event]]></MsgType>
<Event><![CDATA[VIEW]]></Event>
<EventKey><![CDATA[http://www.gzqtbw.com/app/index.php?i=8&c=home&t=8]]></EventKey>
<MenuId>430931951</MenuId>
</xml>

2017-11-11 15:32:09 params :
------------
Array:
message : Array ;
module : basic ;
rule : 10 ;
priority : 0 ;
keyword : Array ;

2017-11-11 15:32:09 response :
------------
Array:
FromUserName : gh_be7e4da020bc ;
ToUserName : oPtQ2wLeC0AjiqCpBVLkYsV1Ekkw ;
MsgType : text ;
Content : 欢迎关注美食广场微信公众号！ ;

2017-11-11 15:32:14 trace :
------------
String:
<xml><ToUserName><![CDATA[gh_be7e4da020bc]]></ToUserName>
<FromUserName><![CDATA[oPtQ2wLeC0AjiqCpBVLkYsV1Ekkw]]></FromUserName>
<CreateTime>1510385533</CreateTime>
<MsgType><![CDATA[text]]></MsgType>
<Content><![CDATA[【收到不支持的消息类型，暂无法显示】]]></Content>
<MsgId>6487056469020797702</MsgId>
</xml>

2017-11-11 15:32:14 params :
------------
Array:
message : Array ;
module : basic ;
rule : 10 ;
priority : 0 ;
keyword : Array ;

2017-11-11 15:32:14 response :
------------
Array:
FromUserName : gh_be7e4da020bc ;
ToUserName : oPtQ2wLeC0AjiqCpBVLkYsV1Ekkw ;
MsgType : text ;
Content : 欢迎关注美食广场微信公众号！ ;

2017-11-11 15:32:29 trace :
------------
String:
<xml><ToUserName><![CDATA[gh_be7e4da020bc]]></ToUserName>
<FromUserName><![CDATA[oPtQ2wLeC0AjiqCpBVLkYsV1Ekkw]]></FromUserName>
<CreateTime>1510385540</CreateTime>
<MsgType><![CDATA[text]]></MsgType>
<Content><![CDATA[！]]></Content>
<MsgId>6487056499085568776</MsgId>
</xml>

2017-11-11 15:32:29 params :
------------
Array:
message : Array ;
module : basic ;
rule : 10 ;
priority : 0 ;
keyword : Array ;

2017-11-11 15:32:29 response :
------------
Array:
FromUserName : gh_be7e4da020bc ;
ToUserName : oPtQ2wLeC0AjiqCpBVLkYsV1Ekkw ;
MsgType : text ;
Content : 欢迎关注美食广场微信公众号！ ;

2017-11-11 15:32:47 trace :
------------
String:
<xml><ToUserName><![CDATA[gh_be7e4da020bc]]></ToUserName>
<FromUserName><![CDATA[oPtQ2wLeC0AjiqCpBVLkYsV1Ekkw]]></FromUserName>
<CreateTime>1510385567</CreateTime>
<MsgType><![CDATA[text]]></MsgType>
<Content><![CDATA[欢迎关注美食广场微信公众号！]]></Content>
<MsgId>6487056615049685779</MsgId>
</xml>

2017-11-11 15:32:47 params :
------------
Array:
message : Array ;
module : basic ;
rule : 10 ;
priority : 0 ;
keyword : Array ;

2017-11-11 15:32:47 response :
------------
Array:
FromUserName : gh_be7e4da020bc ;
ToUserName : oPtQ2wLeC0AjiqCpBVLkYsV1Ekkw ;
MsgType : text ;
Content : 欢迎关注美食广场微信公众号！ ;

2017-11-11 15:32:52 trace :
------------
String:
<xml><ToUserName><![CDATA[gh_be7e4da020bc]]></ToUserName>
<FromUserName><![CDATA[oPtQ2wLeC0AjiqCpBVLkYsV1Ekkw]]></FromUserName>
<CreateTime>1510385571</CreateTime>
<MsgType><![CDATA[text]]></MsgType>
<Content><![CDATA[欢迎关注美食广场微信公众号！]]></Content>
<MsgId>6487056632229554966</MsgId>
</xml>

2017-11-11 15:32:52 params :
------------
Array:
message : Array ;
module : basic ;
rule : 10 ;
priority : 0 ;
keyword : Array ;

2017-11-11 15:32:52 response :
------------
Array:
FromUserName : gh_be7e4da020bc ;
ToUserName : oPtQ2wLeC0AjiqCpBVLkYsV1Ekkw ;
MsgType : text ;
Content : 欢迎关注美食广场微信公众号！ ;

2017-11-11 15:32:59 trace :
------------
String:
<xml><ToUserName><![CDATA[gh_be7e4da020bc]]></ToUserName>
<FromUserName><![CDATA[oPtQ2wLeC0AjiqCpBVLkYsV1Ekkw]]></FromUserName>
<CreateTime>1510385576</CreateTime>
<MsgType><![CDATA[text]]></MsgType>
<Content><![CDATA[欢迎关注美食广场微信公众号！]]></Content>
<MsgId>6487056653704391448</MsgId>
</xml>

2017-11-11 15:32:59 params :
------------
Array:
message : Array ;
module : basic ;
rule : 10 ;
priority : 0 ;
keyword : Array ;

2017-11-11 15:32:59 response :
------------
Array:
FromUserName : gh_be7e4da020bc ;
ToUserName : oPtQ2wLeC0AjiqCpBVLkYsV1Ekkw ;
MsgType : text ;
Content : 欢迎关注美食广场微信公众号！ ;

2017-11-11 15:33:04 trace :
------------
String:
<xml><ToUserName><![CDATA[gh_be7e4da020bc]]></ToUserName>
<FromUserName><![CDATA[oPtQ2wLeC0AjiqCpBVLkYsV1Ekkw]]></FromUserName>
<CreateTime>1510385584</CreateTime>
<MsgType><![CDATA[location]]></MsgType>
<Location_X>26.601601</Location_X>
<Location_Y>106.583344</Location_Y>
<Scale>16</Scale>
<Label><![CDATA[贵州省贵阳市观山湖区西南国际商贸城1号广场]]></Label>
<MsgId>6487056688064129819</MsgId>
</xml>

2017-11-11 15:33:04 params :
------------
Array:
message : Array ;
module : basic ;
rule : 10 ;
priority : 0 ;
keyword : Array ;

2017-11-11 15:33:04 response :
------------
Array:
FromUserName : gh_be7e4da020bc ;
ToUserName : oPtQ2wLeC0AjiqCpBVLkYsV1Ekkw ;
MsgType : text ;
Content : 欢迎关注美食广场微信公众号！ ;

2017-11-11 15:33:12 trace :
------------
String:
<xml><ToUserName><![CDATA[gh_be7e4da020bc]]></ToUserName>
<FromUserName><![CDATA[oPtQ2wLeC0AjiqCpBVLkYsV1Ekkw]]></FromUserName>
<CreateTime>1510385591</CreateTime>
<MsgType><![CDATA[event]]></MsgType>
<Event><![CDATA[VIEW]]></Event>
<EventKey><![CDATA[http://www.gzqtbw.com/app/index.php?i=8&c=home&t=8]]></EventKey>
<MenuId>430931951</MenuId>
</xml>

2017-11-11 15:33:12 params :
------------
Array:
message : Array ;
module : basic ;
rule : 10 ;
priority : 0 ;
keyword : Array ;

2017-11-11 15:33:12 response :
------------
Array:
FromUserName : gh_be7e4da020bc ;
ToUserName : oPtQ2wLeC0AjiqCpBVLkYsV1Ekkw ;
MsgType : text ;
Content : 欢迎关注美食广场微信公众号！ ;

