2017-11-25 10:20:26 trace :
------------
String:
<xml><ToUserName><![CDATA[gh_be7e4da020bc]]></ToUserName>
<FromUserName><![CDATA[oPtQ2wJDQJoGgZhGiO9QlXfTS42c]]></FromUserName>
<CreateTime>1511576426</CreateTime>
<MsgType><![CDATA[event]]></MsgType>
<Event><![CDATA[subscribe]]></Event>
<EventKey><![CDATA[]]></EventKey>
</xml>

2017-11-25 10:20:26 params :
------------
Array:
message : Array ;
module : basic ;
rule : 10 ;
priority : 0 ;
keyword : Array ;

2017-11-25 10:20:26 response :
------------
Array:
FromUserName : gh_be7e4da020bc ;
ToUserName : oPtQ2wJDQJoGgZhGiO9QlXfTS42c ;
MsgType : text ;
Content : 欢迎关注美食广场微信公众号！ ;

2017-11-25 10:20:30 trace :
------------
String:
<xml><ToUserName><![CDATA[gh_be7e4da020bc]]></ToUserName>
<FromUserName><![CDATA[oPtQ2wJDQJoGgZhGiO9QlXfTS42c]]></FromUserName>
<CreateTime>1511576429</CreateTime>
<MsgType><![CDATA[event]]></MsgType>
<Event><![CDATA[VIEW]]></Event>
<EventKey><![CDATA[http://www.gzqtbw.com/app/index.php?i=8&c=home&t=8]]></EventKey>
<MenuId>430931951</MenuId>
</xml>

2017-11-25 10:20:30 params :
------------
Array:
message : Array ;
module : basic ;
rule : 10 ;
priority : 0 ;
keyword : Array ;

2017-11-25 10:20:30 response :
------------
Array:
FromUserName : gh_be7e4da020bc ;
ToUserName : oPtQ2wJDQJoGgZhGiO9QlXfTS42c ;
MsgType : text ;
Content : 欢迎关注美食广场微信公众号！ ;

2017-11-25 13:31:42 trace :
------------
String:
<xml><ToUserName><![CDATA[gh_387f2586a480]]></ToUserName>
<FromUserName><![CDATA[oHlBev7KAyn-phL_N2p39VJ2xD6E]]></FromUserName>
<CreateTime>1511587901</CreateTime>
<MsgType><![CDATA[event]]></MsgType>
<Event><![CDATA[subscribe]]></Event>
<EventKey><![CDATA[]]></EventKey>
</xml>

2017-11-25 13:31:42 params :
------------
Array:
message : Array ;
module : basic ;
rule : 13 ;
priority : 0 ;
keyword : Array ;

2017-11-25 13:31:42 response :
------------
Array:
FromUserName : gh_387f2586a480 ;
ToUserName : oHlBev7KAyn-phL_N2p39VJ2xD6E ;
MsgType : text ;
Content : 欢迎关注李记梧桐人家微信公众号！ ;

2017-11-25 13:31:47 trace :
------------
String:
<xml><ToUserName><![CDATA[gh_387f2586a480]]></ToUserName>
<FromUserName><![CDATA[oHlBev7KAyn-phL_N2p39VJ2xD6E]]></FromUserName>
<CreateTime>1511587906</CreateTime>
<MsgType><![CDATA[event]]></MsgType>
<Event><![CDATA[VIEW]]></Event>
<EventKey><![CDATA[http://www.gzqtbw.com/app/index.php?i=12&c=site&a=site&do=detail&id=10]]></EventKey>
<MenuId>602413748</MenuId>
</xml>

2017-11-25 13:31:47 params :
------------
Array:
message : Array ;
module : basic ;
rule : 13 ;
priority : 0 ;
keyword : Array ;

2017-11-25 13:31:47 response :
------------
Array:
FromUserName : gh_387f2586a480 ;
ToUserName : oHlBev7KAyn-phL_N2p39VJ2xD6E ;
MsgType : text ;
Content : 欢迎关注李记梧桐人家微信公众号！ ;

2017-11-25 13:31:52 trace :
------------
String:
<xml><ToUserName><![CDATA[gh_387f2586a480]]></ToUserName>
<FromUserName><![CDATA[oHlBev7KAyn-phL_N2p39VJ2xD6E]]></FromUserName>
<CreateTime>1511587912</CreateTime>
<MsgType><![CDATA[event]]></MsgType>
<Event><![CDATA[VIEW]]></Event>
<EventKey><![CDATA[http://www.gzqtbw.com/app/index.php?i=12&c=site&a=site&do=detail&id=11]]></EventKey>
<MenuId>602413748</MenuId>
</xml>

2017-11-25 13:31:52 params :
------------
Array:
message : Array ;
module : basic ;
rule : 13 ;
priority : 0 ;
keyword : Array ;

2017-11-25 13:31:52 response :
------------
Array:
FromUserName : gh_387f2586a480 ;
ToUserName : oHlBev7KAyn-phL_N2p39VJ2xD6E ;
MsgType : text ;
Content : 欢迎关注李记梧桐人家微信公众号！ ;

2017-11-25 13:31:57 trace :
------------
String:
<xml><ToUserName><![CDATA[gh_387f2586a480]]></ToUserName>
<FromUserName><![CDATA[oHlBev7KAyn-phL_N2p39VJ2xD6E]]></FromUserName>
<CreateTime>1511587916</CreateTime>
<MsgType><![CDATA[event]]></MsgType>
<Event><![CDATA[VIEW]]></Event>
<EventKey><![CDATA[http://www.gzqtbw.com/app/index.php?i=12&c=home&t=15]]></EventKey>
<MenuId>602413748</MenuId>
</xml>

2017-11-25 13:31:57 params :
------------
Array:
message : Array ;
module : basic ;
rule : 13 ;
priority : 0 ;
keyword : Array ;

2017-11-25 13:31:57 response :
------------
Array:
FromUserName : gh_387f2586a480 ;
ToUserName : oHlBev7KAyn-phL_N2p39VJ2xD6E ;
MsgType : text ;
Content : 欢迎关注李记梧桐人家微信公众号！ ;

2017-11-25 17:15:20 trace :
------------
String:
<xml><ToUserName><![CDATA[gh_be7e4da020bc]]></ToUserName>
<FromUserName><![CDATA[oPtQ2wF2rPVNE1LwLNX93c_Xz7Lk]]></FromUserName>
<CreateTime>1511601316</CreateTime>
<MsgType><![CDATA[event]]></MsgType>
<Event><![CDATA[subscribe]]></Event>
<EventKey><![CDATA[]]></EventKey>
</xml>

2017-11-25 17:15:20 params :
------------
Array:
message : Array ;
module : basic ;
rule : 10 ;
priority : 0 ;
keyword : Array ;

2017-11-25 17:15:20 response :
------------
Array:
FromUserName : gh_be7e4da020bc ;
ToUserName : oPtQ2wF2rPVNE1LwLNX93c_Xz7Lk ;
MsgType : text ;
Content : 欢迎关注美食广场微信公众号！ ;

2017-11-25 17:15:29 trace :
------------
String:
<xml><ToUserName><![CDATA[gh_be7e4da020bc]]></ToUserName>
<FromUserName><![CDATA[oPtQ2wF2rPVNE1LwLNX93c_Xz7Lk]]></FromUserName>
<CreateTime>1511601328</CreateTime>
<MsgType><![CDATA[event]]></MsgType>
<Event><![CDATA[unsubscribe]]></Event>
<EventKey><![CDATA[]]></EventKey>
</xml>

2017-11-25 22:20:41 trace :
------------
String:
<xml><ToUserName><![CDATA[gh_387f2586a480]]></ToUserName>
<FromUserName><![CDATA[oHlBev5iTofzZkvnGZgcAb1-L8GQ]]></FromUserName>
<CreateTime>1511619640</CreateTime>
<MsgType><![CDATA[event]]></MsgType>
<Event><![CDATA[unsubscribe]]></Event>
<EventKey><![CDATA[]]></EventKey>
</xml>

2017-11-25 22:48:35 trace :
------------
String:
<xml><ToUserName><![CDATA[gh_9e16f2771397]]></ToUserName>
<FromUserName><![CDATA[oSSurv4Ds-0y5e71J2LjVHogql1o]]></FromUserName>
<CreateTime>1511621315</CreateTime>
<MsgType><![CDATA[event]]></MsgType>
<Event><![CDATA[CLICK]]></Event>
<EventKey><![CDATA[.]]></EventKey>
</xml>

2017-11-25 22:48:35 params :
------------
Array:
message : Array ;
module : basic ;
rule : 14 ;
priority : 0 ;
keyword : Array ;

2017-11-25 22:48:35 response :
------------
Array:
FromUserName : gh_9e16f2771397 ;
ToUserName : oSSurv4Ds-0y5e71J2LjVHogql1o ;
MsgType : text ;
Content : 欢迎关注黔中一品酒楼微信公众号！ ;

2017-11-25 22:48:40 trace :
------------
String:
<xml><ToUserName><![CDATA[gh_9e16f2771397]]></ToUserName>
<FromUserName><![CDATA[oSSurv4Ds-0y5e71J2LjVHogql1o]]></FromUserName>
<CreateTime>1511621320</CreateTime>
<MsgType><![CDATA[event]]></MsgType>
<Event><![CDATA[VIEW]]></Event>
<EventKey><![CDATA[http://www.gzqtbw.com/app/index.php?i=13&c=home&t=16]]></EventKey>
<MenuId>458685223</MenuId>
</xml>

2017-11-25 22:48:40 params :
------------
Array:
message : Array ;
module : basic ;
rule : 14 ;
priority : 0 ;
keyword : Array ;

2017-11-25 22:48:40 response :
------------
Array:
FromUserName : gh_9e16f2771397 ;
ToUserName : oSSurv4Ds-0y5e71J2LjVHogql1o ;
MsgType : text ;
Content : 欢迎关注黔中一品酒楼微信公众号！ ;

2017-11-25 22:48:53 trace :
------------
String:
<xml><ToUserName><![CDATA[gh_9e16f2771397]]></ToUserName>
<FromUserName><![CDATA[oSSurv4Ds-0y5e71J2LjVHogql1o]]></FromUserName>
<CreateTime>1511621330</CreateTime>
<MsgType><![CDATA[event]]></MsgType>
<Event><![CDATA[VIEW]]></Event>
<EventKey><![CDATA[http://www.gzqtbw.com/app/index.php?i=13&c=mc&a=card&do=sign_display&]]></EventKey>
<MenuId>458685223</MenuId>
</xml>

2017-11-25 22:48:53 params :
------------
Array:
message : Array ;
module : basic ;
rule : 14 ;
priority : 0 ;
keyword : Array ;

2017-11-25 22:48:53 response :
------------
Array:
FromUserName : gh_9e16f2771397 ;
ToUserName : oSSurv4Ds-0y5e71J2LjVHogql1o ;
MsgType : text ;
Content : 欢迎关注黔中一品酒楼微信公众号！ ;

