2017-10-31 09:19:05 trace :
------------
String:
<xml><ToUserName><![CDATA[gh_be7e4da020bc]]></ToUserName>
<FromUserName><![CDATA[oPtQ2wITmwStIb1Izx9Vn9YxnWVc]]></FromUserName>
<CreateTime>1509412744</CreateTime>
<MsgType><![CDATA[event]]></MsgType>
<Event><![CDATA[subscribe]]></Event>
<EventKey><![CDATA[]]></EventKey>
</xml>

2017-10-31 09:19:05 params :
------------
Array:
message : Array ;
module : basic ;
rule : 10 ;
priority : 0 ;
keyword : Array ;

2017-10-31 09:19:05 response :
------------
Array:
FromUserName : gh_be7e4da020bc ;
ToUserName : oPtQ2wITmwStIb1Izx9Vn9YxnWVc ;
MsgType : text ;
Content : 欢迎关注美食广场微信公众号！ ;

2017-10-31 09:39:53 trace :
------------
String:
<xml><ToUserName><![CDATA[gh_be7e4da020bc]]></ToUserName>
<FromUserName><![CDATA[oPtQ2wDHtc5qryYZOGO-7jSgSfPE]]></FromUserName>
<CreateTime>1509413992</CreateTime>
<MsgType><![CDATA[event]]></MsgType>
<Event><![CDATA[VIEW]]></Event>
<EventKey><![CDATA[http://www.gzqtbw.com/app/index.php?i=8&c=home&t=8]]></EventKey>
<MenuId>430931951</MenuId>
</xml>

2017-10-31 09:39:53 params :
------------
Array:
message : Array ;
module : basic ;
rule : 10 ;
priority : 0 ;
keyword : Array ;

2017-10-31 09:39:53 response :
------------
Array:
FromUserName : gh_be7e4da020bc ;
ToUserName : oPtQ2wDHtc5qryYZOGO-7jSgSfPE ;
MsgType : text ;
Content : 欢迎关注美食广场微信公众号！ ;

2017-10-31 09:40:24 trace :
------------
String:
<xml><ToUserName><![CDATA[gh_be7e4da020bc]]></ToUserName>
<FromUserName><![CDATA[oPtQ2wNWmAM_g3FFnhij363hauo0]]></FromUserName>
<CreateTime>1509414023</CreateTime>
<MsgType><![CDATA[event]]></MsgType>
<Event><![CDATA[VIEW]]></Event>
<EventKey><![CDATA[http://www.gzqtbw.com/app/index.php?i=8&c=home&t=8]]></EventKey>
<MenuId>430931951</MenuId>
</xml>

2017-10-31 09:40:24 params :
------------
Array:
message : Array ;
module : basic ;
rule : 10 ;
priority : 0 ;
keyword : Array ;

2017-10-31 09:40:24 response :
------------
Array:
FromUserName : gh_be7e4da020bc ;
ToUserName : oPtQ2wNWmAM_g3FFnhij363hauo0 ;
MsgType : text ;
Content : 欢迎关注美食广场微信公众号！ ;

2017-10-31 11:43:01 trace :
------------
String:
<xml><ToUserName><![CDATA[gh_be7e4da020bc]]></ToUserName>
<FromUserName><![CDATA[oPtQ2wFGvFx-xWcCuNJY5cr7_4UE]]></FromUserName>
<CreateTime>1509421380</CreateTime>
<MsgType><![CDATA[event]]></MsgType>
<Event><![CDATA[subscribe]]></Event>
<EventKey><![CDATA[]]></EventKey>
</xml>

2017-10-31 11:43:01 params :
------------
Array:
message : Array ;
module : basic ;
rule : 10 ;
priority : 0 ;
keyword : Array ;

2017-10-31 11:43:01 response :
------------
Array:
FromUserName : gh_be7e4da020bc ;
ToUserName : oPtQ2wFGvFx-xWcCuNJY5cr7_4UE ;
MsgType : text ;
Content : 欢迎关注美食广场微信公众号！ ;

2017-10-31 18:00:09 trace :
------------
String:
<xml><ToUserName><![CDATA[gh_be7e4da020bc]]></ToUserName>
<FromUserName><![CDATA[oPtQ2wGQWlsGSMm-7J6g7Mf6eF7Y]]></FromUserName>
<CreateTime>1509444008</CreateTime>
<MsgType><![CDATA[event]]></MsgType>
<Event><![CDATA[VIEW]]></Event>
<EventKey><![CDATA[http://www.gzqtbw.com/app/index.php?i=8&c=home&t=8]]></EventKey>
<MenuId>430931951</MenuId>
</xml>

2017-10-31 18:00:09 params :
------------
Array:
message : Array ;
module : basic ;
rule : 10 ;
priority : 0 ;
keyword : Array ;

2017-10-31 18:00:09 response :
------------
Array:
FromUserName : gh_be7e4da020bc ;
ToUserName : oPtQ2wGQWlsGSMm-7J6g7Mf6eF7Y ;
MsgType : text ;
Content : 欢迎关注美食广场微信公众号！ ;

