2017-10-18 09:45:28 trace :
------------
String:
<xml><ToUserName><![CDATA[gh_be7e4da020bc]]></ToUserName>
<FromUserName><![CDATA[oPtQ2wH3BNKYTsMFrAgalMVUzgDc]]></FromUserName>
<CreateTime>1508291127</CreateTime>
<MsgType><![CDATA[event]]></MsgType>
<Event><![CDATA[subscribe]]></Event>
<EventKey><![CDATA[]]></EventKey>
</xml>

2017-10-18 09:45:28 params :
------------
Array:
message : Array ;
module : basic ;
rule : 10 ;
priority : 0 ;
keyword : Array ;

2017-10-18 09:45:28 response :
------------
Array:
FromUserName : gh_be7e4da020bc ;
ToUserName : oPtQ2wH3BNKYTsMFrAgalMVUzgDc ;
MsgType : text ;
Content : 欢迎关注美食广场微信公众号！ ;

2017-10-18 10:55:07 trace :
------------
String:
<xml><ToUserName><![CDATA[gh_387f2586a480]]></ToUserName>
<FromUserName><![CDATA[oHlBev4KLGaIRRFl0jOXAY5U5S0o]]></FromUserName>
<CreateTime>1508295306</CreateTime>
<MsgType><![CDATA[event]]></MsgType>
<Event><![CDATA[VIEW]]></Event>
<EventKey><![CDATA[http://www.gzqtbw.com/app/index.php?i=12&c=home&t=15]]></EventKey>
<MenuId>602413748</MenuId>
</xml>

2017-10-18 10:55:07 params :
------------
Array:
message : Array ;
module : basic ;
rule : 13 ;
priority : 0 ;
keyword : Array ;

2017-10-18 10:55:07 response :
------------
Array:
FromUserName : gh_387f2586a480 ;
ToUserName : oHlBev4KLGaIRRFl0jOXAY5U5S0o ;
MsgType : text ;
Content : 欢迎关注李记梧桐人家微信公众号！ ;

2017-10-18 11:01:37 trace :
------------
String:
<xml><ToUserName><![CDATA[gh_be7e4da020bc]]></ToUserName>
<FromUserName><![CDATA[oPtQ2wCNlzWQLnfHnn2USSVJxYQs]]></FromUserName>
<CreateTime>1508295696</CreateTime>
<MsgType><![CDATA[event]]></MsgType>
<Event><![CDATA[VIEW]]></Event>
<EventKey><![CDATA[http://www.gzqtbw.com/app/index.php?i=8&c=home&t=8]]></EventKey>
<MenuId>430931951</MenuId>
</xml>

2017-10-18 11:01:37 params :
------------
Array:
message : Array ;
module : basic ;
rule : 10 ;
priority : 0 ;
keyword : Array ;

2017-10-18 11:01:37 response :
------------
Array:
FromUserName : gh_be7e4da020bc ;
ToUserName : oPtQ2wCNlzWQLnfHnn2USSVJxYQs ;
MsgType : text ;
Content : 欢迎关注美食广场微信公众号！ ;

2017-10-18 11:09:10 trace :
------------
String:
<xml><ToUserName><![CDATA[gh_be7e4da020bc]]></ToUserName>
<FromUserName><![CDATA[oPtQ2wC8cxNvcfBYqlGu2Q7scrws]]></FromUserName>
<CreateTime>1508296144</CreateTime>
<MsgType><![CDATA[event]]></MsgType>
<Event><![CDATA[VIEW]]></Event>
<EventKey><![CDATA[http://www.gzqtbw.com/app/index.php?i=8&c=home&t=8]]></EventKey>
<MenuId>430931951</MenuId>
</xml>

2017-10-18 11:09:10 params :
------------
Array:
message : Array ;
module : basic ;
rule : 10 ;
priority : 0 ;
keyword : Array ;

2017-10-18 11:09:10 response :
------------
Array:
FromUserName : gh_be7e4da020bc ;
ToUserName : oPtQ2wC8cxNvcfBYqlGu2Q7scrws ;
MsgType : text ;
Content : 欢迎关注美食广场微信公众号！ ;

2017-10-18 11:12:33 trace :
------------
String:
<xml><ToUserName><![CDATA[gh_be7e4da020bc]]></ToUserName>
<FromUserName><![CDATA[oPtQ2wC8cxNvcfBYqlGu2Q7scrws]]></FromUserName>
<CreateTime>1508296352</CreateTime>
<MsgType><![CDATA[event]]></MsgType>
<Event><![CDATA[VIEW]]></Event>
<EventKey><![CDATA[http://www.gzqtbw.com/app/index.php?i=8&c=home&t=8]]></EventKey>
<MenuId>430931951</MenuId>
</xml>

2017-10-18 11:12:33 params :
------------
Array:
message : Array ;
module : basic ;
rule : 10 ;
priority : 0 ;
keyword : Array ;

2017-10-18 11:12:33 response :
------------
Array:
FromUserName : gh_be7e4da020bc ;
ToUserName : oPtQ2wC8cxNvcfBYqlGu2Q7scrws ;
MsgType : text ;
Content : 欢迎关注美食广场微信公众号！ ;

2017-10-18 11:13:53 trace :
------------
String:
<xml><ToUserName><![CDATA[gh_be7e4da020bc]]></ToUserName>
<FromUserName><![CDATA[oPtQ2wDYFqq7u2mKdUd7uyZwCNH0]]></FromUserName>
<CreateTime>1508296432</CreateTime>
<MsgType><![CDATA[event]]></MsgType>
<Event><![CDATA[subscribe]]></Event>
<EventKey><![CDATA[]]></EventKey>
</xml>

2017-10-18 11:13:53 params :
------------
Array:
message : Array ;
module : basic ;
rule : 10 ;
priority : 0 ;
keyword : Array ;

2017-10-18 11:13:53 response :
------------
Array:
FromUserName : gh_be7e4da020bc ;
ToUserName : oPtQ2wDYFqq7u2mKdUd7uyZwCNH0 ;
MsgType : text ;
Content : 欢迎关注美食广场微信公众号！ ;

2017-10-18 12:02:26 trace :
------------
String:
<xml><ToUserName><![CDATA[gh_be7e4da020bc]]></ToUserName>
<FromUserName><![CDATA[oPtQ2wCNlzWQLnfHnn2USSVJxYQs]]></FromUserName>
<CreateTime>1508299345</CreateTime>
<MsgType><![CDATA[event]]></MsgType>
<Event><![CDATA[VIEW]]></Event>
<EventKey><![CDATA[http://www.gzqtbw.com/app/index.php?i=8&c=home&t=8]]></EventKey>
<MenuId>430931951</MenuId>
</xml>

2017-10-18 12:02:26 params :
------------
Array:
message : Array ;
module : basic ;
rule : 10 ;
priority : 0 ;
keyword : Array ;

2017-10-18 12:02:26 response :
------------
Array:
FromUserName : gh_be7e4da020bc ;
ToUserName : oPtQ2wCNlzWQLnfHnn2USSVJxYQs ;
MsgType : text ;
Content : 欢迎关注美食广场微信公众号！ ;

2017-10-18 12:36:42 trace :
------------
String:
<xml><ToUserName><![CDATA[gh_3280735b50d8]]></ToUserName>
<FromUserName><![CDATA[oyWTK1KlpS-M-rGTTiCh4TQVQ-to]]></FromUserName>
<CreateTime>1508301402</CreateTime>
<MsgType><![CDATA[event]]></MsgType>
<Event><![CDATA[subscribe]]></Event>
<EventKey><![CDATA[]]></EventKey>
</xml>

2017-10-18 12:36:42 params :
------------
Array:
message : Array ;
module : basic ;
rule : 11 ;
priority : 0 ;
keyword : Array ;

2017-10-18 12:36:42 response :
------------
Array:
FromUserName : gh_3280735b50d8 ;
ToUserName : oyWTK1KlpS-M-rGTTiCh4TQVQ-to ;
MsgType : text ;
Content : 欢迎关注黔满园荣贵微信公众号！ ;

2017-10-18 12:59:14 trace :
------------
String:
<xml><ToUserName><![CDATA[gh_be7e4da020bc]]></ToUserName>
<FromUserName><![CDATA[oPtQ2wCNlzWQLnfHnn2USSVJxYQs]]></FromUserName>
<CreateTime>1508302753</CreateTime>
<MsgType><![CDATA[event]]></MsgType>
<Event><![CDATA[VIEW]]></Event>
<EventKey><![CDATA[http://www.gzqtbw.com/app/index.php?i=8&c=home&t=8]]></EventKey>
<MenuId>430931951</MenuId>
</xml>

2017-10-18 12:59:14 params :
------------
Array:
message : Array ;
module : basic ;
rule : 10 ;
priority : 0 ;
keyword : Array ;

2017-10-18 12:59:14 response :
------------
Array:
FromUserName : gh_be7e4da020bc ;
ToUserName : oPtQ2wCNlzWQLnfHnn2USSVJxYQs ;
MsgType : text ;
Content : 欢迎关注美食广场微信公众号！ ;

2017-10-18 13:00:00 trace :
------------
String:
<xml><ToUserName><![CDATA[gh_be7e4da020bc]]></ToUserName>
<FromUserName><![CDATA[oPtQ2wDRC7_qMsBrVS4zNjrh8KrA]]></FromUserName>
<CreateTime>1508302799</CreateTime>
<MsgType><![CDATA[event]]></MsgType>
<Event><![CDATA[VIEW]]></Event>
<EventKey><![CDATA[http://www.gzqtbw.com/app/index.php?i=8&c=home&t=8]]></EventKey>
<MenuId>430931951</MenuId>
</xml>

2017-10-18 13:00:00 params :
------------
Array:
message : Array ;
module : basic ;
rule : 10 ;
priority : 0 ;
keyword : Array ;

2017-10-18 13:00:00 response :
------------
Array:
FromUserName : gh_be7e4da020bc ;
ToUserName : oPtQ2wDRC7_qMsBrVS4zNjrh8KrA ;
MsgType : text ;
Content : 欢迎关注美食广场微信公众号！ ;

2017-10-18 13:00:04 trace :
------------
String:
<xml><ToUserName><![CDATA[gh_be7e4da020bc]]></ToUserName>
<FromUserName><![CDATA[oPtQ2wDRC7_qMsBrVS4zNjrh8KrA]]></FromUserName>
<CreateTime>1508302803</CreateTime>
<MsgType><![CDATA[event]]></MsgType>
<Event><![CDATA[VIEW]]></Event>
<EventKey><![CDATA[http://www.gzqtbw.com/app/index.php?i=8&c=home&t=8]]></EventKey>
<MenuId>430931951</MenuId>
</xml>

2017-10-18 13:00:04 params :
------------
Array:
message : Array ;
module : basic ;
rule : 10 ;
priority : 0 ;
keyword : Array ;

2017-10-18 13:00:04 response :
------------
Array:
FromUserName : gh_be7e4da020bc ;
ToUserName : oPtQ2wDRC7_qMsBrVS4zNjrh8KrA ;
MsgType : text ;
Content : 欢迎关注美食广场微信公众号！ ;

2017-10-18 13:00:05 trace :
------------
String:
<xml><ToUserName><![CDATA[gh_be7e4da020bc]]></ToUserName>
<FromUserName><![CDATA[oPtQ2wDRC7_qMsBrVS4zNjrh8KrA]]></FromUserName>
<CreateTime>1508302804</CreateTime>
<MsgType><![CDATA[event]]></MsgType>
<Event><![CDATA[VIEW]]></Event>
<EventKey><![CDATA[http://www.gzqtbw.com/app/index.php?i=8&c=home&t=8]]></EventKey>
<MenuId>430931951</MenuId>
</xml>

2017-10-18 13:00:05 params :
------------
Array:
message : Array ;
module : basic ;
rule : 10 ;
priority : 0 ;
keyword : Array ;

2017-10-18 13:00:05 response :
------------
Array:
FromUserName : gh_be7e4da020bc ;
ToUserName : oPtQ2wDRC7_qMsBrVS4zNjrh8KrA ;
MsgType : text ;
Content : 欢迎关注美食广场微信公众号！ ;

2017-10-18 13:00:05 trace :
------------
String:
<xml><ToUserName><![CDATA[gh_be7e4da020bc]]></ToUserName>
<FromUserName><![CDATA[oPtQ2wDRC7_qMsBrVS4zNjrh8KrA]]></FromUserName>
<CreateTime>1508302804</CreateTime>
<MsgType><![CDATA[event]]></MsgType>
<Event><![CDATA[VIEW]]></Event>
<EventKey><![CDATA[http://www.gzqtbw.com/app/index.php?i=8&c=home&t=8]]></EventKey>
<MenuId>430931951</MenuId>
</xml>

2017-10-18 13:00:05 params :
------------
Array:
message : Array ;
module : basic ;
rule : 10 ;
priority : 0 ;
keyword : Array ;

2017-10-18 13:00:05 response :
------------
Array:
FromUserName : gh_be7e4da020bc ;
ToUserName : oPtQ2wDRC7_qMsBrVS4zNjrh8KrA ;
MsgType : text ;
Content : 欢迎关注美食广场微信公众号！ ;

2017-10-18 13:00:05 trace :
------------
String:
<xml><ToUserName><![CDATA[gh_be7e4da020bc]]></ToUserName>
<FromUserName><![CDATA[oPtQ2wDRC7_qMsBrVS4zNjrh8KrA]]></FromUserName>
<CreateTime>1508302804</CreateTime>
<MsgType><![CDATA[event]]></MsgType>
<Event><![CDATA[VIEW]]></Event>
<EventKey><![CDATA[http://www.gzqtbw.com/app/index.php?i=8&c=home&t=8]]></EventKey>
<MenuId>430931951</MenuId>
</xml>

2017-10-18 13:00:05 params :
------------
Array:
message : Array ;
module : basic ;
rule : 10 ;
priority : 0 ;
keyword : Array ;

2017-10-18 13:00:05 response :
------------
Array:
FromUserName : gh_be7e4da020bc ;
ToUserName : oPtQ2wDRC7_qMsBrVS4zNjrh8KrA ;
MsgType : text ;
Content : 欢迎关注美食广场微信公众号！ ;

2017-10-18 13:00:05 trace :
------------
String:
<xml><ToUserName><![CDATA[gh_be7e4da020bc]]></ToUserName>
<FromUserName><![CDATA[oPtQ2wDRC7_qMsBrVS4zNjrh8KrA]]></FromUserName>
<CreateTime>1508302805</CreateTime>
<MsgType><![CDATA[event]]></MsgType>
<Event><![CDATA[VIEW]]></Event>
<EventKey><![CDATA[http://www.gzqtbw.com/app/index.php?i=8&c=home&t=8]]></EventKey>
<MenuId>430931951</MenuId>
</xml>

2017-10-18 13:00:05 params :
------------
Array:
message : Array ;
module : basic ;
rule : 10 ;
priority : 0 ;
keyword : Array ;

2017-10-18 13:00:05 response :
------------
Array:
FromUserName : gh_be7e4da020bc ;
ToUserName : oPtQ2wDRC7_qMsBrVS4zNjrh8KrA ;
MsgType : text ;
Content : 欢迎关注美食广场微信公众号！ ;

2017-10-18 13:00:05 trace :
------------
String:
<xml><ToUserName><![CDATA[gh_be7e4da020bc]]></ToUserName>
<FromUserName><![CDATA[oPtQ2wDRC7_qMsBrVS4zNjrh8KrA]]></FromUserName>
<CreateTime>1508302805</CreateTime>
<MsgType><![CDATA[event]]></MsgType>
<Event><![CDATA[VIEW]]></Event>
<EventKey><![CDATA[http://www.gzqtbw.com/app/index.php?i=8&c=home&t=8]]></EventKey>
<MenuId>430931951</MenuId>
</xml>

2017-10-18 13:00:05 params :
------------
Array:
message : Array ;
module : basic ;
rule : 10 ;
priority : 0 ;
keyword : Array ;

2017-10-18 13:00:05 response :
------------
Array:
FromUserName : gh_be7e4da020bc ;
ToUserName : oPtQ2wDRC7_qMsBrVS4zNjrh8KrA ;
MsgType : text ;
Content : 欢迎关注美食广场微信公众号！ ;

2017-10-18 13:00:07 trace :
------------
String:
<xml><ToUserName><![CDATA[gh_be7e4da020bc]]></ToUserName>
<FromUserName><![CDATA[oPtQ2wDRC7_qMsBrVS4zNjrh8KrA]]></FromUserName>
<CreateTime>1508302806</CreateTime>
<MsgType><![CDATA[event]]></MsgType>
<Event><![CDATA[VIEW]]></Event>
<EventKey><![CDATA[http://www.gzqtbw.com/app/index.php?i=8&c=home&t=8]]></EventKey>
<MenuId>430931951</MenuId>
</xml>

2017-10-18 13:00:07 params :
------------
Array:
message : Array ;
module : basic ;
rule : 10 ;
priority : 0 ;
keyword : Array ;

2017-10-18 13:00:07 response :
------------
Array:
FromUserName : gh_be7e4da020bc ;
ToUserName : oPtQ2wDRC7_qMsBrVS4zNjrh8KrA ;
MsgType : text ;
Content : 欢迎关注美食广场微信公众号！ ;

2017-10-18 13:00:07 trace :
------------
String:
<xml><ToUserName><![CDATA[gh_be7e4da020bc]]></ToUserName>
<FromUserName><![CDATA[oPtQ2wDRC7_qMsBrVS4zNjrh8KrA]]></FromUserName>
<CreateTime>1508302806</CreateTime>
<MsgType><![CDATA[event]]></MsgType>
<Event><![CDATA[VIEW]]></Event>
<EventKey><![CDATA[http://www.gzqtbw.com/app/index.php?i=8&c=home&t=8]]></EventKey>
<MenuId>430931951</MenuId>
</xml>

2017-10-18 13:00:07 params :
------------
Array:
message : Array ;
module : basic ;
rule : 10 ;
priority : 0 ;
keyword : Array ;

2017-10-18 13:00:07 response :
------------
Array:
FromUserName : gh_be7e4da020bc ;
ToUserName : oPtQ2wDRC7_qMsBrVS4zNjrh8KrA ;
MsgType : text ;
Content : 欢迎关注美食广场微信公众号！ ;

2017-10-18 13:00:07 trace :
------------
String:
<xml><ToUserName><![CDATA[gh_be7e4da020bc]]></ToUserName>
<FromUserName><![CDATA[oPtQ2wDRC7_qMsBrVS4zNjrh8KrA]]></FromUserName>
<CreateTime>1508302806</CreateTime>
<MsgType><![CDATA[event]]></MsgType>
<Event><![CDATA[VIEW]]></Event>
<EventKey><![CDATA[http://www.gzqtbw.com/app/index.php?i=8&c=home&t=8]]></EventKey>
<MenuId>430931951</MenuId>
</xml>

2017-10-18 13:00:07 params :
------------
Array:
message : Array ;
module : basic ;
rule : 10 ;
priority : 0 ;
keyword : Array ;

2017-10-18 13:00:07 response :
------------
Array:
FromUserName : gh_be7e4da020bc ;
ToUserName : oPtQ2wDRC7_qMsBrVS4zNjrh8KrA ;
MsgType : text ;
Content : 欢迎关注美食广场微信公众号！ ;

2017-10-18 13:00:07 trace :
------------
String:
<xml><ToUserName><![CDATA[gh_be7e4da020bc]]></ToUserName>
<FromUserName><![CDATA[oPtQ2wDRC7_qMsBrVS4zNjrh8KrA]]></FromUserName>
<CreateTime>1508302807</CreateTime>
<MsgType><![CDATA[event]]></MsgType>
<Event><![CDATA[VIEW]]></Event>
<EventKey><![CDATA[http://www.gzqtbw.com/app/index.php?i=8&c=home&t=8]]></EventKey>
<MenuId>430931951</MenuId>
</xml>

2017-10-18 13:00:07 params :
------------
Array:
message : Array ;
module : basic ;
rule : 10 ;
priority : 0 ;
keyword : Array ;

2017-10-18 13:00:07 response :
------------
Array:
FromUserName : gh_be7e4da020bc ;
ToUserName : oPtQ2wDRC7_qMsBrVS4zNjrh8KrA ;
MsgType : text ;
Content : 欢迎关注美食广场微信公众号！ ;

2017-10-18 13:02:57 trace :
------------
String:
<xml><ToUserName><![CDATA[gh_be7e4da020bc]]></ToUserName>
<FromUserName><![CDATA[oPtQ2wApANMV64qDY52yYvvYyD_g]]></FromUserName>
<CreateTime>1508302977</CreateTime>
<MsgType><![CDATA[event]]></MsgType>
<Event><![CDATA[subscribe]]></Event>
<EventKey><![CDATA[]]></EventKey>
</xml>

2017-10-18 13:02:57 params :
------------
Array:
message : Array ;
module : basic ;
rule : 10 ;
priority : 0 ;
keyword : Array ;

2017-10-18 13:02:57 response :
------------
Array:
FromUserName : gh_be7e4da020bc ;
ToUserName : oPtQ2wApANMV64qDY52yYvvYyD_g ;
MsgType : text ;
Content : 欢迎关注美食广场微信公众号！ ;

2017-10-18 13:03:00 trace :
------------
String:
<xml><ToUserName><![CDATA[gh_be7e4da020bc]]></ToUserName>
<FromUserName><![CDATA[oPtQ2wApANMV64qDY52yYvvYyD_g]]></FromUserName>
<CreateTime>1508302979</CreateTime>
<MsgType><![CDATA[event]]></MsgType>
<Event><![CDATA[VIEW]]></Event>
<EventKey><![CDATA[http://www.gzqtbw.com/app/index.php?i=8&c=home&t=8]]></EventKey>
<MenuId>430931951</MenuId>
</xml>

2017-10-18 13:03:00 params :
------------
Array:
message : Array ;
module : basic ;
rule : 10 ;
priority : 0 ;
keyword : Array ;

2017-10-18 13:03:00 response :
------------
Array:
FromUserName : gh_be7e4da020bc ;
ToUserName : oPtQ2wApANMV64qDY52yYvvYyD_g ;
MsgType : text ;
Content : 欢迎关注美食广场微信公众号！ ;

2017-10-18 13:09:57 trace :
------------
String:
<xml><ToUserName><![CDATA[gh_3280735b50d8]]></ToUserName>
<FromUserName><![CDATA[oyWTK1HeXJB6kcbU29MKb6g9cjVU]]></FromUserName>
<CreateTime>1508303397</CreateTime>
<MsgType><![CDATA[event]]></MsgType>
<Event><![CDATA[subscribe]]></Event>
<EventKey><![CDATA[]]></EventKey>
</xml>

2017-10-18 13:09:57 params :
------------
Array:
message : Array ;
module : basic ;
rule : 11 ;
priority : 0 ;
keyword : Array ;

2017-10-18 13:09:57 response :
------------
Array:
FromUserName : gh_3280735b50d8 ;
ToUserName : oyWTK1HeXJB6kcbU29MKb6g9cjVU ;
MsgType : text ;
Content : 欢迎关注黔满园荣贵微信公众号！ ;

2017-10-18 13:32:55 trace :
------------
String:
<xml><ToUserName><![CDATA[gh_be7e4da020bc]]></ToUserName>
<FromUserName><![CDATA[oPtQ2wDRC7_qMsBrVS4zNjrh8KrA]]></FromUserName>
<CreateTime>1508304774</CreateTime>
<MsgType><![CDATA[event]]></MsgType>
<Event><![CDATA[VIEW]]></Event>
<EventKey><![CDATA[http://www.gzqtbw.com/app/index.php?i=8&c=home&t=8]]></EventKey>
<MenuId>430931951</MenuId>
</xml>

2017-10-18 13:32:55 params :
------------
Array:
message : Array ;
module : basic ;
rule : 10 ;
priority : 0 ;
keyword : Array ;

2017-10-18 13:32:55 response :
------------
Array:
FromUserName : gh_be7e4da020bc ;
ToUserName : oPtQ2wDRC7_qMsBrVS4zNjrh8KrA ;
MsgType : text ;
Content : 欢迎关注美食广场微信公众号！ ;

2017-10-18 13:33:01 trace :
------------
String:
<xml><ToUserName><![CDATA[gh_be7e4da020bc]]></ToUserName>
<FromUserName><![CDATA[oPtQ2wDRC7_qMsBrVS4zNjrh8KrA]]></FromUserName>
<CreateTime>1508304780</CreateTime>
<MsgType><![CDATA[event]]></MsgType>
<Event><![CDATA[VIEW]]></Event>
<EventKey><![CDATA[http://www.gzqtbw.com/app/index.php?i=8&c=home&t=8]]></EventKey>
<MenuId>430931951</MenuId>
</xml>

2017-10-18 13:33:01 params :
------------
Array:
message : Array ;
module : basic ;
rule : 10 ;
priority : 0 ;
keyword : Array ;

2017-10-18 13:33:01 response :
------------
Array:
FromUserName : gh_be7e4da020bc ;
ToUserName : oPtQ2wDRC7_qMsBrVS4zNjrh8KrA ;
MsgType : text ;
Content : 欢迎关注美食广场微信公众号！ ;

2017-10-18 13:33:03 trace :
------------
String:
<xml><ToUserName><![CDATA[gh_be7e4da020bc]]></ToUserName>
<FromUserName><![CDATA[oPtQ2wDRC7_qMsBrVS4zNjrh8KrA]]></FromUserName>
<CreateTime>1508304782</CreateTime>
<MsgType><![CDATA[event]]></MsgType>
<Event><![CDATA[VIEW]]></Event>
<EventKey><![CDATA[http://www.gzqtbw.com/app/index.php?i=8&c=home&t=8]]></EventKey>
<MenuId>430931951</MenuId>
</xml>

2017-10-18 13:33:03 params :
------------
Array:
message : Array ;
module : basic ;
rule : 10 ;
priority : 0 ;
keyword : Array ;

2017-10-18 13:33:03 response :
------------
Array:
FromUserName : gh_be7e4da020bc ;
ToUserName : oPtQ2wDRC7_qMsBrVS4zNjrh8KrA ;
MsgType : text ;
Content : 欢迎关注美食广场微信公众号！ ;

2017-10-18 13:33:32 trace :
------------
String:
<xml><ToUserName><![CDATA[gh_be7e4da020bc]]></ToUserName>
<FromUserName><![CDATA[oPtQ2wDRC7_qMsBrVS4zNjrh8KrA]]></FromUserName>
<CreateTime>1508304812</CreateTime>
<MsgType><![CDATA[event]]></MsgType>
<Event><![CDATA[VIEW]]></Event>
<EventKey><![CDATA[http://www.gzqtbw.com/app/index.php?i=8&c=home&t=8]]></EventKey>
<MenuId>430931951</MenuId>
</xml>

2017-10-18 13:33:32 params :
------------
Array:
message : Array ;
module : basic ;
rule : 10 ;
priority : 0 ;
keyword : Array ;

2017-10-18 13:33:32 response :
------------
Array:
FromUserName : gh_be7e4da020bc ;
ToUserName : oPtQ2wDRC7_qMsBrVS4zNjrh8KrA ;
MsgType : text ;
Content : 欢迎关注美食广场微信公众号！ ;

2017-10-18 13:34:01 trace :
------------
String:
<xml><ToUserName><![CDATA[gh_be7e4da020bc]]></ToUserName>
<FromUserName><![CDATA[oPtQ2wDRC7_qMsBrVS4zNjrh8KrA]]></FromUserName>
<CreateTime>1508304840</CreateTime>
<MsgType><![CDATA[event]]></MsgType>
<Event><![CDATA[VIEW]]></Event>
<EventKey><![CDATA[http://www.gzqtbw.com/app/index.php?i=8&c=home&t=8]]></EventKey>
<MenuId>430931951</MenuId>
</xml>

2017-10-18 13:34:01 params :
------------
Array:
message : Array ;
module : basic ;
rule : 10 ;
priority : 0 ;
keyword : Array ;

2017-10-18 13:34:01 response :
------------
Array:
FromUserName : gh_be7e4da020bc ;
ToUserName : oPtQ2wDRC7_qMsBrVS4zNjrh8KrA ;
MsgType : text ;
Content : 欢迎关注美食广场微信公众号！ ;

2017-10-18 13:44:55 trace :
------------
String:
<xml><ToUserName><![CDATA[gh_a9b445bf4f73]]></ToUserName>
<FromUserName><![CDATA[oaQb9wUusvnE0rqmgA0hQdkfPh3g]]></FromUserName>
<CreateTime>1508305494</CreateTime>
<MsgType><![CDATA[event]]></MsgType>
<Event><![CDATA[VIEW]]></Event>
<EventKey><![CDATA[http://www.gzqtbw.com/app/index.php?i=16&c=home&t=19]]></EventKey>
<MenuId>422035637</MenuId>
</xml>

2017-10-18 13:44:55 params :
------------
Array:
message : Array ;
module : basic ;
rule : 16 ;
priority : 0 ;
keyword : Array ;

2017-10-18 13:44:55 response :
------------
Array:
FromUserName : gh_a9b445bf4f73 ;
ToUserName : oaQb9wUusvnE0rqmgA0hQdkfPh3g ;
MsgType : text ;
Content : 欢迎关注贵州博达云科技发展有限公司！ ;

2017-10-18 13:46:04 trace :
------------
String:
<xml><ToUserName><![CDATA[gh_a9b445bf4f73]]></ToUserName>
<FromUserName><![CDATA[oaQb9wUusvnE0rqmgA0hQdkfPh3g]]></FromUserName>
<CreateTime>1508305564</CreateTime>
<MsgType><![CDATA[event]]></MsgType>
<Event><![CDATA[VIEW]]></Event>
<EventKey><![CDATA[http://www.gzqtbw.com/app/index.php?i=16&c=home&t=19]]></EventKey>
<MenuId>422035637</MenuId>
</xml>

2017-10-18 13:46:04 params :
------------
Array:
message : Array ;
module : basic ;
rule : 16 ;
priority : 0 ;
keyword : Array ;

2017-10-18 13:46:04 response :
------------
Array:
FromUserName : gh_a9b445bf4f73 ;
ToUserName : oaQb9wUusvnE0rqmgA0hQdkfPh3g ;
MsgType : text ;
Content : 欢迎关注贵州博达云科技发展有限公司！ ;

2017-10-18 13:50:14 trace :
------------
String:
<xml><ToUserName><![CDATA[gh_a9b445bf4f73]]></ToUserName>
<FromUserName><![CDATA[oaQb9wVcsAviVOp2M1DaIMlwdavU]]></FromUserName>
<CreateTime>1508305813</CreateTime>
<MsgType><![CDATA[event]]></MsgType>
<Event><![CDATA[subscribe]]></Event>
<EventKey><![CDATA[]]></EventKey>
</xml>

2017-10-18 13:50:14 params :
------------
Array:
message : Array ;
module : basic ;
rule : 16 ;
priority : 0 ;
keyword : Array ;

2017-10-18 13:50:14 response :
------------
Array:
FromUserName : gh_a9b445bf4f73 ;
ToUserName : oaQb9wVcsAviVOp2M1DaIMlwdavU ;
MsgType : text ;
Content : 欢迎关注贵州博达云科技发展有限公司！ ;

2017-10-18 13:50:18 trace :
------------
String:
<xml><ToUserName><![CDATA[gh_a9b445bf4f73]]></ToUserName>
<FromUserName><![CDATA[oaQb9wVcsAviVOp2M1DaIMlwdavU]]></FromUserName>
<CreateTime>1508305817</CreateTime>
<MsgType><![CDATA[event]]></MsgType>
<Event><![CDATA[VIEW]]></Event>
<EventKey><![CDATA[http://www.gzqtbw.com/app/index.php?i=16&c=home&t=19]]></EventKey>
<MenuId>422035637</MenuId>
</xml>

2017-10-18 13:50:18 params :
------------
Array:
message : Array ;
module : basic ;
rule : 16 ;
priority : 0 ;
keyword : Array ;

2017-10-18 13:50:18 response :
------------
Array:
FromUserName : gh_a9b445bf4f73 ;
ToUserName : oaQb9wVcsAviVOp2M1DaIMlwdavU ;
MsgType : text ;
Content : 欢迎关注贵州博达云科技发展有限公司！ ;

2017-10-18 13:50:19 trace :
------------
String:
<xml><ToUserName><![CDATA[gh_a9b445bf4f73]]></ToUserName>
<FromUserName><![CDATA[oaQb9wVcsAviVOp2M1DaIMlwdavU]]></FromUserName>
<CreateTime>1508305819</CreateTime>
<MsgType><![CDATA[event]]></MsgType>
<Event><![CDATA[VIEW]]></Event>
<EventKey><![CDATA[http://www.gzqtbw.com/app/index.php?i=16&c=home&t=19]]></EventKey>
<MenuId>422035637</MenuId>
</xml>

2017-10-18 13:50:19 params :
------------
Array:
message : Array ;
module : basic ;
rule : 16 ;
priority : 0 ;
keyword : Array ;

2017-10-18 13:50:19 response :
------------
Array:
FromUserName : gh_a9b445bf4f73 ;
ToUserName : oaQb9wVcsAviVOp2M1DaIMlwdavU ;
MsgType : text ;
Content : 欢迎关注贵州博达云科技发展有限公司！ ;

2017-10-18 13:51:31 trace :
------------
String:
<xml><ToUserName><![CDATA[gh_a9b445bf4f73]]></ToUserName>
<FromUserName><![CDATA[oaQb9wUusvnE0rqmgA0hQdkfPh3g]]></FromUserName>
<CreateTime>1508305890</CreateTime>
<MsgType><![CDATA[event]]></MsgType>
<Event><![CDATA[VIEW]]></Event>
<EventKey><![CDATA[http://www.gzqtbw.com/app/index.php?i=16&c=home&t=19]]></EventKey>
<MenuId>422035637</MenuId>
</xml>

2017-10-18 13:51:31 params :
------------
Array:
message : Array ;
module : basic ;
rule : 16 ;
priority : 0 ;
keyword : Array ;

2017-10-18 13:51:31 response :
------------
Array:
FromUserName : gh_a9b445bf4f73 ;
ToUserName : oaQb9wUusvnE0rqmgA0hQdkfPh3g ;
MsgType : text ;
Content : 欢迎关注贵州博达云科技发展有限公司！ ;

2017-10-18 14:02:03 trace :
------------
String:
<xml><ToUserName><![CDATA[gh_be7e4da020bc]]></ToUserName>
<FromUserName><![CDATA[oPtQ2wK2WU9vZtBJp9HxG8NSBsc8]]></FromUserName>
<CreateTime>1508306522</CreateTime>
<MsgType><![CDATA[event]]></MsgType>
<Event><![CDATA[VIEW]]></Event>
<EventKey><![CDATA[http://www.gzqtbw.com/app/index.php?i=8&c=home&t=8]]></EventKey>
<MenuId>430931951</MenuId>
</xml>

2017-10-18 14:02:03 params :
------------
Array:
message : Array ;
module : basic ;
rule : 10 ;
priority : 0 ;
keyword : Array ;

2017-10-18 14:02:03 response :
------------
Array:
FromUserName : gh_be7e4da020bc ;
ToUserName : oPtQ2wK2WU9vZtBJp9HxG8NSBsc8 ;
MsgType : text ;
Content : 欢迎关注美食广场微信公众号！ ;

2017-10-18 14:22:47 trace :
------------
String:
<xml><ToUserName><![CDATA[gh_3280735b50d8]]></ToUserName>
<FromUserName><![CDATA[oyWTK1NdAjHASI1zPt0LFAZm-3a8]]></FromUserName>
<CreateTime>1508307766</CreateTime>
<MsgType><![CDATA[event]]></MsgType>
<Event><![CDATA[unsubscribe]]></Event>
<EventKey><![CDATA[]]></EventKey>
</xml>

2017-10-18 15:07:07 trace :
------------
String:
<xml><ToUserName><![CDATA[gh_a9b445bf4f73]]></ToUserName>
<FromUserName><![CDATA[oaQb9wUusvnE0rqmgA0hQdkfPh3g]]></FromUserName>
<CreateTime>1508310426</CreateTime>
<MsgType><![CDATA[event]]></MsgType>
<Event><![CDATA[VIEW]]></Event>
<EventKey><![CDATA[http://www.gzqtbw.com/app/index.php?i=16&c=home&t=19]]></EventKey>
<MenuId>422035637</MenuId>
</xml>

2017-10-18 15:07:07 params :
------------
Array:
message : Array ;
module : basic ;
rule : 16 ;
priority : 0 ;
keyword : Array ;

2017-10-18 15:07:07 response :
------------
Array:
FromUserName : gh_a9b445bf4f73 ;
ToUserName : oaQb9wUusvnE0rqmgA0hQdkfPh3g ;
MsgType : text ;
Content : 欢迎关注贵州博达云科技发展有限公司！ ;

2017-10-18 15:07:38 trace :
------------
String:
<xml><ToUserName><![CDATA[gh_a9b445bf4f73]]></ToUserName>
<FromUserName><![CDATA[oaQb9wUusvnE0rqmgA0hQdkfPh3g]]></FromUserName>
<CreateTime>1508310458</CreateTime>
<MsgType><![CDATA[event]]></MsgType>
<Event><![CDATA[VIEW]]></Event>
<EventKey><![CDATA[http://www.gzqtbw.com/app/index.php?i=16&c=home&t=19]]></EventKey>
<MenuId>422035637</MenuId>
</xml>

2017-10-18 15:07:38 params :
------------
Array:
message : Array ;
module : basic ;
rule : 16 ;
priority : 0 ;
keyword : Array ;

2017-10-18 15:07:38 response :
------------
Array:
FromUserName : gh_a9b445bf4f73 ;
ToUserName : oaQb9wUusvnE0rqmgA0hQdkfPh3g ;
MsgType : text ;
Content : 欢迎关注贵州博达云科技发展有限公司！ ;

2017-10-18 15:07:39 trace :
------------
String:
<xml><ToUserName><![CDATA[gh_a9b445bf4f73]]></ToUserName>
<FromUserName><![CDATA[oaQb9wVcsAviVOp2M1DaIMlwdavU]]></FromUserName>
<CreateTime>1508310458</CreateTime>
<MsgType><![CDATA[event]]></MsgType>
<Event><![CDATA[VIEW]]></Event>
<EventKey><![CDATA[http://www.gzqtbw.com/app/index.php?i=16&c=home&t=19]]></EventKey>
<MenuId>422035637</MenuId>
</xml>

2017-10-18 15:07:39 params :
------------
Array:
message : Array ;
module : basic ;
rule : 16 ;
priority : 0 ;
keyword : Array ;

2017-10-18 15:07:39 response :
------------
Array:
FromUserName : gh_a9b445bf4f73 ;
ToUserName : oaQb9wVcsAviVOp2M1DaIMlwdavU ;
MsgType : text ;
Content : 欢迎关注贵州博达云科技发展有限公司！ ;

2017-10-18 15:08:12 trace :
------------
String:
<xml><ToUserName><![CDATA[gh_a9b445bf4f73]]></ToUserName>
<FromUserName><![CDATA[oaQb9wVcsAviVOp2M1DaIMlwdavU]]></FromUserName>
<CreateTime>1508310491</CreateTime>
<MsgType><![CDATA[event]]></MsgType>
<Event><![CDATA[VIEW]]></Event>
<EventKey><![CDATA[http://www.gzqtbw.com/app/index.php?i=16&c=home&t=19]]></EventKey>
<MenuId>422035637</MenuId>
</xml>

2017-10-18 15:08:12 params :
------------
Array:
message : Array ;
module : basic ;
rule : 16 ;
priority : 0 ;
keyword : Array ;

2017-10-18 15:08:12 response :
------------
Array:
FromUserName : gh_a9b445bf4f73 ;
ToUserName : oaQb9wVcsAviVOp2M1DaIMlwdavU ;
MsgType : text ;
Content : 欢迎关注贵州博达云科技发展有限公司！ ;

2017-10-18 15:08:37 trace :
------------
String:
<xml><ToUserName><![CDATA[gh_a9b445bf4f73]]></ToUserName>
<FromUserName><![CDATA[oaQb9wUusvnE0rqmgA0hQdkfPh3g]]></FromUserName>
<CreateTime>1508310516</CreateTime>
<MsgType><![CDATA[event]]></MsgType>
<Event><![CDATA[VIEW]]></Event>
<EventKey><![CDATA[http://www.gzqtbw.com/app/index.php?i=16&c=home&t=19]]></EventKey>
<MenuId>422035637</MenuId>
</xml>

2017-10-18 15:08:37 params :
------------
Array:
message : Array ;
module : basic ;
rule : 16 ;
priority : 0 ;
keyword : Array ;

2017-10-18 15:08:37 response :
------------
Array:
FromUserName : gh_a9b445bf4f73 ;
ToUserName : oaQb9wUusvnE0rqmgA0hQdkfPh3g ;
MsgType : text ;
Content : 欢迎关注贵州博达云科技发展有限公司！ ;

2017-10-18 15:10:29 trace :
------------
String:
<xml><ToUserName><![CDATA[gh_a9b445bf4f73]]></ToUserName>
<FromUserName><![CDATA[oaQb9wUusvnE0rqmgA0hQdkfPh3g]]></FromUserName>
<CreateTime>1508310628</CreateTime>
<MsgType><![CDATA[event]]></MsgType>
<Event><![CDATA[VIEW]]></Event>
<EventKey><![CDATA[http://www.gzqtbw.com/app/index.php?i=16&c=home&t=19]]></EventKey>
<MenuId>422035637</MenuId>
</xml>

2017-10-18 15:10:29 params :
------------
Array:
message : Array ;
module : basic ;
rule : 16 ;
priority : 0 ;
keyword : Array ;

2017-10-18 15:10:29 response :
------------
Array:
FromUserName : gh_a9b445bf4f73 ;
ToUserName : oaQb9wUusvnE0rqmgA0hQdkfPh3g ;
MsgType : text ;
Content : 欢迎关注贵州博达云科技发展有限公司！ ;

2017-10-18 15:10:47 trace :
------------
String:
<xml><ToUserName><![CDATA[gh_a9b445bf4f73]]></ToUserName>
<FromUserName><![CDATA[oaQb9wUusvnE0rqmgA0hQdkfPh3g]]></FromUserName>
<CreateTime>1508310646</CreateTime>
<MsgType><![CDATA[event]]></MsgType>
<Event><![CDATA[VIEW]]></Event>
<EventKey><![CDATA[http://www.gzqtbw.com/app/index.php?i=16&c=home&t=19]]></EventKey>
<MenuId>422035637</MenuId>
</xml>

2017-10-18 15:10:47 params :
------------
Array:
message : Array ;
module : basic ;
rule : 16 ;
priority : 0 ;
keyword : Array ;

2017-10-18 15:10:47 response :
------------
Array:
FromUserName : gh_a9b445bf4f73 ;
ToUserName : oaQb9wUusvnE0rqmgA0hQdkfPh3g ;
MsgType : text ;
Content : 欢迎关注贵州博达云科技发展有限公司！ ;

2017-10-18 15:14:14 trace :
------------
String:
<xml><ToUserName><![CDATA[gh_a9b445bf4f73]]></ToUserName>
<FromUserName><![CDATA[oaQb9wUusvnE0rqmgA0hQdkfPh3g]]></FromUserName>
<CreateTime>1508310853</CreateTime>
<MsgType><![CDATA[event]]></MsgType>
<Event><![CDATA[VIEW]]></Event>
<EventKey><![CDATA[http://www.gzqtbw.com/app/index.php?i=16&c=home&t=19]]></EventKey>
<MenuId>422035637</MenuId>
</xml>

2017-10-18 15:14:14 params :
------------
Array:
message : Array ;
module : basic ;
rule : 16 ;
priority : 0 ;
keyword : Array ;

2017-10-18 15:14:14 response :
------------
Array:
FromUserName : gh_a9b445bf4f73 ;
ToUserName : oaQb9wUusvnE0rqmgA0hQdkfPh3g ;
MsgType : text ;
Content : 欢迎关注贵州博达云科技发展有限公司！ ;

2017-10-18 15:15:33 trace :
------------
String:
<xml><ToUserName><![CDATA[gh_a9b445bf4f73]]></ToUserName>
<FromUserName><![CDATA[oaQb9wUusvnE0rqmgA0hQdkfPh3g]]></FromUserName>
<CreateTime>1508310932</CreateTime>
<MsgType><![CDATA[event]]></MsgType>
<Event><![CDATA[VIEW]]></Event>
<EventKey><![CDATA[http://www.gzqtbw.com/app/index.php?i=16&c=home&t=19]]></EventKey>
<MenuId>422035637</MenuId>
</xml>

2017-10-18 15:15:33 params :
------------
Array:
message : Array ;
module : basic ;
rule : 16 ;
priority : 0 ;
keyword : Array ;

2017-10-18 15:15:33 response :
------------
Array:
FromUserName : gh_a9b445bf4f73 ;
ToUserName : oaQb9wUusvnE0rqmgA0hQdkfPh3g ;
MsgType : text ;
Content : 欢迎关注贵州博达云科技发展有限公司！ ;

2017-10-18 15:16:32 trace :
------------
String:
<xml><ToUserName><![CDATA[gh_a9b445bf4f73]]></ToUserName>
<FromUserName><![CDATA[oaQb9wUusvnE0rqmgA0hQdkfPh3g]]></FromUserName>
<CreateTime>1508310991</CreateTime>
<MsgType><![CDATA[event]]></MsgType>
<Event><![CDATA[VIEW]]></Event>
<EventKey><![CDATA[http://www.gzqtbw.com/app/index.php?i=16&c=home&t=19]]></EventKey>
<MenuId>422035637</MenuId>
</xml>

2017-10-18 15:16:32 params :
------------
Array:
message : Array ;
module : basic ;
rule : 16 ;
priority : 0 ;
keyword : Array ;

2017-10-18 15:16:32 response :
------------
Array:
FromUserName : gh_a9b445bf4f73 ;
ToUserName : oaQb9wUusvnE0rqmgA0hQdkfPh3g ;
MsgType : text ;
Content : 欢迎关注贵州博达云科技发展有限公司！ ;

2017-10-18 15:17:20 trace :
------------
String:
<xml><ToUserName><![CDATA[gh_a9b445bf4f73]]></ToUserName>
<FromUserName><![CDATA[oaQb9wVcsAviVOp2M1DaIMlwdavU]]></FromUserName>
<CreateTime>1508311040</CreateTime>
<MsgType><![CDATA[event]]></MsgType>
<Event><![CDATA[VIEW]]></Event>
<EventKey><![CDATA[http://www.gzqtbw.com/app/index.php?i=16&c=home&t=19]]></EventKey>
<MenuId>422035637</MenuId>
</xml>

2017-10-18 15:17:20 params :
------------
Array:
message : Array ;
module : basic ;
rule : 16 ;
priority : 0 ;
keyword : Array ;

2017-10-18 15:17:20 response :
------------
Array:
FromUserName : gh_a9b445bf4f73 ;
ToUserName : oaQb9wVcsAviVOp2M1DaIMlwdavU ;
MsgType : text ;
Content : 欢迎关注贵州博达云科技发展有限公司！ ;

2017-10-18 15:17:53 trace :
------------
String:
<xml><ToUserName><![CDATA[gh_a9b445bf4f73]]></ToUserName>
<FromUserName><![CDATA[oaQb9wUusvnE0rqmgA0hQdkfPh3g]]></FromUserName>
<CreateTime>1508311073</CreateTime>
<MsgType><![CDATA[event]]></MsgType>
<Event><![CDATA[VIEW]]></Event>
<EventKey><![CDATA[http://www.gzqtbw.com/app/index.php?i=16&c=home&t=19]]></EventKey>
<MenuId>422035637</MenuId>
</xml>

2017-10-18 15:17:53 params :
------------
Array:
message : Array ;
module : basic ;
rule : 16 ;
priority : 0 ;
keyword : Array ;

2017-10-18 15:17:53 response :
------------
Array:
FromUserName : gh_a9b445bf4f73 ;
ToUserName : oaQb9wUusvnE0rqmgA0hQdkfPh3g ;
MsgType : text ;
Content : 欢迎关注贵州博达云科技发展有限公司！ ;

2017-10-18 15:18:39 trace :
------------
String:
<xml><ToUserName><![CDATA[gh_a9b445bf4f73]]></ToUserName>
<FromUserName><![CDATA[oaQb9wXrw7fQFLf1q7oz0P5dVpo8]]></FromUserName>
<CreateTime>1508311118</CreateTime>
<MsgType><![CDATA[event]]></MsgType>
<Event><![CDATA[VIEW]]></Event>
<EventKey><![CDATA[http://www.gzqtbw.com/app/index.php?i=16&c=home&t=19]]></EventKey>
<MenuId>422035637</MenuId>
</xml>

2017-10-18 15:18:39 params :
------------
Array:
message : Array ;
module : basic ;
rule : 16 ;
priority : 0 ;
keyword : Array ;

2017-10-18 15:18:39 response :
------------
Array:
FromUserName : gh_a9b445bf4f73 ;
ToUserName : oaQb9wXrw7fQFLf1q7oz0P5dVpo8 ;
MsgType : text ;
Content : 欢迎关注贵州博达云科技发展有限公司！ ;

2017-10-18 15:18:41 trace :
------------
String:
<xml><ToUserName><![CDATA[gh_a9b445bf4f73]]></ToUserName>
<FromUserName><![CDATA[oaQb9wUusvnE0rqmgA0hQdkfPh3g]]></FromUserName>
<CreateTime>1508311120</CreateTime>
<MsgType><![CDATA[event]]></MsgType>
<Event><![CDATA[VIEW]]></Event>
<EventKey><![CDATA[http://www.gzqtbw.com/app/index.php?i=16&c=home&t=19]]></EventKey>
<MenuId>422035637</MenuId>
</xml>

2017-10-18 15:18:41 params :
------------
Array:
message : Array ;
module : basic ;
rule : 16 ;
priority : 0 ;
keyword : Array ;

2017-10-18 15:18:41 response :
------------
Array:
FromUserName : gh_a9b445bf4f73 ;
ToUserName : oaQb9wUusvnE0rqmgA0hQdkfPh3g ;
MsgType : text ;
Content : 欢迎关注贵州博达云科技发展有限公司！ ;

2017-10-18 15:20:43 trace :
------------
String:
<xml><ToUserName><![CDATA[gh_a9b445bf4f73]]></ToUserName>
<FromUserName><![CDATA[oaQb9wUusvnE0rqmgA0hQdkfPh3g]]></FromUserName>
<CreateTime>1508311242</CreateTime>
<MsgType><![CDATA[event]]></MsgType>
<Event><![CDATA[VIEW]]></Event>
<EventKey><![CDATA[http://www.gzqtbw.com/app/index.php?i=16&c=home&t=19]]></EventKey>
<MenuId>422035637</MenuId>
</xml>

2017-10-18 15:20:43 params :
------------
Array:
message : Array ;
module : basic ;
rule : 16 ;
priority : 0 ;
keyword : Array ;

2017-10-18 15:20:43 response :
------------
Array:
FromUserName : gh_a9b445bf4f73 ;
ToUserName : oaQb9wUusvnE0rqmgA0hQdkfPh3g ;
MsgType : text ;
Content : 欢迎关注贵州博达云科技发展有限公司！ ;

2017-10-18 15:25:17 trace :
------------
String:
<xml><ToUserName><![CDATA[gh_a9b445bf4f73]]></ToUserName>
<FromUserName><![CDATA[oaQb9wUusvnE0rqmgA0hQdkfPh3g]]></FromUserName>
<CreateTime>1508311516</CreateTime>
<MsgType><![CDATA[event]]></MsgType>
<Event><![CDATA[VIEW]]></Event>
<EventKey><![CDATA[http://www.gzqtbw.com/app/index.php?i=16&c=home&t=19]]></EventKey>
<MenuId>422035637</MenuId>
</xml>

2017-10-18 15:25:17 params :
------------
Array:
message : Array ;
module : basic ;
rule : 16 ;
priority : 0 ;
keyword : Array ;

2017-10-18 15:25:17 response :
------------
Array:
FromUserName : gh_a9b445bf4f73 ;
ToUserName : oaQb9wUusvnE0rqmgA0hQdkfPh3g ;
MsgType : text ;
Content : 欢迎关注贵州博达云科技发展有限公司！ ;

2017-10-18 15:25:26 trace :
------------
String:
<xml><ToUserName><![CDATA[gh_a9b445bf4f73]]></ToUserName>
<FromUserName><![CDATA[oaQb9wUusvnE0rqmgA0hQdkfPh3g]]></FromUserName>
<CreateTime>1508311525</CreateTime>
<MsgType><![CDATA[event]]></MsgType>
<Event><![CDATA[VIEW]]></Event>
<EventKey><![CDATA[http://www.gzqtbw.com/app/index.php?i=16&c=home&t=20]]></EventKey>
<MenuId>422052570</MenuId>
</xml>

2017-10-18 15:25:26 params :
------------
Array:
message : Array ;
module : basic ;
rule : 16 ;
priority : 0 ;
keyword : Array ;

2017-10-18 15:25:26 response :
------------
Array:
FromUserName : gh_a9b445bf4f73 ;
ToUserName : oaQb9wUusvnE0rqmgA0hQdkfPh3g ;
MsgType : text ;
Content : 欢迎关注贵州博达云科技发展有限公司！ ;

2017-10-18 15:29:02 trace :
------------
String:
<xml><ToUserName><![CDATA[gh_a9b445bf4f73]]></ToUserName>
<FromUserName><![CDATA[oaQb9wUusvnE0rqmgA0hQdkfPh3g]]></FromUserName>
<CreateTime>1508311741</CreateTime>
<MsgType><![CDATA[event]]></MsgType>
<Event><![CDATA[VIEW]]></Event>
<EventKey><![CDATA[http://www.gzqtbw.com/app/index.php?i=16&c=home&t=20]]></EventKey>
<MenuId>422052570</MenuId>
</xml>

2017-10-18 15:29:02 params :
------------
Array:
message : Array ;
module : basic ;
rule : 16 ;
priority : 0 ;
keyword : Array ;

2017-10-18 15:29:02 response :
------------
Array:
FromUserName : gh_a9b445bf4f73 ;
ToUserName : oaQb9wUusvnE0rqmgA0hQdkfPh3g ;
MsgType : text ;
Content : 欢迎关注贵州博达云科技发展有限公司！ ;

2017-10-18 15:46:31 trace :
------------
String:
<xml><ToUserName><![CDATA[gh_b6dd8949412a]]></ToUserName>
<FromUserName><![CDATA[osNo7wzjtFBa7RGMYfdrz3ZFu2Q8]]></FromUserName>
<CreateTime>1508312790</CreateTime>
<MsgType><![CDATA[event]]></MsgType>
<Event><![CDATA[LOCATION]]></Event>
<Latitude>26.623707</Latitude>
<Longitude>106.643044</Longitude>
<Precision>65.000000</Precision>
</xml>

2017-10-18 15:46:31 params :
------------
Array:
message : Array ;
module : default ;
rule : -1 ;

2017-10-18 15:46:31 response :
------------
Array:
errno : -1 ;
message : Invaild value ;

2017-10-18 15:46:31 trace :
------------
String:
<xml><ToUserName><![CDATA[gh_b6dd8949412a]]></ToUserName>
<FromUserName><![CDATA[osNo7wzjtFBa7RGMYfdrz3ZFu2Q8]]></FromUserName>
<CreateTime>1508312791</CreateTime>
<MsgType><![CDATA[event]]></MsgType>
<Event><![CDATA[CLICK]]></Event>
<EventKey><![CDATA[.]]></EventKey>
</xml>

2017-10-18 15:46:31 params :
------------
Array:
message : Array ;
module : basic ;
rule : 15 ;
priority : 0 ;
keyword : Array ;

2017-10-18 15:46:31 response :
------------
Array:
FromUserName : gh_b6dd8949412a ;
ToUserName : osNo7wzjtFBa7RGMYfdrz3ZFu2Q8 ;
MsgType : text ;
Content : 欢迎关注贵州博达云科技！ ;

2017-10-18 15:48:43 trace :
------------
String:
<xml><ToUserName><![CDATA[gh_b6dd8949412a]]></ToUserName>
<FromUserName><![CDATA[osNo7wzjtFBa7RGMYfdrz3ZFu2Q8]]></FromUserName>
<CreateTime>1508312922</CreateTime>
<MsgType><![CDATA[event]]></MsgType>
<Event><![CDATA[CLICK]]></Event>
<EventKey><![CDATA[.]]></EventKey>
</xml>

2017-10-18 15:48:43 params :
------------
Array:
message : Array ;
module : basic ;
rule : 15 ;
priority : 0 ;
keyword : Array ;

2017-10-18 15:48:43 response :
------------
Array:
FromUserName : gh_b6dd8949412a ;
ToUserName : osNo7wzjtFBa7RGMYfdrz3ZFu2Q8 ;
MsgType : text ;
Content : 欢迎关注贵州博达云科技！ ;

2017-10-18 15:49:37 trace :
------------
String:
<xml><ToUserName><![CDATA[gh_b6dd8949412a]]></ToUserName>
<FromUserName><![CDATA[osNo7wzjtFBa7RGMYfdrz3ZFu2Q8]]></FromUserName>
<CreateTime>1508312976</CreateTime>
<MsgType><![CDATA[event]]></MsgType>
<Event><![CDATA[LOCATION]]></Event>
<Latitude>26.623892</Latitude>
<Longitude>106.643135</Longitude>
<Precision>76.317856</Precision>
</xml>

2017-10-18 15:49:37 params :
------------
Array:
message : Array ;
module : default ;
rule : -1 ;

2017-10-18 15:49:37 response :
------------
Array:
errno : -1 ;
message : Invaild value ;

2017-10-18 15:49:37 trace :
------------
String:
<xml><ToUserName><![CDATA[gh_b6dd8949412a]]></ToUserName>
<FromUserName><![CDATA[osNo7wzjtFBa7RGMYfdrz3ZFu2Q8]]></FromUserName>
<CreateTime>1508312976</CreateTime>
<MsgType><![CDATA[event]]></MsgType>
<Event><![CDATA[CLICK]]></Event>
<EventKey><![CDATA[.]]></EventKey>
</xml>

2017-10-18 15:49:37 params :
------------
Array:
message : Array ;
module : basic ;
rule : 15 ;
priority : 0 ;
keyword : Array ;

2017-10-18 15:49:37 response :
------------
Array:
FromUserName : gh_b6dd8949412a ;
ToUserName : osNo7wzjtFBa7RGMYfdrz3ZFu2Q8 ;
MsgType : text ;
Content : 欢迎关注贵州博达云科技！ ;

2017-10-18 15:50:24 trace :
------------
String:
<xml><ToUserName><![CDATA[gh_b6dd8949412a]]></ToUserName>
<FromUserName><![CDATA[osNo7wwqm8twoDYb0vl9DPGf8WCc]]></FromUserName>
<CreateTime>1508313023</CreateTime>
<MsgType><![CDATA[event]]></MsgType>
<Event><![CDATA[subscribe]]></Event>
<EventKey><![CDATA[]]></EventKey>
</xml>

2017-10-18 15:50:24 params :
------------
Array:
message : Array ;
module : basic ;
rule : 15 ;
priority : 0 ;
keyword : Array ;

2017-10-18 15:50:24 response :
------------
Array:
FromUserName : gh_b6dd8949412a ;
ToUserName : osNo7wwqm8twoDYb0vl9DPGf8WCc ;
MsgType : text ;
Content : 欢迎关注贵州博达云科技！ ;

2017-10-18 15:50:27 trace :
------------
String:
<xml><ToUserName><![CDATA[gh_b6dd8949412a]]></ToUserName>
<FromUserName><![CDATA[osNo7wwqm8twoDYb0vl9DPGf8WCc]]></FromUserName>
<CreateTime>1508313026</CreateTime>
<MsgType><![CDATA[event]]></MsgType>
<Event><![CDATA[VIEW]]></Event>
<EventKey><![CDATA[http://www.gzqtbw.com/app/index.php?i=15&c=home&t=18]]></EventKey>
<MenuId>418590499</MenuId>
</xml>

2017-10-18 15:50:27 params :
------------
Array:
message : Array ;
module : basic ;
rule : 15 ;
priority : 0 ;
keyword : Array ;

2017-10-18 15:50:27 response :
------------
Array:
FromUserName : gh_b6dd8949412a ;
ToUserName : osNo7wwqm8twoDYb0vl9DPGf8WCc ;
MsgType : text ;
Content : 欢迎关注贵州博达云科技！ ;

2017-10-18 15:50:37 trace :
------------
String:
<xml><ToUserName><![CDATA[gh_b6dd8949412a]]></ToUserName>
<FromUserName><![CDATA[osNo7wzjtFBa7RGMYfdrz3ZFu2Q8]]></FromUserName>
<CreateTime>1508313036</CreateTime>
<MsgType><![CDATA[event]]></MsgType>
<Event><![CDATA[CLICK]]></Event>
<EventKey><![CDATA[.]]></EventKey>
</xml>

2017-10-18 15:50:37 params :
------------
Array:
message : Array ;
module : basic ;
rule : 15 ;
priority : 0 ;
keyword : Array ;

2017-10-18 15:50:37 response :
------------
Array:
FromUserName : gh_b6dd8949412a ;
ToUserName : osNo7wzjtFBa7RGMYfdrz3ZFu2Q8 ;
MsgType : text ;
Content : 欢迎关注贵州博达云科技！ ;

2017-10-18 15:50:37 trace :
------------
String:
<xml><ToUserName><![CDATA[gh_b6dd8949412a]]></ToUserName>
<FromUserName><![CDATA[osNo7wwqm8twoDYb0vl9DPGf8WCc]]></FromUserName>
<CreateTime>1508313037</CreateTime>
<MsgType><![CDATA[event]]></MsgType>
<Event><![CDATA[LOCATION]]></Event>
<Latitude>26.623379</Latitude>
<Longitude>106.643402</Longitude>
<Precision>30.000000</Precision>
</xml>

2017-10-18 15:50:37 params :
------------
Array:
message : Array ;
module : default ;
rule : -1 ;

2017-10-18 15:50:37 response :
------------
Array:
errno : -1 ;
message : Invaild value ;

2017-10-18 15:50:38 trace :
------------
String:
<xml><ToUserName><![CDATA[gh_b6dd8949412a]]></ToUserName>
<FromUserName><![CDATA[osNo7wwqm8twoDYb0vl9DPGf8WCc]]></FromUserName>
<CreateTime>1508313038</CreateTime>
<MsgType><![CDATA[event]]></MsgType>
<Event><![CDATA[VIEW]]></Event>
<EventKey><![CDATA[http://www.gzqtbw.com/app/index.php?i=15&c=home&t=18]]></EventKey>
<MenuId>418590499</MenuId>
</xml>

2017-10-18 15:50:38 params :
------------
Array:
message : Array ;
module : basic ;
rule : 15 ;
priority : 0 ;
keyword : Array ;

2017-10-18 15:50:38 response :
------------
Array:
FromUserName : gh_b6dd8949412a ;
ToUserName : osNo7wwqm8twoDYb0vl9DPGf8WCc ;
MsgType : text ;
Content : 欢迎关注贵州博达云科技！ ;

2017-10-18 15:50:43 trace :
------------
String:
<xml><ToUserName><![CDATA[gh_b6dd8949412a]]></ToUserName>
<FromUserName><![CDATA[osNo7wwqm8twoDYb0vl9DPGf8WCc]]></FromUserName>
<CreateTime>1508313042</CreateTime>
<MsgType><![CDATA[event]]></MsgType>
<Event><![CDATA[LOCATION]]></Event>
<Latitude>26.624111</Latitude>
<Longitude>106.642426</Longitude>
<Precision>30.000000</Precision>
</xml>

2017-10-18 15:50:43 params :
------------
Array:
message : Array ;
module : default ;
rule : -1 ;

2017-10-18 15:50:43 response :
------------
Array:
errno : -1 ;
message : Invaild value ;

2017-10-18 15:50:48 trace :
------------
String:
<xml><ToUserName><![CDATA[gh_b6dd8949412a]]></ToUserName>
<FromUserName><![CDATA[osNo7wzjtFBa7RGMYfdrz3ZFu2Q8]]></FromUserName>
<CreateTime>1508313047</CreateTime>
<MsgType><![CDATA[event]]></MsgType>
<Event><![CDATA[unsubscribe]]></Event>
<EventKey><![CDATA[]]></EventKey>
</xml>

2017-10-18 15:50:56 trace :
------------
String:
<xml><ToUserName><![CDATA[gh_b6dd8949412a]]></ToUserName>
<FromUserName><![CDATA[osNo7wwqm8twoDYb0vl9DPGf8WCc]]></FromUserName>
<CreateTime>1508313056</CreateTime>
<MsgType><![CDATA[event]]></MsgType>
<Event><![CDATA[LOCATION]]></Event>
<Latitude>26.624111</Latitude>
<Longitude>106.642426</Longitude>
<Precision>30.000000</Precision>
</xml>

2017-10-18 15:50:56 params :
------------
Array:
message : Array ;
module : default ;
rule : -1 ;

2017-10-18 15:50:56 response :
------------
Array:
errno : -1 ;
message : Invaild value ;

2017-10-18 15:51:06 trace :
------------
String:
<xml><ToUserName><![CDATA[gh_b6dd8949412a]]></ToUserName>
<FromUserName><![CDATA[osNo7wzjtFBa7RGMYfdrz3ZFu2Q8]]></FromUserName>
<CreateTime>1508313065</CreateTime>
<MsgType><![CDATA[event]]></MsgType>
<Event><![CDATA[subscribe]]></Event>
<EventKey><![CDATA[]]></EventKey>
</xml>

2017-10-18 15:51:06 params :
------------
Array:
message : Array ;
module : basic ;
rule : 15 ;
priority : 0 ;
keyword : Array ;

2017-10-18 15:51:06 response :
------------
Array:
FromUserName : gh_b6dd8949412a ;
ToUserName : osNo7wzjtFBa7RGMYfdrz3ZFu2Q8 ;
MsgType : text ;
Content : 欢迎关注贵州博达云科技！ ;

2017-10-18 15:51:10 trace :
------------
String:
<xml><ToUserName><![CDATA[gh_b6dd8949412a]]></ToUserName>
<FromUserName><![CDATA[osNo7wzjtFBa7RGMYfdrz3ZFu2Q8]]></FromUserName>
<CreateTime>1508313069</CreateTime>
<MsgType><![CDATA[event]]></MsgType>
<Event><![CDATA[LOCATION]]></Event>
<Latitude>26.623781</Latitude>
<Longitude>106.643036</Longitude>
<Precision>72.968140</Precision>
</xml>

2017-10-18 15:51:10 params :
------------
Array:
message : Array ;
module : default ;
rule : -1 ;

2017-10-18 15:51:10 response :
------------
Array:
errno : -1 ;
message : Invaild value ;

2017-10-18 15:51:10 trace :
------------
String:
<xml><ToUserName><![CDATA[gh_b6dd8949412a]]></ToUserName>
<FromUserName><![CDATA[osNo7wzjtFBa7RGMYfdrz3ZFu2Q8]]></FromUserName>
<CreateTime>1508313069</CreateTime>
<MsgType><![CDATA[event]]></MsgType>
<Event><![CDATA[VIEW]]></Event>
<EventKey><![CDATA[http://www.gzqtbw.com/app/index.php?i=15&c=home&t=18]]></EventKey>
<MenuId>418590499</MenuId>
</xml>

2017-10-18 15:51:10 params :
------------
Array:
message : Array ;
module : basic ;
rule : 15 ;
priority : 0 ;
keyword : Array ;

2017-10-18 15:51:10 response :
------------
Array:
FromUserName : gh_b6dd8949412a ;
ToUserName : osNo7wzjtFBa7RGMYfdrz3ZFu2Q8 ;
MsgType : text ;
Content : 欢迎关注贵州博达云科技！ ;

2017-10-18 16:04:40 trace :
------------
String:
<xml><ToUserName><![CDATA[gh_b6dd8949412a]]></ToUserName>
<FromUserName><![CDATA[osNo7wwqm8twoDYb0vl9DPGf8WCc]]></FromUserName>
<CreateTime>1508313879</CreateTime>
<MsgType><![CDATA[event]]></MsgType>
<Event><![CDATA[VIEW]]></Event>
<EventKey><![CDATA[http://www.gzqtbw.com/app/index.php?i=15&c=home&t=18]]></EventKey>
<MenuId>418590499</MenuId>
</xml>

2017-10-18 16:04:40 params :
------------
Array:
message : Array ;
module : basic ;
rule : 15 ;
priority : 0 ;
keyword : Array ;

2017-10-18 16:04:40 response :
------------
Array:
FromUserName : gh_b6dd8949412a ;
ToUserName : osNo7wwqm8twoDYb0vl9DPGf8WCc ;
MsgType : text ;
Content : 欢迎关注贵州博达云科技！ ;

2017-10-18 16:10:53 trace :
------------
String:
<xml><ToUserName><![CDATA[gh_b6dd8949412a]]></ToUserName>
<FromUserName><![CDATA[osNo7wwqm8twoDYb0vl9DPGf8WCc]]></FromUserName>
<CreateTime>1508314252</CreateTime>
<MsgType><![CDATA[event]]></MsgType>
<Event><![CDATA[LOCATION]]></Event>
<Latitude>26.624245</Latitude>
<Longitude>106.642448</Longitude>
<Precision>30.000000</Precision>
</xml>

2017-10-18 16:10:53 params :
------------
Array:
message : Array ;
module : default ;
rule : -1 ;

2017-10-18 16:10:53 response :
------------
Array:
errno : -1 ;
message : Invaild value ;

2017-10-18 16:14:41 trace :
------------
String:
<xml><ToUserName><![CDATA[gh_a9b445bf4f73]]></ToUserName>
<FromUserName><![CDATA[oaQb9wSq5na6PRsKBLxnRu4n81_8]]></FromUserName>
<CreateTime>1508314480</CreateTime>
<MsgType><![CDATA[event]]></MsgType>
<Event><![CDATA[subscribe]]></Event>
<EventKey><![CDATA[]]></EventKey>
</xml>

2017-10-18 16:14:41 params :
------------
Array:
message : Array ;
module : basic ;
rule : 16 ;
priority : 0 ;
keyword : Array ;

2017-10-18 16:14:41 response :
------------
Array:
FromUserName : gh_a9b445bf4f73 ;
ToUserName : oaQb9wSq5na6PRsKBLxnRu4n81_8 ;
MsgType : text ;
Content : 欢迎关注贵州博达云科技发展有限公司！ ;

2017-10-18 16:21:20 trace :
------------
String:
<xml><ToUserName><![CDATA[gh_b6dd8949412a]]></ToUserName>
<FromUserName><![CDATA[osNo7wwqm8twoDYb0vl9DPGf8WCc]]></FromUserName>
<CreateTime>1508314879</CreateTime>
<MsgType><![CDATA[event]]></MsgType>
<Event><![CDATA[LOCATION]]></Event>
<Latitude>26.623108</Latitude>
<Longitude>106.643547</Longitude>
<Precision>30.000000</Precision>
</xml>

2017-10-18 16:21:20 params :
------------
Array:
message : Array ;
module : default ;
rule : -1 ;

2017-10-18 16:21:20 response :
------------
Array:
errno : -1 ;
message : Invaild value ;

2017-10-18 16:52:24 trace :
------------
String:
<xml><ToUserName><![CDATA[gh_a9b445bf4f73]]></ToUserName>
<FromUserName><![CDATA[oaQb9wUusvnE0rqmgA0hQdkfPh3g]]></FromUserName>
<CreateTime>1508316743</CreateTime>
<MsgType><![CDATA[event]]></MsgType>
<Event><![CDATA[VIEW]]></Event>
<EventKey><![CDATA[http://www.gzqtbw.com/app/index.php?i=16&c=home&t=20]]></EventKey>
<MenuId>422052570</MenuId>
</xml>

2017-10-18 16:52:24 params :
------------
Array:
message : Array ;
module : basic ;
rule : 16 ;
priority : 0 ;
keyword : Array ;

2017-10-18 16:52:24 response :
------------
Array:
FromUserName : gh_a9b445bf4f73 ;
ToUserName : oaQb9wUusvnE0rqmgA0hQdkfPh3g ;
MsgType : text ;
Content : 欢迎关注贵州博达云科技发展有限公司！ ;

2017-10-18 16:53:25 trace :
------------
String:
<xml><ToUserName><![CDATA[gh_a9b445bf4f73]]></ToUserName>
<FromUserName><![CDATA[oaQb9wUusvnE0rqmgA0hQdkfPh3g]]></FromUserName>
<CreateTime>1508316805</CreateTime>
<MsgType><![CDATA[event]]></MsgType>
<Event><![CDATA[VIEW]]></Event>
<EventKey><![CDATA[http://www.gzqtbw.com/app/index.php?i=16&c=home&t=20]]></EventKey>
<MenuId>422052570</MenuId>
</xml>

2017-10-18 16:53:25 params :
------------
Array:
message : Array ;
module : basic ;
rule : 16 ;
priority : 0 ;
keyword : Array ;

2017-10-18 16:53:25 response :
------------
Array:
FromUserName : gh_a9b445bf4f73 ;
ToUserName : oaQb9wUusvnE0rqmgA0hQdkfPh3g ;
MsgType : text ;
Content : 欢迎关注贵州博达云科技发展有限公司！ ;

2017-10-18 16:53:33 trace :
------------
String:
<xml><ToUserName><![CDATA[gh_a9b445bf4f73]]></ToUserName>
<FromUserName><![CDATA[oaQb9wUusvnE0rqmgA0hQdkfPh3g]]></FromUserName>
<CreateTime>1508316812</CreateTime>
<MsgType><![CDATA[event]]></MsgType>
<Event><![CDATA[VIEW]]></Event>
<EventKey><![CDATA[http://www.gzqtbw.com/app/index.php?i=16&c=home&t=20]]></EventKey>
<MenuId>422052570</MenuId>
</xml>

2017-10-18 16:53:33 params :
------------
Array:
message : Array ;
module : basic ;
rule : 16 ;
priority : 0 ;
keyword : Array ;

2017-10-18 16:53:33 response :
------------
Array:
FromUserName : gh_a9b445bf4f73 ;
ToUserName : oaQb9wUusvnE0rqmgA0hQdkfPh3g ;
MsgType : text ;
Content : 欢迎关注贵州博达云科技发展有限公司！ ;

2017-10-18 16:53:54 trace :
------------
String:
<xml><ToUserName><![CDATA[gh_a9b445bf4f73]]></ToUserName>
<FromUserName><![CDATA[oaQb9wUusvnE0rqmgA0hQdkfPh3g]]></FromUserName>
<CreateTime>1508316834</CreateTime>
<MsgType><![CDATA[event]]></MsgType>
<Event><![CDATA[VIEW]]></Event>
<EventKey><![CDATA[http://www.gzqtbw.com/app/index.php?i=16&c=home&t=20]]></EventKey>
<MenuId>422052570</MenuId>
</xml>

2017-10-18 16:53:54 params :
------------
Array:
message : Array ;
module : basic ;
rule : 16 ;
priority : 0 ;
keyword : Array ;

2017-10-18 16:53:54 response :
------------
Array:
FromUserName : gh_a9b445bf4f73 ;
ToUserName : oaQb9wUusvnE0rqmgA0hQdkfPh3g ;
MsgType : text ;
Content : 欢迎关注贵州博达云科技发展有限公司！ ;

2017-10-18 16:57:55 trace :
------------
String:
<xml><ToUserName><![CDATA[gh_a9b445bf4f73]]></ToUserName>
<FromUserName><![CDATA[oaQb9wUusvnE0rqmgA0hQdkfPh3g]]></FromUserName>
<CreateTime>1508317074</CreateTime>
<MsgType><![CDATA[event]]></MsgType>
<Event><![CDATA[VIEW]]></Event>
<EventKey><![CDATA[http://www.gzqtbw.com/app/index.php?i=16&c=home&t=20]]></EventKey>
<MenuId>422052570</MenuId>
</xml>

2017-10-18 16:57:55 params :
------------
Array:
message : Array ;
module : basic ;
rule : 16 ;
priority : 0 ;
keyword : Array ;

2017-10-18 16:57:55 response :
------------
Array:
FromUserName : gh_a9b445bf4f73 ;
ToUserName : oaQb9wUusvnE0rqmgA0hQdkfPh3g ;
MsgType : text ;
Content : 欢迎关注贵州博达云科技发展有限公司！ ;

2017-10-18 16:59:11 trace :
------------
String:
<xml><ToUserName><![CDATA[gh_a9b445bf4f73]]></ToUserName>
<FromUserName><![CDATA[oaQb9wUusvnE0rqmgA0hQdkfPh3g]]></FromUserName>
<CreateTime>1508317150</CreateTime>
<MsgType><![CDATA[event]]></MsgType>
<Event><![CDATA[VIEW]]></Event>
<EventKey><![CDATA[http://www.gzqtbw.com/app/index.php?i=16&c=home&t=20]]></EventKey>
<MenuId>422052570</MenuId>
</xml>

2017-10-18 16:59:11 params :
------------
Array:
message : Array ;
module : basic ;
rule : 16 ;
priority : 0 ;
keyword : Array ;

2017-10-18 16:59:11 response :
------------
Array:
FromUserName : gh_a9b445bf4f73 ;
ToUserName : oaQb9wUusvnE0rqmgA0hQdkfPh3g ;
MsgType : text ;
Content : 欢迎关注贵州博达云科技发展有限公司！ ;

2017-10-18 16:59:18 trace :
------------
String:
<xml><ToUserName><![CDATA[gh_a9b445bf4f73]]></ToUserName>
<FromUserName><![CDATA[oaQb9wUusvnE0rqmgA0hQdkfPh3g]]></FromUserName>
<CreateTime>1508317157</CreateTime>
<MsgType><![CDATA[event]]></MsgType>
<Event><![CDATA[VIEW]]></Event>
<EventKey><![CDATA[http://www.gzqtbw.com/app/index.php?i=16&c=home&t=19]]></EventKey>
<MenuId>422054392</MenuId>
</xml>

2017-10-18 16:59:18 params :
------------
Array:
message : Array ;
module : basic ;
rule : 16 ;
priority : 0 ;
keyword : Array ;

2017-10-18 16:59:18 response :
------------
Array:
FromUserName : gh_a9b445bf4f73 ;
ToUserName : oaQb9wUusvnE0rqmgA0hQdkfPh3g ;
MsgType : text ;
Content : 欢迎关注贵州博达云科技发展有限公司！ ;

2017-10-18 17:00:55 trace :
------------
String:
<xml><ToUserName><![CDATA[gh_a9b445bf4f73]]></ToUserName>
<FromUserName><![CDATA[oaQb9wUusvnE0rqmgA0hQdkfPh3g]]></FromUserName>
<CreateTime>1508317254</CreateTime>
<MsgType><![CDATA[event]]></MsgType>
<Event><![CDATA[VIEW]]></Event>
<EventKey><![CDATA[http://www.gzqtbw.com/app/index.php?i=16&c=home&t=19]]></EventKey>
<MenuId>422054392</MenuId>
</xml>

2017-10-18 17:00:55 params :
------------
Array:
message : Array ;
module : basic ;
rule : 16 ;
priority : 0 ;
keyword : Array ;

2017-10-18 17:00:55 response :
------------
Array:
FromUserName : gh_a9b445bf4f73 ;
ToUserName : oaQb9wUusvnE0rqmgA0hQdkfPh3g ;
MsgType : text ;
Content : 欢迎关注贵州博达云科技发展有限公司！ ;

2017-10-18 17:01:04 trace :
------------
String:
<xml><ToUserName><![CDATA[gh_a9b445bf4f73]]></ToUserName>
<FromUserName><![CDATA[oaQb9wUusvnE0rqmgA0hQdkfPh3g]]></FromUserName>
<CreateTime>1508317263</CreateTime>
<MsgType><![CDATA[event]]></MsgType>
<Event><![CDATA[VIEW]]></Event>
<EventKey><![CDATA[http://www.gzqtbw.com/app/index.php?i=16&c=home&t=19]]></EventKey>
<MenuId>422054392</MenuId>
</xml>

2017-10-18 17:01:04 params :
------------
Array:
message : Array ;
module : basic ;
rule : 16 ;
priority : 0 ;
keyword : Array ;

2017-10-18 17:01:04 response :
------------
Array:
FromUserName : gh_a9b445bf4f73 ;
ToUserName : oaQb9wUusvnE0rqmgA0hQdkfPh3g ;
MsgType : text ;
Content : 欢迎关注贵州博达云科技发展有限公司！ ;

2017-10-18 17:04:04 trace :
------------
String:
<xml><ToUserName><![CDATA[gh_a9b445bf4f73]]></ToUserName>
<FromUserName><![CDATA[oaQb9wUusvnE0rqmgA0hQdkfPh3g]]></FromUserName>
<CreateTime>1508317444</CreateTime>
<MsgType><![CDATA[event]]></MsgType>
<Event><![CDATA[VIEW]]></Event>
<EventKey><![CDATA[http://www.gzqtbw.com/app/index.php?i=16&c=home&t=19]]></EventKey>
<MenuId>422054392</MenuId>
</xml>

2017-10-18 17:04:04 params :
------------
Array:
message : Array ;
module : basic ;
rule : 16 ;
priority : 0 ;
keyword : Array ;

2017-10-18 17:04:04 response :
------------
Array:
FromUserName : gh_a9b445bf4f73 ;
ToUserName : oaQb9wUusvnE0rqmgA0hQdkfPh3g ;
MsgType : text ;
Content : 欢迎关注贵州博达云科技发展有限公司！ ;

2017-10-18 17:20:57 trace :
------------
String:
<xml><ToUserName><![CDATA[gh_a9b445bf4f73]]></ToUserName>
<FromUserName><![CDATA[oaQb9wUusvnE0rqmgA0hQdkfPh3g]]></FromUserName>
<CreateTime>1508318457</CreateTime>
<MsgType><![CDATA[event]]></MsgType>
<Event><![CDATA[VIEW]]></Event>
<EventKey><![CDATA[http://www.gzqtbw.com/app/index.php?i=16&c=home&t=19]]></EventKey>
<MenuId>422054392</MenuId>
</xml>

2017-10-18 17:20:57 params :
------------
Array:
message : Array ;
module : basic ;
rule : 16 ;
priority : 0 ;
keyword : Array ;

2017-10-18 17:20:57 response :
------------
Array:
FromUserName : gh_a9b445bf4f73 ;
ToUserName : oaQb9wUusvnE0rqmgA0hQdkfPh3g ;
MsgType : text ;
Content : 欢迎关注贵州博达云科技发展有限公司！ ;

2017-10-18 17:28:58 trace :
------------
String:
<xml><ToUserName><![CDATA[gh_a9b445bf4f73]]></ToUserName>
<FromUserName><![CDATA[oaQb9wUusvnE0rqmgA0hQdkfPh3g]]></FromUserName>
<CreateTime>1508318937</CreateTime>
<MsgType><![CDATA[event]]></MsgType>
<Event><![CDATA[VIEW]]></Event>
<EventKey><![CDATA[http://www.gzqtbw.com/app/index.php?i=16&c=home&t=19]]></EventKey>
<MenuId>422054392</MenuId>
</xml>

2017-10-18 17:28:58 params :
------------
Array:
message : Array ;
module : basic ;
rule : 16 ;
priority : 0 ;
keyword : Array ;

2017-10-18 17:28:58 response :
------------
Array:
FromUserName : gh_a9b445bf4f73 ;
ToUserName : oaQb9wUusvnE0rqmgA0hQdkfPh3g ;
MsgType : text ;
Content : 欢迎关注贵州博达云科技发展有限公司！ ;

2017-10-18 18:20:30 trace :
------------
String:
<xml><ToUserName><![CDATA[gh_3280735b50d8]]></ToUserName>
<FromUserName><![CDATA[oyWTK1LDY3fSaWBBGt90pbXXXqDA]]></FromUserName>
<CreateTime>1508322029</CreateTime>
<MsgType><![CDATA[event]]></MsgType>
<Event><![CDATA[subscribe]]></Event>
<EventKey><![CDATA[]]></EventKey>
</xml>

2017-10-18 18:20:30 params :
------------
Array:
message : Array ;
module : basic ;
rule : 11 ;
priority : 0 ;
keyword : Array ;

2017-10-18 18:20:30 response :
------------
Array:
FromUserName : gh_3280735b50d8 ;
ToUserName : oyWTK1LDY3fSaWBBGt90pbXXXqDA ;
MsgType : text ;
Content : 欢迎关注黔满园荣贵微信公众号！ ;

2017-10-18 18:51:42 trace :
------------
String:
<xml><ToUserName><![CDATA[gh_3280735b50d8]]></ToUserName>
<FromUserName><![CDATA[oyWTK1IBtEwYjGcf5BKOSMLD3vVQ]]></FromUserName>
<CreateTime>1508323901</CreateTime>
<MsgType><![CDATA[event]]></MsgType>
<Event><![CDATA[subscribe]]></Event>
<EventKey><![CDATA[]]></EventKey>
</xml>

2017-10-18 18:51:42 params :
------------
Array:
message : Array ;
module : basic ;
rule : 11 ;
priority : 0 ;
keyword : Array ;

2017-10-18 18:51:42 response :
------------
Array:
FromUserName : gh_3280735b50d8 ;
ToUserName : oyWTK1IBtEwYjGcf5BKOSMLD3vVQ ;
MsgType : text ;
Content : 欢迎关注黔满园荣贵微信公众号！ ;

