2017-12-22 10:55:14 trace :
------------
Array:
errno : -1 ;
message : 微信公众平台返回接口错误. 
错误代码为: 40005 
,错误描述为: appid 校验错误 ;

2017-12-22 10:55:14 waring :
------------
String:
Request Failed

2017-12-22 10:55:57 trace :
------------
Array:
errno : -1 ;
message : 微信公众平台返回接口错误. 
错误代码为: 40005 
,错误描述为: appid 校验错误 ;

2017-12-22 10:55:57 waring :
------------
String:
Request Failed

2017-12-22 10:56:22 trace :
------------
Array:
errno : -1 ;
message : 微信公众平台返回接口错误. 
错误代码为: 40005 
,错误描述为: appid 校验错误 ;

2017-12-22 10:56:22 waring :
------------
String:
Request Failed

2017-12-22 10:57:41 trace :
------------
Array:
errno : -1 ;
message : 微信公众平台返回接口错误. 
错误代码为: 40005 
,错误描述为: appid 校验错误 ;

2017-12-22 10:57:41 waring :
------------
String:
Request Failed

2017-12-22 11:01:54 trace :
------------
String:
<xml><ToUserName><![CDATA[gh_3280735b50d8]]></ToUserName>
<FromUserName><![CDATA[oyWTK1BQkf4KRst_sw6YzHxB_ZDM]]></FromUserName>
<CreateTime>1513911714</CreateTime>
<MsgType><![CDATA[event]]></MsgType>
<Event><![CDATA[subscribe]]></Event>
<EventKey><![CDATA[]]></EventKey>
</xml>

2017-12-22 11:01:54 params :
------------
Array:
message : Array ;
module : basic ;
rule : 11 ;
priority : 0 ;
keyword : Array ;

2017-12-22 11:01:54 response :
------------
Array:
FromUserName : gh_3280735b50d8 ;
ToUserName : oyWTK1BQkf4KRst_sw6YzHxB_ZDM ;
MsgType : text ;
Content : 欢迎关注黔满园荣贵微信公众号！ ;

2017-12-22 11:02:07 trace :
------------
String:
<xml><ToUserName><![CDATA[gh_3280735b50d8]]></ToUserName>
<FromUserName><![CDATA[oyWTK1BQkf4KRst_sw6YzHxB_ZDM]]></FromUserName>
<CreateTime>1513911726</CreateTime>
<MsgType><![CDATA[event]]></MsgType>
<Event><![CDATA[VIEW]]></Event>
<EventKey><![CDATA[http://www.gzqtbw.com/app/index.php?i=10&c=home&t=12]]></EventKey>
<MenuId>427588424</MenuId>
</xml>

2017-12-22 11:02:07 params :
------------
Array:
message : Array ;
module : basic ;
rule : 11 ;
priority : 0 ;
keyword : Array ;

2017-12-22 11:02:07 response :
------------
Array:
FromUserName : gh_3280735b50d8 ;
ToUserName : oyWTK1BQkf4KRst_sw6YzHxB_ZDM ;
MsgType : text ;
Content : 欢迎关注黔满园荣贵微信公众号！ ;

2017-12-22 11:18:09 trace :
------------
String:
<xml><ToUserName><![CDATA[gh_3280735b50d8]]></ToUserName>
<FromUserName><![CDATA[oyWTK1BQkf4KRst_sw6YzHxB_ZDM]]></FromUserName>
<CreateTime>1513912689</CreateTime>
<MsgType><![CDATA[event]]></MsgType>
<Event><![CDATA[VIEW]]></Event>
<EventKey><![CDATA[http://www.gzqtbw.com/app/index.php?i=10&c=home&t=12]]></EventKey>
<MenuId>427588424</MenuId>
</xml>

2017-12-22 11:18:09 params :
------------
Array:
message : Array ;
module : basic ;
rule : 11 ;
priority : 0 ;
keyword : Array ;

2017-12-22 11:18:09 response :
------------
Array:
FromUserName : gh_3280735b50d8 ;
ToUserName : oyWTK1BQkf4KRst_sw6YzHxB_ZDM ;
MsgType : text ;
Content : 欢迎关注黔满园荣贵微信公众号！ ;

2017-12-22 11:19:04 trace :
------------
String:
<xml><ToUserName><![CDATA[gh_3280735b50d8]]></ToUserName>
<FromUserName><![CDATA[oyWTK1BQkf4KRst_sw6YzHxB_ZDM]]></FromUserName>
<CreateTime>1513912743</CreateTime>
<MsgType><![CDATA[event]]></MsgType>
<Event><![CDATA[VIEW]]></Event>
<EventKey><![CDATA[http://www.gzqtbw.com/app/index.php?i=10&c=home&t=12]]></EventKey>
<MenuId>427588424</MenuId>
</xml>

2017-12-22 11:19:04 params :
------------
Array:
message : Array ;
module : basic ;
rule : 11 ;
priority : 0 ;
keyword : Array ;

2017-12-22 11:19:04 response :
------------
Array:
FromUserName : gh_3280735b50d8 ;
ToUserName : oyWTK1BQkf4KRst_sw6YzHxB_ZDM ;
MsgType : text ;
Content : 欢迎关注黔满园荣贵微信公众号！ ;

2017-12-22 11:19:07 trace :
------------
String:
<xml><ToUserName><![CDATA[gh_3280735b50d8]]></ToUserName>
<FromUserName><![CDATA[oyWTK1BQkf4KRst_sw6YzHxB_ZDM]]></FromUserName>
<CreateTime>1513912747</CreateTime>
<MsgType><![CDATA[event]]></MsgType>
<Event><![CDATA[VIEW]]></Event>
<EventKey><![CDATA[http://www.gzqtbw.com/app/index.php?i=10&c=mc&a=card&do=sign_display&]]></EventKey>
<MenuId>427588424</MenuId>
</xml>

2017-12-22 11:19:07 params :
------------
Array:
message : Array ;
module : basic ;
rule : 11 ;
priority : 0 ;
keyword : Array ;

2017-12-22 11:19:07 response :
------------
Array:
FromUserName : gh_3280735b50d8 ;
ToUserName : oyWTK1BQkf4KRst_sw6YzHxB_ZDM ;
MsgType : text ;
Content : 欢迎关注黔满园荣贵微信公众号！ ;

2017-12-22 11:20:08 trace :
------------
String:
<xml><ToUserName><![CDATA[gh_3280735b50d8]]></ToUserName>
<FromUserName><![CDATA[oyWTK1BQkf4KRst_sw6YzHxB_ZDM]]></FromUserName>
<CreateTime>1513912807</CreateTime>
<MsgType><![CDATA[event]]></MsgType>
<Event><![CDATA[VIEW]]></Event>
<EventKey><![CDATA[http://www.gzqtbw.com/app/index.php?i=10&c=home&t=12]]></EventKey>
<MenuId>427588424</MenuId>
</xml>

2017-12-22 11:20:08 params :
------------
Array:
message : Array ;
module : basic ;
rule : 11 ;
priority : 0 ;
keyword : Array ;

2017-12-22 11:20:08 response :
------------
Array:
FromUserName : gh_3280735b50d8 ;
ToUserName : oyWTK1BQkf4KRst_sw6YzHxB_ZDM ;
MsgType : text ;
Content : 欢迎关注黔满园荣贵微信公众号！ ;

2017-12-22 11:25:13 trace :
------------
Array:
errno : -1 ;
message : 微信公众平台返回接口错误. 
错误代码为: 40005 
,错误描述为: appid 校验错误 ;

2017-12-22 11:25:13 waring :
------------
String:
Request Failed

2017-12-22 11:27:07 trace :
------------
Array:
errno : -1 ;
message : 微信公众平台返回接口错误. 
错误代码为: 40005 
,错误描述为: appid 校验错误 ;

2017-12-22 11:27:07 waring :
------------
String:
Request Failed

2017-12-22 11:27:13 trace :
------------
Array:
errno : -1 ;
message : 微信公众平台返回接口错误. 
错误代码为: 40005 
,错误描述为: appid 校验错误 ;

2017-12-22 11:27:13 waring :
------------
String:
Request Failed

2017-12-22 11:27:20 trace :
------------
Array:
errno : -1 ;
message : 微信公众平台返回接口错误. 
错误代码为: 40005 
,错误描述为: appid 校验错误 ;

2017-12-22 11:27:20 waring :
------------
String:
Request Failed

2017-12-22 11:29:30 trace :
------------
Array:
errno : -1 ;
message : 微信公众平台返回接口错误. 
错误代码为: 40005 
,错误描述为: appid 校验错误 ;

2017-12-22 11:29:30 waring :
------------
String:
Request Failed

2017-12-22 11:29:42 trace :
------------
Array:
errno : -1 ;
message : 微信公众平台返回接口错误. 
错误代码为: 40005 
,错误描述为: appid 校验错误 ;

2017-12-22 11:29:42 waring :
------------
String:
Request Failed

2017-12-22 11:30:01 trace :
------------
Array:
errno : -1 ;
message : 微信公众平台返回接口错误. 
错误代码为: 40005 
,错误描述为: appid 校验错误 ;

2017-12-22 11:30:01 waring :
------------
String:
Request Failed

2017-12-22 11:30:03 trace :
------------
Array:
errno : -1 ;
message : 微信公众平台返回接口错误. 
错误代码为: 40005 
,错误描述为: appid 校验错误 ;

2017-12-22 11:30:03 waring :
------------
String:
Request Failed

2017-12-22 11:48:37 trace :
------------
Array:
errno : -1 ;
message : 微信公众平台返回接口错误. 
错误代码为: 40005 
,错误描述为: appid 校验错误 ;

2017-12-22 11:48:37 waring :
------------
String:
Request Failed

2017-12-22 11:49:06 trace :
------------
Array:
errno : -1 ;
message : 微信公众平台返回接口错误. 
错误代码为: 40005 
,错误描述为: appid 校验错误 ;

2017-12-22 11:49:06 waring :
------------
String:
Request Failed

2017-12-22 11:49:33 trace :
------------
Array:
errno : -1 ;
message : 微信公众平台返回接口错误. 
错误代码为: 40005 
,错误描述为: appid 校验错误 ;

2017-12-22 11:49:33 waring :
------------
String:
Request Failed

2017-12-22 11:56:07 trace :
------------
Array:
errno : -1 ;
message : 微信公众平台返回接口错误. 
错误代码为: 40005 
,错误描述为: appid 校验错误 ;

2017-12-22 11:56:07 waring :
------------
String:
Request Failed

2017-12-22 12:00:24 trace :
------------
Array:
errno : -1 ;
message : 微信公众平台返回接口错误. 
错误代码为: 40005 
,错误描述为: appid 校验错误 ;

2017-12-22 12:00:24 waring :
------------
String:
Request Failed

2017-12-22 12:01:37 trace :
------------
Array:
errno : -1 ;
message : 微信公众平台返回接口错误. 
错误代码为: 40005 
,错误描述为: appid 校验错误 ;

2017-12-22 12:01:37 waring :
------------
String:
Request Failed

2017-12-22 12:01:51 trace :
------------
Array:
errno : -1 ;
message : 微信公众平台返回接口错误. 
错误代码为: 40005 
,错误描述为: appid 校验错误 ;

2017-12-22 12:01:51 waring :
------------
String:
Request Failed

2017-12-22 12:02:06 trace :
------------
Array:
errno : -1 ;
message : 微信公众平台返回接口错误. 
错误代码为: 40005 
,错误描述为: appid 校验错误 ;

2017-12-22 12:02:06 waring :
------------
String:
Request Failed

2017-12-22 12:03:30 trace :
------------
Array:
errno : -1 ;
message : 微信公众平台返回接口错误. 
错误代码为: 40005 
,错误描述为: appid 校验错误 ;

2017-12-22 12:03:30 waring :
------------
String:
Request Failed

2017-12-22 12:52:47 trace :
------------
Array:
errno : -1 ;
message : 微信公众平台返回接口错误. 
错误代码为: 40005 
,错误描述为: appid 校验错误 ;

2017-12-22 12:52:47 waring :
------------
String:
Request Failed

2017-12-22 12:52:52 trace :
------------
Array:
errno : -1 ;
message : 微信公众平台返回接口错误. 
错误代码为: 40005 
,错误描述为: appid 校验错误 ;

2017-12-22 12:52:52 waring :
------------
String:
Request Failed

2017-12-22 12:52:54 trace :
------------
Array:
errno : -1 ;
message : 微信公众平台返回接口错误. 
错误代码为: 40005 
,错误描述为: appid 校验错误 ;

2017-12-22 12:52:54 waring :
------------
String:
Request Failed

