2017-09-17 07:14:58 trace :
------------
String:
<xml><ToUserName><![CDATA[gh_3280735b50d8]]></ToUserName>
<FromUserName><![CDATA[oyWTK1OLxaQ2AXCAGGsm-gaVsF78]]></FromUserName>
<CreateTime>1505603698</CreateTime>
<MsgType><![CDATA[event]]></MsgType>
<Event><![CDATA[VIEW]]></Event>
<EventKey><![CDATA[http://www.gzqtbw.com/app/index.php?i=10&c=home&t=12]]></EventKey>
<MenuId>427588424</MenuId>
</xml>

2017-09-17 07:14:58 params :
------------
Array:
message : Array ;
module : basic ;
rule : 11 ;
priority : 0 ;
keyword : Array ;

2017-09-17 07:14:58 response :
------------
Array:
FromUserName : gh_3280735b50d8 ;
ToUserName : oyWTK1OLxaQ2AXCAGGsm-gaVsF78 ;
MsgType : text ;
Content : 欢迎关注黔满园荣贵微信公众号！ ;

2017-09-17 07:17:12 trace :
------------
String:
<xml><ToUserName><![CDATA[gh_3280735b50d8]]></ToUserName>
<FromUserName><![CDATA[oyWTK1OLxaQ2AXCAGGsm-gaVsF78]]></FromUserName>
<CreateTime>1505603831</CreateTime>
<MsgType><![CDATA[event]]></MsgType>
<Event><![CDATA[VIEW]]></Event>
<EventKey><![CDATA[http://www.gzqtbw.com/app/index.php?i=10&c=home&t=12]]></EventKey>
<MenuId>427588424</MenuId>
</xml>

2017-09-17 07:17:12 params :
------------
Array:
message : Array ;
module : basic ;
rule : 11 ;
priority : 0 ;
keyword : Array ;

2017-09-17 07:17:12 response :
------------
Array:
FromUserName : gh_3280735b50d8 ;
ToUserName : oyWTK1OLxaQ2AXCAGGsm-gaVsF78 ;
MsgType : text ;
Content : 欢迎关注黔满园荣贵微信公众号！ ;

2017-09-17 07:20:02 trace :
------------
String:
<xml><ToUserName><![CDATA[gh_3280735b50d8]]></ToUserName>
<FromUserName><![CDATA[oyWTK1OLxaQ2AXCAGGsm-gaVsF78]]></FromUserName>
<CreateTime>1505604002</CreateTime>
<MsgType><![CDATA[event]]></MsgType>
<Event><![CDATA[VIEW]]></Event>
<EventKey><![CDATA[http://www.gzqtbw.com/app/index.php?i=10&c=home&t=12]]></EventKey>
<MenuId>427588424</MenuId>
</xml>

2017-09-17 07:20:02 params :
------------
Array:
message : Array ;
module : basic ;
rule : 11 ;
priority : 0 ;
keyword : Array ;

2017-09-17 07:20:02 response :
------------
Array:
FromUserName : gh_3280735b50d8 ;
ToUserName : oyWTK1OLxaQ2AXCAGGsm-gaVsF78 ;
MsgType : text ;
Content : 欢迎关注黔满园荣贵微信公众号！ ;

2017-09-17 08:26:08 trace :
------------
String:
<xml><ToUserName><![CDATA[gh_3280735b50d8]]></ToUserName>
<FromUserName><![CDATA[oyWTK1OLxaQ2AXCAGGsm-gaVsF78]]></FromUserName>
<CreateTime>1505607967</CreateTime>
<MsgType><![CDATA[event]]></MsgType>
<Event><![CDATA[VIEW]]></Event>
<EventKey><![CDATA[http://www.gzqtbw.com/app/index.php?i=10&c=home&t=12]]></EventKey>
<MenuId>427588424</MenuId>
</xml>

2017-09-17 08:26:08 params :
------------
Array:
message : Array ;
module : basic ;
rule : 11 ;
priority : 0 ;
keyword : Array ;

2017-09-17 08:26:08 response :
------------
Array:
FromUserName : gh_3280735b50d8 ;
ToUserName : oyWTK1OLxaQ2AXCAGGsm-gaVsF78 ;
MsgType : text ;
Content : 欢迎关注黔满园荣贵微信公众号！ ;

2017-09-17 08:27:16 trace :
------------
String:
<xml><ToUserName><![CDATA[gh_3280735b50d8]]></ToUserName>
<FromUserName><![CDATA[oyWTK1OLxaQ2AXCAGGsm-gaVsF78]]></FromUserName>
<CreateTime>1505608035</CreateTime>
<MsgType><![CDATA[event]]></MsgType>
<Event><![CDATA[VIEW]]></Event>
<EventKey><![CDATA[http://www.gzqtbw.com/app/index.php?i=10&c=home&t=12]]></EventKey>
<MenuId>427588424</MenuId>
</xml>

2017-09-17 08:27:16 params :
------------
Array:
message : Array ;
module : basic ;
rule : 11 ;
priority : 0 ;
keyword : Array ;

2017-09-17 08:27:16 response :
------------
Array:
FromUserName : gh_3280735b50d8 ;
ToUserName : oyWTK1OLxaQ2AXCAGGsm-gaVsF78 ;
MsgType : text ;
Content : 欢迎关注黔满园荣贵微信公众号！ ;

2017-09-17 09:15:15 trace :
------------
String:
<xml><ToUserName><![CDATA[gh_3280735b50d8]]></ToUserName>
<FromUserName><![CDATA[oyWTK1OLxaQ2AXCAGGsm-gaVsF78]]></FromUserName>
<CreateTime>1505610915</CreateTime>
<MsgType><![CDATA[event]]></MsgType>
<Event><![CDATA[VIEW]]></Event>
<EventKey><![CDATA[http://www.gzqtbw.com/app/index.php?i=10&c=home&t=12]]></EventKey>
<MenuId>427588424</MenuId>
</xml>

2017-09-17 09:15:15 params :
------------
Array:
message : Array ;
module : basic ;
rule : 11 ;
priority : 0 ;
keyword : Array ;

2017-09-17 09:15:15 response :
------------
Array:
FromUserName : gh_3280735b50d8 ;
ToUserName : oyWTK1OLxaQ2AXCAGGsm-gaVsF78 ;
MsgType : text ;
Content : 欢迎关注黔满园荣贵微信公众号！ ;

2017-09-17 10:06:58 trace :
------------
String:
<xml><ToUserName><![CDATA[gh_387f2586a480]]></ToUserName>
<FromUserName><![CDATA[oHlBev7FdClQ5nIm_MZEtYeUbYz0]]></FromUserName>
<CreateTime>1505614017</CreateTime>
<MsgType><![CDATA[event]]></MsgType>
<Event><![CDATA[unsubscribe]]></Event>
<EventKey><![CDATA[]]></EventKey>
</xml>

2017-09-17 11:30:12 trace :
------------
String:
<xml><ToUserName><![CDATA[gh_be7e4da020bc]]></ToUserName>
<FromUserName><![CDATA[oPtQ2wNUUy8j0Wkunv2HKcT7sg88]]></FromUserName>
<CreateTime>1505619012</CreateTime>
<MsgType><![CDATA[event]]></MsgType>
<Event><![CDATA[VIEW]]></Event>
<EventKey><![CDATA[http://www.gzqtbw.com/app/index.php?i=8&c=home&t=8]]></EventKey>
<MenuId>430931951</MenuId>
</xml>

2017-09-17 11:30:12 params :
------------
Array:
message : Array ;
module : basic ;
rule : 10 ;
priority : 0 ;
keyword : Array ;

2017-09-17 11:30:12 response :
------------
Array:
FromUserName : gh_be7e4da020bc ;
ToUserName : oPtQ2wNUUy8j0Wkunv2HKcT7sg88 ;
MsgType : text ;
Content : 欢迎关注美食广场微信公众号！ ;

2017-09-17 11:35:51 trace :
------------
String:
<xml><ToUserName><![CDATA[gh_be7e4da020bc]]></ToUserName>
<FromUserName><![CDATA[oPtQ2wNUUy8j0Wkunv2HKcT7sg88]]></FromUserName>
<CreateTime>1505619351</CreateTime>
<MsgType><![CDATA[event]]></MsgType>
<Event><![CDATA[VIEW]]></Event>
<EventKey><![CDATA[http://www.gzqtbw.com/app/index.php?i=8&c=home&t=8]]></EventKey>
<MenuId>430931951</MenuId>
</xml>

2017-09-17 11:35:51 params :
------------
Array:
message : Array ;
module : basic ;
rule : 10 ;
priority : 0 ;
keyword : Array ;

2017-09-17 11:35:51 response :
------------
Array:
FromUserName : gh_be7e4da020bc ;
ToUserName : oPtQ2wNUUy8j0Wkunv2HKcT7sg88 ;
MsgType : text ;
Content : 欢迎关注美食广场微信公众号！ ;

2017-09-17 12:00:20 trace :
------------
String:
<xml><ToUserName><![CDATA[gh_be7e4da020bc]]></ToUserName>
<FromUserName><![CDATA[oPtQ2wE-eEfQ9no5Eghnk5aKvIII]]></FromUserName>
<CreateTime>1505620820</CreateTime>
<MsgType><![CDATA[event]]></MsgType>
<Event><![CDATA[subscribe]]></Event>
<EventKey><![CDATA[]]></EventKey>
</xml>

2017-09-17 12:00:20 params :
------------
Array:
message : Array ;
module : basic ;
rule : 10 ;
priority : 0 ;
keyword : Array ;

2017-09-17 12:00:20 response :
------------
Array:
FromUserName : gh_be7e4da020bc ;
ToUserName : oPtQ2wE-eEfQ9no5Eghnk5aKvIII ;
MsgType : text ;
Content : 欢迎关注美食广场微信公众号！ ;

2017-09-17 13:05:13 trace :
------------
String:
<xml><ToUserName><![CDATA[gh_387f2586a480]]></ToUserName>
<FromUserName><![CDATA[oHlBev0lug-ldi5tJBg6tYQV4FAI]]></FromUserName>
<CreateTime>1505624713</CreateTime>
<MsgType><![CDATA[event]]></MsgType>
<Event><![CDATA[subscribe]]></Event>
<EventKey><![CDATA[]]></EventKey>
</xml>

2017-09-17 13:05:13 params :
------------
Array:
message : Array ;
module : basic ;
rule : 13 ;
priority : 0 ;
keyword : Array ;

2017-09-17 13:05:13 response :
------------
Array:
FromUserName : gh_387f2586a480 ;
ToUserName : oHlBev0lug-ldi5tJBg6tYQV4FAI ;
MsgType : text ;
Content : 欢迎关注李记梧桐人家微信公众号！ ;

2017-09-17 13:21:12 trace :
------------
String:
<xml><ToUserName><![CDATA[gh_be7e4da020bc]]></ToUserName>
<FromUserName><![CDATA[oPtQ2wPPt52rTjgsJfYp67frwakI]]></FromUserName>
<CreateTime>1505625671</CreateTime>
<MsgType><![CDATA[event]]></MsgType>
<Event><![CDATA[VIEW]]></Event>
<EventKey><![CDATA[http://www.gzqtbw.com/app/index.php?i=8&c=home&t=8]]></EventKey>
<MenuId>430931951</MenuId>
</xml>

2017-09-17 13:21:12 params :
------------
Array:
message : Array ;
module : basic ;
rule : 10 ;
priority : 0 ;
keyword : Array ;

2017-09-17 13:21:12 response :
------------
Array:
FromUserName : gh_be7e4da020bc ;
ToUserName : oPtQ2wPPt52rTjgsJfYp67frwakI ;
MsgType : text ;
Content : 欢迎关注美食广场微信公众号！ ;

2017-09-17 19:46:55 trace :
------------
String:
<xml><ToUserName><![CDATA[gh_9e16f2771397]]></ToUserName>
<FromUserName><![CDATA[oSSurv7PNPqFHgO7XpTFgQXGjlpo]]></FromUserName>
<CreateTime>1505648814</CreateTime>
<MsgType><![CDATA[event]]></MsgType>
<Event><![CDATA[unsubscribe]]></Event>
<EventKey><![CDATA[]]></EventKey>
</xml>

2017-09-17 21:21:56 trace :
------------
String:
<xml><ToUserName><![CDATA[gh_be7e4da020bc]]></ToUserName>
<FromUserName><![CDATA[oPtQ2wPeJub_El1kUpC4aBYAluSU]]></FromUserName>
<CreateTime>1505654516</CreateTime>
<MsgType><![CDATA[event]]></MsgType>
<Event><![CDATA[unsubscribe]]></Event>
<EventKey><![CDATA[]]></EventKey>
</xml>

2017-09-17 22:13:15 trace :
------------
String:
<xml><ToUserName><![CDATA[gh_be7e4da020bc]]></ToUserName>
<FromUserName><![CDATA[oPtQ2wF_aiL_TAN5oLKraW85PNR0]]></FromUserName>
<CreateTime>1505657595</CreateTime>
<MsgType><![CDATA[event]]></MsgType>
<Event><![CDATA[VIEW]]></Event>
<EventKey><![CDATA[http://www.gzqtbw.com/app/index.php?i=8&c=home&t=8]]></EventKey>
<MenuId>430931951</MenuId>
</xml>

2017-09-17 22:13:15 params :
------------
Array:
message : Array ;
module : basic ;
rule : 10 ;
priority : 0 ;
keyword : Array ;

2017-09-17 22:13:15 response :
------------
Array:
FromUserName : gh_be7e4da020bc ;
ToUserName : oPtQ2wF_aiL_TAN5oLKraW85PNR0 ;
MsgType : text ;
Content : 欢迎关注美食广场微信公众号！ ;

