2017-10-12 09:41:11 trace :
------------
String:
<xml><ToUserName><![CDATA[gh_387f2586a480]]></ToUserName>
<FromUserName><![CDATA[oHlBevxMb7N0IZDyMoSbC9GDle0Y]]></FromUserName>
<CreateTime>1507772471</CreateTime>
<MsgType><![CDATA[event]]></MsgType>
<Event><![CDATA[unsubscribe]]></Event>
<EventKey><![CDATA[]]></EventKey>
</xml>

2017-10-12 09:56:59 trace :
------------
String:
<xml><ToUserName><![CDATA[gh_be7e4da020bc]]></ToUserName>
<FromUserName><![CDATA[oPtQ2wMRHieYhQCmtQ2O7eXI7juw]]></FromUserName>
<CreateTime>1507773418</CreateTime>
<MsgType><![CDATA[event]]></MsgType>
<Event><![CDATA[subscribe]]></Event>
<EventKey><![CDATA[]]></EventKey>
</xml>

2017-10-12 09:56:59 params :
------------
Array:
message : Array ;
module : basic ;
rule : 10 ;
priority : 0 ;
keyword : Array ;

2017-10-12 09:56:59 response :
------------
Array:
FromUserName : gh_be7e4da020bc ;
ToUserName : oPtQ2wMRHieYhQCmtQ2O7eXI7juw ;
MsgType : text ;
Content : 欢迎关注美食广场微信公众号！ ;

2017-10-12 09:57:03 trace :
------------
String:
<xml><ToUserName><![CDATA[gh_be7e4da020bc]]></ToUserName>
<FromUserName><![CDATA[oPtQ2wMRHieYhQCmtQ2O7eXI7juw]]></FromUserName>
<CreateTime>1507773422</CreateTime>
<MsgType><![CDATA[event]]></MsgType>
<Event><![CDATA[VIEW]]></Event>
<EventKey><![CDATA[http://www.gzqtbw.com/app/index.php?i=8&c=home&t=8]]></EventKey>
<MenuId>430931951</MenuId>
</xml>

2017-10-12 09:57:03 params :
------------
Array:
message : Array ;
module : basic ;
rule : 10 ;
priority : 0 ;
keyword : Array ;

2017-10-12 09:57:03 response :
------------
Array:
FromUserName : gh_be7e4da020bc ;
ToUserName : oPtQ2wMRHieYhQCmtQ2O7eXI7juw ;
MsgType : text ;
Content : 欢迎关注美食广场微信公众号！ ;

2017-10-12 12:12:12 trace :
------------
String:
<xml><ToUserName><![CDATA[gh_be7e4da020bc]]></ToUserName>
<FromUserName><![CDATA[oPtQ2wDU2D5FYMf8MRAbxNHCUWnI]]></FromUserName>
<CreateTime>1507781532</CreateTime>
<MsgType><![CDATA[event]]></MsgType>
<Event><![CDATA[VIEW]]></Event>
<EventKey><![CDATA[http://www.gzqtbw.com/app/index.php?i=8&c=home&t=8]]></EventKey>
<MenuId>430931951</MenuId>
</xml>

2017-10-12 12:12:12 params :
------------
Array:
message : Array ;
module : basic ;
rule : 10 ;
priority : 0 ;
keyword : Array ;

2017-10-12 12:12:12 response :
------------
Array:
FromUserName : gh_be7e4da020bc ;
ToUserName : oPtQ2wDU2D5FYMf8MRAbxNHCUWnI ;
MsgType : text ;
Content : 欢迎关注美食广场微信公众号！ ;

2017-10-12 12:12:55 trace :
------------
String:
<xml><ToUserName><![CDATA[gh_be7e4da020bc]]></ToUserName>
<FromUserName><![CDATA[oPtQ2wDU2D5FYMf8MRAbxNHCUWnI]]></FromUserName>
<CreateTime>1507781575</CreateTime>
<MsgType><![CDATA[event]]></MsgType>
<Event><![CDATA[VIEW]]></Event>
<EventKey><![CDATA[http://www.gzqtbw.com/app/index.php?i=8&c=home&t=8]]></EventKey>
<MenuId>430931951</MenuId>
</xml>

2017-10-12 12:12:55 params :
------------
Array:
message : Array ;
module : basic ;
rule : 10 ;
priority : 0 ;
keyword : Array ;

2017-10-12 12:12:55 response :
------------
Array:
FromUserName : gh_be7e4da020bc ;
ToUserName : oPtQ2wDU2D5FYMf8MRAbxNHCUWnI ;
MsgType : text ;
Content : 欢迎关注美食广场微信公众号！ ;

2017-10-12 12:14:34 trace :
------------
String:
<xml><ToUserName><![CDATA[gh_be7e4da020bc]]></ToUserName>
<FromUserName><![CDATA[oPtQ2wDU2D5FYMf8MRAbxNHCUWnI]]></FromUserName>
<CreateTime>1507781674</CreateTime>
<MsgType><![CDATA[event]]></MsgType>
<Event><![CDATA[VIEW]]></Event>
<EventKey><![CDATA[http://www.gzqtbw.com/app/index.php?i=8&c=home&t=8]]></EventKey>
<MenuId>430931951</MenuId>
</xml>

2017-10-12 12:14:34 params :
------------
Array:
message : Array ;
module : basic ;
rule : 10 ;
priority : 0 ;
keyword : Array ;

2017-10-12 12:14:34 response :
------------
Array:
FromUserName : gh_be7e4da020bc ;
ToUserName : oPtQ2wDU2D5FYMf8MRAbxNHCUWnI ;
MsgType : text ;
Content : 欢迎关注美食广场微信公众号！ ;

2017-10-12 12:19:29 trace :
------------
String:
<xml><ToUserName><![CDATA[gh_be7e4da020bc]]></ToUserName>
<FromUserName><![CDATA[oPtQ2wDU2D5FYMf8MRAbxNHCUWnI]]></FromUserName>
<CreateTime>1507781969</CreateTime>
<MsgType><![CDATA[event]]></MsgType>
<Event><![CDATA[VIEW]]></Event>
<EventKey><![CDATA[http://www.gzqtbw.com/app/index.php?i=8&c=home&t=8]]></EventKey>
<MenuId>430931951</MenuId>
</xml>

2017-10-12 12:19:29 params :
------------
Array:
message : Array ;
module : basic ;
rule : 10 ;
priority : 0 ;
keyword : Array ;

2017-10-12 12:19:29 response :
------------
Array:
FromUserName : gh_be7e4da020bc ;
ToUserName : oPtQ2wDU2D5FYMf8MRAbxNHCUWnI ;
MsgType : text ;
Content : 欢迎关注美食广场微信公众号！ ;

2017-10-12 12:27:44 trace :
------------
String:
<xml><ToUserName><![CDATA[gh_be7e4da020bc]]></ToUserName>
<FromUserName><![CDATA[oPtQ2wDU2D5FYMf8MRAbxNHCUWnI]]></FromUserName>
<CreateTime>1507782463</CreateTime>
<MsgType><![CDATA[event]]></MsgType>
<Event><![CDATA[VIEW]]></Event>
<EventKey><![CDATA[http://www.gzqtbw.com/app/index.php?i=8&c=home&t=8]]></EventKey>
<MenuId>430931951</MenuId>
</xml>

2017-10-12 12:27:44 params :
------------
Array:
message : Array ;
module : basic ;
rule : 10 ;
priority : 0 ;
keyword : Array ;

2017-10-12 12:27:44 response :
------------
Array:
FromUserName : gh_be7e4da020bc ;
ToUserName : oPtQ2wDU2D5FYMf8MRAbxNHCUWnI ;
MsgType : text ;
Content : 欢迎关注美食广场微信公众号！ ;

2017-10-12 12:27:55 trace :
------------
String:
<xml><ToUserName><![CDATA[gh_be7e4da020bc]]></ToUserName>
<FromUserName><![CDATA[oPtQ2wMRHieYhQCmtQ2O7eXI7juw]]></FromUserName>
<CreateTime>1507782474</CreateTime>
<MsgType><![CDATA[event]]></MsgType>
<Event><![CDATA[VIEW]]></Event>
<EventKey><![CDATA[http://www.gzqtbw.com/app/index.php?i=8&c=home&t=8]]></EventKey>
<MenuId>430931951</MenuId>
</xml>

2017-10-12 12:27:55 params :
------------
Array:
message : Array ;
module : basic ;
rule : 10 ;
priority : 0 ;
keyword : Array ;

2017-10-12 12:27:55 response :
------------
Array:
FromUserName : gh_be7e4da020bc ;
ToUserName : oPtQ2wMRHieYhQCmtQ2O7eXI7juw ;
MsgType : text ;
Content : 欢迎关注美食广场微信公众号！ ;

2017-10-12 12:39:10 trace :
------------
String:
<xml><ToUserName><![CDATA[gh_be7e4da020bc]]></ToUserName>
<FromUserName><![CDATA[oPtQ2wF2BLgcGIWUUykAoNIbfuv0]]></FromUserName>
<CreateTime>1507783149</CreateTime>
<MsgType><![CDATA[event]]></MsgType>
<Event><![CDATA[VIEW]]></Event>
<EventKey><![CDATA[http://www.gzqtbw.com/app/index.php?i=8&c=home&t=8]]></EventKey>
<MenuId>430931951</MenuId>
</xml>

2017-10-12 12:39:10 params :
------------
Array:
message : Array ;
module : basic ;
rule : 10 ;
priority : 0 ;
keyword : Array ;

2017-10-12 12:39:10 response :
------------
Array:
FromUserName : gh_be7e4da020bc ;
ToUserName : oPtQ2wF2BLgcGIWUUykAoNIbfuv0 ;
MsgType : text ;
Content : 欢迎关注美食广场微信公众号！ ;

2017-10-12 12:40:11 trace :
------------
String:
<xml><ToUserName><![CDATA[gh_be7e4da020bc]]></ToUserName>
<FromUserName><![CDATA[oPtQ2wF2BLgcGIWUUykAoNIbfuv0]]></FromUserName>
<CreateTime>1507783210</CreateTime>
<MsgType><![CDATA[event]]></MsgType>
<Event><![CDATA[VIEW]]></Event>
<EventKey><![CDATA[http://www.gzqtbw.com/app/index.php?i=8&c=home&t=8]]></EventKey>
<MenuId>430931951</MenuId>
</xml>

2017-10-12 12:40:11 params :
------------
Array:
message : Array ;
module : basic ;
rule : 10 ;
priority : 0 ;
keyword : Array ;

2017-10-12 12:40:11 response :
------------
Array:
FromUserName : gh_be7e4da020bc ;
ToUserName : oPtQ2wF2BLgcGIWUUykAoNIbfuv0 ;
MsgType : text ;
Content : 欢迎关注美食广场微信公众号！ ;

2017-10-12 12:52:46 trace :
------------
String:
<xml><ToUserName><![CDATA[gh_3280735b50d8]]></ToUserName>
<FromUserName><![CDATA[oyWTK1OPzt4K1ZVsgfwDmosdmjzE]]></FromUserName>
<CreateTime>1507783965</CreateTime>
<MsgType><![CDATA[event]]></MsgType>
<Event><![CDATA[subscribe]]></Event>
<EventKey><![CDATA[]]></EventKey>
</xml>

2017-10-12 12:52:46 params :
------------
Array:
message : Array ;
module : basic ;
rule : 11 ;
priority : 0 ;
keyword : Array ;

2017-10-12 12:52:46 response :
------------
Array:
FromUserName : gh_3280735b50d8 ;
ToUserName : oyWTK1OPzt4K1ZVsgfwDmosdmjzE ;
MsgType : text ;
Content : 欢迎关注黔满园荣贵微信公众号！ ;

2017-10-12 12:54:05 trace :
------------
String:
<xml><ToUserName><![CDATA[gh_be7e4da020bc]]></ToUserName>
<FromUserName><![CDATA[oPtQ2wMRHieYhQCmtQ2O7eXI7juw]]></FromUserName>
<CreateTime>1507784045</CreateTime>
<MsgType><![CDATA[event]]></MsgType>
<Event><![CDATA[VIEW]]></Event>
<EventKey><![CDATA[http://www.gzqtbw.com/app/index.php?i=8&c=home&t=8]]></EventKey>
<MenuId>430931951</MenuId>
</xml>

2017-10-12 12:54:05 params :
------------
Array:
message : Array ;
module : basic ;
rule : 10 ;
priority : 0 ;
keyword : Array ;

2017-10-12 12:54:05 response :
------------
Array:
FromUserName : gh_be7e4da020bc ;
ToUserName : oPtQ2wMRHieYhQCmtQ2O7eXI7juw ;
MsgType : text ;
Content : 欢迎关注美食广场微信公众号！ ;

2017-10-12 12:59:45 trace :
------------
String:
<xml><ToUserName><![CDATA[gh_be7e4da020bc]]></ToUserName>
<FromUserName><![CDATA[oPtQ2wMRHieYhQCmtQ2O7eXI7juw]]></FromUserName>
<CreateTime>1507784385</CreateTime>
<MsgType><![CDATA[event]]></MsgType>
<Event><![CDATA[VIEW]]></Event>
<EventKey><![CDATA[http://www.gzqtbw.com/app/index.php?i=8&c=home&t=8]]></EventKey>
<MenuId>430931951</MenuId>
</xml>

2017-10-12 12:59:45 params :
------------
Array:
message : Array ;
module : basic ;
rule : 10 ;
priority : 0 ;
keyword : Array ;

2017-10-12 12:59:45 response :
------------
Array:
FromUserName : gh_be7e4da020bc ;
ToUserName : oPtQ2wMRHieYhQCmtQ2O7eXI7juw ;
MsgType : text ;
Content : 欢迎关注美食广场微信公众号！ ;

2017-10-12 13:05:42 trace :
------------
String:
<xml><ToUserName><![CDATA[gh_be7e4da020bc]]></ToUserName>
<FromUserName><![CDATA[oPtQ2wMRHieYhQCmtQ2O7eXI7juw]]></FromUserName>
<CreateTime>1507784741</CreateTime>
<MsgType><![CDATA[event]]></MsgType>
<Event><![CDATA[VIEW]]></Event>
<EventKey><![CDATA[http://www.gzqtbw.com/app/index.php?i=8&c=home&t=8]]></EventKey>
<MenuId>430931951</MenuId>
</xml>

2017-10-12 13:05:42 params :
------------
Array:
message : Array ;
module : basic ;
rule : 10 ;
priority : 0 ;
keyword : Array ;

2017-10-12 13:05:42 response :
------------
Array:
FromUserName : gh_be7e4da020bc ;
ToUserName : oPtQ2wMRHieYhQCmtQ2O7eXI7juw ;
MsgType : text ;
Content : 欢迎关注美食广场微信公众号！ ;

2017-10-12 13:11:52 trace :
------------
String:
<xml><ToUserName><![CDATA[gh_be7e4da020bc]]></ToUserName>
<FromUserName><![CDATA[oPtQ2wDU2D5FYMf8MRAbxNHCUWnI]]></FromUserName>
<CreateTime>1507785111</CreateTime>
<MsgType><![CDATA[event]]></MsgType>
<Event><![CDATA[VIEW]]></Event>
<EventKey><![CDATA[http://www.gzqtbw.com/app/index.php?i=8&c=home&t=8]]></EventKey>
<MenuId>430931951</MenuId>
</xml>

2017-10-12 13:11:52 params :
------------
Array:
message : Array ;
module : basic ;
rule : 10 ;
priority : 0 ;
keyword : Array ;

2017-10-12 13:11:52 response :
------------
Array:
FromUserName : gh_be7e4da020bc ;
ToUserName : oPtQ2wDU2D5FYMf8MRAbxNHCUWnI ;
MsgType : text ;
Content : 欢迎关注美食广场微信公众号！ ;

2017-10-12 13:37:25 trace :
------------
String:
<xml><ToUserName><![CDATA[gh_be7e4da020bc]]></ToUserName>
<FromUserName><![CDATA[oPtQ2wHM_I7tLNhH1q1QT93rLsjM]]></FromUserName>
<CreateTime>1507786645</CreateTime>
<MsgType><![CDATA[event]]></MsgType>
<Event><![CDATA[subscribe]]></Event>
<EventKey><![CDATA[]]></EventKey>
</xml>

2017-10-12 13:37:25 params :
------------
Array:
message : Array ;
module : basic ;
rule : 10 ;
priority : 0 ;
keyword : Array ;

2017-10-12 13:37:25 response :
------------
Array:
FromUserName : gh_be7e4da020bc ;
ToUserName : oPtQ2wHM_I7tLNhH1q1QT93rLsjM ;
MsgType : text ;
Content : 欢迎关注美食广场微信公众号！ ;

2017-10-12 13:50:05 trace :
------------
String:
<xml><ToUserName><![CDATA[gh_3280735b50d8]]></ToUserName>
<FromUserName><![CDATA[oyWTK1Dq9Jn-UwQWb51OpcPbQCsM]]></FromUserName>
<CreateTime>1507787404</CreateTime>
<MsgType><![CDATA[event]]></MsgType>
<Event><![CDATA[subscribe]]></Event>
<EventKey><![CDATA[]]></EventKey>
</xml>

2017-10-12 13:50:05 params :
------------
Array:
message : Array ;
module : basic ;
rule : 11 ;
priority : 0 ;
keyword : Array ;

2017-10-12 13:50:05 response :
------------
Array:
FromUserName : gh_3280735b50d8 ;
ToUserName : oyWTK1Dq9Jn-UwQWb51OpcPbQCsM ;
MsgType : text ;
Content : 欢迎关注黔满园荣贵微信公众号！ ;

2017-10-12 14:08:41 trace :
------------
String:
<xml><ToUserName><![CDATA[gh_3280735b50d8]]></ToUserName>
<FromUserName><![CDATA[oyWTK1NsgV-kWzPzmte3GpZ7RRHE]]></FromUserName>
<CreateTime>1507788520</CreateTime>
<MsgType><![CDATA[event]]></MsgType>
<Event><![CDATA[subscribe]]></Event>
<EventKey><![CDATA[]]></EventKey>
</xml>

2017-10-12 14:08:41 params :
------------
Array:
message : Array ;
module : basic ;
rule : 11 ;
priority : 0 ;
keyword : Array ;

2017-10-12 14:08:41 response :
------------
Array:
FromUserName : gh_3280735b50d8 ;
ToUserName : oyWTK1NsgV-kWzPzmte3GpZ7RRHE ;
MsgType : text ;
Content : 欢迎关注黔满园荣贵微信公众号！ ;

2017-10-12 14:46:21 trace :
------------
String:
<xml><ToUserName><![CDATA[gh_3280735b50d8]]></ToUserName>
<FromUserName><![CDATA[oyWTK1GIF3Lnq5B0ZJs_Z2SKrIik]]></FromUserName>
<CreateTime>1507790780</CreateTime>
<MsgType><![CDATA[event]]></MsgType>
<Event><![CDATA[subscribe]]></Event>
<EventKey><![CDATA[]]></EventKey>
</xml>

2017-10-12 14:46:21 params :
------------
Array:
message : Array ;
module : basic ;
rule : 11 ;
priority : 0 ;
keyword : Array ;

2017-10-12 14:46:21 response :
------------
Array:
FromUserName : gh_3280735b50d8 ;
ToUserName : oyWTK1GIF3Lnq5B0ZJs_Z2SKrIik ;
MsgType : text ;
Content : 欢迎关注黔满园荣贵微信公众号！ ;

2017-10-12 20:54:14 trace :
------------
String:
<xml><ToUserName><![CDATA[gh_3280735b50d8]]></ToUserName>
<FromUserName><![CDATA[oyWTK1Gi4PPS9w_arG8z3o6J77tg]]></FromUserName>
<CreateTime>1507812853</CreateTime>
<MsgType><![CDATA[event]]></MsgType>
<Event><![CDATA[subscribe]]></Event>
<EventKey><![CDATA[]]></EventKey>
</xml>

2017-10-12 20:54:14 params :
------------
Array:
message : Array ;
module : basic ;
rule : 11 ;
priority : 0 ;
keyword : Array ;

2017-10-12 20:54:14 response :
------------
Array:
FromUserName : gh_3280735b50d8 ;
ToUserName : oyWTK1Gi4PPS9w_arG8z3o6J77tg ;
MsgType : text ;
Content : 欢迎关注黔满园荣贵微信公众号！ ;

2017-10-12 21:06:37 trace :
------------
String:
<xml><ToUserName><![CDATA[gh_3280735b50d8]]></ToUserName>
<FromUserName><![CDATA[oyWTK1MCyhTXRB6VKf9c3ZqkglK4]]></FromUserName>
<CreateTime>1507813597</CreateTime>
<MsgType><![CDATA[event]]></MsgType>
<Event><![CDATA[subscribe]]></Event>
<EventKey><![CDATA[]]></EventKey>
</xml>

2017-10-12 21:06:37 params :
------------
Array:
message : Array ;
module : basic ;
rule : 11 ;
priority : 0 ;
keyword : Array ;

2017-10-12 21:06:37 response :
------------
Array:
FromUserName : gh_3280735b50d8 ;
ToUserName : oyWTK1MCyhTXRB6VKf9c3ZqkglK4 ;
MsgType : text ;
Content : 欢迎关注黔满园荣贵微信公众号！ ;

2017-10-12 21:25:47 trace :
------------
String:
<xml><ToUserName><![CDATA[gh_387f2586a480]]></ToUserName>
<FromUserName><![CDATA[oHlBev2uqq7lvd4JHE7rWgRelZ5o]]></FromUserName>
<CreateTime>1507814746</CreateTime>
<MsgType><![CDATA[event]]></MsgType>
<Event><![CDATA[subscribe]]></Event>
<EventKey><![CDATA[]]></EventKey>
</xml>

2017-10-12 21:25:47 params :
------------
Array:
message : Array ;
module : basic ;
rule : 13 ;
priority : 0 ;
keyword : Array ;

2017-10-12 21:25:47 response :
------------
Array:
FromUserName : gh_387f2586a480 ;
ToUserName : oHlBev2uqq7lvd4JHE7rWgRelZ5o ;
MsgType : text ;
Content : 欢迎关注李记梧桐人家微信公众号！ ;

2017-10-12 21:25:51 trace :
------------
String:
<xml><ToUserName><![CDATA[gh_387f2586a480]]></ToUserName>
<FromUserName><![CDATA[oHlBev2uqq7lvd4JHE7rWgRelZ5o]]></FromUserName>
<CreateTime>1507814750</CreateTime>
<MsgType><![CDATA[event]]></MsgType>
<Event><![CDATA[VIEW]]></Event>
<EventKey><![CDATA[http://www.gzqtbw.com/app/index.php?i=12&c=home&t=15]]></EventKey>
<MenuId>602413748</MenuId>
</xml>

2017-10-12 21:25:51 params :
------------
Array:
message : Array ;
module : basic ;
rule : 13 ;
priority : 0 ;
keyword : Array ;

2017-10-12 21:25:51 response :
------------
Array:
FromUserName : gh_387f2586a480 ;
ToUserName : oHlBev2uqq7lvd4JHE7rWgRelZ5o ;
MsgType : text ;
Content : 欢迎关注李记梧桐人家微信公众号！ ;

