2017-08-20 11:44:30 trace :
------------
String:
<xml><ToUserName><![CDATA[gh_be7e4da020bc]]></ToUserName>
<FromUserName><![CDATA[oPtQ2wHAcvPaOgweSjfjJljErV1k]]></FromUserName>
<CreateTime>1503200669</CreateTime>
<MsgType><![CDATA[event]]></MsgType>
<Event><![CDATA[VIEW]]></Event>
<EventKey><![CDATA[http://www.gzqtbw.com/app/index.php?i=8&c=home&t=8]]></EventKey>
<MenuId>430931951</MenuId>
</xml>

2017-08-20 11:44:30 params :
------------
Array:
message : Array ;
module : basic ;
rule : 10 ;
priority : 0 ;
keyword : Array ;

2017-08-20 11:44:30 response :
------------
Array:
FromUserName : gh_be7e4da020bc ;
ToUserName : oPtQ2wHAcvPaOgweSjfjJljErV1k ;
MsgType : text ;
Content : 欢迎关注美食广场微信公众号！ ;

2017-08-20 12:09:51 trace :
------------
String:
<xml><ToUserName><![CDATA[gh_be7e4da020bc]]></ToUserName>
<FromUserName><![CDATA[oPtQ2wKI66oFGfAV3TVozXGTJuNE]]></FromUserName>
<CreateTime>1503202191</CreateTime>
<MsgType><![CDATA[event]]></MsgType>
<Event><![CDATA[VIEW]]></Event>
<EventKey><![CDATA[http://www.gzqtbw.com/app/index.php?i=8&c=home&t=8]]></EventKey>
<MenuId>430931951</MenuId>
</xml>

2017-08-20 12:09:51 params :
------------
Array:
message : Array ;
module : basic ;
rule : 10 ;
priority : 0 ;
keyword : Array ;

2017-08-20 12:09:51 response :
------------
Array:
FromUserName : gh_be7e4da020bc ;
ToUserName : oPtQ2wKI66oFGfAV3TVozXGTJuNE ;
MsgType : text ;
Content : 欢迎关注美食广场微信公众号！ ;

2017-08-20 12:48:29 trace :
------------
String:
<xml><ToUserName><![CDATA[gh_be7e4da020bc]]></ToUserName>
<FromUserName><![CDATA[oPtQ2wF_aiL_TAN5oLKraW85PNR0]]></FromUserName>
<CreateTime>1503204508</CreateTime>
<MsgType><![CDATA[event]]></MsgType>
<Event><![CDATA[VIEW]]></Event>
<EventKey><![CDATA[http://www.gzqtbw.com/app/index.php?i=8&c=home&t=8]]></EventKey>
<MenuId>430931951</MenuId>
</xml>

2017-08-20 12:48:29 params :
------------
Array:
message : Array ;
module : basic ;
rule : 10 ;
priority : 0 ;
keyword : Array ;

2017-08-20 12:48:29 response :
------------
Array:
FromUserName : gh_be7e4da020bc ;
ToUserName : oPtQ2wF_aiL_TAN5oLKraW85PNR0 ;
MsgType : text ;
Content : 欢迎关注美食广场微信公众号！ ;

2017-08-20 22:05:42 trace :
------------
String:
<xml><ToUserName><![CDATA[gh_be7e4da020bc]]></ToUserName>
<FromUserName><![CDATA[oPtQ2wJzrNFoY_sBBEdQQh1ZBZ7c]]></FromUserName>
<CreateTime>1503237941</CreateTime>
<MsgType><![CDATA[event]]></MsgType>
<Event><![CDATA[VIEW]]></Event>
<EventKey><![CDATA[http://www.gzqtbw.com/app/index.php?i=8&c=home&t=8]]></EventKey>
<MenuId>430931951</MenuId>
</xml>

2017-08-20 22:05:42 params :
------------
Array:
message : Array ;
module : basic ;
rule : 10 ;
priority : 0 ;
keyword : Array ;

2017-08-20 22:05:42 response :
------------
Array:
FromUserName : gh_be7e4da020bc ;
ToUserName : oPtQ2wJzrNFoY_sBBEdQQh1ZBZ7c ;
MsgType : text ;
Content : 欢迎关注美食广场微信公众号！ ;

