2017-12-13 09:47:00 trace :
------------
String:
<xml><ToUserName><![CDATA[gh_be7e4da020bc]]></ToUserName>
<FromUserName><![CDATA[oPtQ2wJDQJoGgZhGiO9QlXfTS42c]]></FromUserName>
<CreateTime>1513129619</CreateTime>
<MsgType><![CDATA[event]]></MsgType>
<Event><![CDATA[VIEW]]></Event>
<EventKey><![CDATA[http://www.gzqtbw.com/app/index.php?i=8&c=home&t=8]]></EventKey>
<MenuId>430931951</MenuId>
</xml>

2017-12-13 09:47:00 params :
------------
Array:
message : Array ;
module : basic ;
rule : 10 ;
priority : 0 ;
keyword : Array ;

2017-12-13 09:47:00 response :
------------
Array:
FromUserName : gh_be7e4da020bc ;
ToUserName : oPtQ2wJDQJoGgZhGiO9QlXfTS42c ;
MsgType : text ;
Content : 欢迎关注美食广场微信公众号！ ;

2017-12-13 09:48:18 trace :
------------
String:
<xml><ToUserName><![CDATA[gh_be7e4da020bc]]></ToUserName>
<FromUserName><![CDATA[oPtQ2wEQAuxso4xE0yDkv5v-pLF8]]></FromUserName>
<CreateTime>1513129697</CreateTime>
<MsgType><![CDATA[event]]></MsgType>
<Event><![CDATA[VIEW]]></Event>
<EventKey><![CDATA[http://www.gzqtbw.com/app/index.php?i=8&c=home&t=8]]></EventKey>
<MenuId>430931951</MenuId>
</xml>

2017-12-13 09:48:18 params :
------------
Array:
message : Array ;
module : basic ;
rule : 10 ;
priority : 0 ;
keyword : Array ;

2017-12-13 09:48:18 response :
------------
Array:
FromUserName : gh_be7e4da020bc ;
ToUserName : oPtQ2wEQAuxso4xE0yDkv5v-pLF8 ;
MsgType : text ;
Content : 欢迎关注美食广场微信公众号！ ;

2017-12-13 10:15:47 trace :
------------
String:
<xml><ToUserName><![CDATA[gh_b6dd8949412a]]></ToUserName>
<FromUserName><![CDATA[osNo7w3nE8cwZy6jjFMNsGzNmMQ4]]></FromUserName>
<CreateTime>1513131347</CreateTime>
<MsgType><![CDATA[event]]></MsgType>
<Event><![CDATA[LOCATION]]></Event>
<Latitude>26.624716</Latitude>
<Longitude>106.643784</Longitude>
<Precision>30.000000</Precision>
</xml>

2017-12-13 10:15:47 params :
------------
Array:
message : Array ;
module : default ;
rule : -1 ;

2017-12-13 10:15:47 response :
------------
Array:
errno : -1 ;
message : Invaild value ;

2017-12-13 10:15:56 trace :
------------
String:
<xml><ToUserName><![CDATA[gh_b6dd8949412a]]></ToUserName>
<FromUserName><![CDATA[osNo7w3nE8cwZy6jjFMNsGzNmMQ4]]></FromUserName>
<CreateTime>1513131355</CreateTime>
<MsgType><![CDATA[event]]></MsgType>
<Event><![CDATA[LOCATION]]></Event>
<Latitude>26.624716</Latitude>
<Longitude>106.643806</Longitude>
<Precision>30.000000</Precision>
</xml>

2017-12-13 10:15:56 params :
------------
Array:
message : Array ;
module : default ;
rule : -1 ;

2017-12-13 10:15:56 response :
------------
Array:
errno : -1 ;
message : Invaild value ;

2017-12-13 10:16:06 trace :
------------
String:
<xml><ToUserName><![CDATA[gh_b6dd8949412a]]></ToUserName>
<FromUserName><![CDATA[osNo7w3nE8cwZy6jjFMNsGzNmMQ4]]></FromUserName>
<CreateTime>1513131366</CreateTime>
<MsgType><![CDATA[event]]></MsgType>
<Event><![CDATA[LOCATION]]></Event>
<Latitude>26.624716</Latitude>
<Longitude>106.643806</Longitude>
<Precision>30.000000</Precision>
</xml>

2017-12-13 10:16:06 params :
------------
Array:
message : Array ;
module : default ;
rule : -1 ;

2017-12-13 10:16:06 response :
------------
Array:
errno : -1 ;
message : Invaild value ;

2017-12-13 10:16:06 trace :
------------
String:
<xml><ToUserName><![CDATA[gh_b6dd8949412a]]></ToUserName>
<FromUserName><![CDATA[osNo7w3nE8cwZy6jjFMNsGzNmMQ4]]></FromUserName>
<CreateTime>1513131366</CreateTime>
<MsgType><![CDATA[event]]></MsgType>
<Event><![CDATA[LOCATION]]></Event>
<Latitude>26.624716</Latitude>
<Longitude>106.643806</Longitude>
<Precision>30.000000</Precision>
</xml>

2017-12-13 10:16:06 params :
------------
Array:
message : Array ;
module : default ;
rule : -1 ;

2017-12-13 10:16:06 response :
------------
Array:
errno : -1 ;
message : Invaild value ;

2017-12-13 10:17:17 trace :
------------
String:
<xml><ToUserName><![CDATA[gh_b6dd8949412a]]></ToUserName>
<FromUserName><![CDATA[osNo7w3nE8cwZy6jjFMNsGzNmMQ4]]></FromUserName>
<CreateTime>1513131436</CreateTime>
<MsgType><![CDATA[event]]></MsgType>
<Event><![CDATA[LOCATION]]></Event>
<Latitude>26.624710</Latitude>
<Longitude>106.643562</Longitude>
<Precision>30.000000</Precision>
</xml>

2017-12-13 10:17:17 params :
------------
Array:
message : Array ;
module : default ;
rule : -1 ;

2017-12-13 10:17:17 response :
------------
Array:
errno : -1 ;
message : Invaild value ;

2017-12-13 11:36:02 trace :
------------
String:
<xml><ToUserName><![CDATA[gh_be7e4da020bc]]></ToUserName>
<FromUserName><![CDATA[oPtQ2wENppGM2KNs5r9MDvMey27Y]]></FromUserName>
<CreateTime>1513136162</CreateTime>
<MsgType><![CDATA[event]]></MsgType>
<Event><![CDATA[VIEW]]></Event>
<EventKey><![CDATA[http://www.gzqtbw.com/app/index.php?i=8&c=home&t=8]]></EventKey>
<MenuId>430931951</MenuId>
</xml>

2017-12-13 11:36:02 params :
------------
Array:
message : Array ;
module : basic ;
rule : 10 ;
priority : 0 ;
keyword : Array ;

2017-12-13 11:36:02 response :
------------
Array:
FromUserName : gh_be7e4da020bc ;
ToUserName : oPtQ2wENppGM2KNs5r9MDvMey27Y ;
MsgType : text ;
Content : 欢迎关注美食广场微信公众号！ ;

2017-12-13 12:22:36 trace :
------------
String:
<xml><ToUserName><![CDATA[gh_be7e4da020bc]]></ToUserName>
<FromUserName><![CDATA[oPtQ2wCNlzWQLnfHnn2USSVJxYQs]]></FromUserName>
<CreateTime>1513138956</CreateTime>
<MsgType><![CDATA[event]]></MsgType>
<Event><![CDATA[VIEW]]></Event>
<EventKey><![CDATA[http://www.gzqtbw.com/app/index.php?i=8&c=home&t=8]]></EventKey>
<MenuId>430931951</MenuId>
</xml>

2017-12-13 12:22:36 params :
------------
Array:
message : Array ;
module : basic ;
rule : 10 ;
priority : 0 ;
keyword : Array ;

2017-12-13 12:22:36 response :
------------
Array:
FromUserName : gh_be7e4da020bc ;
ToUserName : oPtQ2wCNlzWQLnfHnn2USSVJxYQs ;
MsgType : text ;
Content : 欢迎关注美食广场微信公众号！ ;

2017-12-13 13:55:12 trace :
------------
String:
<xml><ToUserName><![CDATA[gh_be7e4da020bc]]></ToUserName>
<FromUserName><![CDATA[oPtQ2wNiUtHfIqhvw1LozDZtcgmU]]></FromUserName>
<CreateTime>1513144512</CreateTime>
<MsgType><![CDATA[event]]></MsgType>
<Event><![CDATA[VIEW]]></Event>
<EventKey><![CDATA[http://www.gzqtbw.com/app/index.php?i=8&c=home&t=8]]></EventKey>
<MenuId>430931951</MenuId>
</xml>

2017-12-13 13:55:12 params :
------------
Array:
message : Array ;
module : basic ;
rule : 10 ;
priority : 0 ;
keyword : Array ;

2017-12-13 13:55:12 response :
------------
Array:
FromUserName : gh_be7e4da020bc ;
ToUserName : oPtQ2wNiUtHfIqhvw1LozDZtcgmU ;
MsgType : text ;
Content : 欢迎关注美食广场微信公众号！ ;

2017-12-13 13:56:30 trace :
------------
String:
<xml><ToUserName><![CDATA[gh_be7e4da020bc]]></ToUserName>
<FromUserName><![CDATA[oPtQ2wNiUtHfIqhvw1LozDZtcgmU]]></FromUserName>
<CreateTime>1513144589</CreateTime>
<MsgType><![CDATA[event]]></MsgType>
<Event><![CDATA[VIEW]]></Event>
<EventKey><![CDATA[http://www.gzqtbw.com/app/index.php?i=8&c=home&t=8]]></EventKey>
<MenuId>430931951</MenuId>
</xml>

2017-12-13 13:56:30 params :
------------
Array:
message : Array ;
module : basic ;
rule : 10 ;
priority : 0 ;
keyword : Array ;

2017-12-13 13:56:30 response :
------------
Array:
FromUserName : gh_be7e4da020bc ;
ToUserName : oPtQ2wNiUtHfIqhvw1LozDZtcgmU ;
MsgType : text ;
Content : 欢迎关注美食广场微信公众号！ ;

2017-12-13 18:39:05 trace :
------------
String:
<xml><ToUserName><![CDATA[gh_b6dd8949412a]]></ToUserName>
<FromUserName><![CDATA[osNo7w3nE8cwZy6jjFMNsGzNmMQ4]]></FromUserName>
<CreateTime>1513161544</CreateTime>
<MsgType><![CDATA[event]]></MsgType>
<Event><![CDATA[LOCATION]]></Event>
<Latitude>26.574039</Latitude>
<Longitude>106.661163</Longitude>
<Precision>30.000000</Precision>
</xml>

2017-12-13 18:39:05 params :
------------
Array:
message : Array ;
module : default ;
rule : -1 ;

2017-12-13 18:39:05 response :
------------
Array:
errno : -1 ;
message : Invaild value ;

2017-12-13 19:50:34 trace :
------------
String:
<xml><ToUserName><![CDATA[gh_07a7ab1e550f]]></ToUserName>
<FromUserName><![CDATA[oBqpn1fMCqRMcCnuacuyK9alqMts]]></FromUserName>
<CreateTime>1513165833</CreateTime>
<MsgType><![CDATA[event]]></MsgType>
<Event><![CDATA[VIEW]]></Event>
<EventKey><![CDATA[http://www.gzqtbw.com/app/index.php?i=18&c=entry&do=shop&m=ewei_shop]]></EventKey>
<MenuId>441742328</MenuId>
</xml>

2017-12-13 19:50:34 params :
------------
Array:
message : Array ;
module : basic ;
rule : 20 ;
priority : 0 ;
keyword : Array ;

2017-12-13 19:50:34 response :
------------
Array:
FromUserName : gh_07a7ab1e550f ;
ToUserName : oBqpn1fMCqRMcCnuacuyK9alqMts ;
MsgType : text ;
Content : 感谢关注贵州罗甸红心火龙果/爱心 ;

