2017-10-02 08:31:08 trace :
------------
String:
<xml><ToUserName><![CDATA[gh_3280735b50d8]]></ToUserName>
<FromUserName><![CDATA[oyWTK1J6slvqzPf6UXSOprpHHBaw]]></FromUserName>
<CreateTime>1506904267</CreateTime>
<MsgType><![CDATA[event]]></MsgType>
<Event><![CDATA[unsubscribe]]></Event>
<EventKey><![CDATA[]]></EventKey>
</xml>

2017-10-02 10:24:10 trace :
------------
String:
<xml><ToUserName><![CDATA[gh_be7e4da020bc]]></ToUserName>
<FromUserName><![CDATA[oPtQ2wBTimcC29UTqBKpciU6jQgg]]></FromUserName>
<CreateTime>1506911050</CreateTime>
<MsgType><![CDATA[event]]></MsgType>
<Event><![CDATA[subscribe]]></Event>
<EventKey><![CDATA[]]></EventKey>
</xml>

2017-10-02 10:24:10 params :
------------
Array:
message : Array ;
module : basic ;
rule : 10 ;
priority : 0 ;
keyword : Array ;

2017-10-02 10:24:10 response :
------------
Array:
FromUserName : gh_be7e4da020bc ;
ToUserName : oPtQ2wBTimcC29UTqBKpciU6jQgg ;
MsgType : text ;
Content : 欢迎关注美食广场微信公众号！ ;

2017-10-02 11:08:03 trace :
------------
String:
<xml><ToUserName><![CDATA[gh_9e16f2771397]]></ToUserName>
<FromUserName><![CDATA[oSSurv-UkzrC-gIYAMZlDddQOHaE]]></FromUserName>
<CreateTime>1506913683</CreateTime>
<MsgType><![CDATA[event]]></MsgType>
<Event><![CDATA[CLICK]]></Event>
<EventKey><![CDATA[.]]></EventKey>
</xml>

2017-10-02 11:08:03 params :
------------
Array:
message : Array ;
module : basic ;
rule : 14 ;
priority : 0 ;
keyword : Array ;

2017-10-02 11:08:03 response :
------------
Array:
FromUserName : gh_9e16f2771397 ;
ToUserName : oSSurv-UkzrC-gIYAMZlDddQOHaE ;
MsgType : text ;
Content : 欢迎关注黔中一品酒楼微信公众号！ ;

2017-10-02 12:01:41 trace :
------------
String:
<xml><ToUserName><![CDATA[gh_be7e4da020bc]]></ToUserName>
<FromUserName><![CDATA[oPtQ2wKHv3f8fyZ6iXayhJ60sT8o]]></FromUserName>
<CreateTime>1506916901</CreateTime>
<MsgType><![CDATA[event]]></MsgType>
<Event><![CDATA[VIEW]]></Event>
<EventKey><![CDATA[http://www.gzqtbw.com/app/index.php?i=8&c=home&t=8]]></EventKey>
<MenuId>430931951</MenuId>
</xml>

2017-10-02 12:01:41 params :
------------
Array:
message : Array ;
module : basic ;
rule : 10 ;
priority : 0 ;
keyword : Array ;

2017-10-02 12:01:41 response :
------------
Array:
FromUserName : gh_be7e4da020bc ;
ToUserName : oPtQ2wKHv3f8fyZ6iXayhJ60sT8o ;
MsgType : text ;
Content : 欢迎关注美食广场微信公众号！ ;

2017-10-02 12:05:46 trace :
------------
String:
<xml><ToUserName><![CDATA[gh_be7e4da020bc]]></ToUserName>
<FromUserName><![CDATA[oPtQ2wBTimcC29UTqBKpciU6jQgg]]></FromUserName>
<CreateTime>1506917146</CreateTime>
<MsgType><![CDATA[event]]></MsgType>
<Event><![CDATA[VIEW]]></Event>
<EventKey><![CDATA[http://www.gzqtbw.com/app/index.php?i=8&c=home&t=8]]></EventKey>
<MenuId>430931951</MenuId>
</xml>

2017-10-02 12:05:46 params :
------------
Array:
message : Array ;
module : basic ;
rule : 10 ;
priority : 0 ;
keyword : Array ;

2017-10-02 12:05:46 response :
------------
Array:
FromUserName : gh_be7e4da020bc ;
ToUserName : oPtQ2wBTimcC29UTqBKpciU6jQgg ;
MsgType : text ;
Content : 欢迎关注美食广场微信公众号！ ;

2017-10-02 12:46:40 trace :
------------
String:
<xml><ToUserName><![CDATA[gh_be7e4da020bc]]></ToUserName>
<FromUserName><![CDATA[oPtQ2wEa45Ky_WcXqSMvPdsuKCm4]]></FromUserName>
<CreateTime>1506919599</CreateTime>
<MsgType><![CDATA[event]]></MsgType>
<Event><![CDATA[subscribe]]></Event>
<EventKey><![CDATA[]]></EventKey>
</xml>

2017-10-02 12:46:40 params :
------------
Array:
message : Array ;
module : basic ;
rule : 10 ;
priority : 0 ;
keyword : Array ;

2017-10-02 12:46:40 response :
------------
Array:
FromUserName : gh_be7e4da020bc ;
ToUserName : oPtQ2wEa45Ky_WcXqSMvPdsuKCm4 ;
MsgType : text ;
Content : 欢迎关注美食广场微信公众号！ ;

2017-10-02 13:12:13 trace :
------------
String:
<xml><ToUserName><![CDATA[gh_be7e4da020bc]]></ToUserName>
<FromUserName><![CDATA[oPtQ2wEALR2PBng77abFTjZ-yqpg]]></FromUserName>
<CreateTime>1506921132</CreateTime>
<MsgType><![CDATA[event]]></MsgType>
<Event><![CDATA[VIEW]]></Event>
<EventKey><![CDATA[http://www.gzqtbw.com/app/index.php?i=8&c=home&t=8]]></EventKey>
<MenuId>430931951</MenuId>
</xml>

2017-10-02 13:12:13 params :
------------
Array:
message : Array ;
module : basic ;
rule : 10 ;
priority : 0 ;
keyword : Array ;

2017-10-02 13:12:13 response :
------------
Array:
FromUserName : gh_be7e4da020bc ;
ToUserName : oPtQ2wEALR2PBng77abFTjZ-yqpg ;
MsgType : text ;
Content : 欢迎关注美食广场微信公众号！ ;

2017-10-02 13:12:29 trace :
------------
String:
<xml><ToUserName><![CDATA[gh_be7e4da020bc]]></ToUserName>
<FromUserName><![CDATA[oPtQ2wEALR2PBng77abFTjZ-yqpg]]></FromUserName>
<CreateTime>1506921148</CreateTime>
<MsgType><![CDATA[event]]></MsgType>
<Event><![CDATA[VIEW]]></Event>
<EventKey><![CDATA[http://www.gzqtbw.com/app/index.php?i=8&c=home&t=8]]></EventKey>
<MenuId>430931951</MenuId>
</xml>

2017-10-02 13:12:29 params :
------------
Array:
message : Array ;
module : basic ;
rule : 10 ;
priority : 0 ;
keyword : Array ;

2017-10-02 13:12:29 response :
------------
Array:
FromUserName : gh_be7e4da020bc ;
ToUserName : oPtQ2wEALR2PBng77abFTjZ-yqpg ;
MsgType : text ;
Content : 欢迎关注美食广场微信公众号！ ;

2017-10-02 13:39:35 trace :
------------
String:
<xml><ToUserName><![CDATA[gh_be7e4da020bc]]></ToUserName>
<FromUserName><![CDATA[oPtQ2wLcfmjEAx8FOWUPW91JCDyM]]></FromUserName>
<CreateTime>1506922775</CreateTime>
<MsgType><![CDATA[event]]></MsgType>
<Event><![CDATA[VIEW]]></Event>
<EventKey><![CDATA[http://www.gzqtbw.com/app/index.php?i=8&c=home&t=8]]></EventKey>
<MenuId>430931951</MenuId>
</xml>

2017-10-02 13:39:35 params :
------------
Array:
message : Array ;
module : basic ;
rule : 10 ;
priority : 0 ;
keyword : Array ;

2017-10-02 13:39:35 response :
------------
Array:
FromUserName : gh_be7e4da020bc ;
ToUserName : oPtQ2wLcfmjEAx8FOWUPW91JCDyM ;
MsgType : text ;
Content : 欢迎关注美食广场微信公众号！ ;

2017-10-02 13:40:48 trace :
------------
String:
<xml><ToUserName><![CDATA[gh_be7e4da020bc]]></ToUserName>
<FromUserName><![CDATA[oPtQ2wLcfmjEAx8FOWUPW91JCDyM]]></FromUserName>
<CreateTime>1506922847</CreateTime>
<MsgType><![CDATA[event]]></MsgType>
<Event><![CDATA[VIEW]]></Event>
<EventKey><![CDATA[http://www.gzqtbw.com/app/index.php?i=8&c=home&t=8]]></EventKey>
<MenuId>430931951</MenuId>
</xml>

2017-10-02 13:40:48 params :
------------
Array:
message : Array ;
module : basic ;
rule : 10 ;
priority : 0 ;
keyword : Array ;

2017-10-02 13:40:48 response :
------------
Array:
FromUserName : gh_be7e4da020bc ;
ToUserName : oPtQ2wLcfmjEAx8FOWUPW91JCDyM ;
MsgType : text ;
Content : 欢迎关注美食广场微信公众号！ ;

2017-10-02 13:40:49 trace :
------------
String:
<xml><ToUserName><![CDATA[gh_be7e4da020bc]]></ToUserName>
<FromUserName><![CDATA[oPtQ2wLcfmjEAx8FOWUPW91JCDyM]]></FromUserName>
<CreateTime>1506922849</CreateTime>
<MsgType><![CDATA[event]]></MsgType>
<Event><![CDATA[VIEW]]></Event>
<EventKey><![CDATA[http://www.gzqtbw.com/app/index.php?i=8&c=home&t=8]]></EventKey>
<MenuId>430931951</MenuId>
</xml>

2017-10-02 13:40:49 params :
------------
Array:
message : Array ;
module : basic ;
rule : 10 ;
priority : 0 ;
keyword : Array ;

2017-10-02 13:40:49 response :
------------
Array:
FromUserName : gh_be7e4da020bc ;
ToUserName : oPtQ2wLcfmjEAx8FOWUPW91JCDyM ;
MsgType : text ;
Content : 欢迎关注美食广场微信公众号！ ;

2017-10-02 13:47:39 trace :
------------
String:
<xml><ToUserName><![CDATA[gh_be7e4da020bc]]></ToUserName>
<FromUserName><![CDATA[oPtQ2wLcfmjEAx8FOWUPW91JCDyM]]></FromUserName>
<CreateTime>1506923258</CreateTime>
<MsgType><![CDATA[event]]></MsgType>
<Event><![CDATA[VIEW]]></Event>
<EventKey><![CDATA[http://www.gzqtbw.com/app/index.php?i=8&c=home&t=8]]></EventKey>
<MenuId>430931951</MenuId>
</xml>

2017-10-02 13:47:39 params :
------------
Array:
message : Array ;
module : basic ;
rule : 10 ;
priority : 0 ;
keyword : Array ;

2017-10-02 13:47:39 response :
------------
Array:
FromUserName : gh_be7e4da020bc ;
ToUserName : oPtQ2wLcfmjEAx8FOWUPW91JCDyM ;
MsgType : text ;
Content : 欢迎关注美食广场微信公众号！ ;

2017-10-02 14:51:17 trace :
------------
String:
<xml><ToUserName><![CDATA[gh_be7e4da020bc]]></ToUserName>
<FromUserName><![CDATA[oPtQ2wLcfmjEAx8FOWUPW91JCDyM]]></FromUserName>
<CreateTime>1506927077</CreateTime>
<MsgType><![CDATA[event]]></MsgType>
<Event><![CDATA[VIEW]]></Event>
<EventKey><![CDATA[http://www.gzqtbw.com/app/index.php?i=8&c=home&t=8]]></EventKey>
<MenuId>430931951</MenuId>
</xml>

2017-10-02 14:51:17 params :
------------
Array:
message : Array ;
module : basic ;
rule : 10 ;
priority : 0 ;
keyword : Array ;

2017-10-02 14:51:17 response :
------------
Array:
FromUserName : gh_be7e4da020bc ;
ToUserName : oPtQ2wLcfmjEAx8FOWUPW91JCDyM ;
MsgType : text ;
Content : 欢迎关注美食广场微信公众号！ ;

2017-10-02 14:52:01 trace :
------------
String:
<xml><ToUserName><![CDATA[gh_be7e4da020bc]]></ToUserName>
<FromUserName><![CDATA[oPtQ2wLcfmjEAx8FOWUPW91JCDyM]]></FromUserName>
<CreateTime>1506927120</CreateTime>
<MsgType><![CDATA[event]]></MsgType>
<Event><![CDATA[VIEW]]></Event>
<EventKey><![CDATA[http://www.gzqtbw.com/app/index.php?i=8&c=home&t=8]]></EventKey>
<MenuId>430931951</MenuId>
</xml>

2017-10-02 14:52:01 params :
------------
Array:
message : Array ;
module : basic ;
rule : 10 ;
priority : 0 ;
keyword : Array ;

2017-10-02 14:52:01 response :
------------
Array:
FromUserName : gh_be7e4da020bc ;
ToUserName : oPtQ2wLcfmjEAx8FOWUPW91JCDyM ;
MsgType : text ;
Content : 欢迎关注美食广场微信公众号！ ;

2017-10-02 14:52:19 trace :
------------
String:
<xml><ToUserName><![CDATA[gh_be7e4da020bc]]></ToUserName>
<FromUserName><![CDATA[oPtQ2wLcfmjEAx8FOWUPW91JCDyM]]></FromUserName>
<CreateTime>1506927138</CreateTime>
<MsgType><![CDATA[event]]></MsgType>
<Event><![CDATA[VIEW]]></Event>
<EventKey><![CDATA[http://www.gzqtbw.com/app/index.php?i=8&c=home&t=8]]></EventKey>
<MenuId>430931951</MenuId>
</xml>

2017-10-02 14:52:19 params :
------------
Array:
message : Array ;
module : basic ;
rule : 10 ;
priority : 0 ;
keyword : Array ;

2017-10-02 14:52:19 response :
------------
Array:
FromUserName : gh_be7e4da020bc ;
ToUserName : oPtQ2wLcfmjEAx8FOWUPW91JCDyM ;
MsgType : text ;
Content : 欢迎关注美食广场微信公众号！ ;

2017-10-02 15:05:23 trace :
------------
String:
<xml><ToUserName><![CDATA[gh_3280735b50d8]]></ToUserName>
<FromUserName><![CDATA[oyWTK1NQszeBPfbhMC4pDCVVhdBc]]></FromUserName>
<CreateTime>1506927922</CreateTime>
<MsgType><![CDATA[event]]></MsgType>
<Event><![CDATA[subscribe]]></Event>
<EventKey><![CDATA[]]></EventKey>
</xml>

2017-10-02 15:05:23 params :
------------
Array:
message : Array ;
module : basic ;
rule : 11 ;
priority : 0 ;
keyword : Array ;

2017-10-02 15:05:23 response :
------------
Array:
FromUserName : gh_3280735b50d8 ;
ToUserName : oyWTK1NQszeBPfbhMC4pDCVVhdBc ;
MsgType : text ;
Content : 欢迎关注黔满园荣贵微信公众号！ ;

2017-10-02 15:31:31 trace :
------------
String:
<xml><ToUserName><![CDATA[gh_be7e4da020bc]]></ToUserName>
<FromUserName><![CDATA[oPtQ2wLcfmjEAx8FOWUPW91JCDyM]]></FromUserName>
<CreateTime>1506929491</CreateTime>
<MsgType><![CDATA[event]]></MsgType>
<Event><![CDATA[VIEW]]></Event>
<EventKey><![CDATA[http://www.gzqtbw.com/app/index.php?i=8&c=home&t=8]]></EventKey>
<MenuId>430931951</MenuId>
</xml>

2017-10-02 15:31:31 params :
------------
Array:
message : Array ;
module : basic ;
rule : 10 ;
priority : 0 ;
keyword : Array ;

2017-10-02 15:31:31 response :
------------
Array:
FromUserName : gh_be7e4da020bc ;
ToUserName : oPtQ2wLcfmjEAx8FOWUPW91JCDyM ;
MsgType : text ;
Content : 欢迎关注美食广场微信公众号！ ;

2017-10-02 17:21:49 trace :
------------
String:
<xml><ToUserName><![CDATA[gh_3280735b50d8]]></ToUserName>
<FromUserName><![CDATA[oyWTK1NQszeBPfbhMC4pDCVVhdBc]]></FromUserName>
<CreateTime>1506936108</CreateTime>
<MsgType><![CDATA[event]]></MsgType>
<Event><![CDATA[unsubscribe]]></Event>
<EventKey><![CDATA[]]></EventKey>
</xml>

2017-10-02 18:37:52 trace :
------------
String:
<xml><ToUserName><![CDATA[gh_3280735b50d8]]></ToUserName>
<FromUserName><![CDATA[oyWTK1OSHE_EdfJ4_tV9QYzOeerE]]></FromUserName>
<CreateTime>1506940671</CreateTime>
<MsgType><![CDATA[event]]></MsgType>
<Event><![CDATA[subscribe]]></Event>
<EventKey><![CDATA[]]></EventKey>
</xml>

2017-10-02 18:37:52 params :
------------
Array:
message : Array ;
module : basic ;
rule : 11 ;
priority : 0 ;
keyword : Array ;

2017-10-02 18:37:52 response :
------------
Array:
FromUserName : gh_3280735b50d8 ;
ToUserName : oyWTK1OSHE_EdfJ4_tV9QYzOeerE ;
MsgType : text ;
Content : 欢迎关注黔满园荣贵微信公众号！ ;

2017-10-02 19:00:55 trace :
------------
String:
<xml><ToUserName><![CDATA[gh_3280735b50d8]]></ToUserName>
<FromUserName><![CDATA[oyWTK1IVmGJdmXNIq_OaNERttrrY]]></FromUserName>
<CreateTime>1506942055</CreateTime>
<MsgType><![CDATA[event]]></MsgType>
<Event><![CDATA[subscribe]]></Event>
<EventKey><![CDATA[]]></EventKey>
</xml>

2017-10-02 19:00:55 params :
------------
Array:
message : Array ;
module : basic ;
rule : 11 ;
priority : 0 ;
keyword : Array ;

2017-10-02 19:00:55 response :
------------
Array:
FromUserName : gh_3280735b50d8 ;
ToUserName : oyWTK1IVmGJdmXNIq_OaNERttrrY ;
MsgType : text ;
Content : 欢迎关注黔满园荣贵微信公众号！ ;

2017-10-02 19:12:13 trace :
------------
String:
<xml><ToUserName><![CDATA[gh_3280735b50d8]]></ToUserName>
<FromUserName><![CDATA[oyWTK1HFzmuyIaPIMVwuGiTCz98M]]></FromUserName>
<CreateTime>1506942733</CreateTime>
<MsgType><![CDATA[event]]></MsgType>
<Event><![CDATA[subscribe]]></Event>
<EventKey><![CDATA[]]></EventKey>
</xml>

2017-10-02 19:12:13 params :
------------
Array:
message : Array ;
module : basic ;
rule : 11 ;
priority : 0 ;
keyword : Array ;

2017-10-02 19:12:13 response :
------------
Array:
FromUserName : gh_3280735b50d8 ;
ToUserName : oyWTK1HFzmuyIaPIMVwuGiTCz98M ;
MsgType : text ;
Content : 欢迎关注黔满园荣贵微信公众号！ ;

2017-10-02 19:14:44 trace :
------------
String:
<xml><ToUserName><![CDATA[gh_3280735b50d8]]></ToUserName>
<FromUserName><![CDATA[oyWTK1HFzmuyIaPIMVwuGiTCz98M]]></FromUserName>
<CreateTime>1506942884</CreateTime>
<MsgType><![CDATA[event]]></MsgType>
<Event><![CDATA[unsubscribe]]></Event>
<EventKey><![CDATA[]]></EventKey>
</xml>

2017-10-02 19:30:15 trace :
------------
String:
<xml><ToUserName><![CDATA[gh_be7e4da020bc]]></ToUserName>
<FromUserName><![CDATA[oPtQ2wLcfmjEAx8FOWUPW91JCDyM]]></FromUserName>
<CreateTime>1506943814</CreateTime>
<MsgType><![CDATA[event]]></MsgType>
<Event><![CDATA[VIEW]]></Event>
<EventKey><![CDATA[http://www.gzqtbw.com/app/index.php?i=8&c=home&t=8]]></EventKey>
<MenuId>430931951</MenuId>
</xml>

2017-10-02 19:30:15 params :
------------
Array:
message : Array ;
module : basic ;
rule : 10 ;
priority : 0 ;
keyword : Array ;

2017-10-02 19:30:15 response :
------------
Array:
FromUserName : gh_be7e4da020bc ;
ToUserName : oPtQ2wLcfmjEAx8FOWUPW91JCDyM ;
MsgType : text ;
Content : 欢迎关注美食广场微信公众号！ ;

2017-10-02 19:40:46 trace :
------------
String:
<xml><ToUserName><![CDATA[gh_3280735b50d8]]></ToUserName>
<FromUserName><![CDATA[oyWTK1J0yb6YrHZKWOLpHvE20TKw]]></FromUserName>
<CreateTime>1506944446</CreateTime>
<MsgType><![CDATA[event]]></MsgType>
<Event><![CDATA[subscribe]]></Event>
<EventKey><![CDATA[]]></EventKey>
</xml>

2017-10-02 19:40:46 params :
------------
Array:
message : Array ;
module : basic ;
rule : 11 ;
priority : 0 ;
keyword : Array ;

2017-10-02 19:40:46 response :
------------
Array:
FromUserName : gh_3280735b50d8 ;
ToUserName : oyWTK1J0yb6YrHZKWOLpHvE20TKw ;
MsgType : text ;
Content : 欢迎关注黔满园荣贵微信公众号！ ;

2017-10-02 19:48:58 trace :
------------
String:
<xml><ToUserName><![CDATA[gh_3280735b50d8]]></ToUserName>
<FromUserName><![CDATA[oyWTK1Oz8LqtYwJw-ag9d3kpqzbo]]></FromUserName>
<CreateTime>1506944938</CreateTime>
<MsgType><![CDATA[event]]></MsgType>
<Event><![CDATA[subscribe]]></Event>
<EventKey><![CDATA[]]></EventKey>
</xml>

2017-10-02 19:48:58 params :
------------
Array:
message : Array ;
module : basic ;
rule : 11 ;
priority : 0 ;
keyword : Array ;

2017-10-02 19:48:58 response :
------------
Array:
FromUserName : gh_3280735b50d8 ;
ToUserName : oyWTK1Oz8LqtYwJw-ag9d3kpqzbo ;
MsgType : text ;
Content : 欢迎关注黔满园荣贵微信公众号！ ;

2017-10-02 19:50:56 trace :
------------
String:
<xml><ToUserName><![CDATA[gh_3280735b50d8]]></ToUserName>
<FromUserName><![CDATA[oyWTK1OlRYRi4h5Gc8cbvkzEQvqA]]></FromUserName>
<CreateTime>1506945055</CreateTime>
<MsgType><![CDATA[event]]></MsgType>
<Event><![CDATA[subscribe]]></Event>
<EventKey><![CDATA[]]></EventKey>
</xml>

2017-10-02 19:50:56 params :
------------
Array:
message : Array ;
module : basic ;
rule : 11 ;
priority : 0 ;
keyword : Array ;

2017-10-02 19:50:56 response :
------------
Array:
FromUserName : gh_3280735b50d8 ;
ToUserName : oyWTK1OlRYRi4h5Gc8cbvkzEQvqA ;
MsgType : text ;
Content : 欢迎关注黔满园荣贵微信公众号！ ;

2017-10-02 19:52:58 trace :
------------
String:
<xml><ToUserName><![CDATA[gh_3280735b50d8]]></ToUserName>
<FromUserName><![CDATA[oyWTK1BEh78Z8kt37BIJdNnTEfZM]]></FromUserName>
<CreateTime>1506945178</CreateTime>
<MsgType><![CDATA[event]]></MsgType>
<Event><![CDATA[subscribe]]></Event>
<EventKey><![CDATA[]]></EventKey>
</xml>

2017-10-02 19:52:58 params :
------------
Array:
message : Array ;
module : basic ;
rule : 11 ;
priority : 0 ;
keyword : Array ;

2017-10-02 19:52:58 response :
------------
Array:
FromUserName : gh_3280735b50d8 ;
ToUserName : oyWTK1BEh78Z8kt37BIJdNnTEfZM ;
MsgType : text ;
Content : 欢迎关注黔满园荣贵微信公众号！ ;

2017-10-02 20:11:22 trace :
------------
String:
<xml><ToUserName><![CDATA[gh_3280735b50d8]]></ToUserName>
<FromUserName><![CDATA[oyWTK1NMEvBgJLib7SfUpVT4TS-M]]></FromUserName>
<CreateTime>1506946282</CreateTime>
<MsgType><![CDATA[event]]></MsgType>
<Event><![CDATA[subscribe]]></Event>
<EventKey><![CDATA[]]></EventKey>
</xml>

2017-10-02 20:11:22 params :
------------
Array:
message : Array ;
module : basic ;
rule : 11 ;
priority : 0 ;
keyword : Array ;

2017-10-02 20:11:22 response :
------------
Array:
FromUserName : gh_3280735b50d8 ;
ToUserName : oyWTK1NMEvBgJLib7SfUpVT4TS-M ;
MsgType : text ;
Content : 欢迎关注黔满园荣贵微信公众号！ ;

2017-10-02 20:26:13 trace :
------------
String:
<xml><ToUserName><![CDATA[gh_3280735b50d8]]></ToUserName>
<FromUserName><![CDATA[oyWTK1BEh78Z8kt37BIJdNnTEfZM]]></FromUserName>
<CreateTime>1506947173</CreateTime>
<MsgType><![CDATA[event]]></MsgType>
<Event><![CDATA[unsubscribe]]></Event>
<EventKey><![CDATA[]]></EventKey>
</xml>

2017-10-02 20:32:06 trace :
------------
String:
<xml><ToUserName><![CDATA[gh_3280735b50d8]]></ToUserName>
<FromUserName><![CDATA[oyWTK1LXMbdsR__4TiiHGIQjalnU]]></FromUserName>
<CreateTime>1506947526</CreateTime>
<MsgType><![CDATA[event]]></MsgType>
<Event><![CDATA[subscribe]]></Event>
<EventKey><![CDATA[]]></EventKey>
</xml>

2017-10-02 20:32:06 params :
------------
Array:
message : Array ;
module : basic ;
rule : 11 ;
priority : 0 ;
keyword : Array ;

2017-10-02 20:32:06 response :
------------
Array:
FromUserName : gh_3280735b50d8 ;
ToUserName : oyWTK1LXMbdsR__4TiiHGIQjalnU ;
MsgType : text ;
Content : 欢迎关注黔满园荣贵微信公众号！ ;

2017-10-02 21:47:50 trace :
------------
String:
<xml><ToUserName><![CDATA[gh_be7e4da020bc]]></ToUserName>
<FromUserName><![CDATA[oPtQ2wNiUtHfIqhvw1LozDZtcgmU]]></FromUserName>
<CreateTime>1506952070</CreateTime>
<MsgType><![CDATA[event]]></MsgType>
<Event><![CDATA[VIEW]]></Event>
<EventKey><![CDATA[http://www.gzqtbw.com/app/index.php?i=8&c=home&t=8]]></EventKey>
<MenuId>430931951</MenuId>
</xml>

2017-10-02 21:47:50 params :
------------
Array:
message : Array ;
module : basic ;
rule : 10 ;
priority : 0 ;
keyword : Array ;

2017-10-02 21:47:50 response :
------------
Array:
FromUserName : gh_be7e4da020bc ;
ToUserName : oPtQ2wNiUtHfIqhvw1LozDZtcgmU ;
MsgType : text ;
Content : 欢迎关注美食广场微信公众号！ ;

2017-10-02 21:47:53 trace :
------------
String:
<xml><ToUserName><![CDATA[gh_be7e4da020bc]]></ToUserName>
<FromUserName><![CDATA[oPtQ2wNiUtHfIqhvw1LozDZtcgmU]]></FromUserName>
<CreateTime>1506952073</CreateTime>
<MsgType><![CDATA[event]]></MsgType>
<Event><![CDATA[VIEW]]></Event>
<EventKey><![CDATA[http://www.gzqtbw.com/app/index.php?i=8&c=home&t=8]]></EventKey>
<MenuId>430931951</MenuId>
</xml>

2017-10-02 21:47:53 params :
------------
Array:
message : Array ;
module : basic ;
rule : 10 ;
priority : 0 ;
keyword : Array ;

2017-10-02 21:47:53 response :
------------
Array:
FromUserName : gh_be7e4da020bc ;
ToUserName : oPtQ2wNiUtHfIqhvw1LozDZtcgmU ;
MsgType : text ;
Content : 欢迎关注美食广场微信公众号！ ;

