2017-09-30 08:53:12 trace :
------------
String:
<xml><ToUserName><![CDATA[gh_be7e4da020bc]]></ToUserName>
<FromUserName><![CDATA[oPtQ2wARu0kVib0ZcXlRbq1E9dnM]]></FromUserName>
<CreateTime>1506732791</CreateTime>
<MsgType><![CDATA[event]]></MsgType>
<Event><![CDATA[subscribe]]></Event>
<EventKey><![CDATA[]]></EventKey>
</xml>

2017-09-30 08:53:12 params :
------------
Array:
message : Array ;
module : basic ;
rule : 10 ;
priority : 0 ;
keyword : Array ;

2017-09-30 08:53:12 response :
------------
Array:
FromUserName : gh_be7e4da020bc ;
ToUserName : oPtQ2wARu0kVib0ZcXlRbq1E9dnM ;
MsgType : text ;
Content : 欢迎关注美食广场微信公众号！ ;

2017-09-30 09:51:13 trace :
------------
String:
<xml><ToUserName><![CDATA[gh_3280735b50d8]]></ToUserName>
<FromUserName><![CDATA[oyWTK1NUzTKPXf36sB_FRxKmDLqI]]></FromUserName>
<CreateTime>1506736273</CreateTime>
<MsgType><![CDATA[event]]></MsgType>
<Event><![CDATA[MASSSENDJOBFINISH]]></Event>
<MsgID>1000000016</MsgID>
<Status><![CDATA[send success]]></Status>
<TotalCount>74</TotalCount>
<FilterCount>74</FilterCount>
<SentCount>74</SentCount>
<ErrorCount>0</ErrorCount>
<CopyrightCheckResult><Count>0</Count>
<ResultList></ResultList>
<CheckState>0</CheckState>
</CopyrightCheckResult>
</xml>

2017-09-30 09:51:13 params :
------------
Array:
message : Array ;
module : basic ;
rule : 11 ;
priority : 0 ;
keyword : Array ;

2017-09-30 09:51:13 response :
------------
Array:
FromUserName : gh_3280735b50d8 ;
ToUserName : oyWTK1NUzTKPXf36sB_FRxKmDLqI ;
MsgType : text ;
Content : 欢迎关注黔满园荣贵微信公众号！ ;

2017-09-30 13:09:17 trace :
------------
String:
<xml><ToUserName><![CDATA[gh_be7e4da020bc]]></ToUserName>
<FromUserName><![CDATA[oPtQ2wKHv3f8fyZ6iXayhJ60sT8o]]></FromUserName>
<CreateTime>1506748156</CreateTime>
<MsgType><![CDATA[event]]></MsgType>
<Event><![CDATA[VIEW]]></Event>
<EventKey><![CDATA[http://www.gzqtbw.com/app/index.php?i=8&c=home&t=8]]></EventKey>
<MenuId>430931951</MenuId>
</xml>

2017-09-30 13:09:17 params :
------------
Array:
message : Array ;
module : basic ;
rule : 10 ;
priority : 0 ;
keyword : Array ;

2017-09-30 13:09:17 response :
------------
Array:
FromUserName : gh_be7e4da020bc ;
ToUserName : oPtQ2wKHv3f8fyZ6iXayhJ60sT8o ;
MsgType : text ;
Content : 欢迎关注美食广场微信公众号！ ;

2017-09-30 13:15:34 trace :
------------
String:
<xml><ToUserName><![CDATA[gh_be7e4da020bc]]></ToUserName>
<FromUserName><![CDATA[oPtQ2wNiUtHfIqhvw1LozDZtcgmU]]></FromUserName>
<CreateTime>1506748533</CreateTime>
<MsgType><![CDATA[event]]></MsgType>
<Event><![CDATA[VIEW]]></Event>
<EventKey><![CDATA[http://www.gzqtbw.com/app/index.php?i=8&c=home&t=8]]></EventKey>
<MenuId>430931951</MenuId>
</xml>

2017-09-30 13:15:34 params :
------------
Array:
message : Array ;
module : basic ;
rule : 10 ;
priority : 0 ;
keyword : Array ;

2017-09-30 13:15:34 response :
------------
Array:
FromUserName : gh_be7e4da020bc ;
ToUserName : oPtQ2wNiUtHfIqhvw1LozDZtcgmU ;
MsgType : text ;
Content : 欢迎关注美食广场微信公众号！ ;

2017-09-30 13:18:18 trace :
------------
String:
<xml><ToUserName><![CDATA[gh_be7e4da020bc]]></ToUserName>
<FromUserName><![CDATA[oPtQ2wNiUtHfIqhvw1LozDZtcgmU]]></FromUserName>
<CreateTime>1506748698</CreateTime>
<MsgType><![CDATA[event]]></MsgType>
<Event><![CDATA[VIEW]]></Event>
<EventKey><![CDATA[http://www.gzqtbw.com/app/index.php?i=8&c=home&t=8]]></EventKey>
<MenuId>430931951</MenuId>
</xml>

2017-09-30 13:18:18 params :
------------
Array:
message : Array ;
module : basic ;
rule : 10 ;
priority : 0 ;
keyword : Array ;

2017-09-30 13:18:18 response :
------------
Array:
FromUserName : gh_be7e4da020bc ;
ToUserName : oPtQ2wNiUtHfIqhvw1LozDZtcgmU ;
MsgType : text ;
Content : 欢迎关注美食广场微信公众号！ ;

2017-09-30 13:21:27 trace :
------------
String:
<xml><ToUserName><![CDATA[gh_be7e4da020bc]]></ToUserName>
<FromUserName><![CDATA[oPtQ2wNiUtHfIqhvw1LozDZtcgmU]]></FromUserName>
<CreateTime>1506748886</CreateTime>
<MsgType><![CDATA[event]]></MsgType>
<Event><![CDATA[VIEW]]></Event>
<EventKey><![CDATA[http://www.gzqtbw.com/app/index.php?i=8&c=home&t=8]]></EventKey>
<MenuId>430931951</MenuId>
</xml>

2017-09-30 13:21:27 params :
------------
Array:
message : Array ;
module : basic ;
rule : 10 ;
priority : 0 ;
keyword : Array ;

2017-09-30 13:21:27 response :
------------
Array:
FromUserName : gh_be7e4da020bc ;
ToUserName : oPtQ2wNiUtHfIqhvw1LozDZtcgmU ;
MsgType : text ;
Content : 欢迎关注美食广场微信公众号！ ;

2017-09-30 13:22:17 trace :
------------
String:
<xml><ToUserName><![CDATA[gh_be7e4da020bc]]></ToUserName>
<FromUserName><![CDATA[oPtQ2wNiUtHfIqhvw1LozDZtcgmU]]></FromUserName>
<CreateTime>1506748937</CreateTime>
<MsgType><![CDATA[event]]></MsgType>
<Event><![CDATA[VIEW]]></Event>
<EventKey><![CDATA[http://www.gzqtbw.com/app/index.php?i=8&c=home&t=8]]></EventKey>
<MenuId>430931951</MenuId>
</xml>

2017-09-30 13:22:17 params :
------------
Array:
message : Array ;
module : basic ;
rule : 10 ;
priority : 0 ;
keyword : Array ;

2017-09-30 13:22:17 response :
------------
Array:
FromUserName : gh_be7e4da020bc ;
ToUserName : oPtQ2wNiUtHfIqhvw1LozDZtcgmU ;
MsgType : text ;
Content : 欢迎关注美食广场微信公众号！ ;

2017-09-30 13:25:04 trace :
------------
String:
<xml><ToUserName><![CDATA[gh_be7e4da020bc]]></ToUserName>
<FromUserName><![CDATA[oPtQ2wNiUtHfIqhvw1LozDZtcgmU]]></FromUserName>
<CreateTime>1506749104</CreateTime>
<MsgType><![CDATA[event]]></MsgType>
<Event><![CDATA[VIEW]]></Event>
<EventKey><![CDATA[http://www.gzqtbw.com/app/index.php?i=8&c=home&t=8]]></EventKey>
<MenuId>430931951</MenuId>
</xml>

2017-09-30 13:25:04 params :
------------
Array:
message : Array ;
module : basic ;
rule : 10 ;
priority : 0 ;
keyword : Array ;

2017-09-30 13:25:04 response :
------------
Array:
FromUserName : gh_be7e4da020bc ;
ToUserName : oPtQ2wNiUtHfIqhvw1LozDZtcgmU ;
MsgType : text ;
Content : 欢迎关注美食广场微信公众号！ ;

2017-09-30 13:25:22 trace :
------------
String:
<xml><ToUserName><![CDATA[gh_be7e4da020bc]]></ToUserName>
<FromUserName><![CDATA[oPtQ2wNiUtHfIqhvw1LozDZtcgmU]]></FromUserName>
<CreateTime>1506749121</CreateTime>
<MsgType><![CDATA[event]]></MsgType>
<Event><![CDATA[VIEW]]></Event>
<EventKey><![CDATA[http://www.gzqtbw.com/app/index.php?i=8&c=home&t=8]]></EventKey>
<MenuId>430931951</MenuId>
</xml>

2017-09-30 13:25:22 params :
------------
Array:
message : Array ;
module : basic ;
rule : 10 ;
priority : 0 ;
keyword : Array ;

2017-09-30 13:25:22 response :
------------
Array:
FromUserName : gh_be7e4da020bc ;
ToUserName : oPtQ2wNiUtHfIqhvw1LozDZtcgmU ;
MsgType : text ;
Content : 欢迎关注美食广场微信公众号！ ;

2017-09-30 13:29:34 trace :
------------
String:
<xml><ToUserName><![CDATA[gh_be7e4da020bc]]></ToUserName>
<FromUserName><![CDATA[oPtQ2wMlY5O76nh_Ikh8DNJjX5VE]]></FromUserName>
<CreateTime>1506749374</CreateTime>
<MsgType><![CDATA[event]]></MsgType>
<Event><![CDATA[VIEW]]></Event>
<EventKey><![CDATA[http://www.gzqtbw.com/app/index.php?i=8&c=home&t=8]]></EventKey>
<MenuId>430931951</MenuId>
</xml>

2017-09-30 13:29:34 params :
------------
Array:
message : Array ;
module : basic ;
rule : 10 ;
priority : 0 ;
keyword : Array ;

2017-09-30 13:29:34 response :
------------
Array:
FromUserName : gh_be7e4da020bc ;
ToUserName : oPtQ2wMlY5O76nh_Ikh8DNJjX5VE ;
MsgType : text ;
Content : 欢迎关注美食广场微信公众号！ ;

2017-09-30 14:31:27 trace :
------------
String:
<xml><ToUserName><![CDATA[gh_be7e4da020bc]]></ToUserName>
<FromUserName><![CDATA[oPtQ2wK2WU9vZtBJp9HxG8NSBsc8]]></FromUserName>
<CreateTime>1506753087</CreateTime>
<MsgType><![CDATA[event]]></MsgType>
<Event><![CDATA[VIEW]]></Event>
<EventKey><![CDATA[http://www.gzqtbw.com/app/index.php?i=8&c=site&a=site&do=detail&id=6]]></EventKey>
<MenuId>430931951</MenuId>
</xml>

2017-09-30 14:31:27 params :
------------
Array:
message : Array ;
module : basic ;
rule : 10 ;
priority : 0 ;
keyword : Array ;

2017-09-30 14:31:27 response :
------------
Array:
FromUserName : gh_be7e4da020bc ;
ToUserName : oPtQ2wK2WU9vZtBJp9HxG8NSBsc8 ;
MsgType : text ;
Content : 欢迎关注美食广场微信公众号！ ;

2017-09-30 14:31:30 trace :
------------
String:
<xml><ToUserName><![CDATA[gh_be7e4da020bc]]></ToUserName>
<FromUserName><![CDATA[oPtQ2wK2WU9vZtBJp9HxG8NSBsc8]]></FromUserName>
<CreateTime>1506753090</CreateTime>
<MsgType><![CDATA[event]]></MsgType>
<Event><![CDATA[VIEW]]></Event>
<EventKey><![CDATA[http://www.gzqtbw.com/app/index.php?i=8&c=home&t=8]]></EventKey>
<MenuId>430931951</MenuId>
</xml>

2017-09-30 14:31:30 params :
------------
Array:
message : Array ;
module : basic ;
rule : 10 ;
priority : 0 ;
keyword : Array ;

2017-09-30 14:31:30 response :
------------
Array:
FromUserName : gh_be7e4da020bc ;
ToUserName : oPtQ2wK2WU9vZtBJp9HxG8NSBsc8 ;
MsgType : text ;
Content : 欢迎关注美食广场微信公众号！ ;

2017-09-30 14:31:40 trace :
------------
String:
<xml><ToUserName><![CDATA[gh_be7e4da020bc]]></ToUserName>
<FromUserName><![CDATA[oPtQ2wK2WU9vZtBJp9HxG8NSBsc8]]></FromUserName>
<CreateTime>1506753100</CreateTime>
<MsgType><![CDATA[event]]></MsgType>
<Event><![CDATA[VIEW]]></Event>
<EventKey><![CDATA[http://www.gzqtbw.com/app/index.php?i=8&c=home&t=8]]></EventKey>
<MenuId>430931951</MenuId>
</xml>

2017-09-30 14:31:40 params :
------------
Array:
message : Array ;
module : basic ;
rule : 10 ;
priority : 0 ;
keyword : Array ;

2017-09-30 14:31:40 response :
------------
Array:
FromUserName : gh_be7e4da020bc ;
ToUserName : oPtQ2wK2WU9vZtBJp9HxG8NSBsc8 ;
MsgType : text ;
Content : 欢迎关注美食广场微信公众号！ ;

2017-09-30 15:07:29 trace :
------------
String:
<xml><ToUserName><![CDATA[gh_be7e4da020bc]]></ToUserName>
<FromUserName><![CDATA[oPtQ2wNiUtHfIqhvw1LozDZtcgmU]]></FromUserName>
<CreateTime>1506755249</CreateTime>
<MsgType><![CDATA[event]]></MsgType>
<Event><![CDATA[VIEW]]></Event>
<EventKey><![CDATA[http://www.gzqtbw.com/app/index.php?i=8&c=home&t=8]]></EventKey>
<MenuId>430931951</MenuId>
</xml>

2017-09-30 15:07:29 params :
------------
Array:
message : Array ;
module : basic ;
rule : 10 ;
priority : 0 ;
keyword : Array ;

2017-09-30 15:07:29 response :
------------
Array:
FromUserName : gh_be7e4da020bc ;
ToUserName : oPtQ2wNiUtHfIqhvw1LozDZtcgmU ;
MsgType : text ;
Content : 欢迎关注美食广场微信公众号！ ;

2017-09-30 17:57:12 trace :
------------
String:
<xml><ToUserName><![CDATA[gh_3280735b50d8]]></ToUserName>
<FromUserName><![CDATA[oyWTK1OLxaQ2AXCAGGsm-gaVsF78]]></FromUserName>
<CreateTime>1506765432</CreateTime>
<MsgType><![CDATA[event]]></MsgType>
<Event><![CDATA[VIEW]]></Event>
<EventKey><![CDATA[http://www.gzqtbw.com/app/index.php?i=10&c=home&t=12]]></EventKey>
<MenuId>427588424</MenuId>
</xml>

2017-09-30 17:57:12 params :
------------
Array:
message : Array ;
module : basic ;
rule : 11 ;
priority : 0 ;
keyword : Array ;

2017-09-30 17:57:12 response :
------------
Array:
FromUserName : gh_3280735b50d8 ;
ToUserName : oyWTK1OLxaQ2AXCAGGsm-gaVsF78 ;
MsgType : text ;
Content : 欢迎关注黔满园荣贵微信公众号！ ;

2017-09-30 17:57:30 trace :
------------
String:
<xml><ToUserName><![CDATA[gh_3280735b50d8]]></ToUserName>
<FromUserName><![CDATA[oyWTK1OLxaQ2AXCAGGsm-gaVsF78]]></FromUserName>
<CreateTime>1506765450</CreateTime>
<MsgType><![CDATA[event]]></MsgType>
<Event><![CDATA[VIEW]]></Event>
<EventKey><![CDATA[http://www.gzqtbw.com/app/index.php?i=10&c=home&t=12]]></EventKey>
<MenuId>427588424</MenuId>
</xml>

2017-09-30 17:57:30 params :
------------
Array:
message : Array ;
module : basic ;
rule : 11 ;
priority : 0 ;
keyword : Array ;

2017-09-30 17:57:30 response :
------------
Array:
FromUserName : gh_3280735b50d8 ;
ToUserName : oyWTK1OLxaQ2AXCAGGsm-gaVsF78 ;
MsgType : text ;
Content : 欢迎关注黔满园荣贵微信公众号！ ;

2017-09-30 19:09:00 trace :
------------
String:
<xml><ToUserName><![CDATA[gh_3280735b50d8]]></ToUserName>
<FromUserName><![CDATA[oyWTK1Cd7dgwTR7UrUNAsENQGMIk]]></FromUserName>
<CreateTime>1506769739</CreateTime>
<MsgType><![CDATA[event]]></MsgType>
<Event><![CDATA[VIEW]]></Event>
<EventKey><![CDATA[http://www.gzqtbw.com/app/index.php?i=10&c=mc&a=card&do=sign_display&]]></EventKey>
<MenuId>427588424</MenuId>
</xml>

2017-09-30 19:09:00 params :
------------
Array:
message : Array ;
module : basic ;
rule : 11 ;
priority : 0 ;
keyword : Array ;

2017-09-30 19:09:00 response :
------------
Array:
FromUserName : gh_3280735b50d8 ;
ToUserName : oyWTK1Cd7dgwTR7UrUNAsENQGMIk ;
MsgType : text ;
Content : 欢迎关注黔满园荣贵微信公众号！ ;

2017-09-30 21:19:10 trace :
------------
String:
<xml><ToUserName><![CDATA[gh_9e16f2771397]]></ToUserName>
<FromUserName><![CDATA[oSSurvzsOqEkMJzhSnbvTWx71TYQ]]></FromUserName>
<CreateTime>1506777550</CreateTime>
<MsgType><![CDATA[event]]></MsgType>
<Event><![CDATA[LOCATION]]></Event>
<Latitude>26.584269</Latitude>
<Longitude>106.679161</Longitude>
<Precision>65.000000</Precision>
</xml>

2017-09-30 21:19:10 params :
------------
Array:
message : Array ;
module : default ;
rule : -1 ;

2017-09-30 21:19:10 response :
------------
Array:
errno : -1 ;
message : Invaild value ;

