2017-09-08 08:17:32 trace :
------------
String:
<xml><ToUserName><![CDATA[gh_9e16f2771397]]></ToUserName>
<FromUserName><![CDATA[oSSurv2nmg6z0ipM5HSxHUmH9RSM]]></FromUserName>
<CreateTime>1504829851</CreateTime>
<MsgType><![CDATA[event]]></MsgType>
<Event><![CDATA[unsubscribe]]></Event>
<EventKey><![CDATA[]]></EventKey>
</xml>

2017-09-08 08:17:39 trace :
------------
String:
<xml><ToUserName><![CDATA[gh_387f2586a480]]></ToUserName>
<FromUserName><![CDATA[oHlBev6a4A9ZHZP0UZbj_zCJD7nk]]></FromUserName>
<CreateTime>1504829859</CreateTime>
<MsgType><![CDATA[event]]></MsgType>
<Event><![CDATA[unsubscribe]]></Event>
<EventKey><![CDATA[]]></EventKey>
</xml>

2017-09-08 08:17:48 trace :
------------
String:
<xml><ToUserName><![CDATA[gh_3280735b50d8]]></ToUserName>
<FromUserName><![CDATA[oyWTK1FyUKxrS3LZcNc7fvgn7yBo]]></FromUserName>
<CreateTime>1504829867</CreateTime>
<MsgType><![CDATA[event]]></MsgType>
<Event><![CDATA[unsubscribe]]></Event>
<EventKey><![CDATA[]]></EventKey>
</xml>

2017-09-08 08:43:54 trace :
------------
String:
<xml><ToUserName><![CDATA[gh_9e16f2771397]]></ToUserName>
<FromUserName><![CDATA[oSSurv4Ds-0y5e71J2LjVHogql1o]]></FromUserName>
<CreateTime>1504831433</CreateTime>
<MsgType><![CDATA[text]]></MsgType>
<Content><![CDATA[1]]></Content>
<MsgId>6463201791186346925</MsgId>
</xml>

2017-09-08 08:43:54 params :
------------
Array:
message : Array ;
module : basic ;
rule : 14 ;
priority : 0 ;
keyword : Array ;

2017-09-08 08:43:54 response :
------------
Array:
FromUserName : gh_9e16f2771397 ;
ToUserName : oSSurv4Ds-0y5e71J2LjVHogql1o ;
MsgType : text ;
Content : 欢迎关注黔中一品酒楼微信公众号！ ;

2017-09-08 08:44:17 trace :
------------
String:
<xml><ToUserName><![CDATA[gh_9e16f2771397]]></ToUserName>
<FromUserName><![CDATA[oSSurv4Ds-0y5e71J2LjVHogql1o]]></FromUserName>
<CreateTime>1504831456</CreateTime>
<MsgType><![CDATA[event]]></MsgType>
<Event><![CDATA[LOCATION]]></Event>
<Latitude>26.585344</Latitude>
<Longitude>106.676620</Longitude>
<Precision>30.000000</Precision>
</xml>

2017-09-08 08:44:17 params :
------------
Array:
message : Array ;
module : default ;
rule : -1 ;

2017-09-08 08:44:17 response :
------------
Array:
errno : -1 ;
message : Invaild value ;

2017-09-08 08:51:26 trace :
------------
String:
<xml><ToUserName><![CDATA[gh_9e16f2771397]]></ToUserName>
<FromUserName><![CDATA[oSSurv4Ds-0y5e71J2LjVHogql1o]]></FromUserName>
<CreateTime>1504831886</CreateTime>
<MsgType><![CDATA[event]]></MsgType>
<Event><![CDATA[LOCATION]]></Event>
<Latitude>26.585344</Latitude>
<Longitude>106.676620</Longitude>
<Precision>30.000000</Precision>
</xml>

2017-09-08 08:51:26 params :
------------
Array:
message : Array ;
module : default ;
rule : -1 ;

2017-09-08 08:51:26 response :
------------
Array:
errno : -1 ;
message : Invaild value ;

2017-09-08 09:09:31 trace :
------------
String:
<xml><ToUserName><![CDATA[gh_be7e4da020bc]]></ToUserName>
<FromUserName><![CDATA[oPtQ2wN2rnZJo9-4EvbbnVE_fH8U]]></FromUserName>
<CreateTime>1504832970</CreateTime>
<MsgType><![CDATA[event]]></MsgType>
<Event><![CDATA[subscribe]]></Event>
<EventKey><![CDATA[]]></EventKey>
</xml>

2017-09-08 09:09:31 params :
------------
Array:
message : Array ;
module : basic ;
rule : 10 ;
priority : 0 ;
keyword : Array ;

2017-09-08 09:09:31 response :
------------
Array:
FromUserName : gh_be7e4da020bc ;
ToUserName : oPtQ2wN2rnZJo9-4EvbbnVE_fH8U ;
MsgType : text ;
Content : 欢迎关注美食广场微信公众号！ ;

2017-09-08 09:18:11 trace :
------------
String:
<xml><ToUserName><![CDATA[gh_be7e4da020bc]]></ToUserName>
<FromUserName><![CDATA[oPtQ2wFzJ6EfQAJkUHyqrVBuWDiA]]></FromUserName>
<CreateTime>1504833490</CreateTime>
<MsgType><![CDATA[event]]></MsgType>
<Event><![CDATA[subscribe]]></Event>
<EventKey><![CDATA[]]></EventKey>
</xml>

2017-09-08 09:18:11 params :
------------
Array:
message : Array ;
module : basic ;
rule : 10 ;
priority : 0 ;
keyword : Array ;

2017-09-08 09:18:11 response :
------------
Array:
FromUserName : gh_be7e4da020bc ;
ToUserName : oPtQ2wFzJ6EfQAJkUHyqrVBuWDiA ;
MsgType : text ;
Content : 欢迎关注美食广场微信公众号！ ;

2017-09-08 09:19:47 trace :
------------
String:
<xml><ToUserName><![CDATA[gh_be7e4da020bc]]></ToUserName>
<FromUserName><![CDATA[oPtQ2wHwfuEvZeHrUD-iTANmQ4tM]]></FromUserName>
<CreateTime>1504833586</CreateTime>
<MsgType><![CDATA[event]]></MsgType>
<Event><![CDATA[subscribe]]></Event>
<EventKey><![CDATA[]]></EventKey>
</xml>

2017-09-08 09:19:47 params :
------------
Array:
message : Array ;
module : basic ;
rule : 10 ;
priority : 0 ;
keyword : Array ;

2017-09-08 09:19:47 response :
------------
Array:
FromUserName : gh_be7e4da020bc ;
ToUserName : oPtQ2wHwfuEvZeHrUD-iTANmQ4tM ;
MsgType : text ;
Content : 欢迎关注美食广场微信公众号！ ;

2017-09-08 09:20:06 trace :
------------
String:
<xml><ToUserName><![CDATA[gh_be7e4da020bc]]></ToUserName>
<FromUserName><![CDATA[oPtQ2wHwfuEvZeHrUD-iTANmQ4tM]]></FromUserName>
<CreateTime>1504833605</CreateTime>
<MsgType><![CDATA[event]]></MsgType>
<Event><![CDATA[VIEW]]></Event>
<EventKey><![CDATA[http://www.gzqtbw.com/app/index.php?i=8&c=home&t=8]]></EventKey>
<MenuId>430931951</MenuId>
</xml>

2017-09-08 09:20:06 params :
------------
Array:
message : Array ;
module : basic ;
rule : 10 ;
priority : 0 ;
keyword : Array ;

2017-09-08 09:20:06 response :
------------
Array:
FromUserName : gh_be7e4da020bc ;
ToUserName : oPtQ2wHwfuEvZeHrUD-iTANmQ4tM ;
MsgType : text ;
Content : 欢迎关注美食广场微信公众号！ ;

2017-09-08 09:21:36 trace :
------------
String:
<xml><ToUserName><![CDATA[gh_be7e4da020bc]]></ToUserName>
<FromUserName><![CDATA[oPtQ2wHwfuEvZeHrUD-iTANmQ4tM]]></FromUserName>
<CreateTime>1504833695</CreateTime>
<MsgType><![CDATA[event]]></MsgType>
<Event><![CDATA[VIEW]]></Event>
<EventKey><![CDATA[http://www.gzqtbw.com/app/index.php?i=8&c=home&t=8]]></EventKey>
<MenuId>430931951</MenuId>
</xml>

2017-09-08 09:21:36 params :
------------
Array:
message : Array ;
module : basic ;
rule : 10 ;
priority : 0 ;
keyword : Array ;

2017-09-08 09:21:36 response :
------------
Array:
FromUserName : gh_be7e4da020bc ;
ToUserName : oPtQ2wHwfuEvZeHrUD-iTANmQ4tM ;
MsgType : text ;
Content : 欢迎关注美食广场微信公众号！ ;

2017-09-08 09:22:33 trace :
------------
String:
<xml><ToUserName><![CDATA[gh_be7e4da020bc]]></ToUserName>
<FromUserName><![CDATA[oPtQ2wHwfuEvZeHrUD-iTANmQ4tM]]></FromUserName>
<CreateTime>1504833753</CreateTime>
<MsgType><![CDATA[event]]></MsgType>
<Event><![CDATA[VIEW]]></Event>
<EventKey><![CDATA[http://www.gzqtbw.com/app/index.php?i=8&c=home&t=8]]></EventKey>
<MenuId>430931951</MenuId>
</xml>

2017-09-08 09:22:33 params :
------------
Array:
message : Array ;
module : basic ;
rule : 10 ;
priority : 0 ;
keyword : Array ;

2017-09-08 09:22:33 response :
------------
Array:
FromUserName : gh_be7e4da020bc ;
ToUserName : oPtQ2wHwfuEvZeHrUD-iTANmQ4tM ;
MsgType : text ;
Content : 欢迎关注美食广场微信公众号！ ;

2017-09-08 10:31:58 trace :
------------
String:
<xml><ToUserName><![CDATA[gh_be7e4da020bc]]></ToUserName>
<FromUserName><![CDATA[oPtQ2wLGVejQuMcg6Ih4npt39os8]]></FromUserName>
<CreateTime>1504837917</CreateTime>
<MsgType><![CDATA[event]]></MsgType>
<Event><![CDATA[subscribe]]></Event>
<EventKey><![CDATA[]]></EventKey>
</xml>

2017-09-08 10:31:58 params :
------------
Array:
message : Array ;
module : basic ;
rule : 10 ;
priority : 0 ;
keyword : Array ;

2017-09-08 10:31:58 response :
------------
Array:
FromUserName : gh_be7e4da020bc ;
ToUserName : oPtQ2wLGVejQuMcg6Ih4npt39os8 ;
MsgType : text ;
Content : 欢迎关注美食广场微信公众号！ ;

2017-09-08 11:57:20 trace :
------------
String:
<xml><ToUserName><![CDATA[gh_be7e4da020bc]]></ToUserName>
<FromUserName><![CDATA[oPtQ2wFLUMv4-9PKtLV6rITxNu88]]></FromUserName>
<CreateTime>1504843039</CreateTime>
<MsgType><![CDATA[event]]></MsgType>
<Event><![CDATA[VIEW]]></Event>
<EventKey><![CDATA[http://www.gzqtbw.com/app/index.php?i=8&c=home&t=8]]></EventKey>
<MenuId>430931951</MenuId>
</xml>

2017-09-08 11:57:20 params :
------------
Array:
message : Array ;
module : basic ;
rule : 10 ;
priority : 0 ;
keyword : Array ;

2017-09-08 11:57:20 response :
------------
Array:
FromUserName : gh_be7e4da020bc ;
ToUserName : oPtQ2wFLUMv4-9PKtLV6rITxNu88 ;
MsgType : text ;
Content : 欢迎关注美食广场微信公众号！ ;

2017-09-08 11:58:02 trace :
------------
String:
<xml><ToUserName><![CDATA[gh_be7e4da020bc]]></ToUserName>
<FromUserName><![CDATA[oPtQ2wFLUMv4-9PKtLV6rITxNu88]]></FromUserName>
<CreateTime>1504843081</CreateTime>
<MsgType><![CDATA[event]]></MsgType>
<Event><![CDATA[VIEW]]></Event>
<EventKey><![CDATA[http://www.gzqtbw.com/app/index.php?i=8&c=home&t=8]]></EventKey>
<MenuId>430931951</MenuId>
</xml>

2017-09-08 11:58:02 params :
------------
Array:
message : Array ;
module : basic ;
rule : 10 ;
priority : 0 ;
keyword : Array ;

2017-09-08 11:58:02 response :
------------
Array:
FromUserName : gh_be7e4da020bc ;
ToUserName : oPtQ2wFLUMv4-9PKtLV6rITxNu88 ;
MsgType : text ;
Content : 欢迎关注美食广场微信公众号！ ;

2017-09-08 11:59:19 trace :
------------
String:
<xml><ToUserName><![CDATA[gh_be7e4da020bc]]></ToUserName>
<FromUserName><![CDATA[oPtQ2wH36qzj-vGOCVSb19FUbAms]]></FromUserName>
<CreateTime>1504843157</CreateTime>
<MsgType><![CDATA[event]]></MsgType>
<Event><![CDATA[VIEW]]></Event>
<EventKey><![CDATA[http://www.gzqtbw.com/app/index.php?i=8&c=home&t=8]]></EventKey>
<MenuId>430931951</MenuId>
</xml>

2017-09-08 11:59:19 params :
------------
Array:
message : Array ;
module : basic ;
rule : 10 ;
priority : 0 ;
keyword : Array ;

2017-09-08 11:59:19 response :
------------
Array:
FromUserName : gh_be7e4da020bc ;
ToUserName : oPtQ2wH36qzj-vGOCVSb19FUbAms ;
MsgType : text ;
Content : 欢迎关注美食广场微信公众号！ ;

2017-09-08 12:12:51 trace :
------------
String:
<xml><ToUserName><![CDATA[gh_be7e4da020bc]]></ToUserName>
<FromUserName><![CDATA[oPtQ2wH36qzj-vGOCVSb19FUbAms]]></FromUserName>
<CreateTime>1504843970</CreateTime>
<MsgType><![CDATA[event]]></MsgType>
<Event><![CDATA[VIEW]]></Event>
<EventKey><![CDATA[http://www.gzqtbw.com/app/index.php?i=8&c=home&t=8]]></EventKey>
<MenuId>430931951</MenuId>
</xml>

2017-09-08 12:12:51 params :
------------
Array:
message : Array ;
module : basic ;
rule : 10 ;
priority : 0 ;
keyword : Array ;

2017-09-08 12:12:51 response :
------------
Array:
FromUserName : gh_be7e4da020bc ;
ToUserName : oPtQ2wH36qzj-vGOCVSb19FUbAms ;
MsgType : text ;
Content : 欢迎关注美食广场微信公众号！ ;

2017-09-08 12:18:08 trace :
------------
String:
<xml><ToUserName><![CDATA[gh_be7e4da020bc]]></ToUserName>
<FromUserName><![CDATA[oPtQ2wFLUMv4-9PKtLV6rITxNu88]]></FromUserName>
<CreateTime>1504844287</CreateTime>
<MsgType><![CDATA[event]]></MsgType>
<Event><![CDATA[VIEW]]></Event>
<EventKey><![CDATA[http://www.gzqtbw.com/app/index.php?i=8&c=home&t=8]]></EventKey>
<MenuId>430931951</MenuId>
</xml>

2017-09-08 12:18:08 params :
------------
Array:
message : Array ;
module : basic ;
rule : 10 ;
priority : 0 ;
keyword : Array ;

2017-09-08 12:18:08 response :
------------
Array:
FromUserName : gh_be7e4da020bc ;
ToUserName : oPtQ2wFLUMv4-9PKtLV6rITxNu88 ;
MsgType : text ;
Content : 欢迎关注美食广场微信公众号！ ;

2017-09-08 12:19:44 trace :
------------
String:
<xml><ToUserName><![CDATA[gh_be7e4da020bc]]></ToUserName>
<FromUserName><![CDATA[oPtQ2wLO6_uL89Klek5g6H1ci3e0]]></FromUserName>
<CreateTime>1504844383</CreateTime>
<MsgType><![CDATA[event]]></MsgType>
<Event><![CDATA[subscribe]]></Event>
<EventKey><![CDATA[]]></EventKey>
</xml>

2017-09-08 12:19:44 params :
------------
Array:
message : Array ;
module : basic ;
rule : 10 ;
priority : 0 ;
keyword : Array ;

2017-09-08 12:19:44 response :
------------
Array:
FromUserName : gh_be7e4da020bc ;
ToUserName : oPtQ2wLO6_uL89Klek5g6H1ci3e0 ;
MsgType : text ;
Content : 欢迎关注美食广场微信公众号！ ;

2017-09-08 12:31:07 trace :
------------
String:
<xml><ToUserName><![CDATA[gh_be7e4da020bc]]></ToUserName>
<FromUserName><![CDATA[oPtQ2wKHv3f8fyZ6iXayhJ60sT8o]]></FromUserName>
<CreateTime>1504845066</CreateTime>
<MsgType><![CDATA[event]]></MsgType>
<Event><![CDATA[subscribe]]></Event>
<EventKey><![CDATA[]]></EventKey>
</xml>

2017-09-08 12:31:07 params :
------------
Array:
message : Array ;
module : basic ;
rule : 10 ;
priority : 0 ;
keyword : Array ;

2017-09-08 12:31:07 response :
------------
Array:
FromUserName : gh_be7e4da020bc ;
ToUserName : oPtQ2wKHv3f8fyZ6iXayhJ60sT8o ;
MsgType : text ;
Content : 欢迎关注美食广场微信公众号！ ;

2017-09-08 12:31:09 trace :
------------
String:
<xml><ToUserName><![CDATA[gh_be7e4da020bc]]></ToUserName>
<FromUserName><![CDATA[oPtQ2wKHv3f8fyZ6iXayhJ60sT8o]]></FromUserName>
<CreateTime>1504845069</CreateTime>
<MsgType><![CDATA[event]]></MsgType>
<Event><![CDATA[VIEW]]></Event>
<EventKey><![CDATA[http://www.gzqtbw.com/app/index.php?i=8&c=home&t=8]]></EventKey>
<MenuId>430931951</MenuId>
</xml>

2017-09-08 12:31:09 params :
------------
Array:
message : Array ;
module : basic ;
rule : 10 ;
priority : 0 ;
keyword : Array ;

2017-09-08 12:31:09 response :
------------
Array:
FromUserName : gh_be7e4da020bc ;
ToUserName : oPtQ2wKHv3f8fyZ6iXayhJ60sT8o ;
MsgType : text ;
Content : 欢迎关注美食广场微信公众号！ ;

2017-09-08 12:38:32 trace :
------------
String:
<xml><ToUserName><![CDATA[gh_be7e4da020bc]]></ToUserName>
<FromUserName><![CDATA[oPtQ2wFLUMv4-9PKtLV6rITxNu88]]></FromUserName>
<CreateTime>1504845512</CreateTime>
<MsgType><![CDATA[event]]></MsgType>
<Event><![CDATA[VIEW]]></Event>
<EventKey><![CDATA[http://www.gzqtbw.com/app/index.php?i=8&c=home&t=8]]></EventKey>
<MenuId>430931951</MenuId>
</xml>

2017-09-08 12:38:32 params :
------------
Array:
message : Array ;
module : basic ;
rule : 10 ;
priority : 0 ;
keyword : Array ;

2017-09-08 12:38:32 response :
------------
Array:
FromUserName : gh_be7e4da020bc ;
ToUserName : oPtQ2wFLUMv4-9PKtLV6rITxNu88 ;
MsgType : text ;
Content : 欢迎关注美食广场微信公众号！ ;

2017-09-08 12:50:05 trace :
------------
String:
<xml><ToUserName><![CDATA[gh_be7e4da020bc]]></ToUserName>
<FromUserName><![CDATA[oPtQ2wFLUMv4-9PKtLV6rITxNu88]]></FromUserName>
<CreateTime>1504846204</CreateTime>
<MsgType><![CDATA[event]]></MsgType>
<Event><![CDATA[VIEW]]></Event>
<EventKey><![CDATA[http://www.gzqtbw.com/app/index.php?i=8&c=home&t=8]]></EventKey>
<MenuId>430931951</MenuId>
</xml>

2017-09-08 12:50:05 params :
------------
Array:
message : Array ;
module : basic ;
rule : 10 ;
priority : 0 ;
keyword : Array ;

2017-09-08 12:50:05 response :
------------
Array:
FromUserName : gh_be7e4da020bc ;
ToUserName : oPtQ2wFLUMv4-9PKtLV6rITxNu88 ;
MsgType : text ;
Content : 欢迎关注美食广场微信公众号！ ;

2017-09-08 12:51:08 trace :
------------
String:
<xml><ToUserName><![CDATA[gh_be7e4da020bc]]></ToUserName>
<FromUserName><![CDATA[oPtQ2wFLUMv4-9PKtLV6rITxNu88]]></FromUserName>
<CreateTime>1504846267</CreateTime>
<MsgType><![CDATA[event]]></MsgType>
<Event><![CDATA[VIEW]]></Event>
<EventKey><![CDATA[http://www.gzqtbw.com/app/index.php?i=8&c=home&t=8]]></EventKey>
<MenuId>430931951</MenuId>
</xml>

2017-09-08 12:51:08 params :
------------
Array:
message : Array ;
module : basic ;
rule : 10 ;
priority : 0 ;
keyword : Array ;

2017-09-08 12:51:08 response :
------------
Array:
FromUserName : gh_be7e4da020bc ;
ToUserName : oPtQ2wFLUMv4-9PKtLV6rITxNu88 ;
MsgType : text ;
Content : 欢迎关注美食广场微信公众号！ ;

2017-09-08 12:51:35 trace :
------------
String:
<xml><ToUserName><![CDATA[gh_be7e4da020bc]]></ToUserName>
<FromUserName><![CDATA[oPtQ2wFLUMv4-9PKtLV6rITxNu88]]></FromUserName>
<CreateTime>1504846294</CreateTime>
<MsgType><![CDATA[event]]></MsgType>
<Event><![CDATA[unsubscribe]]></Event>
<EventKey><![CDATA[]]></EventKey>
</xml>

2017-09-08 13:00:08 trace :
------------
String:
<xml><ToUserName><![CDATA[gh_be7e4da020bc]]></ToUserName>
<FromUserName><![CDATA[oPtQ2wGZowr8cl0gFKQGp4DjifsA]]></FromUserName>
<CreateTime>1504846807</CreateTime>
<MsgType><![CDATA[event]]></MsgType>
<Event><![CDATA[VIEW]]></Event>
<EventKey><![CDATA[http://www.gzqtbw.com/app/index.php?i=8&c=home&t=8]]></EventKey>
<MenuId>430931951</MenuId>
</xml>

2017-09-08 13:00:08 params :
------------
Array:
message : Array ;
module : basic ;
rule : 10 ;
priority : 0 ;
keyword : Array ;

2017-09-08 13:00:08 response :
------------
Array:
FromUserName : gh_be7e4da020bc ;
ToUserName : oPtQ2wGZowr8cl0gFKQGp4DjifsA ;
MsgType : text ;
Content : 欢迎关注美食广场微信公众号！ ;

2017-09-08 13:00:11 trace :
------------
String:
<xml><ToUserName><![CDATA[gh_be7e4da020bc]]></ToUserName>
<FromUserName><![CDATA[oPtQ2wGZowr8cl0gFKQGp4DjifsA]]></FromUserName>
<CreateTime>1504846811</CreateTime>
<MsgType><![CDATA[event]]></MsgType>
<Event><![CDATA[VIEW]]></Event>
<EventKey><![CDATA[http://www.gzqtbw.com/app/index.php?i=8&c=home&t=8]]></EventKey>
<MenuId>430931951</MenuId>
</xml>

2017-09-08 13:00:11 params :
------------
Array:
message : Array ;
module : basic ;
rule : 10 ;
priority : 0 ;
keyword : Array ;

2017-09-08 13:00:11 response :
------------
Array:
FromUserName : gh_be7e4da020bc ;
ToUserName : oPtQ2wGZowr8cl0gFKQGp4DjifsA ;
MsgType : text ;
Content : 欢迎关注美食广场微信公众号！ ;

2017-09-08 13:03:49 trace :
------------
String:
<xml><ToUserName><![CDATA[gh_be7e4da020bc]]></ToUserName>
<FromUserName><![CDATA[oPtQ2wDAmEOZQeH2zhTpJh2kpnm8]]></FromUserName>
<CreateTime>1504847029</CreateTime>
<MsgType><![CDATA[event]]></MsgType>
<Event><![CDATA[subscribe]]></Event>
<EventKey><![CDATA[]]></EventKey>
</xml>

2017-09-08 13:03:49 params :
------------
Array:
message : Array ;
module : basic ;
rule : 10 ;
priority : 0 ;
keyword : Array ;

2017-09-08 13:03:49 response :
------------
Array:
FromUserName : gh_be7e4da020bc ;
ToUserName : oPtQ2wDAmEOZQeH2zhTpJh2kpnm8 ;
MsgType : text ;
Content : 欢迎关注美食广场微信公众号！ ;

2017-09-08 13:03:54 trace :
------------
String:
<xml><ToUserName><![CDATA[gh_be7e4da020bc]]></ToUserName>
<FromUserName><![CDATA[oPtQ2wDAmEOZQeH2zhTpJh2kpnm8]]></FromUserName>
<CreateTime>1504847033</CreateTime>
<MsgType><![CDATA[event]]></MsgType>
<Event><![CDATA[VIEW]]></Event>
<EventKey><![CDATA[http://www.gzqtbw.com/app/index.php?i=8&c=home&t=8]]></EventKey>
<MenuId>430931951</MenuId>
</xml>

2017-09-08 13:03:54 params :
------------
Array:
message : Array ;
module : basic ;
rule : 10 ;
priority : 0 ;
keyword : Array ;

2017-09-08 13:03:54 response :
------------
Array:
FromUserName : gh_be7e4da020bc ;
ToUserName : oPtQ2wDAmEOZQeH2zhTpJh2kpnm8 ;
MsgType : text ;
Content : 欢迎关注美食广场微信公众号！ ;

2017-09-08 13:07:49 trace :
------------
String:
<xml><ToUserName><![CDATA[gh_be7e4da020bc]]></ToUserName>
<FromUserName><![CDATA[oPtQ2wI0xqYu4aUJ2-q1VwHJ9RXM]]></FromUserName>
<CreateTime>1504847269</CreateTime>
<MsgType><![CDATA[event]]></MsgType>
<Event><![CDATA[VIEW]]></Event>
<EventKey><![CDATA[http://www.gzqtbw.com/app/index.php?i=8&c=home&t=8]]></EventKey>
<MenuId>430931951</MenuId>
</xml>

2017-09-08 13:07:49 params :
------------
Array:
message : Array ;
module : basic ;
rule : 10 ;
priority : 0 ;
keyword : Array ;

2017-09-08 13:07:49 response :
------------
Array:
FromUserName : gh_be7e4da020bc ;
ToUserName : oPtQ2wI0xqYu4aUJ2-q1VwHJ9RXM ;
MsgType : text ;
Content : 欢迎关注美食广场微信公众号！ ;

2017-09-08 13:08:59 trace :
------------
String:
<xml><ToUserName><![CDATA[gh_be7e4da020bc]]></ToUserName>
<FromUserName><![CDATA[oPtQ2wDAmEOZQeH2zhTpJh2kpnm8]]></FromUserName>
<CreateTime>1504847338</CreateTime>
<MsgType><![CDATA[event]]></MsgType>
<Event><![CDATA[VIEW]]></Event>
<EventKey><![CDATA[http://www.gzqtbw.com/app/index.php?i=8&c=home&t=8]]></EventKey>
<MenuId>430931951</MenuId>
</xml>

2017-09-08 13:08:59 params :
------------
Array:
message : Array ;
module : basic ;
rule : 10 ;
priority : 0 ;
keyword : Array ;

2017-09-08 13:08:59 response :
------------
Array:
FromUserName : gh_be7e4da020bc ;
ToUserName : oPtQ2wDAmEOZQeH2zhTpJh2kpnm8 ;
MsgType : text ;
Content : 欢迎关注美食广场微信公众号！ ;

2017-09-08 13:17:23 trace :
------------
String:
<xml><ToUserName><![CDATA[gh_be7e4da020bc]]></ToUserName>
<FromUserName><![CDATA[oPtQ2wDAmEOZQeH2zhTpJh2kpnm8]]></FromUserName>
<CreateTime>1504847842</CreateTime>
<MsgType><![CDATA[event]]></MsgType>
<Event><![CDATA[VIEW]]></Event>
<EventKey><![CDATA[http://www.gzqtbw.com/app/index.php?i=8&c=home&t=8]]></EventKey>
<MenuId>430931951</MenuId>
</xml>

2017-09-08 13:17:23 params :
------------
Array:
message : Array ;
module : basic ;
rule : 10 ;
priority : 0 ;
keyword : Array ;

2017-09-08 13:17:23 response :
------------
Array:
FromUserName : gh_be7e4da020bc ;
ToUserName : oPtQ2wDAmEOZQeH2zhTpJh2kpnm8 ;
MsgType : text ;
Content : 欢迎关注美食广场微信公众号！ ;

2017-09-08 13:27:40 trace :
------------
String:
<xml><ToUserName><![CDATA[gh_be7e4da020bc]]></ToUserName>
<FromUserName><![CDATA[oPtQ2wGCnYpPyWXTSp2-IJCHMXs8]]></FromUserName>
<CreateTime>1504848460</CreateTime>
<MsgType><![CDATA[event]]></MsgType>
<Event><![CDATA[subscribe]]></Event>
<EventKey><![CDATA[]]></EventKey>
</xml>

2017-09-08 13:27:40 params :
------------
Array:
message : Array ;
module : basic ;
rule : 10 ;
priority : 0 ;
keyword : Array ;

2017-09-08 13:27:40 response :
------------
Array:
FromUserName : gh_be7e4da020bc ;
ToUserName : oPtQ2wGCnYpPyWXTSp2-IJCHMXs8 ;
MsgType : text ;
Content : 欢迎关注美食广场微信公众号！ ;

2017-09-08 13:27:44 trace :
------------
String:
<xml><ToUserName><![CDATA[gh_be7e4da020bc]]></ToUserName>
<FromUserName><![CDATA[oPtQ2wGCnYpPyWXTSp2-IJCHMXs8]]></FromUserName>
<CreateTime>1504848464</CreateTime>
<MsgType><![CDATA[event]]></MsgType>
<Event><![CDATA[VIEW]]></Event>
<EventKey><![CDATA[http://www.gzqtbw.com/app/index.php?i=8&c=home&t=8]]></EventKey>
<MenuId>430931951</MenuId>
</xml>

2017-09-08 13:27:44 params :
------------
Array:
message : Array ;
module : basic ;
rule : 10 ;
priority : 0 ;
keyword : Array ;

2017-09-08 13:27:44 response :
------------
Array:
FromUserName : gh_be7e4da020bc ;
ToUserName : oPtQ2wGCnYpPyWXTSp2-IJCHMXs8 ;
MsgType : text ;
Content : 欢迎关注美食广场微信公众号！ ;

2017-09-08 13:29:25 trace :
------------
String:
<xml><ToUserName><![CDATA[gh_be7e4da020bc]]></ToUserName>
<FromUserName><![CDATA[oPtQ2wGCnYpPyWXTSp2-IJCHMXs8]]></FromUserName>
<CreateTime>1504848564</CreateTime>
<MsgType><![CDATA[event]]></MsgType>
<Event><![CDATA[VIEW]]></Event>
<EventKey><![CDATA[http://www.gzqtbw.com/app/index.php?i=8&c=home&t=8]]></EventKey>
<MenuId>430931951</MenuId>
</xml>

2017-09-08 13:29:25 params :
------------
Array:
message : Array ;
module : basic ;
rule : 10 ;
priority : 0 ;
keyword : Array ;

2017-09-08 13:29:25 response :
------------
Array:
FromUserName : gh_be7e4da020bc ;
ToUserName : oPtQ2wGCnYpPyWXTSp2-IJCHMXs8 ;
MsgType : text ;
Content : 欢迎关注美食广场微信公众号！ ;

2017-09-08 13:43:11 trace :
------------
String:
<xml><ToUserName><![CDATA[gh_be7e4da020bc]]></ToUserName>
<FromUserName><![CDATA[oPtQ2wDAmEOZQeH2zhTpJh2kpnm8]]></FromUserName>
<CreateTime>1504849391</CreateTime>
<MsgType><![CDATA[event]]></MsgType>
<Event><![CDATA[VIEW]]></Event>
<EventKey><![CDATA[http://www.gzqtbw.com/app/index.php?i=8&c=home&t=8]]></EventKey>
<MenuId>430931951</MenuId>
</xml>

2017-09-08 13:43:11 params :
------------
Array:
message : Array ;
module : basic ;
rule : 10 ;
priority : 0 ;
keyword : Array ;

2017-09-08 13:43:11 response :
------------
Array:
FromUserName : gh_be7e4da020bc ;
ToUserName : oPtQ2wDAmEOZQeH2zhTpJh2kpnm8 ;
MsgType : text ;
Content : 欢迎关注美食广场微信公众号！ ;

2017-09-08 13:44:56 trace :
------------
String:
<xml><ToUserName><![CDATA[gh_be7e4da020bc]]></ToUserName>
<FromUserName><![CDATA[oPtQ2wGCnYpPyWXTSp2-IJCHMXs8]]></FromUserName>
<CreateTime>1504849495</CreateTime>
<MsgType><![CDATA[event]]></MsgType>
<Event><![CDATA[VIEW]]></Event>
<EventKey><![CDATA[http://www.gzqtbw.com/app/index.php?i=8&c=home&t=8]]></EventKey>
<MenuId>430931951</MenuId>
</xml>

2017-09-08 13:44:56 params :
------------
Array:
message : Array ;
module : basic ;
rule : 10 ;
priority : 0 ;
keyword : Array ;

2017-09-08 13:44:56 response :
------------
Array:
FromUserName : gh_be7e4da020bc ;
ToUserName : oPtQ2wGCnYpPyWXTSp2-IJCHMXs8 ;
MsgType : text ;
Content : 欢迎关注美食广场微信公众号！ ;

2017-09-08 13:46:58 trace :
------------
String:
<xml><ToUserName><![CDATA[gh_be7e4da020bc]]></ToUserName>
<FromUserName><![CDATA[oPtQ2wDAmEOZQeH2zhTpJh2kpnm8]]></FromUserName>
<CreateTime>1504849618</CreateTime>
<MsgType><![CDATA[event]]></MsgType>
<Event><![CDATA[VIEW]]></Event>
<EventKey><![CDATA[http://www.gzqtbw.com/app/index.php?i=8&c=home&t=8]]></EventKey>
<MenuId>430931951</MenuId>
</xml>

2017-09-08 13:46:58 params :
------------
Array:
message : Array ;
module : basic ;
rule : 10 ;
priority : 0 ;
keyword : Array ;

2017-09-08 13:46:58 response :
------------
Array:
FromUserName : gh_be7e4da020bc ;
ToUserName : oPtQ2wDAmEOZQeH2zhTpJh2kpnm8 ;
MsgType : text ;
Content : 欢迎关注美食广场微信公众号！ ;

2017-09-08 13:51:12 trace :
------------
String:
<xml><ToUserName><![CDATA[gh_be7e4da020bc]]></ToUserName>
<FromUserName><![CDATA[oPtQ2wKllLOFe_MNkMCK_xXLvtE8]]></FromUserName>
<CreateTime>1504849871</CreateTime>
<MsgType><![CDATA[event]]></MsgType>
<Event><![CDATA[VIEW]]></Event>
<EventKey><![CDATA[http://www.gzqtbw.com/app/index.php?i=8&c=home&t=8]]></EventKey>
<MenuId>430931951</MenuId>
</xml>

2017-09-08 13:51:12 params :
------------
Array:
message : Array ;
module : basic ;
rule : 10 ;
priority : 0 ;
keyword : Array ;

2017-09-08 13:51:12 response :
------------
Array:
FromUserName : gh_be7e4da020bc ;
ToUserName : oPtQ2wKllLOFe_MNkMCK_xXLvtE8 ;
MsgType : text ;
Content : 欢迎关注美食广场微信公众号！ ;

2017-09-08 13:56:10 trace :
------------
String:
<xml><ToUserName><![CDATA[gh_be7e4da020bc]]></ToUserName>
<FromUserName><![CDATA[oPtQ2wKllLOFe_MNkMCK_xXLvtE8]]></FromUserName>
<CreateTime>1504850169</CreateTime>
<MsgType><![CDATA[event]]></MsgType>
<Event><![CDATA[VIEW]]></Event>
<EventKey><![CDATA[http://www.gzqtbw.com/app/index.php?i=8&c=site&a=site&do=detail&id=6]]></EventKey>
<MenuId>430931951</MenuId>
</xml>

2017-09-08 13:56:10 params :
------------
Array:
message : Array ;
module : basic ;
rule : 10 ;
priority : 0 ;
keyword : Array ;

2017-09-08 13:56:10 response :
------------
Array:
FromUserName : gh_be7e4da020bc ;
ToUserName : oPtQ2wKllLOFe_MNkMCK_xXLvtE8 ;
MsgType : text ;
Content : 欢迎关注美食广场微信公众号！ ;

2017-09-08 19:54:48 trace :
------------
String:
<xml><ToUserName><![CDATA[gh_9e16f2771397]]></ToUserName>
<FromUserName><![CDATA[oSSurv5G17RL5d-2EyC44S_hcuDg]]></FromUserName>
<CreateTime>1504871688</CreateTime>
<MsgType><![CDATA[event]]></MsgType>
<Event><![CDATA[subscribe]]></Event>
<EventKey><![CDATA[]]></EventKey>
</xml>

2017-09-08 19:54:48 params :
------------
Array:
message : Array ;
module : basic ;
rule : 14 ;
priority : 0 ;
keyword : Array ;

2017-09-08 19:54:48 response :
------------
Array:
FromUserName : gh_9e16f2771397 ;
ToUserName : oSSurv5G17RL5d-2EyC44S_hcuDg ;
MsgType : text ;
Content : 欢迎关注黔中一品酒楼微信公众号！ ;

