2017-12-16 11:23:53 trace :
------------
String:
<xml><ToUserName><![CDATA[gh_be7e4da020bc]]></ToUserName>
<FromUserName><![CDATA[oPtQ2wJbB6GdOnrp53WUVsXyFn_E]]></FromUserName>
<CreateTime>1513394632</CreateTime>
<MsgType><![CDATA[event]]></MsgType>
<Event><![CDATA[VIEW]]></Event>
<EventKey><![CDATA[http://www.gzqtbw.com/app/index.php?i=8&c=home&t=8]]></EventKey>
<MenuId>430931951</MenuId>
</xml>

2017-12-16 11:23:53 params :
------------
Array:
message : Array ;
module : basic ;
rule : 10 ;
priority : 0 ;
keyword : Array ;

2017-12-16 11:23:53 response :
------------
Array:
FromUserName : gh_be7e4da020bc ;
ToUserName : oPtQ2wJbB6GdOnrp53WUVsXyFn_E ;
MsgType : text ;
Content : 欢迎关注美食广场微信公众号！ ;

2017-12-16 12:53:33 trace :
------------
String:
<xml><ToUserName><![CDATA[gh_be7e4da020bc]]></ToUserName>
<FromUserName><![CDATA[oPtQ2wLLDpTNWQKK2OUU67o1NPiQ]]></FromUserName>
<CreateTime>1513400012</CreateTime>
<MsgType><![CDATA[event]]></MsgType>
<Event><![CDATA[VIEW]]></Event>
<EventKey><![CDATA[http://www.gzqtbw.com/app/index.php?i=8&c=home&t=8]]></EventKey>
<MenuId>430931951</MenuId>
</xml>

2017-12-16 12:53:33 params :
------------
Array:
message : Array ;
module : basic ;
rule : 10 ;
priority : 0 ;
keyword : Array ;

2017-12-16 12:53:33 response :
------------
Array:
FromUserName : gh_be7e4da020bc ;
ToUserName : oPtQ2wLLDpTNWQKK2OUU67o1NPiQ ;
MsgType : text ;
Content : 欢迎关注美食广场微信公众号！ ;

2017-12-16 12:57:52 trace :
------------
String:
<xml><ToUserName><![CDATA[gh_be7e4da020bc]]></ToUserName>
<FromUserName><![CDATA[oPtQ2wLLDpTNWQKK2OUU67o1NPiQ]]></FromUserName>
<CreateTime>1513400271</CreateTime>
<MsgType><![CDATA[event]]></MsgType>
<Event><![CDATA[VIEW]]></Event>
<EventKey><![CDATA[http://www.gzqtbw.com/app/index.php?i=8&c=home&t=8]]></EventKey>
<MenuId>430931951</MenuId>
</xml>

2017-12-16 12:57:52 params :
------------
Array:
message : Array ;
module : basic ;
rule : 10 ;
priority : 0 ;
keyword : Array ;

2017-12-16 12:57:52 response :
------------
Array:
FromUserName : gh_be7e4da020bc ;
ToUserName : oPtQ2wLLDpTNWQKK2OUU67o1NPiQ ;
MsgType : text ;
Content : 欢迎关注美食广场微信公众号！ ;

2017-12-16 13:18:36 trace :
------------
String:
<xml><ToUserName><![CDATA[gh_be7e4da020bc]]></ToUserName>
<FromUserName><![CDATA[oPtQ2wLLDpTNWQKK2OUU67o1NPiQ]]></FromUserName>
<CreateTime>1513401516</CreateTime>
<MsgType><![CDATA[event]]></MsgType>
<Event><![CDATA[VIEW]]></Event>
<EventKey><![CDATA[http://www.gzqtbw.com/app/index.php?i=8&c=home&t=8]]></EventKey>
<MenuId>430931951</MenuId>
</xml>

2017-12-16 13:18:36 params :
------------
Array:
message : Array ;
module : basic ;
rule : 10 ;
priority : 0 ;
keyword : Array ;

2017-12-16 13:18:36 response :
------------
Array:
FromUserName : gh_be7e4da020bc ;
ToUserName : oPtQ2wLLDpTNWQKK2OUU67o1NPiQ ;
MsgType : text ;
Content : 欢迎关注美食广场微信公众号！ ;

2017-12-16 13:20:09 trace :
------------
String:
<xml><ToUserName><![CDATA[gh_be7e4da020bc]]></ToUserName>
<FromUserName><![CDATA[oPtQ2wCNlzWQLnfHnn2USSVJxYQs]]></FromUserName>
<CreateTime>1513401609</CreateTime>
<MsgType><![CDATA[event]]></MsgType>
<Event><![CDATA[VIEW]]></Event>
<EventKey><![CDATA[http://www.gzqtbw.com/app/index.php?i=8&c=home&t=8]]></EventKey>
<MenuId>430931951</MenuId>
</xml>

2017-12-16 13:20:09 params :
------------
Array:
message : Array ;
module : basic ;
rule : 10 ;
priority : 0 ;
keyword : Array ;

2017-12-16 13:20:09 response :
------------
Array:
FromUserName : gh_be7e4da020bc ;
ToUserName : oPtQ2wCNlzWQLnfHnn2USSVJxYQs ;
MsgType : text ;
Content : 欢迎关注美食广场微信公众号！ ;

2017-12-16 13:41:25 trace :
------------
String:
<xml><ToUserName><![CDATA[gh_be7e4da020bc]]></ToUserName>
<FromUserName><![CDATA[oPtQ2wLLDpTNWQKK2OUU67o1NPiQ]]></FromUserName>
<CreateTime>1513402885</CreateTime>
<MsgType><![CDATA[event]]></MsgType>
<Event><![CDATA[VIEW]]></Event>
<EventKey><![CDATA[http://www.gzqtbw.com/app/index.php?i=8&c=home&t=8]]></EventKey>
<MenuId>430931951</MenuId>
</xml>

2017-12-16 13:41:25 params :
------------
Array:
message : Array ;
module : basic ;
rule : 10 ;
priority : 0 ;
keyword : Array ;

2017-12-16 13:41:25 response :
------------
Array:
FromUserName : gh_be7e4da020bc ;
ToUserName : oPtQ2wLLDpTNWQKK2OUU67o1NPiQ ;
MsgType : text ;
Content : 欢迎关注美食广场微信公众号！ ;

2017-12-16 14:38:26 trace :
------------
String:
<xml><ToUserName><![CDATA[gh_be7e4da020bc]]></ToUserName>
<FromUserName><![CDATA[oPtQ2wARn9hDHtGlNY01tp0UCqPI]]></FromUserName>
<CreateTime>1513406305</CreateTime>
<MsgType><![CDATA[event]]></MsgType>
<Event><![CDATA[subscribe]]></Event>
<EventKey><![CDATA[]]></EventKey>
</xml>

2017-12-16 14:38:26 params :
------------
Array:
message : Array ;
module : basic ;
rule : 10 ;
priority : 0 ;
keyword : Array ;

2017-12-16 14:38:26 response :
------------
Array:
FromUserName : gh_be7e4da020bc ;
ToUserName : oPtQ2wARn9hDHtGlNY01tp0UCqPI ;
MsgType : text ;
Content : 欢迎关注美食广场微信公众号！ ;

2017-12-16 14:38:28 trace :
------------
String:
<xml><ToUserName><![CDATA[gh_be7e4da020bc]]></ToUserName>
<FromUserName><![CDATA[oPtQ2wARn9hDHtGlNY01tp0UCqPI]]></FromUserName>
<CreateTime>1513406308</CreateTime>
<MsgType><![CDATA[event]]></MsgType>
<Event><![CDATA[VIEW]]></Event>
<EventKey><![CDATA[http://www.gzqtbw.com/app/index.php?i=8&c=home&t=8]]></EventKey>
<MenuId>430931951</MenuId>
</xml>

2017-12-16 14:38:28 params :
------------
Array:
message : Array ;
module : basic ;
rule : 10 ;
priority : 0 ;
keyword : Array ;

2017-12-16 14:38:28 response :
------------
Array:
FromUserName : gh_be7e4da020bc ;
ToUserName : oPtQ2wARn9hDHtGlNY01tp0UCqPI ;
MsgType : text ;
Content : 欢迎关注美食广场微信公众号！ ;

2017-12-16 14:38:57 trace :
------------
String:
<xml><ToUserName><![CDATA[gh_be7e4da020bc]]></ToUserName>
<FromUserName><![CDATA[oPtQ2wARn9hDHtGlNY01tp0UCqPI]]></FromUserName>
<CreateTime>1513406336</CreateTime>
<MsgType><![CDATA[event]]></MsgType>
<Event><![CDATA[VIEW]]></Event>
<EventKey><![CDATA[http://www.gzqtbw.com/app/index.php?i=8&c=home&t=8]]></EventKey>
<MenuId>430931951</MenuId>
</xml>

2017-12-16 14:38:57 params :
------------
Array:
message : Array ;
module : basic ;
rule : 10 ;
priority : 0 ;
keyword : Array ;

2017-12-16 14:38:57 response :
------------
Array:
FromUserName : gh_be7e4da020bc ;
ToUserName : oPtQ2wARn9hDHtGlNY01tp0UCqPI ;
MsgType : text ;
Content : 欢迎关注美食广场微信公众号！ ;

2017-12-16 18:29:47 trace :
------------
String:
<xml><ToUserName><![CDATA[gh_387f2586a480]]></ToUserName>
<FromUserName><![CDATA[oHlBevxyGCEAz9ghamQm6kldihng]]></FromUserName>
<CreateTime>1513420186</CreateTime>
<MsgType><![CDATA[event]]></MsgType>
<Event><![CDATA[subscribe]]></Event>
<EventKey><![CDATA[]]></EventKey>
</xml>

2017-12-16 18:29:47 params :
------------
Array:
message : Array ;
module : basic ;
rule : 13 ;
priority : 0 ;
keyword : Array ;

2017-12-16 18:29:47 response :
------------
Array:
FromUserName : gh_387f2586a480 ;
ToUserName : oHlBevxyGCEAz9ghamQm6kldihng ;
MsgType : text ;
Content : 欢迎关注李记梧桐人家微信公众号！ ;

2017-12-16 18:29:54 trace :
------------
String:
<xml><ToUserName><![CDATA[gh_387f2586a480]]></ToUserName>
<FromUserName><![CDATA[oHlBevxyGCEAz9ghamQm6kldihng]]></FromUserName>
<CreateTime>1513420193</CreateTime>
<MsgType><![CDATA[event]]></MsgType>
<Event><![CDATA[VIEW]]></Event>
<EventKey><![CDATA[http://www.gzqtbw.com/app/index.php?i=12&c=site&a=site&do=detail&id=10]]></EventKey>
<MenuId>602413748</MenuId>
</xml>

2017-12-16 18:29:54 params :
------------
Array:
message : Array ;
module : basic ;
rule : 13 ;
priority : 0 ;
keyword : Array ;

2017-12-16 18:29:54 response :
------------
Array:
FromUserName : gh_387f2586a480 ;
ToUserName : oHlBevxyGCEAz9ghamQm6kldihng ;
MsgType : text ;
Content : 欢迎关注李记梧桐人家微信公众号！ ;

2017-12-16 18:30:05 trace :
------------
String:
<xml><ToUserName><![CDATA[gh_387f2586a480]]></ToUserName>
<FromUserName><![CDATA[oHlBevxyGCEAz9ghamQm6kldihng]]></FromUserName>
<CreateTime>1513420204</CreateTime>
<MsgType><![CDATA[text]]></MsgType>
<Content><![CDATA[Wi-Fi]]></Content>
<MsgId>6500090281890183207</MsgId>
</xml>

2017-12-16 18:30:05 params :
------------
Array:
message : Array ;
module : basic ;
rule : 13 ;
priority : 0 ;
keyword : Array ;

2017-12-16 18:30:05 response :
------------
Array:
FromUserName : gh_387f2586a480 ;
ToUserName : oHlBevxyGCEAz9ghamQm6kldihng ;
MsgType : text ;
Content : 欢迎关注李记梧桐人家微信公众号！ ;

2017-12-16 18:30:13 trace :
------------
String:
<xml><ToUserName><![CDATA[gh_387f2586a480]]></ToUserName>
<FromUserName><![CDATA[oHlBevxyGCEAz9ghamQm6kldihng]]></FromUserName>
<CreateTime>1513420212</CreateTime>
<MsgType><![CDATA[text]]></MsgType>
<Content><![CDATA[Wi-Fi密码]]></Content>
<MsgId>6500090316249921578</MsgId>
</xml>

2017-12-16 18:30:13 params :
------------
Array:
message : Array ;
module : basic ;
rule : 13 ;
priority : 0 ;
keyword : Array ;

2017-12-16 18:30:13 response :
------------
Array:
FromUserName : gh_387f2586a480 ;
ToUserName : oHlBevxyGCEAz9ghamQm6kldihng ;
MsgType : text ;
Content : 欢迎关注李记梧桐人家微信公众号！ ;

2017-12-16 18:30:24 trace :
------------
String:
<xml><ToUserName><![CDATA[gh_387f2586a480]]></ToUserName>
<FromUserName><![CDATA[oHlBevxyGCEAz9ghamQm6kldihng]]></FromUserName>
<CreateTime>1513420223</CreateTime>
<MsgType><![CDATA[event]]></MsgType>
<Event><![CDATA[unsubscribe]]></Event>
<EventKey><![CDATA[]]></EventKey>
</xml>

2017-12-16 20:24:11 trace :
------------
String:
<xml><ToUserName><![CDATA[gh_07a7ab1e550f]]></ToUserName>
<FromUserName><![CDATA[oBqpn1Qe_clhFn23IfirNoerM1NE]]></FromUserName>
<CreateTime>1513427050</CreateTime>
<MsgType><![CDATA[event]]></MsgType>
<Event><![CDATA[subscribe]]></Event>
<EventKey><![CDATA[]]></EventKey>
</xml>

2017-12-16 20:24:11 params :
------------
Array:
message : Array ;
module : basic ;
rule : 20 ;
priority : 0 ;
keyword : Array ;

2017-12-16 20:24:11 response :
------------
Array:
FromUserName : gh_07a7ab1e550f ;
ToUserName : oBqpn1Qe_clhFn23IfirNoerM1NE ;
MsgType : text ;
Content : 感谢关注贵州罗甸红心火龙果/爱心 ;

2017-12-16 20:24:18 trace :
------------
String:
<xml><ToUserName><![CDATA[gh_07a7ab1e550f]]></ToUserName>
<FromUserName><![CDATA[oBqpn1Qe_clhFn23IfirNoerM1NE]]></FromUserName>
<CreateTime>1513427057</CreateTime>
<MsgType><![CDATA[event]]></MsgType>
<Event><![CDATA[VIEW]]></Event>
<EventKey><![CDATA[http://www.gzqtbw.com/app/index.php?i=18&c=entry&do=shop&m=ewei_shop]]></EventKey>
<MenuId>441791206</MenuId>
</xml>

2017-12-16 20:24:18 params :
------------
Array:
message : Array ;
module : basic ;
rule : 20 ;
priority : 0 ;
keyword : Array ;

2017-12-16 20:24:18 response :
------------
Array:
FromUserName : gh_07a7ab1e550f ;
ToUserName : oBqpn1Qe_clhFn23IfirNoerM1NE ;
MsgType : text ;
Content : 感谢关注贵州罗甸红心火龙果/爱心 ;

2017-12-16 20:24:39 trace :
------------
String:
<xml><ToUserName><![CDATA[gh_07a7ab1e550f]]></ToUserName>
<FromUserName><![CDATA[oBqpn1Qe_clhFn23IfirNoerM1NE]]></FromUserName>
<CreateTime>1513427078</CreateTime>
<MsgType><![CDATA[event]]></MsgType>
<Event><![CDATA[unsubscribe]]></Event>
<EventKey><![CDATA[]]></EventKey>
</xml>

