2017-12-30 11:42:42 trace :
------------
Array:
errno : -1 ;
message : 微信公众平台返回接口错误. 
错误代码为: 40005 
,错误描述为: appid 校验错误 ;

2017-12-30 11:42:42 waring :
------------
String:
Request Failed

2017-12-30 11:43:19 trace :
------------
Array:
errno : -1 ;
message : 微信公众平台返回接口错误. 
错误代码为: 40005 
,错误描述为: appid 校验错误 ;

2017-12-30 11:43:19 waring :
------------
String:
Request Failed

2017-12-30 11:43:43 trace :
------------
Array:
errno : -1 ;
message : 微信公众平台返回接口错误. 
错误代码为: 40005 
,错误描述为: appid 校验错误 ;

2017-12-30 11:43:43 waring :
------------
String:
Request Failed

2017-12-30 11:49:08 trace :
------------
Array:
errno : -1 ;
message : 微信公众平台返回接口错误. 
错误代码为: 40005 
,错误描述为: appid 校验错误 ;

2017-12-30 11:49:08 waring :
------------
String:
Request Failed

2017-12-30 11:49:16 trace :
------------
Array:
errno : -1 ;
message : 微信公众平台返回接口错误. 
错误代码为: 40005 
,错误描述为: appid 校验错误 ;

2017-12-30 11:49:16 waring :
------------
String:
Request Failed

2017-12-30 11:49:32 trace :
------------
Array:
errno : -1 ;
message : 微信公众平台返回接口错误. 
错误代码为: 40005 
,错误描述为: appid 校验错误 ;

2017-12-30 11:49:32 waring :
------------
String:
Request Failed

2017-12-30 12:42:23 trace :
------------
Array:
errno : -1 ;
message : 微信公众平台返回接口错误. 
错误代码为: 40005 
,错误描述为: appid 校验错误 ;

2017-12-30 12:42:23 waring :
------------
String:
Request Failed

2017-12-30 14:29:53 trace :
------------
String:
<xml><ToUserName><![CDATA[gh_3280735b50d8]]></ToUserName>
<FromUserName><![CDATA[oyWTK1NUzTKPXf36sB_FRxKmDLqI]]></FromUserName>
<CreateTime>1514615392</CreateTime>
<MsgType><![CDATA[event]]></MsgType>
<Event><![CDATA[MASSSENDJOBFINISH]]></Event>
<MsgID>1000000020</MsgID>
<Status><![CDATA[send success]]></Status>
<TotalCount>169</TotalCount>
<FilterCount>169</FilterCount>
<SentCount>169</SentCount>
<ErrorCount>0</ErrorCount>
<CopyrightCheckResult><Count>0</Count>
<ResultList></ResultList>
<CheckState>0</CheckState>
</CopyrightCheckResult>
</xml>

2017-12-30 14:29:53 params :
------------
Array:
message : Array ;
module : basic ;
rule : 11 ;
priority : 0 ;
keyword : Array ;

2017-12-30 14:29:53 response :
------------
Array:
FromUserName : gh_3280735b50d8 ;
ToUserName : oyWTK1NUzTKPXf36sB_FRxKmDLqI ;
MsgType : text ;
Content : 欢迎关注黔满园荣贵微信公众号！ ;

2017-12-30 14:33:39 trace :
------------
String:
<xml><ToUserName><![CDATA[gh_3280735b50d8]]></ToUserName>
<FromUserName><![CDATA[oyWTK1AjMJfRHPiMS9m03S_psVaU]]></FromUserName>
<CreateTime>1514615618</CreateTime>
<MsgType><![CDATA[event]]></MsgType>
<Event><![CDATA[VIEW]]></Event>
<EventKey><![CDATA[http://www.gzqtbw.com/app/index.php?i=10&c=home&t=12]]></EventKey>
<MenuId>427588424</MenuId>
</xml>

2017-12-30 14:33:39 params :
------------
Array:
message : Array ;
module : basic ;
rule : 11 ;
priority : 0 ;
keyword : Array ;

2017-12-30 14:33:39 response :
------------
Array:
FromUserName : gh_3280735b50d8 ;
ToUserName : oyWTK1AjMJfRHPiMS9m03S_psVaU ;
MsgType : text ;
Content : 欢迎关注黔满园荣贵微信公众号！ ;

2017-12-30 14:51:29 trace :
------------
String:
<xml><ToUserName><![CDATA[gh_3280735b50d8]]></ToUserName>
<FromUserName><![CDATA[oyWTK1KpV7SJFkdl-E3QymazIevg]]></FromUserName>
<CreateTime>1514616688</CreateTime>
<MsgType><![CDATA[event]]></MsgType>
<Event><![CDATA[subscribe]]></Event>
<EventKey><![CDATA[]]></EventKey>
</xml>

2017-12-30 14:51:29 params :
------------
Array:
message : Array ;
module : basic ;
rule : 11 ;
priority : 0 ;
keyword : Array ;

2017-12-30 14:51:29 response :
------------
Array:
FromUserName : gh_3280735b50d8 ;
ToUserName : oyWTK1KpV7SJFkdl-E3QymazIevg ;
MsgType : text ;
Content : 欢迎关注黔满园荣贵微信公众号！ ;

2017-12-30 14:54:33 trace :
------------
String:
<xml><ToUserName><![CDATA[gh_3280735b50d8]]></ToUserName>
<FromUserName><![CDATA[oyWTK1KpV7SJFkdl-E3QymazIevg]]></FromUserName>
<CreateTime>1514616872</CreateTime>
<MsgType><![CDATA[event]]></MsgType>
<Event><![CDATA[unsubscribe]]></Event>
<EventKey><![CDATA[]]></EventKey>
</xml>

2017-12-30 17:21:03 trace :
------------
String:
<xml><ToUserName><![CDATA[gh_3280735b50d8]]></ToUserName>
<FromUserName><![CDATA[oyWTK1Dp3iUHI8USuHS-H4KARAnU]]></FromUserName>
<CreateTime>1514625663</CreateTime>
<MsgType><![CDATA[event]]></MsgType>
<Event><![CDATA[unsubscribe]]></Event>
<EventKey><![CDATA[]]></EventKey>
</xml>

2017-12-30 17:52:51 trace :
------------
String:
<xml><ToUserName><![CDATA[gh_3280735b50d8]]></ToUserName>
<FromUserName><![CDATA[oyWTK1Ns9FRJ4Y4pt7eNQFYLIL28]]></FromUserName>
<CreateTime>1514627571</CreateTime>
<MsgType><![CDATA[event]]></MsgType>
<Event><![CDATA[subscribe]]></Event>
<EventKey><![CDATA[]]></EventKey>
</xml>

2017-12-30 17:52:51 params :
------------
Array:
message : Array ;
module : basic ;
rule : 11 ;
priority : 0 ;
keyword : Array ;

2017-12-30 17:52:51 response :
------------
Array:
FromUserName : gh_3280735b50d8 ;
ToUserName : oyWTK1Ns9FRJ4Y4pt7eNQFYLIL28 ;
MsgType : text ;
Content : 欢迎关注黔满园荣贵微信公众号！ ;

2017-12-30 18:02:10 trace :
------------
String:
<xml><ToUserName><![CDATA[gh_3280735b50d8]]></ToUserName>
<FromUserName><![CDATA[oyWTK1Ijnl41PQMan-P9kBtVu9S0]]></FromUserName>
<CreateTime>1514628130</CreateTime>
<MsgType><![CDATA[event]]></MsgType>
<Event><![CDATA[unsubscribe]]></Event>
<EventKey><![CDATA[]]></EventKey>
</xml>

2017-12-30 18:12:53 trace :
------------
String:
<xml><ToUserName><![CDATA[gh_3280735b50d8]]></ToUserName>
<FromUserName><![CDATA[oyWTK1NdlNUn6A_wZRz6OO5kWKxs]]></FromUserName>
<CreateTime>1514628772</CreateTime>
<MsgType><![CDATA[event]]></MsgType>
<Event><![CDATA[subscribe]]></Event>
<EventKey><![CDATA[]]></EventKey>
</xml>

2017-12-30 18:12:53 params :
------------
Array:
message : Array ;
module : basic ;
rule : 11 ;
priority : 0 ;
keyword : Array ;

2017-12-30 18:12:53 response :
------------
Array:
FromUserName : gh_3280735b50d8 ;
ToUserName : oyWTK1NdlNUn6A_wZRz6OO5kWKxs ;
MsgType : text ;
Content : 欢迎关注黔满园荣贵微信公众号！ ;

2017-12-30 18:12:58 trace :
------------
String:
<xml><ToUserName><![CDATA[gh_3280735b50d8]]></ToUserName>
<FromUserName><![CDATA[oyWTK1NdlNUn6A_wZRz6OO5kWKxs]]></FromUserName>
<CreateTime>1514628777</CreateTime>
<MsgType><![CDATA[event]]></MsgType>
<Event><![CDATA[VIEW]]></Event>
<EventKey><![CDATA[http://www.gzqtbw.com/app/index.php?i=10&c=home&t=12]]></EventKey>
<MenuId>427588424</MenuId>
</xml>

2017-12-30 18:12:58 params :
------------
Array:
message : Array ;
module : basic ;
rule : 11 ;
priority : 0 ;
keyword : Array ;

2017-12-30 18:12:58 response :
------------
Array:
FromUserName : gh_3280735b50d8 ;
ToUserName : oyWTK1NdlNUn6A_wZRz6OO5kWKxs ;
MsgType : text ;
Content : 欢迎关注黔满园荣贵微信公众号！ ;

