2017-12-14 09:22:36 trace :
------------
String:
<xml><ToUserName><![CDATA[gh_07a7ab1e550f]]></ToUserName>
<FromUserName><![CDATA[oBqpn1eyVLsUCSqBiD8ZewmsYYOg]]></FromUserName>
<CreateTime>1513214556</CreateTime>
<MsgType><![CDATA[event]]></MsgType>
<Event><![CDATA[VIEW]]></Event>
<EventKey><![CDATA[http://www.gzqtbw.com/app/index.php?i=18&c=entry&do=shop&m=ewei_shop]]></EventKey>
<MenuId>441742328</MenuId>
</xml>

2017-12-14 09:22:36 params :
------------
Array:
message : Array ;
module : basic ;
rule : 20 ;
priority : 0 ;
keyword : Array ;

2017-12-14 09:22:36 response :
------------
Array:
FromUserName : gh_07a7ab1e550f ;
ToUserName : oBqpn1eyVLsUCSqBiD8ZewmsYYOg ;
MsgType : text ;
Content : 感谢关注贵州罗甸红心火龙果/爱心 ;

2017-12-14 09:25:36 trace :
------------
String:
<xml><ToUserName><![CDATA[gh_07a7ab1e550f]]></ToUserName>
<FromUserName><![CDATA[oBqpn1eyVLsUCSqBiD8ZewmsYYOg]]></FromUserName>
<CreateTime>1513214736</CreateTime>
<MsgType><![CDATA[event]]></MsgType>
<Event><![CDATA[VIEW]]></Event>
<EventKey><![CDATA[http://www.gzqtbw.com/app/index.php?i=18&c=entry&do=shop&m=ewei_shop]]></EventKey>
<MenuId>441742328</MenuId>
</xml>

2017-12-14 09:25:37 params :
------------
Array:
message : Array ;
module : basic ;
rule : 20 ;
priority : 0 ;
keyword : Array ;

2017-12-14 09:25:37 response :
------------
Array:
FromUserName : gh_07a7ab1e550f ;
ToUserName : oBqpn1eyVLsUCSqBiD8ZewmsYYOg ;
MsgType : text ;
Content : 感谢关注贵州罗甸红心火龙果/爱心 ;

2017-12-14 10:21:14 trace :
------------
String:
<xml><ToUserName><![CDATA[gh_07a7ab1e550f]]></ToUserName>
<FromUserName><![CDATA[oBqpn1UXkMC3aDyQJWO2GxA933P0]]></FromUserName>
<CreateTime>1513218073</CreateTime>
<MsgType><![CDATA[event]]></MsgType>
<Event><![CDATA[subscribe]]></Event>
<EventKey><![CDATA[]]></EventKey>
</xml>

2017-12-14 10:21:14 params :
------------
Array:
message : Array ;
module : basic ;
rule : 20 ;
priority : 0 ;
keyword : Array ;

2017-12-14 10:21:14 response :
------------
Array:
FromUserName : gh_07a7ab1e550f ;
ToUserName : oBqpn1UXkMC3aDyQJWO2GxA933P0 ;
MsgType : text ;
Content : 感谢关注贵州罗甸红心火龙果/爱心 ;

2017-12-14 10:21:27 trace :
------------
String:
<xml><ToUserName><![CDATA[gh_07a7ab1e550f]]></ToUserName>
<FromUserName><![CDATA[oBqpn1eyVLsUCSqBiD8ZewmsYYOg]]></FromUserName>
<CreateTime>1513218087</CreateTime>
<MsgType><![CDATA[event]]></MsgType>
<Event><![CDATA[unsubscribe]]></Event>
<EventKey><![CDATA[]]></EventKey>
</xml>

2017-12-14 10:22:49 trace :
------------
String:
<xml><ToUserName><![CDATA[gh_07a7ab1e550f]]></ToUserName>
<FromUserName><![CDATA[oBqpn1UXkMC3aDyQJWO2GxA933P0]]></FromUserName>
<CreateTime>1513218168</CreateTime>
<MsgType><![CDATA[event]]></MsgType>
<Event><![CDATA[unsubscribe]]></Event>
<EventKey><![CDATA[]]></EventKey>
</xml>

2017-12-14 10:22:49 trace :
------------
String:
<xml><ToUserName><![CDATA[gh_07a7ab1e550f]]></ToUserName>
<FromUserName><![CDATA[oBqpn1WBxwj0yjszId7ZAj1w8fjU]]></FromUserName>
<CreateTime>1513218169</CreateTime>
<MsgType><![CDATA[event]]></MsgType>
<Event><![CDATA[unsubscribe]]></Event>
<EventKey><![CDATA[]]></EventKey>
</xml>

2017-12-14 10:22:52 trace :
------------
String:
<xml><ToUserName><![CDATA[gh_07a7ab1e550f]]></ToUserName>
<FromUserName><![CDATA[oBqpn1eyVLsUCSqBiD8ZewmsYYOg]]></FromUserName>
<CreateTime>1513218171</CreateTime>
<MsgType><![CDATA[event]]></MsgType>
<Event><![CDATA[subscribe]]></Event>
<EventKey><![CDATA[]]></EventKey>
</xml>

2017-12-14 10:22:52 params :
------------
Array:
message : Array ;
module : basic ;
rule : 20 ;
priority : 0 ;
keyword : Array ;

2017-12-14 10:22:52 response :
------------
Array:
FromUserName : gh_07a7ab1e550f ;
ToUserName : oBqpn1eyVLsUCSqBiD8ZewmsYYOg ;
MsgType : text ;
Content : 感谢关注贵州罗甸红心火龙果/爱心 ;

2017-12-14 10:22:55 trace :
------------
String:
<xml><ToUserName><![CDATA[gh_07a7ab1e550f]]></ToUserName>
<FromUserName><![CDATA[oBqpn1WBxwj0yjszId7ZAj1w8fjU]]></FromUserName>
<CreateTime>1513218174</CreateTime>
<MsgType><![CDATA[event]]></MsgType>
<Event><![CDATA[subscribe]]></Event>
<EventKey><![CDATA[]]></EventKey>
</xml>

2017-12-14 10:22:55 params :
------------
Array:
message : Array ;
module : basic ;
rule : 20 ;
priority : 0 ;
keyword : Array ;

2017-12-14 10:22:55 response :
------------
Array:
FromUserName : gh_07a7ab1e550f ;
ToUserName : oBqpn1WBxwj0yjszId7ZAj1w8fjU ;
MsgType : text ;
Content : 感谢关注贵州罗甸红心火龙果/爱心 ;

2017-12-14 10:22:56 trace :
------------
String:
<xml><ToUserName><![CDATA[gh_07a7ab1e550f]]></ToUserName>
<FromUserName><![CDATA[oBqpn1UXkMC3aDyQJWO2GxA933P0]]></FromUserName>
<CreateTime>1513218175</CreateTime>
<MsgType><![CDATA[event]]></MsgType>
<Event><![CDATA[subscribe]]></Event>
<EventKey><![CDATA[]]></EventKey>
</xml>

2017-12-14 10:22:56 params :
------------
Array:
message : Array ;
module : basic ;
rule : 20 ;
priority : 0 ;
keyword : Array ;

2017-12-14 10:22:56 response :
------------
Array:
FromUserName : gh_07a7ab1e550f ;
ToUserName : oBqpn1UXkMC3aDyQJWO2GxA933P0 ;
MsgType : text ;
Content : 感谢关注贵州罗甸红心火龙果/爱心 ;

2017-12-14 10:22:58 trace :
------------
String:
<xml><ToUserName><![CDATA[gh_07a7ab1e550f]]></ToUserName>
<FromUserName><![CDATA[oBqpn1WBxwj0yjszId7ZAj1w8fjU]]></FromUserName>
<CreateTime>1513218177</CreateTime>
<MsgType><![CDATA[event]]></MsgType>
<Event><![CDATA[VIEW]]></Event>
<EventKey><![CDATA[http://www.gzqtbw.com/app/index.php?i=18&c=entry&do=shop&m=ewei_shop]]></EventKey>
<MenuId>441791122</MenuId>
</xml>

2017-12-14 10:22:58 params :
------------
Array:
message : Array ;
module : basic ;
rule : 20 ;
priority : 0 ;
keyword : Array ;

2017-12-14 10:22:58 response :
------------
Array:
FromUserName : gh_07a7ab1e550f ;
ToUserName : oBqpn1WBxwj0yjszId7ZAj1w8fjU ;
MsgType : text ;
Content : 感谢关注贵州罗甸红心火龙果/爱心 ;

2017-12-14 10:25:13 trace :
------------
String:
<xml><ToUserName><![CDATA[gh_07a7ab1e550f]]></ToUserName>
<FromUserName><![CDATA[oBqpn1UXkMC3aDyQJWO2GxA933P0]]></FromUserName>
<CreateTime>1513218312</CreateTime>
<MsgType><![CDATA[event]]></MsgType>
<Event><![CDATA[unsubscribe]]></Event>
<EventKey><![CDATA[]]></EventKey>
</xml>

2017-12-14 10:25:16 trace :
------------
String:
<xml><ToUserName><![CDATA[gh_07a7ab1e550f]]></ToUserName>
<FromUserName><![CDATA[oBqpn1UXkMC3aDyQJWO2GxA933P0]]></FromUserName>
<CreateTime>1513218315</CreateTime>
<MsgType><![CDATA[event]]></MsgType>
<Event><![CDATA[subscribe]]></Event>
<EventKey><![CDATA[]]></EventKey>
</xml>

2017-12-14 10:25:16 params :
------------
Array:
message : Array ;
module : basic ;
rule : 20 ;
priority : 0 ;
keyword : Array ;

2017-12-14 10:25:16 response :
------------
Array:
FromUserName : gh_07a7ab1e550f ;
ToUserName : oBqpn1UXkMC3aDyQJWO2GxA933P0 ;
MsgType : text ;
Content : 感谢关注贵州罗甸红心火龙果/爱心 ;

2017-12-14 10:25:17 trace :
------------
String:
<xml><ToUserName><![CDATA[gh_07a7ab1e550f]]></ToUserName>
<FromUserName><![CDATA[oBqpn1UXkMC3aDyQJWO2GxA933P0]]></FromUserName>
<CreateTime>1513218317</CreateTime>
<MsgType><![CDATA[event]]></MsgType>
<Event><![CDATA[VIEW]]></Event>
<EventKey><![CDATA[http://www.gzqtbw.com/app/index.php?i=18&c=entry&do=shop&m=ewei_shop]]></EventKey>
<MenuId>441791122</MenuId>
</xml>

2017-12-14 10:25:17 params :
------------
Array:
message : Array ;
module : basic ;
rule : 20 ;
priority : 0 ;
keyword : Array ;

2017-12-14 10:25:17 response :
------------
Array:
FromUserName : gh_07a7ab1e550f ;
ToUserName : oBqpn1UXkMC3aDyQJWO2GxA933P0 ;
MsgType : text ;
Content : 感谢关注贵州罗甸红心火龙果/爱心 ;

2017-12-14 10:25:21 trace :
------------
String:
<xml><ToUserName><![CDATA[gh_07a7ab1e550f]]></ToUserName>
<FromUserName><![CDATA[oBqpn1WBxwj0yjszId7ZAj1w8fjU]]></FromUserName>
<CreateTime>1513218321</CreateTime>
<MsgType><![CDATA[event]]></MsgType>
<Event><![CDATA[VIEW]]></Event>
<EventKey><![CDATA[http://www.gzqtbw.com/app/index.php?i=18&c=entry&do=shop&m=ewei_shop]]></EventKey>
<MenuId>441791122</MenuId>
</xml>

2017-12-14 10:25:21 params :
------------
Array:
message : Array ;
module : basic ;
rule : 20 ;
priority : 0 ;
keyword : Array ;

2017-12-14 10:25:21 response :
------------
Array:
FromUserName : gh_07a7ab1e550f ;
ToUserName : oBqpn1WBxwj0yjszId7ZAj1w8fjU ;
MsgType : text ;
Content : 感谢关注贵州罗甸红心火龙果/爱心 ;

2017-12-14 10:26:58 trace :
------------
String:
<xml><ToUserName><![CDATA[gh_07a7ab1e550f]]></ToUserName>
<FromUserName><![CDATA[oBqpn1WBxwj0yjszId7ZAj1w8fjU]]></FromUserName>
<CreateTime>1513218417</CreateTime>
<MsgType><![CDATA[event]]></MsgType>
<Event><![CDATA[VIEW]]></Event>
<EventKey><![CDATA[http://www.gzqtbw.com/app/index.php?i=18&c=entry&do=shop&m=ewei_shop]]></EventKey>
<MenuId>441791122</MenuId>
</xml>

2017-12-14 10:26:58 params :
------------
Array:
message : Array ;
module : basic ;
rule : 20 ;
priority : 0 ;
keyword : Array ;

2017-12-14 10:26:58 response :
------------
Array:
FromUserName : gh_07a7ab1e550f ;
ToUserName : oBqpn1WBxwj0yjszId7ZAj1w8fjU ;
MsgType : text ;
Content : 感谢关注贵州罗甸红心火龙果/爱心 ;

2017-12-14 10:31:19 trace :
------------
String:
<xml><ToUserName><![CDATA[gh_07a7ab1e550f]]></ToUserName>
<FromUserName><![CDATA[oBqpn1WBxwj0yjszId7ZAj1w8fjU]]></FromUserName>
<CreateTime>1513218679</CreateTime>
<MsgType><![CDATA[event]]></MsgType>
<Event><![CDATA[VIEW]]></Event>
<EventKey><![CDATA[http://www.gzqtbw.com/app/index.php?i=18&c=entry&do=shop&m=ewei_shop]]></EventKey>
<MenuId>441791122</MenuId>
</xml>

2017-12-14 10:31:19 params :
------------
Array:
message : Array ;
module : basic ;
rule : 20 ;
priority : 0 ;
keyword : Array ;

2017-12-14 10:31:19 response :
------------
Array:
FromUserName : gh_07a7ab1e550f ;
ToUserName : oBqpn1WBxwj0yjszId7ZAj1w8fjU ;
MsgType : text ;
Content : 感谢关注贵州罗甸红心火龙果/爱心 ;

2017-12-14 10:32:33 trace :
------------
String:
<xml><ToUserName><![CDATA[gh_07a7ab1e550f]]></ToUserName>
<FromUserName><![CDATA[oBqpn1WBxwj0yjszId7ZAj1w8fjU]]></FromUserName>
<CreateTime>1513218752</CreateTime>
<MsgType><![CDATA[event]]></MsgType>
<Event><![CDATA[unsubscribe]]></Event>
<EventKey><![CDATA[]]></EventKey>
</xml>

2017-12-14 10:32:37 trace :
------------
String:
<xml><ToUserName><![CDATA[gh_07a7ab1e550f]]></ToUserName>
<FromUserName><![CDATA[oBqpn1WBxwj0yjszId7ZAj1w8fjU]]></FromUserName>
<CreateTime>1513218756</CreateTime>
<MsgType><![CDATA[event]]></MsgType>
<Event><![CDATA[subscribe]]></Event>
<EventKey><![CDATA[]]></EventKey>
</xml>

2017-12-14 10:32:37 params :
------------
Array:
message : Array ;
module : basic ;
rule : 20 ;
priority : 0 ;
keyword : Array ;

2017-12-14 10:32:37 response :
------------
Array:
FromUserName : gh_07a7ab1e550f ;
ToUserName : oBqpn1WBxwj0yjszId7ZAj1w8fjU ;
MsgType : text ;
Content : 感谢关注贵州罗甸红心火龙果/爱心 ;

2017-12-14 10:32:39 trace :
------------
String:
<xml><ToUserName><![CDATA[gh_07a7ab1e550f]]></ToUserName>
<FromUserName><![CDATA[oBqpn1WBxwj0yjszId7ZAj1w8fjU]]></FromUserName>
<CreateTime>1513218758</CreateTime>
<MsgType><![CDATA[event]]></MsgType>
<Event><![CDATA[VIEW]]></Event>
<EventKey><![CDATA[http://www.gzqtbw.com/app/index.php?i=18&c=home&t=26]]></EventKey>
<MenuId>441791206</MenuId>
</xml>

2017-12-14 10:32:39 params :
------------
Array:
message : Array ;
module : basic ;
rule : 20 ;
priority : 0 ;
keyword : Array ;

2017-12-14 10:32:39 response :
------------
Array:
FromUserName : gh_07a7ab1e550f ;
ToUserName : oBqpn1WBxwj0yjszId7ZAj1w8fjU ;
MsgType : text ;
Content : 感谢关注贵州罗甸红心火龙果/爱心 ;

2017-12-14 10:34:59 trace :
------------
String:
<xml><ToUserName><![CDATA[gh_07a7ab1e550f]]></ToUserName>
<FromUserName><![CDATA[oBqpn1UXkMC3aDyQJWO2GxA933P0]]></FromUserName>
<CreateTime>1513218899</CreateTime>
<MsgType><![CDATA[event]]></MsgType>
<Event><![CDATA[VIEW]]></Event>
<EventKey><![CDATA[http://www.gzqtbw.com/app/index.php?i=18&c=home&t=26]]></EventKey>
<MenuId>441791206</MenuId>
</xml>

2017-12-14 10:34:59 params :
------------
Array:
message : Array ;
module : basic ;
rule : 20 ;
priority : 0 ;
keyword : Array ;

2017-12-14 10:34:59 response :
------------
Array:
FromUserName : gh_07a7ab1e550f ;
ToUserName : oBqpn1UXkMC3aDyQJWO2GxA933P0 ;
MsgType : text ;
Content : 感谢关注贵州罗甸红心火龙果/爱心 ;

2017-12-14 10:35:11 trace :
------------
String:
<xml><ToUserName><![CDATA[gh_07a7ab1e550f]]></ToUserName>
<FromUserName><![CDATA[oBqpn1UXkMC3aDyQJWO2GxA933P0]]></FromUserName>
<CreateTime>1513218910</CreateTime>
<MsgType><![CDATA[event]]></MsgType>
<Event><![CDATA[VIEW]]></Event>
<EventKey><![CDATA[http://www.gzqtbw.com/app/index.php?i=18&c=entry&do=shop&m=ewei_shop]]></EventKey>
<MenuId>441791206</MenuId>
</xml>

2017-12-14 10:35:11 params :
------------
Array:
message : Array ;
module : basic ;
rule : 20 ;
priority : 0 ;
keyword : Array ;

2017-12-14 10:35:11 response :
------------
Array:
FromUserName : gh_07a7ab1e550f ;
ToUserName : oBqpn1UXkMC3aDyQJWO2GxA933P0 ;
MsgType : text ;
Content : 感谢关注贵州罗甸红心火龙果/爱心 ;

2017-12-14 10:42:07 trace :
------------
String:
<xml><ToUserName><![CDATA[gh_07a7ab1e550f]]></ToUserName>
<FromUserName><![CDATA[oBqpn1WBxwj0yjszId7ZAj1w8fjU]]></FromUserName>
<CreateTime>1513219327</CreateTime>
<MsgType><![CDATA[event]]></MsgType>
<Event><![CDATA[VIEW]]></Event>
<EventKey><![CDATA[http://www.gzqtbw.com/app/index.php?i=18&c=home&t=26]]></EventKey>
<MenuId>441791206</MenuId>
</xml>

2017-12-14 10:42:07 params :
------------
Array:
message : Array ;
module : basic ;
rule : 20 ;
priority : 0 ;
keyword : Array ;

2017-12-14 10:42:07 response :
------------
Array:
FromUserName : gh_07a7ab1e550f ;
ToUserName : oBqpn1WBxwj0yjszId7ZAj1w8fjU ;
MsgType : text ;
Content : 感谢关注贵州罗甸红心火龙果/爱心 ;

2017-12-14 10:42:30 trace :
------------
String:
<xml><ToUserName><![CDATA[gh_07a7ab1e550f]]></ToUserName>
<FromUserName><![CDATA[oBqpn1WBxwj0yjszId7ZAj1w8fjU]]></FromUserName>
<CreateTime>1513219349</CreateTime>
<MsgType><![CDATA[event]]></MsgType>
<Event><![CDATA[VIEW]]></Event>
<EventKey><![CDATA[http://www.gzqtbw.com/app/index.php?i=18&c=home&t=26]]></EventKey>
<MenuId>441791206</MenuId>
</xml>

2017-12-14 10:42:30 params :
------------
Array:
message : Array ;
module : basic ;
rule : 20 ;
priority : 0 ;
keyword : Array ;

2017-12-14 10:42:30 response :
------------
Array:
FromUserName : gh_07a7ab1e550f ;
ToUserName : oBqpn1WBxwj0yjszId7ZAj1w8fjU ;
MsgType : text ;
Content : 感谢关注贵州罗甸红心火龙果/爱心 ;

2017-12-14 10:43:23 trace :
------------
String:
<xml><ToUserName><![CDATA[gh_07a7ab1e550f]]></ToUserName>
<FromUserName><![CDATA[oBqpn1WBxwj0yjszId7ZAj1w8fjU]]></FromUserName>
<CreateTime>1513219403</CreateTime>
<MsgType><![CDATA[event]]></MsgType>
<Event><![CDATA[unsubscribe]]></Event>
<EventKey><![CDATA[]]></EventKey>
</xml>

2017-12-14 10:43:29 trace :
------------
String:
<xml><ToUserName><![CDATA[gh_07a7ab1e550f]]></ToUserName>
<FromUserName><![CDATA[oBqpn1WBxwj0yjszId7ZAj1w8fjU]]></FromUserName>
<CreateTime>1513219408</CreateTime>
<MsgType><![CDATA[event]]></MsgType>
<Event><![CDATA[subscribe]]></Event>
<EventKey><![CDATA[]]></EventKey>
</xml>

2017-12-14 10:43:29 params :
------------
Array:
message : Array ;
module : basic ;
rule : 20 ;
priority : 0 ;
keyword : Array ;

2017-12-14 10:43:29 response :
------------
Array:
FromUserName : gh_07a7ab1e550f ;
ToUserName : oBqpn1WBxwj0yjszId7ZAj1w8fjU ;
MsgType : text ;
Content : 感谢关注贵州罗甸红心火龙果/爱心 ;

2017-12-14 10:43:31 trace :
------------
String:
<xml><ToUserName><![CDATA[gh_07a7ab1e550f]]></ToUserName>
<FromUserName><![CDATA[oBqpn1WBxwj0yjszId7ZAj1w8fjU]]></FromUserName>
<CreateTime>1513219411</CreateTime>
<MsgType><![CDATA[event]]></MsgType>
<Event><![CDATA[VIEW]]></Event>
<EventKey><![CDATA[http://www.gzqtbw.com/app/index.php?i=18&c=home&t=26]]></EventKey>
<MenuId>441791206</MenuId>
</xml>

2017-12-14 10:43:31 params :
------------
Array:
message : Array ;
module : basic ;
rule : 20 ;
priority : 0 ;
keyword : Array ;

2017-12-14 10:43:31 response :
------------
Array:
FromUserName : gh_07a7ab1e550f ;
ToUserName : oBqpn1WBxwj0yjszId7ZAj1w8fjU ;
MsgType : text ;
Content : 感谢关注贵州罗甸红心火龙果/爱心 ;

2017-12-14 10:44:19 trace :
------------
String:
<xml><ToUserName><![CDATA[gh_07a7ab1e550f]]></ToUserName>
<FromUserName><![CDATA[oBqpn1UXkMC3aDyQJWO2GxA933P0]]></FromUserName>
<CreateTime>1513219458</CreateTime>
<MsgType><![CDATA[event]]></MsgType>
<Event><![CDATA[unsubscribe]]></Event>
<EventKey><![CDATA[]]></EventKey>
</xml>

2017-12-14 10:44:24 trace :
------------
String:
<xml><ToUserName><![CDATA[gh_07a7ab1e550f]]></ToUserName>
<FromUserName><![CDATA[oBqpn1UXkMC3aDyQJWO2GxA933P0]]></FromUserName>
<CreateTime>1513219463</CreateTime>
<MsgType><![CDATA[event]]></MsgType>
<Event><![CDATA[subscribe]]></Event>
<EventKey><![CDATA[]]></EventKey>
</xml>

2017-12-14 10:44:24 params :
------------
Array:
message : Array ;
module : basic ;
rule : 20 ;
priority : 0 ;
keyword : Array ;

2017-12-14 10:44:24 response :
------------
Array:
FromUserName : gh_07a7ab1e550f ;
ToUserName : oBqpn1UXkMC3aDyQJWO2GxA933P0 ;
MsgType : text ;
Content : 感谢关注贵州罗甸红心火龙果/爱心 ;

2017-12-14 10:44:25 trace :
------------
String:
<xml><ToUserName><![CDATA[gh_07a7ab1e550f]]></ToUserName>
<FromUserName><![CDATA[oBqpn1UXkMC3aDyQJWO2GxA933P0]]></FromUserName>
<CreateTime>1513219465</CreateTime>
<MsgType><![CDATA[event]]></MsgType>
<Event><![CDATA[VIEW]]></Event>
<EventKey><![CDATA[http://www.gzqtbw.com/app/index.php?i=18&c=entry&do=shop&m=ewei_shop]]></EventKey>
<MenuId>441791206</MenuId>
</xml>

2017-12-14 10:44:25 params :
------------
Array:
message : Array ;
module : basic ;
rule : 20 ;
priority : 0 ;
keyword : Array ;

2017-12-14 10:44:25 response :
------------
Array:
FromUserName : gh_07a7ab1e550f ;
ToUserName : oBqpn1UXkMC3aDyQJWO2GxA933P0 ;
MsgType : text ;
Content : 感谢关注贵州罗甸红心火龙果/爱心 ;

2017-12-14 10:45:41 trace :
------------
String:
<xml><ToUserName><![CDATA[gh_07a7ab1e550f]]></ToUserName>
<FromUserName><![CDATA[oBqpn1WBxwj0yjszId7ZAj1w8fjU]]></FromUserName>
<CreateTime>1513219540</CreateTime>
<MsgType><![CDATA[event]]></MsgType>
<Event><![CDATA[VIEW]]></Event>
<EventKey><![CDATA[http://www.gzqtbw.com/app/index.php?i=18&c=entry&do=shop&m=ewei_shop]]></EventKey>
<MenuId>441791206</MenuId>
</xml>

2017-12-14 10:45:41 params :
------------
Array:
message : Array ;
module : basic ;
rule : 20 ;
priority : 0 ;
keyword : Array ;

2017-12-14 10:45:41 response :
------------
Array:
FromUserName : gh_07a7ab1e550f ;
ToUserName : oBqpn1WBxwj0yjszId7ZAj1w8fjU ;
MsgType : text ;
Content : 感谢关注贵州罗甸红心火龙果/爱心 ;

2017-12-14 10:55:27 trace :
------------
String:
<xml><ToUserName><![CDATA[gh_07a7ab1e550f]]></ToUserName>
<FromUserName><![CDATA[oBqpn1eyVLsUCSqBiD8ZewmsYYOg]]></FromUserName>
<CreateTime>1513220127</CreateTime>
<MsgType><![CDATA[event]]></MsgType>
<Event><![CDATA[VIEW]]></Event>
<EventKey><![CDATA[http://www.gzqtbw.com/app/index.php?i=18&c=home&t=26]]></EventKey>
<MenuId>441791206</MenuId>
</xml>

2017-12-14 10:55:27 params :
------------
Array:
message : Array ;
module : basic ;
rule : 20 ;
priority : 0 ;
keyword : Array ;

2017-12-14 10:55:27 response :
------------
Array:
FromUserName : gh_07a7ab1e550f ;
ToUserName : oBqpn1eyVLsUCSqBiD8ZewmsYYOg ;
MsgType : text ;
Content : 感谢关注贵州罗甸红心火龙果/爱心 ;

2017-12-14 10:55:32 trace :
------------
String:
<xml><ToUserName><![CDATA[gh_07a7ab1e550f]]></ToUserName>
<FromUserName><![CDATA[oBqpn1eyVLsUCSqBiD8ZewmsYYOg]]></FromUserName>
<CreateTime>1513220131</CreateTime>
<MsgType><![CDATA[event]]></MsgType>
<Event><![CDATA[VIEW]]></Event>
<EventKey><![CDATA[http://www.gzqtbw.com/app/index.php?i=18&c=entry&do=shop&m=ewei_shop]]></EventKey>
<MenuId>441791206</MenuId>
</xml>

2017-12-14 10:55:32 params :
------------
Array:
message : Array ;
module : basic ;
rule : 20 ;
priority : 0 ;
keyword : Array ;

2017-12-14 10:55:32 response :
------------
Array:
FromUserName : gh_07a7ab1e550f ;
ToUserName : oBqpn1eyVLsUCSqBiD8ZewmsYYOg ;
MsgType : text ;
Content : 感谢关注贵州罗甸红心火龙果/爱心 ;

2017-12-14 10:56:00 trace :
------------
String:
<xml><ToUserName><![CDATA[gh_07a7ab1e550f]]></ToUserName>
<FromUserName><![CDATA[oBqpn1eyVLsUCSqBiD8ZewmsYYOg]]></FromUserName>
<CreateTime>1513220159</CreateTime>
<MsgType><![CDATA[event]]></MsgType>
<Event><![CDATA[VIEW]]></Event>
<EventKey><![CDATA[http://www.gzqtbw.com/app/index.php?i=18&c=home&t=26]]></EventKey>
<MenuId>441791206</MenuId>
</xml>

2017-12-14 10:56:00 params :
------------
Array:
message : Array ;
module : basic ;
rule : 20 ;
priority : 0 ;
keyword : Array ;

2017-12-14 10:56:00 response :
------------
Array:
FromUserName : gh_07a7ab1e550f ;
ToUserName : oBqpn1eyVLsUCSqBiD8ZewmsYYOg ;
MsgType : text ;
Content : 感谢关注贵州罗甸红心火龙果/爱心 ;

2017-12-14 10:56:27 trace :
------------
String:
<xml><ToUserName><![CDATA[gh_07a7ab1e550f]]></ToUserName>
<FromUserName><![CDATA[oBqpn1eyVLsUCSqBiD8ZewmsYYOg]]></FromUserName>
<CreateTime>1513220187</CreateTime>
<MsgType><![CDATA[event]]></MsgType>
<Event><![CDATA[VIEW]]></Event>
<EventKey><![CDATA[http://www.gzqtbw.com/app/index.php?i=18&c=home&t=26]]></EventKey>
<MenuId>441791206</MenuId>
</xml>

2017-12-14 10:56:27 params :
------------
Array:
message : Array ;
module : basic ;
rule : 20 ;
priority : 0 ;
keyword : Array ;

2017-12-14 10:56:27 response :
------------
Array:
FromUserName : gh_07a7ab1e550f ;
ToUserName : oBqpn1eyVLsUCSqBiD8ZewmsYYOg ;
MsgType : text ;
Content : 感谢关注贵州罗甸红心火龙果/爱心 ;

2017-12-14 10:56:32 trace :
------------
String:
<xml><ToUserName><![CDATA[gh_07a7ab1e550f]]></ToUserName>
<FromUserName><![CDATA[oBqpn1UXkMC3aDyQJWO2GxA933P0]]></FromUserName>
<CreateTime>1513220192</CreateTime>
<MsgType><![CDATA[event]]></MsgType>
<Event><![CDATA[VIEW]]></Event>
<EventKey><![CDATA[http://www.gzqtbw.com/app/index.php?i=18&c=home&t=26]]></EventKey>
<MenuId>441791206</MenuId>
</xml>

2017-12-14 10:56:32 params :
------------
Array:
message : Array ;
module : basic ;
rule : 20 ;
priority : 0 ;
keyword : Array ;

2017-12-14 10:56:32 response :
------------
Array:
FromUserName : gh_07a7ab1e550f ;
ToUserName : oBqpn1UXkMC3aDyQJWO2GxA933P0 ;
MsgType : text ;
Content : 感谢关注贵州罗甸红心火龙果/爱心 ;

2017-12-14 10:57:16 trace :
------------
String:
<xml><ToUserName><![CDATA[gh_07a7ab1e550f]]></ToUserName>
<FromUserName><![CDATA[oBqpn1UXkMC3aDyQJWO2GxA933P0]]></FromUserName>
<CreateTime>1513220235</CreateTime>
<MsgType><![CDATA[event]]></MsgType>
<Event><![CDATA[VIEW]]></Event>
<EventKey><![CDATA[http://www.gzqtbw.com/app/index.php?i=18&c=home&t=26]]></EventKey>
<MenuId>441791206</MenuId>
</xml>

2017-12-14 10:57:16 params :
------------
Array:
message : Array ;
module : basic ;
rule : 20 ;
priority : 0 ;
keyword : Array ;

2017-12-14 10:57:16 response :
------------
Array:
FromUserName : gh_07a7ab1e550f ;
ToUserName : oBqpn1UXkMC3aDyQJWO2GxA933P0 ;
MsgType : text ;
Content : 感谢关注贵州罗甸红心火龙果/爱心 ;

2017-12-14 10:57:31 pay :
------------
String:
array (
  'appid' => 'wx401b2c85162adbf3',
  'attach' => '18',
  'bank_type' => 'CFT',
  'cash_fee' => '1',
  'fee_type' => 'CNY',
  'is_subscribe' => 'Y',
  'mch_id' => '1494431502',
  'nonce_str' => 'k0JxmMJQ',
  'openid' => 'oBqpn1eyVLsUCSqBiD8ZewmsYYOg',
  'out_trade_no' => '2017121410571600005723084922',
  'result_code' => 'SUCCESS',
  'return_code' => 'SUCCESS',
  'sign' => '8DDD9761A0DDBA856ED98AF85C6178E4',
  'time_end' => '20171214105730',
  'total_fee' => '1',
  'trade_type' => 'JSAPI',
  'transaction_id' => '4200000030201712143746027267',
)

2017-12-14 10:57:41 trace :
------------
String:
<xml><ToUserName><![CDATA[gh_07a7ab1e550f]]></ToUserName>
<FromUserName><![CDATA[oBqpn1WBxwj0yjszId7ZAj1w8fjU]]></FromUserName>
<CreateTime>1513220260</CreateTime>
<MsgType><![CDATA[event]]></MsgType>
<Event><![CDATA[VIEW]]></Event>
<EventKey><![CDATA[http://www.gzqtbw.com/app/index.php?i=18&c=home&t=26]]></EventKey>
<MenuId>441791206</MenuId>
</xml>

2017-12-14 10:57:41 params :
------------
Array:
message : Array ;
module : basic ;
rule : 20 ;
priority : 0 ;
keyword : Array ;

2017-12-14 10:57:41 response :
------------
Array:
FromUserName : gh_07a7ab1e550f ;
ToUserName : oBqpn1WBxwj0yjszId7ZAj1w8fjU ;
MsgType : text ;
Content : 感谢关注贵州罗甸红心火龙果/爱心 ;

2017-12-14 10:57:43 pay :
------------
String:
array (
  'appid' => 'wx401b2c85162adbf3',
  'attach' => '18',
  'bank_type' => 'CFT',
  'cash_fee' => '1',
  'fee_type' => 'CNY',
  'is_subscribe' => 'Y',
  'mch_id' => '1494431502',
  'nonce_str' => 'k0JxmMJQ',
  'openid' => 'oBqpn1eyVLsUCSqBiD8ZewmsYYOg',
  'out_trade_no' => '2017121410571600005723084922',
  'result_code' => 'SUCCESS',
  'return_code' => 'SUCCESS',
  'sign' => '8DDD9761A0DDBA856ED98AF85C6178E4',
  'time_end' => '20171214105730',
  'total_fee' => '1',
  'trade_type' => 'JSAPI',
  'transaction_id' => '4200000030201712143746027267',
)

2017-12-14 10:58:02 pay :
------------
String:
array (
  'appid' => 'wx401b2c85162adbf3',
  'attach' => '18',
  'bank_type' => 'CFT',
  'cash_fee' => '1',
  'fee_type' => 'CNY',
  'is_subscribe' => 'Y',
  'mch_id' => '1494431502',
  'nonce_str' => 'k0JxmMJQ',
  'openid' => 'oBqpn1eyVLsUCSqBiD8ZewmsYYOg',
  'out_trade_no' => '2017121410571600005723084922',
  'result_code' => 'SUCCESS',
  'return_code' => 'SUCCESS',
  'sign' => '8DDD9761A0DDBA856ED98AF85C6178E4',
  'time_end' => '20171214105730',
  'total_fee' => '1',
  'trade_type' => 'JSAPI',
  'transaction_id' => '4200000030201712143746027267',
)

2017-12-14 10:58:25 pay :
------------
String:
array (
  'appid' => 'wx401b2c85162adbf3',
  'attach' => '18',
  'bank_type' => 'CFT',
  'cash_fee' => '1',
  'fee_type' => 'CNY',
  'is_subscribe' => 'Y',
  'mch_id' => '1494431502',
  'nonce_str' => 'xh4XsKQ5',
  'openid' => 'oBqpn1UXkMC3aDyQJWO2GxA933P0',
  'out_trade_no' => '2017121410581800005748208143',
  'result_code' => 'SUCCESS',
  'return_code' => 'SUCCESS',
  'sign' => '5ECD78EF192EF178DC0652629270648E',
  'time_end' => '20171214105825',
  'total_fee' => '1',
  'trade_type' => 'JSAPI',
  'transaction_id' => '4200000006201712143840400705',
)

2017-12-14 10:58:33 pay :
------------
String:
array (
  'appid' => 'wx401b2c85162adbf3',
  'attach' => '18',
  'bank_type' => 'CFT',
  'cash_fee' => '1',
  'fee_type' => 'CNY',
  'is_subscribe' => 'Y',
  'mch_id' => '1494431502',
  'nonce_str' => 'k0JxmMJQ',
  'openid' => 'oBqpn1eyVLsUCSqBiD8ZewmsYYOg',
  'out_trade_no' => '2017121410571600005723084922',
  'result_code' => 'SUCCESS',
  'return_code' => 'SUCCESS',
  'sign' => '8DDD9761A0DDBA856ED98AF85C6178E4',
  'time_end' => '20171214105730',
  'total_fee' => '1',
  'trade_type' => 'JSAPI',
  'transaction_id' => '4200000030201712143746027267',
)

2017-12-14 10:58:37 pay :
------------
String:
array (
  'appid' => 'wx401b2c85162adbf3',
  'attach' => '18',
  'bank_type' => 'CFT',
  'cash_fee' => '1',
  'fee_type' => 'CNY',
  'is_subscribe' => 'Y',
  'mch_id' => '1494431502',
  'nonce_str' => 'xh4XsKQ5',
  'openid' => 'oBqpn1UXkMC3aDyQJWO2GxA933P0',
  'out_trade_no' => '2017121410581800005748208143',
  'result_code' => 'SUCCESS',
  'return_code' => 'SUCCESS',
  'sign' => '5ECD78EF192EF178DC0652629270648E',
  'time_end' => '20171214105825',
  'total_fee' => '1',
  'trade_type' => 'JSAPI',
  'transaction_id' => '4200000006201712143840400705',
)

2017-12-14 10:58:53 pay :
------------
String:
array (
  'appid' => 'wx401b2c85162adbf3',
  'attach' => '18',
  'bank_type' => 'CFT',
  'cash_fee' => '1',
  'fee_type' => 'CNY',
  'is_subscribe' => 'Y',
  'mch_id' => '1494431502',
  'nonce_str' => 'xh4XsKQ5',
  'openid' => 'oBqpn1UXkMC3aDyQJWO2GxA933P0',
  'out_trade_no' => '2017121410581800005748208143',
  'result_code' => 'SUCCESS',
  'return_code' => 'SUCCESS',
  'sign' => '5ECD78EF192EF178DC0652629270648E',
  'time_end' => '20171214105825',
  'total_fee' => '1',
  'trade_type' => 'JSAPI',
  'transaction_id' => '4200000006201712143840400705',
)

2017-12-14 10:58:59 trace :
------------
String:
<xml><ToUserName><![CDATA[gh_07a7ab1e550f]]></ToUserName>
<FromUserName><![CDATA[oBqpn1UXkMC3aDyQJWO2GxA933P0]]></FromUserName>
<CreateTime>1513220338</CreateTime>
<MsgType><![CDATA[event]]></MsgType>
<Event><![CDATA[VIEW]]></Event>
<EventKey><![CDATA[http://www.gzqtbw.com/app/index.php?i=18&c=entry&do=shop&m=ewei_shop]]></EventKey>
<MenuId>441791206</MenuId>
</xml>

2017-12-14 10:58:59 params :
------------
Array:
message : Array ;
module : basic ;
rule : 20 ;
priority : 0 ;
keyword : Array ;

2017-12-14 10:58:59 response :
------------
Array:
FromUserName : gh_07a7ab1e550f ;
ToUserName : oBqpn1UXkMC3aDyQJWO2GxA933P0 ;
MsgType : text ;
Content : 感谢关注贵州罗甸红心火龙果/爱心 ;

2017-12-14 10:59:08 trace :
------------
String:
<xml><ToUserName><![CDATA[gh_07a7ab1e550f]]></ToUserName>
<FromUserName><![CDATA[oBqpn1WBxwj0yjszId7ZAj1w8fjU]]></FromUserName>
<CreateTime>1513220348</CreateTime>
<MsgType><![CDATA[event]]></MsgType>
<Event><![CDATA[VIEW]]></Event>
<EventKey><![CDATA[http://www.gzqtbw.com/app/index.php?i=18&c=entry&do=shop&m=ewei_shop]]></EventKey>
<MenuId>441791206</MenuId>
</xml>

2017-12-14 10:59:08 params :
------------
Array:
message : Array ;
module : basic ;
rule : 20 ;
priority : 0 ;
keyword : Array ;

2017-12-14 10:59:08 response :
------------
Array:
FromUserName : gh_07a7ab1e550f ;
ToUserName : oBqpn1WBxwj0yjszId7ZAj1w8fjU ;
MsgType : text ;
Content : 感谢关注贵州罗甸红心火龙果/爱心 ;

2017-12-14 10:59:26 pay :
------------
String:
array (
  'appid' => 'wx401b2c85162adbf3',
  'attach' => '18',
  'bank_type' => 'CFT',
  'cash_fee' => '1',
  'fee_type' => 'CNY',
  'is_subscribe' => 'Y',
  'mch_id' => '1494431502',
  'nonce_str' => 'xh4XsKQ5',
  'openid' => 'oBqpn1UXkMC3aDyQJWO2GxA933P0',
  'out_trade_no' => '2017121410581800005748208143',
  'result_code' => 'SUCCESS',
  'return_code' => 'SUCCESS',
  'sign' => '5ECD78EF192EF178DC0652629270648E',
  'time_end' => '20171214105825',
  'total_fee' => '1',
  'trade_type' => 'JSAPI',
  'transaction_id' => '4200000006201712143840400705',
)

2017-12-14 11:01:36 pay :
------------
String:
array (
  'appid' => 'wx401b2c85162adbf3',
  'attach' => '18',
  'bank_type' => 'CFT',
  'cash_fee' => '1',
  'fee_type' => 'CNY',
  'is_subscribe' => 'Y',
  'mch_id' => '1494431502',
  'nonce_str' => 'k0JxmMJQ',
  'openid' => 'oBqpn1eyVLsUCSqBiD8ZewmsYYOg',
  'out_trade_no' => '2017121410571600005723084922',
  'result_code' => 'SUCCESS',
  'return_code' => 'SUCCESS',
  'sign' => '8DDD9761A0DDBA856ED98AF85C6178E4',
  'time_end' => '20171214105730',
  'total_fee' => '1',
  'trade_type' => 'JSAPI',
  'transaction_id' => '4200000030201712143746027267',
)

2017-12-14 11:02:29 pay :
------------
String:
array (
  'appid' => 'wx401b2c85162adbf3',
  'attach' => '18',
  'bank_type' => 'CFT',
  'cash_fee' => '1',
  'fee_type' => 'CNY',
  'is_subscribe' => 'Y',
  'mch_id' => '1494431502',
  'nonce_str' => 'xh4XsKQ5',
  'openid' => 'oBqpn1UXkMC3aDyQJWO2GxA933P0',
  'out_trade_no' => '2017121410581800005748208143',
  'result_code' => 'SUCCESS',
  'return_code' => 'SUCCESS',
  'sign' => '5ECD78EF192EF178DC0652629270648E',
  'time_end' => '20171214105825',
  'total_fee' => '1',
  'trade_type' => 'JSAPI',
  'transaction_id' => '4200000006201712143840400705',
)

2017-12-14 11:30:10 trace :
------------
String:
<xml><ToUserName><![CDATA[gh_be7e4da020bc]]></ToUserName>
<FromUserName><![CDATA[oPtQ2wLcfmjEAx8FOWUPW91JCDyM]]></FromUserName>
<CreateTime>1513222210</CreateTime>
<MsgType><![CDATA[event]]></MsgType>
<Event><![CDATA[VIEW]]></Event>
<EventKey><![CDATA[http://www.gzqtbw.com/app/index.php?i=8&c=home&t=8]]></EventKey>
<MenuId>430931951</MenuId>
</xml>

2017-12-14 11:30:10 params :
------------
Array:
message : Array ;
module : basic ;
rule : 10 ;
priority : 0 ;
keyword : Array ;

2017-12-14 11:30:10 response :
------------
Array:
FromUserName : gh_be7e4da020bc ;
ToUserName : oPtQ2wLcfmjEAx8FOWUPW91JCDyM ;
MsgType : text ;
Content : 欢迎关注美食广场微信公众号！ ;

2017-12-14 11:31:39 pay :
------------
String:
array (
  'appid' => 'wx401b2c85162adbf3',
  'attach' => '18',
  'bank_type' => 'CFT',
  'cash_fee' => '1',
  'fee_type' => 'CNY',
  'is_subscribe' => 'Y',
  'mch_id' => '1494431502',
  'nonce_str' => 'k0JxmMJQ',
  'openid' => 'oBqpn1eyVLsUCSqBiD8ZewmsYYOg',
  'out_trade_no' => '2017121410571600005723084922',
  'result_code' => 'SUCCESS',
  'return_code' => 'SUCCESS',
  'sign' => '8DDD9761A0DDBA856ED98AF85C6178E4',
  'time_end' => '20171214105730',
  'total_fee' => '1',
  'trade_type' => 'JSAPI',
  'transaction_id' => '4200000030201712143746027267',
)

2017-12-14 11:32:31 pay :
------------
String:
array (
  'appid' => 'wx401b2c85162adbf3',
  'attach' => '18',
  'bank_type' => 'CFT',
  'cash_fee' => '1',
  'fee_type' => 'CNY',
  'is_subscribe' => 'Y',
  'mch_id' => '1494431502',
  'nonce_str' => 'xh4XsKQ5',
  'openid' => 'oBqpn1UXkMC3aDyQJWO2GxA933P0',
  'out_trade_no' => '2017121410581800005748208143',
  'result_code' => 'SUCCESS',
  'return_code' => 'SUCCESS',
  'sign' => '5ECD78EF192EF178DC0652629270648E',
  'time_end' => '20171214105825',
  'total_fee' => '1',
  'trade_type' => 'JSAPI',
  'transaction_id' => '4200000006201712143840400705',
)

2017-12-14 11:35:31 trace :
------------
String:
<xml><ToUserName><![CDATA[gh_07a7ab1e550f]]></ToUserName>
<FromUserName><![CDATA[oBqpn1eyVLsUCSqBiD8ZewmsYYOg]]></FromUserName>
<CreateTime>1513222530</CreateTime>
<MsgType><![CDATA[event]]></MsgType>
<Event><![CDATA[VIEW]]></Event>
<EventKey><![CDATA[http://www.gzqtbw.com/app/index.php?i=18&c=entry&do=shop&m=ewei_shop]]></EventKey>
<MenuId>441791206</MenuId>
</xml>

2017-12-14 11:35:31 params :
------------
Array:
message : Array ;
module : basic ;
rule : 20 ;
priority : 0 ;
keyword : Array ;

2017-12-14 11:35:31 response :
------------
Array:
FromUserName : gh_07a7ab1e550f ;
ToUserName : oBqpn1eyVLsUCSqBiD8ZewmsYYOg ;
MsgType : text ;
Content : 感谢关注贵州罗甸红心火龙果/爱心 ;

2017-12-14 11:38:51 trace :
------------
String:
<xml><ToUserName><![CDATA[gh_07a7ab1e550f]]></ToUserName>
<FromUserName><![CDATA[oBqpn1eyVLsUCSqBiD8ZewmsYYOg]]></FromUserName>
<CreateTime>1513222730</CreateTime>
<MsgType><![CDATA[event]]></MsgType>
<Event><![CDATA[VIEW]]></Event>
<EventKey><![CDATA[http://www.gzqtbw.com/app/index.php?i=18&c=entry&do=shop&m=ewei_shop]]></EventKey>
<MenuId>441791206</MenuId>
</xml>

2017-12-14 11:38:51 params :
------------
Array:
message : Array ;
module : basic ;
rule : 20 ;
priority : 0 ;
keyword : Array ;

2017-12-14 11:38:51 response :
------------
Array:
FromUserName : gh_07a7ab1e550f ;
ToUserName : oBqpn1eyVLsUCSqBiD8ZewmsYYOg ;
MsgType : text ;
Content : 感谢关注贵州罗甸红心火龙果/爱心 ;

2017-12-14 11:39:26 trace :
------------
String:
<xml><ToUserName><![CDATA[gh_07a7ab1e550f]]></ToUserName>
<FromUserName><![CDATA[oBqpn1WBxwj0yjszId7ZAj1w8fjU]]></FromUserName>
<CreateTime>1513222765</CreateTime>
<MsgType><![CDATA[event]]></MsgType>
<Event><![CDATA[VIEW]]></Event>
<EventKey><![CDATA[http://www.gzqtbw.com/app/index.php?i=18&c=entry&do=shop&m=ewei_shop]]></EventKey>
<MenuId>441791206</MenuId>
</xml>

2017-12-14 11:39:26 params :
------------
Array:
message : Array ;
module : basic ;
rule : 20 ;
priority : 0 ;
keyword : Array ;

2017-12-14 11:39:26 response :
------------
Array:
FromUserName : gh_07a7ab1e550f ;
ToUserName : oBqpn1WBxwj0yjszId7ZAj1w8fjU ;
MsgType : text ;
Content : 感谢关注贵州罗甸红心火龙果/爱心 ;

2017-12-14 11:39:42 trace :
------------
String:
<xml><ToUserName><![CDATA[gh_07a7ab1e550f]]></ToUserName>
<FromUserName><![CDATA[oBqpn1WBxwj0yjszId7ZAj1w8fjU]]></FromUserName>
<CreateTime>1513222781</CreateTime>
<MsgType><![CDATA[event]]></MsgType>
<Event><![CDATA[VIEW]]></Event>
<EventKey><![CDATA[http://www.gzqtbw.com/app/index.php?i=18&c=entry&do=shop&m=ewei_shop]]></EventKey>
<MenuId>441791206</MenuId>
</xml>

2017-12-14 11:39:42 params :
------------
Array:
message : Array ;
module : basic ;
rule : 20 ;
priority : 0 ;
keyword : Array ;

2017-12-14 11:39:42 response :
------------
Array:
FromUserName : gh_07a7ab1e550f ;
ToUserName : oBqpn1WBxwj0yjszId7ZAj1w8fjU ;
MsgType : text ;
Content : 感谢关注贵州罗甸红心火龙果/爱心 ;

2017-12-14 11:40:42 trace :
------------
String:
<xml><ToUserName><![CDATA[gh_07a7ab1e550f]]></ToUserName>
<FromUserName><![CDATA[oBqpn1UXkMC3aDyQJWO2GxA933P0]]></FromUserName>
<CreateTime>1513222841</CreateTime>
<MsgType><![CDATA[event]]></MsgType>
<Event><![CDATA[VIEW]]></Event>
<EventKey><![CDATA[http://www.gzqtbw.com/app/index.php?i=18&c=entry&do=shop&m=ewei_shop]]></EventKey>
<MenuId>441791206</MenuId>
</xml>

2017-12-14 11:40:42 params :
------------
Array:
message : Array ;
module : basic ;
rule : 20 ;
priority : 0 ;
keyword : Array ;

2017-12-14 11:40:42 response :
------------
Array:
FromUserName : gh_07a7ab1e550f ;
ToUserName : oBqpn1UXkMC3aDyQJWO2GxA933P0 ;
MsgType : text ;
Content : 感谢关注贵州罗甸红心火龙果/爱心 ;

2017-12-14 11:40:52 trace :
------------
String:
<xml><ToUserName><![CDATA[gh_be7e4da020bc]]></ToUserName>
<FromUserName><![CDATA[oPtQ2wKVXLPog4ZQE5kjL0pXcP6E]]></FromUserName>
<CreateTime>1513222852</CreateTime>
<MsgType><![CDATA[event]]></MsgType>
<Event><![CDATA[subscribe]]></Event>
<EventKey><![CDATA[]]></EventKey>
</xml>

2017-12-14 11:40:52 params :
------------
Array:
message : Array ;
module : basic ;
rule : 10 ;
priority : 0 ;
keyword : Array ;

2017-12-14 11:40:52 response :
------------
Array:
FromUserName : gh_be7e4da020bc ;
ToUserName : oPtQ2wKVXLPog4ZQE5kjL0pXcP6E ;
MsgType : text ;
Content : 欢迎关注美食广场微信公众号！ ;

2017-12-14 11:41:01 trace :
------------
String:
<xml><ToUserName><![CDATA[gh_be7e4da020bc]]></ToUserName>
<FromUserName><![CDATA[oPtQ2wKVXLPog4ZQE5kjL0pXcP6E]]></FromUserName>
<CreateTime>1513222860</CreateTime>
<MsgType><![CDATA[event]]></MsgType>
<Event><![CDATA[VIEW]]></Event>
<EventKey><![CDATA[http://www.gzqtbw.com/app/index.php?i=8&c=home&t=8]]></EventKey>
<MenuId>430931951</MenuId>
</xml>

2017-12-14 11:41:01 params :
------------
Array:
message : Array ;
module : basic ;
rule : 10 ;
priority : 0 ;
keyword : Array ;

2017-12-14 11:41:01 response :
------------
Array:
FromUserName : gh_be7e4da020bc ;
ToUserName : oPtQ2wKVXLPog4ZQE5kjL0pXcP6E ;
MsgType : text ;
Content : 欢迎关注美食广场微信公众号！ ;

2017-12-14 11:42:30 trace :
------------
String:
<xml><ToUserName><![CDATA[gh_07a7ab1e550f]]></ToUserName>
<FromUserName><![CDATA[oBqpn1UXkMC3aDyQJWO2GxA933P0]]></FromUserName>
<CreateTime>1513222949</CreateTime>
<MsgType><![CDATA[event]]></MsgType>
<Event><![CDATA[VIEW]]></Event>
<EventKey><![CDATA[http://www.gzqtbw.com/app/index.php?i=18&c=entry&do=shop&m=ewei_shop]]></EventKey>
<MenuId>441791206</MenuId>
</xml>

2017-12-14 11:42:30 params :
------------
Array:
message : Array ;
module : basic ;
rule : 20 ;
priority : 0 ;
keyword : Array ;

2017-12-14 11:42:30 response :
------------
Array:
FromUserName : gh_07a7ab1e550f ;
ToUserName : oBqpn1UXkMC3aDyQJWO2GxA933P0 ;
MsgType : text ;
Content : 感谢关注贵州罗甸红心火龙果/爱心 ;

2017-12-14 11:43:40 trace :
------------
String:
<xml><ToUserName><![CDATA[gh_be7e4da020bc]]></ToUserName>
<FromUserName><![CDATA[oPtQ2wKVXLPog4ZQE5kjL0pXcP6E]]></FromUserName>
<CreateTime>1513223020</CreateTime>
<MsgType><![CDATA[event]]></MsgType>
<Event><![CDATA[VIEW]]></Event>
<EventKey><![CDATA[http://www.gzqtbw.com/app/index.php?i=8&c=home&t=8]]></EventKey>
<MenuId>430931951</MenuId>
</xml>

2017-12-14 11:43:40 params :
------------
Array:
message : Array ;
module : basic ;
rule : 10 ;
priority : 0 ;
keyword : Array ;

2017-12-14 11:43:40 response :
------------
Array:
FromUserName : gh_be7e4da020bc ;
ToUserName : oPtQ2wKVXLPog4ZQE5kjL0pXcP6E ;
MsgType : text ;
Content : 欢迎关注美食广场微信公众号！ ;

2017-12-14 12:01:41 pay :
------------
String:
array (
  'appid' => 'wx401b2c85162adbf3',
  'attach' => '18',
  'bank_type' => 'CFT',
  'cash_fee' => '1',
  'fee_type' => 'CNY',
  'is_subscribe' => 'Y',
  'mch_id' => '1494431502',
  'nonce_str' => 'k0JxmMJQ',
  'openid' => 'oBqpn1eyVLsUCSqBiD8ZewmsYYOg',
  'out_trade_no' => '2017121410571600005723084922',
  'result_code' => 'SUCCESS',
  'return_code' => 'SUCCESS',
  'sign' => '8DDD9761A0DDBA856ED98AF85C6178E4',
  'time_end' => '20171214105730',
  'total_fee' => '1',
  'trade_type' => 'JSAPI',
  'transaction_id' => '4200000030201712143746027267',
)

2017-12-14 12:02:33 pay :
------------
String:
array (
  'appid' => 'wx401b2c85162adbf3',
  'attach' => '18',
  'bank_type' => 'CFT',
  'cash_fee' => '1',
  'fee_type' => 'CNY',
  'is_subscribe' => 'Y',
  'mch_id' => '1494431502',
  'nonce_str' => 'xh4XsKQ5',
  'openid' => 'oBqpn1UXkMC3aDyQJWO2GxA933P0',
  'out_trade_no' => '2017121410581800005748208143',
  'result_code' => 'SUCCESS',
  'return_code' => 'SUCCESS',
  'sign' => '5ECD78EF192EF178DC0652629270648E',
  'time_end' => '20171214105825',
  'total_fee' => '1',
  'trade_type' => 'JSAPI',
  'transaction_id' => '4200000006201712143840400705',
)

2017-12-14 12:04:26 trace :
------------
String:
<xml><ToUserName><![CDATA[gh_a9b445bf4f73]]></ToUserName>
<FromUserName><![CDATA[oaQb9wT-ac5F3hz8_FipJEBm-sQk]]></FromUserName>
<CreateTime>1513224265</CreateTime>
<MsgType><![CDATA[event]]></MsgType>
<Event><![CDATA[VIEW]]></Event>
<EventKey><![CDATA[http://mb.gzqtbw.com:7088/]]></EventKey>
<MenuId>422750895</MenuId>
</xml>

2017-12-14 12:04:26 params :
------------
Array:
message : Array ;
module : basic ;
rule : 16 ;
priority : 0 ;
keyword : Array ;

2017-12-14 12:04:26 response :
------------
Array:
FromUserName : gh_a9b445bf4f73 ;
ToUserName : oaQb9wT-ac5F3hz8_FipJEBm-sQk ;
MsgType : text ;
Content : 欢迎关注贵州博达云科技发展有限公司！ ;

2017-12-14 12:04:55 trace :
------------
String:
<xml><ToUserName><![CDATA[gh_a9b445bf4f73]]></ToUserName>
<FromUserName><![CDATA[oaQb9wT-ac5F3hz8_FipJEBm-sQk]]></FromUserName>
<CreateTime>1513224294</CreateTime>
<MsgType><![CDATA[event]]></MsgType>
<Event><![CDATA[VIEW]]></Event>
<EventKey><![CDATA[http://mb.gzqtbw.com:7088/]]></EventKey>
<MenuId>422750895</MenuId>
</xml>

2017-12-14 12:04:55 params :
------------
Array:
message : Array ;
module : basic ;
rule : 16 ;
priority : 0 ;
keyword : Array ;

2017-12-14 12:04:55 response :
------------
Array:
FromUserName : gh_a9b445bf4f73 ;
ToUserName : oaQb9wT-ac5F3hz8_FipJEBm-sQk ;
MsgType : text ;
Content : 欢迎关注贵州博达云科技发展有限公司！ ;

2017-12-14 12:13:33 trace :
------------
String:
<xml><ToUserName><![CDATA[gh_be7e4da020bc]]></ToUserName>
<FromUserName><![CDATA[oPtQ2wDRC7_qMsBrVS4zNjrh8KrA]]></FromUserName>
<CreateTime>1513224812</CreateTime>
<MsgType><![CDATA[event]]></MsgType>
<Event><![CDATA[VIEW]]></Event>
<EventKey><![CDATA[http://www.gzqtbw.com/app/index.php?i=8&c=home&t=8]]></EventKey>
<MenuId>430931951</MenuId>
</xml>

2017-12-14 12:13:33 params :
------------
Array:
message : Array ;
module : basic ;
rule : 10 ;
priority : 0 ;
keyword : Array ;

2017-12-14 12:13:33 response :
------------
Array:
FromUserName : gh_be7e4da020bc ;
ToUserName : oPtQ2wDRC7_qMsBrVS4zNjrh8KrA ;
MsgType : text ;
Content : 欢迎关注美食广场微信公众号！ ;

2017-12-14 12:19:09 trace :
------------
String:
<xml><ToUserName><![CDATA[gh_be7e4da020bc]]></ToUserName>
<FromUserName><![CDATA[oPtQ2wENppGM2KNs5r9MDvMey27Y]]></FromUserName>
<CreateTime>1513225149</CreateTime>
<MsgType><![CDATA[event]]></MsgType>
<Event><![CDATA[VIEW]]></Event>
<EventKey><![CDATA[http://www.gzqtbw.com/app/index.php?i=8&c=home&t=8]]></EventKey>
<MenuId>430931951</MenuId>
</xml>

2017-12-14 12:19:10 params :
------------
Array:
message : Array ;
module : basic ;
rule : 10 ;
priority : 0 ;
keyword : Array ;

2017-12-14 12:19:10 response :
------------
Array:
FromUserName : gh_be7e4da020bc ;
ToUserName : oPtQ2wENppGM2KNs5r9MDvMey27Y ;
MsgType : text ;
Content : 欢迎关注美食广场微信公众号！ ;

2017-12-14 12:19:35 trace :
------------
String:
<xml><ToUserName><![CDATA[gh_be7e4da020bc]]></ToUserName>
<FromUserName><![CDATA[oPtQ2wENppGM2KNs5r9MDvMey27Y]]></FromUserName>
<CreateTime>1513225175</CreateTime>
<MsgType><![CDATA[event]]></MsgType>
<Event><![CDATA[VIEW]]></Event>
<EventKey><![CDATA[http://www.gzqtbw.com/app/index.php?i=8&c=home&t=8]]></EventKey>
<MenuId>430931951</MenuId>
</xml>

2017-12-14 12:19:35 params :
------------
Array:
message : Array ;
module : basic ;
rule : 10 ;
priority : 0 ;
keyword : Array ;

2017-12-14 12:19:35 response :
------------
Array:
FromUserName : gh_be7e4da020bc ;
ToUserName : oPtQ2wENppGM2KNs5r9MDvMey27Y ;
MsgType : text ;
Content : 欢迎关注美食广场微信公众号！ ;

2017-12-14 12:21:47 trace :
------------
String:
<xml><ToUserName><![CDATA[gh_be7e4da020bc]]></ToUserName>
<FromUserName><![CDATA[oPtQ2wENppGM2KNs5r9MDvMey27Y]]></FromUserName>
<CreateTime>1513225306</CreateTime>
<MsgType><![CDATA[event]]></MsgType>
<Event><![CDATA[VIEW]]></Event>
<EventKey><![CDATA[http://www.gzqtbw.com/app/index.php?i=8&c=home&t=8]]></EventKey>
<MenuId>430931951</MenuId>
</xml>

2017-12-14 12:21:47 params :
------------
Array:
message : Array ;
module : basic ;
rule : 10 ;
priority : 0 ;
keyword : Array ;

2017-12-14 12:21:47 response :
------------
Array:
FromUserName : gh_be7e4da020bc ;
ToUserName : oPtQ2wENppGM2KNs5r9MDvMey27Y ;
MsgType : text ;
Content : 欢迎关注美食广场微信公众号！ ;

2017-12-14 12:29:09 trace :
------------
String:
<xml><ToUserName><![CDATA[gh_be7e4da020bc]]></ToUserName>
<FromUserName><![CDATA[oPtQ2wEQAuxso4xE0yDkv5v-pLF8]]></FromUserName>
<CreateTime>1513225748</CreateTime>
<MsgType><![CDATA[event]]></MsgType>
<Event><![CDATA[VIEW]]></Event>
<EventKey><![CDATA[http://www.gzqtbw.com/app/index.php?i=8&c=home&t=8]]></EventKey>
<MenuId>430931951</MenuId>
</xml>

2017-12-14 12:29:09 params :
------------
Array:
message : Array ;
module : basic ;
rule : 10 ;
priority : 0 ;
keyword : Array ;

2017-12-14 12:29:09 response :
------------
Array:
FromUserName : gh_be7e4da020bc ;
ToUserName : oPtQ2wEQAuxso4xE0yDkv5v-pLF8 ;
MsgType : text ;
Content : 欢迎关注美食广场微信公众号！ ;

2017-12-14 12:31:42 pay :
------------
String:
array (
  'appid' => 'wx401b2c85162adbf3',
  'attach' => '18',
  'bank_type' => 'CFT',
  'cash_fee' => '1',
  'fee_type' => 'CNY',
  'is_subscribe' => 'Y',
  'mch_id' => '1494431502',
  'nonce_str' => 'k0JxmMJQ',
  'openid' => 'oBqpn1eyVLsUCSqBiD8ZewmsYYOg',
  'out_trade_no' => '2017121410571600005723084922',
  'result_code' => 'SUCCESS',
  'return_code' => 'SUCCESS',
  'sign' => '8DDD9761A0DDBA856ED98AF85C6178E4',
  'time_end' => '20171214105730',
  'total_fee' => '1',
  'trade_type' => 'JSAPI',
  'transaction_id' => '4200000030201712143746027267',
)

2017-12-14 12:32:36 pay :
------------
String:
array (
  'appid' => 'wx401b2c85162adbf3',
  'attach' => '18',
  'bank_type' => 'CFT',
  'cash_fee' => '1',
  'fee_type' => 'CNY',
  'is_subscribe' => 'Y',
  'mch_id' => '1494431502',
  'nonce_str' => 'xh4XsKQ5',
  'openid' => 'oBqpn1UXkMC3aDyQJWO2GxA933P0',
  'out_trade_no' => '2017121410581800005748208143',
  'result_code' => 'SUCCESS',
  'return_code' => 'SUCCESS',
  'sign' => '5ECD78EF192EF178DC0652629270648E',
  'time_end' => '20171214105825',
  'total_fee' => '1',
  'trade_type' => 'JSAPI',
  'transaction_id' => '4200000006201712143840400705',
)

2017-12-14 12:42:53 trace :
------------
String:
<xml><ToUserName><![CDATA[gh_a9b445bf4f73]]></ToUserName>
<FromUserName><![CDATA[oaQb9wTqB-UU1jdGu8kUrTnGlNKM]]></FromUserName>
<CreateTime>1513226572</CreateTime>
<MsgType><![CDATA[event]]></MsgType>
<Event><![CDATA[subscribe]]></Event>
<EventKey><![CDATA[]]></EventKey>
</xml>

2017-12-14 12:42:53 params :
------------
Array:
message : Array ;
module : basic ;
rule : 16 ;
priority : 0 ;
keyword : Array ;

2017-12-14 12:42:53 response :
------------
Array:
FromUserName : gh_a9b445bf4f73 ;
ToUserName : oaQb9wTqB-UU1jdGu8kUrTnGlNKM ;
MsgType : text ;
Content : 欢迎关注贵州博达云科技发展有限公司！ ;

2017-12-14 12:43:17 trace :
------------
String:
<xml><ToUserName><![CDATA[gh_a9b445bf4f73]]></ToUserName>
<FromUserName><![CDATA[oaQb9wTqB-UU1jdGu8kUrTnGlNKM]]></FromUserName>
<CreateTime>1513226596</CreateTime>
<MsgType><![CDATA[event]]></MsgType>
<Event><![CDATA[VIEW]]></Event>
<EventKey><![CDATA[http://www.gzqtbw.com/app/index.php?i=16&c=home&t=19]]></EventKey>
<MenuId>422750895</MenuId>
</xml>

2017-12-14 12:43:17 params :
------------
Array:
message : Array ;
module : basic ;
rule : 16 ;
priority : 0 ;
keyword : Array ;

2017-12-14 12:43:17 response :
------------
Array:
FromUserName : gh_a9b445bf4f73 ;
ToUserName : oaQb9wTqB-UU1jdGu8kUrTnGlNKM ;
MsgType : text ;
Content : 欢迎关注贵州博达云科技发展有限公司！ ;

2017-12-14 12:43:40 trace :
------------
String:
<xml><ToUserName><![CDATA[gh_a9b445bf4f73]]></ToUserName>
<FromUserName><![CDATA[oaQb9wTqB-UU1jdGu8kUrTnGlNKM]]></FromUserName>
<CreateTime>1513226619</CreateTime>
<MsgType><![CDATA[event]]></MsgType>
<Event><![CDATA[VIEW]]></Event>
<EventKey><![CDATA[http://www.gzqtbw.com/app/index.php?i=16&c=home&t=22]]></EventKey>
<MenuId>422750895</MenuId>
</xml>

2017-12-14 12:43:40 params :
------------
Array:
message : Array ;
module : basic ;
rule : 16 ;
priority : 0 ;
keyword : Array ;

2017-12-14 12:43:40 response :
------------
Array:
FromUserName : gh_a9b445bf4f73 ;
ToUserName : oaQb9wTqB-UU1jdGu8kUrTnGlNKM ;
MsgType : text ;
Content : 欢迎关注贵州博达云科技发展有限公司！ ;

2017-12-14 12:44:16 trace :
------------
String:
<xml><ToUserName><![CDATA[gh_a9b445bf4f73]]></ToUserName>
<FromUserName><![CDATA[oaQb9wTqB-UU1jdGu8kUrTnGlNKM]]></FromUserName>
<CreateTime>1513226656</CreateTime>
<MsgType><![CDATA[event]]></MsgType>
<Event><![CDATA[VIEW]]></Event>
<EventKey><![CDATA[http://mb.gzqtbw.com:7088/]]></EventKey>
<MenuId>422750895</MenuId>
</xml>

2017-12-14 12:44:16 params :
------------
Array:
message : Array ;
module : basic ;
rule : 16 ;
priority : 0 ;
keyword : Array ;

2017-12-14 12:44:16 response :
------------
Array:
FromUserName : gh_a9b445bf4f73 ;
ToUserName : oaQb9wTqB-UU1jdGu8kUrTnGlNKM ;
MsgType : text ;
Content : 欢迎关注贵州博达云科技发展有限公司！ ;

2017-12-14 12:45:22 trace :
------------
String:
<xml><ToUserName><![CDATA[gh_a9b445bf4f73]]></ToUserName>
<FromUserName><![CDATA[oaQb9wezIo9BOmv7EY60wB-fOQJo]]></FromUserName>
<CreateTime>1513226721</CreateTime>
<MsgType><![CDATA[event]]></MsgType>
<Event><![CDATA[VIEW]]></Event>
<EventKey><![CDATA[http://www.gzqtbw.com/app/index.php?i=16&c=home&t=19]]></EventKey>
<MenuId>422750895</MenuId>
</xml>

2017-12-14 12:45:22 params :
------------
Array:
message : Array ;
module : basic ;
rule : 16 ;
priority : 0 ;
keyword : Array ;

2017-12-14 12:45:22 response :
------------
Array:
FromUserName : gh_a9b445bf4f73 ;
ToUserName : oaQb9wezIo9BOmv7EY60wB-fOQJo ;
MsgType : text ;
Content : 欢迎关注贵州博达云科技发展有限公司！ ;

2017-12-14 12:55:31 trace :
------------
String:
<xml><ToUserName><![CDATA[gh_be7e4da020bc]]></ToUserName>
<FromUserName><![CDATA[oPtQ2wEQAuxso4xE0yDkv5v-pLF8]]></FromUserName>
<CreateTime>1513227331</CreateTime>
<MsgType><![CDATA[event]]></MsgType>
<Event><![CDATA[VIEW]]></Event>
<EventKey><![CDATA[http://www.gzqtbw.com/app/index.php?i=8&c=home&t=8]]></EventKey>
<MenuId>430931951</MenuId>
</xml>

2017-12-14 12:55:31 params :
------------
Array:
message : Array ;
module : basic ;
rule : 10 ;
priority : 0 ;
keyword : Array ;

2017-12-14 12:55:31 response :
------------
Array:
FromUserName : gh_be7e4da020bc ;
ToUserName : oPtQ2wEQAuxso4xE0yDkv5v-pLF8 ;
MsgType : text ;
Content : 欢迎关注美食广场微信公众号！ ;

2017-12-14 13:01:45 pay :
------------
String:
array (
  'appid' => 'wx401b2c85162adbf3',
  'attach' => '18',
  'bank_type' => 'CFT',
  'cash_fee' => '1',
  'fee_type' => 'CNY',
  'is_subscribe' => 'Y',
  'mch_id' => '1494431502',
  'nonce_str' => 'k0JxmMJQ',
  'openid' => 'oBqpn1eyVLsUCSqBiD8ZewmsYYOg',
  'out_trade_no' => '2017121410571600005723084922',
  'result_code' => 'SUCCESS',
  'return_code' => 'SUCCESS',
  'sign' => '8DDD9761A0DDBA856ED98AF85C6178E4',
  'time_end' => '20171214105730',
  'total_fee' => '1',
  'trade_type' => 'JSAPI',
  'transaction_id' => '4200000030201712143746027267',
)

2017-12-14 13:02:40 pay :
------------
String:
array (
  'appid' => 'wx401b2c85162adbf3',
  'attach' => '18',
  'bank_type' => 'CFT',
  'cash_fee' => '1',
  'fee_type' => 'CNY',
  'is_subscribe' => 'Y',
  'mch_id' => '1494431502',
  'nonce_str' => 'xh4XsKQ5',
  'openid' => 'oBqpn1UXkMC3aDyQJWO2GxA933P0',
  'out_trade_no' => '2017121410581800005748208143',
  'result_code' => 'SUCCESS',
  'return_code' => 'SUCCESS',
  'sign' => '5ECD78EF192EF178DC0652629270648E',
  'time_end' => '20171214105825',
  'total_fee' => '1',
  'trade_type' => 'JSAPI',
  'transaction_id' => '4200000006201712143840400705',
)

2017-12-14 13:16:59 trace :
------------
String:
<xml><ToUserName><![CDATA[gh_be7e4da020bc]]></ToUserName>
<FromUserName><![CDATA[oPtQ2wENppGM2KNs5r9MDvMey27Y]]></FromUserName>
<CreateTime>1513228619</CreateTime>
<MsgType><![CDATA[event]]></MsgType>
<Event><![CDATA[VIEW]]></Event>
<EventKey><![CDATA[http://www.gzqtbw.com/app/index.php?i=8&c=home&t=8]]></EventKey>
<MenuId>430931951</MenuId>
</xml>

2017-12-14 13:16:59 params :
------------
Array:
message : Array ;
module : basic ;
rule : 10 ;
priority : 0 ;
keyword : Array ;

2017-12-14 13:16:59 response :
------------
Array:
FromUserName : gh_be7e4da020bc ;
ToUserName : oPtQ2wENppGM2KNs5r9MDvMey27Y ;
MsgType : text ;
Content : 欢迎关注美食广场微信公众号！ ;

2017-12-14 14:01:48 pay :
------------
String:
array (
  'appid' => 'wx401b2c85162adbf3',
  'attach' => '18',
  'bank_type' => 'CFT',
  'cash_fee' => '1',
  'fee_type' => 'CNY',
  'is_subscribe' => 'Y',
  'mch_id' => '1494431502',
  'nonce_str' => 'k0JxmMJQ',
  'openid' => 'oBqpn1eyVLsUCSqBiD8ZewmsYYOg',
  'out_trade_no' => '2017121410571600005723084922',
  'result_code' => 'SUCCESS',
  'return_code' => 'SUCCESS',
  'sign' => '8DDD9761A0DDBA856ED98AF85C6178E4',
  'time_end' => '20171214105730',
  'total_fee' => '1',
  'trade_type' => 'JSAPI',
  'transaction_id' => '4200000030201712143746027267',
)

2017-12-14 14:02:41 pay :
------------
String:
array (
  'appid' => 'wx401b2c85162adbf3',
  'attach' => '18',
  'bank_type' => 'CFT',
  'cash_fee' => '1',
  'fee_type' => 'CNY',
  'is_subscribe' => 'Y',
  'mch_id' => '1494431502',
  'nonce_str' => 'xh4XsKQ5',
  'openid' => 'oBqpn1UXkMC3aDyQJWO2GxA933P0',
  'out_trade_no' => '2017121410581800005748208143',
  'result_code' => 'SUCCESS',
  'return_code' => 'SUCCESS',
  'sign' => '5ECD78EF192EF178DC0652629270648E',
  'time_end' => '20171214105825',
  'total_fee' => '1',
  'trade_type' => 'JSAPI',
  'transaction_id' => '4200000006201712143840400705',
)

2017-12-14 19:39:41 trace :
------------
String:
<xml><ToUserName><![CDATA[gh_be7e4da020bc]]></ToUserName>
<FromUserName><![CDATA[oPtQ2wHis32cPdv0CYzC7s9fFFos]]></FromUserName>
<CreateTime>1513251580</CreateTime>
<MsgType><![CDATA[event]]></MsgType>
<Event><![CDATA[subscribe]]></Event>
<EventKey><![CDATA[]]></EventKey>
</xml>

2017-12-14 19:39:41 params :
------------
Array:
message : Array ;
module : basic ;
rule : 10 ;
priority : 0 ;
keyword : Array ;

2017-12-14 19:39:41 response :
------------
Array:
FromUserName : gh_be7e4da020bc ;
ToUserName : oPtQ2wHis32cPdv0CYzC7s9fFFos ;
MsgType : text ;
Content : 欢迎关注美食广场微信公众号！ ;

2017-12-14 19:39:53 trace :
------------
String:
<xml><ToUserName><![CDATA[gh_be7e4da020bc]]></ToUserName>
<FromUserName><![CDATA[oPtQ2wHis32cPdv0CYzC7s9fFFos]]></FromUserName>
<CreateTime>1513251592</CreateTime>
<MsgType><![CDATA[event]]></MsgType>
<Event><![CDATA[VIEW]]></Event>
<EventKey><![CDATA[http://www.gzqtbw.com/app/index.php?i=8&c=site&a=site&do=detail&id=6]]></EventKey>
<MenuId>430931951</MenuId>
</xml>

2017-12-14 19:39:53 params :
------------
Array:
message : Array ;
module : basic ;
rule : 10 ;
priority : 0 ;
keyword : Array ;

2017-12-14 19:39:53 response :
------------
Array:
FromUserName : gh_be7e4da020bc ;
ToUserName : oPtQ2wHis32cPdv0CYzC7s9fFFos ;
MsgType : text ;
Content : 欢迎关注美食广场微信公众号！ ;

