2017-09-27 09:29:26 trace :
------------
String:
<xml><ToUserName><![CDATA[gh_be7e4da020bc]]></ToUserName>
<FromUserName><![CDATA[oPtQ2wJ0Gm5Hz82p8VI5NP8UxMQc]]></FromUserName>
<CreateTime>1506475765</CreateTime>
<MsgType><![CDATA[event]]></MsgType>
<Event><![CDATA[VIEW]]></Event>
<EventKey><![CDATA[http://www.gzqtbw.com/app/index.php?i=8&c=home&t=8]]></EventKey>
<MenuId>430931951</MenuId>
</xml>

2017-09-27 09:29:26 params :
------------
Array:
message : Array ;
module : basic ;
rule : 10 ;
priority : 0 ;
keyword : Array ;

2017-09-27 09:29:26 response :
------------
Array:
FromUserName : gh_be7e4da020bc ;
ToUserName : oPtQ2wJ0Gm5Hz82p8VI5NP8UxMQc ;
MsgType : text ;
Content : 欢迎关注美食广场微信公众号！ ;

2017-09-27 09:51:25 trace :
------------
String:
<xml><ToUserName><![CDATA[gh_be7e4da020bc]]></ToUserName>
<FromUserName><![CDATA[oPtQ2wFnLbSGUvIj8mU9Sd4wwpEA]]></FromUserName>
<CreateTime>1506477084</CreateTime>
<MsgType><![CDATA[event]]></MsgType>
<Event><![CDATA[subscribe]]></Event>
<EventKey><![CDATA[]]></EventKey>
</xml>

2017-09-27 09:51:25 params :
------------
Array:
message : Array ;
module : basic ;
rule : 10 ;
priority : 0 ;
keyword : Array ;

2017-09-27 09:51:25 response :
------------
Array:
FromUserName : gh_be7e4da020bc ;
ToUserName : oPtQ2wFnLbSGUvIj8mU9Sd4wwpEA ;
MsgType : text ;
Content : 欢迎关注美食广场微信公众号！ ;

2017-09-27 09:53:58 trace :
------------
String:
<xml><ToUserName><![CDATA[gh_3280735b50d8]]></ToUserName>
<FromUserName><![CDATA[oyWTK1NUzTKPXf36sB_FRxKmDLqI]]></FromUserName>
<CreateTime>1506477238</CreateTime>
<MsgType><![CDATA[event]]></MsgType>
<Event><![CDATA[MASSSENDJOBFINISH]]></Event>
<MsgID>1000000015</MsgID>
<Status><![CDATA[send success]]></Status>
<TotalCount>75</TotalCount>
<FilterCount>75</FilterCount>
<SentCount>75</SentCount>
<ErrorCount>0</ErrorCount>
<CopyrightCheckResult><Count>0</Count>
<ResultList></ResultList>
<CheckState>0</CheckState>
</CopyrightCheckResult>
</xml>

2017-09-27 09:53:58 params :
------------
Array:
message : Array ;
module : basic ;
rule : 11 ;
priority : 0 ;
keyword : Array ;

2017-09-27 09:53:58 response :
------------
Array:
FromUserName : gh_3280735b50d8 ;
ToUserName : oyWTK1NUzTKPXf36sB_FRxKmDLqI ;
MsgType : text ;
Content : 欢迎关注黔满园荣贵微信公众号！ ;

2017-09-27 10:05:17 trace :
------------
String:
<xml><ToUserName><![CDATA[gh_3280735b50d8]]></ToUserName>
<FromUserName><![CDATA[oyWTK1GQ0gpmTFVavxqmMf4uX8GI]]></FromUserName>
<CreateTime>1506477916</CreateTime>
<MsgType><![CDATA[event]]></MsgType>
<Event><![CDATA[unsubscribe]]></Event>
<EventKey><![CDATA[]]></EventKey>
</xml>

2017-09-27 11:05:31 trace :
------------
String:
<xml><ToUserName><![CDATA[gh_387f2586a480]]></ToUserName>
<FromUserName><![CDATA[oHlBev9QxhKSyqQJP_NRKoyxPdmk]]></FromUserName>
<CreateTime>1506481530</CreateTime>
<MsgType><![CDATA[event]]></MsgType>
<Event><![CDATA[VIEW]]></Event>
<EventKey><![CDATA[http://www.gzqtbw.com/app/index.php?i=12&c=mc&a=card&do=sign_display&]]></EventKey>
<MenuId>602413748</MenuId>
</xml>

2017-09-27 11:05:31 params :
------------
Array:
message : Array ;
module : basic ;
rule : 13 ;
priority : 0 ;
keyword : Array ;

2017-09-27 11:05:31 response :
------------
Array:
FromUserName : gh_387f2586a480 ;
ToUserName : oHlBev9QxhKSyqQJP_NRKoyxPdmk ;
MsgType : text ;
Content : 欢迎关注李记梧桐人家微信公众号！ ;

2017-09-27 13:19:14 trace :
------------
String:
<xml><ToUserName><![CDATA[gh_be7e4da020bc]]></ToUserName>
<FromUserName><![CDATA[oPtQ2wO7WIbjDIOXSKJOeVlwn-4E]]></FromUserName>
<CreateTime>1506489554</CreateTime>
<MsgType><![CDATA[event]]></MsgType>
<Event><![CDATA[subscribe]]></Event>
<EventKey><![CDATA[]]></EventKey>
</xml>

2017-09-27 13:19:14 params :
------------
Array:
message : Array ;
module : basic ;
rule : 10 ;
priority : 0 ;
keyword : Array ;

2017-09-27 13:19:14 response :
------------
Array:
FromUserName : gh_be7e4da020bc ;
ToUserName : oPtQ2wO7WIbjDIOXSKJOeVlwn-4E ;
MsgType : text ;
Content : 欢迎关注美食广场微信公众号！ ;

2017-09-27 13:19:16 trace :
------------
String:
<xml><ToUserName><![CDATA[gh_be7e4da020bc]]></ToUserName>
<FromUserName><![CDATA[oPtQ2wO7WIbjDIOXSKJOeVlwn-4E]]></FromUserName>
<CreateTime>1506489556</CreateTime>
<MsgType><![CDATA[event]]></MsgType>
<Event><![CDATA[VIEW]]></Event>
<EventKey><![CDATA[http://www.gzqtbw.com/app/index.php?i=8&c=home&t=8]]></EventKey>
<MenuId>430931951</MenuId>
</xml>

2017-09-27 13:19:16 params :
------------
Array:
message : Array ;
module : basic ;
rule : 10 ;
priority : 0 ;
keyword : Array ;

2017-09-27 13:19:16 response :
------------
Array:
FromUserName : gh_be7e4da020bc ;
ToUserName : oPtQ2wO7WIbjDIOXSKJOeVlwn-4E ;
MsgType : text ;
Content : 欢迎关注美食广场微信公众号！ ;

2017-09-27 14:18:17 trace :
------------
String:
<xml><ToUserName><![CDATA[gh_be7e4da020bc]]></ToUserName>
<FromUserName><![CDATA[oPtQ2wElGLUIOIMvrsHiTYPEgKSU]]></FromUserName>
<CreateTime>1506493096</CreateTime>
<MsgType><![CDATA[event]]></MsgType>
<Event><![CDATA[subscribe]]></Event>
<EventKey><![CDATA[]]></EventKey>
</xml>

2017-09-27 14:18:17 params :
------------
Array:
message : Array ;
module : basic ;
rule : 10 ;
priority : 0 ;
keyword : Array ;

2017-09-27 14:18:17 response :
------------
Array:
FromUserName : gh_be7e4da020bc ;
ToUserName : oPtQ2wElGLUIOIMvrsHiTYPEgKSU ;
MsgType : text ;
Content : 欢迎关注美食广场微信公众号！ ;

2017-09-27 14:18:21 trace :
------------
String:
<xml><ToUserName><![CDATA[gh_be7e4da020bc]]></ToUserName>
<FromUserName><![CDATA[oPtQ2wElGLUIOIMvrsHiTYPEgKSU]]></FromUserName>
<CreateTime>1506493100</CreateTime>
<MsgType><![CDATA[event]]></MsgType>
<Event><![CDATA[VIEW]]></Event>
<EventKey><![CDATA[http://www.gzqtbw.com/app/index.php?i=8&c=home&t=8]]></EventKey>
<MenuId>430931951</MenuId>
</xml>

2017-09-27 14:18:21 params :
------------
Array:
message : Array ;
module : basic ;
rule : 10 ;
priority : 0 ;
keyword : Array ;

2017-09-27 14:18:21 response :
------------
Array:
FromUserName : gh_be7e4da020bc ;
ToUserName : oPtQ2wElGLUIOIMvrsHiTYPEgKSU ;
MsgType : text ;
Content : 欢迎关注美食广场微信公众号！ ;

2017-09-27 14:29:55 trace :
------------
String:
<xml><ToUserName><![CDATA[gh_be7e4da020bc]]></ToUserName>
<FromUserName><![CDATA[oPtQ2wElGLUIOIMvrsHiTYPEgKSU]]></FromUserName>
<CreateTime>1506493794</CreateTime>
<MsgType><![CDATA[event]]></MsgType>
<Event><![CDATA[VIEW]]></Event>
<EventKey><![CDATA[http://www.gzqtbw.com/app/index.php?i=8&c=home&t=8]]></EventKey>
<MenuId>430931951</MenuId>
</xml>

2017-09-27 14:29:55 params :
------------
Array:
message : Array ;
module : basic ;
rule : 10 ;
priority : 0 ;
keyword : Array ;

2017-09-27 14:29:55 response :
------------
Array:
FromUserName : gh_be7e4da020bc ;
ToUserName : oPtQ2wElGLUIOIMvrsHiTYPEgKSU ;
MsgType : text ;
Content : 欢迎关注美食广场微信公众号！ ;

2017-09-27 15:26:59 trace :
------------
String:
<xml><ToUserName><![CDATA[gh_9e16f2771397]]></ToUserName>
<FromUserName><![CDATA[oSSurv4vy3Y3gaXcuI_zbZfxTwqE]]></FromUserName>
<CreateTime>1506497218</CreateTime>
<MsgType><![CDATA[event]]></MsgType>
<Event><![CDATA[unsubscribe]]></Event>
<EventKey><![CDATA[]]></EventKey>
</xml>

2017-09-27 16:05:02 trace :
------------
String:
<xml><ToUserName><![CDATA[gh_be7e4da020bc]]></ToUserName>
<FromUserName><![CDATA[oPtQ2wN6QNONCK5O18dow7bPgHzw]]></FromUserName>
<CreateTime>1506499501</CreateTime>
<MsgType><![CDATA[event]]></MsgType>
<Event><![CDATA[VIEW]]></Event>
<EventKey><![CDATA[http://www.gzqtbw.com/app/index.php?i=8&c=home&t=8]]></EventKey>
<MenuId>430931951</MenuId>
</xml>

2017-09-27 16:05:02 params :
------------
Array:
message : Array ;
module : basic ;
rule : 10 ;
priority : 0 ;
keyword : Array ;

2017-09-27 16:05:02 response :
------------
Array:
FromUserName : gh_be7e4da020bc ;
ToUserName : oPtQ2wN6QNONCK5O18dow7bPgHzw ;
MsgType : text ;
Content : 欢迎关注美食广场微信公众号！ ;

2017-09-27 16:05:09 trace :
------------
String:
<xml><ToUserName><![CDATA[gh_be7e4da020bc]]></ToUserName>
<FromUserName><![CDATA[oPtQ2wN6QNONCK5O18dow7bPgHzw]]></FromUserName>
<CreateTime>1506499508</CreateTime>
<MsgType><![CDATA[event]]></MsgType>
<Event><![CDATA[VIEW]]></Event>
<EventKey><![CDATA[http://www.gzqtbw.com/app/index.php?i=8&c=home&t=8]]></EventKey>
<MenuId>430931951</MenuId>
</xml>

2017-09-27 16:05:09 params :
------------
Array:
message : Array ;
module : basic ;
rule : 10 ;
priority : 0 ;
keyword : Array ;

2017-09-27 16:05:09 response :
------------
Array:
FromUserName : gh_be7e4da020bc ;
ToUserName : oPtQ2wN6QNONCK5O18dow7bPgHzw ;
MsgType : text ;
Content : 欢迎关注美食广场微信公众号！ ;

