2017-09-12 09:35:20 trace :
------------
String:
<xml><ToUserName><![CDATA[gh_be7e4da020bc]]></ToUserName>
<FromUserName><![CDATA[oPtQ2wJ0Gm5Hz82p8VI5NP8UxMQc]]></FromUserName>
<CreateTime>1505180119</CreateTime>
<MsgType><![CDATA[event]]></MsgType>
<Event><![CDATA[VIEW]]></Event>
<EventKey><![CDATA[http://www.gzqtbw.com/app/index.php?i=8&c=home&t=8]]></EventKey>
<MenuId>430931951</MenuId>
</xml>

2017-09-12 09:35:20 params :
------------
Array:
message : Array ;
module : basic ;
rule : 10 ;
priority : 0 ;
keyword : Array ;

2017-09-12 09:35:20 response :
------------
Array:
FromUserName : gh_be7e4da020bc ;
ToUserName : oPtQ2wJ0Gm5Hz82p8VI5NP8UxMQc ;
MsgType : text ;
Content : 欢迎关注美食广场微信公众号！ ;

2017-09-12 10:08:28 trace :
------------
String:
<xml><ToUserName><![CDATA[gh_be7e4da020bc]]></ToUserName>
<FromUserName><![CDATA[oPtQ2wJ0Gm5Hz82p8VI5NP8UxMQc]]></FromUserName>
<CreateTime>1505182107</CreateTime>
<MsgType><![CDATA[event]]></MsgType>
<Event><![CDATA[VIEW]]></Event>
<EventKey><![CDATA[http://www.gzqtbw.com/app/index.php?i=8&c=home&t=8]]></EventKey>
<MenuId>430931951</MenuId>
</xml>

2017-09-12 10:08:28 params :
------------
Array:
message : Array ;
module : basic ;
rule : 10 ;
priority : 0 ;
keyword : Array ;

2017-09-12 10:08:28 response :
------------
Array:
FromUserName : gh_be7e4da020bc ;
ToUserName : oPtQ2wJ0Gm5Hz82p8VI5NP8UxMQc ;
MsgType : text ;
Content : 欢迎关注美食广场微信公众号！ ;

2017-09-12 11:19:27 trace :
------------
String:
<xml><ToUserName><![CDATA[gh_9e16f2771397]]></ToUserName>
<FromUserName><![CDATA[oSSurv4Ds-0y5e71J2LjVHogql1o]]></FromUserName>
<CreateTime>1505186367</CreateTime>
<MsgType><![CDATA[text]]></MsgType>
<Content><![CDATA[1]]></Content>
<MsgId>6464726221108641966</MsgId>
</xml>

2017-09-12 11:19:27 params :
------------
Array:
message : Array ;
module : basic ;
rule : 14 ;
priority : 0 ;
keyword : Array ;

2017-09-12 11:19:27 response :
------------
Array:
FromUserName : gh_9e16f2771397 ;
ToUserName : oSSurv4Ds-0y5e71J2LjVHogql1o ;
MsgType : text ;
Content : 欢迎关注黔中一品酒楼微信公众号！ ;

2017-09-12 11:19:45 trace :
------------
String:
<xml><ToUserName><![CDATA[gh_9e16f2771397]]></ToUserName>
<FromUserName><![CDATA[oSSurv4Ds-0y5e71J2LjVHogql1o]]></FromUserName>
<CreateTime>1505186384</CreateTime>
<MsgType><![CDATA[event]]></MsgType>
<Event><![CDATA[LOCATION]]></Event>
<Latitude>26.585363</Latitude>
<Longitude>106.676628</Longitude>
<Precision>30.000000</Precision>
</xml>

2017-09-12 11:19:45 params :
------------
Array:
message : Array ;
module : default ;
rule : -1 ;

2017-09-12 11:19:45 response :
------------
Array:
errno : -1 ;
message : Invaild value ;

2017-09-12 11:19:51 trace :
------------
String:
<xml><ToUserName><![CDATA[gh_9e16f2771397]]></ToUserName>
<FromUserName><![CDATA[oSSurv4Ds-0y5e71J2LjVHogql1o]]></FromUserName>
<CreateTime>1505186391</CreateTime>
<MsgType><![CDATA[event]]></MsgType>
<Event><![CDATA[LOCATION]]></Event>
<Latitude>26.585363</Latitude>
<Longitude>106.676628</Longitude>
<Precision>30.000000</Precision>
</xml>

2017-09-12 11:19:51 params :
------------
Array:
message : Array ;
module : default ;
rule : -1 ;

2017-09-12 11:19:51 response :
------------
Array:
errno : -1 ;
message : Invaild value ;

2017-09-12 11:31:27 trace :
------------
String:
<xml><ToUserName><![CDATA[gh_be7e4da020bc]]></ToUserName>
<FromUserName><![CDATA[oPtQ2wIIJTe---tQDPzFX8JgSEJ8]]></FromUserName>
<CreateTime>1505187086</CreateTime>
<MsgType><![CDATA[event]]></MsgType>
<Event><![CDATA[subscribe]]></Event>
<EventKey><![CDATA[]]></EventKey>
</xml>

2017-09-12 11:31:27 params :
------------
Array:
message : Array ;
module : basic ;
rule : 10 ;
priority : 0 ;
keyword : Array ;

2017-09-12 11:31:27 response :
------------
Array:
FromUserName : gh_be7e4da020bc ;
ToUserName : oPtQ2wIIJTe---tQDPzFX8JgSEJ8 ;
MsgType : text ;
Content : 欢迎关注美食广场微信公众号！ ;

2017-09-12 11:45:05 trace :
------------
String:
<xml><ToUserName><![CDATA[gh_387f2586a480]]></ToUserName>
<FromUserName><![CDATA[oHlBev9XfjPgacTDjwEL37DJ7ASk]]></FromUserName>
<CreateTime>1505187904</CreateTime>
<MsgType><![CDATA[event]]></MsgType>
<Event><![CDATA[subscribe]]></Event>
<EventKey><![CDATA[]]></EventKey>
</xml>

2017-09-12 11:45:05 params :
------------
Array:
message : Array ;
module : basic ;
rule : 13 ;
priority : 0 ;
keyword : Array ;

2017-09-12 11:45:05 response :
------------
Array:
FromUserName : gh_387f2586a480 ;
ToUserName : oHlBev9XfjPgacTDjwEL37DJ7ASk ;
MsgType : text ;
Content : 欢迎关注李记梧桐人家微信公众号！ ;

2017-09-12 11:45:08 trace :
------------
String:
<xml><ToUserName><![CDATA[gh_387f2586a480]]></ToUserName>
<FromUserName><![CDATA[oHlBev9XfjPgacTDjwEL37DJ7ASk]]></FromUserName>
<CreateTime>1505187908</CreateTime>
<MsgType><![CDATA[event]]></MsgType>
<Event><![CDATA[VIEW]]></Event>
<EventKey><![CDATA[http://www.gzqtbw.com/app/index.php?i=12&c=home&t=15]]></EventKey>
<MenuId>602413748</MenuId>
</xml>

2017-09-12 11:45:08 params :
------------
Array:
message : Array ;
module : basic ;
rule : 13 ;
priority : 0 ;
keyword : Array ;

2017-09-12 11:45:08 response :
------------
Array:
FromUserName : gh_387f2586a480 ;
ToUserName : oHlBev9XfjPgacTDjwEL37DJ7ASk ;
MsgType : text ;
Content : 欢迎关注李记梧桐人家微信公众号！ ;

2017-09-12 11:45:43 trace :
------------
String:
<xml><ToUserName><![CDATA[gh_387f2586a480]]></ToUserName>
<FromUserName><![CDATA[oHlBev9XfjPgacTDjwEL37DJ7ASk]]></FromUserName>
<CreateTime>1505187943</CreateTime>
<MsgType><![CDATA[event]]></MsgType>
<Event><![CDATA[VIEW]]></Event>
<EventKey><![CDATA[http://www.gzqtbw.com/app/index.php?i=12&c=home&t=15]]></EventKey>
<MenuId>602413748</MenuId>
</xml>

2017-09-12 11:45:43 params :
------------
Array:
message : Array ;
module : basic ;
rule : 13 ;
priority : 0 ;
keyword : Array ;

2017-09-12 11:45:43 response :
------------
Array:
FromUserName : gh_387f2586a480 ;
ToUserName : oHlBev9XfjPgacTDjwEL37DJ7ASk ;
MsgType : text ;
Content : 欢迎关注李记梧桐人家微信公众号！ ;

2017-09-12 11:45:46 trace :
------------
String:
<xml><ToUserName><![CDATA[gh_387f2586a480]]></ToUserName>
<FromUserName><![CDATA[oHlBev9XfjPgacTDjwEL37DJ7ASk]]></FromUserName>
<CreateTime>1505187946</CreateTime>
<MsgType><![CDATA[event]]></MsgType>
<Event><![CDATA[VIEW]]></Event>
<EventKey><![CDATA[http://www.gzqtbw.com/app/index.php?i=12&c=home&t=15]]></EventKey>
<MenuId>602413748</MenuId>
</xml>

2017-09-12 11:45:46 params :
------------
Array:
message : Array ;
module : basic ;
rule : 13 ;
priority : 0 ;
keyword : Array ;

2017-09-12 11:45:46 response :
------------
Array:
FromUserName : gh_387f2586a480 ;
ToUserName : oHlBev9XfjPgacTDjwEL37DJ7ASk ;
MsgType : text ;
Content : 欢迎关注李记梧桐人家微信公众号！ ;

2017-09-12 11:46:11 trace :
------------
String:
<xml><ToUserName><![CDATA[gh_387f2586a480]]></ToUserName>
<FromUserName><![CDATA[oHlBev9XfjPgacTDjwEL37DJ7ASk]]></FromUserName>
<CreateTime>1505187970</CreateTime>
<MsgType><![CDATA[event]]></MsgType>
<Event><![CDATA[CLICK]]></Event>
<EventKey><![CDATA[。]]></EventKey>
</xml>

2017-09-12 11:46:11 params :
------------
Array:
message : Array ;
module : basic ;
rule : 13 ;
priority : 0 ;
keyword : Array ;

2017-09-12 11:46:11 response :
------------
Array:
FromUserName : gh_387f2586a480 ;
ToUserName : oHlBev9XfjPgacTDjwEL37DJ7ASk ;
MsgType : text ;
Content : 欢迎关注李记梧桐人家微信公众号！ ;

2017-09-12 11:46:14 trace :
------------
String:
<xml><ToUserName><![CDATA[gh_387f2586a480]]></ToUserName>
<FromUserName><![CDATA[oHlBev9XfjPgacTDjwEL37DJ7ASk]]></FromUserName>
<CreateTime>1505187973</CreateTime>
<MsgType><![CDATA[event]]></MsgType>
<Event><![CDATA[VIEW]]></Event>
<EventKey><![CDATA[http://www.gzqtbw.com/app/index.php?i=12&c=home&t=15]]></EventKey>
<MenuId>602413748</MenuId>
</xml>

2017-09-12 11:46:14 params :
------------
Array:
message : Array ;
module : basic ;
rule : 13 ;
priority : 0 ;
keyword : Array ;

2017-09-12 11:46:14 response :
------------
Array:
FromUserName : gh_387f2586a480 ;
ToUserName : oHlBev9XfjPgacTDjwEL37DJ7ASk ;
MsgType : text ;
Content : 欢迎关注李记梧桐人家微信公众号！ ;

2017-09-12 11:46:25 trace :
------------
String:
<xml><ToUserName><![CDATA[gh_387f2586a480]]></ToUserName>
<FromUserName><![CDATA[oHlBev9XfjPgacTDjwEL37DJ7ASk]]></FromUserName>
<CreateTime>1505187985</CreateTime>
<MsgType><![CDATA[event]]></MsgType>
<Event><![CDATA[VIEW]]></Event>
<EventKey><![CDATA[http://www.gzqtbw.com/app/index.php?i=12&c=home&t=15]]></EventKey>
<MenuId>602413748</MenuId>
</xml>

2017-09-12 11:46:25 params :
------------
Array:
message : Array ;
module : basic ;
rule : 13 ;
priority : 0 ;
keyword : Array ;

2017-09-12 11:46:25 response :
------------
Array:
FromUserName : gh_387f2586a480 ;
ToUserName : oHlBev9XfjPgacTDjwEL37DJ7ASk ;
MsgType : text ;
Content : 欢迎关注李记梧桐人家微信公众号！ ;

2017-09-12 11:57:52 trace :
------------
String:
<xml><ToUserName><![CDATA[gh_be7e4da020bc]]></ToUserName>
<FromUserName><![CDATA[oPtQ2wN058_KTKaJ_QgXhwrwUdaY]]></FromUserName>
<CreateTime>1505188671</CreateTime>
<MsgType><![CDATA[event]]></MsgType>
<Event><![CDATA[VIEW]]></Event>
<EventKey><![CDATA[http://www.gzqtbw.com/app/index.php?i=8&c=home&t=8]]></EventKey>
<MenuId>430931951</MenuId>
</xml>

2017-09-12 11:57:52 params :
------------
Array:
message : Array ;
module : basic ;
rule : 10 ;
priority : 0 ;
keyword : Array ;

2017-09-12 11:57:52 response :
------------
Array:
FromUserName : gh_be7e4da020bc ;
ToUserName : oPtQ2wN058_KTKaJ_QgXhwrwUdaY ;
MsgType : text ;
Content : 欢迎关注美食广场微信公众号！ ;

2017-09-12 12:47:02 trace :
------------
String:
<xml><ToUserName><![CDATA[gh_be7e4da020bc]]></ToUserName>
<FromUserName><![CDATA[oPtQ2wHZs68RncwbO5JCk4KRW4vM]]></FromUserName>
<CreateTime>1505191621</CreateTime>
<MsgType><![CDATA[event]]></MsgType>
<Event><![CDATA[subscribe]]></Event>
<EventKey><![CDATA[]]></EventKey>
</xml>

2017-09-12 12:47:02 params :
------------
Array:
message : Array ;
module : basic ;
rule : 10 ;
priority : 0 ;
keyword : Array ;

2017-09-12 12:47:02 response :
------------
Array:
FromUserName : gh_be7e4da020bc ;
ToUserName : oPtQ2wHZs68RncwbO5JCk4KRW4vM ;
MsgType : text ;
Content : 欢迎关注美食广场微信公众号！ ;

2017-09-12 12:47:05 trace :
------------
String:
<xml><ToUserName><![CDATA[gh_be7e4da020bc]]></ToUserName>
<FromUserName><![CDATA[oPtQ2wHZs68RncwbO5JCk4KRW4vM]]></FromUserName>
<CreateTime>1505191625</CreateTime>
<MsgType><![CDATA[event]]></MsgType>
<Event><![CDATA[VIEW]]></Event>
<EventKey><![CDATA[http://www.gzqtbw.com/app/index.php?i=8&c=home&t=8]]></EventKey>
<MenuId>430931951</MenuId>
</xml>

2017-09-12 12:47:05 params :
------------
Array:
message : Array ;
module : basic ;
rule : 10 ;
priority : 0 ;
keyword : Array ;

2017-09-12 12:47:05 response :
------------
Array:
FromUserName : gh_be7e4da020bc ;
ToUserName : oPtQ2wHZs68RncwbO5JCk4KRW4vM ;
MsgType : text ;
Content : 欢迎关注美食广场微信公众号！ ;

2017-09-12 13:02:48 trace :
------------
String:
<xml><ToUserName><![CDATA[gh_be7e4da020bc]]></ToUserName>
<FromUserName><![CDATA[oPtQ2wOsSPDEXLsTLdHgDojmSIUE]]></FromUserName>
<CreateTime>1505192567</CreateTime>
<MsgType><![CDATA[event]]></MsgType>
<Event><![CDATA[subscribe]]></Event>
<EventKey><![CDATA[]]></EventKey>
</xml>

2017-09-12 13:02:48 params :
------------
Array:
message : Array ;
module : basic ;
rule : 10 ;
priority : 0 ;
keyword : Array ;

2017-09-12 13:02:48 response :
------------
Array:
FromUserName : gh_be7e4da020bc ;
ToUserName : oPtQ2wOsSPDEXLsTLdHgDojmSIUE ;
MsgType : text ;
Content : 欢迎关注美食广场微信公众号！ ;

2017-09-12 13:03:03 trace :
------------
String:
<xml><ToUserName><![CDATA[gh_be7e4da020bc]]></ToUserName>
<FromUserName><![CDATA[oPtQ2wOsSPDEXLsTLdHgDojmSIUE]]></FromUserName>
<CreateTime>1505192582</CreateTime>
<MsgType><![CDATA[event]]></MsgType>
<Event><![CDATA[VIEW]]></Event>
<EventKey><![CDATA[http://www.gzqtbw.com/app/index.php?i=8&c=site&a=site&do=detail&id=6]]></EventKey>
<MenuId>430931951</MenuId>
</xml>

2017-09-12 13:03:03 params :
------------
Array:
message : Array ;
module : basic ;
rule : 10 ;
priority : 0 ;
keyword : Array ;

2017-09-12 13:03:03 response :
------------
Array:
FromUserName : gh_be7e4da020bc ;
ToUserName : oPtQ2wOsSPDEXLsTLdHgDojmSIUE ;
MsgType : text ;
Content : 欢迎关注美食广场微信公众号！ ;

2017-09-12 13:03:38 trace :
------------
String:
<xml><ToUserName><![CDATA[gh_be7e4da020bc]]></ToUserName>
<FromUserName><![CDATA[oPtQ2wOsSPDEXLsTLdHgDojmSIUE]]></FromUserName>
<CreateTime>1505192617</CreateTime>
<MsgType><![CDATA[event]]></MsgType>
<Event><![CDATA[unsubscribe]]></Event>
<EventKey><![CDATA[]]></EventKey>
</xml>

2017-09-12 13:34:24 trace :
------------
String:
<xml><ToUserName><![CDATA[gh_be7e4da020bc]]></ToUserName>
<FromUserName><![CDATA[oPtQ2wHZs68RncwbO5JCk4KRW4vM]]></FromUserName>
<CreateTime>1505194463</CreateTime>
<MsgType><![CDATA[event]]></MsgType>
<Event><![CDATA[VIEW]]></Event>
<EventKey><![CDATA[http://www.gzqtbw.com/app/index.php?i=8&c=home&t=8]]></EventKey>
<MenuId>430931951</MenuId>
</xml>

2017-09-12 13:34:24 params :
------------
Array:
message : Array ;
module : basic ;
rule : 10 ;
priority : 0 ;
keyword : Array ;

2017-09-12 13:34:24 response :
------------
Array:
FromUserName : gh_be7e4da020bc ;
ToUserName : oPtQ2wHZs68RncwbO5JCk4KRW4vM ;
MsgType : text ;
Content : 欢迎关注美食广场微信公众号！ ;

2017-09-12 13:34:50 trace :
------------
String:
<xml><ToUserName><![CDATA[gh_be7e4da020bc]]></ToUserName>
<FromUserName><![CDATA[oPtQ2wHZs68RncwbO5JCk4KRW4vM]]></FromUserName>
<CreateTime>1505194489</CreateTime>
<MsgType><![CDATA[text]]></MsgType>
<Content><![CDATA[怎么还没有来]]></Content>
<MsgId>6464761104807385875</MsgId>
</xml>

2017-09-12 13:34:50 params :
------------
Array:
message : Array ;
module : basic ;
rule : 10 ;
priority : 0 ;
keyword : Array ;

2017-09-12 13:34:50 response :
------------
Array:
FromUserName : gh_be7e4da020bc ;
ToUserName : oPtQ2wHZs68RncwbO5JCk4KRW4vM ;
MsgType : text ;
Content : 欢迎关注美食广场微信公众号！ ;

2017-09-12 13:35:00 trace :
------------
String:
<xml><ToUserName><![CDATA[gh_be7e4da020bc]]></ToUserName>
<FromUserName><![CDATA[oPtQ2wHZs68RncwbO5JCk4KRW4vM]]></FromUserName>
<CreateTime>1505194500</CreateTime>
<MsgType><![CDATA[text]]></MsgType>
<Content><![CDATA[都饿死了]]></Content>
<MsgId>6464761152052026136</MsgId>
</xml>

2017-09-12 13:35:00 params :
------------
Array:
message : Array ;
module : basic ;
rule : 10 ;
priority : 0 ;
keyword : Array ;

2017-09-12 13:35:00 response :
------------
Array:
FromUserName : gh_be7e4da020bc ;
ToUserName : oPtQ2wHZs68RncwbO5JCk4KRW4vM ;
MsgType : text ;
Content : 欢迎关注美食广场微信公众号！ ;

2017-09-12 13:35:19 trace :
------------
String:
<xml><ToUserName><![CDATA[gh_be7e4da020bc]]></ToUserName>
<FromUserName><![CDATA[oPtQ2wHZs68RncwbO5JCk4KRW4vM]]></FromUserName>
<CreateTime>1505194518</CreateTime>
<MsgType><![CDATA[event]]></MsgType>
<Event><![CDATA[VIEW]]></Event>
<EventKey><![CDATA[http://www.gzqtbw.com/app/index.php?i=8&c=home&t=8]]></EventKey>
<MenuId>430931951</MenuId>
</xml>

2017-09-12 13:35:19 params :
------------
Array:
message : Array ;
module : basic ;
rule : 10 ;
priority : 0 ;
keyword : Array ;

2017-09-12 13:35:19 response :
------------
Array:
FromUserName : gh_be7e4da020bc ;
ToUserName : oPtQ2wHZs68RncwbO5JCk4KRW4vM ;
MsgType : text ;
Content : 欢迎关注美食广场微信公众号！ ;

2017-09-12 13:38:08 trace :
------------
String:
<xml><ToUserName><![CDATA[gh_be7e4da020bc]]></ToUserName>
<FromUserName><![CDATA[oPtQ2wHZs68RncwbO5JCk4KRW4vM]]></FromUserName>
<CreateTime>1505194688</CreateTime>
<MsgType><![CDATA[event]]></MsgType>
<Event><![CDATA[VIEW]]></Event>
<EventKey><![CDATA[http://www.gzqtbw.com/app/index.php?i=8&c=home&t=8]]></EventKey>
<MenuId>430931951</MenuId>
</xml>

2017-09-12 13:38:08 params :
------------
Array:
message : Array ;
module : basic ;
rule : 10 ;
priority : 0 ;
keyword : Array ;

2017-09-12 13:38:08 response :
------------
Array:
FromUserName : gh_be7e4da020bc ;
ToUserName : oPtQ2wHZs68RncwbO5JCk4KRW4vM ;
MsgType : text ;
Content : 欢迎关注美食广场微信公众号！ ;

2017-09-12 13:38:44 trace :
------------
String:
<xml><ToUserName><![CDATA[gh_be7e4da020bc]]></ToUserName>
<FromUserName><![CDATA[oPtQ2wHZs68RncwbO5JCk4KRW4vM]]></FromUserName>
<CreateTime>1505194724</CreateTime>
<MsgType><![CDATA[event]]></MsgType>
<Event><![CDATA[VIEW]]></Event>
<EventKey><![CDATA[http://www.gzqtbw.com/app/index.php?i=8&c=home&t=8]]></EventKey>
<MenuId>430931951</MenuId>
</xml>

2017-09-12 13:38:44 params :
------------
Array:
message : Array ;
module : basic ;
rule : 10 ;
priority : 0 ;
keyword : Array ;

2017-09-12 13:38:44 response :
------------
Array:
FromUserName : gh_be7e4da020bc ;
ToUserName : oPtQ2wHZs68RncwbO5JCk4KRW4vM ;
MsgType : text ;
Content : 欢迎关注美食广场微信公众号！ ;

2017-09-12 13:39:41 trace :
------------
String:
<xml><ToUserName><![CDATA[gh_be7e4da020bc]]></ToUserName>
<FromUserName><![CDATA[oPtQ2wHZs68RncwbO5JCk4KRW4vM]]></FromUserName>
<CreateTime>1505194780</CreateTime>
<MsgType><![CDATA[event]]></MsgType>
<Event><![CDATA[VIEW]]></Event>
<EventKey><![CDATA[http://www.gzqtbw.com/app/index.php?i=8&c=home&t=8]]></EventKey>
<MenuId>430931951</MenuId>
</xml>

2017-09-12 13:39:41 params :
------------
Array:
message : Array ;
module : basic ;
rule : 10 ;
priority : 0 ;
keyword : Array ;

2017-09-12 13:39:41 response :
------------
Array:
FromUserName : gh_be7e4da020bc ;
ToUserName : oPtQ2wHZs68RncwbO5JCk4KRW4vM ;
MsgType : text ;
Content : 欢迎关注美食广场微信公众号！ ;

2017-09-12 13:51:33 trace :
------------
String:
<xml><ToUserName><![CDATA[gh_be7e4da020bc]]></ToUserName>
<FromUserName><![CDATA[oPtQ2wHHhrSCDU7WkgWWznqE6QCg]]></FromUserName>
<CreateTime>1505195489</CreateTime>
<MsgType><![CDATA[event]]></MsgType>
<Event><![CDATA[subscribe]]></Event>
<EventKey><![CDATA[]]></EventKey>
</xml>

2017-09-12 13:51:33 params :
------------
Array:
message : Array ;
module : basic ;
rule : 10 ;
priority : 0 ;
keyword : Array ;

2017-09-12 13:51:33 response :
------------
Array:
FromUserName : gh_be7e4da020bc ;
ToUserName : oPtQ2wHHhrSCDU7WkgWWznqE6QCg ;
MsgType : text ;
Content : 欢迎关注美食广场微信公众号！ ;

2017-09-12 13:51:35 trace :
------------
String:
<xml><ToUserName><![CDATA[gh_be7e4da020bc]]></ToUserName>
<FromUserName><![CDATA[oPtQ2wHHhrSCDU7WkgWWznqE6QCg]]></FromUserName>
<CreateTime>1505195495</CreateTime>
<MsgType><![CDATA[event]]></MsgType>
<Event><![CDATA[VIEW]]></Event>
<EventKey><![CDATA[http://www.gzqtbw.com/app/index.php?i=8&c=home&t=8]]></EventKey>
<MenuId>430931951</MenuId>
</xml>

2017-09-12 13:51:35 params :
------------
Array:
message : Array ;
module : basic ;
rule : 10 ;
priority : 0 ;
keyword : Array ;

2017-09-12 13:51:35 response :
------------
Array:
FromUserName : gh_be7e4da020bc ;
ToUserName : oPtQ2wHHhrSCDU7WkgWWznqE6QCg ;
MsgType : text ;
Content : 欢迎关注美食广场微信公众号！ ;

2017-09-12 13:51:44 trace :
------------
String:
<xml><ToUserName><![CDATA[gh_be7e4da020bc]]></ToUserName>
<FromUserName><![CDATA[oPtQ2wHHhrSCDU7WkgWWznqE6QCg]]></FromUserName>
<CreateTime>1505195489</CreateTime>
<MsgType><![CDATA[event]]></MsgType>
<Event><![CDATA[subscribe]]></Event>
<EventKey><![CDATA[]]></EventKey>
</xml>

2017-09-12 13:51:44 params :
------------
Array:
message : Array ;
module : basic ;
rule : 10 ;
priority : 0 ;
keyword : Array ;

2017-09-12 13:51:44 response :
------------
Array:
FromUserName : gh_be7e4da020bc ;
ToUserName : oPtQ2wHHhrSCDU7WkgWWznqE6QCg ;
MsgType : text ;
Content : 欢迎关注美食广场微信公众号！ ;

2017-09-12 14:09:45 trace :
------------
String:
<xml><ToUserName><![CDATA[gh_be7e4da020bc]]></ToUserName>
<FromUserName><![CDATA[oPtQ2wOsSPDEXLsTLdHgDojmSIUE]]></FromUserName>
<CreateTime>1505196585</CreateTime>
<MsgType><![CDATA[event]]></MsgType>
<Event><![CDATA[subscribe]]></Event>
<EventKey><![CDATA[]]></EventKey>
</xml>

2017-09-12 14:09:45 params :
------------
Array:
message : Array ;
module : basic ;
rule : 10 ;
priority : 0 ;
keyword : Array ;

2017-09-12 14:09:45 response :
------------
Array:
FromUserName : gh_be7e4da020bc ;
ToUserName : oPtQ2wOsSPDEXLsTLdHgDojmSIUE ;
MsgType : text ;
Content : 欢迎关注美食广场微信公众号！ ;

2017-09-12 14:10:02 trace :
------------
String:
<xml><ToUserName><![CDATA[gh_be7e4da020bc]]></ToUserName>
<FromUserName><![CDATA[oPtQ2wOsSPDEXLsTLdHgDojmSIUE]]></FromUserName>
<CreateTime>1505196601</CreateTime>
<MsgType><![CDATA[event]]></MsgType>
<Event><![CDATA[VIEW]]></Event>
<EventKey><![CDATA[http://www.gzqtbw.com/app/index.php?i=8&c=home&t=8]]></EventKey>
<MenuId>430931951</MenuId>
</xml>

2017-09-12 14:10:02 params :
------------
Array:
message : Array ;
module : basic ;
rule : 10 ;
priority : 0 ;
keyword : Array ;

2017-09-12 14:10:02 response :
------------
Array:
FromUserName : gh_be7e4da020bc ;
ToUserName : oPtQ2wOsSPDEXLsTLdHgDojmSIUE ;
MsgType : text ;
Content : 欢迎关注美食广场微信公众号！ ;

2017-09-12 14:26:06 trace :
------------
String:
<xml><ToUserName><![CDATA[gh_be7e4da020bc]]></ToUserName>
<FromUserName><![CDATA[oPtQ2wK2WU9vZtBJp9HxG8NSBsc8]]></FromUserName>
<CreateTime>1505197565</CreateTime>
<MsgType><![CDATA[event]]></MsgType>
<Event><![CDATA[subscribe]]></Event>
<EventKey><![CDATA[]]></EventKey>
</xml>

2017-09-12 14:26:06 params :
------------
Array:
message : Array ;
module : basic ;
rule : 10 ;
priority : 0 ;
keyword : Array ;

2017-09-12 14:26:06 response :
------------
Array:
FromUserName : gh_be7e4da020bc ;
ToUserName : oPtQ2wK2WU9vZtBJp9HxG8NSBsc8 ;
MsgType : text ;
Content : 欢迎关注美食广场微信公众号！ ;

2017-09-12 14:26:10 trace :
------------
String:
<xml><ToUserName><![CDATA[gh_be7e4da020bc]]></ToUserName>
<FromUserName><![CDATA[oPtQ2wK2WU9vZtBJp9HxG8NSBsc8]]></FromUserName>
<CreateTime>1505197569</CreateTime>
<MsgType><![CDATA[event]]></MsgType>
<Event><![CDATA[VIEW]]></Event>
<EventKey><![CDATA[http://www.gzqtbw.com/app/index.php?i=8&c=home&t=8]]></EventKey>
<MenuId>430931951</MenuId>
</xml>

2017-09-12 14:26:10 params :
------------
Array:
message : Array ;
module : basic ;
rule : 10 ;
priority : 0 ;
keyword : Array ;

2017-09-12 14:26:10 response :
------------
Array:
FromUserName : gh_be7e4da020bc ;
ToUserName : oPtQ2wK2WU9vZtBJp9HxG8NSBsc8 ;
MsgType : text ;
Content : 欢迎关注美食广场微信公众号！ ;

2017-09-12 14:27:37 trace :
------------
String:
<xml><ToUserName><![CDATA[gh_be7e4da020bc]]></ToUserName>
<FromUserName><![CDATA[oPtQ2wK2WU9vZtBJp9HxG8NSBsc8]]></FromUserName>
<CreateTime>1505197653</CreateTime>
<MsgType><![CDATA[event]]></MsgType>
<Event><![CDATA[VIEW]]></Event>
<EventKey><![CDATA[http://www.gzqtbw.com/app/index.php?i=8&c=site&a=site&do=detail&id=6]]></EventKey>
<MenuId>430931951</MenuId>
</xml>

2017-09-12 14:27:37 params :
------------
Array:
message : Array ;
module : basic ;
rule : 10 ;
priority : 0 ;
keyword : Array ;

2017-09-12 14:27:37 response :
------------
Array:
FromUserName : gh_be7e4da020bc ;
ToUserName : oPtQ2wK2WU9vZtBJp9HxG8NSBsc8 ;
MsgType : text ;
Content : 欢迎关注美食广场微信公众号！ ;

2017-09-12 14:27:56 trace :
------------
String:
<xml><ToUserName><![CDATA[gh_be7e4da020bc]]></ToUserName>
<FromUserName><![CDATA[oPtQ2wK2WU9vZtBJp9HxG8NSBsc8]]></FromUserName>
<CreateTime>1505197675</CreateTime>
<MsgType><![CDATA[event]]></MsgType>
<Event><![CDATA[VIEW]]></Event>
<EventKey><![CDATA[http://www.gzqtbw.com/app/index.php?i=8&c=home&t=8]]></EventKey>
<MenuId>430931951</MenuId>
</xml>

2017-09-12 14:27:56 params :
------------
Array:
message : Array ;
module : basic ;
rule : 10 ;
priority : 0 ;
keyword : Array ;

2017-09-12 14:27:56 response :
------------
Array:
FromUserName : gh_be7e4da020bc ;
ToUserName : oPtQ2wK2WU9vZtBJp9HxG8NSBsc8 ;
MsgType : text ;
Content : 欢迎关注美食广场微信公众号！ ;

2017-09-12 14:42:18 trace :
------------
String:
<xml><ToUserName><![CDATA[gh_be7e4da020bc]]></ToUserName>
<FromUserName><![CDATA[oPtQ2wK2WU9vZtBJp9HxG8NSBsc8]]></FromUserName>
<CreateTime>1505198537</CreateTime>
<MsgType><![CDATA[event]]></MsgType>
<Event><![CDATA[VIEW]]></Event>
<EventKey><![CDATA[http://www.gzqtbw.com/app/index.php?i=8&c=home&t=8]]></EventKey>
<MenuId>430931951</MenuId>
</xml>

2017-09-12 14:42:18 params :
------------
Array:
message : Array ;
module : basic ;
rule : 10 ;
priority : 0 ;
keyword : Array ;

2017-09-12 14:42:18 response :
------------
Array:
FromUserName : gh_be7e4da020bc ;
ToUserName : oPtQ2wK2WU9vZtBJp9HxG8NSBsc8 ;
MsgType : text ;
Content : 欢迎关注美食广场微信公众号！ ;

2017-09-12 15:22:52 trace :
------------
String:
<xml><ToUserName><![CDATA[gh_3280735b50d8]]></ToUserName>
<FromUserName><![CDATA[oyWTK1NCwyGERpT97NsstUmQtsHw]]></FromUserName>
<CreateTime>1505200969</CreateTime>
<MsgType><![CDATA[event]]></MsgType>
<Event><![CDATA[VIEW]]></Event>
<EventKey><![CDATA[http://www.gzqtbw.com/app/index.php?i=10&c=home&t=12]]></EventKey>
<MenuId>427588424</MenuId>
</xml>

2017-09-12 15:22:52 params :
------------
Array:
message : Array ;
module : basic ;
rule : 11 ;
priority : 0 ;
keyword : Array ;

2017-09-12 15:22:52 response :
------------
Array:
FromUserName : gh_3280735b50d8 ;
ToUserName : oyWTK1NCwyGERpT97NsstUmQtsHw ;
MsgType : text ;
Content : 欢迎关注黔满园荣贵微信公众号！ ;

2017-09-12 18:39:33 trace :
------------
String:
<xml><ToUserName><![CDATA[gh_387f2586a480]]></ToUserName>
<FromUserName><![CDATA[oHlBev2Mg-HraA5XqUvGuHsr_eQ8]]></FromUserName>
<CreateTime>1505212772</CreateTime>
<MsgType><![CDATA[event]]></MsgType>
<Event><![CDATA[subscribe]]></Event>
<EventKey><![CDATA[]]></EventKey>
</xml>

2017-09-12 18:39:33 params :
------------
Array:
message : Array ;
module : basic ;
rule : 13 ;
priority : 0 ;
keyword : Array ;

2017-09-12 18:39:33 response :
------------
Array:
FromUserName : gh_387f2586a480 ;
ToUserName : oHlBev2Mg-HraA5XqUvGuHsr_eQ8 ;
MsgType : text ;
Content : 欢迎关注李记梧桐人家微信公众号！ ;

2017-09-12 18:39:36 trace :
------------
String:
<xml><ToUserName><![CDATA[gh_387f2586a480]]></ToUserName>
<FromUserName><![CDATA[oHlBev2Mg-HraA5XqUvGuHsr_eQ8]]></FromUserName>
<CreateTime>1505212775</CreateTime>
<MsgType><![CDATA[event]]></MsgType>
<Event><![CDATA[VIEW]]></Event>
<EventKey><![CDATA[http://www.gzqtbw.com/app/index.php?i=12&c=home&t=15]]></EventKey>
<MenuId>602413748</MenuId>
</xml>

2017-09-12 18:39:36 params :
------------
Array:
message : Array ;
module : basic ;
rule : 13 ;
priority : 0 ;
keyword : Array ;

2017-09-12 18:39:36 response :
------------
Array:
FromUserName : gh_387f2586a480 ;
ToUserName : oHlBev2Mg-HraA5XqUvGuHsr_eQ8 ;
MsgType : text ;
Content : 欢迎关注李记梧桐人家微信公众号！ ;

2017-09-12 18:39:43 trace :
------------
String:
<xml><ToUserName><![CDATA[gh_387f2586a480]]></ToUserName>
<FromUserName><![CDATA[oHlBev2Mg-HraA5XqUvGuHsr_eQ8]]></FromUserName>
<CreateTime>1505212783</CreateTime>
<MsgType><![CDATA[event]]></MsgType>
<Event><![CDATA[CLICK]]></Event>
<EventKey><![CDATA[。]]></EventKey>
</xml>

2017-09-12 18:39:43 params :
------------
Array:
message : Array ;
module : basic ;
rule : 13 ;
priority : 0 ;
keyword : Array ;

2017-09-12 18:39:43 response :
------------
Array:
FromUserName : gh_387f2586a480 ;
ToUserName : oHlBev2Mg-HraA5XqUvGuHsr_eQ8 ;
MsgType : text ;
Content : 欢迎关注李记梧桐人家微信公众号！ ;

2017-09-12 18:39:47 trace :
------------
String:
<xml><ToUserName><![CDATA[gh_387f2586a480]]></ToUserName>
<FromUserName><![CDATA[oHlBev2Mg-HraA5XqUvGuHsr_eQ8]]></FromUserName>
<CreateTime>1505212786</CreateTime>
<MsgType><![CDATA[event]]></MsgType>
<Event><![CDATA[CLICK]]></Event>
<EventKey><![CDATA[。]]></EventKey>
</xml>

2017-09-12 18:39:47 params :
------------
Array:
message : Array ;
module : basic ;
rule : 13 ;
priority : 0 ;
keyword : Array ;

2017-09-12 18:39:47 response :
------------
Array:
FromUserName : gh_387f2586a480 ;
ToUserName : oHlBev2Mg-HraA5XqUvGuHsr_eQ8 ;
MsgType : text ;
Content : 欢迎关注李记梧桐人家微信公众号！ ;

2017-09-12 18:39:50 trace :
------------
String:
<xml><ToUserName><![CDATA[gh_387f2586a480]]></ToUserName>
<FromUserName><![CDATA[oHlBev2Mg-HraA5XqUvGuHsr_eQ8]]></FromUserName>
<CreateTime>1505212789</CreateTime>
<MsgType><![CDATA[event]]></MsgType>
<Event><![CDATA[VIEW]]></Event>
<EventKey><![CDATA[http://www.gzqtbw.com/app/index.php?i=12&c=mc&a=card&do=sign_display&]]></EventKey>
<MenuId>602413748</MenuId>
</xml>

2017-09-12 18:39:50 params :
------------
Array:
message : Array ;
module : basic ;
rule : 13 ;
priority : 0 ;
keyword : Array ;

2017-09-12 18:39:50 response :
------------
Array:
FromUserName : gh_387f2586a480 ;
ToUserName : oHlBev2Mg-HraA5XqUvGuHsr_eQ8 ;
MsgType : text ;
Content : 欢迎关注李记梧桐人家微信公众号！ ;

2017-09-12 18:39:58 trace :
------------
String:
<xml><ToUserName><![CDATA[gh_387f2586a480]]></ToUserName>
<FromUserName><![CDATA[oHlBev2Mg-HraA5XqUvGuHsr_eQ8]]></FromUserName>
<CreateTime>1505212797</CreateTime>
<MsgType><![CDATA[event]]></MsgType>
<Event><![CDATA[VIEW]]></Event>
<EventKey><![CDATA[http://www.gzqtbw.com/app/index.php?i=12&c=mc&a=bond&do=mycard&]]></EventKey>
<MenuId>602413748</MenuId>
</xml>

2017-09-12 18:39:58 params :
------------
Array:
message : Array ;
module : basic ;
rule : 13 ;
priority : 0 ;
keyword : Array ;

2017-09-12 18:39:58 response :
------------
Array:
FromUserName : gh_387f2586a480 ;
ToUserName : oHlBev2Mg-HraA5XqUvGuHsr_eQ8 ;
MsgType : text ;
Content : 欢迎关注李记梧桐人家微信公众号！ ;

2017-09-12 18:40:36 trace :
------------
String:
<xml><ToUserName><![CDATA[gh_387f2586a480]]></ToUserName>
<FromUserName><![CDATA[oHlBev2Mg-HraA5XqUvGuHsr_eQ8]]></FromUserName>
<CreateTime>1505212836</CreateTime>
<MsgType><![CDATA[event]]></MsgType>
<Event><![CDATA[VIEW]]></Event>
<EventKey><![CDATA[http://www.gzqtbw.com/app/index.php?i=12&c=site&a=site&do=detail&id=10]]></EventKey>
<MenuId>602413748</MenuId>
</xml>

2017-09-12 18:40:36 params :
------------
Array:
message : Array ;
module : basic ;
rule : 13 ;
priority : 0 ;
keyword : Array ;

2017-09-12 18:40:36 response :
------------
Array:
FromUserName : gh_387f2586a480 ;
ToUserName : oHlBev2Mg-HraA5XqUvGuHsr_eQ8 ;
MsgType : text ;
Content : 欢迎关注李记梧桐人家微信公众号！ ;

2017-09-12 18:45:22 trace :
------------
String:
<xml><ToUserName><![CDATA[gh_387f2586a480]]></ToUserName>
<FromUserName><![CDATA[oHlBev2Mg-HraA5XqUvGuHsr_eQ8]]></FromUserName>
<CreateTime>1505213121</CreateTime>
<MsgType><![CDATA[event]]></MsgType>
<Event><![CDATA[VIEW]]></Event>
<EventKey><![CDATA[http://www.gzqtbw.com/app/index.php?i=12&c=site&a=site&do=detail&id=10]]></EventKey>
<MenuId>602413748</MenuId>
</xml>

2017-09-12 18:45:22 params :
------------
Array:
message : Array ;
module : basic ;
rule : 13 ;
priority : 0 ;
keyword : Array ;

2017-09-12 18:45:22 response :
------------
Array:
FromUserName : gh_387f2586a480 ;
ToUserName : oHlBev2Mg-HraA5XqUvGuHsr_eQ8 ;
MsgType : text ;
Content : 欢迎关注李记梧桐人家微信公众号！ ;

2017-09-12 19:34:06 trace :
------------
String:
<xml><ToUserName><![CDATA[gh_be7e4da020bc]]></ToUserName>
<FromUserName><![CDATA[oPtQ2wK2WU9vZtBJp9HxG8NSBsc8]]></FromUserName>
<CreateTime>1505216045</CreateTime>
<MsgType><![CDATA[event]]></MsgType>
<Event><![CDATA[VIEW]]></Event>
<EventKey><![CDATA[http://www.gzqtbw.com/app/index.php?i=8&c=home&t=8]]></EventKey>
<MenuId>430931951</MenuId>
</xml>

2017-09-12 19:34:06 params :
------------
Array:
message : Array ;
module : basic ;
rule : 10 ;
priority : 0 ;
keyword : Array ;

2017-09-12 19:34:06 response :
------------
Array:
FromUserName : gh_be7e4da020bc ;
ToUserName : oPtQ2wK2WU9vZtBJp9HxG8NSBsc8 ;
MsgType : text ;
Content : 欢迎关注美食广场微信公众号！ ;

2017-09-12 20:02:57 trace :
------------
String:
<xml><ToUserName><![CDATA[gh_be7e4da020bc]]></ToUserName>
<FromUserName><![CDATA[oPtQ2wK2WU9vZtBJp9HxG8NSBsc8]]></FromUserName>
<CreateTime>1505217776</CreateTime>
<MsgType><![CDATA[event]]></MsgType>
<Event><![CDATA[VIEW]]></Event>
<EventKey><![CDATA[http://www.gzqtbw.com/app/index.php?i=8&c=site&a=site&do=detail&id=6]]></EventKey>
<MenuId>430931951</MenuId>
</xml>

2017-09-12 20:02:57 params :
------------
Array:
message : Array ;
module : basic ;
rule : 10 ;
priority : 0 ;
keyword : Array ;

2017-09-12 20:02:57 response :
------------
Array:
FromUserName : gh_be7e4da020bc ;
ToUserName : oPtQ2wK2WU9vZtBJp9HxG8NSBsc8 ;
MsgType : text ;
Content : 欢迎关注美食广场微信公众号！ ;

