2017-08-12 01:06:55 trace :
------------
String:
<xml><ToUserName><![CDATA[gh_be7e4da020bc]]></ToUserName>
<FromUserName><![CDATA[oPtQ2wJzrNFoY_sBBEdQQh1ZBZ7c]]></FromUserName>
<CreateTime>1502471214</CreateTime>
<MsgType><![CDATA[event]]></MsgType>
<Event><![CDATA[VIEW]]></Event>
<EventKey><![CDATA[http://www.gzqtbw.com/app/index.php?i=8&c=home&t=8]]></EventKey>
<MenuId>430931951</MenuId>
</xml>

2017-08-12 01:06:55 params :
------------
Array:
message : Array ;
module : basic ;
rule : 10 ;
priority : 0 ;
keyword : Array ;

2017-08-12 01:06:55 response :
------------
Array:
FromUserName : gh_be7e4da020bc ;
ToUserName : oPtQ2wJzrNFoY_sBBEdQQh1ZBZ7c ;
MsgType : text ;
Content : 欢迎关注美食广场微信公众号！ ;

2017-08-12 09:34:16 trace :
------------
String:
<xml><ToUserName><![CDATA[gh_be7e4da020bc]]></ToUserName>
<FromUserName><![CDATA[oPtQ2wO2nMWCTEP3T_SkecWftJGY]]></FromUserName>
<CreateTime>1502501655</CreateTime>
<MsgType><![CDATA[event]]></MsgType>
<Event><![CDATA[VIEW]]></Event>
<EventKey><![CDATA[http://www.gzqtbw.com/app/index.php?i=8&c=home&t=8]]></EventKey>
<MenuId>430931951</MenuId>
</xml>

2017-08-12 09:34:16 params :
------------
Array:
message : Array ;
module : basic ;
rule : 10 ;
priority : 0 ;
keyword : Array ;

2017-08-12 09:34:16 response :
------------
Array:
FromUserName : gh_be7e4da020bc ;
ToUserName : oPtQ2wO2nMWCTEP3T_SkecWftJGY ;
MsgType : text ;
Content : 欢迎关注美食广场微信公众号！ ;

2017-08-12 12:22:53 trace :
------------
String:
<xml><ToUserName><![CDATA[gh_be7e4da020bc]]></ToUserName>
<FromUserName><![CDATA[oPtQ2wCS1eTwQqXNNjr5hOCBrWd0]]></FromUserName>
<CreateTime>1502511773</CreateTime>
<MsgType><![CDATA[event]]></MsgType>
<Event><![CDATA[VIEW]]></Event>
<EventKey><![CDATA[http://www.gzqtbw.com/app/index.php?i=8&c=home&t=8]]></EventKey>
<MenuId>430931951</MenuId>
</xml>

2017-08-12 12:22:53 params :
------------
Array:
message : Array ;
module : basic ;
rule : 10 ;
priority : 0 ;
keyword : Array ;

2017-08-12 12:22:53 response :
------------
Array:
FromUserName : gh_be7e4da020bc ;
ToUserName : oPtQ2wCS1eTwQqXNNjr5hOCBrWd0 ;
MsgType : text ;
Content : 欢迎关注美食广场微信公众号！ ;

2017-08-12 12:29:44 trace :
------------
String:
<xml><ToUserName><![CDATA[gh_be7e4da020bc]]></ToUserName>
<FromUserName><![CDATA[oPtQ2wOeM8XZfRMVwZRfsa5z_Xg8]]></FromUserName>
<CreateTime>1502512184</CreateTime>
<MsgType><![CDATA[event]]></MsgType>
<Event><![CDATA[subscribe]]></Event>
<EventKey><![CDATA[]]></EventKey>
</xml>

2017-08-12 12:29:44 params :
------------
Array:
message : Array ;
module : basic ;
rule : 10 ;
priority : 0 ;
keyword : Array ;

2017-08-12 12:29:44 response :
------------
Array:
FromUserName : gh_be7e4da020bc ;
ToUserName : oPtQ2wOeM8XZfRMVwZRfsa5z_Xg8 ;
MsgType : text ;
Content : 欢迎关注美食广场微信公众号！ ;

2017-08-12 12:29:49 trace :
------------
String:
<xml><ToUserName><![CDATA[gh_be7e4da020bc]]></ToUserName>
<FromUserName><![CDATA[oPtQ2wOeM8XZfRMVwZRfsa5z_Xg8]]></FromUserName>
<CreateTime>1502512188</CreateTime>
<MsgType><![CDATA[event]]></MsgType>
<Event><![CDATA[VIEW]]></Event>
<EventKey><![CDATA[http://www.gzqtbw.com/app/index.php?i=8&c=home&t=8]]></EventKey>
<MenuId>430931951</MenuId>
</xml>

2017-08-12 12:29:49 params :
------------
Array:
message : Array ;
module : basic ;
rule : 10 ;
priority : 0 ;
keyword : Array ;

2017-08-12 12:29:49 response :
------------
Array:
FromUserName : gh_be7e4da020bc ;
ToUserName : oPtQ2wOeM8XZfRMVwZRfsa5z_Xg8 ;
MsgType : text ;
Content : 欢迎关注美食广场微信公众号！ ;

2017-08-12 12:30:28 trace :
------------
String:
<xml><ToUserName><![CDATA[gh_be7e4da020bc]]></ToUserName>
<FromUserName><![CDATA[oPtQ2wCS1eTwQqXNNjr5hOCBrWd0]]></FromUserName>
<CreateTime>1502512227</CreateTime>
<MsgType><![CDATA[event]]></MsgType>
<Event><![CDATA[VIEW]]></Event>
<EventKey><![CDATA[http://www.gzqtbw.com/app/index.php?i=8&c=home&t=8]]></EventKey>
<MenuId>430931951</MenuId>
</xml>

2017-08-12 12:30:28 params :
------------
Array:
message : Array ;
module : basic ;
rule : 10 ;
priority : 0 ;
keyword : Array ;

2017-08-12 12:30:28 response :
------------
Array:
FromUserName : gh_be7e4da020bc ;
ToUserName : oPtQ2wCS1eTwQqXNNjr5hOCBrWd0 ;
MsgType : text ;
Content : 欢迎关注美食广场微信公众号！ ;

2017-08-12 12:30:29 trace :
------------
String:
<xml><ToUserName><![CDATA[gh_be7e4da020bc]]></ToUserName>
<FromUserName><![CDATA[oPtQ2wCS1eTwQqXNNjr5hOCBrWd0]]></FromUserName>
<CreateTime>1502512229</CreateTime>
<MsgType><![CDATA[event]]></MsgType>
<Event><![CDATA[VIEW]]></Event>
<EventKey><![CDATA[http://www.gzqtbw.com/app/index.php?i=8&c=home&t=8]]></EventKey>
<MenuId>430931951</MenuId>
</xml>

2017-08-12 12:30:29 params :
------------
Array:
message : Array ;
module : basic ;
rule : 10 ;
priority : 0 ;
keyword : Array ;

2017-08-12 12:30:29 response :
------------
Array:
FromUserName : gh_be7e4da020bc ;
ToUserName : oPtQ2wCS1eTwQqXNNjr5hOCBrWd0 ;
MsgType : text ;
Content : 欢迎关注美食广场微信公众号！ ;

2017-08-12 12:32:38 trace :
------------
String:
<xml><ToUserName><![CDATA[gh_be7e4da020bc]]></ToUserName>
<FromUserName><![CDATA[oPtQ2wLZfVP-wjdaFakZFr2noh1Q]]></FromUserName>
<CreateTime>1502512357</CreateTime>
<MsgType><![CDATA[event]]></MsgType>
<Event><![CDATA[VIEW]]></Event>
<EventKey><![CDATA[http://www.gzqtbw.com/app/index.php?i=8&c=home&t=8]]></EventKey>
<MenuId>430931951</MenuId>
</xml>

2017-08-12 12:32:38 params :
------------
Array:
message : Array ;
module : basic ;
rule : 10 ;
priority : 0 ;
keyword : Array ;

2017-08-12 12:32:38 response :
------------
Array:
FromUserName : gh_be7e4da020bc ;
ToUserName : oPtQ2wLZfVP-wjdaFakZFr2noh1Q ;
MsgType : text ;
Content : 欢迎关注美食广场微信公众号！ ;

2017-08-12 12:33:20 trace :
------------
String:
<xml><ToUserName><![CDATA[gh_be7e4da020bc]]></ToUserName>
<FromUserName><![CDATA[oPtQ2wCS1eTwQqXNNjr5hOCBrWd0]]></FromUserName>
<CreateTime>1502512399</CreateTime>
<MsgType><![CDATA[event]]></MsgType>
<Event><![CDATA[VIEW]]></Event>
<EventKey><![CDATA[http://www.gzqtbw.com/app/index.php?i=8&c=home&t=8]]></EventKey>
<MenuId>430931951</MenuId>
</xml>

2017-08-12 12:33:20 params :
------------
Array:
message : Array ;
module : basic ;
rule : 10 ;
priority : 0 ;
keyword : Array ;

2017-08-12 12:33:20 response :
------------
Array:
FromUserName : gh_be7e4da020bc ;
ToUserName : oPtQ2wCS1eTwQqXNNjr5hOCBrWd0 ;
MsgType : text ;
Content : 欢迎关注美食广场微信公众号！ ;

2017-08-12 12:41:11 trace :
------------
String:
<xml><ToUserName><![CDATA[gh_be7e4da020bc]]></ToUserName>
<FromUserName><![CDATA[oPtQ2wAF6lBsLKT3-EYajgiMc39k]]></FromUserName>
<CreateTime>1502512871</CreateTime>
<MsgType><![CDATA[event]]></MsgType>
<Event><![CDATA[VIEW]]></Event>
<EventKey><![CDATA[http://www.gzqtbw.com/app/index.php?i=8&c=home&t=8]]></EventKey>
<MenuId>430931951</MenuId>
</xml>

2017-08-12 12:41:11 params :
------------
Array:
message : Array ;
module : basic ;
rule : 10 ;
priority : 0 ;
keyword : Array ;

2017-08-12 12:41:11 response :
------------
Array:
FromUserName : gh_be7e4da020bc ;
ToUserName : oPtQ2wAF6lBsLKT3-EYajgiMc39k ;
MsgType : text ;
Content : 欢迎关注美食广场微信公众号！ ;

2017-08-12 12:53:21 trace :
------------
String:
<xml><ToUserName><![CDATA[gh_be7e4da020bc]]></ToUserName>
<FromUserName><![CDATA[oPtQ2wLZfVP-wjdaFakZFr2noh1Q]]></FromUserName>
<CreateTime>1502513601</CreateTime>
<MsgType><![CDATA[event]]></MsgType>
<Event><![CDATA[VIEW]]></Event>
<EventKey><![CDATA[http://www.gzqtbw.com/app/index.php?i=8&c=home&t=8]]></EventKey>
<MenuId>430931951</MenuId>
</xml>

2017-08-12 12:53:21 params :
------------
Array:
message : Array ;
module : basic ;
rule : 10 ;
priority : 0 ;
keyword : Array ;

2017-08-12 12:53:21 response :
------------
Array:
FromUserName : gh_be7e4da020bc ;
ToUserName : oPtQ2wLZfVP-wjdaFakZFr2noh1Q ;
MsgType : text ;
Content : 欢迎关注美食广场微信公众号！ ;

2017-08-12 13:13:03 trace :
------------
String:
<xml><ToUserName><![CDATA[gh_be7e4da020bc]]></ToUserName>
<FromUserName><![CDATA[oPtQ2wCS1eTwQqXNNjr5hOCBrWd0]]></FromUserName>
<CreateTime>1502514782</CreateTime>
<MsgType><![CDATA[event]]></MsgType>
<Event><![CDATA[VIEW]]></Event>
<EventKey><![CDATA[http://www.gzqtbw.com/app/index.php?i=8&c=home&t=8]]></EventKey>
<MenuId>430931951</MenuId>
</xml>

2017-08-12 13:13:03 params :
------------
Array:
message : Array ;
module : basic ;
rule : 10 ;
priority : 0 ;
keyword : Array ;

2017-08-12 13:13:03 response :
------------
Array:
FromUserName : gh_be7e4da020bc ;
ToUserName : oPtQ2wCS1eTwQqXNNjr5hOCBrWd0 ;
MsgType : text ;
Content : 欢迎关注美食广场微信公众号！ ;

2017-08-12 13:13:21 trace :
------------
String:
<xml><ToUserName><![CDATA[gh_be7e4da020bc]]></ToUserName>
<FromUserName><![CDATA[oPtQ2wCS1eTwQqXNNjr5hOCBrWd0]]></FromUserName>
<CreateTime>1502514801</CreateTime>
<MsgType><![CDATA[event]]></MsgType>
<Event><![CDATA[VIEW]]></Event>
<EventKey><![CDATA[http://www.gzqtbw.com/app/index.php?i=8&c=home&t=8]]></EventKey>
<MenuId>430931951</MenuId>
</xml>

2017-08-12 13:13:21 params :
------------
Array:
message : Array ;
module : basic ;
rule : 10 ;
priority : 0 ;
keyword : Array ;

2017-08-12 13:13:21 response :
------------
Array:
FromUserName : gh_be7e4da020bc ;
ToUserName : oPtQ2wCS1eTwQqXNNjr5hOCBrWd0 ;
MsgType : text ;
Content : 欢迎关注美食广场微信公众号！ ;

2017-08-12 13:14:18 trace :
------------
String:
<xml><ToUserName><![CDATA[gh_be7e4da020bc]]></ToUserName>
<FromUserName><![CDATA[oPtQ2wCS1eTwQqXNNjr5hOCBrWd0]]></FromUserName>
<CreateTime>1502514858</CreateTime>
<MsgType><![CDATA[event]]></MsgType>
<Event><![CDATA[VIEW]]></Event>
<EventKey><![CDATA[http://www.gzqtbw.com/app/index.php?i=8&c=home&t=8]]></EventKey>
<MenuId>430931951</MenuId>
</xml>

2017-08-12 13:14:18 params :
------------
Array:
message : Array ;
module : basic ;
rule : 10 ;
priority : 0 ;
keyword : Array ;

2017-08-12 13:14:18 response :
------------
Array:
FromUserName : gh_be7e4da020bc ;
ToUserName : oPtQ2wCS1eTwQqXNNjr5hOCBrWd0 ;
MsgType : text ;
Content : 欢迎关注美食广场微信公众号！ ;

2017-08-12 13:43:05 trace :
------------
String:
<xml><ToUserName><![CDATA[gh_be7e4da020bc]]></ToUserName>
<FromUserName><![CDATA[oPtQ2wPPt52rTjgsJfYp67frwakI]]></FromUserName>
<CreateTime>1502516584</CreateTime>
<MsgType><![CDATA[event]]></MsgType>
<Event><![CDATA[VIEW]]></Event>
<EventKey><![CDATA[http://www.gzqtbw.com/app/index.php?i=8&c=home&t=8]]></EventKey>
<MenuId>430524894</MenuId>
</xml>

2017-08-12 13:43:05 params :
------------
Array:
message : Array ;
module : basic ;
rule : 10 ;
priority : 0 ;
keyword : Array ;

2017-08-12 13:43:05 response :
------------
Array:
FromUserName : gh_be7e4da020bc ;
ToUserName : oPtQ2wPPt52rTjgsJfYp67frwakI ;
MsgType : text ;
Content : 欢迎关注美食广场微信公众号！ ;

2017-08-12 19:22:44 trace :
------------
String:
<xml><ToUserName><![CDATA[gh_3280735b50d8]]></ToUserName>
<FromUserName><![CDATA[oyWTK1M9Sf3N2hsAeuUMH-thrVuw]]></FromUserName>
<CreateTime>1502536964</CreateTime>
<MsgType><![CDATA[event]]></MsgType>
<Event><![CDATA[VIEW]]></Event>
<EventKey><![CDATA[http://www.gzqtbw.com/app/index.php?i=10&c=home&t=12]]></EventKey>
<MenuId>427588424</MenuId>
</xml>

2017-08-12 19:22:44 params :
------------
Array:
message : Array ;
module : basic ;
rule : 11 ;
priority : 0 ;
keyword : Array ;

2017-08-12 19:22:44 response :
------------
Array:
FromUserName : gh_3280735b50d8 ;
ToUserName : oyWTK1M9Sf3N2hsAeuUMH-thrVuw ;
MsgType : text ;
Content : 欢迎关注黔满园荣贵微信公众号！ ;

