2017-12-23 08:22:31 trace :
------------
Array:
errno : -1 ;
message : 微信公众平台返回接口错误. 
错误代码为: 40005 
,错误描述为: appid 校验错误 ;

2017-12-23 08:22:31 waring :
------------
String:
Request Failed

2017-12-23 08:22:38 trace :
------------
Array:
errno : -1 ;
message : 微信公众平台返回接口错误. 
错误代码为: 40005 
,错误描述为: appid 校验错误 ;

2017-12-23 08:22:38 waring :
------------
String:
Request Failed

2017-12-23 08:23:37 trace :
------------
Array:
errno : -1 ;
message : 微信公众平台返回接口错误. 
错误代码为: 40005 
,错误描述为: appid 校验错误 ;

2017-12-23 08:23:37 waring :
------------
String:
Request Failed

2017-12-23 12:33:39 trace :
------------
Array:
errno : -1 ;
message : 微信公众平台返回接口错误. 
错误代码为: 40005 
,错误描述为: appid 校验错误 ;

2017-12-23 12:33:39 waring :
------------
String:
Request Failed

2017-12-23 12:33:51 trace :
------------
Array:
errno : -1 ;
message : 微信公众平台返回接口错误. 
错误代码为: 40005 
,错误描述为: appid 校验错误 ;

2017-12-23 12:33:51 waring :
------------
String:
Request Failed

2017-12-23 12:34:39 trace :
------------
Array:
errno : -1 ;
message : 微信公众平台返回接口错误. 
错误代码为: 40005 
,错误描述为: appid 校验错误 ;

2017-12-23 12:34:39 waring :
------------
String:
Request Failed

2017-12-23 12:39:07 trace :
------------
Array:
errno : -1 ;
message : 微信公众平台返回接口错误. 
错误代码为: 40005 
,错误描述为: appid 校验错误 ;

2017-12-23 12:39:07 waring :
------------
String:
Request Failed

2017-12-23 12:39:29 trace :
------------
Array:
errno : -1 ;
message : 微信公众平台返回接口错误. 
错误代码为: 40005 
,错误描述为: appid 校验错误 ;

2017-12-23 12:39:29 waring :
------------
String:
Request Failed

2017-12-23 12:40:14 trace :
------------
Array:
errno : -1 ;
message : 微信公众平台返回接口错误. 
错误代码为: 40005 
,错误描述为: appid 校验错误 ;

2017-12-23 12:40:14 waring :
------------
String:
Request Failed

2017-12-23 12:57:09 trace :
------------
Array:
errno : -1 ;
message : 微信公众平台返回接口错误. 
错误代码为: 40005 
,错误描述为: appid 校验错误 ;

2017-12-23 12:57:09 waring :
------------
String:
Request Failed

2017-12-23 16:33:11 trace :
------------
Array:
errno : -1 ;
message : 微信公众平台返回接口错误. 
错误代码为: 40005 
,错误描述为: appid 校验错误 ;

2017-12-23 16:33:11 waring :
------------
String:
Request Failed

2017-12-23 16:33:19 trace :
------------
Array:
errno : -1 ;
message : 微信公众平台返回接口错误. 
错误代码为: 40005 
,错误描述为: appid 校验错误 ;

2017-12-23 16:33:19 waring :
------------
String:
Request Failed

2017-12-23 16:35:38 trace :
------------
Array:
errno : -1 ;
message : 微信公众平台返回接口错误. 
错误代码为: 40005 
,错误描述为: appid 校验错误 ;

2017-12-23 16:35:38 waring :
------------
String:
Request Failed

2017-12-23 20:59:48 trace :
------------
String:
<xml><ToUserName><![CDATA[gh_07a7ab1e550f]]></ToUserName>
<FromUserName><![CDATA[oBqpn1Wnx4M23wiE7zHWDuvNnD14]]></FromUserName>
<CreateTime>1514033987</CreateTime>
<MsgType><![CDATA[event]]></MsgType>
<Event><![CDATA[subscribe]]></Event>
<EventKey><![CDATA[]]></EventKey>
</xml>

2017-12-23 20:59:48 params :
------------
Array:
message : Array ;
module : basic ;
rule : 20 ;
priority : 0 ;
keyword : Array ;

2017-12-23 20:59:48 response :
------------
Array:
FromUserName : gh_07a7ab1e550f ;
ToUserName : oBqpn1Wnx4M23wiE7zHWDuvNnD14 ;
MsgType : text ;
Content : 感谢关注贵州罗甸红心火龙果/爱心 ;

2017-12-23 20:59:54 trace :
------------
String:
<xml><ToUserName><![CDATA[gh_07a7ab1e550f]]></ToUserName>
<FromUserName><![CDATA[oBqpn1Wnx4M23wiE7zHWDuvNnD14]]></FromUserName>
<CreateTime>1514033993</CreateTime>
<MsgType><![CDATA[event]]></MsgType>
<Event><![CDATA[unsubscribe]]></Event>
<EventKey><![CDATA[]]></EventKey>
</xml>

