2017-11-05 10:06:08 trace :
------------
String:
<xml><ToUserName><![CDATA[gh_be7e4da020bc]]></ToUserName>
<FromUserName><![CDATA[oPtQ2wBEzoUFJJ2imDofRo3wur1Q]]></FromUserName>
<CreateTime>1509847567</CreateTime>
<MsgType><![CDATA[event]]></MsgType>
<Event><![CDATA[subscribe]]></Event>
<EventKey><![CDATA[]]></EventKey>
</xml>

2017-11-05 10:06:08 params :
------------
Array:
message : Array ;
module : basic ;
rule : 10 ;
priority : 0 ;
keyword : Array ;

2017-11-05 10:06:08 response :
------------
Array:
FromUserName : gh_be7e4da020bc ;
ToUserName : oPtQ2wBEzoUFJJ2imDofRo3wur1Q ;
MsgType : text ;
Content : 欢迎关注美食广场微信公众号！ ;

2017-11-05 12:10:01 trace :
------------
String:
<xml><ToUserName><![CDATA[gh_be7e4da020bc]]></ToUserName>
<FromUserName><![CDATA[oPtQ2wN6QNONCK5O18dow7bPgHzw]]></FromUserName>
<CreateTime>1509855001</CreateTime>
<MsgType><![CDATA[event]]></MsgType>
<Event><![CDATA[VIEW]]></Event>
<EventKey><![CDATA[http://www.gzqtbw.com/app/index.php?i=8&c=home&t=8]]></EventKey>
<MenuId>430931951</MenuId>
</xml>

2017-11-05 12:10:01 params :
------------
Array:
message : Array ;
module : basic ;
rule : 10 ;
priority : 0 ;
keyword : Array ;

2017-11-05 12:10:01 response :
------------
Array:
FromUserName : gh_be7e4da020bc ;
ToUserName : oPtQ2wN6QNONCK5O18dow7bPgHzw ;
MsgType : text ;
Content : 欢迎关注美食广场微信公众号！ ;

2017-11-05 12:45:16 trace :
------------
String:
<xml><ToUserName><![CDATA[gh_be7e4da020bc]]></ToUserName>
<FromUserName><![CDATA[oPtQ2wL_2Aiurkxx3w8JomqmOEuM]]></FromUserName>
<CreateTime>1509857116</CreateTime>
<MsgType><![CDATA[event]]></MsgType>
<Event><![CDATA[VIEW]]></Event>
<EventKey><![CDATA[http://www.gzqtbw.com/app/index.php?i=8&c=home&t=8]]></EventKey>
<MenuId>430931951</MenuId>
</xml>

2017-11-05 12:45:16 params :
------------
Array:
message : Array ;
module : basic ;
rule : 10 ;
priority : 0 ;
keyword : Array ;

2017-11-05 12:45:16 response :
------------
Array:
FromUserName : gh_be7e4da020bc ;
ToUserName : oPtQ2wL_2Aiurkxx3w8JomqmOEuM ;
MsgType : text ;
Content : 欢迎关注美食广场微信公众号！ ;

2017-11-05 12:46:39 trace :
------------
String:
<xml><ToUserName><![CDATA[gh_be7e4da020bc]]></ToUserName>
<FromUserName><![CDATA[oPtQ2wDRC7_qMsBrVS4zNjrh8KrA]]></FromUserName>
<CreateTime>1509857198</CreateTime>
<MsgType><![CDATA[event]]></MsgType>
<Event><![CDATA[VIEW]]></Event>
<EventKey><![CDATA[http://www.gzqtbw.com/app/index.php?i=8&c=home&t=8]]></EventKey>
<MenuId>430931951</MenuId>
</xml>

2017-11-05 12:46:39 params :
------------
Array:
message : Array ;
module : basic ;
rule : 10 ;
priority : 0 ;
keyword : Array ;

2017-11-05 12:46:39 response :
------------
Array:
FromUserName : gh_be7e4da020bc ;
ToUserName : oPtQ2wDRC7_qMsBrVS4zNjrh8KrA ;
MsgType : text ;
Content : 欢迎关注美食广场微信公众号！ ;

2017-11-05 12:46:48 trace :
------------
String:
<xml><ToUserName><![CDATA[gh_be7e4da020bc]]></ToUserName>
<FromUserName><![CDATA[oPtQ2wDRC7_qMsBrVS4zNjrh8KrA]]></FromUserName>
<CreateTime>1509857208</CreateTime>
<MsgType><![CDATA[event]]></MsgType>
<Event><![CDATA[VIEW]]></Event>
<EventKey><![CDATA[http://www.gzqtbw.com/app/index.php?i=8&c=home&t=8]]></EventKey>
<MenuId>430931951</MenuId>
</xml>

2017-11-05 12:46:48 params :
------------
Array:
message : Array ;
module : basic ;
rule : 10 ;
priority : 0 ;
keyword : Array ;

2017-11-05 12:46:48 response :
------------
Array:
FromUserName : gh_be7e4da020bc ;
ToUserName : oPtQ2wDRC7_qMsBrVS4zNjrh8KrA ;
MsgType : text ;
Content : 欢迎关注美食广场微信公众号！ ;

2017-11-05 12:47:26 trace :
------------
String:
<xml><ToUserName><![CDATA[gh_be7e4da020bc]]></ToUserName>
<FromUserName><![CDATA[oPtQ2wL_2Aiurkxx3w8JomqmOEuM]]></FromUserName>
<CreateTime>1509857245</CreateTime>
<MsgType><![CDATA[event]]></MsgType>
<Event><![CDATA[VIEW]]></Event>
<EventKey><![CDATA[http://www.gzqtbw.com/app/index.php?i=8&c=home&t=8]]></EventKey>
<MenuId>430931951</MenuId>
</xml>

2017-11-05 12:47:26 params :
------------
Array:
message : Array ;
module : basic ;
rule : 10 ;
priority : 0 ;
keyword : Array ;

2017-11-05 12:47:26 response :
------------
Array:
FromUserName : gh_be7e4da020bc ;
ToUserName : oPtQ2wL_2Aiurkxx3w8JomqmOEuM ;
MsgType : text ;
Content : 欢迎关注美食广场微信公众号！ ;

2017-11-05 12:48:16 trace :
------------
String:
<xml><ToUserName><![CDATA[gh_be7e4da020bc]]></ToUserName>
<FromUserName><![CDATA[oPtQ2wDRC7_qMsBrVS4zNjrh8KrA]]></FromUserName>
<CreateTime>1509857296</CreateTime>
<MsgType><![CDATA[event]]></MsgType>
<Event><![CDATA[VIEW]]></Event>
<EventKey><![CDATA[http://www.gzqtbw.com/app/index.php?i=8&c=home&t=8]]></EventKey>
<MenuId>430931951</MenuId>
</xml>

2017-11-05 12:48:16 params :
------------
Array:
message : Array ;
module : basic ;
rule : 10 ;
priority : 0 ;
keyword : Array ;

2017-11-05 12:48:16 response :
------------
Array:
FromUserName : gh_be7e4da020bc ;
ToUserName : oPtQ2wDRC7_qMsBrVS4zNjrh8KrA ;
MsgType : text ;
Content : 欢迎关注美食广场微信公众号！ ;

2017-11-05 13:34:42 trace :
------------
String:
<xml><ToUserName><![CDATA[gh_be7e4da020bc]]></ToUserName>
<FromUserName><![CDATA[oPtQ2wN6QNONCK5O18dow7bPgHzw]]></FromUserName>
<CreateTime>1509860081</CreateTime>
<MsgType><![CDATA[event]]></MsgType>
<Event><![CDATA[VIEW]]></Event>
<EventKey><![CDATA[http://www.gzqtbw.com/app/index.php?i=8&c=home&t=8]]></EventKey>
<MenuId>430931951</MenuId>
</xml>

2017-11-05 13:34:42 params :
------------
Array:
message : Array ;
module : basic ;
rule : 10 ;
priority : 0 ;
keyword : Array ;

2017-11-05 13:34:42 response :
------------
Array:
FromUserName : gh_be7e4da020bc ;
ToUserName : oPtQ2wN6QNONCK5O18dow7bPgHzw ;
MsgType : text ;
Content : 欢迎关注美食广场微信公众号！ ;

2017-11-05 13:34:46 trace :
------------
String:
<xml><ToUserName><![CDATA[gh_be7e4da020bc]]></ToUserName>
<FromUserName><![CDATA[oPtQ2wN6QNONCK5O18dow7bPgHzw]]></FromUserName>
<CreateTime>1509860086</CreateTime>
<MsgType><![CDATA[event]]></MsgType>
<Event><![CDATA[VIEW]]></Event>
<EventKey><![CDATA[http://www.gzqtbw.com/app/index.php?i=8&c=home&t=8]]></EventKey>
<MenuId>430931951</MenuId>
</xml>

2017-11-05 13:34:46 params :
------------
Array:
message : Array ;
module : basic ;
rule : 10 ;
priority : 0 ;
keyword : Array ;

2017-11-05 13:34:46 response :
------------
Array:
FromUserName : gh_be7e4da020bc ;
ToUserName : oPtQ2wN6QNONCK5O18dow7bPgHzw ;
MsgType : text ;
Content : 欢迎关注美食广场微信公众号！ ;

2017-11-05 15:55:18 trace :
------------
String:
<xml><ToUserName><![CDATA[gh_9e16f2771397]]></ToUserName>
<FromUserName><![CDATA[oSSurv-1VBB0qsPJ19GQuuKqqloA]]></FromUserName>
<CreateTime>1509868518</CreateTime>
<MsgType><![CDATA[event]]></MsgType>
<Event><![CDATA[subscribe]]></Event>
<EventKey><![CDATA[]]></EventKey>
</xml>

2017-11-05 15:55:18 params :
------------
Array:
message : Array ;
module : basic ;
rule : 14 ;
priority : 0 ;
keyword : Array ;

2017-11-05 15:55:18 response :
------------
Array:
FromUserName : gh_9e16f2771397 ;
ToUserName : oSSurv-1VBB0qsPJ19GQuuKqqloA ;
MsgType : text ;
Content : 欢迎关注黔中一品酒楼微信公众号！ ;

2017-11-05 15:55:24 trace :
------------
String:
<xml><ToUserName><![CDATA[gh_9e16f2771397]]></ToUserName>
<FromUserName><![CDATA[oSSurv-1VBB0qsPJ19GQuuKqqloA]]></FromUserName>
<CreateTime>1509868523</CreateTime>
<MsgType><![CDATA[event]]></MsgType>
<Event><![CDATA[VIEW]]></Event>
<EventKey><![CDATA[http://www.gzqtbw.com/app/index.php?i=13&c=home&t=16]]></EventKey>
<MenuId>458685223</MenuId>
</xml>

2017-11-05 15:55:24 params :
------------
Array:
message : Array ;
module : basic ;
rule : 14 ;
priority : 0 ;
keyword : Array ;

2017-11-05 15:55:24 response :
------------
Array:
FromUserName : gh_9e16f2771397 ;
ToUserName : oSSurv-1VBB0qsPJ19GQuuKqqloA ;
MsgType : text ;
Content : 欢迎关注黔中一品酒楼微信公众号！ ;

2017-11-05 15:57:05 trace :
------------
String:
<xml><ToUserName><![CDATA[gh_9e16f2771397]]></ToUserName>
<FromUserName><![CDATA[oSSurv-1VBB0qsPJ19GQuuKqqloA]]></FromUserName>
<CreateTime>1509868624</CreateTime>
<MsgType><![CDATA[event]]></MsgType>
<Event><![CDATA[CLICK]]></Event>
<EventKey><![CDATA[.]]></EventKey>
</xml>

2017-11-05 15:57:05 params :
------------
Array:
message : Array ;
module : basic ;
rule : 14 ;
priority : 0 ;
keyword : Array ;

2017-11-05 15:57:05 response :
------------
Array:
FromUserName : gh_9e16f2771397 ;
ToUserName : oSSurv-1VBB0qsPJ19GQuuKqqloA ;
MsgType : text ;
Content : 欢迎关注黔中一品酒楼微信公众号！ ;

2017-11-05 15:57:10 trace :
------------
String:
<xml><ToUserName><![CDATA[gh_9e16f2771397]]></ToUserName>
<FromUserName><![CDATA[oSSurv-1VBB0qsPJ19GQuuKqqloA]]></FromUserName>
<CreateTime>1509868630</CreateTime>
<MsgType><![CDATA[event]]></MsgType>
<Event><![CDATA[CLICK]]></Event>
<EventKey><![CDATA[.]]></EventKey>
</xml>

2017-11-05 15:57:10 params :
------------
Array:
message : Array ;
module : basic ;
rule : 14 ;
priority : 0 ;
keyword : Array ;

2017-11-05 15:57:10 response :
------------
Array:
FromUserName : gh_9e16f2771397 ;
ToUserName : oSSurv-1VBB0qsPJ19GQuuKqqloA ;
MsgType : text ;
Content : 欢迎关注黔中一品酒楼微信公众号！ ;

2017-11-05 15:57:19 trace :
------------
String:
<xml><ToUserName><![CDATA[gh_9e16f2771397]]></ToUserName>
<FromUserName><![CDATA[oSSurv-1VBB0qsPJ19GQuuKqqloA]]></FromUserName>
<CreateTime>1509868638</CreateTime>
<MsgType><![CDATA[event]]></MsgType>
<Event><![CDATA[CLICK]]></Event>
<EventKey><![CDATA[.]]></EventKey>
</xml>

2017-11-05 15:57:19 params :
------------
Array:
message : Array ;
module : basic ;
rule : 14 ;
priority : 0 ;
keyword : Array ;

2017-11-05 15:57:19 response :
------------
Array:
FromUserName : gh_9e16f2771397 ;
ToUserName : oSSurv-1VBB0qsPJ19GQuuKqqloA ;
MsgType : text ;
Content : 欢迎关注黔中一品酒楼微信公众号！ ;

2017-11-05 15:57:22 trace :
------------
String:
<xml><ToUserName><![CDATA[gh_9e16f2771397]]></ToUserName>
<FromUserName><![CDATA[oSSurv-1VBB0qsPJ19GQuuKqqloA]]></FromUserName>
<CreateTime>1509868641</CreateTime>
<MsgType><![CDATA[event]]></MsgType>
<Event><![CDATA[VIEW]]></Event>
<EventKey><![CDATA[http://www.gzqtbw.com/app/index.php?i=13&c=home&t=16]]></EventKey>
<MenuId>458685223</MenuId>
</xml>

2017-11-05 15:57:22 params :
------------
Array:
message : Array ;
module : basic ;
rule : 14 ;
priority : 0 ;
keyword : Array ;

2017-11-05 15:57:22 response :
------------
Array:
FromUserName : gh_9e16f2771397 ;
ToUserName : oSSurv-1VBB0qsPJ19GQuuKqqloA ;
MsgType : text ;
Content : 欢迎关注黔中一品酒楼微信公众号！ ;

2017-11-05 17:00:28 trace :
------------
String:
<xml><ToUserName><![CDATA[gh_be7e4da020bc]]></ToUserName>
<FromUserName><![CDATA[oPtQ2wApANMV64qDY52yYvvYyD_g]]></FromUserName>
<CreateTime>1509872427</CreateTime>
<MsgType><![CDATA[event]]></MsgType>
<Event><![CDATA[VIEW]]></Event>
<EventKey><![CDATA[http://www.gzqtbw.com/app/index.php?i=8&c=home&t=8]]></EventKey>
<MenuId>430931951</MenuId>
</xml>

2017-11-05 17:00:28 params :
------------
Array:
message : Array ;
module : basic ;
rule : 10 ;
priority : 0 ;
keyword : Array ;

2017-11-05 17:00:28 response :
------------
Array:
FromUserName : gh_be7e4da020bc ;
ToUserName : oPtQ2wApANMV64qDY52yYvvYyD_g ;
MsgType : text ;
Content : 欢迎关注美食广场微信公众号！ ;

2017-11-05 17:21:43 trace :
------------
String:
<xml><ToUserName><![CDATA[gh_be7e4da020bc]]></ToUserName>
<FromUserName><![CDATA[oPtQ2wGQWlsGSMm-7J6g7Mf6eF7Y]]></FromUserName>
<CreateTime>1509873703</CreateTime>
<MsgType><![CDATA[event]]></MsgType>
<Event><![CDATA[VIEW]]></Event>
<EventKey><![CDATA[http://www.gzqtbw.com/app/index.php?i=8&c=home&t=8]]></EventKey>
<MenuId>430931951</MenuId>
</xml>

2017-11-05 17:21:43 params :
------------
Array:
message : Array ;
module : basic ;
rule : 10 ;
priority : 0 ;
keyword : Array ;

2017-11-05 17:21:43 response :
------------
Array:
FromUserName : gh_be7e4da020bc ;
ToUserName : oPtQ2wGQWlsGSMm-7J6g7Mf6eF7Y ;
MsgType : text ;
Content : 欢迎关注美食广场微信公众号！ ;

2017-11-05 17:37:19 trace :
------------
String:
<xml><ToUserName><![CDATA[gh_9e16f2771397]]></ToUserName>
<FromUserName><![CDATA[oSSurv-1VBB0qsPJ19GQuuKqqloA]]></FromUserName>
<CreateTime>1509874638</CreateTime>
<MsgType><![CDATA[text]]></MsgType>
<Content><![CDATA[/::)]]></Content>
<MsgId>6484862191729514179</MsgId>
</xml>

2017-11-05 17:37:19 params :
------------
Array:
message : Array ;
module : basic ;
rule : 14 ;
priority : 0 ;
keyword : Array ;

2017-11-05 17:37:19 response :
------------
Array:
FromUserName : gh_9e16f2771397 ;
ToUserName : oSSurv-1VBB0qsPJ19GQuuKqqloA ;
MsgType : text ;
Content : 欢迎关注黔中一品酒楼微信公众号！ ;

