2017-09-05 11:43:56 trace :
------------
String:
<xml><ToUserName><![CDATA[gh_be7e4da020bc]]></ToUserName>
<FromUserName><![CDATA[oPtQ2wL_2Aiurkxx3w8JomqmOEuM]]></FromUserName>
<CreateTime>1504583035</CreateTime>
<MsgType><![CDATA[event]]></MsgType>
<Event><![CDATA[VIEW]]></Event>
<EventKey><![CDATA[http://www.gzqtbw.com/app/index.php?i=8&c=home&t=8]]></EventKey>
<MenuId>430931951</MenuId>
</xml>

2017-09-05 11:43:56 params :
------------
Array:
message : Array ;
module : basic ;
rule : 10 ;
priority : 0 ;
keyword : Array ;

2017-09-05 11:43:56 response :
------------
Array:
FromUserName : gh_be7e4da020bc ;
ToUserName : oPtQ2wL_2Aiurkxx3w8JomqmOEuM ;
MsgType : text ;
Content : 欢迎关注美食广场微信公众号！ ;

2017-09-05 11:44:30 trace :
------------
String:
<xml><ToUserName><![CDATA[gh_be7e4da020bc]]></ToUserName>
<FromUserName><![CDATA[oPtQ2wL_FP6GL0uQXSzWrLtDxvZg]]></FromUserName>
<CreateTime>1504583069</CreateTime>
<MsgType><![CDATA[event]]></MsgType>
<Event><![CDATA[VIEW]]></Event>
<EventKey><![CDATA[http://www.gzqtbw.com/app/index.php?i=8&c=home&t=8]]></EventKey>
<MenuId>430931951</MenuId>
</xml>

2017-09-05 11:44:30 params :
------------
Array:
message : Array ;
module : basic ;
rule : 10 ;
priority : 0 ;
keyword : Array ;

2017-09-05 11:44:30 response :
------------
Array:
FromUserName : gh_be7e4da020bc ;
ToUserName : oPtQ2wL_FP6GL0uQXSzWrLtDxvZg ;
MsgType : text ;
Content : 欢迎关注美食广场微信公众号！ ;

2017-09-05 11:55:16 trace :
------------
String:
<xml><ToUserName><![CDATA[gh_be7e4da020bc]]></ToUserName>
<FromUserName><![CDATA[oPtQ2wKI66oFGfAV3TVozXGTJuNE]]></FromUserName>
<CreateTime>1504583716</CreateTime>
<MsgType><![CDATA[event]]></MsgType>
<Event><![CDATA[VIEW]]></Event>
<EventKey><![CDATA[http://www.gzqtbw.com/app/index.php?i=8&c=home&t=8]]></EventKey>
<MenuId>430931951</MenuId>
</xml>

2017-09-05 11:55:16 params :
------------
Array:
message : Array ;
module : basic ;
rule : 10 ;
priority : 0 ;
keyword : Array ;

2017-09-05 11:55:16 response :
------------
Array:
FromUserName : gh_be7e4da020bc ;
ToUserName : oPtQ2wKI66oFGfAV3TVozXGTJuNE ;
MsgType : text ;
Content : 欢迎关注美食广场微信公众号！ ;

2017-09-05 11:57:56 trace :
------------
String:
<xml><ToUserName><![CDATA[gh_be7e4da020bc]]></ToUserName>
<FromUserName><![CDATA[oPtQ2wKI66oFGfAV3TVozXGTJuNE]]></FromUserName>
<CreateTime>1504583876</CreateTime>
<MsgType><![CDATA[event]]></MsgType>
<Event><![CDATA[VIEW]]></Event>
<EventKey><![CDATA[http://www.gzqtbw.com/app/index.php?i=8&c=home&t=8]]></EventKey>
<MenuId>430931951</MenuId>
</xml>

2017-09-05 11:57:56 params :
------------
Array:
message : Array ;
module : basic ;
rule : 10 ;
priority : 0 ;
keyword : Array ;

2017-09-05 11:57:56 response :
------------
Array:
FromUserName : gh_be7e4da020bc ;
ToUserName : oPtQ2wKI66oFGfAV3TVozXGTJuNE ;
MsgType : text ;
Content : 欢迎关注美食广场微信公众号！ ;

2017-09-05 12:12:49 trace :
------------
String:
<xml><ToUserName><![CDATA[gh_be7e4da020bc]]></ToUserName>
<FromUserName><![CDATA[oPtQ2wG3RgdV0zvx_j2p2YGGSSfM]]></FromUserName>
<CreateTime>1504584768</CreateTime>
<MsgType><![CDATA[event]]></MsgType>
<Event><![CDATA[subscribe]]></Event>
<EventKey><![CDATA[]]></EventKey>
</xml>

2017-09-05 12:12:49 params :
------------
Array:
message : Array ;
module : basic ;
rule : 10 ;
priority : 0 ;
keyword : Array ;

2017-09-05 12:12:49 response :
------------
Array:
FromUserName : gh_be7e4da020bc ;
ToUserName : oPtQ2wG3RgdV0zvx_j2p2YGGSSfM ;
MsgType : text ;
Content : 欢迎关注美食广场微信公众号！ ;

2017-09-05 12:12:53 trace :
------------
String:
<xml><ToUserName><![CDATA[gh_be7e4da020bc]]></ToUserName>
<FromUserName><![CDATA[oPtQ2wG3RgdV0zvx_j2p2YGGSSfM]]></FromUserName>
<CreateTime>1504584772</CreateTime>
<MsgType><![CDATA[event]]></MsgType>
<Event><![CDATA[VIEW]]></Event>
<EventKey><![CDATA[http://www.gzqtbw.com/app/index.php?i=8&c=home&t=8]]></EventKey>
<MenuId>430931951</MenuId>
</xml>

2017-09-05 12:12:53 params :
------------
Array:
message : Array ;
module : basic ;
rule : 10 ;
priority : 0 ;
keyword : Array ;

2017-09-05 12:12:53 response :
------------
Array:
FromUserName : gh_be7e4da020bc ;
ToUserName : oPtQ2wG3RgdV0zvx_j2p2YGGSSfM ;
MsgType : text ;
Content : 欢迎关注美食广场微信公众号！ ;

2017-09-05 12:14:33 trace :
------------
String:
<xml><ToUserName><![CDATA[gh_be7e4da020bc]]></ToUserName>
<FromUserName><![CDATA[oPtQ2wG3RgdV0zvx_j2p2YGGSSfM]]></FromUserName>
<CreateTime>1504584872</CreateTime>
<MsgType><![CDATA[event]]></MsgType>
<Event><![CDATA[VIEW]]></Event>
<EventKey><![CDATA[http://www.gzqtbw.com/app/index.php?i=8&c=home&t=8]]></EventKey>
<MenuId>430931951</MenuId>
</xml>

2017-09-05 12:14:33 params :
------------
Array:
message : Array ;
module : basic ;
rule : 10 ;
priority : 0 ;
keyword : Array ;

2017-09-05 12:14:33 response :
------------
Array:
FromUserName : gh_be7e4da020bc ;
ToUserName : oPtQ2wG3RgdV0zvx_j2p2YGGSSfM ;
MsgType : text ;
Content : 欢迎关注美食广场微信公众号！ ;

2017-09-05 12:16:20 trace :
------------
String:
<xml><ToUserName><![CDATA[gh_be7e4da020bc]]></ToUserName>
<FromUserName><![CDATA[oPtQ2wPZO--wmHo5QkULHzzJjEuA]]></FromUserName>
<CreateTime>1504584979</CreateTime>
<MsgType><![CDATA[event]]></MsgType>
<Event><![CDATA[subscribe]]></Event>
<EventKey><![CDATA[]]></EventKey>
</xml>

2017-09-05 12:16:20 params :
------------
Array:
message : Array ;
module : basic ;
rule : 10 ;
priority : 0 ;
keyword : Array ;

2017-09-05 12:16:20 response :
------------
Array:
FromUserName : gh_be7e4da020bc ;
ToUserName : oPtQ2wPZO--wmHo5QkULHzzJjEuA ;
MsgType : text ;
Content : 欢迎关注美食广场微信公众号！ ;

2017-09-05 12:16:23 trace :
------------
String:
<xml><ToUserName><![CDATA[gh_be7e4da020bc]]></ToUserName>
<FromUserName><![CDATA[oPtQ2wPZO--wmHo5QkULHzzJjEuA]]></FromUserName>
<CreateTime>1504584983</CreateTime>
<MsgType><![CDATA[event]]></MsgType>
<Event><![CDATA[VIEW]]></Event>
<EventKey><![CDATA[http://www.gzqtbw.com/app/index.php?i=8&c=home&t=8]]></EventKey>
<MenuId>430931951</MenuId>
</xml>

2017-09-05 12:16:23 params :
------------
Array:
message : Array ;
module : basic ;
rule : 10 ;
priority : 0 ;
keyword : Array ;

2017-09-05 12:16:23 response :
------------
Array:
FromUserName : gh_be7e4da020bc ;
ToUserName : oPtQ2wPZO--wmHo5QkULHzzJjEuA ;
MsgType : text ;
Content : 欢迎关注美食广场微信公众号！ ;

2017-09-05 12:16:28 trace :
------------
String:
<xml><ToUserName><![CDATA[gh_be7e4da020bc]]></ToUserName>
<FromUserName><![CDATA[oPtQ2wPZO--wmHo5QkULHzzJjEuA]]></FromUserName>
<CreateTime>1504584987</CreateTime>
<MsgType><![CDATA[event]]></MsgType>
<Event><![CDATA[VIEW]]></Event>
<EventKey><![CDATA[http://www.gzqtbw.com/app/index.php?i=8&c=site&a=site&do=detail&id=6]]></EventKey>
<MenuId>430931951</MenuId>
</xml>

2017-09-05 12:16:28 params :
------------
Array:
message : Array ;
module : basic ;
rule : 10 ;
priority : 0 ;
keyword : Array ;

2017-09-05 12:16:28 response :
------------
Array:
FromUserName : gh_be7e4da020bc ;
ToUserName : oPtQ2wPZO--wmHo5QkULHzzJjEuA ;
MsgType : text ;
Content : 欢迎关注美食广场微信公众号！ ;

2017-09-05 12:16:41 trace :
------------
String:
<xml><ToUserName><![CDATA[gh_be7e4da020bc]]></ToUserName>
<FromUserName><![CDATA[oPtQ2wPZO--wmHo5QkULHzzJjEuA]]></FromUserName>
<CreateTime>1504585000</CreateTime>
<MsgType><![CDATA[event]]></MsgType>
<Event><![CDATA[VIEW]]></Event>
<EventKey><![CDATA[http://www.gzqtbw.com/app/index.php?i=8&c=home&t=8]]></EventKey>
<MenuId>430931951</MenuId>
</xml>

2017-09-05 12:16:41 params :
------------
Array:
message : Array ;
module : basic ;
rule : 10 ;
priority : 0 ;
keyword : Array ;

2017-09-05 12:16:41 response :
------------
Array:
FromUserName : gh_be7e4da020bc ;
ToUserName : oPtQ2wPZO--wmHo5QkULHzzJjEuA ;
MsgType : text ;
Content : 欢迎关注美食广场微信公众号！ ;

2017-09-05 12:19:55 trace :
------------
String:
<xml><ToUserName><![CDATA[gh_be7e4da020bc]]></ToUserName>
<FromUserName><![CDATA[oPtQ2wEALR2PBng77abFTjZ-yqpg]]></FromUserName>
<CreateTime>1504585195</CreateTime>
<MsgType><![CDATA[event]]></MsgType>
<Event><![CDATA[VIEW]]></Event>
<EventKey><![CDATA[http://www.gzqtbw.com/app/index.php?i=8&c=home&t=8]]></EventKey>
<MenuId>430931951</MenuId>
</xml>

2017-09-05 12:19:55 params :
------------
Array:
message : Array ;
module : basic ;
rule : 10 ;
priority : 0 ;
keyword : Array ;

2017-09-05 12:19:55 response :
------------
Array:
FromUserName : gh_be7e4da020bc ;
ToUserName : oPtQ2wEALR2PBng77abFTjZ-yqpg ;
MsgType : text ;
Content : 欢迎关注美食广场微信公众号！ ;

2017-09-05 12:37:53 trace :
------------
String:
<xml><ToUserName><![CDATA[gh_be7e4da020bc]]></ToUserName>
<FromUserName><![CDATA[oPtQ2wI0xqYu4aUJ2-q1VwHJ9RXM]]></FromUserName>
<CreateTime>1504586272</CreateTime>
<MsgType><![CDATA[event]]></MsgType>
<Event><![CDATA[VIEW]]></Event>
<EventKey><![CDATA[http://www.gzqtbw.com/app/index.php?i=8&c=home&t=8]]></EventKey>
<MenuId>430931951</MenuId>
</xml>

2017-09-05 12:37:53 params :
------------
Array:
message : Array ;
module : basic ;
rule : 10 ;
priority : 0 ;
keyword : Array ;

2017-09-05 12:37:53 response :
------------
Array:
FromUserName : gh_be7e4da020bc ;
ToUserName : oPtQ2wI0xqYu4aUJ2-q1VwHJ9RXM ;
MsgType : text ;
Content : 欢迎关注美食广场微信公众号！ ;

2017-09-05 12:52:45 trace :
------------
String:
<xml><ToUserName><![CDATA[gh_be7e4da020bc]]></ToUserName>
<FromUserName><![CDATA[oPtQ2wNj20rclrWEQDnFyFi1kGDM]]></FromUserName>
<CreateTime>1504587165</CreateTime>
<MsgType><![CDATA[event]]></MsgType>
<Event><![CDATA[VIEW]]></Event>
<EventKey><![CDATA[http://www.gzqtbw.com/app/index.php?i=8&c=home&t=8]]></EventKey>
<MenuId>430931951</MenuId>
</xml>

2017-09-05 12:52:45 params :
------------
Array:
message : Array ;
module : basic ;
rule : 10 ;
priority : 0 ;
keyword : Array ;

2017-09-05 12:52:45 response :
------------
Array:
FromUserName : gh_be7e4da020bc ;
ToUserName : oPtQ2wNj20rclrWEQDnFyFi1kGDM ;
MsgType : text ;
Content : 欢迎关注美食广场微信公众号！ ;

2017-09-05 12:57:10 trace :
------------
String:
<xml><ToUserName><![CDATA[gh_be7e4da020bc]]></ToUserName>
<FromUserName><![CDATA[oPtQ2wI0xqYu4aUJ2-q1VwHJ9RXM]]></FromUserName>
<CreateTime>1504587429</CreateTime>
<MsgType><![CDATA[event]]></MsgType>
<Event><![CDATA[VIEW]]></Event>
<EventKey><![CDATA[http://www.gzqtbw.com/app/index.php?i=8&c=home&t=8]]></EventKey>
<MenuId>430931951</MenuId>
</xml>

2017-09-05 12:57:10 params :
------------
Array:
message : Array ;
module : basic ;
rule : 10 ;
priority : 0 ;
keyword : Array ;

2017-09-05 12:57:10 response :
------------
Array:
FromUserName : gh_be7e4da020bc ;
ToUserName : oPtQ2wI0xqYu4aUJ2-q1VwHJ9RXM ;
MsgType : text ;
Content : 欢迎关注美食广场微信公众号！ ;

2017-09-05 13:18:58 trace :
------------
String:
<xml><ToUserName><![CDATA[gh_be7e4da020bc]]></ToUserName>
<FromUserName><![CDATA[oPtQ2wI0xqYu4aUJ2-q1VwHJ9RXM]]></FromUserName>
<CreateTime>1504588738</CreateTime>
<MsgType><![CDATA[event]]></MsgType>
<Event><![CDATA[VIEW]]></Event>
<EventKey><![CDATA[http://www.gzqtbw.com/app/index.php?i=8&c=home&t=8]]></EventKey>
<MenuId>430931951</MenuId>
</xml>

2017-09-05 13:18:58 params :
------------
Array:
message : Array ;
module : basic ;
rule : 10 ;
priority : 0 ;
keyword : Array ;

2017-09-05 13:18:58 response :
------------
Array:
FromUserName : gh_be7e4da020bc ;
ToUserName : oPtQ2wI0xqYu4aUJ2-q1VwHJ9RXM ;
MsgType : text ;
Content : 欢迎关注美食广场微信公众号！ ;

2017-09-05 13:19:25 trace :
------------
String:
<xml><ToUserName><![CDATA[gh_be7e4da020bc]]></ToUserName>
<FromUserName><![CDATA[oPtQ2wI0xqYu4aUJ2-q1VwHJ9RXM]]></FromUserName>
<CreateTime>1504588765</CreateTime>
<MsgType><![CDATA[event]]></MsgType>
<Event><![CDATA[VIEW]]></Event>
<EventKey><![CDATA[http://www.gzqtbw.com/app/index.php?i=8&c=home&t=8]]></EventKey>
<MenuId>430931951</MenuId>
</xml>

2017-09-05 13:19:25 params :
------------
Array:
message : Array ;
module : basic ;
rule : 10 ;
priority : 0 ;
keyword : Array ;

2017-09-05 13:19:25 response :
------------
Array:
FromUserName : gh_be7e4da020bc ;
ToUserName : oPtQ2wI0xqYu4aUJ2-q1VwHJ9RXM ;
MsgType : text ;
Content : 欢迎关注美食广场微信公众号！ ;

2017-09-05 13:19:41 trace :
------------
String:
<xml><ToUserName><![CDATA[gh_be7e4da020bc]]></ToUserName>
<FromUserName><![CDATA[oPtQ2wFLUMv4-9PKtLV6rITxNu88]]></FromUserName>
<CreateTime>1504588781</CreateTime>
<MsgType><![CDATA[event]]></MsgType>
<Event><![CDATA[subscribe]]></Event>
<EventKey><![CDATA[]]></EventKey>
</xml>

2017-09-05 13:19:41 params :
------------
Array:
message : Array ;
module : basic ;
rule : 10 ;
priority : 0 ;
keyword : Array ;

2017-09-05 13:19:41 response :
------------
Array:
FromUserName : gh_be7e4da020bc ;
ToUserName : oPtQ2wFLUMv4-9PKtLV6rITxNu88 ;
MsgType : text ;
Content : 欢迎关注美食广场微信公众号！ ;

2017-09-05 13:19:46 trace :
------------
String:
<xml><ToUserName><![CDATA[gh_be7e4da020bc]]></ToUserName>
<FromUserName><![CDATA[oPtQ2wFLUMv4-9PKtLV6rITxNu88]]></FromUserName>
<CreateTime>1504588785</CreateTime>
<MsgType><![CDATA[event]]></MsgType>
<Event><![CDATA[VIEW]]></Event>
<EventKey><![CDATA[http://www.gzqtbw.com/app/index.php?i=8&c=home&t=8]]></EventKey>
<MenuId>430931951</MenuId>
</xml>

2017-09-05 13:19:46 params :
------------
Array:
message : Array ;
module : basic ;
rule : 10 ;
priority : 0 ;
keyword : Array ;

2017-09-05 13:19:46 response :
------------
Array:
FromUserName : gh_be7e4da020bc ;
ToUserName : oPtQ2wFLUMv4-9PKtLV6rITxNu88 ;
MsgType : text ;
Content : 欢迎关注美食广场微信公众号！ ;

2017-09-05 13:25:10 trace :
------------
String:
<xml><ToUserName><![CDATA[gh_be7e4da020bc]]></ToUserName>
<FromUserName><![CDATA[oPtQ2wFLUMv4-9PKtLV6rITxNu88]]></FromUserName>
<CreateTime>1504589109</CreateTime>
<MsgType><![CDATA[event]]></MsgType>
<Event><![CDATA[VIEW]]></Event>
<EventKey><![CDATA[http://www.gzqtbw.com/app/index.php?i=8&c=home&t=8]]></EventKey>
<MenuId>430931951</MenuId>
</xml>

2017-09-05 13:25:10 params :
------------
Array:
message : Array ;
module : basic ;
rule : 10 ;
priority : 0 ;
keyword : Array ;

2017-09-05 13:25:10 response :
------------
Array:
FromUserName : gh_be7e4da020bc ;
ToUserName : oPtQ2wFLUMv4-9PKtLV6rITxNu88 ;
MsgType : text ;
Content : 欢迎关注美食广场微信公众号！ ;

2017-09-05 13:28:09 trace :
------------
String:
<xml><ToUserName><![CDATA[gh_387f2586a480]]></ToUserName>
<FromUserName><![CDATA[oHlBev8WrKCdn1Gcy-TbhmeN0Lks]]></FromUserName>
<CreateTime>1504589288</CreateTime>
<MsgType><![CDATA[event]]></MsgType>
<Event><![CDATA[CLICK]]></Event>
<EventKey><![CDATA[。]]></EventKey>
</xml>

2017-09-05 13:28:09 params :
------------
Array:
message : Array ;
module : basic ;
rule : 13 ;
priority : 0 ;
keyword : Array ;

2017-09-05 13:28:09 response :
------------
Array:
FromUserName : gh_387f2586a480 ;
ToUserName : oHlBev8WrKCdn1Gcy-TbhmeN0Lks ;
MsgType : text ;
Content : 欢迎关注李记梧桐人家微信公众号！ ;

2017-09-05 13:49:10 trace :
------------
String:
<xml><ToUserName><![CDATA[gh_3280735b50d8]]></ToUserName>
<FromUserName><![CDATA[oyWTK1HxTUyu2ToxVNk8iUgSFCKs]]></FromUserName>
<CreateTime>1504590549</CreateTime>
<MsgType><![CDATA[event]]></MsgType>
<Event><![CDATA[VIEW]]></Event>
<EventKey><![CDATA[http://www.gzqtbw.com/app/index.php?i=10&c=home&t=12]]></EventKey>
<MenuId>427588424</MenuId>
</xml>

2017-09-05 13:49:10 params :
------------
Array:
message : Array ;
module : basic ;
rule : 11 ;
priority : 0 ;
keyword : Array ;

2017-09-05 13:49:10 response :
------------
Array:
FromUserName : gh_3280735b50d8 ;
ToUserName : oyWTK1HxTUyu2ToxVNk8iUgSFCKs ;
MsgType : text ;
Content : 欢迎关注黔满园荣贵微信公众号！ ;

2017-09-05 13:49:23 trace :
------------
String:
<xml><ToUserName><![CDATA[gh_be7e4da020bc]]></ToUserName>
<FromUserName><![CDATA[oPtQ2wFW5MvbbcSTZ1DQ33yk-2KA]]></FromUserName>
<CreateTime>1504590563</CreateTime>
<MsgType><![CDATA[event]]></MsgType>
<Event><![CDATA[VIEW]]></Event>
<EventKey><![CDATA[http://www.gzqtbw.com/app/index.php?i=8&c=site&a=site&do=detail&id=6]]></EventKey>
<MenuId>430931951</MenuId>
</xml>

2017-09-05 13:49:23 params :
------------
Array:
message : Array ;
module : basic ;
rule : 10 ;
priority : 0 ;
keyword : Array ;

2017-09-05 13:49:23 response :
------------
Array:
FromUserName : gh_be7e4da020bc ;
ToUserName : oPtQ2wFW5MvbbcSTZ1DQ33yk-2KA ;
MsgType : text ;
Content : 欢迎关注美食广场微信公众号！ ;

2017-09-05 14:37:11 trace :
------------
String:
<xml><ToUserName><![CDATA[gh_be7e4da020bc]]></ToUserName>
<FromUserName><![CDATA[oPtQ2wG3RgdV0zvx_j2p2YGGSSfM]]></FromUserName>
<CreateTime>1504593431</CreateTime>
<MsgType><![CDATA[event]]></MsgType>
<Event><![CDATA[VIEW]]></Event>
<EventKey><![CDATA[http://www.gzqtbw.com/app/index.php?i=8&c=home&t=8]]></EventKey>
<MenuId>430931951</MenuId>
</xml>

2017-09-05 14:37:11 params :
------------
Array:
message : Array ;
module : basic ;
rule : 10 ;
priority : 0 ;
keyword : Array ;

2017-09-05 14:37:11 response :
------------
Array:
FromUserName : gh_be7e4da020bc ;
ToUserName : oPtQ2wG3RgdV0zvx_j2p2YGGSSfM ;
MsgType : text ;
Content : 欢迎关注美食广场微信公众号！ ;

2017-09-05 14:37:18 trace :
------------
String:
<xml><ToUserName><![CDATA[gh_be7e4da020bc]]></ToUserName>
<FromUserName><![CDATA[oPtQ2wG3RgdV0zvx_j2p2YGGSSfM]]></FromUserName>
<CreateTime>1504593437</CreateTime>
<MsgType><![CDATA[event]]></MsgType>
<Event><![CDATA[VIEW]]></Event>
<EventKey><![CDATA[http://www.gzqtbw.com/app/index.php?i=8&c=site&a=site&do=detail&id=6]]></EventKey>
<MenuId>430931951</MenuId>
</xml>

2017-09-05 14:37:18 params :
------------
Array:
message : Array ;
module : basic ;
rule : 10 ;
priority : 0 ;
keyword : Array ;

2017-09-05 14:37:18 response :
------------
Array:
FromUserName : gh_be7e4da020bc ;
ToUserName : oPtQ2wG3RgdV0zvx_j2p2YGGSSfM ;
MsgType : text ;
Content : 欢迎关注美食广场微信公众号！ ;

2017-09-05 14:37:40 trace :
------------
String:
<xml><ToUserName><![CDATA[gh_be7e4da020bc]]></ToUserName>
<FromUserName><![CDATA[oPtQ2wG3RgdV0zvx_j2p2YGGSSfM]]></FromUserName>
<CreateTime>1504593459</CreateTime>
<MsgType><![CDATA[event]]></MsgType>
<Event><![CDATA[VIEW]]></Event>
<EventKey><![CDATA[http://www.gzqtbw.com/app/index.php?i=8&c=home&t=8]]></EventKey>
<MenuId>430931951</MenuId>
</xml>

2017-09-05 14:37:40 params :
------------
Array:
message : Array ;
module : basic ;
rule : 10 ;
priority : 0 ;
keyword : Array ;

2017-09-05 14:37:40 response :
------------
Array:
FromUserName : gh_be7e4da020bc ;
ToUserName : oPtQ2wG3RgdV0zvx_j2p2YGGSSfM ;
MsgType : text ;
Content : 欢迎关注美食广场微信公众号！ ;

2017-09-05 14:40:45 trace :
------------
String:
<xml><ToUserName><![CDATA[gh_be7e4da020bc]]></ToUserName>
<FromUserName><![CDATA[oPtQ2wG3RgdV0zvx_j2p2YGGSSfM]]></FromUserName>
<CreateTime>1504593644</CreateTime>
<MsgType><![CDATA[event]]></MsgType>
<Event><![CDATA[VIEW]]></Event>
<EventKey><![CDATA[http://www.gzqtbw.com/app/index.php?i=8&c=home&t=8]]></EventKey>
<MenuId>430931951</MenuId>
</xml>

2017-09-05 14:40:45 params :
------------
Array:
message : Array ;
module : basic ;
rule : 10 ;
priority : 0 ;
keyword : Array ;

2017-09-05 14:40:45 response :
------------
Array:
FromUserName : gh_be7e4da020bc ;
ToUserName : oPtQ2wG3RgdV0zvx_j2p2YGGSSfM ;
MsgType : text ;
Content : 欢迎关注美食广场微信公众号！ ;

2017-09-05 14:41:24 trace :
------------
String:
<xml><ToUserName><![CDATA[gh_be7e4da020bc]]></ToUserName>
<FromUserName><![CDATA[oPtQ2wG3RgdV0zvx_j2p2YGGSSfM]]></FromUserName>
<CreateTime>1504593684</CreateTime>
<MsgType><![CDATA[event]]></MsgType>
<Event><![CDATA[VIEW]]></Event>
<EventKey><![CDATA[http://www.gzqtbw.com/app/index.php?i=8&c=home&t=8]]></EventKey>
<MenuId>430931951</MenuId>
</xml>

2017-09-05 14:41:24 params :
------------
Array:
message : Array ;
module : basic ;
rule : 10 ;
priority : 0 ;
keyword : Array ;

2017-09-05 14:41:24 response :
------------
Array:
FromUserName : gh_be7e4da020bc ;
ToUserName : oPtQ2wG3RgdV0zvx_j2p2YGGSSfM ;
MsgType : text ;
Content : 欢迎关注美食广场微信公众号！ ;

2017-09-05 14:41:47 trace :
------------
String:
<xml><ToUserName><![CDATA[gh_be7e4da020bc]]></ToUserName>
<FromUserName><![CDATA[oPtQ2wG3RgdV0zvx_j2p2YGGSSfM]]></FromUserName>
<CreateTime>1504593706</CreateTime>
<MsgType><![CDATA[event]]></MsgType>
<Event><![CDATA[VIEW]]></Event>
<EventKey><![CDATA[http://www.gzqtbw.com/app/index.php?i=8&c=site&a=site&do=detail&id=6]]></EventKey>
<MenuId>430931951</MenuId>
</xml>

2017-09-05 14:41:47 params :
------------
Array:
message : Array ;
module : basic ;
rule : 10 ;
priority : 0 ;
keyword : Array ;

2017-09-05 14:41:47 response :
------------
Array:
FromUserName : gh_be7e4da020bc ;
ToUserName : oPtQ2wG3RgdV0zvx_j2p2YGGSSfM ;
MsgType : text ;
Content : 欢迎关注美食广场微信公众号！ ;

2017-09-05 15:22:43 trace :
------------
String:
<xml><ToUserName><![CDATA[gh_387f2586a480]]></ToUserName>
<FromUserName><![CDATA[oHlBev7UdOAF8NjmHj9Fjtk5Wc1k]]></FromUserName>
<CreateTime>1504596162</CreateTime>
<MsgType><![CDATA[event]]></MsgType>
<Event><![CDATA[CLICK]]></Event>
<EventKey><![CDATA[。]]></EventKey>
</xml>

2017-09-05 15:22:43 params :
------------
Array:
message : Array ;
module : basic ;
rule : 13 ;
priority : 0 ;
keyword : Array ;

2017-09-05 15:22:43 response :
------------
Array:
FromUserName : gh_387f2586a480 ;
ToUserName : oHlBev7UdOAF8NjmHj9Fjtk5Wc1k ;
MsgType : text ;
Content : 欢迎关注李记梧桐人家微信公众号！ ;

2017-09-05 15:22:46 trace :
------------
String:
<xml><ToUserName><![CDATA[gh_387f2586a480]]></ToUserName>
<FromUserName><![CDATA[oHlBev7UdOAF8NjmHj9Fjtk5Wc1k]]></FromUserName>
<CreateTime>1504596166</CreateTime>
<MsgType><![CDATA[event]]></MsgType>
<Event><![CDATA[CLICK]]></Event>
<EventKey><![CDATA[。]]></EventKey>
</xml>

2017-09-05 15:22:46 params :
------------
Array:
message : Array ;
module : basic ;
rule : 13 ;
priority : 0 ;
keyword : Array ;

2017-09-05 15:22:46 response :
------------
Array:
FromUserName : gh_387f2586a480 ;
ToUserName : oHlBev7UdOAF8NjmHj9Fjtk5Wc1k ;
MsgType : text ;
Content : 欢迎关注李记梧桐人家微信公众号！ ;

2017-09-05 15:22:53 trace :
------------
String:
<xml><ToUserName><![CDATA[gh_387f2586a480]]></ToUserName>
<FromUserName><![CDATA[oHlBev7UdOAF8NjmHj9Fjtk5Wc1k]]></FromUserName>
<CreateTime>1504596172</CreateTime>
<MsgType><![CDATA[event]]></MsgType>
<Event><![CDATA[CLICK]]></Event>
<EventKey><![CDATA[。]]></EventKey>
</xml>

2017-09-05 15:22:53 params :
------------
Array:
message : Array ;
module : basic ;
rule : 13 ;
priority : 0 ;
keyword : Array ;

2017-09-05 15:22:53 response :
------------
Array:
FromUserName : gh_387f2586a480 ;
ToUserName : oHlBev7UdOAF8NjmHj9Fjtk5Wc1k ;
MsgType : text ;
Content : 欢迎关注李记梧桐人家微信公众号！ ;

2017-09-05 15:24:06 trace :
------------
String:
<xml><ToUserName><![CDATA[gh_387f2586a480]]></ToUserName>
<FromUserName><![CDATA[oHlBev7UdOAF8NjmHj9Fjtk5Wc1k]]></FromUserName>
<CreateTime>1504596245</CreateTime>
<MsgType><![CDATA[event]]></MsgType>
<Event><![CDATA[CLICK]]></Event>
<EventKey><![CDATA[。]]></EventKey>
</xml>

2017-09-05 15:24:06 params :
------------
Array:
message : Array ;
module : basic ;
rule : 13 ;
priority : 0 ;
keyword : Array ;

2017-09-05 15:24:06 response :
------------
Array:
FromUserName : gh_387f2586a480 ;
ToUserName : oHlBev7UdOAF8NjmHj9Fjtk5Wc1k ;
MsgType : text ;
Content : 欢迎关注李记梧桐人家微信公众号！ ;

2017-09-05 15:24:28 trace :
------------
String:
<xml><ToUserName><![CDATA[gh_387f2586a480]]></ToUserName>
<FromUserName><![CDATA[oHlBev7UdOAF8NjmHj9Fjtk5Wc1k]]></FromUserName>
<CreateTime>1504596268</CreateTime>
<MsgType><![CDATA[event]]></MsgType>
<Event><![CDATA[CLICK]]></Event>
<EventKey><![CDATA[。]]></EventKey>
</xml>

2017-09-05 15:24:28 params :
------------
Array:
message : Array ;
module : basic ;
rule : 13 ;
priority : 0 ;
keyword : Array ;

2017-09-05 15:24:28 response :
------------
Array:
FromUserName : gh_387f2586a480 ;
ToUserName : oHlBev7UdOAF8NjmHj9Fjtk5Wc1k ;
MsgType : text ;
Content : 欢迎关注李记梧桐人家微信公众号！ ;

2017-09-05 15:24:52 trace :
------------
String:
<xml><ToUserName><![CDATA[gh_387f2586a480]]></ToUserName>
<FromUserName><![CDATA[oHlBev7UdOAF8NjmHj9Fjtk5Wc1k]]></FromUserName>
<CreateTime>1504596289</CreateTime>
<MsgType><![CDATA[event]]></MsgType>
<Event><![CDATA[CLICK]]></Event>
<EventKey><![CDATA[。]]></EventKey>
</xml>

2017-09-05 15:24:52 params :
------------
Array:
message : Array ;
module : basic ;
rule : 13 ;
priority : 0 ;
keyword : Array ;

2017-09-05 15:24:52 response :
------------
Array:
FromUserName : gh_387f2586a480 ;
ToUserName : oHlBev7UdOAF8NjmHj9Fjtk5Wc1k ;
MsgType : text ;
Content : 欢迎关注李记梧桐人家微信公众号！ ;

2017-09-05 15:25:25 trace :
------------
String:
<xml><ToUserName><![CDATA[gh_387f2586a480]]></ToUserName>
<FromUserName><![CDATA[oHlBev7UdOAF8NjmHj9Fjtk5Wc1k]]></FromUserName>
<CreateTime>1504596324</CreateTime>
<MsgType><![CDATA[event]]></MsgType>
<Event><![CDATA[CLICK]]></Event>
<EventKey><![CDATA[。]]></EventKey>
</xml>

2017-09-05 15:25:25 params :
------------
Array:
message : Array ;
module : basic ;
rule : 13 ;
priority : 0 ;
keyword : Array ;

2017-09-05 15:25:25 response :
------------
Array:
FromUserName : gh_387f2586a480 ;
ToUserName : oHlBev7UdOAF8NjmHj9Fjtk5Wc1k ;
MsgType : text ;
Content : 欢迎关注李记梧桐人家微信公众号！ ;

2017-09-05 15:26:04 trace :
------------
String:
<xml><ToUserName><![CDATA[gh_387f2586a480]]></ToUserName>
<FromUserName><![CDATA[oHlBev7UdOAF8NjmHj9Fjtk5Wc1k]]></FromUserName>
<CreateTime>1504596363</CreateTime>
<MsgType><![CDATA[event]]></MsgType>
<Event><![CDATA[CLICK]]></Event>
<EventKey><![CDATA[。]]></EventKey>
</xml>

2017-09-05 15:26:04 params :
------------
Array:
message : Array ;
module : basic ;
rule : 13 ;
priority : 0 ;
keyword : Array ;

2017-09-05 15:26:04 response :
------------
Array:
FromUserName : gh_387f2586a480 ;
ToUserName : oHlBev7UdOAF8NjmHj9Fjtk5Wc1k ;
MsgType : text ;
Content : 欢迎关注李记梧桐人家微信公众号！ ;

2017-09-05 15:26:07 trace :
------------
String:
<xml><ToUserName><![CDATA[gh_387f2586a480]]></ToUserName>
<FromUserName><![CDATA[oHlBev7UdOAF8NjmHj9Fjtk5Wc1k]]></FromUserName>
<CreateTime>1504596366</CreateTime>
<MsgType><![CDATA[event]]></MsgType>
<Event><![CDATA[CLICK]]></Event>
<EventKey><![CDATA[。]]></EventKey>
</xml>

2017-09-05 15:26:07 params :
------------
Array:
message : Array ;
module : basic ;
rule : 13 ;
priority : 0 ;
keyword : Array ;

2017-09-05 15:26:07 response :
------------
Array:
FromUserName : gh_387f2586a480 ;
ToUserName : oHlBev7UdOAF8NjmHj9Fjtk5Wc1k ;
MsgType : text ;
Content : 欢迎关注李记梧桐人家微信公众号！ ;

2017-09-05 15:33:37 trace :
------------
String:
<xml><ToUserName><![CDATA[gh_387f2586a480]]></ToUserName>
<FromUserName><![CDATA[oHlBev7UdOAF8NjmHj9Fjtk5Wc1k]]></FromUserName>
<CreateTime>1504596817</CreateTime>
<MsgType><![CDATA[event]]></MsgType>
<Event><![CDATA[CLICK]]></Event>
<EventKey><![CDATA[。]]></EventKey>
</xml>

2017-09-05 15:33:37 params :
------------
Array:
message : Array ;
module : basic ;
rule : 13 ;
priority : 0 ;
keyword : Array ;

2017-09-05 15:33:37 response :
------------
Array:
FromUserName : gh_387f2586a480 ;
ToUserName : oHlBev7UdOAF8NjmHj9Fjtk5Wc1k ;
MsgType : text ;
Content : 欢迎关注李记梧桐人家微信公众号！ ;

2017-09-05 15:33:38 trace :
------------
String:
<xml><ToUserName><![CDATA[gh_387f2586a480]]></ToUserName>
<FromUserName><![CDATA[oHlBev8WrKCdn1Gcy-TbhmeN0Lks]]></FromUserName>
<CreateTime>1504596817</CreateTime>
<MsgType><![CDATA[event]]></MsgType>
<Event><![CDATA[CLICK]]></Event>
<EventKey><![CDATA[。]]></EventKey>
</xml>

2017-09-05 15:33:38 params :
------------
Array:
message : Array ;
module : basic ;
rule : 13 ;
priority : 0 ;
keyword : Array ;

2017-09-05 15:33:38 response :
------------
Array:
FromUserName : gh_387f2586a480 ;
ToUserName : oHlBev8WrKCdn1Gcy-TbhmeN0Lks ;
MsgType : text ;
Content : 欢迎关注李记梧桐人家微信公众号！ ;

2017-09-05 15:34:37 trace :
------------
String:
<xml><ToUserName><![CDATA[gh_387f2586a480]]></ToUserName>
<FromUserName><![CDATA[oHlBev8WrKCdn1Gcy-TbhmeN0Lks]]></FromUserName>
<CreateTime>1504596876</CreateTime>
<MsgType><![CDATA[event]]></MsgType>
<Event><![CDATA[VIEW]]></Event>
<EventKey><![CDATA[http://www.gzqtbw.com/app/index.php?i=12&c=site&a=site&do=detail&id=10]]></EventKey>
<MenuId>602390564</MenuId>
</xml>

2017-09-05 15:34:37 params :
------------
Array:
message : Array ;
module : basic ;
rule : 13 ;
priority : 0 ;
keyword : Array ;

2017-09-05 15:34:37 response :
------------
Array:
FromUserName : gh_387f2586a480 ;
ToUserName : oHlBev8WrKCdn1Gcy-TbhmeN0Lks ;
MsgType : text ;
Content : 欢迎关注李记梧桐人家微信公众号！ ;

2017-09-05 15:34:50 trace :
------------
String:
<xml><ToUserName><![CDATA[gh_387f2586a480]]></ToUserName>
<FromUserName><![CDATA[oHlBev8WrKCdn1Gcy-TbhmeN0Lks]]></FromUserName>
<CreateTime>1504596890</CreateTime>
<MsgType><![CDATA[event]]></MsgType>
<Event><![CDATA[VIEW]]></Event>
<EventKey><![CDATA[http://www.gzqtbw.com/app/index.php?i=12&c=site&a=site&do=detail&id=11]]></EventKey>
<MenuId>602390564</MenuId>
</xml>

2017-09-05 15:34:50 params :
------------
Array:
message : Array ;
module : basic ;
rule : 13 ;
priority : 0 ;
keyword : Array ;

2017-09-05 15:34:50 response :
------------
Array:
FromUserName : gh_387f2586a480 ;
ToUserName : oHlBev8WrKCdn1Gcy-TbhmeN0Lks ;
MsgType : text ;
Content : 欢迎关注李记梧桐人家微信公众号！ ;

2017-09-05 15:34:56 trace :
------------
String:
<xml><ToUserName><![CDATA[gh_387f2586a480]]></ToUserName>
<FromUserName><![CDATA[oHlBev8WrKCdn1Gcy-TbhmeN0Lks]]></FromUserName>
<CreateTime>1504596894</CreateTime>
<MsgType><![CDATA[event]]></MsgType>
<Event><![CDATA[VIEW]]></Event>
<EventKey><![CDATA[http://www.gzqtbw.com/app/index.php?i=12&c=site&a=site&do=detail&id=10]]></EventKey>
<MenuId>602390564</MenuId>
</xml>

2017-09-05 15:34:56 params :
------------
Array:
message : Array ;
module : basic ;
rule : 13 ;
priority : 0 ;
keyword : Array ;

2017-09-05 15:34:56 response :
------------
Array:
FromUserName : gh_387f2586a480 ;
ToUserName : oHlBev8WrKCdn1Gcy-TbhmeN0Lks ;
MsgType : text ;
Content : 欢迎关注李记梧桐人家微信公众号！ ;

2017-09-05 15:35:07 trace :
------------
String:
<xml><ToUserName><![CDATA[gh_387f2586a480]]></ToUserName>
<FromUserName><![CDATA[oHlBev8WrKCdn1Gcy-TbhmeN0Lks]]></FromUserName>
<CreateTime>1504596906</CreateTime>
<MsgType><![CDATA[event]]></MsgType>
<Event><![CDATA[VIEW]]></Event>
<EventKey><![CDATA[http://www.gzqtbw.com/app/index.php?i=12&c=site&a=site&do=detail&id=10]]></EventKey>
<MenuId>602390564</MenuId>
</xml>

2017-09-05 15:35:07 params :
------------
Array:
message : Array ;
module : basic ;
rule : 13 ;
priority : 0 ;
keyword : Array ;

2017-09-05 15:35:07 response :
------------
Array:
FromUserName : gh_387f2586a480 ;
ToUserName : oHlBev8WrKCdn1Gcy-TbhmeN0Lks ;
MsgType : text ;
Content : 欢迎关注李记梧桐人家微信公众号！ ;

2017-09-05 15:46:48 trace :
------------
String:
<xml><ToUserName><![CDATA[gh_387f2586a480]]></ToUserName>
<FromUserName><![CDATA[oHlBev7UdOAF8NjmHj9Fjtk5Wc1k]]></FromUserName>
<CreateTime>1504597608</CreateTime>
<MsgType><![CDATA[event]]></MsgType>
<Event><![CDATA[unsubscribe]]></Event>
<EventKey><![CDATA[]]></EventKey>
</xml>

2017-09-05 15:47:03 trace :
------------
String:
<xml><ToUserName><![CDATA[gh_387f2586a480]]></ToUserName>
<FromUserName><![CDATA[oHlBev7UdOAF8NjmHj9Fjtk5Wc1k]]></FromUserName>
<CreateTime>1504597623</CreateTime>
<MsgType><![CDATA[event]]></MsgType>
<Event><![CDATA[subscribe]]></Event>
<EventKey><![CDATA[]]></EventKey>
</xml>

2017-09-05 15:47:03 params :
------------
Array:
message : Array ;
module : basic ;
rule : 13 ;
priority : 0 ;
keyword : Array ;

2017-09-05 15:47:03 response :
------------
Array:
FromUserName : gh_387f2586a480 ;
ToUserName : oHlBev7UdOAF8NjmHj9Fjtk5Wc1k ;
MsgType : text ;
Content : 欢迎关注李记梧桐人家微信公众号！ ;

2017-09-05 15:47:08 trace :
------------
String:
<xml><ToUserName><![CDATA[gh_387f2586a480]]></ToUserName>
<FromUserName><![CDATA[oHlBev7UdOAF8NjmHj9Fjtk5Wc1k]]></FromUserName>
<CreateTime>1504597627</CreateTime>
<MsgType><![CDATA[event]]></MsgType>
<Event><![CDATA[VIEW]]></Event>
<EventKey><![CDATA[http://www.gzqtbw.com/app/index.php?i=12&c=site&a=site&do=detail&id=10]]></EventKey>
<MenuId>602390564</MenuId>
</xml>

2017-09-05 15:47:08 params :
------------
Array:
message : Array ;
module : basic ;
rule : 13 ;
priority : 0 ;
keyword : Array ;

2017-09-05 15:47:08 response :
------------
Array:
FromUserName : gh_387f2586a480 ;
ToUserName : oHlBev7UdOAF8NjmHj9Fjtk5Wc1k ;
MsgType : text ;
Content : 欢迎关注李记梧桐人家微信公众号！ ;

2017-09-05 15:48:02 trace :
------------
String:
<xml><ToUserName><![CDATA[gh_387f2586a480]]></ToUserName>
<FromUserName><![CDATA[oHlBev7UdOAF8NjmHj9Fjtk5Wc1k]]></FromUserName>
<CreateTime>1504597681</CreateTime>
<MsgType><![CDATA[event]]></MsgType>
<Event><![CDATA[VIEW]]></Event>
<EventKey><![CDATA[http://www.gzqtbw.com/app/index.php?i=12&c=site&a=site&do=detail&id=10]]></EventKey>
<MenuId>602390564</MenuId>
</xml>

2017-09-05 15:48:02 params :
------------
Array:
message : Array ;
module : basic ;
rule : 13 ;
priority : 0 ;
keyword : Array ;

2017-09-05 15:48:02 response :
------------
Array:
FromUserName : gh_387f2586a480 ;
ToUserName : oHlBev7UdOAF8NjmHj9Fjtk5Wc1k ;
MsgType : text ;
Content : 欢迎关注李记梧桐人家微信公众号！ ;

2017-09-05 15:48:31 trace :
------------
String:
<xml><ToUserName><![CDATA[gh_387f2586a480]]></ToUserName>
<FromUserName><![CDATA[oHlBev7UdOAF8NjmHj9Fjtk5Wc1k]]></FromUserName>
<CreateTime>1504597710</CreateTime>
<MsgType><![CDATA[event]]></MsgType>
<Event><![CDATA[VIEW]]></Event>
<EventKey><![CDATA[http://www.gzqtbw.com/app/index.php?i=12&c=site&a=site&do=detail&id=10]]></EventKey>
<MenuId>602390564</MenuId>
</xml>

2017-09-05 15:48:31 params :
------------
Array:
message : Array ;
module : basic ;
rule : 13 ;
priority : 0 ;
keyword : Array ;

2017-09-05 15:48:31 response :
------------
Array:
FromUserName : gh_387f2586a480 ;
ToUserName : oHlBev7UdOAF8NjmHj9Fjtk5Wc1k ;
MsgType : text ;
Content : 欢迎关注李记梧桐人家微信公众号！ ;

2017-09-05 15:57:22 trace :
------------
String:
<xml><ToUserName><![CDATA[gh_387f2586a480]]></ToUserName>
<FromUserName><![CDATA[oHlBev7UdOAF8NjmHj9Fjtk5Wc1k]]></FromUserName>
<CreateTime>1504598241</CreateTime>
<MsgType><![CDATA[event]]></MsgType>
<Event><![CDATA[VIEW]]></Event>
<EventKey><![CDATA[http://www.gzqtbw.com/app/index.php?i=12&c=site&a=site&do=detail&id=10]]></EventKey>
<MenuId>602390564</MenuId>
</xml>

2017-09-05 15:57:22 params :
------------
Array:
message : Array ;
module : basic ;
rule : 13 ;
priority : 0 ;
keyword : Array ;

2017-09-05 15:57:22 response :
------------
Array:
FromUserName : gh_387f2586a480 ;
ToUserName : oHlBev7UdOAF8NjmHj9Fjtk5Wc1k ;
MsgType : text ;
Content : 欢迎关注李记梧桐人家微信公众号！ ;

2017-09-05 19:04:11 trace :
------------
String:
<xml><ToUserName><![CDATA[gh_387f2586a480]]></ToUserName>
<FromUserName><![CDATA[oHlBev7UdOAF8NjmHj9Fjtk5Wc1k]]></FromUserName>
<CreateTime>1504609450</CreateTime>
<MsgType><![CDATA[event]]></MsgType>
<Event><![CDATA[VIEW]]></Event>
<EventKey><![CDATA[http://www.gzqtbw.com/app/index.php?i=12&c=site&a=site&do=detail&id=11]]></EventKey>
<MenuId>602390564</MenuId>
</xml>

2017-09-05 19:04:11 params :
------------
Array:
message : Array ;
module : basic ;
rule : 13 ;
priority : 0 ;
keyword : Array ;

2017-09-05 19:04:11 response :
------------
Array:
FromUserName : gh_387f2586a480 ;
ToUserName : oHlBev7UdOAF8NjmHj9Fjtk5Wc1k ;
MsgType : text ;
Content : 欢迎关注李记梧桐人家微信公众号！ ;

2017-09-05 19:05:30 trace :
------------
String:
<xml><ToUserName><![CDATA[gh_387f2586a480]]></ToUserName>
<FromUserName><![CDATA[oHlBev7UdOAF8NjmHj9Fjtk5Wc1k]]></FromUserName>
<CreateTime>1504609529</CreateTime>
<MsgType><![CDATA[event]]></MsgType>
<Event><![CDATA[VIEW]]></Event>
<EventKey><![CDATA[http://www.gzqtbw.com/app/index.php?i=12&c=site&a=site&do=detail&id=10]]></EventKey>
<MenuId>602390564</MenuId>
</xml>

2017-09-05 19:05:30 params :
------------
Array:
message : Array ;
module : basic ;
rule : 13 ;
priority : 0 ;
keyword : Array ;

2017-09-05 19:05:30 response :
------------
Array:
FromUserName : gh_387f2586a480 ;
ToUserName : oHlBev7UdOAF8NjmHj9Fjtk5Wc1k ;
MsgType : text ;
Content : 欢迎关注李记梧桐人家微信公众号！ ;

2017-09-05 19:07:27 trace :
------------
String:
<xml><ToUserName><![CDATA[gh_387f2586a480]]></ToUserName>
<FromUserName><![CDATA[oHlBev7UdOAF8NjmHj9Fjtk5Wc1k]]></FromUserName>
<CreateTime>1504609647</CreateTime>
<MsgType><![CDATA[event]]></MsgType>
<Event><![CDATA[VIEW]]></Event>
<EventKey><![CDATA[http://www.gzqtbw.com/app/index.php?i=12&c=site&a=site&do=detail&id=10]]></EventKey>
<MenuId>602390564</MenuId>
</xml>

2017-09-05 19:07:27 params :
------------
Array:
message : Array ;
module : basic ;
rule : 13 ;
priority : 0 ;
keyword : Array ;

2017-09-05 19:07:27 response :
------------
Array:
FromUserName : gh_387f2586a480 ;
ToUserName : oHlBev7UdOAF8NjmHj9Fjtk5Wc1k ;
MsgType : text ;
Content : 欢迎关注李记梧桐人家微信公众号！ ;

