2017-09-28 11:22:29 trace :
------------
String:
<xml><ToUserName><![CDATA[gh_be7e4da020bc]]></ToUserName>
<FromUserName><![CDATA[oPtQ2wPGUt_hCV0csoD-xxRE6M-g]]></FromUserName>
<CreateTime>1506568949</CreateTime>
<MsgType><![CDATA[event]]></MsgType>
<Event><![CDATA[unsubscribe]]></Event>
<EventKey><![CDATA[]]></EventKey>
</xml>

2017-09-28 12:59:15 trace :
------------
String:
<xml><ToUserName><![CDATA[gh_be7e4da020bc]]></ToUserName>
<FromUserName><![CDATA[oPtQ2wPbgZzbmfRzw0dT1oAu7Gw8]]></FromUserName>
<CreateTime>1506574755</CreateTime>
<MsgType><![CDATA[event]]></MsgType>
<Event><![CDATA[VIEW]]></Event>
<EventKey><![CDATA[http://www.gzqtbw.com/app/index.php?i=8&c=home&t=8]]></EventKey>
<MenuId>430931951</MenuId>
</xml>

2017-09-28 12:59:15 params :
------------
Array:
message : Array ;
module : basic ;
rule : 10 ;
priority : 0 ;
keyword : Array ;

2017-09-28 12:59:15 response :
------------
Array:
FromUserName : gh_be7e4da020bc ;
ToUserName : oPtQ2wPbgZzbmfRzw0dT1oAu7Gw8 ;
MsgType : text ;
Content : 欢迎关注美食广场微信公众号！ ;

2017-09-28 13:28:22 trace :
------------
String:
<xml><ToUserName><![CDATA[gh_be7e4da020bc]]></ToUserName>
<FromUserName><![CDATA[oPtQ2wPbgZzbmfRzw0dT1oAu7Gw8]]></FromUserName>
<CreateTime>1506576502</CreateTime>
<MsgType><![CDATA[event]]></MsgType>
<Event><![CDATA[VIEW]]></Event>
<EventKey><![CDATA[http://www.gzqtbw.com/app/index.php?i=8&c=home&t=8]]></EventKey>
<MenuId>430931951</MenuId>
</xml>

2017-09-28 13:28:22 params :
------------
Array:
message : Array ;
module : basic ;
rule : 10 ;
priority : 0 ;
keyword : Array ;

2017-09-28 13:28:22 response :
------------
Array:
FromUserName : gh_be7e4da020bc ;
ToUserName : oPtQ2wPbgZzbmfRzw0dT1oAu7Gw8 ;
MsgType : text ;
Content : 欢迎关注美食广场微信公众号！ ;

2017-09-28 14:15:46 trace :
------------
String:
<xml><ToUserName><![CDATA[gh_be7e4da020bc]]></ToUserName>
<FromUserName><![CDATA[oPtQ2wB0qJ7dcVhTF1dHOFtEcz7Q]]></FromUserName>
<CreateTime>1506579345</CreateTime>
<MsgType><![CDATA[event]]></MsgType>
<Event><![CDATA[VIEW]]></Event>
<EventKey><![CDATA[http://www.gzqtbw.com/app/index.php?i=8&c=home&t=8]]></EventKey>
<MenuId>430931951</MenuId>
</xml>

2017-09-28 14:15:46 params :
------------
Array:
message : Array ;
module : basic ;
rule : 10 ;
priority : 0 ;
keyword : Array ;

2017-09-28 14:15:46 response :
------------
Array:
FromUserName : gh_be7e4da020bc ;
ToUserName : oPtQ2wB0qJ7dcVhTF1dHOFtEcz7Q ;
MsgType : text ;
Content : 欢迎关注美食广场微信公众号！ ;

2017-09-28 14:30:35 trace :
------------
String:
<xml><ToUserName><![CDATA[gh_be7e4da020bc]]></ToUserName>
<FromUserName><![CDATA[oPtQ2wB0qJ7dcVhTF1dHOFtEcz7Q]]></FromUserName>
<CreateTime>1506580235</CreateTime>
<MsgType><![CDATA[event]]></MsgType>
<Event><![CDATA[VIEW]]></Event>
<EventKey><![CDATA[http://www.gzqtbw.com/app/index.php?i=8&c=home&t=8]]></EventKey>
<MenuId>430931951</MenuId>
</xml>

2017-09-28 14:30:35 params :
------------
Array:
message : Array ;
module : basic ;
rule : 10 ;
priority : 0 ;
keyword : Array ;

2017-09-28 14:30:35 response :
------------
Array:
FromUserName : gh_be7e4da020bc ;
ToUserName : oPtQ2wB0qJ7dcVhTF1dHOFtEcz7Q ;
MsgType : text ;
Content : 欢迎关注美食广场微信公众号！ ;

2017-09-28 18:13:09 trace :
------------
String:
<xml><ToUserName><![CDATA[gh_be7e4da020bc]]></ToUserName>
<FromUserName><![CDATA[oPtQ2wElGLUIOIMvrsHiTYPEgKSU]]></FromUserName>
<CreateTime>1506593589</CreateTime>
<MsgType><![CDATA[event]]></MsgType>
<Event><![CDATA[VIEW]]></Event>
<EventKey><![CDATA[http://www.gzqtbw.com/app/index.php?i=8&c=home&t=8]]></EventKey>
<MenuId>430931951</MenuId>
</xml>

2017-09-28 18:13:09 params :
------------
Array:
message : Array ;
module : basic ;
rule : 10 ;
priority : 0 ;
keyword : Array ;

2017-09-28 18:13:09 response :
------------
Array:
FromUserName : gh_be7e4da020bc ;
ToUserName : oPtQ2wElGLUIOIMvrsHiTYPEgKSU ;
MsgType : text ;
Content : 欢迎关注美食广场微信公众号！ ;

