2017-10-29 13:41:54 trace :
------------
String:
<xml><ToUserName><![CDATA[gh_be7e4da020bc]]></ToUserName>
<FromUserName><![CDATA[oPtQ2wI0xqYu4aUJ2-q1VwHJ9RXM]]></FromUserName>
<CreateTime>1509255714</CreateTime>
<MsgType><![CDATA[event]]></MsgType>
<Event><![CDATA[VIEW]]></Event>
<EventKey><![CDATA[http://www.gzqtbw.com/app/index.php?i=8&c=home&t=8]]></EventKey>
<MenuId>430931951</MenuId>
</xml>

2017-10-29 13:41:54 params :
------------
Array:
message : Array ;
module : basic ;
rule : 10 ;
priority : 0 ;
keyword : Array ;

2017-10-29 13:41:54 response :
------------
Array:
FromUserName : gh_be7e4da020bc ;
ToUserName : oPtQ2wI0xqYu4aUJ2-q1VwHJ9RXM ;
MsgType : text ;
Content : 欢迎关注美食广场微信公众号！ ;

2017-10-29 13:48:21 trace :
------------
String:
<xml><ToUserName><![CDATA[gh_be7e4da020bc]]></ToUserName>
<FromUserName><![CDATA[oPtQ2wApANMV64qDY52yYvvYyD_g]]></FromUserName>
<CreateTime>1509256100</CreateTime>
<MsgType><![CDATA[event]]></MsgType>
<Event><![CDATA[VIEW]]></Event>
<EventKey><![CDATA[http://www.gzqtbw.com/app/index.php?i=8&c=home&t=8]]></EventKey>
<MenuId>430931951</MenuId>
</xml>

2017-10-29 13:48:21 params :
------------
Array:
message : Array ;
module : basic ;
rule : 10 ;
priority : 0 ;
keyword : Array ;

2017-10-29 13:48:21 response :
------------
Array:
FromUserName : gh_be7e4da020bc ;
ToUserName : oPtQ2wApANMV64qDY52yYvvYyD_g ;
MsgType : text ;
Content : 欢迎关注美食广场微信公众号！ ;

2017-10-29 14:02:46 trace :
------------
String:
<xml><ToUserName><![CDATA[gh_be7e4da020bc]]></ToUserName>
<FromUserName><![CDATA[oPtQ2wI0xqYu4aUJ2-q1VwHJ9RXM]]></FromUserName>
<CreateTime>1509256965</CreateTime>
<MsgType><![CDATA[event]]></MsgType>
<Event><![CDATA[VIEW]]></Event>
<EventKey><![CDATA[http://www.gzqtbw.com/app/index.php?i=8&c=home&t=8]]></EventKey>
<MenuId>430931951</MenuId>
</xml>

2017-10-29 14:02:46 params :
------------
Array:
message : Array ;
module : basic ;
rule : 10 ;
priority : 0 ;
keyword : Array ;

2017-10-29 14:02:46 response :
------------
Array:
FromUserName : gh_be7e4da020bc ;
ToUserName : oPtQ2wI0xqYu4aUJ2-q1VwHJ9RXM ;
MsgType : text ;
Content : 欢迎关注美食广场微信公众号！ ;

2017-10-29 14:30:51 trace :
------------
String:
<xml><ToUserName><![CDATA[gh_be7e4da020bc]]></ToUserName>
<FromUserName><![CDATA[oPtQ2wI0xqYu4aUJ2-q1VwHJ9RXM]]></FromUserName>
<CreateTime>1509258650</CreateTime>
<MsgType><![CDATA[event]]></MsgType>
<Event><![CDATA[VIEW]]></Event>
<EventKey><![CDATA[http://www.gzqtbw.com/app/index.php?i=8&c=home&t=8]]></EventKey>
<MenuId>430931951</MenuId>
</xml>

2017-10-29 14:30:51 params :
------------
Array:
message : Array ;
module : basic ;
rule : 10 ;
priority : 0 ;
keyword : Array ;

2017-10-29 14:30:51 response :
------------
Array:
FromUserName : gh_be7e4da020bc ;
ToUserName : oPtQ2wI0xqYu4aUJ2-q1VwHJ9RXM ;
MsgType : text ;
Content : 欢迎关注美食广场微信公众号！ ;

