2017-12-28 09:45:14 trace :
------------
String:
<xml><ToUserName><![CDATA[gh_a9b445bf4f73]]></ToUserName>
<FromUserName><![CDATA[oaQb9waiD6AkYh4Ubv8aFWLMY0W8]]></FromUserName>
<CreateTime>1514425513</CreateTime>
<MsgType><![CDATA[event]]></MsgType>
<Event><![CDATA[qualification_verify_success]]></Event>
<ExpiredTime>1547033280</ExpiredTime>
</xml>

2017-12-28 09:45:14 params :
------------
Array:
message : Array ;
module : basic ;
rule : 16 ;
priority : 0 ;
keyword : Array ;

2017-12-28 09:45:14 response :
------------
Array:
FromUserName : gh_a9b445bf4f73 ;
ToUserName : oaQb9waiD6AkYh4Ubv8aFWLMY0W8 ;
MsgType : text ;
Content : 欢迎关注贵州博达云科技发展有限公司！ ;

2017-12-28 09:45:15 trace :
------------
String:
<xml><ToUserName><![CDATA[gh_a9b445bf4f73]]></ToUserName>
<FromUserName><![CDATA[oaQb9waiD6AkYh4Ubv8aFWLMY0W8]]></FromUserName>
<CreateTime>1514425514</CreateTime>
<MsgType><![CDATA[event]]></MsgType>
<Event><![CDATA[naming_verify_success]]></Event>
<ExpiredTime>1547033280</ExpiredTime>
</xml>

2017-12-28 09:45:15 params :
------------
Array:
message : Array ;
module : basic ;
rule : 16 ;
priority : 0 ;
keyword : Array ;

2017-12-28 09:45:15 response :
------------
Array:
FromUserName : gh_a9b445bf4f73 ;
ToUserName : oaQb9waiD6AkYh4Ubv8aFWLMY0W8 ;
MsgType : text ;
Content : 欢迎关注贵州博达云科技发展有限公司！ ;

2017-12-28 10:14:29 trace :
------------
String:
<xml><ToUserName><![CDATA[gh_a9b445bf4f73]]></ToUserName>
<FromUserName><![CDATA[oaQb9wUusvnE0rqmgA0hQdkfPh3g]]></FromUserName>
<CreateTime>1514427269</CreateTime>
<MsgType><![CDATA[event]]></MsgType>
<Event><![CDATA[VIEW]]></Event>
<EventKey><![CDATA[http://www.gzqtbw.com/app/index.php?i=16&c=home&t=22]]></EventKey>
<MenuId>422750895</MenuId>
</xml>

2017-12-28 10:14:29 params :
------------
Array:
message : Array ;
module : basic ;
rule : 16 ;
priority : 0 ;
keyword : Array ;

2017-12-28 10:14:29 response :
------------
Array:
FromUserName : gh_a9b445bf4f73 ;
ToUserName : oaQb9wUusvnE0rqmgA0hQdkfPh3g ;
MsgType : text ;
Content : 欢迎关注贵州博达云科技发展有限公司！ ;

2017-12-28 10:31:19 trace :
------------
String:
<xml><ToUserName><![CDATA[gh_a9b445bf4f73]]></ToUserName>
<FromUserName><![CDATA[oaQb9wUusvnE0rqmgA0hQdkfPh3g]]></FromUserName>
<CreateTime>1514428278</CreateTime>
<MsgType><![CDATA[event]]></MsgType>
<Event><![CDATA[VIEW]]></Event>
<EventKey><![CDATA[http://www.gzqtbw.com/app/index.php?i=16&c=entry&do=dayu_form&id=1&m=dayu_form]]></EventKey>
<MenuId>422750895</MenuId>
</xml>

2017-12-28 10:31:19 params :
------------
Array:
message : Array ;
module : basic ;
rule : 16 ;
priority : 0 ;
keyword : Array ;

2017-12-28 10:31:19 response :
------------
Array:
FromUserName : gh_a9b445bf4f73 ;
ToUserName : oaQb9wUusvnE0rqmgA0hQdkfPh3g ;
MsgType : text ;
Content : 欢迎关注贵州博达云科技发展有限公司！ ;

2017-12-28 10:45:09 trace :
------------
String:
<xml><ToUserName><![CDATA[gh_a9b445bf4f73]]></ToUserName>
<FromUserName><![CDATA[oaQb9wUusvnE0rqmgA0hQdkfPh3g]]></FromUserName>
<CreateTime>1514429108</CreateTime>
<MsgType><![CDATA[event]]></MsgType>
<Event><![CDATA[VIEW]]></Event>
<EventKey><![CDATA[http://www.gzqtbw.com/app/index.php?i=16&c=home&t=22]]></EventKey>
<MenuId>422750895</MenuId>
</xml>

2017-12-28 10:45:09 params :
------------
Array:
message : Array ;
module : basic ;
rule : 16 ;
priority : 0 ;
keyword : Array ;

2017-12-28 10:45:09 response :
------------
Array:
FromUserName : gh_a9b445bf4f73 ;
ToUserName : oaQb9wUusvnE0rqmgA0hQdkfPh3g ;
MsgType : text ;
Content : 欢迎关注贵州博达云科技发展有限公司！ ;

2017-12-28 10:47:30 trace :
------------
String:
<xml><ToUserName><![CDATA[gh_a9b445bf4f73]]></ToUserName>
<FromUserName><![CDATA[oaQb9wUusvnE0rqmgA0hQdkfPh3g]]></FromUserName>
<CreateTime>1514429250</CreateTime>
<MsgType><![CDATA[event]]></MsgType>
<Event><![CDATA[VIEW]]></Event>
<EventKey><![CDATA[http://www.gzqtbw.com/app/index.php?i=16&c=entry&do=dayu_form&id=1&m=dayu_form]]></EventKey>
<MenuId>422750895</MenuId>
</xml>

2017-12-28 10:47:31 params :
------------
Array:
message : Array ;
module : basic ;
rule : 16 ;
priority : 0 ;
keyword : Array ;

2017-12-28 10:47:31 response :
------------
Array:
FromUserName : gh_a9b445bf4f73 ;
ToUserName : oaQb9wUusvnE0rqmgA0hQdkfPh3g ;
MsgType : text ;
Content : 欢迎关注贵州博达云科技发展有限公司！ ;

2017-12-28 10:47:34 trace :
------------
String:
<xml><ToUserName><![CDATA[gh_a9b445bf4f73]]></ToUserName>
<FromUserName><![CDATA[oaQb9wUusvnE0rqmgA0hQdkfPh3g]]></FromUserName>
<CreateTime>1514429253</CreateTime>
<MsgType><![CDATA[event]]></MsgType>
<Event><![CDATA[VIEW]]></Event>
<EventKey><![CDATA[http://www.gzqtbw.com/app/index.php?i=16&c=home&t=22]]></EventKey>
<MenuId>422750895</MenuId>
</xml>

2017-12-28 10:47:34 params :
------------
Array:
message : Array ;
module : basic ;
rule : 16 ;
priority : 0 ;
keyword : Array ;

2017-12-28 10:47:34 response :
------------
Array:
FromUserName : gh_a9b445bf4f73 ;
ToUserName : oaQb9wUusvnE0rqmgA0hQdkfPh3g ;
MsgType : text ;
Content : 欢迎关注贵州博达云科技发展有限公司！ ;

2017-12-28 10:51:46 trace :
------------
String:
<xml><ToUserName><![CDATA[gh_a9b445bf4f73]]></ToUserName>
<FromUserName><![CDATA[oaQb9wUusvnE0rqmgA0hQdkfPh3g]]></FromUserName>
<CreateTime>1514429506</CreateTime>
<MsgType><![CDATA[event]]></MsgType>
<Event><![CDATA[VIEW]]></Event>
<EventKey><![CDATA[http://www.gzqtbw.com/app/index.php?i=16&c=home&t=22]]></EventKey>
<MenuId>422750895</MenuId>
</xml>

2017-12-28 10:51:46 params :
------------
Array:
message : Array ;
module : basic ;
rule : 16 ;
priority : 0 ;
keyword : Array ;

2017-12-28 10:51:46 response :
------------
Array:
FromUserName : gh_a9b445bf4f73 ;
ToUserName : oaQb9wUusvnE0rqmgA0hQdkfPh3g ;
MsgType : text ;
Content : 欢迎关注贵州博达云科技发展有限公司！ ;

2017-12-28 11:03:25 trace :
------------
String:
<xml><ToUserName><![CDATA[gh_a9b445bf4f73]]></ToUserName>
<FromUserName><![CDATA[oaQb9wUusvnE0rqmgA0hQdkfPh3g]]></FromUserName>
<CreateTime>1514430204</CreateTime>
<MsgType><![CDATA[event]]></MsgType>
<Event><![CDATA[VIEW]]></Event>
<EventKey><![CDATA[http://www.gzqtbw.com/app/index.php?i=16&c=home&t=22]]></EventKey>
<MenuId>422750895</MenuId>
</xml>

2017-12-28 11:03:25 params :
------------
Array:
message : Array ;
module : basic ;
rule : 16 ;
priority : 0 ;
keyword : Array ;

2017-12-28 11:03:25 response :
------------
Array:
FromUserName : gh_a9b445bf4f73 ;
ToUserName : oaQb9wUusvnE0rqmgA0hQdkfPh3g ;
MsgType : text ;
Content : 欢迎关注贵州博达云科技发展有限公司！ ;

2017-12-28 11:04:24 trace :
------------
String:
<xml><ToUserName><![CDATA[gh_a9b445bf4f73]]></ToUserName>
<FromUserName><![CDATA[oaQb9wUusvnE0rqmgA0hQdkfPh3g]]></FromUserName>
<CreateTime>1514430264</CreateTime>
<MsgType><![CDATA[event]]></MsgType>
<Event><![CDATA[VIEW]]></Event>
<EventKey><![CDATA[http://www.gzqtbw.com/app/index.php?i=16&c=home&t=22]]></EventKey>
<MenuId>422750895</MenuId>
</xml>

2017-12-28 11:04:24 params :
------------
Array:
message : Array ;
module : basic ;
rule : 16 ;
priority : 0 ;
keyword : Array ;

2017-12-28 11:04:24 response :
------------
Array:
FromUserName : gh_a9b445bf4f73 ;
ToUserName : oaQb9wUusvnE0rqmgA0hQdkfPh3g ;
MsgType : text ;
Content : 欢迎关注贵州博达云科技发展有限公司！ ;

2017-12-28 11:04:58 trace :
------------
String:
<xml><ToUserName><![CDATA[gh_a9b445bf4f73]]></ToUserName>
<FromUserName><![CDATA[oaQb9wUusvnE0rqmgA0hQdkfPh3g]]></FromUserName>
<CreateTime>1514430297</CreateTime>
<MsgType><![CDATA[event]]></MsgType>
<Event><![CDATA[VIEW]]></Event>
<EventKey><![CDATA[http://www.gzqtbw.com/app/index.php?i=16&c=home&t=22]]></EventKey>
<MenuId>422750895</MenuId>
</xml>

2017-12-28 11:04:58 params :
------------
Array:
message : Array ;
module : basic ;
rule : 16 ;
priority : 0 ;
keyword : Array ;

2017-12-28 11:04:58 response :
------------
Array:
FromUserName : gh_a9b445bf4f73 ;
ToUserName : oaQb9wUusvnE0rqmgA0hQdkfPh3g ;
MsgType : text ;
Content : 欢迎关注贵州博达云科技发展有限公司！ ;

2017-12-28 12:30:06 trace :
------------
String:
<xml><ToUserName><![CDATA[gh_07a7ab1e550f]]></ToUserName>
<FromUserName><![CDATA[oBqpn1XEo7dSzeBoAzvhrz1tsIhk]]></FromUserName>
<CreateTime>1514435405</CreateTime>
<MsgType><![CDATA[event]]></MsgType>
<Event><![CDATA[subscribe]]></Event>
<EventKey><![CDATA[]]></EventKey>
</xml>

2017-12-28 12:30:06 params :
------------
Array:
message : Array ;
module : basic ;
rule : 20 ;
priority : 0 ;
keyword : Array ;

2017-12-28 12:30:06 response :
------------
Array:
FromUserName : gh_07a7ab1e550f ;
ToUserName : oBqpn1XEo7dSzeBoAzvhrz1tsIhk ;
MsgType : text ;
Content : 感谢关注贵州罗甸红心火龙果/爱心 ;

2017-12-28 13:31:59 trace :
------------
Array:
errno : -1 ;
message : 微信公众平台返回接口错误. 
错误代码为: 40005 
,错误描述为: appid 校验错误 ;

2017-12-28 13:31:59 waring :
------------
String:
Request Failed

2017-12-28 13:32:02 trace :
------------
Array:
errno : -1 ;
message : 微信公众平台返回接口错误. 
错误代码为: 40005 
,错误描述为: appid 校验错误 ;

2017-12-28 13:32:02 waring :
------------
String:
Request Failed

2017-12-28 14:02:54 trace :
------------
Array:
errno : -1 ;
message : 微信公众平台返回接口错误. 
错误代码为: 40005 
,错误描述为: appid 校验错误 ;

2017-12-28 14:02:54 waring :
------------
String:
Request Failed

2017-12-28 18:21:56 trace :
------------
String:
<xml><ToUserName><![CDATA[gh_07a7ab1e550f]]></ToUserName>
<FromUserName><![CDATA[oBqpn1XEo7dSzeBoAzvhrz1tsIhk]]></FromUserName>
<CreateTime>1514456516</CreateTime>
<MsgType><![CDATA[event]]></MsgType>
<Event><![CDATA[unsubscribe]]></Event>
<EventKey><![CDATA[]]></EventKey>
</xml>

