2017-11-13 02:04:28 trace :
------------
String:
<xml><ToUserName><![CDATA[gh_387f2586a480]]></ToUserName>
<FromUserName><![CDATA[oHlBevxtCh3AV_hXmMEG3-FgjrFg]]></FromUserName>
<CreateTime>1510509867</CreateTime>
<MsgType><![CDATA[event]]></MsgType>
<Event><![CDATA[verify_expired]]></Event>
<ExpiredTime>1510362404</ExpiredTime>
</xml>

2017-11-13 02:04:28 params :
------------
Array:
message : Array ;
module : basic ;
rule : 13 ;
priority : 0 ;
keyword : Array ;

2017-11-13 02:04:28 response :
------------
Array:
FromUserName : gh_387f2586a480 ;
ToUserName : oHlBevxtCh3AV_hXmMEG3-FgjrFg ;
MsgType : text ;
Content : 欢迎关注李记梧桐人家微信公众号！ ;

2017-11-13 07:47:17 trace :
------------
String:
<xml><ToUserName><![CDATA[gh_387f2586a480]]></ToUserName>
<FromUserName><![CDATA[oHlBev8WrKCdn1Gcy-TbhmeN0Lks]]></FromUserName>
<CreateTime>1510530437</CreateTime>
<MsgType><![CDATA[event]]></MsgType>
<Event><![CDATA[VIEW]]></Event>
<EventKey><![CDATA[http://www.gzqtbw.com/app/index.php?i=12&c=site&a=site&do=detail&id=10]]></EventKey>
<MenuId>602413748</MenuId>
</xml>

2017-11-13 07:47:17 params :
------------
Array:
message : Array ;
module : basic ;
rule : 13 ;
priority : 0 ;
keyword : Array ;

2017-11-13 07:47:17 response :
------------
Array:
FromUserName : gh_387f2586a480 ;
ToUserName : oHlBev8WrKCdn1Gcy-TbhmeN0Lks ;
MsgType : text ;
Content : 欢迎关注李记梧桐人家微信公众号！ ;

2017-11-13 08:29:56 trace :
------------
String:
<xml><ToUserName><![CDATA[gh_be7e4da020bc]]></ToUserName>
<FromUserName><![CDATA[oPtQ2wPQoUKpxd5uDag3Q3ullEuA]]></FromUserName>
<CreateTime>1510532996</CreateTime>
<MsgType><![CDATA[event]]></MsgType>
<Event><![CDATA[subscribe]]></Event>
<EventKey><![CDATA[]]></EventKey>
</xml>

2017-11-13 08:29:56 params :
------------
Array:
message : Array ;
module : basic ;
rule : 10 ;
priority : 0 ;
keyword : Array ;

2017-11-13 08:29:56 response :
------------
Array:
FromUserName : gh_be7e4da020bc ;
ToUserName : oPtQ2wPQoUKpxd5uDag3Q3ullEuA ;
MsgType : text ;
Content : 欢迎关注美食广场微信公众号！ ;

2017-11-13 09:43:29 trace :
------------
String:
<xml><ToUserName><![CDATA[gh_be7e4da020bc]]></ToUserName>
<FromUserName><![CDATA[oPtQ2wDRC7_qMsBrVS4zNjrh8KrA]]></FromUserName>
<CreateTime>1510537408</CreateTime>
<MsgType><![CDATA[event]]></MsgType>
<Event><![CDATA[VIEW]]></Event>
<EventKey><![CDATA[http://www.gzqtbw.com/app/index.php?i=8&c=home&t=8]]></EventKey>
<MenuId>430931951</MenuId>
</xml>

2017-11-13 09:43:29 params :
------------
Array:
message : Array ;
module : basic ;
rule : 10 ;
priority : 0 ;
keyword : Array ;

2017-11-13 09:43:29 response :
------------
Array:
FromUserName : gh_be7e4da020bc ;
ToUserName : oPtQ2wDRC7_qMsBrVS4zNjrh8KrA ;
MsgType : text ;
Content : 欢迎关注美食广场微信公众号！ ;

2017-11-13 11:18:56 trace :
------------
String:
<xml><ToUserName><![CDATA[gh_be7e4da020bc]]></ToUserName>
<FromUserName><![CDATA[oPtQ2wCNlzWQLnfHnn2USSVJxYQs]]></FromUserName>
<CreateTime>1510543135</CreateTime>
<MsgType><![CDATA[event]]></MsgType>
<Event><![CDATA[VIEW]]></Event>
<EventKey><![CDATA[http://www.gzqtbw.com/app/index.php?i=8&c=home&t=8]]></EventKey>
<MenuId>430931951</MenuId>
</xml>

2017-11-13 11:18:56 params :
------------
Array:
message : Array ;
module : basic ;
rule : 10 ;
priority : 0 ;
keyword : Array ;

2017-11-13 11:18:56 response :
------------
Array:
FromUserName : gh_be7e4da020bc ;
ToUserName : oPtQ2wCNlzWQLnfHnn2USSVJxYQs ;
MsgType : text ;
Content : 欢迎关注美食广场微信公众号！ ;

2017-11-13 13:00:22 trace :
------------
String:
<xml><ToUserName><![CDATA[gh_be7e4da020bc]]></ToUserName>
<FromUserName><![CDATA[oPtQ2wJbB6GdOnrp53WUVsXyFn_E]]></FromUserName>
<CreateTime>1510549221</CreateTime>
<MsgType><![CDATA[event]]></MsgType>
<Event><![CDATA[VIEW]]></Event>
<EventKey><![CDATA[http://www.gzqtbw.com/app/index.php?i=8&c=home&t=8]]></EventKey>
<MenuId>430931951</MenuId>
</xml>

2017-11-13 13:00:22 params :
------------
Array:
message : Array ;
module : basic ;
rule : 10 ;
priority : 0 ;
keyword : Array ;

2017-11-13 13:00:22 response :
------------
Array:
FromUserName : gh_be7e4da020bc ;
ToUserName : oPtQ2wJbB6GdOnrp53WUVsXyFn_E ;
MsgType : text ;
Content : 欢迎关注美食广场微信公众号！ ;

2017-11-13 13:32:06 trace :
------------
String:
<xml><ToUserName><![CDATA[gh_e35f14d80eb1]]></ToUserName>
<FromUserName><![CDATA[on8J51uuKGXhOD1u9N0yC8OTQdyk]]></FromUserName>
<CreateTime>1510551125</CreateTime>
<MsgType><![CDATA[event]]></MsgType>
<Event><![CDATA[VIEW]]></Event>
<EventKey><![CDATA[http://www.gzqtbw.com/app/index.php?i=17&c=site&a=site&do=detail&id=35]]></EventKey>
<MenuId>418957289</MenuId>
</xml>

2017-11-13 13:32:06 params :
------------
Array:
message : Array ;
module : basic ;
rule : 17 ;
priority : 0 ;
keyword : Array ;

2017-11-13 13:32:06 response :
------------
Array:
FromUserName : gh_e35f14d80eb1 ;
ToUserName : on8J51uuKGXhOD1u9N0yC8OTQdyk ;
MsgType : text ;
Content : 欢迎关注华润哆妮宝贝母婴店 ;

2017-11-13 14:07:37 trace :
------------
String:
<xml><ToUserName><![CDATA[gh_be7e4da020bc]]></ToUserName>
<FromUserName><![CDATA[oPtQ2wL_2Aiurkxx3w8JomqmOEuM]]></FromUserName>
<CreateTime>1510553256</CreateTime>
<MsgType><![CDATA[event]]></MsgType>
<Event><![CDATA[VIEW]]></Event>
<EventKey><![CDATA[http://www.gzqtbw.com/app/index.php?i=8&c=home&t=8]]></EventKey>
<MenuId>430931951</MenuId>
</xml>

2017-11-13 14:07:37 params :
------------
Array:
message : Array ;
module : basic ;
rule : 10 ;
priority : 0 ;
keyword : Array ;

2017-11-13 14:07:37 response :
------------
Array:
FromUserName : gh_be7e4da020bc ;
ToUserName : oPtQ2wL_2Aiurkxx3w8JomqmOEuM ;
MsgType : text ;
Content : 欢迎关注美食广场微信公众号！ ;

2017-11-13 14:23:44 trace :
------------
String:
<xml><ToUserName><![CDATA[gh_e35f14d80eb1]]></ToUserName>
<FromUserName><![CDATA[on8J51njgEOredye1eVY1u49Pijg]]></FromUserName>
<CreateTime>1510554223</CreateTime>
<MsgType><![CDATA[event]]></MsgType>
<Event><![CDATA[subscribe]]></Event>
<EventKey><![CDATA[]]></EventKey>
</xml>

2017-11-13 14:23:44 params :
------------
Array:
message : Array ;
module : basic ;
rule : 17 ;
priority : 0 ;
keyword : Array ;

2017-11-13 14:23:44 response :
------------
Array:
FromUserName : gh_e35f14d80eb1 ;
ToUserName : on8J51njgEOredye1eVY1u49Pijg ;
MsgType : text ;
Content : 欢迎关注华润哆妮宝贝母婴店 ;

2017-11-13 14:23:48 trace :
------------
String:
<xml><ToUserName><![CDATA[gh_e35f14d80eb1]]></ToUserName>
<FromUserName><![CDATA[on8J51njgEOredye1eVY1u49Pijg]]></FromUserName>
<CreateTime>1510554227</CreateTime>
<MsgType><![CDATA[event]]></MsgType>
<Event><![CDATA[VIEW]]></Event>
<EventKey><![CDATA[http://www.gzqtbw.com/app/index.php?i=17&c=site&a=site&do=detail&id=35]]></EventKey>
<MenuId>418957289</MenuId>
</xml>

2017-11-13 14:23:48 params :
------------
Array:
message : Array ;
module : basic ;
rule : 17 ;
priority : 0 ;
keyword : Array ;

2017-11-13 14:23:48 response :
------------
Array:
FromUserName : gh_e35f14d80eb1 ;
ToUserName : on8J51njgEOredye1eVY1u49Pijg ;
MsgType : text ;
Content : 欢迎关注华润哆妮宝贝母婴店 ;

2017-11-13 14:27:51 trace :
------------
String:
<xml><ToUserName><![CDATA[gh_e35f14d80eb1]]></ToUserName>
<FromUserName><![CDATA[on8J51njgEOredye1eVY1u49Pijg]]></FromUserName>
<CreateTime>1510554470</CreateTime>
<MsgType><![CDATA[event]]></MsgType>
<Event><![CDATA[VIEW]]></Event>
<EventKey><![CDATA[http://]]></EventKey>
<MenuId>418957289</MenuId>
</xml>

2017-11-13 14:27:51 params :
------------
Array:
message : Array ;
module : basic ;
rule : 17 ;
priority : 0 ;
keyword : Array ;

2017-11-13 14:27:51 response :
------------
Array:
FromUserName : gh_e35f14d80eb1 ;
ToUserName : on8J51njgEOredye1eVY1u49Pijg ;
MsgType : text ;
Content : 欢迎关注华润哆妮宝贝母婴店 ;

2017-11-13 14:29:11 trace :
------------
String:
<xml><ToUserName><![CDATA[gh_e35f14d80eb1]]></ToUserName>
<FromUserName><![CDATA[on8J51njgEOredye1eVY1u49Pijg]]></FromUserName>
<CreateTime>1510554547</CreateTime>
<MsgType><![CDATA[event]]></MsgType>
<Event><![CDATA[VIEW]]></Event>
<EventKey><![CDATA[http://www.gzqtbw.com/app/index.php?i=17&c=site&a=site&do=detail&id=35]]></EventKey>
<MenuId>418957289</MenuId>
</xml>

2017-11-13 14:29:11 params :
------------
Array:
message : Array ;
module : basic ;
rule : 17 ;
priority : 0 ;
keyword : Array ;

2017-11-13 14:29:11 response :
------------
Array:
FromUserName : gh_e35f14d80eb1 ;
ToUserName : on8J51njgEOredye1eVY1u49Pijg ;
MsgType : text ;
Content : 欢迎关注华润哆妮宝贝母婴店 ;

2017-11-13 15:29:54 trace :
------------
String:
<xml><ToUserName><![CDATA[gh_e35f14d80eb1]]></ToUserName>
<FromUserName><![CDATA[on8J51uuKGXhOD1u9N0yC8OTQdyk]]></FromUserName>
<CreateTime>1510558193</CreateTime>
<MsgType><![CDATA[event]]></MsgType>
<Event><![CDATA[VIEW]]></Event>
<EventKey><![CDATA[http://www.gzqtbw.com/app/index.php?i=17&c=entry&eid=527]]></EventKey>
<MenuId>419037559</MenuId>
</xml>

2017-11-13 15:29:54 params :
------------
Array:
message : Array ;
module : basic ;
rule : 17 ;
priority : 0 ;
keyword : Array ;

2017-11-13 15:29:54 response :
------------
Array:
FromUserName : gh_e35f14d80eb1 ;
ToUserName : on8J51uuKGXhOD1u9N0yC8OTQdyk ;
MsgType : text ;
Content : 欢迎关注华润哆妮宝贝母婴店 ;

2017-11-13 15:30:02 trace :
------------
String:
<xml><ToUserName><![CDATA[gh_e35f14d80eb1]]></ToUserName>
<FromUserName><![CDATA[on8J51njgEOredye1eVY1u49Pijg]]></FromUserName>
<CreateTime>1510558202</CreateTime>
<MsgType><![CDATA[event]]></MsgType>
<Event><![CDATA[VIEW]]></Event>
<EventKey><![CDATA[http://www.gzqtbw.com/app/index.php?i=17&c=entry&eid=527]]></EventKey>
<MenuId>419037559</MenuId>
</xml>

2017-11-13 15:30:02 params :
------------
Array:
message : Array ;
module : basic ;
rule : 17 ;
priority : 0 ;
keyword : Array ;

2017-11-13 15:30:02 response :
------------
Array:
FromUserName : gh_e35f14d80eb1 ;
ToUserName : on8J51njgEOredye1eVY1u49Pijg ;
MsgType : text ;
Content : 欢迎关注华润哆妮宝贝母婴店 ;

2017-11-13 15:33:17 trace :
------------
String:
<xml><ToUserName><![CDATA[gh_e35f14d80eb1]]></ToUserName>
<FromUserName><![CDATA[on8J51njgEOredye1eVY1u49Pijg]]></FromUserName>
<CreateTime>1510558396</CreateTime>
<MsgType><![CDATA[event]]></MsgType>
<Event><![CDATA[VIEW]]></Event>
<EventKey><![CDATA[http://www.gzqtbw.com/app/index.php?i=17&c=entry&eid=527]]></EventKey>
<MenuId>419037559</MenuId>
</xml>

2017-11-13 15:33:17 params :
------------
Array:
message : Array ;
module : basic ;
rule : 17 ;
priority : 0 ;
keyword : Array ;

2017-11-13 15:33:17 response :
------------
Array:
FromUserName : gh_e35f14d80eb1 ;
ToUserName : on8J51njgEOredye1eVY1u49Pijg ;
MsgType : text ;
Content : 欢迎关注华润哆妮宝贝母婴店 ;

2017-11-13 16:38:36 trace :
------------
String:
<xml><ToUserName><![CDATA[gh_e35f14d80eb1]]></ToUserName>
<FromUserName><![CDATA[on8J51njgEOredye1eVY1u49Pijg]]></FromUserName>
<CreateTime>1510562313</CreateTime>
<MsgType><![CDATA[event]]></MsgType>
<Event><![CDATA[VIEW]]></Event>
<EventKey><![CDATA[http://www.gzqtbw.com/app/index.php?i=17&c=entry&eid=527]]></EventKey>
<MenuId>419037559</MenuId>
</xml>

2017-11-13 16:38:36 params :
------------
Array:
message : Array ;
module : basic ;
rule : 17 ;
priority : 0 ;
keyword : Array ;

2017-11-13 16:38:36 response :
------------
Array:
FromUserName : gh_e35f14d80eb1 ;
ToUserName : on8J51njgEOredye1eVY1u49Pijg ;
MsgType : text ;
Content : 欢迎关注华润哆妮宝贝母婴店 ;

2017-11-13 17:27:40 trace :
------------
String:
<xml><ToUserName><![CDATA[gh_be7e4da020bc]]></ToUserName>
<FromUserName><![CDATA[oPtQ2wP8l85wi_l9wY308c4eR5zE]]></FromUserName>
<CreateTime>1510565259</CreateTime>
<MsgType><![CDATA[event]]></MsgType>
<Event><![CDATA[VIEW]]></Event>
<EventKey><![CDATA[http://www.gzqtbw.com/app/index.php?i=8&c=home&t=8]]></EventKey>
<MenuId>430931951</MenuId>
</xml>

2017-11-13 17:27:40 params :
------------
Array:
message : Array ;
module : basic ;
rule : 10 ;
priority : 0 ;
keyword : Array ;

2017-11-13 17:27:40 response :
------------
Array:
FromUserName : gh_be7e4da020bc ;
ToUserName : oPtQ2wP8l85wi_l9wY308c4eR5zE ;
MsgType : text ;
Content : 欢迎关注美食广场微信公众号！ ;

2017-11-13 17:27:54 trace :
------------
String:
<xml><ToUserName><![CDATA[gh_be7e4da020bc]]></ToUserName>
<FromUserName><![CDATA[oPtQ2wP8l85wi_l9wY308c4eR5zE]]></FromUserName>
<CreateTime>1510565274</CreateTime>
<MsgType><![CDATA[event]]></MsgType>
<Event><![CDATA[VIEW]]></Event>
<EventKey><![CDATA[http://www.gzqtbw.com/app/index.php?i=8&c=site&a=site&do=detail&id=6]]></EventKey>
<MenuId>430931951</MenuId>
</xml>

2017-11-13 17:27:54 params :
------------
Array:
message : Array ;
module : basic ;
rule : 10 ;
priority : 0 ;
keyword : Array ;

2017-11-13 17:27:54 response :
------------
Array:
FromUserName : gh_be7e4da020bc ;
ToUserName : oPtQ2wP8l85wi_l9wY308c4eR5zE ;
MsgType : text ;
Content : 欢迎关注美食广场微信公众号！ ;

2017-11-13 17:52:55 trace :
------------
String:
<xml><ToUserName><![CDATA[gh_be7e4da020bc]]></ToUserName>
<FromUserName><![CDATA[oPtQ2wGQWlsGSMm-7J6g7Mf6eF7Y]]></FromUserName>
<CreateTime>1510566774</CreateTime>
<MsgType><![CDATA[event]]></MsgType>
<Event><![CDATA[VIEW]]></Event>
<EventKey><![CDATA[http://www.gzqtbw.com/app/index.php?i=8&c=home&t=8]]></EventKey>
<MenuId>430931951</MenuId>
</xml>

2017-11-13 17:52:55 params :
------------
Array:
message : Array ;
module : basic ;
rule : 10 ;
priority : 0 ;
keyword : Array ;

2017-11-13 17:52:55 response :
------------
Array:
FromUserName : gh_be7e4da020bc ;
ToUserName : oPtQ2wGQWlsGSMm-7J6g7Mf6eF7Y ;
MsgType : text ;
Content : 欢迎关注美食广场微信公众号！ ;

2017-11-13 19:25:05 trace :
------------
String:
<xml><ToUserName><![CDATA[gh_be7e4da020bc]]></ToUserName>
<FromUserName><![CDATA[oPtQ2wEwV7MvbnB2vtJOhuG0Cc4g]]></FromUserName>
<CreateTime>1510572304</CreateTime>
<MsgType><![CDATA[event]]></MsgType>
<Event><![CDATA[unsubscribe]]></Event>
<EventKey><![CDATA[]]></EventKey>
</xml>

