2017-12-01 05:24:21 trace :
------------
String:
<xml><ToUserName><![CDATA[gh_3280735b50d8]]></ToUserName>
<FromUserName><![CDATA[oyWTK1E-5tJ_fXK4sw3PJPikO8Wo]]></FromUserName>
<CreateTime>1512077061</CreateTime>
<MsgType><![CDATA[event]]></MsgType>
<Event><![CDATA[VIEW]]></Event>
<EventKey><![CDATA[http://www.gzqtbw.com/app/index.php?i=10&c=home&t=12]]></EventKey>
<MenuId>427588424</MenuId>
</xml>

2017-12-01 05:24:21 params :
------------
Array:
message : Array ;
module : basic ;
rule : 11 ;
priority : 0 ;
keyword : Array ;

2017-12-01 05:24:21 response :
------------
Array:
FromUserName : gh_3280735b50d8 ;
ToUserName : oyWTK1E-5tJ_fXK4sw3PJPikO8Wo ;
MsgType : text ;
Content : 欢迎关注黔满园荣贵微信公众号！ ;

2017-12-01 09:47:23 trace :
------------
String:
<xml><ToUserName><![CDATA[gh_be7e4da020bc]]></ToUserName>
<FromUserName><![CDATA[oPtQ2wDU2D5FYMf8MRAbxNHCUWnI]]></FromUserName>
<CreateTime>1512092843</CreateTime>
<MsgType><![CDATA[event]]></MsgType>
<Event><![CDATA[VIEW]]></Event>
<EventKey><![CDATA[http://www.gzqtbw.com/app/index.php?i=8&c=home&t=8]]></EventKey>
<MenuId>430931951</MenuId>
</xml>

2017-12-01 09:47:23 params :
------------
Array:
message : Array ;
module : basic ;
rule : 10 ;
priority : 0 ;
keyword : Array ;

2017-12-01 09:47:23 response :
------------
Array:
FromUserName : gh_be7e4da020bc ;
ToUserName : oPtQ2wDU2D5FYMf8MRAbxNHCUWnI ;
MsgType : text ;
Content : 欢迎关注美食广场微信公众号！ ;

2017-12-01 10:03:55 trace :
------------
String:
<xml><ToUserName><![CDATA[gh_be7e4da020bc]]></ToUserName>
<FromUserName><![CDATA[oPtQ2wJbB6GdOnrp53WUVsXyFn_E]]></FromUserName>
<CreateTime>1512093834</CreateTime>
<MsgType><![CDATA[event]]></MsgType>
<Event><![CDATA[VIEW]]></Event>
<EventKey><![CDATA[http://www.gzqtbw.com/app/index.php?i=8&c=home&t=8]]></EventKey>
<MenuId>430931951</MenuId>
</xml>

2017-12-01 10:03:55 params :
------------
Array:
message : Array ;
module : basic ;
rule : 10 ;
priority : 0 ;
keyword : Array ;

2017-12-01 10:03:55 response :
------------
Array:
FromUserName : gh_be7e4da020bc ;
ToUserName : oPtQ2wJbB6GdOnrp53WUVsXyFn_E ;
MsgType : text ;
Content : 欢迎关注美食广场微信公众号！ ;

2017-12-01 11:32:32 trace :
------------
String:
<xml><ToUserName><![CDATA[gh_be7e4da020bc]]></ToUserName>
<FromUserName><![CDATA[oPtQ2wJbB6GdOnrp53WUVsXyFn_E]]></FromUserName>
<CreateTime>1512099152</CreateTime>
<MsgType><![CDATA[event]]></MsgType>
<Event><![CDATA[VIEW]]></Event>
<EventKey><![CDATA[http://www.gzqtbw.com/app/index.php?i=8&c=home&t=8]]></EventKey>
<MenuId>430931951</MenuId>
</xml>

2017-12-01 11:32:32 params :
------------
Array:
message : Array ;
module : basic ;
rule : 10 ;
priority : 0 ;
keyword : Array ;

2017-12-01 11:32:32 response :
------------
Array:
FromUserName : gh_be7e4da020bc ;
ToUserName : oPtQ2wJbB6GdOnrp53WUVsXyFn_E ;
MsgType : text ;
Content : 欢迎关注美食广场微信公众号！ ;

2017-12-01 11:58:16 trace :
------------
String:
<xml><ToUserName><![CDATA[gh_a9b445bf4f73]]></ToUserName>
<FromUserName><![CDATA[oaQb9wezIo9BOmv7EY60wB-fOQJo]]></FromUserName>
<CreateTime>1512100693</CreateTime>
<MsgType><![CDATA[event]]></MsgType>
<Event><![CDATA[VIEW]]></Event>
<EventKey><![CDATA[http://www.gzqtbw.com/app/index.php?i=16&c=home&t=21]]></EventKey>
<MenuId>422750895</MenuId>
</xml>

2017-12-01 11:58:16 params :
------------
Array:
message : Array ;
module : basic ;
rule : 16 ;
priority : 0 ;
keyword : Array ;

2017-12-01 11:58:16 response :
------------
Array:
FromUserName : gh_a9b445bf4f73 ;
ToUserName : oaQb9wezIo9BOmv7EY60wB-fOQJo ;
MsgType : text ;
Content : 欢迎关注贵州博达云科技发展有限公司！ ;

2017-12-01 11:58:58 trace :
------------
String:
<xml><ToUserName><![CDATA[gh_a9b445bf4f73]]></ToUserName>
<FromUserName><![CDATA[oaQb9wezIo9BOmv7EY60wB-fOQJo]]></FromUserName>
<CreateTime>1512100737</CreateTime>
<MsgType><![CDATA[event]]></MsgType>
<Event><![CDATA[VIEW]]></Event>
<EventKey><![CDATA[http://mb.gzqtbw.com:7088/]]></EventKey>
<MenuId>422750895</MenuId>
</xml>

2017-12-01 11:58:58 params :
------------
Array:
message : Array ;
module : basic ;
rule : 16 ;
priority : 0 ;
keyword : Array ;

2017-12-01 11:58:58 response :
------------
Array:
FromUserName : gh_a9b445bf4f73 ;
ToUserName : oaQb9wezIo9BOmv7EY60wB-fOQJo ;
MsgType : text ;
Content : 欢迎关注贵州博达云科技发展有限公司！ ;

2017-12-01 12:03:54 trace :
------------
String:
<xml><ToUserName><![CDATA[gh_a9b445bf4f73]]></ToUserName>
<FromUserName><![CDATA[oaQb9wezIo9BOmv7EY60wB-fOQJo]]></FromUserName>
<CreateTime>1512101033</CreateTime>
<MsgType><![CDATA[event]]></MsgType>
<Event><![CDATA[VIEW]]></Event>
<EventKey><![CDATA[http://www.gzqtbw.com/app/index.php?i=16&c=home&t=22]]></EventKey>
<MenuId>422750895</MenuId>
</xml>

2017-12-01 12:03:54 params :
------------
Array:
message : Array ;
module : basic ;
rule : 16 ;
priority : 0 ;
keyword : Array ;

2017-12-01 12:03:54 response :
------------
Array:
FromUserName : gh_a9b445bf4f73 ;
ToUserName : oaQb9wezIo9BOmv7EY60wB-fOQJo ;
MsgType : text ;
Content : 欢迎关注贵州博达云科技发展有限公司！ ;

2017-12-01 12:03:57 trace :
------------
String:
<xml><ToUserName><![CDATA[gh_a9b445bf4f73]]></ToUserName>
<FromUserName><![CDATA[oaQb9wezIo9BOmv7EY60wB-fOQJo]]></FromUserName>
<CreateTime>1512101036</CreateTime>
<MsgType><![CDATA[event]]></MsgType>
<Event><![CDATA[VIEW]]></Event>
<EventKey><![CDATA[http://www.gzqtbw.com/app/index.php?i=16&c=home&t=21]]></EventKey>
<MenuId>422750895</MenuId>
</xml>

2017-12-01 12:03:57 params :
------------
Array:
message : Array ;
module : basic ;
rule : 16 ;
priority : 0 ;
keyword : Array ;

2017-12-01 12:03:57 response :
------------
Array:
FromUserName : gh_a9b445bf4f73 ;
ToUserName : oaQb9wezIo9BOmv7EY60wB-fOQJo ;
MsgType : text ;
Content : 欢迎关注贵州博达云科技发展有限公司！ ;

2017-12-01 12:10:48 trace :
------------
String:
<xml><ToUserName><![CDATA[gh_be7e4da020bc]]></ToUserName>
<FromUserName><![CDATA[oPtQ2wJDQJoGgZhGiO9QlXfTS42c]]></FromUserName>
<CreateTime>1512101447</CreateTime>
<MsgType><![CDATA[event]]></MsgType>
<Event><![CDATA[VIEW]]></Event>
<EventKey><![CDATA[http://www.gzqtbw.com/app/index.php?i=8&c=home&t=8]]></EventKey>
<MenuId>430931951</MenuId>
</xml>

2017-12-01 12:10:48 params :
------------
Array:
message : Array ;
module : basic ;
rule : 10 ;
priority : 0 ;
keyword : Array ;

2017-12-01 12:10:48 response :
------------
Array:
FromUserName : gh_be7e4da020bc ;
ToUserName : oPtQ2wJDQJoGgZhGiO9QlXfTS42c ;
MsgType : text ;
Content : 欢迎关注美食广场微信公众号！ ;

2017-12-01 12:18:45 trace :
------------
String:
<xml><ToUserName><![CDATA[gh_be7e4da020bc]]></ToUserName>
<FromUserName><![CDATA[oPtQ2wEQAuxso4xE0yDkv5v-pLF8]]></FromUserName>
<CreateTime>1512101925</CreateTime>
<MsgType><![CDATA[event]]></MsgType>
<Event><![CDATA[VIEW]]></Event>
<EventKey><![CDATA[http://www.gzqtbw.com/app/index.php?i=8&c=home&t=8]]></EventKey>
<MenuId>430931951</MenuId>
</xml>

2017-12-01 12:18:45 params :
------------
Array:
message : Array ;
module : basic ;
rule : 10 ;
priority : 0 ;
keyword : Array ;

2017-12-01 12:18:45 response :
------------
Array:
FromUserName : gh_be7e4da020bc ;
ToUserName : oPtQ2wEQAuxso4xE0yDkv5v-pLF8 ;
MsgType : text ;
Content : 欢迎关注美食广场微信公众号！ ;

2017-12-01 12:19:04 trace :
------------
String:
<xml><ToUserName><![CDATA[gh_be7e4da020bc]]></ToUserName>
<FromUserName><![CDATA[oPtQ2wEQAuxso4xE0yDkv5v-pLF8]]></FromUserName>
<CreateTime>1512101938</CreateTime>
<MsgType><![CDATA[event]]></MsgType>
<Event><![CDATA[VIEW]]></Event>
<EventKey><![CDATA[http://www.gzqtbw.com/app/index.php?i=8&c=home&t=8]]></EventKey>
<MenuId>430931951</MenuId>
</xml>

2017-12-01 12:19:04 params :
------------
Array:
message : Array ;
module : basic ;
rule : 10 ;
priority : 0 ;
keyword : Array ;

2017-12-01 12:19:04 response :
------------
Array:
FromUserName : gh_be7e4da020bc ;
ToUserName : oPtQ2wEQAuxso4xE0yDkv5v-pLF8 ;
MsgType : text ;
Content : 欢迎关注美食广场微信公众号！ ;

2017-12-01 12:19:07 trace :
------------
String:
<xml><ToUserName><![CDATA[gh_be7e4da020bc]]></ToUserName>
<FromUserName><![CDATA[oPtQ2wEQAuxso4xE0yDkv5v-pLF8]]></FromUserName>
<CreateTime>1512101938</CreateTime>
<MsgType><![CDATA[event]]></MsgType>
<Event><![CDATA[VIEW]]></Event>
<EventKey><![CDATA[http://www.gzqtbw.com/app/index.php?i=8&c=home&t=8]]></EventKey>
<MenuId>430931951</MenuId>
</xml>

2017-12-01 12:19:07 params :
------------
Array:
message : Array ;
module : basic ;
rule : 10 ;
priority : 0 ;
keyword : Array ;

2017-12-01 12:19:07 response :
------------
Array:
FromUserName : gh_be7e4da020bc ;
ToUserName : oPtQ2wEQAuxso4xE0yDkv5v-pLF8 ;
MsgType : text ;
Content : 欢迎关注美食广场微信公众号！ ;

2017-12-01 12:53:57 trace :
------------
String:
<xml><ToUserName><![CDATA[gh_be7e4da020bc]]></ToUserName>
<FromUserName><![CDATA[oPtQ2wJDQJoGgZhGiO9QlXfTS42c]]></FromUserName>
<CreateTime>1512104034</CreateTime>
<MsgType><![CDATA[event]]></MsgType>
<Event><![CDATA[VIEW]]></Event>
<EventKey><![CDATA[http://www.gzqtbw.com/app/index.php?i=8&c=home&t=8]]></EventKey>
<MenuId>430931951</MenuId>
</xml>

2017-12-01 12:53:57 params :
------------
Array:
message : Array ;
module : basic ;
rule : 10 ;
priority : 0 ;
keyword : Array ;

2017-12-01 12:53:57 response :
------------
Array:
FromUserName : gh_be7e4da020bc ;
ToUserName : oPtQ2wJDQJoGgZhGiO9QlXfTS42c ;
MsgType : text ;
Content : 欢迎关注美食广场微信公众号！ ;

2017-12-01 13:34:16 trace :
------------
String:
<xml><ToUserName><![CDATA[gh_be7e4da020bc]]></ToUserName>
<FromUserName><![CDATA[oPtQ2wLcfmjEAx8FOWUPW91JCDyM]]></FromUserName>
<CreateTime>1512106455</CreateTime>
<MsgType><![CDATA[event]]></MsgType>
<Event><![CDATA[VIEW]]></Event>
<EventKey><![CDATA[http://www.gzqtbw.com/app/index.php?i=8&c=home&t=8]]></EventKey>
<MenuId>430931951</MenuId>
</xml>

2017-12-01 13:34:16 params :
------------
Array:
message : Array ;
module : basic ;
rule : 10 ;
priority : 0 ;
keyword : Array ;

2017-12-01 13:34:16 response :
------------
Array:
FromUserName : gh_be7e4da020bc ;
ToUserName : oPtQ2wLcfmjEAx8FOWUPW91JCDyM ;
MsgType : text ;
Content : 欢迎关注美食广场微信公众号！ ;

2017-12-01 13:35:10 trace :
------------
String:
<xml><ToUserName><![CDATA[gh_be7e4da020bc]]></ToUserName>
<FromUserName><![CDATA[oPtQ2wLcfmjEAx8FOWUPW91JCDyM]]></FromUserName>
<CreateTime>1512106509</CreateTime>
<MsgType><![CDATA[event]]></MsgType>
<Event><![CDATA[VIEW]]></Event>
<EventKey><![CDATA[http://www.gzqtbw.com/app/index.php?i=8&c=home&t=8]]></EventKey>
<MenuId>430931951</MenuId>
</xml>

2017-12-01 13:35:10 params :
------------
Array:
message : Array ;
module : basic ;
rule : 10 ;
priority : 0 ;
keyword : Array ;

2017-12-01 13:35:10 response :
------------
Array:
FromUserName : gh_be7e4da020bc ;
ToUserName : oPtQ2wLcfmjEAx8FOWUPW91JCDyM ;
MsgType : text ;
Content : 欢迎关注美食广场微信公众号！ ;

2017-12-01 13:57:48 trace :
------------
String:
<xml><ToUserName><![CDATA[gh_a9b445bf4f73]]></ToUserName>
<FromUserName><![CDATA[oaQb9wezIo9BOmv7EY60wB-fOQJo]]></FromUserName>
<CreateTime>1512107867</CreateTime>
<MsgType><![CDATA[event]]></MsgType>
<Event><![CDATA[VIEW]]></Event>
<EventKey><![CDATA[http://www.gzqtbw.com/app/index.php?i=16&c=home&t=22]]></EventKey>
<MenuId>422750895</MenuId>
</xml>

2017-12-01 13:57:48 params :
------------
Array:
message : Array ;
module : basic ;
rule : 16 ;
priority : 0 ;
keyword : Array ;

2017-12-01 13:57:48 response :
------------
Array:
FromUserName : gh_a9b445bf4f73 ;
ToUserName : oaQb9wezIo9BOmv7EY60wB-fOQJo ;
MsgType : text ;
Content : 欢迎关注贵州博达云科技发展有限公司！ ;

2017-12-01 13:58:29 trace :
------------
String:
<xml><ToUserName><![CDATA[gh_a9b445bf4f73]]></ToUserName>
<FromUserName><![CDATA[oaQb9wezIo9BOmv7EY60wB-fOQJo]]></FromUserName>
<CreateTime>1512107908</CreateTime>
<MsgType><![CDATA[event]]></MsgType>
<Event><![CDATA[VIEW]]></Event>
<EventKey><![CDATA[http://www.gzqtbw.com/app/index.php?i=16&c=home&t=22]]></EventKey>
<MenuId>422750895</MenuId>
</xml>

2017-12-01 13:58:29 params :
------------
Array:
message : Array ;
module : basic ;
rule : 16 ;
priority : 0 ;
keyword : Array ;

2017-12-01 13:58:29 response :
------------
Array:
FromUserName : gh_a9b445bf4f73 ;
ToUserName : oaQb9wezIo9BOmv7EY60wB-fOQJo ;
MsgType : text ;
Content : 欢迎关注贵州博达云科技发展有限公司！ ;

2017-12-01 14:08:25 trace :
------------
String:
<xml><ToUserName><![CDATA[gh_be7e4da020bc]]></ToUserName>
<FromUserName><![CDATA[oPtQ2wLcfmjEAx8FOWUPW91JCDyM]]></FromUserName>
<CreateTime>1512108504</CreateTime>
<MsgType><![CDATA[event]]></MsgType>
<Event><![CDATA[VIEW]]></Event>
<EventKey><![CDATA[http://www.gzqtbw.com/app/index.php?i=8&c=home&t=8]]></EventKey>
<MenuId>430931951</MenuId>
</xml>

2017-12-01 14:08:25 params :
------------
Array:
message : Array ;
module : basic ;
rule : 10 ;
priority : 0 ;
keyword : Array ;

2017-12-01 14:08:25 response :
------------
Array:
FromUserName : gh_be7e4da020bc ;
ToUserName : oPtQ2wLcfmjEAx8FOWUPW91JCDyM ;
MsgType : text ;
Content : 欢迎关注美食广场微信公众号！ ;

