2017-10-30 00:24:28 trace :
------------
String:
<xml><ToUserName><![CDATA[gh_a9b445bf4f73]]></ToUserName>
<FromUserName><![CDATA[oaQb9wbsBl7GPpfMoNq_rxZ6Qn6g]]></FromUserName>
<CreateTime>1509294267</CreateTime>
<MsgType><![CDATA[event]]></MsgType>
<Event><![CDATA[VIEW]]></Event>
<EventKey><![CDATA[http://www.gzqtbw.com/app/index.php?i=16&c=home&t=19]]></EventKey>
<MenuId>422067478</MenuId>
</xml>

2017-10-30 00:24:28 params :
------------
Array:
message : Array ;
module : basic ;
rule : 16 ;
priority : 0 ;
keyword : Array ;

2017-10-30 00:24:28 response :
------------
Array:
FromUserName : gh_a9b445bf4f73 ;
ToUserName : oaQb9wbsBl7GPpfMoNq_rxZ6Qn6g ;
MsgType : text ;
Content : 欢迎关注贵州博达云科技发展有限公司！ ;

2017-10-30 00:24:30 trace :
------------
String:
<xml><ToUserName><![CDATA[gh_a9b445bf4f73]]></ToUserName>
<FromUserName><![CDATA[oaQb9wbsBl7GPpfMoNq_rxZ6Qn6g]]></FromUserName>
<CreateTime>1509294269</CreateTime>
<MsgType><![CDATA[event]]></MsgType>
<Event><![CDATA[VIEW]]></Event>
<EventKey><![CDATA[http://www.gzqtbw.com/app/index.php?i=16&c=home&t=19]]></EventKey>
<MenuId>422067478</MenuId>
</xml>

2017-10-30 00:24:30 params :
------------
Array:
message : Array ;
module : basic ;
rule : 16 ;
priority : 0 ;
keyword : Array ;

2017-10-30 00:24:30 response :
------------
Array:
FromUserName : gh_a9b445bf4f73 ;
ToUserName : oaQb9wbsBl7GPpfMoNq_rxZ6Qn6g ;
MsgType : text ;
Content : 欢迎关注贵州博达云科技发展有限公司！ ;

2017-10-30 00:24:37 trace :
------------
String:
<xml><ToUserName><![CDATA[gh_a9b445bf4f73]]></ToUserName>
<FromUserName><![CDATA[oaQb9wbsBl7GPpfMoNq_rxZ6Qn6g]]></FromUserName>
<CreateTime>1509294276</CreateTime>
<MsgType><![CDATA[event]]></MsgType>
<Event><![CDATA[VIEW]]></Event>
<EventKey><![CDATA[http://www.gzqtbw.com/app/index.php?i=16&c=home&t=21]]></EventKey>
<MenuId>422067478</MenuId>
</xml>

2017-10-30 00:24:37 params :
------------
Array:
message : Array ;
module : basic ;
rule : 16 ;
priority : 0 ;
keyword : Array ;

2017-10-30 00:24:37 response :
------------
Array:
FromUserName : gh_a9b445bf4f73 ;
ToUserName : oaQb9wbsBl7GPpfMoNq_rxZ6Qn6g ;
MsgType : text ;
Content : 欢迎关注贵州博达云科技发展有限公司！ ;

2017-10-30 10:23:22 trace :
------------
String:
<xml><ToUserName><![CDATA[gh_be7e4da020bc]]></ToUserName>
<FromUserName><![CDATA[oPtQ2wBbarkUNuC5vybE8NOWun1Y]]></FromUserName>
<CreateTime>1509330202</CreateTime>
<MsgType><![CDATA[event]]></MsgType>
<Event><![CDATA[VIEW]]></Event>
<EventKey><![CDATA[http://www.gzqtbw.com/app/index.php?i=8&c=home&t=8]]></EventKey>
<MenuId>430931951</MenuId>
</xml>

2017-10-30 10:23:22 params :
------------
Array:
message : Array ;
module : basic ;
rule : 10 ;
priority : 0 ;
keyword : Array ;

2017-10-30 10:23:22 response :
------------
Array:
FromUserName : gh_be7e4da020bc ;
ToUserName : oPtQ2wBbarkUNuC5vybE8NOWun1Y ;
MsgType : text ;
Content : 欢迎关注美食广场微信公众号！ ;

2017-10-30 11:57:20 trace :
------------
String:
<xml><ToUserName><![CDATA[gh_387f2586a480]]></ToUserName>
<FromUserName><![CDATA[oHlBevwmIi-f0zwh-OI2Gt9CtDP0]]></FromUserName>
<CreateTime>1509335839</CreateTime>
<MsgType><![CDATA[event]]></MsgType>
<Event><![CDATA[subscribe]]></Event>
<EventKey><![CDATA[]]></EventKey>
</xml>

2017-10-30 11:57:20 params :
------------
Array:
message : Array ;
module : basic ;
rule : 13 ;
priority : 0 ;
keyword : Array ;

2017-10-30 11:57:20 response :
------------
Array:
FromUserName : gh_387f2586a480 ;
ToUserName : oHlBevwmIi-f0zwh-OI2Gt9CtDP0 ;
MsgType : text ;
Content : 欢迎关注李记梧桐人家微信公众号！ ;

2017-10-30 11:57:41 trace :
------------
String:
<xml><ToUserName><![CDATA[gh_387f2586a480]]></ToUserName>
<FromUserName><![CDATA[oHlBevwmIi-f0zwh-OI2Gt9CtDP0]]></FromUserName>
<CreateTime>1509335860</CreateTime>
<MsgType><![CDATA[event]]></MsgType>
<Event><![CDATA[VIEW]]></Event>
<EventKey><![CDATA[http://www.gzqtbw.com/app/index.php?i=12&c=home&t=15]]></EventKey>
<MenuId>602413748</MenuId>
</xml>

2017-10-30 11:57:41 params :
------------
Array:
message : Array ;
module : basic ;
rule : 13 ;
priority : 0 ;
keyword : Array ;

2017-10-30 11:57:41 response :
------------
Array:
FromUserName : gh_387f2586a480 ;
ToUserName : oHlBevwmIi-f0zwh-OI2Gt9CtDP0 ;
MsgType : text ;
Content : 欢迎关注李记梧桐人家微信公众号！ ;

2017-10-30 11:58:21 trace :
------------
String:
<xml><ToUserName><![CDATA[gh_387f2586a480]]></ToUserName>
<FromUserName><![CDATA[oHlBevwmIi-f0zwh-OI2Gt9CtDP0]]></FromUserName>
<CreateTime>1509335901</CreateTime>
<MsgType><![CDATA[event]]></MsgType>
<Event><![CDATA[VIEW]]></Event>
<EventKey><![CDATA[http://www.gzqtbw.com/app/index.php?i=12&c=site&a=site&do=detail&id=10]]></EventKey>
<MenuId>602413748</MenuId>
</xml>

2017-10-30 11:58:22 params :
------------
Array:
message : Array ;
module : basic ;
rule : 13 ;
priority : 0 ;
keyword : Array ;

2017-10-30 11:58:22 response :
------------
Array:
FromUserName : gh_387f2586a480 ;
ToUserName : oHlBevwmIi-f0zwh-OI2Gt9CtDP0 ;
MsgType : text ;
Content : 欢迎关注李记梧桐人家微信公众号！ ;

2017-10-30 11:58:32 trace :
------------
String:
<xml><ToUserName><![CDATA[gh_387f2586a480]]></ToUserName>
<FromUserName><![CDATA[oHlBevwmIi-f0zwh-OI2Gt9CtDP0]]></FromUserName>
<CreateTime>1509335911</CreateTime>
<MsgType><![CDATA[event]]></MsgType>
<Event><![CDATA[VIEW]]></Event>
<EventKey><![CDATA[http://www.gzqtbw.com/app/index.php?i=12&c=site&a=site&do=detail&id=11]]></EventKey>
<MenuId>602413748</MenuId>
</xml>

2017-10-30 11:58:32 params :
------------
Array:
message : Array ;
module : basic ;
rule : 13 ;
priority : 0 ;
keyword : Array ;

2017-10-30 11:58:32 response :
------------
Array:
FromUserName : gh_387f2586a480 ;
ToUserName : oHlBevwmIi-f0zwh-OI2Gt9CtDP0 ;
MsgType : text ;
Content : 欢迎关注李记梧桐人家微信公众号！ ;

2017-10-30 11:58:43 trace :
------------
String:
<xml><ToUserName><![CDATA[gh_387f2586a480]]></ToUserName>
<FromUserName><![CDATA[oHlBevwmIi-f0zwh-OI2Gt9CtDP0]]></FromUserName>
<CreateTime>1509335922</CreateTime>
<MsgType><![CDATA[event]]></MsgType>
<Event><![CDATA[VIEW]]></Event>
<EventKey><![CDATA[http://www.gzqtbw.com/app/index.php?i=12&c=home&t=15]]></EventKey>
<MenuId>602413748</MenuId>
</xml>

2017-10-30 11:58:43 params :
------------
Array:
message : Array ;
module : basic ;
rule : 13 ;
priority : 0 ;
keyword : Array ;

2017-10-30 11:58:43 response :
------------
Array:
FromUserName : gh_387f2586a480 ;
ToUserName : oHlBevwmIi-f0zwh-OI2Gt9CtDP0 ;
MsgType : text ;
Content : 欢迎关注李记梧桐人家微信公众号！ ;

2017-10-30 11:58:52 trace :
------------
String:
<xml><ToUserName><![CDATA[gh_387f2586a480]]></ToUserName>
<FromUserName><![CDATA[oHlBevwmIi-f0zwh-OI2Gt9CtDP0]]></FromUserName>
<CreateTime>1509335932</CreateTime>
<MsgType><![CDATA[event]]></MsgType>
<Event><![CDATA[VIEW]]></Event>
<EventKey><![CDATA[http://www.gzqtbw.com/app/index.php?i=12&c=home&t=15]]></EventKey>
<MenuId>602413748</MenuId>
</xml>

2017-10-30 11:58:52 params :
------------
Array:
message : Array ;
module : basic ;
rule : 13 ;
priority : 0 ;
keyword : Array ;

2017-10-30 11:58:52 response :
------------
Array:
FromUserName : gh_387f2586a480 ;
ToUserName : oHlBevwmIi-f0zwh-OI2Gt9CtDP0 ;
MsgType : text ;
Content : 欢迎关注李记梧桐人家微信公众号！ ;

2017-10-30 11:58:54 trace :
------------
String:
<xml><ToUserName><![CDATA[gh_387f2586a480]]></ToUserName>
<FromUserName><![CDATA[oHlBevwmIi-f0zwh-OI2Gt9CtDP0]]></FromUserName>
<CreateTime>1509335934</CreateTime>
<MsgType><![CDATA[event]]></MsgType>
<Event><![CDATA[VIEW]]></Event>
<EventKey><![CDATA[http://www.gzqtbw.com/app/index.php?i=12&c=home&t=15]]></EventKey>
<MenuId>602413748</MenuId>
</xml>

2017-10-30 11:58:54 params :
------------
Array:
message : Array ;
module : basic ;
rule : 13 ;
priority : 0 ;
keyword : Array ;

2017-10-30 11:58:54 response :
------------
Array:
FromUserName : gh_387f2586a480 ;
ToUserName : oHlBevwmIi-f0zwh-OI2Gt9CtDP0 ;
MsgType : text ;
Content : 欢迎关注李记梧桐人家微信公众号！ ;

2017-10-30 11:58:59 trace :
------------
String:
<xml><ToUserName><![CDATA[gh_387f2586a480]]></ToUserName>
<FromUserName><![CDATA[oHlBevwmIi-f0zwh-OI2Gt9CtDP0]]></FromUserName>
<CreateTime>1509335939</CreateTime>
<MsgType><![CDATA[event]]></MsgType>
<Event><![CDATA[VIEW]]></Event>
<EventKey><![CDATA[http://www.gzqtbw.com/app/index.php?i=12&c=home&t=15]]></EventKey>
<MenuId>602413748</MenuId>
</xml>

2017-10-30 11:58:59 params :
------------
Array:
message : Array ;
module : basic ;
rule : 13 ;
priority : 0 ;
keyword : Array ;

2017-10-30 11:58:59 response :
------------
Array:
FromUserName : gh_387f2586a480 ;
ToUserName : oHlBevwmIi-f0zwh-OI2Gt9CtDP0 ;
MsgType : text ;
Content : 欢迎关注李记梧桐人家微信公众号！ ;

2017-10-30 12:24:09 trace :
------------
String:
<xml><ToUserName><![CDATA[gh_be7e4da020bc]]></ToUserName>
<FromUserName><![CDATA[oPtQ2wBbarkUNuC5vybE8NOWun1Y]]></FromUserName>
<CreateTime>1509337448</CreateTime>
<MsgType><![CDATA[event]]></MsgType>
<Event><![CDATA[VIEW]]></Event>
<EventKey><![CDATA[http://www.gzqtbw.com/app/index.php?i=8&c=home&t=8]]></EventKey>
<MenuId>430931951</MenuId>
</xml>

2017-10-30 12:24:09 params :
------------
Array:
message : Array ;
module : basic ;
rule : 10 ;
priority : 0 ;
keyword : Array ;

2017-10-30 12:24:09 response :
------------
Array:
FromUserName : gh_be7e4da020bc ;
ToUserName : oPtQ2wBbarkUNuC5vybE8NOWun1Y ;
MsgType : text ;
Content : 欢迎关注美食广场微信公众号！ ;

2017-10-30 12:45:19 trace :
------------
String:
<xml><ToUserName><![CDATA[gh_be7e4da020bc]]></ToUserName>
<FromUserName><![CDATA[oPtQ2wEPgVq6Lu2v9FIxC2iAm9v4]]></FromUserName>
<CreateTime>1509338718</CreateTime>
<MsgType><![CDATA[event]]></MsgType>
<Event><![CDATA[subscribe]]></Event>
<EventKey><![CDATA[]]></EventKey>
</xml>

2017-10-30 12:45:19 params :
------------
Array:
message : Array ;
module : basic ;
rule : 10 ;
priority : 0 ;
keyword : Array ;

2017-10-30 12:45:19 response :
------------
Array:
FromUserName : gh_be7e4da020bc ;
ToUserName : oPtQ2wEPgVq6Lu2v9FIxC2iAm9v4 ;
MsgType : text ;
Content : 欢迎关注美食广场微信公众号！ ;

2017-10-30 13:06:58 trace :
------------
String:
<xml><ToUserName><![CDATA[gh_be7e4da020bc]]></ToUserName>
<FromUserName><![CDATA[oPtQ2wJbB6GdOnrp53WUVsXyFn_E]]></FromUserName>
<CreateTime>1509340018</CreateTime>
<MsgType><![CDATA[event]]></MsgType>
<Event><![CDATA[subscribe]]></Event>
<EventKey><![CDATA[]]></EventKey>
</xml>

2017-10-30 13:06:58 params :
------------
Array:
message : Array ;
module : basic ;
rule : 10 ;
priority : 0 ;
keyword : Array ;

2017-10-30 13:06:58 response :
------------
Array:
FromUserName : gh_be7e4da020bc ;
ToUserName : oPtQ2wJbB6GdOnrp53WUVsXyFn_E ;
MsgType : text ;
Content : 欢迎关注美食广场微信公众号！ ;

2017-10-30 13:07:06 trace :
------------
String:
<xml><ToUserName><![CDATA[gh_be7e4da020bc]]></ToUserName>
<FromUserName><![CDATA[oPtQ2wJbB6GdOnrp53WUVsXyFn_E]]></FromUserName>
<CreateTime>1509340025</CreateTime>
<MsgType><![CDATA[event]]></MsgType>
<Event><![CDATA[VIEW]]></Event>
<EventKey><![CDATA[http://www.gzqtbw.com/app/index.php?i=8&c=home&t=8]]></EventKey>
<MenuId>430931951</MenuId>
</xml>

2017-10-30 13:07:06 params :
------------
Array:
message : Array ;
module : basic ;
rule : 10 ;
priority : 0 ;
keyword : Array ;

2017-10-30 13:07:06 response :
------------
Array:
FromUserName : gh_be7e4da020bc ;
ToUserName : oPtQ2wJbB6GdOnrp53WUVsXyFn_E ;
MsgType : text ;
Content : 欢迎关注美食广场微信公众号！ ;

2017-10-30 15:25:32 trace :
------------
String:
<xml><ToUserName><![CDATA[gh_be7e4da020bc]]></ToUserName>
<FromUserName><![CDATA[oPtQ2wL_2Aiurkxx3w8JomqmOEuM]]></FromUserName>
<CreateTime>1509348331</CreateTime>
<MsgType><![CDATA[event]]></MsgType>
<Event><![CDATA[VIEW]]></Event>
<EventKey><![CDATA[http://www.gzqtbw.com/app/index.php?i=8&c=home&t=8]]></EventKey>
<MenuId>430931951</MenuId>
</xml>

2017-10-30 15:25:32 params :
------------
Array:
message : Array ;
module : basic ;
rule : 10 ;
priority : 0 ;
keyword : Array ;

2017-10-30 15:25:32 response :
------------
Array:
FromUserName : gh_be7e4da020bc ;
ToUserName : oPtQ2wL_2Aiurkxx3w8JomqmOEuM ;
MsgType : text ;
Content : 欢迎关注美食广场微信公众号！ ;

2017-10-30 15:36:43 trace :
------------
String:
<xml><ToUserName><![CDATA[gh_be7e4da020bc]]></ToUserName>
<FromUserName><![CDATA[oPtQ2wL_2Aiurkxx3w8JomqmOEuM]]></FromUserName>
<CreateTime>1509349002</CreateTime>
<MsgType><![CDATA[event]]></MsgType>
<Event><![CDATA[VIEW]]></Event>
<EventKey><![CDATA[http://www.gzqtbw.com/app/index.php?i=8&c=home&t=8]]></EventKey>
<MenuId>430931951</MenuId>
</xml>

2017-10-30 15:36:43 params :
------------
Array:
message : Array ;
module : basic ;
rule : 10 ;
priority : 0 ;
keyword : Array ;

2017-10-30 15:36:43 response :
------------
Array:
FromUserName : gh_be7e4da020bc ;
ToUserName : oPtQ2wL_2Aiurkxx3w8JomqmOEuM ;
MsgType : text ;
Content : 欢迎关注美食广场微信公众号！ ;

2017-10-30 15:37:21 trace :
------------
String:
<xml><ToUserName><![CDATA[gh_be7e4da020bc]]></ToUserName>
<FromUserName><![CDATA[oPtQ2wL_2Aiurkxx3w8JomqmOEuM]]></FromUserName>
<CreateTime>1509349041</CreateTime>
<MsgType><![CDATA[event]]></MsgType>
<Event><![CDATA[VIEW]]></Event>
<EventKey><![CDATA[http://www.gzqtbw.com/app/index.php?i=8&c=home&t=8]]></EventKey>
<MenuId>430931951</MenuId>
</xml>

2017-10-30 15:37:21 params :
------------
Array:
message : Array ;
module : basic ;
rule : 10 ;
priority : 0 ;
keyword : Array ;

2017-10-30 15:37:21 response :
------------
Array:
FromUserName : gh_be7e4da020bc ;
ToUserName : oPtQ2wL_2Aiurkxx3w8JomqmOEuM ;
MsgType : text ;
Content : 欢迎关注美食广场微信公众号！ ;

2017-10-30 18:09:14 trace :
------------
String:
<xml><ToUserName><![CDATA[gh_be7e4da020bc]]></ToUserName>
<FromUserName><![CDATA[oPtQ2wGQWlsGSMm-7J6g7Mf6eF7Y]]></FromUserName>
<CreateTime>1509358153</CreateTime>
<MsgType><![CDATA[event]]></MsgType>
<Event><![CDATA[VIEW]]></Event>
<EventKey><![CDATA[http://www.gzqtbw.com/app/index.php?i=8&c=home&t=8]]></EventKey>
<MenuId>430931951</MenuId>
</xml>

2017-10-30 18:09:14 params :
------------
Array:
message : Array ;
module : basic ;
rule : 10 ;
priority : 0 ;
keyword : Array ;

2017-10-30 18:09:14 response :
------------
Array:
FromUserName : gh_be7e4da020bc ;
ToUserName : oPtQ2wGQWlsGSMm-7J6g7Mf6eF7Y ;
MsgType : text ;
Content : 欢迎关注美食广场微信公众号！ ;

2017-10-30 18:13:01 trace :
------------
String:
<xml><ToUserName><![CDATA[gh_be7e4da020bc]]></ToUserName>
<FromUserName><![CDATA[oPtQ2wGQWlsGSMm-7J6g7Mf6eF7Y]]></FromUserName>
<CreateTime>1509358380</CreateTime>
<MsgType><![CDATA[event]]></MsgType>
<Event><![CDATA[VIEW]]></Event>
<EventKey><![CDATA[http://www.gzqtbw.com/app/index.php?i=8&c=home&t=8]]></EventKey>
<MenuId>430931951</MenuId>
</xml>

2017-10-30 18:13:01 params :
------------
Array:
message : Array ;
module : basic ;
rule : 10 ;
priority : 0 ;
keyword : Array ;

2017-10-30 18:13:01 response :
------------
Array:
FromUserName : gh_be7e4da020bc ;
ToUserName : oPtQ2wGQWlsGSMm-7J6g7Mf6eF7Y ;
MsgType : text ;
Content : 欢迎关注美食广场微信公众号！ ;

