2017-11-17 03:04:27 trace :
------------
String:
<xml><ToUserName><![CDATA[gh_9e16f2771397]]></ToUserName>
<FromUserName><![CDATA[oSSurv7o1QdxR7sj7DSihLXQgg8I]]></FromUserName>
<CreateTime>1510859067</CreateTime>
<MsgType><![CDATA[event]]></MsgType>
<Event><![CDATA[verify_expired]]></Event>
<ExpiredTime>1510742807</ExpiredTime>
</xml>

2017-11-17 03:04:27 params :
------------
Array:
message : Array ;
module : basic ;
rule : 14 ;
priority : 0 ;
keyword : Array ;

2017-11-17 03:04:27 response :
------------
Array:
FromUserName : gh_9e16f2771397 ;
ToUserName : oSSurv7o1QdxR7sj7DSihLXQgg8I ;
MsgType : text ;
Content : 欢迎关注黔中一品酒楼微信公众号！ ;

2017-11-17 10:21:30 trace :
------------
String:
<xml><ToUserName><![CDATA[gh_a9b445bf4f73]]></ToUserName>
<FromUserName><![CDATA[oaQb9wQFFqNn_v8QpyQK6aqpi5aw]]></FromUserName>
<CreateTime>1510885290</CreateTime>
<MsgType><![CDATA[event]]></MsgType>
<Event><![CDATA[VIEW]]></Event>
<EventKey><![CDATA[http://www.gzqtbw.com/app/index.php?i=16&c=home&t=21]]></EventKey>
<MenuId>422520294</MenuId>
</xml>

2017-11-17 10:21:30 params :
------------
Array:
message : Array ;
module : basic ;
rule : 16 ;
priority : 0 ;
keyword : Array ;

2017-11-17 10:21:30 response :
------------
Array:
FromUserName : gh_a9b445bf4f73 ;
ToUserName : oaQb9wQFFqNn_v8QpyQK6aqpi5aw ;
MsgType : text ;
Content : 欢迎关注贵州博达云科技发展有限公司！ ;

2017-11-17 10:22:41 trace :
------------
String:
<xml><ToUserName><![CDATA[gh_a9b445bf4f73]]></ToUserName>
<FromUserName><![CDATA[oaQb9wQFFqNn_v8QpyQK6aqpi5aw]]></FromUserName>
<CreateTime>1510885360</CreateTime>
<MsgType><![CDATA[event]]></MsgType>
<Event><![CDATA[VIEW]]></Event>
<EventKey><![CDATA[http://www.gzqtbw.com/app/index.php?i=16&c=home&t=22]]></EventKey>
<MenuId>422520294</MenuId>
</xml>

2017-11-17 10:22:41 params :
------------
Array:
message : Array ;
module : basic ;
rule : 16 ;
priority : 0 ;
keyword : Array ;

2017-11-17 10:22:41 response :
------------
Array:
FromUserName : gh_a9b445bf4f73 ;
ToUserName : oaQb9wQFFqNn_v8QpyQK6aqpi5aw ;
MsgType : text ;
Content : 欢迎关注贵州博达云科技发展有限公司！ ;

2017-11-17 10:23:26 trace :
------------
String:
<xml><ToUserName><![CDATA[gh_a9b445bf4f73]]></ToUserName>
<FromUserName><![CDATA[oaQb9wQFFqNn_v8QpyQK6aqpi5aw]]></FromUserName>
<CreateTime>1510885405</CreateTime>
<MsgType><![CDATA[event]]></MsgType>
<Event><![CDATA[VIEW]]></Event>
<EventKey><![CDATA[http://www.gzqtbw.com/app/index.php?i=16&c=home&t=19]]></EventKey>
<MenuId>422520294</MenuId>
</xml>

2017-11-17 10:23:26 params :
------------
Array:
message : Array ;
module : basic ;
rule : 16 ;
priority : 0 ;
keyword : Array ;

2017-11-17 10:23:26 response :
------------
Array:
FromUserName : gh_a9b445bf4f73 ;
ToUserName : oaQb9wQFFqNn_v8QpyQK6aqpi5aw ;
MsgType : text ;
Content : 欢迎关注贵州博达云科技发展有限公司！ ;

2017-11-17 10:26:32 trace :
------------
String:
<xml><ToUserName><![CDATA[gh_a9b445bf4f73]]></ToUserName>
<FromUserName><![CDATA[oaQb9wUusvnE0rqmgA0hQdkfPh3g]]></FromUserName>
<CreateTime>1510885591</CreateTime>
<MsgType><![CDATA[event]]></MsgType>
<Event><![CDATA[VIEW]]></Event>
<EventKey><![CDATA[http://www.gzqtbw.com/app/index.php?i=16&c=home&t=19]]></EventKey>
<MenuId>422520294</MenuId>
</xml>

2017-11-17 10:26:32 params :
------------
Array:
message : Array ;
module : basic ;
rule : 16 ;
priority : 0 ;
keyword : Array ;

2017-11-17 10:26:32 response :
------------
Array:
FromUserName : gh_a9b445bf4f73 ;
ToUserName : oaQb9wUusvnE0rqmgA0hQdkfPh3g ;
MsgType : text ;
Content : 欢迎关注贵州博达云科技发展有限公司！ ;

2017-11-17 10:26:46 trace :
------------
String:
<xml><ToUserName><![CDATA[gh_a9b445bf4f73]]></ToUserName>
<FromUserName><![CDATA[oaQb9wQFFqNn_v8QpyQK6aqpi5aw]]></FromUserName>
<CreateTime>1510885605</CreateTime>
<MsgType><![CDATA[event]]></MsgType>
<Event><![CDATA[VIEW]]></Event>
<EventKey><![CDATA[http://www.gzqtbw.com/app/index.php?i=16&c=home&t=21]]></EventKey>
<MenuId>422520294</MenuId>
</xml>

2017-11-17 10:26:46 params :
------------
Array:
message : Array ;
module : basic ;
rule : 16 ;
priority : 0 ;
keyword : Array ;

2017-11-17 10:26:46 response :
------------
Array:
FromUserName : gh_a9b445bf4f73 ;
ToUserName : oaQb9wQFFqNn_v8QpyQK6aqpi5aw ;
MsgType : text ;
Content : 欢迎关注贵州博达云科技发展有限公司！ ;

2017-11-17 10:28:55 trace :
------------
String:
<xml><ToUserName><![CDATA[gh_a9b445bf4f73]]></ToUserName>
<FromUserName><![CDATA[oaQb9wUusvnE0rqmgA0hQdkfPh3g]]></FromUserName>
<CreateTime>1510885735</CreateTime>
<MsgType><![CDATA[event]]></MsgType>
<Event><![CDATA[VIEW]]></Event>
<EventKey><![CDATA[http://www.gzqtbw.com/app/index.php?i=16&c=home&t=21]]></EventKey>
<MenuId>422520294</MenuId>
</xml>

2017-11-17 10:28:55 params :
------------
Array:
message : Array ;
module : basic ;
rule : 16 ;
priority : 0 ;
keyword : Array ;

2017-11-17 10:28:55 response :
------------
Array:
FromUserName : gh_a9b445bf4f73 ;
ToUserName : oaQb9wUusvnE0rqmgA0hQdkfPh3g ;
MsgType : text ;
Content : 欢迎关注贵州博达云科技发展有限公司！ ;

2017-11-17 10:50:23 trace :
------------
String:
<xml><ToUserName><![CDATA[gh_a9b445bf4f73]]></ToUserName>
<FromUserName><![CDATA[oaQb9wQFFqNn_v8QpyQK6aqpi5aw]]></FromUserName>
<CreateTime>1510887022</CreateTime>
<MsgType><![CDATA[event]]></MsgType>
<Event><![CDATA[VIEW]]></Event>
<EventKey><![CDATA[http://www.gzqtbw.com/app/index.php?i=16&c=home&t=21]]></EventKey>
<MenuId>422520294</MenuId>
</xml>

2017-11-17 10:50:23 params :
------------
Array:
message : Array ;
module : basic ;
rule : 16 ;
priority : 0 ;
keyword : Array ;

2017-11-17 10:50:23 response :
------------
Array:
FromUserName : gh_a9b445bf4f73 ;
ToUserName : oaQb9wQFFqNn_v8QpyQK6aqpi5aw ;
MsgType : text ;
Content : 欢迎关注贵州博达云科技发展有限公司！ ;

2017-11-17 11:07:20 trace :
------------
String:
<xml><ToUserName><![CDATA[gh_be7e4da020bc]]></ToUserName>
<FromUserName><![CDATA[oPtQ2wDspvoTeZDcdMM8C-ok332U]]></FromUserName>
<CreateTime>1510888039</CreateTime>
<MsgType><![CDATA[event]]></MsgType>
<Event><![CDATA[VIEW]]></Event>
<EventKey><![CDATA[http://www.gzqtbw.com/app/index.php?i=8&c=home&t=8]]></EventKey>
<MenuId>430931951</MenuId>
</xml>

2017-11-17 11:07:20 params :
------------
Array:
message : Array ;
module : basic ;
rule : 10 ;
priority : 0 ;
keyword : Array ;

2017-11-17 11:07:20 response :
------------
Array:
FromUserName : gh_be7e4da020bc ;
ToUserName : oPtQ2wDspvoTeZDcdMM8C-ok332U ;
MsgType : text ;
Content : 欢迎关注美食广场微信公众号！ ;

2017-11-17 11:19:04 trace :
------------
String:
<xml><ToUserName><![CDATA[gh_be7e4da020bc]]></ToUserName>
<FromUserName><![CDATA[oPtQ2wJbB6GdOnrp53WUVsXyFn_E]]></FromUserName>
<CreateTime>1510888744</CreateTime>
<MsgType><![CDATA[event]]></MsgType>
<Event><![CDATA[VIEW]]></Event>
<EventKey><![CDATA[http://www.gzqtbw.com/app/index.php?i=8&c=home&t=8]]></EventKey>
<MenuId>430931951</MenuId>
</xml>

2017-11-17 11:19:04 params :
------------
Array:
message : Array ;
module : basic ;
rule : 10 ;
priority : 0 ;
keyword : Array ;

2017-11-17 11:19:04 response :
------------
Array:
FromUserName : gh_be7e4da020bc ;
ToUserName : oPtQ2wJbB6GdOnrp53WUVsXyFn_E ;
MsgType : text ;
Content : 欢迎关注美食广场微信公众号！ ;

2017-11-17 11:57:21 trace :
------------
String:
<xml><ToUserName><![CDATA[gh_be7e4da020bc]]></ToUserName>
<FromUserName><![CDATA[oPtQ2wPaI1ZSyht9gN-YcQ7dnfcg]]></FromUserName>
<CreateTime>1510891040</CreateTime>
<MsgType><![CDATA[event]]></MsgType>
<Event><![CDATA[subscribe]]></Event>
<EventKey><![CDATA[]]></EventKey>
</xml>

2017-11-17 11:57:21 params :
------------
Array:
message : Array ;
module : basic ;
rule : 10 ;
priority : 0 ;
keyword : Array ;

2017-11-17 11:57:21 response :
------------
Array:
FromUserName : gh_be7e4da020bc ;
ToUserName : oPtQ2wPaI1ZSyht9gN-YcQ7dnfcg ;
MsgType : text ;
Content : 欢迎关注美食广场微信公众号！ ;

2017-11-17 11:57:24 trace :
------------
String:
<xml><ToUserName><![CDATA[gh_be7e4da020bc]]></ToUserName>
<FromUserName><![CDATA[oPtQ2wPaI1ZSyht9gN-YcQ7dnfcg]]></FromUserName>
<CreateTime>1510891044</CreateTime>
<MsgType><![CDATA[event]]></MsgType>
<Event><![CDATA[VIEW]]></Event>
<EventKey><![CDATA[http://www.gzqtbw.com/app/index.php?i=8&c=home&t=8]]></EventKey>
<MenuId>430931951</MenuId>
</xml>

2017-11-17 11:57:24 params :
------------
Array:
message : Array ;
module : basic ;
rule : 10 ;
priority : 0 ;
keyword : Array ;

2017-11-17 11:57:24 response :
------------
Array:
FromUserName : gh_be7e4da020bc ;
ToUserName : oPtQ2wPaI1ZSyht9gN-YcQ7dnfcg ;
MsgType : text ;
Content : 欢迎关注美食广场微信公众号！ ;

2017-11-17 12:09:24 trace :
------------
String:
<xml><ToUserName><![CDATA[gh_be7e4da020bc]]></ToUserName>
<FromUserName><![CDATA[oPtQ2wPaI1ZSyht9gN-YcQ7dnfcg]]></FromUserName>
<CreateTime>1510891763</CreateTime>
<MsgType><![CDATA[event]]></MsgType>
<Event><![CDATA[VIEW]]></Event>
<EventKey><![CDATA[http://www.gzqtbw.com/app/index.php?i=8&c=home&t=8]]></EventKey>
<MenuId>430931951</MenuId>
</xml>

2017-11-17 12:09:24 params :
------------
Array:
message : Array ;
module : basic ;
rule : 10 ;
priority : 0 ;
keyword : Array ;

2017-11-17 12:09:24 response :
------------
Array:
FromUserName : gh_be7e4da020bc ;
ToUserName : oPtQ2wPaI1ZSyht9gN-YcQ7dnfcg ;
MsgType : text ;
Content : 欢迎关注美食广场微信公众号！ ;

2017-11-17 12:11:52 trace :
------------
String:
<xml><ToUserName><![CDATA[gh_be7e4da020bc]]></ToUserName>
<FromUserName><![CDATA[oPtQ2wPaI1ZSyht9gN-YcQ7dnfcg]]></FromUserName>
<CreateTime>1510891906</CreateTime>
<MsgType><![CDATA[event]]></MsgType>
<Event><![CDATA[VIEW]]></Event>
<EventKey><![CDATA[http://www.gzqtbw.com/app/index.php?i=8&c=home&t=8]]></EventKey>
<MenuId>430931951</MenuId>
</xml>

2017-11-17 12:11:52 params :
------------
Array:
message : Array ;
module : basic ;
rule : 10 ;
priority : 0 ;
keyword : Array ;

2017-11-17 12:11:52 response :
------------
Array:
FromUserName : gh_be7e4da020bc ;
ToUserName : oPtQ2wPaI1ZSyht9gN-YcQ7dnfcg ;
MsgType : text ;
Content : 欢迎关注美食广场微信公众号！ ;

2017-11-17 12:13:30 trace :
------------
String:
<xml><ToUserName><![CDATA[gh_be7e4da020bc]]></ToUserName>
<FromUserName><![CDATA[oPtQ2wPaI1ZSyht9gN-YcQ7dnfcg]]></FromUserName>
<CreateTime>1510892009</CreateTime>
<MsgType><![CDATA[event]]></MsgType>
<Event><![CDATA[VIEW]]></Event>
<EventKey><![CDATA[http://www.gzqtbw.com/app/index.php?i=8&c=home&t=8]]></EventKey>
<MenuId>430931951</MenuId>
</xml>

2017-11-17 12:13:30 params :
------------
Array:
message : Array ;
module : basic ;
rule : 10 ;
priority : 0 ;
keyword : Array ;

2017-11-17 12:13:30 response :
------------
Array:
FromUserName : gh_be7e4da020bc ;
ToUserName : oPtQ2wPaI1ZSyht9gN-YcQ7dnfcg ;
MsgType : text ;
Content : 欢迎关注美食广场微信公众号！ ;

2017-11-17 12:15:35 trace :
------------
String:
<xml><ToUserName><![CDATA[gh_be7e4da020bc]]></ToUserName>
<FromUserName><![CDATA[oPtQ2wPaI1ZSyht9gN-YcQ7dnfcg]]></FromUserName>
<CreateTime>1510892131</CreateTime>
<MsgType><![CDATA[event]]></MsgType>
<Event><![CDATA[VIEW]]></Event>
<EventKey><![CDATA[http://www.gzqtbw.com/app/index.php?i=8&c=home&t=8]]></EventKey>
<MenuId>430931951</MenuId>
</xml>

2017-11-17 12:15:35 params :
------------
Array:
message : Array ;
module : basic ;
rule : 10 ;
priority : 0 ;
keyword : Array ;

2017-11-17 12:15:35 response :
------------
Array:
FromUserName : gh_be7e4da020bc ;
ToUserName : oPtQ2wPaI1ZSyht9gN-YcQ7dnfcg ;
MsgType : text ;
Content : 欢迎关注美食广场微信公众号！ ;

2017-11-17 12:19:15 trace :
------------
String:
<xml><ToUserName><![CDATA[gh_be7e4da020bc]]></ToUserName>
<FromUserName><![CDATA[oPtQ2wPaI1ZSyht9gN-YcQ7dnfcg]]></FromUserName>
<CreateTime>1510892354</CreateTime>
<MsgType><![CDATA[event]]></MsgType>
<Event><![CDATA[VIEW]]></Event>
<EventKey><![CDATA[http://www.gzqtbw.com/app/index.php?i=8&c=home&t=8]]></EventKey>
<MenuId>430931951</MenuId>
</xml>

2017-11-17 12:19:15 params :
------------
Array:
message : Array ;
module : basic ;
rule : 10 ;
priority : 0 ;
keyword : Array ;

2017-11-17 12:19:15 response :
------------
Array:
FromUserName : gh_be7e4da020bc ;
ToUserName : oPtQ2wPaI1ZSyht9gN-YcQ7dnfcg ;
MsgType : text ;
Content : 欢迎关注美食广场微信公众号！ ;

2017-11-17 12:28:08 trace :
------------
String:
<xml><ToUserName><![CDATA[gh_be7e4da020bc]]></ToUserName>
<FromUserName><![CDATA[oPtQ2wB0qJ7dcVhTF1dHOFtEcz7Q]]></FromUserName>
<CreateTime>1510892887</CreateTime>
<MsgType><![CDATA[event]]></MsgType>
<Event><![CDATA[VIEW]]></Event>
<EventKey><![CDATA[http://www.gzqtbw.com/app/index.php?i=8&c=home&t=8]]></EventKey>
<MenuId>430931951</MenuId>
</xml>

2017-11-17 12:28:08 params :
------------
Array:
message : Array ;
module : basic ;
rule : 10 ;
priority : 0 ;
keyword : Array ;

2017-11-17 12:28:08 response :
------------
Array:
FromUserName : gh_be7e4da020bc ;
ToUserName : oPtQ2wB0qJ7dcVhTF1dHOFtEcz7Q ;
MsgType : text ;
Content : 欢迎关注美食广场微信公众号！ ;

2017-11-17 14:02:34 trace :
------------
String:
<xml><ToUserName><![CDATA[gh_be7e4da020bc]]></ToUserName>
<FromUserName><![CDATA[oPtQ2wL_2Aiurkxx3w8JomqmOEuM]]></FromUserName>
<CreateTime>1510898554</CreateTime>
<MsgType><![CDATA[event]]></MsgType>
<Event><![CDATA[VIEW]]></Event>
<EventKey><![CDATA[http://www.gzqtbw.com/app/index.php?i=8&c=home&t=8]]></EventKey>
<MenuId>430931951</MenuId>
</xml>

2017-11-17 14:02:34 params :
------------
Array:
message : Array ;
module : basic ;
rule : 10 ;
priority : 0 ;
keyword : Array ;

2017-11-17 14:02:34 response :
------------
Array:
FromUserName : gh_be7e4da020bc ;
ToUserName : oPtQ2wL_2Aiurkxx3w8JomqmOEuM ;
MsgType : text ;
Content : 欢迎关注美食广场微信公众号！ ;

2017-11-17 14:34:47 trace :
------------
String:
<xml><ToUserName><![CDATA[gh_be7e4da020bc]]></ToUserName>
<FromUserName><![CDATA[oPtQ2wL_2Aiurkxx3w8JomqmOEuM]]></FromUserName>
<CreateTime>1510900486</CreateTime>
<MsgType><![CDATA[event]]></MsgType>
<Event><![CDATA[VIEW]]></Event>
<EventKey><![CDATA[http://www.gzqtbw.com/app/index.php?i=8&c=home&t=8]]></EventKey>
<MenuId>430931951</MenuId>
</xml>

2017-11-17 14:34:47 params :
------------
Array:
message : Array ;
module : basic ;
rule : 10 ;
priority : 0 ;
keyword : Array ;

2017-11-17 14:34:47 response :
------------
Array:
FromUserName : gh_be7e4da020bc ;
ToUserName : oPtQ2wL_2Aiurkxx3w8JomqmOEuM ;
MsgType : text ;
Content : 欢迎关注美食广场微信公众号！ ;

2017-11-17 14:59:11 trace :
------------
String:
<xml><ToUserName><![CDATA[gh_be7e4da020bc]]></ToUserName>
<FromUserName><![CDATA[oPtQ2wCNlzWQLnfHnn2USSVJxYQs]]></FromUserName>
<CreateTime>1510901950</CreateTime>
<MsgType><![CDATA[event]]></MsgType>
<Event><![CDATA[VIEW]]></Event>
<EventKey><![CDATA[http://www.gzqtbw.com/app/index.php?i=8&c=home&t=8]]></EventKey>
<MenuId>430931951</MenuId>
</xml>

2017-11-17 14:59:11 params :
------------
Array:
message : Array ;
module : basic ;
rule : 10 ;
priority : 0 ;
keyword : Array ;

2017-11-17 14:59:11 response :
------------
Array:
FromUserName : gh_be7e4da020bc ;
ToUserName : oPtQ2wCNlzWQLnfHnn2USSVJxYQs ;
MsgType : text ;
Content : 欢迎关注美食广场微信公众号！ ;

2017-11-17 15:47:35 trace :
------------
String:
<xml><ToUserName><![CDATA[gh_be7e4da020bc]]></ToUserName>
<FromUserName><![CDATA[oPtQ2wO6R53gCyr-U-PIlL9oip7M]]></FromUserName>
<CreateTime>1510904855</CreateTime>
<MsgType><![CDATA[event]]></MsgType>
<Event><![CDATA[VIEW]]></Event>
<EventKey><![CDATA[http://www.gzqtbw.com/app/index.php?i=8&c=home&t=8]]></EventKey>
<MenuId>430931951</MenuId>
</xml>

2017-11-17 15:47:35 params :
------------
Array:
message : Array ;
module : basic ;
rule : 10 ;
priority : 0 ;
keyword : Array ;

2017-11-17 15:47:35 response :
------------
Array:
FromUserName : gh_be7e4da020bc ;
ToUserName : oPtQ2wO6R53gCyr-U-PIlL9oip7M ;
MsgType : text ;
Content : 欢迎关注美食广场微信公众号！ ;

2017-11-17 15:49:12 trace :
------------
String:
<xml><ToUserName><![CDATA[gh_be7e4da020bc]]></ToUserName>
<FromUserName><![CDATA[oPtQ2wO6R53gCyr-U-PIlL9oip7M]]></FromUserName>
<CreateTime>1510904951</CreateTime>
<MsgType><![CDATA[event]]></MsgType>
<Event><![CDATA[VIEW]]></Event>
<EventKey><![CDATA[http://www.gzqtbw.com/app/index.php?i=8&c=home&t=8]]></EventKey>
<MenuId>430931951</MenuId>
</xml>

2017-11-17 15:49:12 params :
------------
Array:
message : Array ;
module : basic ;
rule : 10 ;
priority : 0 ;
keyword : Array ;

2017-11-17 15:49:12 response :
------------
Array:
FromUserName : gh_be7e4da020bc ;
ToUserName : oPtQ2wO6R53gCyr-U-PIlL9oip7M ;
MsgType : text ;
Content : 欢迎关注美食广场微信公众号！ ;

2017-11-17 15:53:59 trace :
------------
String:
<xml><ToUserName><![CDATA[gh_be7e4da020bc]]></ToUserName>
<FromUserName><![CDATA[oPtQ2wO6R53gCyr-U-PIlL9oip7M]]></FromUserName>
<CreateTime>1510905238</CreateTime>
<MsgType><![CDATA[event]]></MsgType>
<Event><![CDATA[VIEW]]></Event>
<EventKey><![CDATA[http://www.gzqtbw.com/app/index.php?i=8&c=home&t=8]]></EventKey>
<MenuId>430931951</MenuId>
</xml>

2017-11-17 15:53:59 params :
------------
Array:
message : Array ;
module : basic ;
rule : 10 ;
priority : 0 ;
keyword : Array ;

2017-11-17 15:53:59 response :
------------
Array:
FromUserName : gh_be7e4da020bc ;
ToUserName : oPtQ2wO6R53gCyr-U-PIlL9oip7M ;
MsgType : text ;
Content : 欢迎关注美食广场微信公众号！ ;

2017-11-17 17:47:02 trace :
------------
String:
<xml><ToUserName><![CDATA[gh_be7e4da020bc]]></ToUserName>
<FromUserName><![CDATA[oPtQ2wP8l85wi_l9wY308c4eR5zE]]></FromUserName>
<CreateTime>1510912021</CreateTime>
<MsgType><![CDATA[event]]></MsgType>
<Event><![CDATA[VIEW]]></Event>
<EventKey><![CDATA[http://www.gzqtbw.com/app/index.php?i=8&c=home&t=8]]></EventKey>
<MenuId>430931951</MenuId>
</xml>

2017-11-17 17:47:02 params :
------------
Array:
message : Array ;
module : basic ;
rule : 10 ;
priority : 0 ;
keyword : Array ;

2017-11-17 17:47:02 response :
------------
Array:
FromUserName : gh_be7e4da020bc ;
ToUserName : oPtQ2wP8l85wi_l9wY308c4eR5zE ;
MsgType : text ;
Content : 欢迎关注美食广场微信公众号！ ;

2017-11-17 19:06:01 trace :
------------
String:
<xml><ToUserName><![CDATA[gh_be7e4da020bc]]></ToUserName>
<FromUserName><![CDATA[oPtQ2wP8l85wi_l9wY308c4eR5zE]]></FromUserName>
<CreateTime>1510916760</CreateTime>
<MsgType><![CDATA[event]]></MsgType>
<Event><![CDATA[VIEW]]></Event>
<EventKey><![CDATA[http://www.gzqtbw.com/app/index.php?i=8&c=home&t=8]]></EventKey>
<MenuId>430931951</MenuId>
</xml>

2017-11-17 19:06:01 params :
------------
Array:
message : Array ;
module : basic ;
rule : 10 ;
priority : 0 ;
keyword : Array ;

2017-11-17 19:06:01 response :
------------
Array:
FromUserName : gh_be7e4da020bc ;
ToUserName : oPtQ2wP8l85wi_l9wY308c4eR5zE ;
MsgType : text ;
Content : 欢迎关注美食广场微信公众号！ ;

2017-11-17 19:51:37 trace :
------------
String:
<xml><ToUserName><![CDATA[gh_3280735b50d8]]></ToUserName>
<FromUserName><![CDATA[oyWTK1AZ7s4JRRYvEvpSmIU858KY]]></FromUserName>
<CreateTime>1510919494</CreateTime>
<MsgType><![CDATA[event]]></MsgType>
<Event><![CDATA[VIEW]]></Event>
<EventKey><![CDATA[http://www.gzqtbw.com/app/index.php?i=10&c=home&t=12]]></EventKey>
<MenuId>427588424</MenuId>
</xml>

2017-11-17 19:51:37 params :
------------
Array:
message : Array ;
module : basic ;
rule : 11 ;
priority : 0 ;
keyword : Array ;

2017-11-17 19:51:37 response :
------------
Array:
FromUserName : gh_3280735b50d8 ;
ToUserName : oyWTK1AZ7s4JRRYvEvpSmIU858KY ;
MsgType : text ;
Content : 欢迎关注黔满园荣贵微信公众号！ ;

2017-11-17 19:51:43 trace :
------------
String:
<xml><ToUserName><![CDATA[gh_3280735b50d8]]></ToUserName>
<FromUserName><![CDATA[oyWTK1AZ7s4JRRYvEvpSmIU858KY]]></FromUserName>
<CreateTime>1510919502</CreateTime>
<MsgType><![CDATA[event]]></MsgType>
<Event><![CDATA[VIEW]]></Event>
<EventKey><![CDATA[http://www.gzqtbw.com/app/index.php?i=10&c=home&t=12]]></EventKey>
<MenuId>427588424</MenuId>
</xml>

2017-11-17 19:51:43 params :
------------
Array:
message : Array ;
module : basic ;
rule : 11 ;
priority : 0 ;
keyword : Array ;

2017-11-17 19:51:43 response :
------------
Array:
FromUserName : gh_3280735b50d8 ;
ToUserName : oyWTK1AZ7s4JRRYvEvpSmIU858KY ;
MsgType : text ;
Content : 欢迎关注黔满园荣贵微信公众号！ ;

2017-11-17 20:08:23 trace :
------------
String:
<xml><ToUserName><![CDATA[gh_3280735b50d8]]></ToUserName>
<FromUserName><![CDATA[oyWTK1AZ7s4JRRYvEvpSmIU858KY]]></FromUserName>
<CreateTime>1510920503</CreateTime>
<MsgType><![CDATA[event]]></MsgType>
<Event><![CDATA[VIEW]]></Event>
<EventKey><![CDATA[http://www.gzqtbw.com/app/index.php?i=10&c=home&t=12]]></EventKey>
<MenuId>427588424</MenuId>
</xml>

2017-11-17 20:08:23 params :
------------
Array:
message : Array ;
module : basic ;
rule : 11 ;
priority : 0 ;
keyword : Array ;

2017-11-17 20:08:23 response :
------------
Array:
FromUserName : gh_3280735b50d8 ;
ToUserName : oyWTK1AZ7s4JRRYvEvpSmIU858KY ;
MsgType : text ;
Content : 欢迎关注黔满园荣贵微信公众号！ ;

2017-11-17 20:08:31 trace :
------------
String:
<xml><ToUserName><![CDATA[gh_3280735b50d8]]></ToUserName>
<FromUserName><![CDATA[oyWTK1AZ7s4JRRYvEvpSmIU858KY]]></FromUserName>
<CreateTime>1510920510</CreateTime>
<MsgType><![CDATA[event]]></MsgType>
<Event><![CDATA[VIEW]]></Event>
<EventKey><![CDATA[http://www.gzqtbw.com/app/index.php?i=10&c=mc&a=card&do=sign_display&]]></EventKey>
<MenuId>427588424</MenuId>
</xml>

2017-11-17 20:08:31 params :
------------
Array:
message : Array ;
module : basic ;
rule : 11 ;
priority : 0 ;
keyword : Array ;

2017-11-17 20:08:31 response :
------------
Array:
FromUserName : gh_3280735b50d8 ;
ToUserName : oyWTK1AZ7s4JRRYvEvpSmIU858KY ;
MsgType : text ;
Content : 欢迎关注黔满园荣贵微信公众号！ ;

