2017-12-27 11:02:37 trace :
------------
Array:
errno : -1 ;
message : 微信公众平台返回接口错误. 
错误代码为: 40005 
,错误描述为: appid 校验错误 ;

2017-12-27 11:02:37 waring :
------------
String:
Request Failed

2017-12-27 11:02:53 trace :
------------
Array:
errno : -1 ;
message : 微信公众平台返回接口错误. 
错误代码为: 40005 
,错误描述为: appid 校验错误 ;

2017-12-27 11:02:53 waring :
------------
String:
Request Failed

2017-12-27 11:03:36 trace :
------------
Array:
errno : -1 ;
message : 微信公众平台返回接口错误. 
错误代码为: 40005 
,错误描述为: appid 校验错误 ;

2017-12-27 11:03:36 waring :
------------
String:
Request Failed

2017-12-27 17:08:07 trace :
------------
Array:
errno : -1 ;
message : 微信公众平台返回接口错误. 
错误代码为: 40005 
,错误描述为: appid 校验错误 ;

2017-12-27 17:08:07 waring :
------------
String:
Request Failed

2017-12-27 17:40:37 trace :
------------
String:
<xml><ToUserName><![CDATA[gh_387f2586a480]]></ToUserName>
<FromUserName><![CDATA[oHlBev9OWhsS3K5nTcvFiMSavYec]]></FromUserName>
<CreateTime>1514367636</CreateTime>
<MsgType><![CDATA[event]]></MsgType>
<Event><![CDATA[subscribe]]></Event>
<EventKey><![CDATA[]]></EventKey>
</xml>

2017-12-27 17:40:37 params :
------------
Array:
message : Array ;
module : basic ;
rule : 13 ;
priority : 0 ;
keyword : Array ;

2017-12-27 17:40:37 response :
------------
Array:
FromUserName : gh_387f2586a480 ;
ToUserName : oHlBev9OWhsS3K5nTcvFiMSavYec ;
MsgType : text ;
Content : 欢迎关注李记梧桐人家微信公众号！ ;

2017-12-27 17:40:41 trace :
------------
String:
<xml><ToUserName><![CDATA[gh_387f2586a480]]></ToUserName>
<FromUserName><![CDATA[oHlBev9OWhsS3K5nTcvFiMSavYec]]></FromUserName>
<CreateTime>1514367641</CreateTime>
<MsgType><![CDATA[event]]></MsgType>
<Event><![CDATA[VIEW]]></Event>
<EventKey><![CDATA[http://www.gzqtbw.com/app/index.php?i=12&c=site&a=site&do=detail&id=10]]></EventKey>
<MenuId>602413748</MenuId>
</xml>

2017-12-27 17:40:41 params :
------------
Array:
message : Array ;
module : basic ;
rule : 13 ;
priority : 0 ;
keyword : Array ;

2017-12-27 17:40:41 response :
------------
Array:
FromUserName : gh_387f2586a480 ;
ToUserName : oHlBev9OWhsS3K5nTcvFiMSavYec ;
MsgType : text ;
Content : 欢迎关注李记梧桐人家微信公众号！ ;

2017-12-27 17:40:46 trace :
------------
String:
<xml><ToUserName><![CDATA[gh_387f2586a480]]></ToUserName>
<FromUserName><![CDATA[oHlBev9OWhsS3K5nTcvFiMSavYec]]></FromUserName>
<CreateTime>1514367646</CreateTime>
<MsgType><![CDATA[event]]></MsgType>
<Event><![CDATA[VIEW]]></Event>
<EventKey><![CDATA[http://www.gzqtbw.com/app/index.php?i=12&c=home&t=15]]></EventKey>
<MenuId>602413748</MenuId>
</xml>

2017-12-27 17:40:46 params :
------------
Array:
message : Array ;
module : basic ;
rule : 13 ;
priority : 0 ;
keyword : Array ;

2017-12-27 17:40:46 response :
------------
Array:
FromUserName : gh_387f2586a480 ;
ToUserName : oHlBev9OWhsS3K5nTcvFiMSavYec ;
MsgType : text ;
Content : 欢迎关注李记梧桐人家微信公众号！ ;

2017-12-27 17:41:00 trace :
------------
String:
<xml><ToUserName><![CDATA[gh_387f2586a480]]></ToUserName>
<FromUserName><![CDATA[oHlBev9OWhsS3K5nTcvFiMSavYec]]></FromUserName>
<CreateTime>1514367660</CreateTime>
<MsgType><![CDATA[event]]></MsgType>
<Event><![CDATA[VIEW]]></Event>
<EventKey><![CDATA[http://www.gzqtbw.com/app/index.php?i=12&c=site&a=site&do=detail&id=10]]></EventKey>
<MenuId>602413748</MenuId>
</xml>

2017-12-27 17:41:00 params :
------------
Array:
message : Array ;
module : basic ;
rule : 13 ;
priority : 0 ;
keyword : Array ;

2017-12-27 17:41:00 response :
------------
Array:
FromUserName : gh_387f2586a480 ;
ToUserName : oHlBev9OWhsS3K5nTcvFiMSavYec ;
MsgType : text ;
Content : 欢迎关注李记梧桐人家微信公众号！ ;

2017-12-27 23:09:42 trace :
------------
Array:
errno : -1 ;
message : 微信公众平台返回接口错误. 
错误代码为: 40005 
,错误描述为: appid 校验错误 ;

2017-12-27 23:09:42 waring :
------------
String:
Request Failed

2017-12-27 23:10:05 trace :
------------
Array:
errno : -1 ;
message : 微信公众平台返回接口错误. 
错误代码为: 40005 
,错误描述为: appid 校验错误 ;

2017-12-27 23:10:05 waring :
------------
String:
Request Failed

