2017-09-19 00:11:42 trace :
------------
String:
<xml><ToUserName><![CDATA[gh_3280735b50d8]]></ToUserName>
<FromUserName><![CDATA[oyWTK1OLxaQ2AXCAGGsm-gaVsF78]]></FromUserName>
<CreateTime>1505751101</CreateTime>
<MsgType><![CDATA[event]]></MsgType>
<Event><![CDATA[VIEW]]></Event>
<EventKey><![CDATA[http://www.gzqtbw.com/app/index.php?i=10&c=home&t=12]]></EventKey>
<MenuId>427588424</MenuId>
</xml>

2017-09-19 00:11:42 params :
------------
Array:
message : Array ;
module : basic ;
rule : 11 ;
priority : 0 ;
keyword : Array ;

2017-09-19 00:11:42 response :
------------
Array:
FromUserName : gh_3280735b50d8 ;
ToUserName : oyWTK1OLxaQ2AXCAGGsm-gaVsF78 ;
MsgType : text ;
Content : 欢迎关注黔满园荣贵微信公众号！ ;

2017-09-19 00:44:57 trace :
------------
String:
<xml><ToUserName><![CDATA[gh_3280735b50d8]]></ToUserName>
<FromUserName><![CDATA[oyWTK1OLxaQ2AXCAGGsm-gaVsF78]]></FromUserName>
<CreateTime>1505753097</CreateTime>
<MsgType><![CDATA[event]]></MsgType>
<Event><![CDATA[VIEW]]></Event>
<EventKey><![CDATA[http://www.gzqtbw.com/app/index.php?i=10&c=home&t=12]]></EventKey>
<MenuId>427588424</MenuId>
</xml>

2017-09-19 00:44:57 params :
------------
Array:
message : Array ;
module : basic ;
rule : 11 ;
priority : 0 ;
keyword : Array ;

2017-09-19 00:44:57 response :
------------
Array:
FromUserName : gh_3280735b50d8 ;
ToUserName : oyWTK1OLxaQ2AXCAGGsm-gaVsF78 ;
MsgType : text ;
Content : 欢迎关注黔满园荣贵微信公众号！ ;

2017-09-19 00:45:28 trace :
------------
String:
<xml><ToUserName><![CDATA[gh_3280735b50d8]]></ToUserName>
<FromUserName><![CDATA[oyWTK1OLxaQ2AXCAGGsm-gaVsF78]]></FromUserName>
<CreateTime>1505753127</CreateTime>
<MsgType><![CDATA[event]]></MsgType>
<Event><![CDATA[VIEW]]></Event>
<EventKey><![CDATA[http://www.gzqtbw.com/app/index.php?i=10&c=home&t=12]]></EventKey>
<MenuId>427588424</MenuId>
</xml>

2017-09-19 00:45:28 params :
------------
Array:
message : Array ;
module : basic ;
rule : 11 ;
priority : 0 ;
keyword : Array ;

2017-09-19 00:45:28 response :
------------
Array:
FromUserName : gh_3280735b50d8 ;
ToUserName : oyWTK1OLxaQ2AXCAGGsm-gaVsF78 ;
MsgType : text ;
Content : 欢迎关注黔满园荣贵微信公众号！ ;

2017-09-19 01:13:15 trace :
------------
String:
<xml><ToUserName><![CDATA[gh_3280735b50d8]]></ToUserName>
<FromUserName><![CDATA[oyWTK1OLxaQ2AXCAGGsm-gaVsF78]]></FromUserName>
<CreateTime>1505754794</CreateTime>
<MsgType><![CDATA[event]]></MsgType>
<Event><![CDATA[VIEW]]></Event>
<EventKey><![CDATA[http://www.gzqtbw.com/app/index.php?i=10&c=home&t=12]]></EventKey>
<MenuId>427588424</MenuId>
</xml>

2017-09-19 01:13:15 params :
------------
Array:
message : Array ;
module : basic ;
rule : 11 ;
priority : 0 ;
keyword : Array ;

2017-09-19 01:13:15 response :
------------
Array:
FromUserName : gh_3280735b50d8 ;
ToUserName : oyWTK1OLxaQ2AXCAGGsm-gaVsF78 ;
MsgType : text ;
Content : 欢迎关注黔满园荣贵微信公众号！ ;

2017-09-19 07:45:15 trace :
------------
String:
<xml><ToUserName><![CDATA[gh_9e16f2771397]]></ToUserName>
<FromUserName><![CDATA[oSSurvwgPT-WNDRrnVB15dFiwDRQ]]></FromUserName>
<CreateTime>1505778314</CreateTime>
<MsgType><![CDATA[event]]></MsgType>
<Event><![CDATA[LOCATION]]></Event>
<Latitude>26.578959</Latitude>
<Longitude>106.676468</Longitude>
<Precision>65.000000</Precision>
</xml>

2017-09-19 07:45:15 params :
------------
Array:
message : Array ;
module : default ;
rule : -1 ;

2017-09-19 07:45:15 response :
------------
Array:
errno : -1 ;
message : Invaild value ;

2017-09-19 07:45:18 trace :
------------
String:
<xml><ToUserName><![CDATA[gh_9e16f2771397]]></ToUserName>
<FromUserName><![CDATA[oSSurvwgPT-WNDRrnVB15dFiwDRQ]]></FromUserName>
<CreateTime>1505778318</CreateTime>
<MsgType><![CDATA[event]]></MsgType>
<Event><![CDATA[VIEW]]></Event>
<EventKey><![CDATA[http://www.gzqtbw.com/app/index.php?i=13&c=home&t=16]]></EventKey>
<MenuId>458685223</MenuId>
</xml>

2017-09-19 07:45:18 params :
------------
Array:
message : Array ;
module : basic ;
rule : 14 ;
priority : 0 ;
keyword : Array ;

2017-09-19 07:45:18 response :
------------
Array:
FromUserName : gh_9e16f2771397 ;
ToUserName : oSSurvwgPT-WNDRrnVB15dFiwDRQ ;
MsgType : text ;
Content : 欢迎关注黔中一品酒楼微信公众号！ ;

2017-09-19 09:16:22 trace :
------------
String:
<xml><ToUserName><![CDATA[gh_387f2586a480]]></ToUserName>
<FromUserName><![CDATA[oHlBev9QxhKSyqQJP_NRKoyxPdmk]]></FromUserName>
<CreateTime>1505783782</CreateTime>
<MsgType><![CDATA[event]]></MsgType>
<Event><![CDATA[VIEW]]></Event>
<EventKey><![CDATA[http://www.gzqtbw.com/app/index.php?i=12&c=mc&a=card&do=sign_display&]]></EventKey>
<MenuId>602413748</MenuId>
</xml>

2017-09-19 09:16:22 params :
------------
Array:
message : Array ;
module : basic ;
rule : 13 ;
priority : 0 ;
keyword : Array ;

2017-09-19 09:16:22 response :
------------
Array:
FromUserName : gh_387f2586a480 ;
ToUserName : oHlBev9QxhKSyqQJP_NRKoyxPdmk ;
MsgType : text ;
Content : 欢迎关注李记梧桐人家微信公众号！ ;

2017-09-19 09:16:23 trace :
------------
String:
<xml><ToUserName><![CDATA[gh_387f2586a480]]></ToUserName>
<FromUserName><![CDATA[oHlBev9QxhKSyqQJP_NRKoyxPdmk]]></FromUserName>
<CreateTime>1505783782</CreateTime>
<MsgType><![CDATA[event]]></MsgType>
<Event><![CDATA[VIEW]]></Event>
<EventKey><![CDATA[http://www.gzqtbw.com/app/index.php?i=12&c=home&t=15]]></EventKey>
<MenuId>602413748</MenuId>
</xml>

2017-09-19 09:16:23 params :
------------
Array:
message : Array ;
module : basic ;
rule : 13 ;
priority : 0 ;
keyword : Array ;

2017-09-19 09:16:23 response :
------------
Array:
FromUserName : gh_387f2586a480 ;
ToUserName : oHlBev9QxhKSyqQJP_NRKoyxPdmk ;
MsgType : text ;
Content : 欢迎关注李记梧桐人家微信公众号！ ;

2017-09-19 09:19:11 trace :
------------
String:
<xml><ToUserName><![CDATA[gh_3280735b50d8]]></ToUserName>
<FromUserName><![CDATA[oyWTK1OLxaQ2AXCAGGsm-gaVsF78]]></FromUserName>
<CreateTime>1505783951</CreateTime>
<MsgType><![CDATA[event]]></MsgType>
<Event><![CDATA[VIEW]]></Event>
<EventKey><![CDATA[http://www.gzqtbw.com/app/index.php?i=10&c=home&t=12]]></EventKey>
<MenuId>427588424</MenuId>
</xml>

2017-09-19 09:19:11 params :
------------
Array:
message : Array ;
module : basic ;
rule : 11 ;
priority : 0 ;
keyword : Array ;

2017-09-19 09:19:11 response :
------------
Array:
FromUserName : gh_3280735b50d8 ;
ToUserName : oyWTK1OLxaQ2AXCAGGsm-gaVsF78 ;
MsgType : text ;
Content : 欢迎关注黔满园荣贵微信公众号！ ;

2017-09-19 09:25:31 trace :
------------
String:
<xml><ToUserName><![CDATA[gh_be7e4da020bc]]></ToUserName>
<FromUserName><![CDATA[oPtQ2wJ0Gm5Hz82p8VI5NP8UxMQc]]></FromUserName>
<CreateTime>1505784330</CreateTime>
<MsgType><![CDATA[event]]></MsgType>
<Event><![CDATA[VIEW]]></Event>
<EventKey><![CDATA[http://www.gzqtbw.com/app/index.php?i=8&c=home&t=8]]></EventKey>
<MenuId>430931951</MenuId>
</xml>

2017-09-19 09:25:31 params :
------------
Array:
message : Array ;
module : basic ;
rule : 10 ;
priority : 0 ;
keyword : Array ;

2017-09-19 09:25:31 response :
------------
Array:
FromUserName : gh_be7e4da020bc ;
ToUserName : oPtQ2wJ0Gm5Hz82p8VI5NP8UxMQc ;
MsgType : text ;
Content : 欢迎关注美食广场微信公众号！ ;

2017-09-19 12:00:36 trace :
------------
String:
<xml><ToUserName><![CDATA[gh_be7e4da020bc]]></ToUserName>
<FromUserName><![CDATA[oPtQ2wHZs68RncwbO5JCk4KRW4vM]]></FromUserName>
<CreateTime>1505793636</CreateTime>
<MsgType><![CDATA[event]]></MsgType>
<Event><![CDATA[VIEW]]></Event>
<EventKey><![CDATA[http://www.gzqtbw.com/app/index.php?i=8&c=home&t=8]]></EventKey>
<MenuId>430931951</MenuId>
</xml>

2017-09-19 12:00:36 params :
------------
Array:
message : Array ;
module : basic ;
rule : 10 ;
priority : 0 ;
keyword : Array ;

2017-09-19 12:00:36 response :
------------
Array:
FromUserName : gh_be7e4da020bc ;
ToUserName : oPtQ2wHZs68RncwbO5JCk4KRW4vM ;
MsgType : text ;
Content : 欢迎关注美食广场微信公众号！ ;

2017-09-19 12:05:42 trace :
------------
String:
<xml><ToUserName><![CDATA[gh_be7e4da020bc]]></ToUserName>
<FromUserName><![CDATA[oPtQ2wNUUy8j0Wkunv2HKcT7sg88]]></FromUserName>
<CreateTime>1505793941</CreateTime>
<MsgType><![CDATA[event]]></MsgType>
<Event><![CDATA[VIEW]]></Event>
<EventKey><![CDATA[http://www.gzqtbw.com/app/index.php?i=8&c=home&t=8]]></EventKey>
<MenuId>430931951</MenuId>
</xml>

2017-09-19 12:05:42 params :
------------
Array:
message : Array ;
module : basic ;
rule : 10 ;
priority : 0 ;
keyword : Array ;

2017-09-19 12:05:42 response :
------------
Array:
FromUserName : gh_be7e4da020bc ;
ToUserName : oPtQ2wNUUy8j0Wkunv2HKcT7sg88 ;
MsgType : text ;
Content : 欢迎关注美食广场微信公众号！ ;

2017-09-19 12:09:55 trace :
------------
String:
<xml><ToUserName><![CDATA[gh_be7e4da020bc]]></ToUserName>
<FromUserName><![CDATA[oPtQ2wHZs68RncwbO5JCk4KRW4vM]]></FromUserName>
<CreateTime>1505794194</CreateTime>
<MsgType><![CDATA[event]]></MsgType>
<Event><![CDATA[VIEW]]></Event>
<EventKey><![CDATA[http://www.gzqtbw.com/app/index.php?i=8&c=home&t=8]]></EventKey>
<MenuId>430931951</MenuId>
</xml>

2017-09-19 12:09:55 params :
------------
Array:
message : Array ;
module : basic ;
rule : 10 ;
priority : 0 ;
keyword : Array ;

2017-09-19 12:09:55 response :
------------
Array:
FromUserName : gh_be7e4da020bc ;
ToUserName : oPtQ2wHZs68RncwbO5JCk4KRW4vM ;
MsgType : text ;
Content : 欢迎关注美食广场微信公众号！ ;

2017-09-19 12:13:35 trace :
------------
String:
<xml><ToUserName><![CDATA[gh_be7e4da020bc]]></ToUserName>
<FromUserName><![CDATA[oPtQ2wLcfmjEAx8FOWUPW91JCDyM]]></FromUserName>
<CreateTime>1505794414</CreateTime>
<MsgType><![CDATA[event]]></MsgType>
<Event><![CDATA[VIEW]]></Event>
<EventKey><![CDATA[http://www.gzqtbw.com/app/index.php?i=8&c=home&t=8]]></EventKey>
<MenuId>430931951</MenuId>
</xml>

2017-09-19 12:13:35 params :
------------
Array:
message : Array ;
module : basic ;
rule : 10 ;
priority : 0 ;
keyword : Array ;

2017-09-19 12:13:35 response :
------------
Array:
FromUserName : gh_be7e4da020bc ;
ToUserName : oPtQ2wLcfmjEAx8FOWUPW91JCDyM ;
MsgType : text ;
Content : 欢迎关注美食广场微信公众号！ ;

2017-09-19 12:18:45 trace :
------------
String:
<xml><ToUserName><![CDATA[gh_be7e4da020bc]]></ToUserName>
<FromUserName><![CDATA[oPtQ2wLcfmjEAx8FOWUPW91JCDyM]]></FromUserName>
<CreateTime>1505794724</CreateTime>
<MsgType><![CDATA[event]]></MsgType>
<Event><![CDATA[VIEW]]></Event>
<EventKey><![CDATA[http://www.gzqtbw.com/app/index.php?i=8&c=home&t=8]]></EventKey>
<MenuId>430931951</MenuId>
</xml>

2017-09-19 12:18:45 params :
------------
Array:
message : Array ;
module : basic ;
rule : 10 ;
priority : 0 ;
keyword : Array ;

2017-09-19 12:18:45 response :
------------
Array:
FromUserName : gh_be7e4da020bc ;
ToUserName : oPtQ2wLcfmjEAx8FOWUPW91JCDyM ;
MsgType : text ;
Content : 欢迎关注美食广场微信公众号！ ;

2017-09-19 12:19:13 trace :
------------
String:
<xml><ToUserName><![CDATA[gh_be7e4da020bc]]></ToUserName>
<FromUserName><![CDATA[oPtQ2wLcfmjEAx8FOWUPW91JCDyM]]></FromUserName>
<CreateTime>1505794752</CreateTime>
<MsgType><![CDATA[event]]></MsgType>
<Event><![CDATA[VIEW]]></Event>
<EventKey><![CDATA[http://www.gzqtbw.com/app/index.php?i=8&c=home&t=8]]></EventKey>
<MenuId>430931951</MenuId>
</xml>

2017-09-19 12:19:13 params :
------------
Array:
message : Array ;
module : basic ;
rule : 10 ;
priority : 0 ;
keyword : Array ;

2017-09-19 12:19:13 response :
------------
Array:
FromUserName : gh_be7e4da020bc ;
ToUserName : oPtQ2wLcfmjEAx8FOWUPW91JCDyM ;
MsgType : text ;
Content : 欢迎关注美食广场微信公众号！ ;

2017-09-19 13:02:05 trace :
------------
String:
<xml><ToUserName><![CDATA[gh_be7e4da020bc]]></ToUserName>
<FromUserName><![CDATA[oPtQ2wHHhrSCDU7WkgWWznqE6QCg]]></FromUserName>
<CreateTime>1505797325</CreateTime>
<MsgType><![CDATA[event]]></MsgType>
<Event><![CDATA[VIEW]]></Event>
<EventKey><![CDATA[http://www.gzqtbw.com/app/index.php?i=8&c=home&t=8]]></EventKey>
<MenuId>430931951</MenuId>
</xml>

2017-09-19 13:02:05 params :
------------
Array:
message : Array ;
module : basic ;
rule : 10 ;
priority : 0 ;
keyword : Array ;

2017-09-19 13:02:05 response :
------------
Array:
FromUserName : gh_be7e4da020bc ;
ToUserName : oPtQ2wHHhrSCDU7WkgWWznqE6QCg ;
MsgType : text ;
Content : 欢迎关注美食广场微信公众号！ ;

2017-09-19 13:03:15 trace :
------------
String:
<xml><ToUserName><![CDATA[gh_be7e4da020bc]]></ToUserName>
<FromUserName><![CDATA[oPtQ2wHHhrSCDU7WkgWWznqE6QCg]]></FromUserName>
<CreateTime>1505797394</CreateTime>
<MsgType><![CDATA[event]]></MsgType>
<Event><![CDATA[VIEW]]></Event>
<EventKey><![CDATA[http://www.gzqtbw.com/app/index.php?i=8&c=home&t=8]]></EventKey>
<MenuId>430931951</MenuId>
</xml>

2017-09-19 13:03:15 params :
------------
Array:
message : Array ;
module : basic ;
rule : 10 ;
priority : 0 ;
keyword : Array ;

2017-09-19 13:03:15 response :
------------
Array:
FromUserName : gh_be7e4da020bc ;
ToUserName : oPtQ2wHHhrSCDU7WkgWWznqE6QCg ;
MsgType : text ;
Content : 欢迎关注美食广场微信公众号！ ;

2017-09-19 13:04:12 trace :
------------
String:
<xml><ToUserName><![CDATA[gh_be7e4da020bc]]></ToUserName>
<FromUserName><![CDATA[oPtQ2wHHhrSCDU7WkgWWznqE6QCg]]></FromUserName>
<CreateTime>1505797452</CreateTime>
<MsgType><![CDATA[event]]></MsgType>
<Event><![CDATA[VIEW]]></Event>
<EventKey><![CDATA[http://www.gzqtbw.com/app/index.php?i=8&c=home&t=8]]></EventKey>
<MenuId>430931951</MenuId>
</xml>

2017-09-19 13:04:12 params :
------------
Array:
message : Array ;
module : basic ;
rule : 10 ;
priority : 0 ;
keyword : Array ;

2017-09-19 13:04:12 response :
------------
Array:
FromUserName : gh_be7e4da020bc ;
ToUserName : oPtQ2wHHhrSCDU7WkgWWznqE6QCg ;
MsgType : text ;
Content : 欢迎关注美食广场微信公众号！ ;

2017-09-19 14:28:31 trace :
------------
String:
<xml><ToUserName><![CDATA[gh_be7e4da020bc]]></ToUserName>
<FromUserName><![CDATA[oPtQ2wK2WU9vZtBJp9HxG8NSBsc8]]></FromUserName>
<CreateTime>1505802510</CreateTime>
<MsgType><![CDATA[event]]></MsgType>
<Event><![CDATA[VIEW]]></Event>
<EventKey><![CDATA[http://www.gzqtbw.com/app/index.php?i=8&c=home&t=8]]></EventKey>
<MenuId>430931951</MenuId>
</xml>

2017-09-19 14:28:31 params :
------------
Array:
message : Array ;
module : basic ;
rule : 10 ;
priority : 0 ;
keyword : Array ;

2017-09-19 14:28:31 response :
------------
Array:
FromUserName : gh_be7e4da020bc ;
ToUserName : oPtQ2wK2WU9vZtBJp9HxG8NSBsc8 ;
MsgType : text ;
Content : 欢迎关注美食广场微信公众号！ ;

2017-09-19 16:00:31 trace :
------------
String:
<xml><ToUserName><![CDATA[gh_9e16f2771397]]></ToUserName>
<FromUserName><![CDATA[oSSurv9h_Z7nN3j-uvYe-FIf8liA]]></FromUserName>
<CreateTime>1505808030</CreateTime>
<MsgType><![CDATA[event]]></MsgType>
<Event><![CDATA[MASSSENDJOBFINISH]]></Event>
<MsgID>1000000020</MsgID>
<Status><![CDATA[send success]]></Status>
<TotalCount>164</TotalCount>
<FilterCount>164</FilterCount>
<SentCount>164</SentCount>
<ErrorCount>0</ErrorCount>
<CopyrightCheckResult><Count>0</Count>
<ResultList></ResultList>
<CheckState>0</CheckState>
</CopyrightCheckResult>
</xml>

2017-09-19 16:00:31 params :
------------
Array:
message : Array ;
module : basic ;
rule : 14 ;
priority : 0 ;
keyword : Array ;

2017-09-19 16:00:31 response :
------------
Array:
FromUserName : gh_9e16f2771397 ;
ToUserName : oSSurv9h_Z7nN3j-uvYe-FIf8liA ;
MsgType : text ;
Content : 欢迎关注黔中一品酒楼微信公众号！ ;

2017-09-19 16:01:20 trace :
------------
String:
<xml><ToUserName><![CDATA[gh_9e16f2771397]]></ToUserName>
<FromUserName><![CDATA[oSSurvzQ0etGmFG0nzX1atjRnTEQ]]></FromUserName>
<CreateTime>1505808079</CreateTime>
<MsgType><![CDATA[event]]></MsgType>
<Event><![CDATA[LOCATION]]></Event>
<Latitude>26.593344</Latitude>
<Longitude>107.979836</Longitude>
<Precision>100.000000</Precision>
</xml>

2017-09-19 16:01:20 params :
------------
Array:
message : Array ;
module : default ;
rule : -1 ;

2017-09-19 16:01:20 response :
------------
Array:
errno : -1 ;
message : Invaild value ;

2017-09-19 16:01:33 trace :
------------
String:
<xml><ToUserName><![CDATA[gh_9e16f2771397]]></ToUserName>
<FromUserName><![CDATA[oSSurvwgPT-WNDRrnVB15dFiwDRQ]]></FromUserName>
<CreateTime>1505808092</CreateTime>
<MsgType><![CDATA[event]]></MsgType>
<Event><![CDATA[LOCATION]]></Event>
<Latitude>26.583717</Latitude>
<Longitude>106.666122</Longitude>
<Precision>30.000000</Precision>
</xml>

2017-09-19 16:01:33 params :
------------
Array:
message : Array ;
module : default ;
rule : -1 ;

2017-09-19 16:01:33 response :
------------
Array:
errno : -1 ;
message : Invaild value ;

2017-09-19 16:01:38 trace :
------------
String:
<xml><ToUserName><![CDATA[gh_9e16f2771397]]></ToUserName>
<FromUserName><![CDATA[oSSurv6s605Q5v5SpAIsIf7xjjso]]></FromUserName>
<CreateTime>1505808098</CreateTime>
<MsgType><![CDATA[event]]></MsgType>
<Event><![CDATA[LOCATION]]></Event>
<Latitude>26.583538</Latitude>
<Longitude>106.680992</Longitude>
<Precision>270.000000</Precision>
</xml>

2017-09-19 16:01:38 params :
------------
Array:
message : Array ;
module : default ;
rule : -1 ;

2017-09-19 16:01:38 response :
------------
Array:
errno : -1 ;
message : Invaild value ;

2017-09-19 16:02:53 trace :
------------
String:
<xml><ToUserName><![CDATA[gh_9e16f2771397]]></ToUserName>
<FromUserName><![CDATA[oSSurv1MKJMzmbgQd3KXQx1TY7uc]]></FromUserName>
<CreateTime>1505808172</CreateTime>
<MsgType><![CDATA[event]]></MsgType>
<Event><![CDATA[unsubscribe]]></Event>
<EventKey><![CDATA[]]></EventKey>
</xml>

2017-09-19 16:03:06 trace :
------------
String:
<xml><ToUserName><![CDATA[gh_9e16f2771397]]></ToUserName>
<FromUserName><![CDATA[oSSurv2jbd91XMlnMq1XZHwnt8og]]></FromUserName>
<CreateTime>1505808185</CreateTime>
<MsgType><![CDATA[event]]></MsgType>
<Event><![CDATA[unsubscribe]]></Event>
<EventKey><![CDATA[]]></EventKey>
</xml>

2017-09-19 16:05:34 trace :
------------
String:
<xml><ToUserName><![CDATA[gh_9e16f2771397]]></ToUserName>
<FromUserName><![CDATA[oSSurv5p8qJLZukwqep40zvcGJCA]]></FromUserName>
<CreateTime>1505808334</CreateTime>
<MsgType><![CDATA[event]]></MsgType>
<Event><![CDATA[LOCATION]]></Event>
<Latitude>26.585087</Latitude>
<Longitude>106.676605</Longitude>
<Precision>30.000000</Precision>
</xml>

2017-09-19 16:05:34 params :
------------
Array:
message : Array ;
module : default ;
rule : -1 ;

2017-09-19 16:05:34 response :
------------
Array:
errno : -1 ;
message : Invaild value ;

2017-09-19 16:06:08 trace :
------------
String:
<xml><ToUserName><![CDATA[gh_9e16f2771397]]></ToUserName>
<FromUserName><![CDATA[oSSurv-TEXuLWGW1kJFwedwoG5Uw]]></FromUserName>
<CreateTime>1505808367</CreateTime>
<MsgType><![CDATA[event]]></MsgType>
<Event><![CDATA[LOCATION]]></Event>
<Latitude>26.593027</Latitude>
<Longitude>106.705803</Longitude>
<Precision>520.000000</Precision>
</xml>

2017-09-19 16:06:08 params :
------------
Array:
message : Array ;
module : default ;
rule : -1 ;

2017-09-19 16:06:08 response :
------------
Array:
errno : -1 ;
message : Invaild value ;

2017-09-19 16:06:43 trace :
------------
String:
<xml><ToUserName><![CDATA[gh_9e16f2771397]]></ToUserName>
<FromUserName><![CDATA[oSSurv1yD5BC5uKBrAzxE-atgZt8]]></FromUserName>
<CreateTime>1505808403</CreateTime>
<MsgType><![CDATA[event]]></MsgType>
<Event><![CDATA[LOCATION]]></Event>
<Latitude>26.676113</Latitude>
<Longitude>106.625053</Longitude>
<Precision>65.000000</Precision>
</xml>

2017-09-19 16:06:43 params :
------------
Array:
message : Array ;
module : default ;
rule : -1 ;

2017-09-19 16:06:43 response :
------------
Array:
errno : -1 ;
message : Invaild value ;

2017-09-19 16:07:45 trace :
------------
String:
<xml><ToUserName><![CDATA[gh_9e16f2771397]]></ToUserName>
<FromUserName><![CDATA[oSSurv60pD1c0OUL6VK5xQLVRpFU]]></FromUserName>
<CreateTime>1505808464</CreateTime>
<MsgType><![CDATA[event]]></MsgType>
<Event><![CDATA[LOCATION]]></Event>
<Latitude>26.572924</Latitude>
<Longitude>106.694138</Longitude>
<Precision>30.000000</Precision>
</xml>

2017-09-19 16:07:45 params :
------------
Array:
message : Array ;
module : default ;
rule : -1 ;

2017-09-19 16:07:45 response :
------------
Array:
errno : -1 ;
message : Invaild value ;

2017-09-19 16:07:45 trace :
------------
String:
<xml><ToUserName><![CDATA[gh_9e16f2771397]]></ToUserName>
<FromUserName><![CDATA[oSSurvwsXDDAIG--SspLgzU_wgcU]]></FromUserName>
<CreateTime>1505808464</CreateTime>
<MsgType><![CDATA[event]]></MsgType>
<Event><![CDATA[LOCATION]]></Event>
<Latitude>26.563540</Latitude>
<Longitude>106.679314</Longitude>
<Precision>65.000000</Precision>
</xml>

2017-09-19 16:07:45 params :
------------
Array:
message : Array ;
module : default ;
rule : -1 ;

2017-09-19 16:07:45 response :
------------
Array:
errno : -1 ;
message : Invaild value ;

2017-09-19 16:07:47 trace :
------------
String:
<xml><ToUserName><![CDATA[gh_9e16f2771397]]></ToUserName>
<FromUserName><![CDATA[oSSurv60pD1c0OUL6VK5xQLVRpFU]]></FromUserName>
<CreateTime>1505808467</CreateTime>
<MsgType><![CDATA[event]]></MsgType>
<Event><![CDATA[VIEW]]></Event>
<EventKey><![CDATA[http://www.gzqtbw.com/app/index.php?i=13&c=home&t=16]]></EventKey>
<MenuId>458685223</MenuId>
</xml>

2017-09-19 16:07:47 params :
------------
Array:
message : Array ;
module : basic ;
rule : 14 ;
priority : 0 ;
keyword : Array ;

2017-09-19 16:07:47 response :
------------
Array:
FromUserName : gh_9e16f2771397 ;
ToUserName : oSSurv60pD1c0OUL6VK5xQLVRpFU ;
MsgType : text ;
Content : 欢迎关注黔中一品酒楼微信公众号！ ;

2017-09-19 16:08:26 trace :
------------
String:
<xml><ToUserName><![CDATA[gh_9e16f2771397]]></ToUserName>
<FromUserName><![CDATA[oSSurv60pD1c0OUL6VK5xQLVRpFU]]></FromUserName>
<CreateTime>1505808505</CreateTime>
<MsgType><![CDATA[event]]></MsgType>
<Event><![CDATA[LOCATION]]></Event>
<Latitude>26.572924</Latitude>
<Longitude>106.694138</Longitude>
<Precision>30.000000</Precision>
</xml>

2017-09-19 16:08:26 params :
------------
Array:
message : Array ;
module : default ;
rule : -1 ;

2017-09-19 16:08:26 response :
------------
Array:
errno : -1 ;
message : Invaild value ;

2017-09-19 16:10:40 trace :
------------
String:
<xml><ToUserName><![CDATA[gh_9e16f2771397]]></ToUserName>
<FromUserName><![CDATA[oSSurvx_zeF3CCQI6LOC1-g1mE2Y]]></FromUserName>
<CreateTime>1505808640</CreateTime>
<MsgType><![CDATA[event]]></MsgType>
<Event><![CDATA[LOCATION]]></Event>
<Latitude>26.643387</Latitude>
<Longitude>106.644547</Longitude>
<Precision>30.000000</Precision>
</xml>

2017-09-19 16:10:40 params :
------------
Array:
message : Array ;
module : default ;
rule : -1 ;

2017-09-19 16:10:40 response :
------------
Array:
errno : -1 ;
message : Invaild value ;

2017-09-19 16:10:53 trace :
------------
String:
<xml><ToUserName><![CDATA[gh_9e16f2771397]]></ToUserName>
<FromUserName><![CDATA[oSSurv7HfrQcbAD0NEt7hXlkYkGE]]></FromUserName>
<CreateTime>1505808653</CreateTime>
<MsgType><![CDATA[event]]></MsgType>
<Event><![CDATA[VIEW]]></Event>
<EventKey><![CDATA[http://www.gzqtbw.com/app/index.php?i=13&c=home&t=16]]></EventKey>
<MenuId>458685223</MenuId>
</xml>

2017-09-19 16:10:53 params :
------------
Array:
message : Array ;
module : basic ;
rule : 14 ;
priority : 0 ;
keyword : Array ;

2017-09-19 16:10:53 response :
------------
Array:
FromUserName : gh_9e16f2771397 ;
ToUserName : oSSurv7HfrQcbAD0NEt7hXlkYkGE ;
MsgType : text ;
Content : 欢迎关注黔中一品酒楼微信公众号！ ;

2017-09-19 16:16:45 trace :
------------
String:
<xml><ToUserName><![CDATA[gh_9e16f2771397]]></ToUserName>
<FromUserName><![CDATA[oSSurv0xvu0zZsv7t5MPJA_n5Ol0]]></FromUserName>
<CreateTime>1505809004</CreateTime>
<MsgType><![CDATA[event]]></MsgType>
<Event><![CDATA[LOCATION]]></Event>
<Latitude>26.644268</Latitude>
<Longitude>106.620583</Longitude>
<Precision>30.000000</Precision>
</xml>

2017-09-19 16:16:45 params :
------------
Array:
message : Array ;
module : default ;
rule : -1 ;

2017-09-19 16:16:45 response :
------------
Array:
errno : -1 ;
message : Invaild value ;

2017-09-19 16:16:50 trace :
------------
String:
<xml><ToUserName><![CDATA[gh_9e16f2771397]]></ToUserName>
<FromUserName><![CDATA[oSSurv0xvu0zZsv7t5MPJA_n5Ol0]]></FromUserName>
<CreateTime>1505809010</CreateTime>
<MsgType><![CDATA[event]]></MsgType>
<Event><![CDATA[VIEW]]></Event>
<EventKey><![CDATA[http://www.gzqtbw.com/app/index.php?i=22&c=entry&eid=526]]></EventKey>
<MenuId>455703907</MenuId>
</xml>

2017-09-19 16:16:50 params :
------------
Array:
message : Array ;
module : basic ;
rule : 14 ;
priority : 0 ;
keyword : Array ;

2017-09-19 16:16:50 response :
------------
Array:
FromUserName : gh_9e16f2771397 ;
ToUserName : oSSurv0xvu0zZsv7t5MPJA_n5Ol0 ;
MsgType : text ;
Content : 欢迎关注黔中一品酒楼微信公众号！ ;

2017-09-19 16:17:01 trace :
------------
String:
<xml><ToUserName><![CDATA[gh_9e16f2771397]]></ToUserName>
<FromUserName><![CDATA[oSSurv0xvu0zZsv7t5MPJA_n5Ol0]]></FromUserName>
<CreateTime>1505809021</CreateTime>
<MsgType><![CDATA[event]]></MsgType>
<Event><![CDATA[LOCATION]]></Event>
<Latitude>26.644270</Latitude>
<Longitude>106.620583</Longitude>
<Precision>30.000000</Precision>
</xml>

2017-09-19 16:17:01 params :
------------
Array:
message : Array ;
module : default ;
rule : -1 ;

2017-09-19 16:17:01 response :
------------
Array:
errno : -1 ;
message : Invaild value ;

2017-09-19 16:17:08 trace :
------------
String:
<xml><ToUserName><![CDATA[gh_9e16f2771397]]></ToUserName>
<FromUserName><![CDATA[oSSurv0xvu0zZsv7t5MPJA_n5Ol0]]></FromUserName>
<CreateTime>1505809028</CreateTime>
<MsgType><![CDATA[event]]></MsgType>
<Event><![CDATA[unsubscribe]]></Event>
<EventKey><![CDATA[]]></EventKey>
</xml>

2017-09-19 16:18:28 trace :
------------
String:
<xml><ToUserName><![CDATA[gh_9e16f2771397]]></ToUserName>
<FromUserName><![CDATA[oSSurv9hjP26iwOshkgHX3GXyHZQ]]></FromUserName>
<CreateTime>1505809107</CreateTime>
<MsgType><![CDATA[event]]></MsgType>
<Event><![CDATA[LOCATION]]></Event>
<Latitude>26.551971</Latitude>
<Longitude>106.699158</Longitude>
<Precision>30.000000</Precision>
</xml>

2017-09-19 16:18:28 params :
------------
Array:
message : Array ;
module : default ;
rule : -1 ;

2017-09-19 16:18:28 response :
------------
Array:
errno : -1 ;
message : Invaild value ;

2017-09-19 16:20:03 trace :
------------
String:
<xml><ToUserName><![CDATA[gh_9e16f2771397]]></ToUserName>
<FromUserName><![CDATA[oSSurv91jSPCuLg-FfIL96cRJQzk]]></FromUserName>
<CreateTime>1505809202</CreateTime>
<MsgType><![CDATA[event]]></MsgType>
<Event><![CDATA[LOCATION]]></Event>
<Latitude>26.584566</Latitude>
<Longitude>106.677200</Longitude>
<Precision>30.000000</Precision>
</xml>

2017-09-19 16:20:03 params :
------------
Array:
message : Array ;
module : default ;
rule : -1 ;

2017-09-19 16:20:03 response :
------------
Array:
errno : -1 ;
message : Invaild value ;

2017-09-19 16:21:38 trace :
------------
String:
<xml><ToUserName><![CDATA[gh_9e16f2771397]]></ToUserName>
<FromUserName><![CDATA[oSSurv9SoiO-K_V_Ou-eVLwOt61M]]></FromUserName>
<CreateTime>1505809297</CreateTime>
<MsgType><![CDATA[event]]></MsgType>
<Event><![CDATA[LOCATION]]></Event>
<Latitude>26.586193</Latitude>
<Longitude>106.676651</Longitude>
<Precision>30.000000</Precision>
</xml>

2017-09-19 16:21:38 params :
------------
Array:
message : Array ;
module : default ;
rule : -1 ;

2017-09-19 16:21:38 response :
------------
Array:
errno : -1 ;
message : Invaild value ;

2017-09-19 16:22:03 trace :
------------
String:
<xml><ToUserName><![CDATA[gh_9e16f2771397]]></ToUserName>
<FromUserName><![CDATA[oSSurv20ZbRTZZn3TLU5lbQIwQ3U]]></FromUserName>
<CreateTime>1505809322</CreateTime>
<MsgType><![CDATA[event]]></MsgType>
<Event><![CDATA[LOCATION]]></Event>
<Latitude>26.586767</Latitude>
<Longitude>106.704994</Longitude>
<Precision>30.000000</Precision>
</xml>

2017-09-19 16:22:03 params :
------------
Array:
message : Array ;
module : default ;
rule : -1 ;

2017-09-19 16:22:03 response :
------------
Array:
errno : -1 ;
message : Invaild value ;

2017-09-19 16:33:13 trace :
------------
String:
<xml><ToUserName><![CDATA[gh_9e16f2771397]]></ToUserName>
<FromUserName><![CDATA[oSSurv9qhn4kV1nFN_3PkCGf5XmM]]></FromUserName>
<CreateTime>1505809993</CreateTime>
<MsgType><![CDATA[event]]></MsgType>
<Event><![CDATA[LOCATION]]></Event>
<Latitude>26.632750</Latitude>
<Longitude>106.617599</Longitude>
<Precision>30.000000</Precision>
</xml>

2017-09-19 16:33:13 params :
------------
Array:
message : Array ;
module : default ;
rule : -1 ;

2017-09-19 16:33:13 response :
------------
Array:
errno : -1 ;
message : Invaild value ;

2017-09-19 16:40:15 trace :
------------
String:
<xml><ToUserName><![CDATA[gh_be7e4da020bc]]></ToUserName>
<FromUserName><![CDATA[oPtQ2wOjS8mXoqM7g0I8tr_soD8c]]></FromUserName>
<CreateTime>1505810414</CreateTime>
<MsgType><![CDATA[event]]></MsgType>
<Event><![CDATA[unsubscribe]]></Event>
<EventKey><![CDATA[]]></EventKey>
</xml>

2017-09-19 16:52:57 trace :
------------
String:
<xml><ToUserName><![CDATA[gh_9e16f2771397]]></ToUserName>
<FromUserName><![CDATA[oSSurv7nCC90JGS-JNbL7nkKbhBE]]></FromUserName>
<CreateTime>1505811176</CreateTime>
<MsgType><![CDATA[event]]></MsgType>
<Event><![CDATA[LOCATION]]></Event>
<Latitude>26.584845</Latitude>
<Longitude>106.677063</Longitude>
<Precision>30.000000</Precision>
</xml>

2017-09-19 16:52:57 params :
------------
Array:
message : Array ;
module : default ;
rule : -1 ;

2017-09-19 16:52:57 response :
------------
Array:
errno : -1 ;
message : Invaild value ;

2017-09-19 16:54:42 trace :
------------
String:
<xml><ToUserName><![CDATA[gh_9e16f2771397]]></ToUserName>
<FromUserName><![CDATA[oSSurv2Avf4jMxGyFz1c_hJy5w6w]]></FromUserName>
<CreateTime>1505811281</CreateTime>
<MsgType><![CDATA[event]]></MsgType>
<Event><![CDATA[LOCATION]]></Event>
<Latitude>26.565657</Latitude>
<Longitude>106.682343</Longitude>
<Precision>65.000000</Precision>
</xml>

2017-09-19 16:54:42 params :
------------
Array:
message : Array ;
module : default ;
rule : -1 ;

2017-09-19 16:54:42 response :
------------
Array:
errno : -1 ;
message : Invaild value ;

2017-09-19 16:59:25 trace :
------------
String:
<xml><ToUserName><![CDATA[gh_9e16f2771397]]></ToUserName>
<FromUserName><![CDATA[oSSurv9CS3nHuCvhqy9G5hmSHbXY]]></FromUserName>
<CreateTime>1505811564</CreateTime>
<MsgType><![CDATA[event]]></MsgType>
<Event><![CDATA[LOCATION]]></Event>
<Latitude>26.594259</Latitude>
<Longitude>106.707504</Longitude>
<Precision>30.000000</Precision>
</xml>

2017-09-19 16:59:25 params :
------------
Array:
message : Array ;
module : default ;
rule : -1 ;

2017-09-19 16:59:25 response :
------------
Array:
errno : -1 ;
message : Invaild value ;

2017-09-19 17:08:13 trace :
------------
String:
<xml><ToUserName><![CDATA[gh_9e16f2771397]]></ToUserName>
<FromUserName><![CDATA[oSSurv10WSvve_9zyJvLn0ipMCeU]]></FromUserName>
<CreateTime>1505812092</CreateTime>
<MsgType><![CDATA[event]]></MsgType>
<Event><![CDATA[LOCATION]]></Event>
<Latitude>26.618954</Latitude>
<Longitude>106.646011</Longitude>
<Precision>65.000000</Precision>
</xml>

2017-09-19 17:08:13 params :
------------
Array:
message : Array ;
module : default ;
rule : -1 ;

2017-09-19 17:08:13 response :
------------
Array:
errno : -1 ;
message : Invaild value ;

2017-09-19 17:10:50 trace :
------------
String:
<xml><ToUserName><![CDATA[gh_9e16f2771397]]></ToUserName>
<FromUserName><![CDATA[oSSurv3Z4CihLxRlHyu3G3vhLlaU]]></FromUserName>
<CreateTime>1505812249</CreateTime>
<MsgType><![CDATA[event]]></MsgType>
<Event><![CDATA[LOCATION]]></Event>
<Latitude>26.545395</Latitude>
<Longitude>106.792740</Longitude>
<Precision>440.000000</Precision>
</xml>

2017-09-19 17:10:50 params :
------------
Array:
message : Array ;
module : default ;
rule : -1 ;

2017-09-19 17:10:50 response :
------------
Array:
errno : -1 ;
message : Invaild value ;

2017-09-19 17:53:11 trace :
------------
String:
<xml><ToUserName><![CDATA[gh_9e16f2771397]]></ToUserName>
<FromUserName><![CDATA[oSSurvxFlGdx_bZv9SmUX410ZyyU]]></FromUserName>
<CreateTime>1505814784</CreateTime>
<MsgType><![CDATA[event]]></MsgType>
<Event><![CDATA[LOCATION]]></Event>
<Latitude>26.589304</Latitude>
<Longitude>106.692337</Longitude>
<Precision>30.000000</Precision>
</xml>

2017-09-19 17:53:11 params :
------------
Array:
message : Array ;
module : default ;
rule : -1 ;

2017-09-19 17:53:11 response :
------------
Array:
errno : -1 ;
message : Invaild value ;

2017-09-19 17:53:14 trace :
------------
String:
<xml><ToUserName><![CDATA[gh_9e16f2771397]]></ToUserName>
<FromUserName><![CDATA[oSSurvxFlGdx_bZv9SmUX410ZyyU]]></FromUserName>
<CreateTime>1505814784</CreateTime>
<MsgType><![CDATA[event]]></MsgType>
<Event><![CDATA[LOCATION]]></Event>
<Latitude>26.589304</Latitude>
<Longitude>106.692337</Longitude>
<Precision>30.000000</Precision>
</xml>

2017-09-19 17:53:14 params :
------------
Array:
message : Array ;
module : default ;
rule : -1 ;

2017-09-19 17:53:14 response :
------------
Array:
errno : -1 ;
message : Invaild value ;

2017-09-19 18:32:54 trace :
------------
String:
<xml><ToUserName><![CDATA[gh_9e16f2771397]]></ToUserName>
<FromUserName><![CDATA[oSSurv4zAiWUUK4YrMV3WBPLudEM]]></FromUserName>
<CreateTime>1505817174</CreateTime>
<MsgType><![CDATA[event]]></MsgType>
<Event><![CDATA[LOCATION]]></Event>
<Latitude>26.632006</Latitude>
<Longitude>106.619469</Longitude>
<Precision>65.000000</Precision>
</xml>

2017-09-19 18:32:54 params :
------------
Array:
message : Array ;
module : default ;
rule : -1 ;

2017-09-19 18:32:54 response :
------------
Array:
errno : -1 ;
message : Invaild value ;

2017-09-19 18:46:47 trace :
------------
String:
<xml><ToUserName><![CDATA[gh_3280735b50d8]]></ToUserName>
<FromUserName><![CDATA[oyWTK1LMATMeWIrSzmt9DtR7OehU]]></FromUserName>
<CreateTime>1505818007</CreateTime>
<MsgType><![CDATA[event]]></MsgType>
<Event><![CDATA[subscribe]]></Event>
<EventKey><![CDATA[]]></EventKey>
</xml>

2017-09-19 18:46:47 params :
------------
Array:
message : Array ;
module : basic ;
rule : 11 ;
priority : 0 ;
keyword : Array ;

2017-09-19 18:46:47 response :
------------
Array:
FromUserName : gh_3280735b50d8 ;
ToUserName : oyWTK1LMATMeWIrSzmt9DtR7OehU ;
MsgType : text ;
Content : 欢迎关注黔满园荣贵微信公众号！ ;

2017-09-19 19:01:16 trace :
------------
String:
<xml><ToUserName><![CDATA[gh_9e16f2771397]]></ToUserName>
<FromUserName><![CDATA[oSSurvzL-2TosTQZ-IG2GhfufSEs]]></FromUserName>
<CreateTime>1505818876</CreateTime>
<MsgType><![CDATA[event]]></MsgType>
<Event><![CDATA[LOCATION]]></Event>
<Latitude>27.725838</Latitude>
<Longitude>106.918861</Longitude>
<Precision>90.000000</Precision>
</xml>

2017-09-19 19:01:17 params :
------------
Array:
message : Array ;
module : default ;
rule : -1 ;

2017-09-19 19:01:17 response :
------------
Array:
errno : -1 ;
message : Invaild value ;

2017-09-19 19:02:45 trace :
------------
String:
<xml><ToUserName><![CDATA[gh_9e16f2771397]]></ToUserName>
<FromUserName><![CDATA[oSSurv5p8qJLZukwqep40zvcGJCA]]></FromUserName>
<CreateTime>1505818964</CreateTime>
<MsgType><![CDATA[event]]></MsgType>
<Event><![CDATA[LOCATION]]></Event>
<Latitude>26.584417</Latitude>
<Longitude>106.675575</Longitude>
<Precision>30.000000</Precision>
</xml>

2017-09-19 19:02:45 params :
------------
Array:
message : Array ;
module : default ;
rule : -1 ;

2017-09-19 19:02:45 response :
------------
Array:
errno : -1 ;
message : Invaild value ;

2017-09-19 20:15:40 trace :
------------
String:
<xml><ToUserName><![CDATA[gh_9e16f2771397]]></ToUserName>
<FromUserName><![CDATA[oSSurv8Wyn1f9Rqdym4EzxAmhtf4]]></FromUserName>
<CreateTime>1505823339</CreateTime>
<MsgType><![CDATA[event]]></MsgType>
<Event><![CDATA[unsubscribe]]></Event>
<EventKey><![CDATA[]]></EventKey>
</xml>

2017-09-19 22:51:14 trace :
------------
String:
<xml><ToUserName><![CDATA[gh_9e16f2771397]]></ToUserName>
<FromUserName><![CDATA[oSSurvypw3MdmJmJG85PU9wlTCrI]]></FromUserName>
<CreateTime>1505832674</CreateTime>
<MsgType><![CDATA[event]]></MsgType>
<Event><![CDATA[LOCATION]]></Event>
<Latitude>26.654043</Latitude>
<Longitude>106.597931</Longitude>
<Precision>30.000000</Precision>
</xml>

2017-09-19 22:51:15 params :
------------
Array:
message : Array ;
module : default ;
rule : -1 ;

2017-09-19 22:51:15 response :
------------
Array:
errno : -1 ;
message : Invaild value ;

2017-09-19 23:44:45 trace :
------------
String:
<xml><ToUserName><![CDATA[gh_9e16f2771397]]></ToUserName>
<FromUserName><![CDATA[oSSurv4Ds-0y5e71J2LjVHogql1o]]></FromUserName>
<CreateTime>1505835885</CreateTime>
<MsgType><![CDATA[event]]></MsgType>
<Event><![CDATA[LOCATION]]></Event>
<Latitude>26.504868</Latitude>
<Longitude>106.688881</Longitude>
<Precision>30.000000</Precision>
</xml>

2017-09-19 23:44:45 params :
------------
Array:
message : Array ;
module : default ;
rule : -1 ;

2017-09-19 23:44:45 response :
------------
Array:
errno : -1 ;
message : Invaild value ;

2017-09-19 23:44:46 trace :
------------
String:
<xml><ToUserName><![CDATA[gh_9e16f2771397]]></ToUserName>
<FromUserName><![CDATA[oSSurv4Ds-0y5e71J2LjVHogql1o]]></FromUserName>
<CreateTime>1505835885</CreateTime>
<MsgType><![CDATA[event]]></MsgType>
<Event><![CDATA[CLICK]]></Event>
<EventKey><![CDATA[.]]></EventKey>
</xml>

2017-09-19 23:44:46 params :
------------
Array:
message : Array ;
module : basic ;
rule : 14 ;
priority : 0 ;
keyword : Array ;

2017-09-19 23:44:46 response :
------------
Array:
FromUserName : gh_9e16f2771397 ;
ToUserName : oSSurv4Ds-0y5e71J2LjVHogql1o ;
MsgType : text ;
Content : 欢迎关注黔中一品酒楼微信公众号！ ;

2017-09-19 23:45:01 trace :
------------
String:
<xml><ToUserName><![CDATA[gh_9e16f2771397]]></ToUserName>
<FromUserName><![CDATA[oSSurv4Ds-0y5e71J2LjVHogql1o]]></FromUserName>
<CreateTime>1505835900</CreateTime>
<MsgType><![CDATA[event]]></MsgType>
<Event><![CDATA[VIEW]]></Event>
<EventKey><![CDATA[http://www.gzqtbw.com/app/index.php?i=13&c=entry&eid=526]]></EventKey>
<MenuId>458619107</MenuId>
</xml>

2017-09-19 23:45:01 params :
------------
Array:
message : Array ;
module : basic ;
rule : 14 ;
priority : 0 ;
keyword : Array ;

2017-09-19 23:45:01 response :
------------
Array:
FromUserName : gh_9e16f2771397 ;
ToUserName : oSSurv4Ds-0y5e71J2LjVHogql1o ;
MsgType : text ;
Content : 欢迎关注黔中一品酒楼微信公众号！ ;

2017-09-19 23:45:18 trace :
------------
String:
<xml><ToUserName><![CDATA[gh_9e16f2771397]]></ToUserName>
<FromUserName><![CDATA[oSSurv4Ds-0y5e71J2LjVHogql1o]]></FromUserName>
<CreateTime>1505835917</CreateTime>
<MsgType><![CDATA[event]]></MsgType>
<Event><![CDATA[LOCATION]]></Event>
<Latitude>26.504868</Latitude>
<Longitude>106.688881</Longitude>
<Precision>30.000000</Precision>
</xml>

2017-09-19 23:45:18 params :
------------
Array:
message : Array ;
module : default ;
rule : -1 ;

2017-09-19 23:45:18 response :
------------
Array:
errno : -1 ;
message : Invaild value ;

2017-09-19 23:45:25 trace :
------------
String:
<xml><ToUserName><![CDATA[gh_9e16f2771397]]></ToUserName>
<FromUserName><![CDATA[oSSurv4Ds-0y5e71J2LjVHogql1o]]></FromUserName>
<CreateTime>1505835924</CreateTime>
<MsgType><![CDATA[event]]></MsgType>
<Event><![CDATA[CLICK]]></Event>
<EventKey><![CDATA[.]]></EventKey>
</xml>

2017-09-19 23:45:25 params :
------------
Array:
message : Array ;
module : basic ;
rule : 14 ;
priority : 0 ;
keyword : Array ;

2017-09-19 23:45:25 response :
------------
Array:
FromUserName : gh_9e16f2771397 ;
ToUserName : oSSurv4Ds-0y5e71J2LjVHogql1o ;
MsgType : text ;
Content : 欢迎关注黔中一品酒楼微信公众号！ ;

2017-09-19 23:46:12 trace :
------------
String:
<xml><ToUserName><![CDATA[gh_9e16f2771397]]></ToUserName>
<FromUserName><![CDATA[oSSurv4Ds-0y5e71J2LjVHogql1o]]></FromUserName>
<CreateTime>1505835971</CreateTime>
<MsgType><![CDATA[event]]></MsgType>
<Event><![CDATA[CLICK]]></Event>
<EventKey><![CDATA[.]]></EventKey>
</xml>

2017-09-19 23:46:12 params :
------------
Array:
message : Array ;
module : basic ;
rule : 14 ;
priority : 0 ;
keyword : Array ;

2017-09-19 23:46:12 response :
------------
Array:
FromUserName : gh_9e16f2771397 ;
ToUserName : oSSurv4Ds-0y5e71J2LjVHogql1o ;
MsgType : text ;
Content : 欢迎关注黔中一品酒楼微信公众号！ ;

2017-09-19 23:46:16 trace :
------------
String:
<xml><ToUserName><![CDATA[gh_9e16f2771397]]></ToUserName>
<FromUserName><![CDATA[oSSurv4Ds-0y5e71J2LjVHogql1o]]></FromUserName>
<CreateTime>1505835976</CreateTime>
<MsgType><![CDATA[event]]></MsgType>
<Event><![CDATA[LOCATION]]></Event>
<Latitude>26.504868</Latitude>
<Longitude>106.688881</Longitude>
<Precision>30.000000</Precision>
</xml>

2017-09-19 23:46:16 params :
------------
Array:
message : Array ;
module : default ;
rule : -1 ;

2017-09-19 23:46:16 response :
------------
Array:
errno : -1 ;
message : Invaild value ;

2017-09-19 23:46:25 trace :
------------
String:
<xml><ToUserName><![CDATA[gh_9e16f2771397]]></ToUserName>
<FromUserName><![CDATA[oSSurv4Ds-0y5e71J2LjVHogql1o]]></FromUserName>
<CreateTime>1505835984</CreateTime>
<MsgType><![CDATA[event]]></MsgType>
<Event><![CDATA[VIEW]]></Event>
<EventKey><![CDATA[http://www.gzqtbw.com/app/index.php?i=13&c=mc&a=card&do=sign_display&]]></EventKey>
<MenuId>458619107</MenuId>
</xml>

2017-09-19 23:46:25 params :
------------
Array:
message : Array ;
module : basic ;
rule : 14 ;
priority : 0 ;
keyword : Array ;

2017-09-19 23:46:25 response :
------------
Array:
FromUserName : gh_9e16f2771397 ;
ToUserName : oSSurv4Ds-0y5e71J2LjVHogql1o ;
MsgType : text ;
Content : 欢迎关注黔中一品酒楼微信公众号！ ;

2017-09-19 23:46:57 trace :
------------
String:
<xml><ToUserName><![CDATA[gh_9e16f2771397]]></ToUserName>
<FromUserName><![CDATA[oSSurv4Ds-0y5e71J2LjVHogql1o]]></FromUserName>
<CreateTime>1505836016</CreateTime>
<MsgType><![CDATA[event]]></MsgType>
<Event><![CDATA[LOCATION]]></Event>
<Latitude>26.504868</Latitude>
<Longitude>106.688881</Longitude>
<Precision>30.000000</Precision>
</xml>

2017-09-19 23:46:57 params :
------------
Array:
message : Array ;
module : default ;
rule : -1 ;

2017-09-19 23:46:57 response :
------------
Array:
errno : -1 ;
message : Invaild value ;

