2018-03-26 10:55:46 trace :
------------
String:
<xml><ToUserName><![CDATA[gh_07a7ab1e550f]]></ToUserName>
<FromUserName><![CDATA[oBqpn1T8dKzfVQg9AvFhjUxuLUw8]]></FromUserName>
<CreateTime>1522032945</CreateTime>
<MsgType><![CDATA[event]]></MsgType>
<Event><![CDATA[subscribe]]></Event>
<EventKey><![CDATA[]]></EventKey>
</xml>

2018-03-26 10:55:46 params :
------------
Array:
message : Array ;
module : basic ;
rule : 20 ;
priority : 0 ;
keyword : Array ;

2018-03-26 10:55:46 response :
------------
Array:
FromUserName : gh_07a7ab1e550f ;
ToUserName : oBqpn1T8dKzfVQg9AvFhjUxuLUw8 ;
MsgType : text ;
Content : 感谢关注贵州罗甸红心火龙果/爱心 ;

2018-03-26 16:34:59 trace :
------------
String:
<xml><ToUserName><![CDATA[gh_3280735b50d8]]></ToUserName>
<FromUserName><![CDATA[oyWTK1JSd9DrL0KY659Ta4VtUiuo]]></FromUserName>
<CreateTime>1522053299</CreateTime>
<MsgType><![CDATA[event]]></MsgType>
<Event><![CDATA[subscribe]]></Event>
<EventKey><![CDATA[]]></EventKey>
</xml>

2018-03-26 16:34:59 params :
------------
Array:
message : Array ;
module : basic ;
rule : 11 ;
priority : 0 ;
keyword : Array ;

2018-03-26 16:34:59 response :
------------
Array:
FromUserName : gh_3280735b50d8 ;
ToUserName : oyWTK1JSd9DrL0KY659Ta4VtUiuo ;
MsgType : text ;
Content : 欢迎关注黔满园荣贵微信公众号！ ;

2018-03-26 16:35:08 trace :
------------
String:
<xml><ToUserName><![CDATA[gh_3280735b50d8]]></ToUserName>
<FromUserName><![CDATA[oyWTK1JSd9DrL0KY659Ta4VtUiuo]]></FromUserName>
<CreateTime>1522053308</CreateTime>
<MsgType><![CDATA[event]]></MsgType>
<Event><![CDATA[unsubscribe]]></Event>
<EventKey><![CDATA[]]></EventKey>
</xml>

