2018-03-16 11:27:52 trace :
------------
Array:
errno : -1 ;
message : 微信公众平台返回接口错误. 
错误代码为: 40005 
,错误描述为: appid 校验错误 ;

2018-03-16 11:27:52 waring :
------------
String:
Request Failed

2018-03-16 18:15:57 trace :
------------
String:
<xml><ToUserName><![CDATA[gh_387f2586a480]]></ToUserName>
<FromUserName><![CDATA[oHlBevxFnOXc_fFSobp5AsosmOnU]]></FromUserName>
<CreateTime>1521195356</CreateTime>
<MsgType><![CDATA[event]]></MsgType>
<Event><![CDATA[subscribe]]></Event>
<EventKey><![CDATA[]]></EventKey>
</xml>

2018-03-16 18:15:57 params :
------------
Array:
message : Array ;
module : basic ;
rule : 13 ;
priority : 0 ;
keyword : Array ;

2018-03-16 18:15:57 response :
------------
Array:
FromUserName : gh_387f2586a480 ;
ToUserName : oHlBevxFnOXc_fFSobp5AsosmOnU ;
MsgType : text ;
Content : 欢迎关注李记梧桐人家微信公众号！ ;

2018-03-16 18:16:01 trace :
------------
String:
<xml><ToUserName><![CDATA[gh_387f2586a480]]></ToUserName>
<FromUserName><![CDATA[oHlBevxFnOXc_fFSobp5AsosmOnU]]></FromUserName>
<CreateTime>1521195361</CreateTime>
<MsgType><![CDATA[event]]></MsgType>
<Event><![CDATA[VIEW]]></Event>
<EventKey><![CDATA[http://www.gzqtbw.com/app/index.php?i=12&c=home&t=15]]></EventKey>
<MenuId>602413748</MenuId>
</xml>

2018-03-16 18:16:01 params :
------------
Array:
message : Array ;
module : basic ;
rule : 13 ;
priority : 0 ;
keyword : Array ;

2018-03-16 18:16:01 response :
------------
Array:
FromUserName : gh_387f2586a480 ;
ToUserName : oHlBevxFnOXc_fFSobp5AsosmOnU ;
MsgType : text ;
Content : 欢迎关注李记梧桐人家微信公众号！ ;

2018-03-16 18:16:09 trace :
------------
String:
<xml><ToUserName><![CDATA[gh_387f2586a480]]></ToUserName>
<FromUserName><![CDATA[oHlBevxFnOXc_fFSobp5AsosmOnU]]></FromUserName>
<CreateTime>1521195369</CreateTime>
<MsgType><![CDATA[event]]></MsgType>
<Event><![CDATA[VIEW]]></Event>
<EventKey><![CDATA[http://www.gzqtbw.com/app/index.php?i=12&c=home&t=15]]></EventKey>
<MenuId>602413748</MenuId>
</xml>

2018-03-16 18:16:09 params :
------------
Array:
message : Array ;
module : basic ;
rule : 13 ;
priority : 0 ;
keyword : Array ;

2018-03-16 18:16:09 response :
------------
Array:
FromUserName : gh_387f2586a480 ;
ToUserName : oHlBevxFnOXc_fFSobp5AsosmOnU ;
MsgType : text ;
Content : 欢迎关注李记梧桐人家微信公众号！ ;

2018-03-16 18:16:31 trace :
------------
String:
<xml><ToUserName><![CDATA[gh_387f2586a480]]></ToUserName>
<FromUserName><![CDATA[oHlBevxFnOXc_fFSobp5AsosmOnU]]></FromUserName>
<CreateTime>1521195391</CreateTime>
<MsgType><![CDATA[event]]></MsgType>
<Event><![CDATA[VIEW]]></Event>
<EventKey><![CDATA[http://www.gzqtbw.com/app/index.php?i=12&c=site&a=site&do=detail&id=10]]></EventKey>
<MenuId>602413748</MenuId>
</xml>

2018-03-16 18:16:31 params :
------------
Array:
message : Array ;
module : basic ;
rule : 13 ;
priority : 0 ;
keyword : Array ;

2018-03-16 18:16:31 response :
------------
Array:
FromUserName : gh_387f2586a480 ;
ToUserName : oHlBevxFnOXc_fFSobp5AsosmOnU ;
MsgType : text ;
Content : 欢迎关注李记梧桐人家微信公众号！ ;

2018-03-16 20:41:41 trace :
------------
String:
<xml><ToUserName><![CDATA[gh_a9b445bf4f73]]></ToUserName>
<FromUserName><![CDATA[oaQb9wfVOEG0eiR-5mvn6RkChIz0]]></FromUserName>
<CreateTime>1521204101</CreateTime>
<MsgType><![CDATA[event]]></MsgType>
<Event><![CDATA[subscribe]]></Event>
<EventKey><![CDATA[]]></EventKey>
</xml>

2018-03-16 20:41:41 params :
------------
Array:
message : Array ;
module : basic ;
rule : 16 ;
priority : 0 ;
keyword : Array ;

2018-03-16 20:41:41 response :
------------
Array:
FromUserName : gh_a9b445bf4f73 ;
ToUserName : oaQb9wfVOEG0eiR-5mvn6RkChIz0 ;
MsgType : text ;
Content : 欢迎关注贵州博达云科技发展有限公司！ ;

2018-03-16 20:43:42 trace :
------------
String:
<xml><ToUserName><![CDATA[gh_a9b445bf4f73]]></ToUserName>
<FromUserName><![CDATA[oaQb9wfVOEG0eiR-5mvn6RkChIz0]]></FromUserName>
<CreateTime>1521204222</CreateTime>
<MsgType><![CDATA[event]]></MsgType>
<Event><![CDATA[VIEW]]></Event>
<EventKey><![CDATA[http://www.gzqtbw.com/app/index.php?i=16&c=site&a=site&do=detail&id=22]]></EventKey>
<MenuId>423464702</MenuId>
</xml>

2018-03-16 20:43:42 params :
------------
Array:
message : Array ;
module : basic ;
rule : 16 ;
priority : 0 ;
keyword : Array ;

2018-03-16 20:43:42 response :
------------
Array:
FromUserName : gh_a9b445bf4f73 ;
ToUserName : oaQb9wfVOEG0eiR-5mvn6RkChIz0 ;
MsgType : text ;
Content : 欢迎关注贵州博达云科技发展有限公司！ ;

2018-03-16 20:49:31 trace :
------------
String:
<xml><ToUserName><![CDATA[gh_a9b445bf4f73]]></ToUserName>
<FromUserName><![CDATA[oaQb9wfVOEG0eiR-5mvn6RkChIz0]]></FromUserName>
<CreateTime>1521204571</CreateTime>
<MsgType><![CDATA[event]]></MsgType>
<Event><![CDATA[VIEW]]></Event>
<EventKey><![CDATA[http://www.gzqtbw.com/app/index.php?i=16&c=site&a=site&do=detail&id=27]]></EventKey>
<MenuId>423464702</MenuId>
</xml>

2018-03-16 20:49:31 params :
------------
Array:
message : Array ;
module : basic ;
rule : 16 ;
priority : 0 ;
keyword : Array ;

2018-03-16 20:49:31 response :
------------
Array:
FromUserName : gh_a9b445bf4f73 ;
ToUserName : oaQb9wfVOEG0eiR-5mvn6RkChIz0 ;
MsgType : text ;
Content : 欢迎关注贵州博达云科技发展有限公司！ ;

2018-03-16 20:49:49 trace :
------------
String:
<xml><ToUserName><![CDATA[gh_a9b445bf4f73]]></ToUserName>
<FromUserName><![CDATA[oaQb9wfVOEG0eiR-5mvn6RkChIz0]]></FromUserName>
<CreateTime>1521204588</CreateTime>
<MsgType><![CDATA[event]]></MsgType>
<Event><![CDATA[CLICK]]></Event>
<EventKey><![CDATA[联系方式]]></EventKey>
</xml>

2018-03-16 20:49:49 params :
------------
Array:
message : Array ;
module : basic ;
rule : 24 ;
priority : 0 ;
keyword : Array ;

2018-03-16 20:49:49 response :
------------
Array:
FromUserName : gh_a9b445bf4f73 ;
ToUserName : oaQb9wfVOEG0eiR-5mvn6RkChIz0 ;
MsgType : text ;
Content : 全国热线：400-852-2866 ;

2018-03-16 20:49:54 trace :
------------
String:
<xml><ToUserName><![CDATA[gh_a9b445bf4f73]]></ToUserName>
<FromUserName><![CDATA[oaQb9wfVOEG0eiR-5mvn6RkChIz0]]></FromUserName>
<CreateTime>1521204594</CreateTime>
<MsgType><![CDATA[event]]></MsgType>
<Event><![CDATA[VIEW]]></Event>
<EventKey><![CDATA[http://www.gzqtbw.com/app/index.php?i=16&c=site&a=site&do=detail&id=39]]></EventKey>
<MenuId>423464702</MenuId>
</xml>

2018-03-16 20:49:54 params :
------------
Array:
message : Array ;
module : basic ;
rule : 16 ;
priority : 0 ;
keyword : Array ;

2018-03-16 20:49:54 response :
------------
Array:
FromUserName : gh_a9b445bf4f73 ;
ToUserName : oaQb9wfVOEG0eiR-5mvn6RkChIz0 ;
MsgType : text ;
Content : 欢迎关注贵州博达云科技发展有限公司！ ;

2018-03-16 20:50:07 trace :
------------
String:
<xml><ToUserName><![CDATA[gh_a9b445bf4f73]]></ToUserName>
<FromUserName><![CDATA[oaQb9wfVOEG0eiR-5mvn6RkChIz0]]></FromUserName>
<CreateTime>1521204607</CreateTime>
<MsgType><![CDATA[event]]></MsgType>
<Event><![CDATA[VIEW]]></Event>
<EventKey><![CDATA[http://www.gzqtbw.com/app/index.php?i=16&c=site&a=site&do=detail&id=40]]></EventKey>
<MenuId>423464702</MenuId>
</xml>

2018-03-16 20:50:07 params :
------------
Array:
message : Array ;
module : basic ;
rule : 16 ;
priority : 0 ;
keyword : Array ;

2018-03-16 20:50:07 response :
------------
Array:
FromUserName : gh_a9b445bf4f73 ;
ToUserName : oaQb9wfVOEG0eiR-5mvn6RkChIz0 ;
MsgType : text ;
Content : 欢迎关注贵州博达云科技发展有限公司！ ;

2018-03-16 20:50:22 trace :
------------
String:
<xml><ToUserName><![CDATA[gh_a9b445bf4f73]]></ToUserName>
<FromUserName><![CDATA[oaQb9wfVOEG0eiR-5mvn6RkChIz0]]></FromUserName>
<CreateTime>1521204622</CreateTime>
<MsgType><![CDATA[event]]></MsgType>
<Event><![CDATA[VIEW]]></Event>
<EventKey><![CDATA[http://www.gzqtbw.com/app/index.php?i=16&c=site&a=site&do=detail&id=24]]></EventKey>
<MenuId>423464702</MenuId>
</xml>

2018-03-16 20:50:22 params :
------------
Array:
message : Array ;
module : basic ;
rule : 16 ;
priority : 0 ;
keyword : Array ;

2018-03-16 20:50:22 response :
------------
Array:
FromUserName : gh_a9b445bf4f73 ;
ToUserName : oaQb9wfVOEG0eiR-5mvn6RkChIz0 ;
MsgType : text ;
Content : 欢迎关注贵州博达云科技发展有限公司！ ;

2018-03-16 20:50:52 trace :
------------
String:
<xml><ToUserName><![CDATA[gh_a9b445bf4f73]]></ToUserName>
<FromUserName><![CDATA[oaQb9wfVOEG0eiR-5mvn6RkChIz0]]></FromUserName>
<CreateTime>1521204652</CreateTime>
<MsgType><![CDATA[event]]></MsgType>
<Event><![CDATA[VIEW]]></Event>
<EventKey><![CDATA[http://www.gzqtbw.com/app/index.php?i=16&c=site&a=site&do=detail&id=41]]></EventKey>
<MenuId>423464702</MenuId>
</xml>

2018-03-16 20:50:52 params :
------------
Array:
message : Array ;
module : basic ;
rule : 16 ;
priority : 0 ;
keyword : Array ;

2018-03-16 20:50:52 response :
------------
Array:
FromUserName : gh_a9b445bf4f73 ;
ToUserName : oaQb9wfVOEG0eiR-5mvn6RkChIz0 ;
MsgType : text ;
Content : 欢迎关注贵州博达云科技发展有限公司！ ;

2018-03-16 20:55:12 trace :
------------
String:
<xml><ToUserName><![CDATA[gh_a9b445bf4f73]]></ToUserName>
<FromUserName><![CDATA[oaQb9wfVOEG0eiR-5mvn6RkChIz0]]></FromUserName>
<CreateTime>1521204911</CreateTime>
<MsgType><![CDATA[event]]></MsgType>
<Event><![CDATA[VIEW]]></Event>
<EventKey><![CDATA[http://www.gzqtbw.com/app/index.php?i=16&c=site&a=site&do=detail&id=27]]></EventKey>
<MenuId>423464702</MenuId>
</xml>

2018-03-16 20:55:12 params :
------------
Array:
message : Array ;
module : basic ;
rule : 16 ;
priority : 0 ;
keyword : Array ;

2018-03-16 20:55:12 response :
------------
Array:
FromUserName : gh_a9b445bf4f73 ;
ToUserName : oaQb9wfVOEG0eiR-5mvn6RkChIz0 ;
MsgType : text ;
Content : 欢迎关注贵州博达云科技发展有限公司！ ;

2018-03-16 20:55:20 trace :
------------
String:
<xml><ToUserName><![CDATA[gh_a9b445bf4f73]]></ToUserName>
<FromUserName><![CDATA[oaQb9wfVOEG0eiR-5mvn6RkChIz0]]></FromUserName>
<CreateTime>1521204920</CreateTime>
<MsgType><![CDATA[event]]></MsgType>
<Event><![CDATA[VIEW]]></Event>
<EventKey><![CDATA[http://www.gzqtbw.com/app/index.php?i=16&c=home&t=27]]></EventKey>
<MenuId>423464702</MenuId>
</xml>

2018-03-16 20:55:20 params :
------------
Array:
message : Array ;
module : basic ;
rule : 16 ;
priority : 0 ;
keyword : Array ;

2018-03-16 20:55:20 response :
------------
Array:
FromUserName : gh_a9b445bf4f73 ;
ToUserName : oaQb9wfVOEG0eiR-5mvn6RkChIz0 ;
MsgType : text ;
Content : 欢迎关注贵州博达云科技发展有限公司！ ;

