2018-01-02 08:06:25 trace :
------------
String:
<xml><ToUserName><![CDATA[gh_07a7ab1e550f]]></ToUserName>
<FromUserName><![CDATA[oBqpn1fQyceWqnB6MwY4iIFoIGTg]]></FromUserName>
<CreateTime>1514851585</CreateTime>
<MsgType><![CDATA[event]]></MsgType>
<Event><![CDATA[unsubscribe]]></Event>
<EventKey><![CDATA[]]></EventKey>
</xml>

2018-01-02 09:53:47 trace :
------------
String:
<xml><ToUserName><![CDATA[gh_b6dd8949412a]]></ToUserName>
<FromUserName><![CDATA[osNo7w2n6TOJd9YXZ0YH8hzKaGXg]]></FromUserName>
<CreateTime>1514858026</CreateTime>
<MsgType><![CDATA[event]]></MsgType>
<Event><![CDATA[VIEW]]></Event>
<EventKey><![CDATA[http://www.gzqtbw.com/app/index.php?i=15&c=home&t=18]]></EventKey>
<MenuId>418590499</MenuId>
</xml>

2018-01-02 09:53:47 params :
------------
Array:
message : Array ;
module : basic ;
rule : 15 ;
priority : 0 ;
keyword : Array ;

2018-01-02 09:53:47 response :
------------
Array:
FromUserName : gh_b6dd8949412a ;
ToUserName : osNo7w2n6TOJd9YXZ0YH8hzKaGXg ;
MsgType : text ;
Content : 欢迎关注贵州博达云科技！ ;

2018-01-02 10:39:06 trace :
------------
String:
<xml><ToUserName><![CDATA[gh_3280735b50d8]]></ToUserName>
<FromUserName><![CDATA[oyWTK1NUzTKPXf36sB_FRxKmDLqI]]></FromUserName>
<CreateTime>1514860746</CreateTime>
<MsgType><![CDATA[event]]></MsgType>
<Event><![CDATA[MASSSENDJOBFINISH]]></Event>
<MsgID>1000000021</MsgID>
<Status><![CDATA[send success]]></Status>
<TotalCount>171</TotalCount>
<FilterCount>171</FilterCount>
<SentCount>171</SentCount>
<ErrorCount>0</ErrorCount>
<CopyrightCheckResult><Count>0</Count>
<ResultList></ResultList>
<CheckState>0</CheckState>
</CopyrightCheckResult>
</xml>

2018-01-02 10:39:06 params :
------------
Array:
message : Array ;
module : basic ;
rule : 11 ;
priority : 0 ;
keyword : Array ;

2018-01-02 10:39:06 response :
------------
Array:
FromUserName : gh_3280735b50d8 ;
ToUserName : oyWTK1NUzTKPXf36sB_FRxKmDLqI ;
MsgType : text ;
Content : 欢迎关注黔满园荣贵微信公众号！ ;

2018-01-02 12:12:15 trace :
------------
String:
<xml><ToUserName><![CDATA[gh_3280735b50d8]]></ToUserName>
<FromUserName><![CDATA[oyWTK1J1KyDiZ1ZCycULQil0v8vA]]></FromUserName>
<CreateTime>1514866334</CreateTime>
<MsgType><![CDATA[event]]></MsgType>
<Event><![CDATA[subscribe]]></Event>
<EventKey><![CDATA[]]></EventKey>
</xml>

2018-01-02 12:12:15 params :
------------
Array:
message : Array ;
module : basic ;
rule : 11 ;
priority : 0 ;
keyword : Array ;

2018-01-02 12:12:15 response :
------------
Array:
FromUserName : gh_3280735b50d8 ;
ToUserName : oyWTK1J1KyDiZ1ZCycULQil0v8vA ;
MsgType : text ;
Content : 欢迎关注黔满园荣贵微信公众号！ ;

2018-01-02 13:37:10 trace :
------------
Array:
errno : -1 ;
message : 微信公众平台返回接口错误. 
错误代码为: 40005 
,错误描述为: appid 校验错误 ;

2018-01-02 13:37:10 waring :
------------
String:
Request Failed

2018-01-02 13:37:29 trace :
------------
Array:
errno : -1 ;
message : 微信公众平台返回接口错误. 
错误代码为: 40005 
,错误描述为: appid 校验错误 ;

2018-01-02 13:37:29 waring :
------------
String:
Request Failed

2018-01-02 13:37:48 trace :
------------
Array:
errno : -1 ;
message : 微信公众平台返回接口错误. 
错误代码为: 40005 
,错误描述为: appid 校验错误 ;

2018-01-02 13:37:48 waring :
------------
String:
Request Failed

2018-01-02 15:38:14 trace :
------------
String:
<xml><ToUserName><![CDATA[gh_3280735b50d8]]></ToUserName>
<FromUserName><![CDATA[oyWTK1Npvq3GRq5qShll4Tj-9qvg]]></FromUserName>
<CreateTime>1514878693</CreateTime>
<MsgType><![CDATA[event]]></MsgType>
<Event><![CDATA[subscribe]]></Event>
<EventKey><![CDATA[]]></EventKey>
</xml>

2018-01-02 15:38:14 params :
------------
Array:
message : Array ;
module : basic ;
rule : 11 ;
priority : 0 ;
keyword : Array ;

2018-01-02 15:38:14 response :
------------
Array:
FromUserName : gh_3280735b50d8 ;
ToUserName : oyWTK1Npvq3GRq5qShll4Tj-9qvg ;
MsgType : text ;
Content : 欢迎关注黔满园荣贵微信公众号！ ;

2018-01-02 15:38:17 trace :
------------
String:
<xml><ToUserName><![CDATA[gh_3280735b50d8]]></ToUserName>
<FromUserName><![CDATA[oyWTK1Npvq3GRq5qShll4Tj-9qvg]]></FromUserName>
<CreateTime>1514878697</CreateTime>
<MsgType><![CDATA[event]]></MsgType>
<Event><![CDATA[VIEW]]></Event>
<EventKey><![CDATA[http://www.gzqtbw.com/app/index.php?i=10&c=home&t=12]]></EventKey>
<MenuId>427588424</MenuId>
</xml>

2018-01-02 15:38:17 params :
------------
Array:
message : Array ;
module : basic ;
rule : 11 ;
priority : 0 ;
keyword : Array ;

2018-01-02 15:38:17 response :
------------
Array:
FromUserName : gh_3280735b50d8 ;
ToUserName : oyWTK1Npvq3GRq5qShll4Tj-9qvg ;
MsgType : text ;
Content : 欢迎关注黔满园荣贵微信公众号！ ;

2018-01-02 15:42:46 trace :
------------
String:
<xml><ToUserName><![CDATA[gh_3280735b50d8]]></ToUserName>
<FromUserName><![CDATA[oyWTK1O0HVFos-rdvDLPluVdcAQ4]]></FromUserName>
<CreateTime>1514878965</CreateTime>
<MsgType><![CDATA[event]]></MsgType>
<Event><![CDATA[unsubscribe]]></Event>
<EventKey><![CDATA[]]></EventKey>
</xml>

2018-01-02 23:32:37 trace :
------------
String:
<xml><ToUserName><![CDATA[gh_387f2586a480]]></ToUserName>
<FromUserName><![CDATA[oHlBev3HnSNE39SBPHdjzggrEKLo]]></FromUserName>
<CreateTime>1514907156</CreateTime>
<MsgType><![CDATA[event]]></MsgType>
<Event><![CDATA[subscribe]]></Event>
<EventKey><![CDATA[]]></EventKey>
</xml>

2018-01-02 23:32:37 params :
------------
Array:
message : Array ;
module : basic ;
rule : 13 ;
priority : 0 ;
keyword : Array ;

2018-01-02 23:32:37 response :
------------
Array:
FromUserName : gh_387f2586a480 ;
ToUserName : oHlBev3HnSNE39SBPHdjzggrEKLo ;
MsgType : text ;
Content : 欢迎关注李记梧桐人家微信公众号！ ;

2018-01-02 23:32:42 trace :
------------
String:
<xml><ToUserName><![CDATA[gh_387f2586a480]]></ToUserName>
<FromUserName><![CDATA[oHlBev3HnSNE39SBPHdjzggrEKLo]]></FromUserName>
<CreateTime>1514907162</CreateTime>
<MsgType><![CDATA[event]]></MsgType>
<Event><![CDATA[VIEW]]></Event>
<EventKey><![CDATA[http://www.gzqtbw.com/app/index.php?i=12&c=home&t=15]]></EventKey>
<MenuId>602413748</MenuId>
</xml>

2018-01-02 23:32:43 params :
------------
Array:
message : Array ;
module : basic ;
rule : 13 ;
priority : 0 ;
keyword : Array ;

2018-01-02 23:32:43 response :
------------
Array:
FromUserName : gh_387f2586a480 ;
ToUserName : oHlBev3HnSNE39SBPHdjzggrEKLo ;
MsgType : text ;
Content : 欢迎关注李记梧桐人家微信公众号！ ;

2018-01-02 23:32:48 trace :
------------
String:
<xml><ToUserName><![CDATA[gh_387f2586a480]]></ToUserName>
<FromUserName><![CDATA[oHlBev3HnSNE39SBPHdjzggrEKLo]]></FromUserName>
<CreateTime>1514907168</CreateTime>
<MsgType><![CDATA[event]]></MsgType>
<Event><![CDATA[VIEW]]></Event>
<EventKey><![CDATA[http://www.gzqtbw.com/app/index.php?i=12&c=site&a=site&do=detail&id=10]]></EventKey>
<MenuId>602413748</MenuId>
</xml>

2018-01-02 23:32:48 params :
------------
Array:
message : Array ;
module : basic ;
rule : 13 ;
priority : 0 ;
keyword : Array ;

2018-01-02 23:32:48 response :
------------
Array:
FromUserName : gh_387f2586a480 ;
ToUserName : oHlBev3HnSNE39SBPHdjzggrEKLo ;
MsgType : text ;
Content : 欢迎关注李记梧桐人家微信公众号！ ;

2018-01-02 23:32:53 trace :
------------
String:
<xml><ToUserName><![CDATA[gh_387f2586a480]]></ToUserName>
<FromUserName><![CDATA[oHlBev3HnSNE39SBPHdjzggrEKLo]]></FromUserName>
<CreateTime>1514907172</CreateTime>
<MsgType><![CDATA[event]]></MsgType>
<Event><![CDATA[VIEW]]></Event>
<EventKey><![CDATA[http://www.gzqtbw.com/app/index.php?i=12&c=site&a=site&do=detail&id=11]]></EventKey>
<MenuId>602413748</MenuId>
</xml>

2018-01-02 23:32:53 params :
------------
Array:
message : Array ;
module : basic ;
rule : 13 ;
priority : 0 ;
keyword : Array ;

2018-01-02 23:32:53 response :
------------
Array:
FromUserName : gh_387f2586a480 ;
ToUserName : oHlBev3HnSNE39SBPHdjzggrEKLo ;
MsgType : text ;
Content : 欢迎关注李记梧桐人家微信公众号！ ;

2018-01-02 23:32:58 trace :
------------
String:
<xml><ToUserName><![CDATA[gh_387f2586a480]]></ToUserName>
<FromUserName><![CDATA[oHlBev3HnSNE39SBPHdjzggrEKLo]]></FromUserName>
<CreateTime>1514907177</CreateTime>
<MsgType><![CDATA[event]]></MsgType>
<Event><![CDATA[VIEW]]></Event>
<EventKey><![CDATA[http://www.gzqtbw.com/app/index.php?i=12&c=home&t=15]]></EventKey>
<MenuId>602413748</MenuId>
</xml>

2018-01-02 23:32:58 params :
------------
Array:
message : Array ;
module : basic ;
rule : 13 ;
priority : 0 ;
keyword : Array ;

2018-01-02 23:32:58 response :
------------
Array:
FromUserName : gh_387f2586a480 ;
ToUserName : oHlBev3HnSNE39SBPHdjzggrEKLo ;
MsgType : text ;
Content : 欢迎关注李记梧桐人家微信公众号！ ;

2018-01-02 23:33:04 trace :
------------
String:
<xml><ToUserName><![CDATA[gh_387f2586a480]]></ToUserName>
<FromUserName><![CDATA[oHlBev3HnSNE39SBPHdjzggrEKLo]]></FromUserName>
<CreateTime>1514907183</CreateTime>
<MsgType><![CDATA[event]]></MsgType>
<Event><![CDATA[VIEW]]></Event>
<EventKey><![CDATA[http://www.gzqtbw.com/app/index.php?i=12&c=mc&a=bond&do=mycard&]]></EventKey>
<MenuId>602413748</MenuId>
</xml>

2018-01-02 23:33:04 params :
------------
Array:
message : Array ;
module : basic ;
rule : 13 ;
priority : 0 ;
keyword : Array ;

2018-01-02 23:33:04 response :
------------
Array:
FromUserName : gh_387f2586a480 ;
ToUserName : oHlBev3HnSNE39SBPHdjzggrEKLo ;
MsgType : text ;
Content : 欢迎关注李记梧桐人家微信公众号！ ;

2018-01-02 23:33:12 trace :
------------
String:
<xml><ToUserName><![CDATA[gh_387f2586a480]]></ToUserName>
<FromUserName><![CDATA[oHlBev3HnSNE39SBPHdjzggrEKLo]]></FromUserName>
<CreateTime>1514907191</CreateTime>
<MsgType><![CDATA[event]]></MsgType>
<Event><![CDATA[unsubscribe]]></Event>
<EventKey><![CDATA[]]></EventKey>
</xml>

