2018-07-10 11:49:20 trace :
------------
Array:
errno : -1 ;
message : 微信公众平台返回接口错误. 
错误代码为: 40005 
,错误描述为: appid 校验错误 ;

2018-07-10 11:49:20 waring :
------------
String:
Request Failed

2018-07-10 11:49:22 trace :
------------
Array:
errno : -1 ;
message : 微信公众平台返回接口错误. 
错误代码为: 40005 
,错误描述为: appid 校验错误 ;

2018-07-10 11:49:22 waring :
------------
String:
Request Failed

2018-07-10 11:49:27 trace :
------------
Array:
errno : -1 ;
message : 微信公众平台返回接口错误. 
错误代码为: 40005 
,错误描述为: appid 校验错误 ;

2018-07-10 11:49:27 waring :
------------
String:
Request Failed

2018-07-10 11:49:39 trace :
------------
Array:
errno : -1 ;
message : 微信公众平台返回接口错误. 
错误代码为: 40005 
,错误描述为: appid 校验错误 ;

2018-07-10 11:49:39 waring :
------------
String:
Request Failed

2018-07-10 11:49:48 trace :
------------
Array:
errno : -1 ;
message : 微信公众平台返回接口错误. 
错误代码为: 40005 
,错误描述为: appid 校验错误 ;

2018-07-10 11:49:48 waring :
------------
String:
Request Failed

