2018-07-05 00:30:38 trace :
------------
String:
<xml><ToUserName><![CDATA[gh_387f2586a480]]></ToUserName>
<FromUserName><![CDATA[oHlBev6PKtbECTfunwAznJwL2LVQ]]></FromUserName>
<CreateTime>1530721838</CreateTime>
<MsgType><![CDATA[event]]></MsgType>
<Event><![CDATA[subscribe]]></Event>
<EventKey><![CDATA[]]></EventKey>
</xml>

2018-07-05 00:30:38 params :
------------
Array:
message : Array ;
module : basic ;
rule : 13 ;
priority : 0 ;
keyword : Array ;

2018-07-05 00:30:38 response :
------------
Array:
FromUserName : gh_387f2586a480 ;
ToUserName : oHlBev6PKtbECTfunwAznJwL2LVQ ;
MsgType : text ;
Content : 欢迎关注李记梧桐人家微信公众号！ ;

2018-07-05 00:30:49 trace :
------------
String:
<xml><ToUserName><![CDATA[gh_387f2586a480]]></ToUserName>
<FromUserName><![CDATA[oHlBev6PKtbECTfunwAznJwL2LVQ]]></FromUserName>
<CreateTime>1530721849</CreateTime>
<MsgType><![CDATA[event]]></MsgType>
<Event><![CDATA[VIEW]]></Event>
<EventKey><![CDATA[http://www.gzqtbw.com/app/index.php?i=12&c=site&a=site&do=detail&id=10]]></EventKey>
<MenuId>602413748</MenuId>
</xml>

2018-07-05 00:30:49 params :
------------
Array:
message : Array ;
module : basic ;
rule : 13 ;
priority : 0 ;
keyword : Array ;

2018-07-05 00:30:49 response :
------------
Array:
FromUserName : gh_387f2586a480 ;
ToUserName : oHlBev6PKtbECTfunwAznJwL2LVQ ;
MsgType : text ;
Content : 欢迎关注李记梧桐人家微信公众号！ ;

2018-07-05 00:30:56 trace :
------------
String:
<xml><ToUserName><![CDATA[gh_387f2586a480]]></ToUserName>
<FromUserName><![CDATA[oHlBev6PKtbECTfunwAznJwL2LVQ]]></FromUserName>
<CreateTime>1530721856</CreateTime>
<MsgType><![CDATA[event]]></MsgType>
<Event><![CDATA[VIEW]]></Event>
<EventKey><![CDATA[http://www.gzqtbw.com/app/index.php?i=12&c=site&a=site&do=detail&id=11]]></EventKey>
<MenuId>602413748</MenuId>
</xml>

2018-07-05 00:30:56 params :
------------
Array:
message : Array ;
module : basic ;
rule : 13 ;
priority : 0 ;
keyword : Array ;

2018-07-05 00:30:56 response :
------------
Array:
FromUserName : gh_387f2586a480 ;
ToUserName : oHlBev6PKtbECTfunwAznJwL2LVQ ;
MsgType : text ;
Content : 欢迎关注李记梧桐人家微信公众号！ ;

2018-07-05 00:30:59 trace :
------------
String:
<xml><ToUserName><![CDATA[gh_387f2586a480]]></ToUserName>
<FromUserName><![CDATA[oHlBev6PKtbECTfunwAznJwL2LVQ]]></FromUserName>
<CreateTime>1530721859</CreateTime>
<MsgType><![CDATA[event]]></MsgType>
<Event><![CDATA[VIEW]]></Event>
<EventKey><![CDATA[http://www.gzqtbw.com/app/index.php?i=12&c=home&t=15]]></EventKey>
<MenuId>602413748</MenuId>
</xml>

2018-07-05 00:30:59 params :
------------
Array:
message : Array ;
module : basic ;
rule : 13 ;
priority : 0 ;
keyword : Array ;

2018-07-05 00:30:59 response :
------------
Array:
FromUserName : gh_387f2586a480 ;
ToUserName : oHlBev6PKtbECTfunwAznJwL2LVQ ;
MsgType : text ;
Content : 欢迎关注李记梧桐人家微信公众号！ ;

2018-07-05 00:31:11 trace :
------------
String:
<xml><ToUserName><![CDATA[gh_387f2586a480]]></ToUserName>
<FromUserName><![CDATA[oHlBev6PKtbECTfunwAznJwL2LVQ]]></FromUserName>
<CreateTime>1530721871</CreateTime>
<MsgType><![CDATA[event]]></MsgType>
<Event><![CDATA[VIEW]]></Event>
<EventKey><![CDATA[http://www.gzqtbw.com/app/index.php?i=12&c=mc&a=card&do=sign_display&]]></EventKey>
<MenuId>602413748</MenuId>
</xml>

2018-07-05 00:31:11 params :
------------
Array:
message : Array ;
module : basic ;
rule : 13 ;
priority : 0 ;
keyword : Array ;

2018-07-05 00:31:11 response :
------------
Array:
FromUserName : gh_387f2586a480 ;
ToUserName : oHlBev6PKtbECTfunwAznJwL2LVQ ;
MsgType : text ;
Content : 欢迎关注李记梧桐人家微信公众号！ ;

2018-07-05 08:36:28 trace :
------------
Array:
errno : -1 ;
message : 微信公众平台返回接口错误. 
错误代码为: 40005 
,错误描述为: appid 校验错误 ;

2018-07-05 08:36:28 waring :
------------
String:
Request Failed

2018-07-05 08:57:00 trace :
------------
String:
<xml><ToUserName><![CDATA[gh_28e767424b83]]></ToUserName>
<FromUserName><![CDATA[oaJVu0TAgHt5m9nt6OIU9qusY-o4]]></FromUserName>
<CreateTime>1530752219</CreateTime>
<MsgType><![CDATA[text]]></MsgType>
<Content><![CDATA[测试2]]></Content>
<MsgId>6574530719330925981</MsgId>
</xml>

2018-07-05 08:57:00 params :
------------
Array:
message : Array ;
module : basic ;
rule : 27 ;
priority : 0 ;
keyword : Array ;

2018-07-05 08:57:00 response :
------------
Array:
FromUserName : gh_28e767424b83 ;
ToUserName : oaJVu0TAgHt5m9nt6OIU9qusY-o4 ;
MsgType : text ;
Content : 各位宗亲，大家好！欢迎关注贵州若木商贸公众号！ ;

2018-07-05 09:00:34 trace :
------------
String:
<xml><ToUserName><![CDATA[gh_28e767424b83]]></ToUserName>
<FromUserName><![CDATA[oaJVu0TAgHt5m9nt6OIU9qusY-o4]]></FromUserName>
<CreateTime>1530752434</CreateTime>
<MsgType><![CDATA[text]]></MsgType>
<Content><![CDATA[产品特点]]></Content>
<MsgId>6574531642748894826</MsgId>
</xml>

2018-07-05 09:00:34 params :
------------
Array:
message : Array ;
module : basic ;
rule : 27 ;
priority : 0 ;
keyword : Array ;

2018-07-05 09:00:34 response :
------------
Array:
FromUserName : gh_28e767424b83 ;
ToUserName : oaJVu0TAgHt5m9nt6OIU9qusY-o4 ;
MsgType : text ;
Content : 各位宗亲，大家好！欢迎关注贵州若木商贸公众号！ ;

2018-07-05 09:04:22 trace :
------------
String:
<xml><ToUserName><![CDATA[gh_28e767424b83]]></ToUserName>
<FromUserName><![CDATA[oaJVu0TAgHt5m9nt6OIU9qusY-o4]]></FromUserName>
<CreateTime>1530752661</CreateTime>
<MsgType><![CDATA[text]]></MsgType>
<Content><![CDATA[测试]]></Content>
<MsgId>6574532617706471223</MsgId>
</xml>

2018-07-05 09:04:22 params :
------------
Array:
message : Array ;
module : basic ;
rule : 27 ;
priority : 0 ;
keyword : Array ;

2018-07-05 09:04:22 response :
------------
Array:
FromUserName : gh_28e767424b83 ;
ToUserName : oaJVu0TAgHt5m9nt6OIU9qusY-o4 ;
MsgType : text ;
Content : 各位宗亲，大家好！欢迎关注贵州若木商贸公众号！ ;

2018-07-05 13:39:43 trace :
------------
String:
<xml><ToUserName><![CDATA[gh_387f2586a480]]></ToUserName>
<FromUserName><![CDATA[oHlBev8ztGl-OD-cbbcuK1e0LUpA]]></FromUserName>
<CreateTime>1530769183</CreateTime>
<MsgType><![CDATA[event]]></MsgType>
<Event><![CDATA[subscribe]]></Event>
<EventKey><![CDATA[]]></EventKey>
</xml>

2018-07-05 13:39:43 params :
------------
Array:
message : Array ;
module : basic ;
rule : 13 ;
priority : 0 ;
keyword : Array ;

2018-07-05 13:39:43 response :
------------
Array:
FromUserName : gh_387f2586a480 ;
ToUserName : oHlBev8ztGl-OD-cbbcuK1e0LUpA ;
MsgType : text ;
Content : 欢迎关注李记梧桐人家微信公众号！ ;

2018-07-05 13:39:50 trace :
------------
String:
<xml><ToUserName><![CDATA[gh_387f2586a480]]></ToUserName>
<FromUserName><![CDATA[oHlBev8ztGl-OD-cbbcuK1e0LUpA]]></FromUserName>
<CreateTime>1530769190</CreateTime>
<MsgType><![CDATA[event]]></MsgType>
<Event><![CDATA[VIEW]]></Event>
<EventKey><![CDATA[http://www.gzqtbw.com/app/index.php?i=12&c=site&a=site&do=detail&id=11]]></EventKey>
<MenuId>602413748</MenuId>
</xml>

2018-07-05 13:39:51 params :
------------
Array:
message : Array ;
module : basic ;
rule : 13 ;
priority : 0 ;
keyword : Array ;

2018-07-05 13:39:51 response :
------------
Array:
FromUserName : gh_387f2586a480 ;
ToUserName : oHlBev8ztGl-OD-cbbcuK1e0LUpA ;
MsgType : text ;
Content : 欢迎关注李记梧桐人家微信公众号！ ;

2018-07-05 13:39:57 trace :
------------
String:
<xml><ToUserName><![CDATA[gh_387f2586a480]]></ToUserName>
<FromUserName><![CDATA[oHlBev8ztGl-OD-cbbcuK1e0LUpA]]></FromUserName>
<CreateTime>1530769197</CreateTime>
<MsgType><![CDATA[event]]></MsgType>
<Event><![CDATA[VIEW]]></Event>
<EventKey><![CDATA[http://www.gzqtbw.com/app/index.php?i=12&c=site&a=site&do=detail&id=10]]></EventKey>
<MenuId>602413748</MenuId>
</xml>

2018-07-05 13:39:57 params :
------------
Array:
message : Array ;
module : basic ;
rule : 13 ;
priority : 0 ;
keyword : Array ;

2018-07-05 13:39:57 response :
------------
Array:
FromUserName : gh_387f2586a480 ;
ToUserName : oHlBev8ztGl-OD-cbbcuK1e0LUpA ;
MsgType : text ;
Content : 欢迎关注李记梧桐人家微信公众号！ ;

2018-07-05 13:40:06 trace :
------------
String:
<xml><ToUserName><![CDATA[gh_387f2586a480]]></ToUserName>
<FromUserName><![CDATA[oHlBev8ztGl-OD-cbbcuK1e0LUpA]]></FromUserName>
<CreateTime>1530769205</CreateTime>
<MsgType><![CDATA[event]]></MsgType>
<Event><![CDATA[VIEW]]></Event>
<EventKey><![CDATA[http://www.gzqtbw.com/app/index.php?i=12&c=mc&a=card&do=sign_display&]]></EventKey>
<MenuId>602413748</MenuId>
</xml>

2018-07-05 13:40:06 params :
------------
Array:
message : Array ;
module : basic ;
rule : 13 ;
priority : 0 ;
keyword : Array ;

2018-07-05 13:40:06 response :
------------
Array:
FromUserName : gh_387f2586a480 ;
ToUserName : oHlBev8ztGl-OD-cbbcuK1e0LUpA ;
MsgType : text ;
Content : 欢迎关注李记梧桐人家微信公众号！ ;

2018-07-05 13:40:10 trace :
------------
String:
<xml><ToUserName><![CDATA[gh_387f2586a480]]></ToUserName>
<FromUserName><![CDATA[oHlBev8ztGl-OD-cbbcuK1e0LUpA]]></FromUserName>
<CreateTime>1530769210</CreateTime>
<MsgType><![CDATA[event]]></MsgType>
<Event><![CDATA[VIEW]]></Event>
<EventKey><![CDATA[http://www.gzqtbw.com/app/index.php?i=12&c=home&t=15]]></EventKey>
<MenuId>602413748</MenuId>
</xml>

2018-07-05 13:40:10 params :
------------
Array:
message : Array ;
module : basic ;
rule : 13 ;
priority : 0 ;
keyword : Array ;

2018-07-05 13:40:10 response :
------------
Array:
FromUserName : gh_387f2586a480 ;
ToUserName : oHlBev8ztGl-OD-cbbcuK1e0LUpA ;
MsgType : text ;
Content : 欢迎关注李记梧桐人家微信公众号！ ;

2018-07-05 13:40:32 trace :
------------
String:
<xml><ToUserName><![CDATA[gh_387f2586a480]]></ToUserName>
<FromUserName><![CDATA[oHlBev8ztGl-OD-cbbcuK1e0LUpA]]></FromUserName>
<CreateTime>1530769232</CreateTime>
<MsgType><![CDATA[event]]></MsgType>
<Event><![CDATA[VIEW]]></Event>
<EventKey><![CDATA[http://www.gzqtbw.com/app/index.php?i=12&c=site&a=site&do=detail&id=10]]></EventKey>
<MenuId>602413748</MenuId>
</xml>

2018-07-05 13:40:32 params :
------------
Array:
message : Array ;
module : basic ;
rule : 13 ;
priority : 0 ;
keyword : Array ;

2018-07-05 13:40:32 response :
------------
Array:
FromUserName : gh_387f2586a480 ;
ToUserName : oHlBev8ztGl-OD-cbbcuK1e0LUpA ;
MsgType : text ;
Content : 欢迎关注李记梧桐人家微信公众号！ ;

2018-07-05 13:40:37 trace :
------------
String:
<xml><ToUserName><![CDATA[gh_387f2586a480]]></ToUserName>
<FromUserName><![CDATA[oHlBev8ztGl-OD-cbbcuK1e0LUpA]]></FromUserName>
<CreateTime>1530769237</CreateTime>
<MsgType><![CDATA[event]]></MsgType>
<Event><![CDATA[VIEW]]></Event>
<EventKey><![CDATA[http://www.gzqtbw.com/app/index.php?i=12&c=site&a=site&do=detail&id=10]]></EventKey>
<MenuId>602413748</MenuId>
</xml>

2018-07-05 13:40:37 params :
------------
Array:
message : Array ;
module : basic ;
rule : 13 ;
priority : 0 ;
keyword : Array ;

2018-07-05 13:40:37 response :
------------
Array:
FromUserName : gh_387f2586a480 ;
ToUserName : oHlBev8ztGl-OD-cbbcuK1e0LUpA ;
MsgType : text ;
Content : 欢迎关注李记梧桐人家微信公众号！ ;

2018-07-05 13:41:29 trace :
------------
String:
<xml><ToUserName><![CDATA[gh_387f2586a480]]></ToUserName>
<FromUserName><![CDATA[oHlBev8ztGl-OD-cbbcuK1e0LUpA]]></FromUserName>
<CreateTime>1530769289</CreateTime>
<MsgType><![CDATA[event]]></MsgType>
<Event><![CDATA[unsubscribe]]></Event>
<EventKey><![CDATA[]]></EventKey>
</xml>

2018-07-05 16:15:35 trace :
------------
String:
<xml><ToUserName><![CDATA[gh_387f2586a480]]></ToUserName>
<FromUserName><![CDATA[oHlBevw9Vp9sWkzIJFNjH92ZQcKU]]></FromUserName>
<CreateTime>1530778535</CreateTime>
<MsgType><![CDATA[event]]></MsgType>
<Event><![CDATA[VIEW]]></Event>
<EventKey><![CDATA[http://www.gzqtbw.com/app/index.php?i=12&c=mc&a=card&do=sign_display&]]></EventKey>
<MenuId>602413748</MenuId>
</xml>

2018-07-05 16:15:35 params :
------------
Array:
message : Array ;
module : basic ;
rule : 13 ;
priority : 0 ;
keyword : Array ;

2018-07-05 16:15:35 response :
------------
Array:
FromUserName : gh_387f2586a480 ;
ToUserName : oHlBevw9Vp9sWkzIJFNjH92ZQcKU ;
MsgType : text ;
Content : 欢迎关注李记梧桐人家微信公众号！ ;

2018-07-05 16:15:43 trace :
------------
String:
<xml><ToUserName><![CDATA[gh_387f2586a480]]></ToUserName>
<FromUserName><![CDATA[oHlBevw9Vp9sWkzIJFNjH92ZQcKU]]></FromUserName>
<CreateTime>1530778543</CreateTime>
<MsgType><![CDATA[text]]></MsgType>
<Content><![CDATA[？]]></Content>
<MsgId>6574643780210330132</MsgId>
</xml>

2018-07-05 16:15:43 params :
------------
Array:
message : Array ;
module : basic ;
rule : 13 ;
priority : 0 ;
keyword : Array ;

2018-07-05 16:15:43 response :
------------
Array:
FromUserName : gh_387f2586a480 ;
ToUserName : oHlBevw9Vp9sWkzIJFNjH92ZQcKU ;
MsgType : text ;
Content : 欢迎关注李记梧桐人家微信公众号！ ;

2018-07-05 17:26:29 trace :
------------
String:
<xml><ToUserName><![CDATA[gh_387f2586a480]]></ToUserName>
<FromUserName><![CDATA[oHlBev4LMd5NlDqIvp0UmLAhIo2w]]></FromUserName>
<CreateTime>1530782789</CreateTime>
<MsgType><![CDATA[event]]></MsgType>
<Event><![CDATA[VIEW]]></Event>
<EventKey><![CDATA[http://www.gzqtbw.com/app/index.php?i=12&c=site&a=site&do=detail&id=10]]></EventKey>
<MenuId>602413748</MenuId>
</xml>

2018-07-05 17:26:29 params :
------------
Array:
message : Array ;
module : basic ;
rule : 13 ;
priority : 0 ;
keyword : Array ;

2018-07-05 17:26:29 response :
------------
Array:
FromUserName : gh_387f2586a480 ;
ToUserName : oHlBev4LMd5NlDqIvp0UmLAhIo2w ;
MsgType : text ;
Content : 欢迎关注李记梧桐人家微信公众号！ ;

2018-07-05 17:26:41 trace :
------------
String:
<xml><ToUserName><![CDATA[gh_387f2586a480]]></ToUserName>
<FromUserName><![CDATA[oHlBev4LMd5NlDqIvp0UmLAhIo2w]]></FromUserName>
<CreateTime>1530782801</CreateTime>
<MsgType><![CDATA[event]]></MsgType>
<Event><![CDATA[VIEW]]></Event>
<EventKey><![CDATA[http://www.gzqtbw.com/app/index.php?i=12&c=home&t=15]]></EventKey>
<MenuId>602413748</MenuId>
</xml>

2018-07-05 17:26:41 params :
------------
Array:
message : Array ;
module : basic ;
rule : 13 ;
priority : 0 ;
keyword : Array ;

2018-07-05 17:26:41 response :
------------
Array:
FromUserName : gh_387f2586a480 ;
ToUserName : oHlBev4LMd5NlDqIvp0UmLAhIo2w ;
MsgType : text ;
Content : 欢迎关注李记梧桐人家微信公众号！ ;

2018-07-05 18:24:23 trace :
------------
String:
<xml><ToUserName><![CDATA[gh_a9b445bf4f73]]></ToUserName>
<FromUserName><![CDATA[oaQb9wRUpj4RB71oZeHVCJV2Nex8]]></FromUserName>
<CreateTime>1530786263</CreateTime>
<MsgType><![CDATA[event]]></MsgType>
<Event><![CDATA[unsubscribe]]></Event>
<EventKey><![CDATA[]]></EventKey>
</xml>

2018-07-05 18:39:27 trace :
------------
String:
<xml><ToUserName><![CDATA[gh_07a7ab1e550f]]></ToUserName>
<FromUserName><![CDATA[oBqpn1QNU9RLr2AhmjOo3ZlszQpE]]></FromUserName>
<CreateTime>1530787167</CreateTime>
<MsgType><![CDATA[event]]></MsgType>
<Event><![CDATA[unsubscribe]]></Event>
<EventKey><![CDATA[]]></EventKey>
</xml>

2018-07-05 21:50:33 trace :
------------
String:
<xml><ToUserName><![CDATA[gh_07a7ab1e550f]]></ToUserName>
<FromUserName><![CDATA[oBqpn1aYOBZhKKylJOgrDPL1iAm0]]></FromUserName>
<CreateTime>1530798633</CreateTime>
<MsgType><![CDATA[event]]></MsgType>
<Event><![CDATA[unsubscribe]]></Event>
<EventKey><![CDATA[]]></EventKey>
</xml>

