2018-03-04 18:58:37 trace :
------------
String:
<xml><ToUserName><![CDATA[gh_28e767424b83]]></ToUserName>
<FromUserName><![CDATA[oaJVu0eio31Z0Ljb1xygiBzmNhlk]]></FromUserName>
<CreateTime>1520161116</CreateTime>
<MsgType><![CDATA[event]]></MsgType>
<Event><![CDATA[VIEW]]></Event>
<EventKey><![CDATA[http://www.gzqtbw.com/app/index.php?i=19&c=home&t=28]]></EventKey>
<MenuId>442837782</MenuId>
</xml>

2018-03-04 18:58:37 params :
------------
Array:
message : Array ;
module : basic ;
rule : 27 ;
priority : 0 ;
keyword : Array ;

2018-03-04 18:58:37 response :
------------
Array:
FromUserName : gh_28e767424b83 ;
ToUserName : oaJVu0eio31Z0Ljb1xygiBzmNhlk ;
MsgType : text ;
Content : 各位宗亲，大家好！欢迎关注贵州若木商贸公众号！ ;

2018-03-04 18:58:54 trace :
------------
String:
<xml><ToUserName><![CDATA[gh_28e767424b83]]></ToUserName>
<FromUserName><![CDATA[oaJVu0eio31Z0Ljb1xygiBzmNhlk]]></FromUserName>
<CreateTime>1520161134</CreateTime>
<MsgType><![CDATA[event]]></MsgType>
<Event><![CDATA[CLICK]]></Event>
<EventKey><![CDATA[客服]]></EventKey>
</xml>

2018-03-04 18:58:54 params :
------------
Array:
message : Array ;
module : basic ;
rule : 28 ;
priority : 0 ;
keyword : Array ;

2018-03-04 18:58:54 response :
------------
Array:
FromUserName : gh_28e767424b83 ;
ToUserName : oaJVu0eio31Z0Ljb1xygiBzmNhlk ;
MsgType : text ;
Content : 徐女士：18286326022（微信同号） ;

2018-03-04 19:57:07 trace :
------------
String:
<xml><ToUserName><![CDATA[gh_07a7ab1e550f]]></ToUserName>
<FromUserName><![CDATA[oBqpn1QN4P5XEvm6KPxYG3djQ2_U]]></FromUserName>
<CreateTime>1520164627</CreateTime>
<MsgType><![CDATA[event]]></MsgType>
<Event><![CDATA[VIEW]]></Event>
<EventKey><![CDATA[http://www.gzqtbw.com/app/index.php?i=18&c=entry&do=shop&m=ewei_shop]]></EventKey>
<MenuId>442049859</MenuId>
</xml>

2018-03-04 19:57:07 params :
------------
Array:
message : Array ;
module : basic ;
rule : 20 ;
priority : 0 ;
keyword : Array ;

2018-03-04 19:57:07 response :
------------
Array:
FromUserName : gh_07a7ab1e550f ;
ToUserName : oBqpn1QN4P5XEvm6KPxYG3djQ2_U ;
MsgType : text ;
Content : 感谢关注贵州罗甸红心火龙果/爱心 ;

2018-03-04 20:15:35 trace :
------------
String:
<xml><ToUserName><![CDATA[gh_07a7ab1e550f]]></ToUserName>
<FromUserName><![CDATA[oBqpn1QN4P5XEvm6KPxYG3djQ2_U]]></FromUserName>
<CreateTime>1520165734</CreateTime>
<MsgType><![CDATA[event]]></MsgType>
<Event><![CDATA[VIEW]]></Event>
<EventKey><![CDATA[http://www.gzqtbw.com/app/index.php?i=18&c=entry&do=shop&m=ewei_shop]]></EventKey>
<MenuId>442049859</MenuId>
</xml>

2018-03-04 20:15:35 params :
------------
Array:
message : Array ;
module : basic ;
rule : 20 ;
priority : 0 ;
keyword : Array ;

2018-03-04 20:15:35 response :
------------
Array:
FromUserName : gh_07a7ab1e550f ;
ToUserName : oBqpn1QN4P5XEvm6KPxYG3djQ2_U ;
MsgType : text ;
Content : 感谢关注贵州罗甸红心火龙果/爱心 ;

