2018-09-16 10:46:57 trace :
------------
Array:
errno : -1 ;
message : 微信公众平台返回接口错误. 
错误代码为: 40005 
,错误描述为: appid 校验错误 ;

2018-09-16 10:46:57 waring :
------------
String:
Request Failed

2018-09-16 10:47:01 trace :
------------
Array:
errno : -1 ;
message : 微信公众平台返回接口错误. 
错误代码为: 40005 
,错误描述为: appid 校验错误 ;

2018-09-16 10:47:01 waring :
------------
String:
Request Failed

2018-09-16 10:47:05 trace :
------------
Array:
errno : -1 ;
message : 微信公众平台返回接口错误. 
错误代码为: 40005 
,错误描述为: appid 校验错误 ;

2018-09-16 10:47:05 waring :
------------
String:
Request Failed

2018-09-16 10:47:13 trace :
------------
Array:
errno : -1 ;
message : 微信公众平台返回接口错误. 
错误代码为: 40005 
,错误描述为: appid 校验错误 ;

2018-09-16 10:47:13 waring :
------------
String:
Request Failed

2018-09-16 11:48:56 trace :
------------
String:
<xml><ToUserName><![CDATA[gh_07a7ab1e550f]]></ToUserName>
<FromUserName><![CDATA[oBqpn1TtBBl1Rmiih9ykQ7LNMa4U]]></FromUserName>
<CreateTime>1537069736</CreateTime>
<MsgType><![CDATA[event]]></MsgType>
<Event><![CDATA[unsubscribe]]></Event>
<EventKey><![CDATA[]]></EventKey>
</xml>

2018-09-16 11:56:40 trace :
------------
String:
<xml><ToUserName><![CDATA[gh_07a7ab1e550f]]></ToUserName>
<FromUserName><![CDATA[oBqpn1dnJ6LH7OQ--Wa1K4ClAN4Y]]></FromUserName>
<CreateTime>1537070200</CreateTime>
<MsgType><![CDATA[event]]></MsgType>
<Event><![CDATA[unsubscribe]]></Event>
<EventKey><![CDATA[]]></EventKey>
</xml>

2018-09-16 14:36:47 trace :
------------
String:
<xml><ToUserName><![CDATA[gh_07a7ab1e550f]]></ToUserName>
<FromUserName><![CDATA[oBqpn1Us116y2VL4X3gG8Q_fcYO0]]></FromUserName>
<CreateTime>1537079807</CreateTime>
<MsgType><![CDATA[event]]></MsgType>
<Event><![CDATA[VIEW]]></Event>
<EventKey><![CDATA[http://www.gzqtbw.com/app/index.php?i=18&c=entry&do=shop&m=ewei_shop]]></EventKey>
<MenuId>442049859</MenuId>
</xml>

2018-09-16 14:36:47 params :
------------
Array:
message : Array ;
module : basic ;
rule : 20 ;
priority : 0 ;
keyword : Array ;

2018-09-16 14:36:47 response :
------------
Array:
FromUserName : gh_07a7ab1e550f ;
ToUserName : oBqpn1Us116y2VL4X3gG8Q_fcYO0 ;
MsgType : text ;
Content : 感谢关注贵州罗甸红心火龙果/爱心 ;

2018-09-16 14:37:07 trace :
------------
String:
<xml><ToUserName><![CDATA[gh_07a7ab1e550f]]></ToUserName>
<FromUserName><![CDATA[oBqpn1Us116y2VL4X3gG8Q_fcYO0]]></FromUserName>
<CreateTime>1537079827</CreateTime>
<MsgType><![CDATA[event]]></MsgType>
<Event><![CDATA[VIEW]]></Event>
<EventKey><![CDATA[http://www.gzqtbw.com/app/index.php?i=18&c=entry&do=shop&m=ewei_shop]]></EventKey>
<MenuId>442049859</MenuId>
</xml>

2018-09-16 14:37:07 params :
------------
Array:
message : Array ;
module : basic ;
rule : 20 ;
priority : 0 ;
keyword : Array ;

2018-09-16 14:37:07 response :
------------
Array:
FromUserName : gh_07a7ab1e550f ;
ToUserName : oBqpn1Us116y2VL4X3gG8Q_fcYO0 ;
MsgType : text ;
Content : 感谢关注贵州罗甸红心火龙果/爱心 ;

