2018-06-20 11:58:04 trace :
------------
String:
<xml><ToUserName><![CDATA[gh_07a7ab1e550f]]></ToUserName>
<FromUserName><![CDATA[oBqpn1bq6cIueh5QFI6EPc5pesGQ]]></FromUserName>
<CreateTime>1529467084</CreateTime>
<MsgType><![CDATA[event]]></MsgType>
<Event><![CDATA[subscribe]]></Event>
<EventKey><![CDATA[]]></EventKey>
</xml>

2018-06-20 11:58:04 params :
------------
Array:
message : Array ;
module : basic ;
rule : 20 ;
priority : 0 ;
keyword : Array ;

2018-06-20 11:58:04 response :
------------
Array:
FromUserName : gh_07a7ab1e550f ;
ToUserName : oBqpn1bq6cIueh5QFI6EPc5pesGQ ;
MsgType : text ;
Content : 感谢关注贵州罗甸红心火龙果/爱心 ;

2018-06-20 14:53:02 trace :
------------
String:
<xml><ToUserName><![CDATA[gh_07a7ab1e550f]]></ToUserName>
<FromUserName><![CDATA[oBqpn1bq6cIueh5QFI6EPc5pesGQ]]></FromUserName>
<CreateTime>1529477582</CreateTime>
<MsgType><![CDATA[event]]></MsgType>
<Event><![CDATA[VIEW]]></Event>
<EventKey><![CDATA[http://www.gzqtbw.com/app/index.php?i=18&c=entry&do=shop&m=ewei_shop]]></EventKey>
<MenuId>442049859</MenuId>
</xml>

2018-06-20 14:53:02 params :
------------
Array:
message : Array ;
module : basic ;
rule : 20 ;
priority : 0 ;
keyword : Array ;

2018-06-20 14:53:02 response :
------------
Array:
FromUserName : gh_07a7ab1e550f ;
ToUserName : oBqpn1bq6cIueh5QFI6EPc5pesGQ ;
MsgType : text ;
Content : 感谢关注贵州罗甸红心火龙果/爱心 ;

2018-06-20 14:53:46 trace :
------------
String:
<xml><ToUserName><![CDATA[gh_07a7ab1e550f]]></ToUserName>
<FromUserName><![CDATA[oBqpn1bq6cIueh5QFI6EPc5pesGQ]]></FromUserName>
<CreateTime>1529477624</CreateTime>
<MsgType><![CDATA[event]]></MsgType>
<Event><![CDATA[VIEW]]></Event>
<EventKey><![CDATA[http://www.gzqtbw.com/app/index.php?i=18&c=entry&do=shop&m=ewei_shop]]></EventKey>
<MenuId>442049859</MenuId>
</xml>

2018-06-20 14:53:46 params :
------------
Array:
message : Array ;
module : basic ;
rule : 20 ;
priority : 0 ;
keyword : Array ;

2018-06-20 14:53:46 response :
------------
Array:
FromUserName : gh_07a7ab1e550f ;
ToUserName : oBqpn1bq6cIueh5QFI6EPc5pesGQ ;
MsgType : text ;
Content : 感谢关注贵州罗甸红心火龙果/爱心 ;

2018-06-20 14:54:42 trace :
------------
String:
<xml><ToUserName><![CDATA[gh_07a7ab1e550f]]></ToUserName>
<FromUserName><![CDATA[oBqpn1bq6cIueh5QFI6EPc5pesGQ]]></FromUserName>
<CreateTime>1529477682</CreateTime>
<MsgType><![CDATA[event]]></MsgType>
<Event><![CDATA[VIEW]]></Event>
<EventKey><![CDATA[http://www.gzqtbw.com/app/index.php?i=18&c=entry&do=shop&m=ewei_shop]]></EventKey>
<MenuId>442049859</MenuId>
</xml>

2018-06-20 14:54:42 params :
------------
Array:
message : Array ;
module : basic ;
rule : 20 ;
priority : 0 ;
keyword : Array ;

2018-06-20 14:54:42 response :
------------
Array:
FromUserName : gh_07a7ab1e550f ;
ToUserName : oBqpn1bq6cIueh5QFI6EPc5pesGQ ;
MsgType : text ;
Content : 感谢关注贵州罗甸红心火龙果/爱心 ;

2018-06-20 15:01:55 trace :
------------
String:
<xml><ToUserName><![CDATA[gh_a9b445bf4f73]]></ToUserName>
<FromUserName><![CDATA[oaQb9wT-ac5F3hz8_FipJEBm-sQk]]></FromUserName>
<CreateTime>1529478115</CreateTime>
<MsgType><![CDATA[event]]></MsgType>
<Event><![CDATA[VIEW]]></Event>
<EventKey><![CDATA[http://mb.gzqtbw.com]]></EventKey>
<MenuId>424172745</MenuId>
</xml>

2018-06-20 15:01:55 params :
------------
Array:
message : Array ;
module : basic ;
rule : 16 ;
priority : 0 ;
keyword : Array ;

2018-06-20 15:01:55 response :
------------
Array:
FromUserName : gh_a9b445bf4f73 ;
ToUserName : oaQb9wT-ac5F3hz8_FipJEBm-sQk ;
MsgType : text ;
Content : 欢迎关注贵州博达云科技发展有限公司！ ;

2018-06-20 16:45:58 trace :
------------
String:
<xml><ToUserName><![CDATA[gh_a9b445bf4f73]]></ToUserName>
<FromUserName><![CDATA[oaQb9wT-ac5F3hz8_FipJEBm-sQk]]></FromUserName>
<CreateTime>1529484357</CreateTime>
<MsgType><![CDATA[event]]></MsgType>
<Event><![CDATA[VIEW]]></Event>
<EventKey><![CDATA[http://mb.gzqtbw.com]]></EventKey>
<MenuId>424172745</MenuId>
</xml>

2018-06-20 16:45:58 params :
------------
Array:
message : Array ;
module : basic ;
rule : 16 ;
priority : 0 ;
keyword : Array ;

2018-06-20 16:45:58 response :
------------
Array:
FromUserName : gh_a9b445bf4f73 ;
ToUserName : oaQb9wT-ac5F3hz8_FipJEBm-sQk ;
MsgType : text ;
Content : 欢迎关注贵州博达云科技发展有限公司！ ;

2018-06-20 18:18:52 trace :
------------
String:
<xml><ToUserName><![CDATA[gh_a9b445bf4f73]]></ToUserName>
<FromUserName><![CDATA[oaQb9wT-ac5F3hz8_FipJEBm-sQk]]></FromUserName>
<CreateTime>1529489932</CreateTime>
<MsgType><![CDATA[event]]></MsgType>
<Event><![CDATA[VIEW]]></Event>
<EventKey><![CDATA[http://mb.gzqtbw.com]]></EventKey>
<MenuId>424172745</MenuId>
</xml>

2018-06-20 18:18:52 params :
------------
Array:
message : Array ;
module : basic ;
rule : 16 ;
priority : 0 ;
keyword : Array ;

2018-06-20 18:18:52 response :
------------
Array:
FromUserName : gh_a9b445bf4f73 ;
ToUserName : oaQb9wT-ac5F3hz8_FipJEBm-sQk ;
MsgType : text ;
Content : 欢迎关注贵州博达云科技发展有限公司！ ;

2018-06-20 19:27:15 trace :
------------
String:
<xml><ToUserName><![CDATA[gh_07a7ab1e550f]]></ToUserName>
<FromUserName><![CDATA[oBqpn1bzU9th5PeWKqRlsHcUMe9I]]></FromUserName>
<CreateTime>1529494035</CreateTime>
<MsgType><![CDATA[event]]></MsgType>
<Event><![CDATA[subscribe]]></Event>
<EventKey><![CDATA[]]></EventKey>
</xml>

2018-06-20 19:27:15 params :
------------
Array:
message : Array ;
module : basic ;
rule : 20 ;
priority : 0 ;
keyword : Array ;

2018-06-20 19:27:15 response :
------------
Array:
FromUserName : gh_07a7ab1e550f ;
ToUserName : oBqpn1bzU9th5PeWKqRlsHcUMe9I ;
MsgType : text ;
Content : 感谢关注贵州罗甸红心火龙果/爱心 ;

