2018-09-04 00:19:42 trace :
------------
String:
<xml><ToUserName><![CDATA[gh_07a7ab1e550f]]></ToUserName>
<FromUserName><![CDATA[oBqpn1ZUDVeYsTw1YGOxmb87ge9s]]></FromUserName>
<CreateTime>1535991582</CreateTime>
<MsgType><![CDATA[event]]></MsgType>
<Event><![CDATA[unsubscribe]]></Event>
<EventKey><![CDATA[]]></EventKey>
</xml>

2018-09-04 07:05:15 trace :
------------
String:
<xml><ToUserName><![CDATA[gh_3280735b50d8]]></ToUserName>
<FromUserName><![CDATA[oyWTK1NUzTKPXf36sB_FRxKmDLqI]]></FromUserName>
<CreateTime>1536015915</CreateTime>
<MsgType><![CDATA[event]]></MsgType>
<Event><![CDATA[MASSSENDJOBFINISH]]></Event>
<MsgID>1000000035</MsgID>
<Status><![CDATA[send success]]></Status>
<TotalCount>179</TotalCount>
<FilterCount>179</FilterCount>
<SentCount>179</SentCount>
<ErrorCount>0</ErrorCount>
<CopyrightCheckResult><Count>0</Count>
<ResultList></ResultList>
<CheckState>0</CheckState>
</CopyrightCheckResult>
</xml>

2018-09-04 07:05:15 params :
------------
Array:
message : Array ;
module : basic ;
rule : 11 ;
priority : 0 ;
keyword : Array ;

2018-09-04 07:05:15 response :
------------
Array:
FromUserName : gh_3280735b50d8 ;
ToUserName : oyWTK1NUzTKPXf36sB_FRxKmDLqI ;
MsgType : text ;
Content : 欢迎关注黔满园荣贵微信公众号！ ;

2018-09-04 07:10:14 trace :
------------
String:
<xml><ToUserName><![CDATA[gh_3280735b50d8]]></ToUserName>
<FromUserName><![CDATA[oyWTK1PAgSlTjk1iYIQRvZTpbyqU]]></FromUserName>
<CreateTime>1536016214</CreateTime>
<MsgType><![CDATA[event]]></MsgType>
<Event><![CDATA[VIEW]]></Event>
<EventKey><![CDATA[http://www.gzqtbw.com/app/index.php?i=10&c=mc&a=card&do=sign_display&]]></EventKey>
<MenuId>427588424</MenuId>
</xml>

2018-09-04 07:10:14 params :
------------
Array:
message : Array ;
module : basic ;
rule : 11 ;
priority : 0 ;
keyword : Array ;

2018-09-04 07:10:14 response :
------------
Array:
FromUserName : gh_3280735b50d8 ;
ToUserName : oyWTK1PAgSlTjk1iYIQRvZTpbyqU ;
MsgType : text ;
Content : 欢迎关注黔满园荣贵微信公众号！ ;

2018-09-04 07:16:44 trace :
------------
String:
<xml><ToUserName><![CDATA[gh_3280735b50d8]]></ToUserName>
<FromUserName><![CDATA[oyWTK1F3bwkNyyiOFZaMrt4lS1nA]]></FromUserName>
<CreateTime>1536016604</CreateTime>
<MsgType><![CDATA[event]]></MsgType>
<Event><![CDATA[unsubscribe]]></Event>
<EventKey><![CDATA[]]></EventKey>
</xml>

2018-09-04 07:24:07 trace :
------------
String:
<xml><ToUserName><![CDATA[gh_3280735b50d8]]></ToUserName>
<FromUserName><![CDATA[oyWTK1IVmGJdmXNIq_OaNERttrrY]]></FromUserName>
<CreateTime>1536017047</CreateTime>
<MsgType><![CDATA[event]]></MsgType>
<Event><![CDATA[VIEW]]></Event>
<EventKey><![CDATA[http://www.gzqtbw.com/app/index.php?i=10&c=mc&a=card&do=sign_display&]]></EventKey>
<MenuId>427588424</MenuId>
</xml>

2018-09-04 07:24:07 params :
------------
Array:
message : Array ;
module : basic ;
rule : 11 ;
priority : 0 ;
keyword : Array ;

2018-09-04 07:24:07 response :
------------
Array:
FromUserName : gh_3280735b50d8 ;
ToUserName : oyWTK1IVmGJdmXNIq_OaNERttrrY ;
MsgType : text ;
Content : 欢迎关注黔满园荣贵微信公众号！ ;

