2018-08-03 09:09:45 trace :
------------
String:
<xml><ToUserName><![CDATA[gh_07a7ab1e550f]]></ToUserName>
<FromUserName><![CDATA[oBqpn1ULFCP2opVU_YNfWfL5wMAY]]></FromUserName>
<CreateTime>1533258585</CreateTime>
<MsgType><![CDATA[event]]></MsgType>
<Event><![CDATA[VIEW]]></Event>
<EventKey><![CDATA[http://www.gzqtbw.com/app/index.php?i=18&c=entry&do=shop&m=ewei_shop]]></EventKey>
<MenuId>442049859</MenuId>
</xml>

2018-08-03 09:09:45 params :
------------
Array:
message : Array ;
module : basic ;
rule : 20 ;
priority : 0 ;
keyword : Array ;

2018-08-03 09:09:45 response :
------------
Array:
FromUserName : gh_07a7ab1e550f ;
ToUserName : oBqpn1ULFCP2opVU_YNfWfL5wMAY ;
MsgType : text ;
Content : 感谢关注贵州罗甸红心火龙果/爱心 ;

2018-08-03 09:10:44 trace :
------------
String:
<xml><ToUserName><![CDATA[gh_07a7ab1e550f]]></ToUserName>
<FromUserName><![CDATA[oBqpn1ULFCP2opVU_YNfWfL5wMAY]]></FromUserName>
<CreateTime>1533258644</CreateTime>
<MsgType><![CDATA[event]]></MsgType>
<Event><![CDATA[VIEW]]></Event>
<EventKey><![CDATA[http://www.gzqtbw.com/app/index.php?i=18&c=entry&do=shop&m=ewei_shop]]></EventKey>
<MenuId>442049859</MenuId>
</xml>

2018-08-03 09:10:44 params :
------------
Array:
message : Array ;
module : basic ;
rule : 20 ;
priority : 0 ;
keyword : Array ;

2018-08-03 09:10:44 response :
------------
Array:
FromUserName : gh_07a7ab1e550f ;
ToUserName : oBqpn1ULFCP2opVU_YNfWfL5wMAY ;
MsgType : text ;
Content : 感谢关注贵州罗甸红心火龙果/爱心 ;

2018-08-03 13:07:38 trace :
------------
Array:
errno : -1 ;
message : 微信公众平台返回接口错误. 
错误代码为: 40005 
,错误描述为: appid 校验错误 ;

2018-08-03 13:07:38 waring :
------------
String:
Request Failed

2018-08-03 13:07:44 trace :
------------
Array:
errno : -1 ;
message : 微信公众平台返回接口错误. 
错误代码为: 40005 
,错误描述为: appid 校验错误 ;

2018-08-03 13:07:44 waring :
------------
String:
Request Failed

2018-08-03 13:08:34 trace :
------------
Array:
errno : -1 ;
message : 微信公众平台返回接口错误. 
错误代码为: 40005 
,错误描述为: appid 校验错误 ;

2018-08-03 13:08:34 waring :
------------
String:
Request Failed

2018-08-03 22:33:46 trace :
------------
String:
<xml><ToUserName><![CDATA[gh_3280735b50d8]]></ToUserName>
<FromUserName><![CDATA[oyWTK1LrNkri_0fwfSKSXfjcGjYc]]></FromUserName>
<CreateTime>1533306825</CreateTime>
<MsgType><![CDATA[event]]></MsgType>
<Event><![CDATA[unsubscribe]]></Event>
<EventKey><![CDATA[]]></EventKey>
</xml>

