2018-02-10 10:32:17 trace :
------------
String:
<xml><ToUserName><![CDATA[gh_3280735b50d8]]></ToUserName>
<FromUserName><![CDATA[oyWTK1KJNOf-gv6Gyao8BBzKRDzk]]></FromUserName>
<CreateTime>1518229937</CreateTime>
<MsgType><![CDATA[event]]></MsgType>
<Event><![CDATA[VIEW]]></Event>
<EventKey><![CDATA[http://www.gzqtbw.com/app/index.php?i=10&c=mc&a=card&do=sign_display&]]></EventKey>
<MenuId>427588424</MenuId>
</xml>

2018-02-10 10:32:17 params :
------------
Array:
message : Array ;
module : basic ;
rule : 11 ;
priority : 0 ;
keyword : Array ;

2018-02-10 10:32:17 response :
------------
Array:
FromUserName : gh_3280735b50d8 ;
ToUserName : oyWTK1KJNOf-gv6Gyao8BBzKRDzk ;
MsgType : text ;
Content : 欢迎关注黔满园荣贵微信公众号！ ;

2018-02-10 10:32:29 trace :
------------
String:
<xml><ToUserName><![CDATA[gh_3280735b50d8]]></ToUserName>
<FromUserName><![CDATA[oyWTK1KJNOf-gv6Gyao8BBzKRDzk]]></FromUserName>
<CreateTime>1518229948</CreateTime>
<MsgType><![CDATA[event]]></MsgType>
<Event><![CDATA[VIEW]]></Event>
<EventKey><![CDATA[http://www.gzqtbw.com/app/index.php?i=10&c=home&t=12]]></EventKey>
<MenuId>427588424</MenuId>
</xml>

2018-02-10 10:32:29 params :
------------
Array:
message : Array ;
module : basic ;
rule : 11 ;
priority : 0 ;
keyword : Array ;

2018-02-10 10:32:29 response :
------------
Array:
FromUserName : gh_3280735b50d8 ;
ToUserName : oyWTK1KJNOf-gv6Gyao8BBzKRDzk ;
MsgType : text ;
Content : 欢迎关注黔满园荣贵微信公众号！ ;

2018-02-10 16:00:02 trace :
------------
String:
<xml><ToUserName><![CDATA[gh_28e767424b83]]></ToUserName>
<FromUserName><![CDATA[oaJVu0Xk6QO1afrQHESQvi_eyg0I]]></FromUserName>
<CreateTime>1518249602</CreateTime>
<MsgType><![CDATA[event]]></MsgType>
<Event><![CDATA[subscribe]]></Event>
<EventKey><![CDATA[]]></EventKey>
</xml>

2018-02-10 16:00:02 params :
------------
Array:
message : Array ;
module : basic ;
rule : 27 ;
priority : 0 ;
keyword : Array ;

2018-02-10 16:00:02 response :
------------
Array:
FromUserName : gh_28e767424b83 ;
ToUserName : oaJVu0Xk6QO1afrQHESQvi_eyg0I ;
MsgType : text ;
Content : 各位宗亲，大家好！欢迎关注贵州若木商贸公众号！ ;

2018-02-10 16:00:10 trace :
------------
String:
<xml><ToUserName><![CDATA[gh_28e767424b83]]></ToUserName>
<FromUserName><![CDATA[oaJVu0Xk6QO1afrQHESQvi_eyg0I]]></FromUserName>
<CreateTime>1518249609</CreateTime>
<MsgType><![CDATA[event]]></MsgType>
<Event><![CDATA[VIEW]]></Event>
<EventKey><![CDATA[http://www.gzqtbw.com/app/index.php?i=19&c=home&t=29]]></EventKey>
<MenuId>442837782</MenuId>
</xml>

2018-02-10 16:00:10 params :
------------
Array:
message : Array ;
module : basic ;
rule : 27 ;
priority : 0 ;
keyword : Array ;

2018-02-10 16:00:10 response :
------------
Array:
FromUserName : gh_28e767424b83 ;
ToUserName : oaJVu0Xk6QO1afrQHESQvi_eyg0I ;
MsgType : text ;
Content : 各位宗亲，大家好！欢迎关注贵州若木商贸公众号！ ;

2018-02-10 16:34:10 trace :
------------
String:
<xml><ToUserName><![CDATA[gh_387f2586a480]]></ToUserName>
<FromUserName><![CDATA[oHlBev7OSwrRFyEuA-51i1UKqb18]]></FromUserName>
<CreateTime>1518251650</CreateTime>
<MsgType><![CDATA[event]]></MsgType>
<Event><![CDATA[subscribe]]></Event>
<EventKey><![CDATA[]]></EventKey>
</xml>

2018-02-10 16:34:10 params :
------------
Array:
message : Array ;
module : basic ;
rule : 13 ;
priority : 0 ;
keyword : Array ;

2018-02-10 16:34:10 response :
------------
Array:
FromUserName : gh_387f2586a480 ;
ToUserName : oHlBev7OSwrRFyEuA-51i1UKqb18 ;
MsgType : text ;
Content : 欢迎关注李记梧桐人家微信公众号！ ;

2018-02-10 21:18:32 trace :
------------
String:
<xml><ToUserName><![CDATA[gh_07a7ab1e550f]]></ToUserName>
<FromUserName><![CDATA[oBqpn1XrRXwVXpv2YdtBhkVTrUzY]]></FromUserName>
<CreateTime>1518268712</CreateTime>
<MsgType><![CDATA[event]]></MsgType>
<Event><![CDATA[VIEW]]></Event>
<EventKey><![CDATA[http://www.gzqtbw.com/app/index.php?i=18&c=entry&do=shop&m=ewei_shop]]></EventKey>
<MenuId>442049859</MenuId>
</xml>

2018-02-10 21:18:32 params :
------------
Array:
message : Array ;
module : basic ;
rule : 20 ;
priority : 0 ;
keyword : Array ;

2018-02-10 21:18:32 response :
------------
Array:
FromUserName : gh_07a7ab1e550f ;
ToUserName : oBqpn1XrRXwVXpv2YdtBhkVTrUzY ;
MsgType : text ;
Content : 感谢关注贵州罗甸红心火龙果/爱心 ;

