2018-03-24 11:17:30 trace :
------------
Array:
errno : -1 ;
message : 微信公众平台返回接口错误. 
错误代码为: 40005 
,错误描述为: appid 校验错误 ;

2018-03-24 11:17:30 waring :
------------
String:
Request Failed

2018-03-24 13:20:13 trace :
------------
String:
<xml><ToUserName><![CDATA[gh_3280735b50d8]]></ToUserName>
<FromUserName><![CDATA[oyWTK1CFDwE-WuyS7tN7pxtoLFjI]]></FromUserName>
<CreateTime>1521868812</CreateTime>
<MsgType><![CDATA[event]]></MsgType>
<Event><![CDATA[wx_verify_dispatch]]></Event>
<Provider><![CDATA[上海倍通企业信用征信有限公司]]></Provider>
<Contact><![CDATA[咨询电话：0411-84947888，咨询时间：周一至周五（工作日）8：30-17：30]]></Contact>
<DispatchTime>1521624490</DispatchTime>
</xml>

2018-03-24 13:20:13 params :
------------
Array:
message : Array ;
module : basic ;
rule : 11 ;
priority : 0 ;
keyword : Array ;

2018-03-24 13:20:13 response :
------------
Array:
FromUserName : gh_3280735b50d8 ;
ToUserName : oyWTK1CFDwE-WuyS7tN7pxtoLFjI ;
MsgType : text ;
Content : 欢迎关注黔满园荣贵微信公众号！ ;

2018-03-24 14:34:53 trace :
------------
String:
<xml><ToUserName><![CDATA[gh_3280735b50d8]]></ToUserName>
<FromUserName><![CDATA[oyWTK1CFDwE-WuyS7tN7pxtoLFjI]]></FromUserName>
<CreateTime>1521873293</CreateTime>
<MsgType><![CDATA[event]]></MsgType>
<Event><![CDATA[qualification_verify_success]]></Event>
<ExpiredTime>1553911583</ExpiredTime>
</xml>

2018-03-24 14:34:53 params :
------------
Array:
message : Array ;
module : basic ;
rule : 11 ;
priority : 0 ;
keyword : Array ;

2018-03-24 14:34:53 response :
------------
Array:
FromUserName : gh_3280735b50d8 ;
ToUserName : oyWTK1CFDwE-WuyS7tN7pxtoLFjI ;
MsgType : text ;
Content : 欢迎关注黔满园荣贵微信公众号！ ;

2018-03-24 14:36:40 trace :
------------
String:
<xml><ToUserName><![CDATA[gh_3280735b50d8]]></ToUserName>
<FromUserName><![CDATA[oyWTK1CFDwE-WuyS7tN7pxtoLFjI]]></FromUserName>
<CreateTime>1521873399</CreateTime>
<MsgType><![CDATA[event]]></MsgType>
<Event><![CDATA[naming_verify_success]]></Event>
<ExpiredTime>1553911583</ExpiredTime>
</xml>

2018-03-24 14:36:40 params :
------------
Array:
message : Array ;
module : basic ;
rule : 11 ;
priority : 0 ;
keyword : Array ;

2018-03-24 14:36:40 response :
------------
Array:
FromUserName : gh_3280735b50d8 ;
ToUserName : oyWTK1CFDwE-WuyS7tN7pxtoLFjI ;
MsgType : text ;
Content : 欢迎关注黔满园荣贵微信公众号！ ;

