2018-07-19 21:31:51 trace :
------------
String:
<xml><ToUserName><![CDATA[gh_07a7ab1e550f]]></ToUserName>
<FromUserName><![CDATA[oBqpn1RP5Ru3gIDR64bQGjuGGhgE]]></FromUserName>
<CreateTime>1532007111</CreateTime>
<MsgType><![CDATA[event]]></MsgType>
<Event><![CDATA[subscribe]]></Event>
<EventKey><![CDATA[]]></EventKey>
</xml>

2018-07-19 21:31:51 params :
------------
Array:
message : Array ;
module : basic ;
rule : 20 ;
priority : 0 ;
keyword : Array ;

2018-07-19 21:31:51 response :
------------
Array:
FromUserName : gh_07a7ab1e550f ;
ToUserName : oBqpn1RP5Ru3gIDR64bQGjuGGhgE ;
MsgType : text ;
Content : 感谢关注贵州罗甸红心火龙果/爱心 ;

2018-07-19 21:31:55 trace :
------------
String:
<xml><ToUserName><![CDATA[gh_07a7ab1e550f]]></ToUserName>
<FromUserName><![CDATA[oBqpn1RP5Ru3gIDR64bQGjuGGhgE]]></FromUserName>
<CreateTime>1532007115</CreateTime>
<MsgType><![CDATA[event]]></MsgType>
<Event><![CDATA[VIEW]]></Event>
<EventKey><![CDATA[http://www.gzqtbw.com/app/index.php?i=18&c=entry&do=shop&m=ewei_shop]]></EventKey>
<MenuId>442049859</MenuId>
</xml>

2018-07-19 21:31:55 params :
------------
Array:
message : Array ;
module : basic ;
rule : 20 ;
priority : 0 ;
keyword : Array ;

2018-07-19 21:31:55 response :
------------
Array:
FromUserName : gh_07a7ab1e550f ;
ToUserName : oBqpn1RP5Ru3gIDR64bQGjuGGhgE ;
MsgType : text ;
Content : 感谢关注贵州罗甸红心火龙果/爱心 ;

