2018-09-05 10:36:11 trace :
------------
String:
<xml><ToUserName><![CDATA[gh_07a7ab1e550f]]></ToUserName>
<FromUserName><![CDATA[oBqpn1VmEnr_yG3NqFgnX00RZGVg]]></FromUserName>
<CreateTime>1536114971</CreateTime>
<MsgType><![CDATA[event]]></MsgType>
<Event><![CDATA[unsubscribe]]></Event>
<EventKey><![CDATA[]]></EventKey>
</xml>

2018-09-05 16:37:14 trace :
------------
String:
<xml><ToUserName><![CDATA[gh_a9b445bf4f73]]></ToUserName>
<FromUserName><![CDATA[oaQb9wZ2Vrrb8h71mXe5-eslkzlA]]></FromUserName>
<CreateTime>1536136634</CreateTime>
<MsgType><![CDATA[event]]></MsgType>
<Event><![CDATA[subscribe]]></Event>
<EventKey><![CDATA[]]></EventKey>
</xml>

2018-09-05 16:37:14 params :
------------
Array:
message : Array ;
module : basic ;
rule : 16 ;
priority : 0 ;
keyword : Array ;

2018-09-05 16:37:14 response :
------------
Array:
FromUserName : gh_a9b445bf4f73 ;
ToUserName : oaQb9wZ2Vrrb8h71mXe5-eslkzlA ;
MsgType : text ;
Content : 欢迎关注贵州博达云科技发展有限公司！ ;

2018-09-05 16:37:20 trace :
------------
String:
<xml><ToUserName><![CDATA[gh_a9b445bf4f73]]></ToUserName>
<FromUserName><![CDATA[oaQb9wZ2Vrrb8h71mXe5-eslkzlA]]></FromUserName>
<CreateTime>1536136640</CreateTime>
<MsgType><![CDATA[event]]></MsgType>
<Event><![CDATA[VIEW]]></Event>
<EventKey><![CDATA[http://www.gzqtbw.com/app/index.php?i=16&c=site&a=site&do=detail&id=22]]></EventKey>
<MenuId>424172745</MenuId>
</xml>

2018-09-05 16:37:20 params :
------------
Array:
message : Array ;
module : basic ;
rule : 16 ;
priority : 0 ;
keyword : Array ;

2018-09-05 16:37:20 response :
------------
Array:
FromUserName : gh_a9b445bf4f73 ;
ToUserName : oaQb9wZ2Vrrb8h71mXe5-eslkzlA ;
MsgType : text ;
Content : 欢迎关注贵州博达云科技发展有限公司！ ;

2018-09-05 16:37:28 trace :
------------
String:
<xml><ToUserName><![CDATA[gh_a9b445bf4f73]]></ToUserName>
<FromUserName><![CDATA[oaQb9wUHJY2AQGsbh-mmzXxMVFYM]]></FromUserName>
<CreateTime>1536136648</CreateTime>
<MsgType><![CDATA[event]]></MsgType>
<Event><![CDATA[subscribe]]></Event>
<EventKey><![CDATA[]]></EventKey>
</xml>

2018-09-05 16:37:28 params :
------------
Array:
message : Array ;
module : basic ;
rule : 16 ;
priority : 0 ;
keyword : Array ;

2018-09-05 16:37:28 response :
------------
Array:
FromUserName : gh_a9b445bf4f73 ;
ToUserName : oaQb9wUHJY2AQGsbh-mmzXxMVFYM ;
MsgType : text ;
Content : 欢迎关注贵州博达云科技发展有限公司！ ;

2018-09-05 16:38:48 trace :
------------
String:
<xml><ToUserName><![CDATA[gh_a9b445bf4f73]]></ToUserName>
<FromUserName><![CDATA[oaQb9wZ2Vrrb8h71mXe5-eslkzlA]]></FromUserName>
<CreateTime>1536136728</CreateTime>
<MsgType><![CDATA[event]]></MsgType>
<Event><![CDATA[VIEW]]></Event>
<EventKey><![CDATA[http://www.gzqtbw.com/app/index.php?i=16&c=site&a=site&do=detail&id=41]]></EventKey>
<MenuId>424172745</MenuId>
</xml>

2018-09-05 16:38:48 params :
------------
Array:
message : Array ;
module : basic ;
rule : 16 ;
priority : 0 ;
keyword : Array ;

2018-09-05 16:38:48 response :
------------
Array:
FromUserName : gh_a9b445bf4f73 ;
ToUserName : oaQb9wZ2Vrrb8h71mXe5-eslkzlA ;
MsgType : text ;
Content : 欢迎关注贵州博达云科技发展有限公司！ ;

2018-09-05 21:16:33 trace :
------------
String:
<xml><ToUserName><![CDATA[gh_387f2586a480]]></ToUserName>
<FromUserName><![CDATA[oHlBev8PpSfKVoRI6mDy_toYZL3Y]]></FromUserName>
<CreateTime>1536153393</CreateTime>
<MsgType><![CDATA[event]]></MsgType>
<Event><![CDATA[subscribe]]></Event>
<EventKey><![CDATA[]]></EventKey>
</xml>

2018-09-05 21:16:33 params :
------------
Array:
message : Array ;
module : basic ;
rule : 13 ;
priority : 0 ;
keyword : Array ;

2018-09-05 21:16:33 response :
------------
Array:
FromUserName : gh_387f2586a480 ;
ToUserName : oHlBev8PpSfKVoRI6mDy_toYZL3Y ;
MsgType : text ;
Content : 欢迎关注李记梧桐人家微信公众号！ ;

