2018-06-15 09:54:28 trace :
------------
String:
<xml><ToUserName><![CDATA[gh_387f2586a480]]></ToUserName>
<FromUserName><![CDATA[oHlBev23GsYZDifLDX4mQ49UbrA4]]></FromUserName>
<CreateTime>1529027668</CreateTime>
<MsgType><![CDATA[event]]></MsgType>
<Event><![CDATA[subscribe]]></Event>
<EventKey><![CDATA[]]></EventKey>
</xml>

2018-06-15 09:54:28 params :
------------
Array:
message : Array ;
module : basic ;
rule : 13 ;
priority : 0 ;
keyword : Array ;

2018-06-15 09:54:28 response :
------------
Array:
FromUserName : gh_387f2586a480 ;
ToUserName : oHlBev23GsYZDifLDX4mQ49UbrA4 ;
MsgType : text ;
Content : 欢迎关注李记梧桐人家微信公众号！ ;

2018-06-15 09:54:32 trace :
------------
String:
<xml><ToUserName><![CDATA[gh_387f2586a480]]></ToUserName>
<FromUserName><![CDATA[oHlBev23GsYZDifLDX4mQ49UbrA4]]></FromUserName>
<CreateTime>1529027672</CreateTime>
<MsgType><![CDATA[event]]></MsgType>
<Event><![CDATA[VIEW]]></Event>
<EventKey><![CDATA[http://www.gzqtbw.com/app/index.php?i=12&c=home&t=15]]></EventKey>
<MenuId>602413748</MenuId>
</xml>

2018-06-15 09:54:32 params :
------------
Array:
message : Array ;
module : basic ;
rule : 13 ;
priority : 0 ;
keyword : Array ;

2018-06-15 09:54:32 response :
------------
Array:
FromUserName : gh_387f2586a480 ;
ToUserName : oHlBev23GsYZDifLDX4mQ49UbrA4 ;
MsgType : text ;
Content : 欢迎关注李记梧桐人家微信公众号！ ;

2018-06-15 09:54:38 trace :
------------
String:
<xml><ToUserName><![CDATA[gh_387f2586a480]]></ToUserName>
<FromUserName><![CDATA[oHlBev23GsYZDifLDX4mQ49UbrA4]]></FromUserName>
<CreateTime>1529027678</CreateTime>
<MsgType><![CDATA[event]]></MsgType>
<Event><![CDATA[VIEW]]></Event>
<EventKey><![CDATA[http://www.gzqtbw.com/app/index.php?i=12&c=home&t=15]]></EventKey>
<MenuId>602413748</MenuId>
</xml>

2018-06-15 09:54:38 params :
------------
Array:
message : Array ;
module : basic ;
rule : 13 ;
priority : 0 ;
keyword : Array ;

2018-06-15 09:54:38 response :
------------
Array:
FromUserName : gh_387f2586a480 ;
ToUserName : oHlBev23GsYZDifLDX4mQ49UbrA4 ;
MsgType : text ;
Content : 欢迎关注李记梧桐人家微信公众号！ ;

2018-06-15 09:54:46 trace :
------------
String:
<xml><ToUserName><![CDATA[gh_387f2586a480]]></ToUserName>
<FromUserName><![CDATA[oHlBev23GsYZDifLDX4mQ49UbrA4]]></FromUserName>
<CreateTime>1529027686</CreateTime>
<MsgType><![CDATA[event]]></MsgType>
<Event><![CDATA[CLICK]]></Event>
<EventKey><![CDATA[。]]></EventKey>
</xml>

2018-06-15 09:54:46 params :
------------
Array:
message : Array ;
module : basic ;
rule : 13 ;
priority : 0 ;
keyword : Array ;

2018-06-15 09:54:46 response :
------------
Array:
FromUserName : gh_387f2586a480 ;
ToUserName : oHlBev23GsYZDifLDX4mQ49UbrA4 ;
MsgType : text ;
Content : 欢迎关注李记梧桐人家微信公众号！ ;

2018-06-15 09:54:53 trace :
------------
String:
<xml><ToUserName><![CDATA[gh_387f2586a480]]></ToUserName>
<FromUserName><![CDATA[oHlBev23GsYZDifLDX4mQ49UbrA4]]></FromUserName>
<CreateTime>1529027693</CreateTime>
<MsgType><![CDATA[event]]></MsgType>
<Event><![CDATA[VIEW]]></Event>
<EventKey><![CDATA[http://www.gzqtbw.com/app/index.php?i=12&c=mc&a=bond&do=mycard&]]></EventKey>
<MenuId>602413748</MenuId>
</xml>

2018-06-15 09:54:53 params :
------------
Array:
message : Array ;
module : basic ;
rule : 13 ;
priority : 0 ;
keyword : Array ;

2018-06-15 09:54:53 response :
------------
Array:
FromUserName : gh_387f2586a480 ;
ToUserName : oHlBev23GsYZDifLDX4mQ49UbrA4 ;
MsgType : text ;
Content : 欢迎关注李记梧桐人家微信公众号！ ;

2018-06-15 09:55:00 trace :
------------
String:
<xml><ToUserName><![CDATA[gh_387f2586a480]]></ToUserName>
<FromUserName><![CDATA[oHlBev23GsYZDifLDX4mQ49UbrA4]]></FromUserName>
<CreateTime>1529027700</CreateTime>
<MsgType><![CDATA[event]]></MsgType>
<Event><![CDATA[VIEW]]></Event>
<EventKey><![CDATA[http://www.gzqtbw.com/app/index.php?i=12&c=site&a=site&do=detail&id=10]]></EventKey>
<MenuId>602413748</MenuId>
</xml>

2018-06-15 09:55:00 params :
------------
Array:
message : Array ;
module : basic ;
rule : 13 ;
priority : 0 ;
keyword : Array ;

2018-06-15 09:55:00 response :
------------
Array:
FromUserName : gh_387f2586a480 ;
ToUserName : oHlBev23GsYZDifLDX4mQ49UbrA4 ;
MsgType : text ;
Content : 欢迎关注李记梧桐人家微信公众号！ ;

2018-06-15 09:55:06 trace :
------------
String:
<xml><ToUserName><![CDATA[gh_387f2586a480]]></ToUserName>
<FromUserName><![CDATA[oHlBev23GsYZDifLDX4mQ49UbrA4]]></FromUserName>
<CreateTime>1529027706</CreateTime>
<MsgType><![CDATA[event]]></MsgType>
<Event><![CDATA[VIEW]]></Event>
<EventKey><![CDATA[http://www.gzqtbw.com/app/index.php?i=12&c=site&a=site&do=detail&id=11]]></EventKey>
<MenuId>602413748</MenuId>
</xml>

2018-06-15 09:55:06 params :
------------
Array:
message : Array ;
module : basic ;
rule : 13 ;
priority : 0 ;
keyword : Array ;

2018-06-15 09:55:06 response :
------------
Array:
FromUserName : gh_387f2586a480 ;
ToUserName : oHlBev23GsYZDifLDX4mQ49UbrA4 ;
MsgType : text ;
Content : 欢迎关注李记梧桐人家微信公众号！ ;

2018-06-15 09:56:19 trace :
------------
String:
<xml><ToUserName><![CDATA[gh_387f2586a480]]></ToUserName>
<FromUserName><![CDATA[oHlBev23GsYZDifLDX4mQ49UbrA4]]></FromUserName>
<CreateTime>1529027779</CreateTime>
<MsgType><![CDATA[text]]></MsgType>
<Content><![CDATA[订餐]]></Content>
<MsgId>6567124306087117106</MsgId>
</xml>

2018-06-15 09:56:19 params :
------------
Array:
message : Array ;
module : basic ;
rule : 13 ;
priority : 0 ;
keyword : Array ;

2018-06-15 09:56:19 response :
------------
Array:
FromUserName : gh_387f2586a480 ;
ToUserName : oHlBev23GsYZDifLDX4mQ49UbrA4 ;
MsgType : text ;
Content : 欢迎关注李记梧桐人家微信公众号！ ;

2018-06-15 09:56:24 trace :
------------
String:
<xml><ToUserName><![CDATA[gh_387f2586a480]]></ToUserName>
<FromUserName><![CDATA[oHlBev23GsYZDifLDX4mQ49UbrA4]]></FromUserName>
<CreateTime>1529027784</CreateTime>
<MsgType><![CDATA[event]]></MsgType>
<Event><![CDATA[VIEW]]></Event>
<EventKey><![CDATA[http://www.gzqtbw.com/app/index.php?i=12&c=home&t=15]]></EventKey>
<MenuId>602413748</MenuId>
</xml>

2018-06-15 09:56:24 params :
------------
Array:
message : Array ;
module : basic ;
rule : 13 ;
priority : 0 ;
keyword : Array ;

2018-06-15 09:56:24 response :
------------
Array:
FromUserName : gh_387f2586a480 ;
ToUserName : oHlBev23GsYZDifLDX4mQ49UbrA4 ;
MsgType : text ;
Content : 欢迎关注李记梧桐人家微信公众号！ ;

2018-06-15 12:10:29 trace :
------------
String:
<xml><ToUserName><![CDATA[gh_94895cfd80a6]]></ToUserName>
<FromUserName><![CDATA[o92jL0SpiItosh-zoe1YuxyFgF0E]]></FromUserName>
<CreateTime>1529035828</CreateTime>
<MsgType><![CDATA[event]]></MsgType>
<Event><![CDATA[subscribe]]></Event>
<EventKey><![CDATA[]]></EventKey>
</xml>

2018-06-15 12:10:29 params :
------------
Array:
message : Array ;
module : basic ;
rule : 29 ;
priority : 0 ;
keyword : Array ;

2018-06-15 12:10:29 response :
------------
Array:
FromUserName : gh_94895cfd80a6 ;
ToUserName : o92jL0SpiItosh-zoe1YuxyFgF0E ;
MsgType : text ;
Content : 您好，欢迎关注赫章一小微信公众号！ ;

2018-06-15 12:10:32 trace :
------------
String:
<xml><ToUserName><![CDATA[gh_94895cfd80a6]]></ToUserName>
<FromUserName><![CDATA[o92jL0SpiItosh-zoe1YuxyFgF0E]]></FromUserName>
<CreateTime>1529035832</CreateTime>
<MsgType><![CDATA[event]]></MsgType>
<Event><![CDATA[VIEW]]></Event>
<EventKey><![CDATA[http://www.gzqtbw.com/app/index.php?i=20&c=home&t=32]]></EventKey>
<MenuId>476348390</MenuId>
</xml>

2018-06-15 12:10:32 params :
------------
Array:
message : Array ;
module : basic ;
rule : 29 ;
priority : 0 ;
keyword : Array ;

2018-06-15 12:10:32 response :
------------
Array:
FromUserName : gh_94895cfd80a6 ;
ToUserName : o92jL0SpiItosh-zoe1YuxyFgF0E ;
MsgType : text ;
Content : 您好，欢迎关注赫章一小微信公众号！ ;

2018-06-15 14:35:50 trace :
------------
String:
<xml><ToUserName><![CDATA[gh_3280735b50d8]]></ToUserName>
<FromUserName><![CDATA[oyWTK1IUyCGpqjp1szPmiwFsxZ9c]]></FromUserName>
<CreateTime>1529044550</CreateTime>
<MsgType><![CDATA[event]]></MsgType>
<Event><![CDATA[VIEW]]></Event>
<EventKey><![CDATA[http://www.gzqtbw.com/app/index.php?i=10&c=home&t=12]]></EventKey>
<MenuId>427588424</MenuId>
</xml>

2018-06-15 14:35:50 params :
------------
Array:
message : Array ;
module : basic ;
rule : 11 ;
priority : 0 ;
keyword : Array ;

2018-06-15 14:35:50 response :
------------
Array:
FromUserName : gh_3280735b50d8 ;
ToUserName : oyWTK1IUyCGpqjp1szPmiwFsxZ9c ;
MsgType : text ;
Content : 欢迎关注黔满园荣贵微信公众号！ ;

2018-06-15 16:44:29 trace :
------------
String:
<xml><ToUserName><![CDATA[gh_07a7ab1e550f]]></ToUserName>
<FromUserName><![CDATA[oBqpn1VPnIgUKqLwllKpcP7eFve8]]></FromUserName>
<CreateTime>1529052268</CreateTime>
<MsgType><![CDATA[event]]></MsgType>
<Event><![CDATA[subscribe]]></Event>
<EventKey><![CDATA[]]></EventKey>
</xml>

2018-06-15 16:44:29 params :
------------
Array:
message : Array ;
module : basic ;
rule : 20 ;
priority : 0 ;
keyword : Array ;

2018-06-15 16:44:29 response :
------------
Array:
FromUserName : gh_07a7ab1e550f ;
ToUserName : oBqpn1VPnIgUKqLwllKpcP7eFve8 ;
MsgType : text ;
Content : 感谢关注贵州罗甸红心火龙果/爱心 ;

2018-06-15 16:44:33 trace :
------------
String:
<xml><ToUserName><![CDATA[gh_07a7ab1e550f]]></ToUserName>
<FromUserName><![CDATA[oBqpn1VPnIgUKqLwllKpcP7eFve8]]></FromUserName>
<CreateTime>1529052273</CreateTime>
<MsgType><![CDATA[event]]></MsgType>
<Event><![CDATA[VIEW]]></Event>
<EventKey><![CDATA[http://www.gzqtbw.com/app/index.php?i=18&c=entry&do=shop&m=ewei_shop]]></EventKey>
<MenuId>442049859</MenuId>
</xml>

2018-06-15 16:44:33 params :
------------
Array:
message : Array ;
module : basic ;
rule : 20 ;
priority : 0 ;
keyword : Array ;

2018-06-15 16:44:33 response :
------------
Array:
FromUserName : gh_07a7ab1e550f ;
ToUserName : oBqpn1VPnIgUKqLwllKpcP7eFve8 ;
MsgType : text ;
Content : 感谢关注贵州罗甸红心火龙果/爱心 ;

2018-06-15 17:22:25 trace :
------------
String:
<xml><ToUserName><![CDATA[gh_07a7ab1e550f]]></ToUserName>
<FromUserName><![CDATA[oBqpn1fCrpoOJeCELS0_Va2rXUQM]]></FromUserName>
<CreateTime>1529054545</CreateTime>
<MsgType><![CDATA[event]]></MsgType>
<Event><![CDATA[subscribe]]></Event>
<EventKey><![CDATA[]]></EventKey>
</xml>

2018-06-15 17:22:25 params :
------------
Array:
message : Array ;
module : basic ;
rule : 20 ;
priority : 0 ;
keyword : Array ;

2018-06-15 17:22:25 response :
------------
Array:
FromUserName : gh_07a7ab1e550f ;
ToUserName : oBqpn1fCrpoOJeCELS0_Va2rXUQM ;
MsgType : text ;
Content : 感谢关注贵州罗甸红心火龙果/爱心 ;

2018-06-15 17:22:29 trace :
------------
String:
<xml><ToUserName><![CDATA[gh_07a7ab1e550f]]></ToUserName>
<FromUserName><![CDATA[oBqpn1fCrpoOJeCELS0_Va2rXUQM]]></FromUserName>
<CreateTime>1529054549</CreateTime>
<MsgType><![CDATA[event]]></MsgType>
<Event><![CDATA[VIEW]]></Event>
<EventKey><![CDATA[http://www.gzqtbw.com/app/index.php?i=18&c=entry&do=shop&m=ewei_shop]]></EventKey>
<MenuId>442049859</MenuId>
</xml>

2018-06-15 17:22:29 params :
------------
Array:
message : Array ;
module : basic ;
rule : 20 ;
priority : 0 ;
keyword : Array ;

2018-06-15 17:22:29 response :
------------
Array:
FromUserName : gh_07a7ab1e550f ;
ToUserName : oBqpn1fCrpoOJeCELS0_Va2rXUQM ;
MsgType : text ;
Content : 感谢关注贵州罗甸红心火龙果/爱心 ;

2018-06-15 20:56:29 trace :
------------
String:
<xml><ToUserName><![CDATA[gh_a9b445bf4f73]]></ToUserName>
<FromUserName><![CDATA[oaQb9wT-ac5F3hz8_FipJEBm-sQk]]></FromUserName>
<CreateTime>1529067389</CreateTime>
<MsgType><![CDATA[event]]></MsgType>
<Event><![CDATA[VIEW]]></Event>
<EventKey><![CDATA[http://mb.gzqtbw.com]]></EventKey>
<MenuId>424172745</MenuId>
</xml>

2018-06-15 20:56:29 params :
------------
Array:
message : Array ;
module : basic ;
rule : 16 ;
priority : 0 ;
keyword : Array ;

2018-06-15 20:56:29 response :
------------
Array:
FromUserName : gh_a9b445bf4f73 ;
ToUserName : oaQb9wT-ac5F3hz8_FipJEBm-sQk ;
MsgType : text ;
Content : 欢迎关注贵州博达云科技发展有限公司！ ;

