2018-02-07 08:03:03 trace :
------------
String:
<xml><ToUserName><![CDATA[gh_28e767424b83]]></ToUserName>
<FromUserName><![CDATA[oaJVu0Qx-M0vslOEqI6ZDT97NIPc]]></FromUserName>
<CreateTime>1517961783</CreateTime>
<MsgType><![CDATA[event]]></MsgType>
<Event><![CDATA[subscribe]]></Event>
<EventKey><![CDATA[]]></EventKey>
</xml>

2018-02-07 08:03:03 params :
------------
Array:
message : Array ;
module : basic ;
rule : 27 ;
priority : 0 ;
keyword : Array ;

2018-02-07 08:03:03 response :
------------
Array:
FromUserName : gh_28e767424b83 ;
ToUserName : oaJVu0Qx-M0vslOEqI6ZDT97NIPc ;
MsgType : text ;
Content : 各位宗亲，大家好!欢迎关注贵州若木商贸公众号！ ;

2018-02-07 08:03:16 trace :
------------
String:
<xml><ToUserName><![CDATA[gh_28e767424b83]]></ToUserName>
<FromUserName><![CDATA[oaJVu0Qx-M0vslOEqI6ZDT97NIPc]]></FromUserName>
<CreateTime>1517961795</CreateTime>
<MsgType><![CDATA[event]]></MsgType>
<Event><![CDATA[VIEW]]></Event>
<EventKey><![CDATA[http://www.gzqtbw.com/app/index.php?i=19&c=site&a=site&do=detail&id=55]]></EventKey>
<MenuId>442785035</MenuId>
</xml>

2018-02-07 08:03:16 params :
------------
Array:
message : Array ;
module : basic ;
rule : 27 ;
priority : 0 ;
keyword : Array ;

2018-02-07 08:03:16 response :
------------
Array:
FromUserName : gh_28e767424b83 ;
ToUserName : oaJVu0Qx-M0vslOEqI6ZDT97NIPc ;
MsgType : text ;
Content : 各位宗亲，大家好!欢迎关注贵州若木商贸公众号！ ;

2018-02-07 08:05:27 trace :
------------
String:
<xml><ToUserName><![CDATA[gh_28e767424b83]]></ToUserName>
<FromUserName><![CDATA[oaJVu0Qx-M0vslOEqI6ZDT97NIPc]]></FromUserName>
<CreateTime>1517961927</CreateTime>
<MsgType><![CDATA[event]]></MsgType>
<Event><![CDATA[VIEW]]></Event>
<EventKey><![CDATA[http://www.gzqtbw.com/app/index.php?i=19&c=home&t=28]]></EventKey>
<MenuId>442785035</MenuId>
</xml>

2018-02-07 08:05:27 params :
------------
Array:
message : Array ;
module : basic ;
rule : 27 ;
priority : 0 ;
keyword : Array ;

2018-02-07 08:05:27 response :
------------
Array:
FromUserName : gh_28e767424b83 ;
ToUserName : oaJVu0Qx-M0vslOEqI6ZDT97NIPc ;
MsgType : text ;
Content : 各位宗亲，大家好!欢迎关注贵州若木商贸公众号！ ;

2018-02-07 08:05:40 trace :
------------
String:
<xml><ToUserName><![CDATA[gh_28e767424b83]]></ToUserName>
<FromUserName><![CDATA[oaJVu0Qx-M0vslOEqI6ZDT97NIPc]]></FromUserName>
<CreateTime>1517961939</CreateTime>
<MsgType><![CDATA[event]]></MsgType>
<Event><![CDATA[VIEW]]></Event>
<EventKey><![CDATA[http://www.gzqtbw.com/app/index.php?i=19&c=home&t=29]]></EventKey>
<MenuId>442785035</MenuId>
</xml>

2018-02-07 08:05:40 params :
------------
Array:
message : Array ;
module : basic ;
rule : 27 ;
priority : 0 ;
keyword : Array ;

2018-02-07 08:05:40 response :
------------
Array:
FromUserName : gh_28e767424b83 ;
ToUserName : oaJVu0Qx-M0vslOEqI6ZDT97NIPc ;
MsgType : text ;
Content : 各位宗亲，大家好!欢迎关注贵州若木商贸公众号！ ;

2018-02-07 08:23:10 trace :
------------
String:
<xml><ToUserName><![CDATA[gh_28e767424b83]]></ToUserName>
<FromUserName><![CDATA[oaJVu0dqk1JArVwOq_ZyRgrKHqDI]]></FromUserName>
<CreateTime>1517962990</CreateTime>
<MsgType><![CDATA[event]]></MsgType>
<Event><![CDATA[VIEW]]></Event>
<EventKey><![CDATA[http://www.gzqtbw.com/app/index.php?i=19&c=home&t=28]]></EventKey>
<MenuId>442785035</MenuId>
</xml>

2018-02-07 08:23:10 params :
------------
Array:
message : Array ;
module : basic ;
rule : 27 ;
priority : 0 ;
keyword : Array ;

2018-02-07 08:23:10 response :
------------
Array:
FromUserName : gh_28e767424b83 ;
ToUserName : oaJVu0dqk1JArVwOq_ZyRgrKHqDI ;
MsgType : text ;
Content : 各位宗亲，大家好!欢迎关注贵州若木商贸公众号！ ;

2018-02-07 09:10:32 trace :
------------
String:
<xml><ToUserName><![CDATA[gh_28e767424b83]]></ToUserName>
<FromUserName><![CDATA[oaJVu0ddof0NnMS6XPmj8-dnVV_w]]></FromUserName>
<CreateTime>1517965831</CreateTime>
<MsgType><![CDATA[event]]></MsgType>
<Event><![CDATA[VIEW]]></Event>
<EventKey><![CDATA[http://www.gzqtbw.com/app/index.php?i=19&c=home&t=28]]></EventKey>
<MenuId>442785035</MenuId>
</xml>

2018-02-07 09:10:32 params :
------------
Array:
message : Array ;
module : basic ;
rule : 27 ;
priority : 0 ;
keyword : Array ;

2018-02-07 09:10:32 response :
------------
Array:
FromUserName : gh_28e767424b83 ;
ToUserName : oaJVu0ddof0NnMS6XPmj8-dnVV_w ;
MsgType : text ;
Content : 各位宗亲，大家好!欢迎关注贵州若木商贸公众号！ ;

2018-02-07 20:23:33 trace :
------------
String:
<xml><ToUserName><![CDATA[gh_a9b445bf4f73]]></ToUserName>
<FromUserName><![CDATA[oaQb9we-b_JIm3Hfa3SLi6uy1oXA]]></FromUserName>
<CreateTime>1518006212</CreateTime>
<MsgType><![CDATA[event]]></MsgType>
<Event><![CDATA[unsubscribe]]></Event>
<EventKey><![CDATA[]]></EventKey>
</xml>

2018-02-07 21:37:00 trace :
------------
String:
<xml><ToUserName><![CDATA[gh_28e767424b83]]></ToUserName>
<FromUserName><![CDATA[oaJVu0UgThYxF85mabTsOsUiAJ8c]]></FromUserName>
<CreateTime>1518010620</CreateTime>
<MsgType><![CDATA[event]]></MsgType>
<Event><![CDATA[subscribe]]></Event>
<EventKey><![CDATA[]]></EventKey>
</xml>

2018-02-07 21:37:00 params :
------------
Array:
message : Array ;
module : basic ;
rule : 27 ;
priority : 0 ;
keyword : Array ;

2018-02-07 21:37:00 response :
------------
Array:
FromUserName : gh_28e767424b83 ;
ToUserName : oaJVu0UgThYxF85mabTsOsUiAJ8c ;
MsgType : text ;
Content : 各位宗亲，大家好!欢迎关注贵州若木商贸公众号！ ;

