2018-01-26 11:08:02 trace :
------------
Array:
errno : -1 ;
message : 微信公众平台返回接口错误. 
错误代码为: 40005 
,错误描述为: appid 校验错误 ;

2018-01-26 11:08:02 waring :
------------
String:
Request Failed

2018-01-26 15:16:28 trace :
------------
String:
<xml><ToUserName><![CDATA[gh_a9b445bf4f73]]></ToUserName>
<FromUserName><![CDATA[oaQb9wQOSxmcCamr3r4etOAbdPoc]]></FromUserName>
<CreateTime>1516950988</CreateTime>
<MsgType><![CDATA[event]]></MsgType>
<Event><![CDATA[VIEW]]></Event>
<EventKey><![CDATA[http://www.gzqtbw.com/app/index.php?i=16&c=home&t=27]]></EventKey>
<MenuId>423464702</MenuId>
</xml>

2018-01-26 15:16:28 params :
------------
Array:
message : Array ;
module : basic ;
rule : 16 ;
priority : 0 ;
keyword : Array ;

2018-01-26 15:16:28 response :
------------
Array:
FromUserName : gh_a9b445bf4f73 ;
ToUserName : oaQb9wQOSxmcCamr3r4etOAbdPoc ;
MsgType : text ;
Content : 欢迎关注贵州博达云科技发展有限公司！ ;

2018-01-26 15:16:47 trace :
------------
String:
<xml><ToUserName><![CDATA[gh_a9b445bf4f73]]></ToUserName>
<FromUserName><![CDATA[oaQb9wQOSxmcCamr3r4etOAbdPoc]]></FromUserName>
<CreateTime>1516951007</CreateTime>
<MsgType><![CDATA[event]]></MsgType>
<Event><![CDATA[VIEW]]></Event>
<EventKey><![CDATA[http://www.gzqtbw.com/app/index.php?i=16&c=home&t=27]]></EventKey>
<MenuId>423464702</MenuId>
</xml>

2018-01-26 15:16:47 params :
------------
Array:
message : Array ;
module : basic ;
rule : 16 ;
priority : 0 ;
keyword : Array ;

2018-01-26 15:16:47 response :
------------
Array:
FromUserName : gh_a9b445bf4f73 ;
ToUserName : oaQb9wQOSxmcCamr3r4etOAbdPoc ;
MsgType : text ;
Content : 欢迎关注贵州博达云科技发展有限公司！ ;

2018-01-26 15:17:01 trace :
------------
String:
<xml><ToUserName><![CDATA[gh_a9b445bf4f73]]></ToUserName>
<FromUserName><![CDATA[oaQb9wQOSxmcCamr3r4etOAbdPoc]]></FromUserName>
<CreateTime>1516951019</CreateTime>
<MsgType><![CDATA[event]]></MsgType>
<Event><![CDATA[VIEW]]></Event>
<EventKey><![CDATA[http://www.gzqtbw.com/app/index.php?i=16&c=home&t=27]]></EventKey>
<MenuId>423464702</MenuId>
</xml>

2018-01-26 15:17:01 params :
------------
Array:
message : Array ;
module : basic ;
rule : 16 ;
priority : 0 ;
keyword : Array ;

2018-01-26 15:17:01 response :
------------
Array:
FromUserName : gh_a9b445bf4f73 ;
ToUserName : oaQb9wQOSxmcCamr3r4etOAbdPoc ;
MsgType : text ;
Content : 欢迎关注贵州博达云科技发展有限公司！ ;

2018-01-26 19:24:28 trace :
------------
String:
<xml><ToUserName><![CDATA[gh_3280735b50d8]]></ToUserName>
<FromUserName><![CDATA[oyWTK1IQWemrjRj-wVh5z1S1Sh_g]]></FromUserName>
<CreateTime>1516965866</CreateTime>
<MsgType><![CDATA[event]]></MsgType>
<Event><![CDATA[subscribe]]></Event>
<EventKey><![CDATA[]]></EventKey>
</xml>

2018-01-26 19:24:28 params :
------------
Array:
message : Array ;
module : basic ;
rule : 11 ;
priority : 0 ;
keyword : Array ;

2018-01-26 19:24:28 response :
------------
Array:
FromUserName : gh_3280735b50d8 ;
ToUserName : oyWTK1IQWemrjRj-wVh5z1S1Sh_g ;
MsgType : text ;
Content : 欢迎关注黔满园荣贵微信公众号！ ;

2018-01-26 19:24:32 trace :
------------
String:
<xml><ToUserName><![CDATA[gh_3280735b50d8]]></ToUserName>
<FromUserName><![CDATA[oyWTK1IQWemrjRj-wVh5z1S1Sh_g]]></FromUserName>
<CreateTime>1516965872</CreateTime>
<MsgType><![CDATA[event]]></MsgType>
<Event><![CDATA[VIEW]]></Event>
<EventKey><![CDATA[http://www.gzqtbw.com/app/index.php?i=10&c=home&t=12]]></EventKey>
<MenuId>427588424</MenuId>
</xml>

2018-01-26 19:24:32 params :
------------
Array:
message : Array ;
module : basic ;
rule : 11 ;
priority : 0 ;
keyword : Array ;

2018-01-26 19:24:32 response :
------------
Array:
FromUserName : gh_3280735b50d8 ;
ToUserName : oyWTK1IQWemrjRj-wVh5z1S1Sh_g ;
MsgType : text ;
Content : 欢迎关注黔满园荣贵微信公众号！ ;

2018-01-26 19:25:36 trace :
------------
String:
<xml><ToUserName><![CDATA[gh_3280735b50d8]]></ToUserName>
<FromUserName><![CDATA[oyWTK1IQWemrjRj-wVh5z1S1Sh_g]]></FromUserName>
<CreateTime>1516965935</CreateTime>
<MsgType><![CDATA[event]]></MsgType>
<Event><![CDATA[VIEW]]></Event>
<EventKey><![CDATA[http://www.gzqtbw.com/app/index.php?i=10&c=mc&a=card&do=sign_display&]]></EventKey>
<MenuId>427588424</MenuId>
</xml>

2018-01-26 19:25:36 params :
------------
Array:
message : Array ;
module : basic ;
rule : 11 ;
priority : 0 ;
keyword : Array ;

2018-01-26 19:25:36 response :
------------
Array:
FromUserName : gh_3280735b50d8 ;
ToUserName : oyWTK1IQWemrjRj-wVh5z1S1Sh_g ;
MsgType : text ;
Content : 欢迎关注黔满园荣贵微信公众号！ ;

2018-01-26 19:25:39 trace :
------------
String:
<xml><ToUserName><![CDATA[gh_3280735b50d8]]></ToUserName>
<FromUserName><![CDATA[oyWTK1IQWemrjRj-wVh5z1S1Sh_g]]></FromUserName>
<CreateTime>1516965939</CreateTime>
<MsgType><![CDATA[event]]></MsgType>
<Event><![CDATA[VIEW]]></Event>
<EventKey><![CDATA[http://www.gzqtbw.com/app/index.php?i=10&c=home&t=12]]></EventKey>
<MenuId>427588424</MenuId>
</xml>

2018-01-26 19:25:39 params :
------------
Array:
message : Array ;
module : basic ;
rule : 11 ;
priority : 0 ;
keyword : Array ;

2018-01-26 19:25:39 response :
------------
Array:
FromUserName : gh_3280735b50d8 ;
ToUserName : oyWTK1IQWemrjRj-wVh5z1S1Sh_g ;
MsgType : text ;
Content : 欢迎关注黔满园荣贵微信公众号！ ;

