2018-04-03 08:56:33 trace :
------------
String:
<xml><ToUserName><![CDATA[gh_28e767424b83]]></ToUserName>
<FromUserName><![CDATA[oaJVu0SPrjkhA5hX0lrl4pCJAfMU]]></FromUserName>
<CreateTime>1522716992</CreateTime>
<MsgType><![CDATA[event]]></MsgType>
<Event><![CDATA[VIEW]]></Event>
<EventKey><![CDATA[http://www.gzqtbw.com/app/index.php?i=19&c=home&t=29]]></EventKey>
<MenuId>442837782</MenuId>
</xml>

2018-04-03 08:56:33 params :
------------
Array:
message : Array ;
module : basic ;
rule : 27 ;
priority : 0 ;
keyword : Array ;

2018-04-03 08:56:33 response :
------------
Array:
FromUserName : gh_28e767424b83 ;
ToUserName : oaJVu0SPrjkhA5hX0lrl4pCJAfMU ;
MsgType : text ;
Content : 各位宗亲，大家好！欢迎关注贵州若木商贸公众号！ ;

2018-04-03 08:57:13 trace :
------------
String:
<xml><ToUserName><![CDATA[gh_28e767424b83]]></ToUserName>
<FromUserName><![CDATA[oaJVu0SPrjkhA5hX0lrl4pCJAfMU]]></FromUserName>
<CreateTime>1522717033</CreateTime>
<MsgType><![CDATA[event]]></MsgType>
<Event><![CDATA[CLICK]]></Event>
<EventKey><![CDATA[客服]]></EventKey>
</xml>

2018-04-03 08:57:13 params :
------------
Array:
message : Array ;
module : basic ;
rule : 28 ;
priority : 0 ;
keyword : Array ;

2018-04-03 08:57:13 response :
------------
Array:
FromUserName : gh_28e767424b83 ;
ToUserName : oaJVu0SPrjkhA5hX0lrl4pCJAfMU ;
MsgType : text ;
Content : 徐女士：18286326022（微信同号） ;

