2018-06-17 00:22:51 trace :
------------
String:
<xml><ToUserName><![CDATA[gh_3280735b50d8]]></ToUserName>
<FromUserName><![CDATA[oyWTK1D9eyyB0ngt95URE--dKEe0]]></FromUserName>
<CreateTime>1529166171</CreateTime>
<MsgType><![CDATA[event]]></MsgType>
<Event><![CDATA[VIEW]]></Event>
<EventKey><![CDATA[http://www.gzqtbw.com/app/index.php?i=10&c=home&t=12]]></EventKey>
<MenuId>427588424</MenuId>
</xml>

2018-06-17 00:22:51 params :
------------
Array:
message : Array ;
module : basic ;
rule : 11 ;
priority : 0 ;
keyword : Array ;

2018-06-17 00:22:51 response :
------------
Array:
FromUserName : gh_3280735b50d8 ;
ToUserName : oyWTK1D9eyyB0ngt95URE--dKEe0 ;
MsgType : text ;
Content : 欢迎关注黔满园荣贵微信公众号！ ;

2018-06-17 00:23:27 trace :
------------
String:
<xml><ToUserName><![CDATA[gh_3280735b50d8]]></ToUserName>
<FromUserName><![CDATA[oyWTK1D9eyyB0ngt95URE--dKEe0]]></FromUserName>
<CreateTime>1529166207</CreateTime>
<MsgType><![CDATA[event]]></MsgType>
<Event><![CDATA[VIEW]]></Event>
<EventKey><![CDATA[http://www.gzqtbw.com/app/index.php?i=10&c=mc&a=card&do=sign_display&]]></EventKey>
<MenuId>427588424</MenuId>
</xml>

2018-06-17 00:23:27 params :
------------
Array:
message : Array ;
module : basic ;
rule : 11 ;
priority : 0 ;
keyword : Array ;

2018-06-17 00:23:27 response :
------------
Array:
FromUserName : gh_3280735b50d8 ;
ToUserName : oyWTK1D9eyyB0ngt95URE--dKEe0 ;
MsgType : text ;
Content : 欢迎关注黔满园荣贵微信公众号！ ;

2018-06-17 08:36:26 trace :
------------
String:
<xml><ToUserName><![CDATA[gh_3280735b50d8]]></ToUserName>
<FromUserName><![CDATA[oyWTK1HauC0aRxjnXQ7vrAMT3xZA]]></FromUserName>
<CreateTime>1529195786</CreateTime>
<MsgType><![CDATA[event]]></MsgType>
<Event><![CDATA[unsubscribe]]></Event>
<EventKey><![CDATA[]]></EventKey>
</xml>

2018-06-17 08:43:54 trace :
------------
String:
<xml><ToUserName><![CDATA[gh_94895cfd80a6]]></ToUserName>
<FromUserName><![CDATA[o92jL0SPq-un3jq7dHEqVIFqHA-g]]></FromUserName>
<CreateTime>1529196234</CreateTime>
<MsgType><![CDATA[event]]></MsgType>
<Event><![CDATA[VIEW]]></Event>
<EventKey><![CDATA[http://www.gzqtbw.com/app/index.php?i=20&c=home&t=32]]></EventKey>
<MenuId>476348390</MenuId>
</xml>

2018-06-17 08:43:54 params :
------------
Array:
message : Array ;
module : basic ;
rule : 29 ;
priority : 0 ;
keyword : Array ;

2018-06-17 08:43:54 response :
------------
Array:
FromUserName : gh_94895cfd80a6 ;
ToUserName : o92jL0SPq-un3jq7dHEqVIFqHA-g ;
MsgType : text ;
Content : 您好，欢迎关注赫章一小微信公众号！ ;

2018-06-17 08:55:13 trace :
------------
String:
<xml><ToUserName><![CDATA[gh_07a7ab1e550f]]></ToUserName>
<FromUserName><![CDATA[oBqpn1c6n7eexwEz13OhHJU5ruzU]]></FromUserName>
<CreateTime>1529196913</CreateTime>
<MsgType><![CDATA[event]]></MsgType>
<Event><![CDATA[VIEW]]></Event>
<EventKey><![CDATA[http://www.gzqtbw.com/app/index.php?i=18&c=entry&do=shop&m=ewei_shop]]></EventKey>
<MenuId>442049859</MenuId>
</xml>

2018-06-17 08:55:13 params :
------------
Array:
message : Array ;
module : basic ;
rule : 20 ;
priority : 0 ;
keyword : Array ;

2018-06-17 08:55:13 response :
------------
Array:
FromUserName : gh_07a7ab1e550f ;
ToUserName : oBqpn1c6n7eexwEz13OhHJU5ruzU ;
MsgType : text ;
Content : 感谢关注贵州罗甸红心火龙果/爱心 ;

2018-06-17 13:11:38 trace :
------------
String:
<xml><ToUserName><![CDATA[gh_07a7ab1e550f]]></ToUserName>
<FromUserName><![CDATA[oBqpn1QNU9RLr2AhmjOo3ZlszQpE]]></FromUserName>
<CreateTime>1529212298</CreateTime>
<MsgType><![CDATA[event]]></MsgType>
<Event><![CDATA[subscribe]]></Event>
<EventKey><![CDATA[]]></EventKey>
</xml>

2018-06-17 13:11:38 params :
------------
Array:
message : Array ;
module : basic ;
rule : 20 ;
priority : 0 ;
keyword : Array ;

2018-06-17 13:11:38 response :
------------
Array:
FromUserName : gh_07a7ab1e550f ;
ToUserName : oBqpn1QNU9RLr2AhmjOo3ZlszQpE ;
MsgType : text ;
Content : 感谢关注贵州罗甸红心火龙果/爱心 ;

2018-06-17 13:11:42 trace :
------------
String:
<xml><ToUserName><![CDATA[gh_07a7ab1e550f]]></ToUserName>
<FromUserName><![CDATA[oBqpn1QNU9RLr2AhmjOo3ZlszQpE]]></FromUserName>
<CreateTime>1529212301</CreateTime>
<MsgType><![CDATA[event]]></MsgType>
<Event><![CDATA[VIEW]]></Event>
<EventKey><![CDATA[http://www.gzqtbw.com/app/index.php?i=18&c=entry&do=shop&m=ewei_shop]]></EventKey>
<MenuId>442049859</MenuId>
</xml>

2018-06-17 13:11:42 params :
------------
Array:
message : Array ;
module : basic ;
rule : 20 ;
priority : 0 ;
keyword : Array ;

2018-06-17 13:11:42 response :
------------
Array:
FromUserName : gh_07a7ab1e550f ;
ToUserName : oBqpn1QNU9RLr2AhmjOo3ZlszQpE ;
MsgType : text ;
Content : 感谢关注贵州罗甸红心火龙果/爱心 ;

2018-06-17 14:13:34 trace :
------------
String:
<xml><ToUserName><![CDATA[gh_07a7ab1e550f]]></ToUserName>
<FromUserName><![CDATA[oBqpn1VzJoMO3ShfTJOsCLLhVFNQ]]></FromUserName>
<CreateTime>1529216014</CreateTime>
<MsgType><![CDATA[event]]></MsgType>
<Event><![CDATA[subscribe]]></Event>
<EventKey><![CDATA[]]></EventKey>
</xml>

2018-06-17 14:13:34 params :
------------
Array:
message : Array ;
module : basic ;
rule : 20 ;
priority : 0 ;
keyword : Array ;

2018-06-17 14:13:34 response :
------------
Array:
FromUserName : gh_07a7ab1e550f ;
ToUserName : oBqpn1VzJoMO3ShfTJOsCLLhVFNQ ;
MsgType : text ;
Content : 感谢关注贵州罗甸红心火龙果/爱心 ;

2018-06-17 14:13:40 trace :
------------
String:
<xml><ToUserName><![CDATA[gh_07a7ab1e550f]]></ToUserName>
<FromUserName><![CDATA[oBqpn1VzJoMO3ShfTJOsCLLhVFNQ]]></FromUserName>
<CreateTime>1529216020</CreateTime>
<MsgType><![CDATA[event]]></MsgType>
<Event><![CDATA[VIEW]]></Event>
<EventKey><![CDATA[http://www.gzqtbw.com/app/index.php?i=18&c=entry&do=shop&m=ewei_shop]]></EventKey>
<MenuId>442049859</MenuId>
</xml>

2018-06-17 14:13:40 params :
------------
Array:
message : Array ;
module : basic ;
rule : 20 ;
priority : 0 ;
keyword : Array ;

2018-06-17 14:13:40 response :
------------
Array:
FromUserName : gh_07a7ab1e550f ;
ToUserName : oBqpn1VzJoMO3ShfTJOsCLLhVFNQ ;
MsgType : text ;
Content : 感谢关注贵州罗甸红心火龙果/爱心 ;

2018-06-17 16:45:07 trace :
------------
String:
<xml><ToUserName><![CDATA[gh_07a7ab1e550f]]></ToUserName>
<FromUserName><![CDATA[oBqpn1Y_DiV9c9boi-qkhmKhp01w]]></FromUserName>
<CreateTime>1529225107</CreateTime>
<MsgType><![CDATA[event]]></MsgType>
<Event><![CDATA[subscribe]]></Event>
<EventKey><![CDATA[]]></EventKey>
</xml>

2018-06-17 16:45:07 params :
------------
Array:
message : Array ;
module : basic ;
rule : 20 ;
priority : 0 ;
keyword : Array ;

2018-06-17 16:45:07 response :
------------
Array:
FromUserName : gh_07a7ab1e550f ;
ToUserName : oBqpn1Y_DiV9c9boi-qkhmKhp01w ;
MsgType : text ;
Content : 感谢关注贵州罗甸红心火龙果/爱心 ;

2018-06-17 16:45:10 trace :
------------
String:
<xml><ToUserName><![CDATA[gh_07a7ab1e550f]]></ToUserName>
<FromUserName><![CDATA[oBqpn1Y_DiV9c9boi-qkhmKhp01w]]></FromUserName>
<CreateTime>1529225110</CreateTime>
<MsgType><![CDATA[event]]></MsgType>
<Event><![CDATA[VIEW]]></Event>
<EventKey><![CDATA[http://www.gzqtbw.com/app/index.php?i=18&c=entry&do=shop&m=ewei_shop]]></EventKey>
<MenuId>442049859</MenuId>
</xml>

2018-06-17 16:45:10 params :
------------
Array:
message : Array ;
module : basic ;
rule : 20 ;
priority : 0 ;
keyword : Array ;

2018-06-17 16:45:10 response :
------------
Array:
FromUserName : gh_07a7ab1e550f ;
ToUserName : oBqpn1Y_DiV9c9boi-qkhmKhp01w ;
MsgType : text ;
Content : 感谢关注贵州罗甸红心火龙果/爱心 ;

2018-06-17 16:45:26 trace :
------------
String:
<xml><ToUserName><![CDATA[gh_07a7ab1e550f]]></ToUserName>
<FromUserName><![CDATA[oBqpn1Z_9HJtZhb5s-Nw_Vgn-fh8]]></FromUserName>
<CreateTime>1529225126</CreateTime>
<MsgType><![CDATA[event]]></MsgType>
<Event><![CDATA[subscribe]]></Event>
<EventKey><![CDATA[]]></EventKey>
</xml>

2018-06-17 16:45:26 params :
------------
Array:
message : Array ;
module : basic ;
rule : 20 ;
priority : 0 ;
keyword : Array ;

2018-06-17 16:45:26 response :
------------
Array:
FromUserName : gh_07a7ab1e550f ;
ToUserName : oBqpn1Z_9HJtZhb5s-Nw_Vgn-fh8 ;
MsgType : text ;
Content : 感谢关注贵州罗甸红心火龙果/爱心 ;

2018-06-17 16:47:11 trace :
------------
String:
<xml><ToUserName><![CDATA[gh_07a7ab1e550f]]></ToUserName>
<FromUserName><![CDATA[oBqpn1Z_9HJtZhb5s-Nw_Vgn-fh8]]></FromUserName>
<CreateTime>1529225230</CreateTime>
<MsgType><![CDATA[event]]></MsgType>
<Event><![CDATA[VIEW]]></Event>
<EventKey><![CDATA[http://www.gzqtbw.com/app/index.php?i=18&c=entry&do=shop&m=ewei_shop]]></EventKey>
<MenuId>442049859</MenuId>
</xml>

2018-06-17 16:47:11 params :
------------
Array:
message : Array ;
module : basic ;
rule : 20 ;
priority : 0 ;
keyword : Array ;

2018-06-17 16:47:11 response :
------------
Array:
FromUserName : gh_07a7ab1e550f ;
ToUserName : oBqpn1Z_9HJtZhb5s-Nw_Vgn-fh8 ;
MsgType : text ;
Content : 感谢关注贵州罗甸红心火龙果/爱心 ;

2018-06-17 16:47:30 trace :
------------
String:
<xml><ToUserName><![CDATA[gh_07a7ab1e550f]]></ToUserName>
<FromUserName><![CDATA[oBqpn1Y_DiV9c9boi-qkhmKhp01w]]></FromUserName>
<CreateTime>1529225249</CreateTime>
<MsgType><![CDATA[event]]></MsgType>
<Event><![CDATA[unsubscribe]]></Event>
<EventKey><![CDATA[]]></EventKey>
</xml>

2018-06-17 16:51:47 trace :
------------
String:
<xml><ToUserName><![CDATA[gh_07a7ab1e550f]]></ToUserName>
<FromUserName><![CDATA[oBqpn1dRx7nGgVJAipth1C4WAJek]]></FromUserName>
<CreateTime>1529225507</CreateTime>
<MsgType><![CDATA[event]]></MsgType>
<Event><![CDATA[subscribe]]></Event>
<EventKey><![CDATA[]]></EventKey>
</xml>

2018-06-17 16:51:47 params :
------------
Array:
message : Array ;
module : basic ;
rule : 20 ;
priority : 0 ;
keyword : Array ;

2018-06-17 16:51:47 response :
------------
Array:
FromUserName : gh_07a7ab1e550f ;
ToUserName : oBqpn1dRx7nGgVJAipth1C4WAJek ;
MsgType : text ;
Content : 感谢关注贵州罗甸红心火龙果/爱心 ;

2018-06-17 16:51:55 trace :
------------
String:
<xml><ToUserName><![CDATA[gh_07a7ab1e550f]]></ToUserName>
<FromUserName><![CDATA[oBqpn1dRx7nGgVJAipth1C4WAJek]]></FromUserName>
<CreateTime>1529225515</CreateTime>
<MsgType><![CDATA[event]]></MsgType>
<Event><![CDATA[VIEW]]></Event>
<EventKey><![CDATA[http://www.gzqtbw.com/app/index.php?i=18&c=entry&do=shop&m=ewei_shop]]></EventKey>
<MenuId>442049859</MenuId>
</xml>

2018-06-17 16:51:55 params :
------------
Array:
message : Array ;
module : basic ;
rule : 20 ;
priority : 0 ;
keyword : Array ;

2018-06-17 16:51:55 response :
------------
Array:
FromUserName : gh_07a7ab1e550f ;
ToUserName : oBqpn1dRx7nGgVJAipth1C4WAJek ;
MsgType : text ;
Content : 感谢关注贵州罗甸红心火龙果/爱心 ;

2018-06-17 16:53:31 trace :
------------
String:
<xml><ToUserName><![CDATA[gh_07a7ab1e550f]]></ToUserName>
<FromUserName><![CDATA[oBqpn1dRx7nGgVJAipth1C4WAJek]]></FromUserName>
<CreateTime>1529225611</CreateTime>
<MsgType><![CDATA[event]]></MsgType>
<Event><![CDATA[VIEW]]></Event>
<EventKey><![CDATA[http://www.gzqtbw.com/app/index.php?i=18&c=entry&do=shop&m=ewei_shop]]></EventKey>
<MenuId>442049859</MenuId>
</xml>

2018-06-17 16:53:31 params :
------------
Array:
message : Array ;
module : basic ;
rule : 20 ;
priority : 0 ;
keyword : Array ;

2018-06-17 16:53:31 response :
------------
Array:
FromUserName : gh_07a7ab1e550f ;
ToUserName : oBqpn1dRx7nGgVJAipth1C4WAJek ;
MsgType : text ;
Content : 感谢关注贵州罗甸红心火龙果/爱心 ;

2018-06-17 17:22:02 trace :
------------
String:
<xml><ToUserName><![CDATA[gh_07a7ab1e550f]]></ToUserName>
<FromUserName><![CDATA[oBqpn1cOMKe0A_gac9ac0d6-luFo]]></FromUserName>
<CreateTime>1529227320</CreateTime>
<MsgType><![CDATA[event]]></MsgType>
<Event><![CDATA[subscribe]]></Event>
<EventKey><![CDATA[]]></EventKey>
</xml>

2018-06-17 17:22:02 params :
------------
Array:
message : Array ;
module : basic ;
rule : 20 ;
priority : 0 ;
keyword : Array ;

2018-06-17 17:22:02 response :
------------
Array:
FromUserName : gh_07a7ab1e550f ;
ToUserName : oBqpn1cOMKe0A_gac9ac0d6-luFo ;
MsgType : text ;
Content : 感谢关注贵州罗甸红心火龙果/爱心 ;

2018-06-17 17:22:02 trace :
------------
String:
<xml><ToUserName><![CDATA[gh_07a7ab1e550f]]></ToUserName>
<FromUserName><![CDATA[oBqpn1cOMKe0A_gac9ac0d6-luFo]]></FromUserName>
<CreateTime>1529227322</CreateTime>
<MsgType><![CDATA[event]]></MsgType>
<Event><![CDATA[VIEW]]></Event>
<EventKey><![CDATA[http://www.gzqtbw.com/app/index.php?i=18&c=entry&do=shop&m=ewei_shop]]></EventKey>
<MenuId>442049859</MenuId>
</xml>

2018-06-17 17:22:02 params :
------------
Array:
message : Array ;
module : basic ;
rule : 20 ;
priority : 0 ;
keyword : Array ;

2018-06-17 17:22:02 response :
------------
Array:
FromUserName : gh_07a7ab1e550f ;
ToUserName : oBqpn1cOMKe0A_gac9ac0d6-luFo ;
MsgType : text ;
Content : 感谢关注贵州罗甸红心火龙果/爱心 ;

2018-06-17 17:23:42 trace :
------------
String:
<xml><ToUserName><![CDATA[gh_07a7ab1e550f]]></ToUserName>
<FromUserName><![CDATA[oBqpn1Zq7w8I0LCFjoJVjPPl60no]]></FromUserName>
<CreateTime>1529227421</CreateTime>
<MsgType><![CDATA[event]]></MsgType>
<Event><![CDATA[subscribe]]></Event>
<EventKey><![CDATA[]]></EventKey>
</xml>

2018-06-17 17:23:42 params :
------------
Array:
message : Array ;
module : basic ;
rule : 20 ;
priority : 0 ;
keyword : Array ;

2018-06-17 17:23:42 response :
------------
Array:
FromUserName : gh_07a7ab1e550f ;
ToUserName : oBqpn1Zq7w8I0LCFjoJVjPPl60no ;
MsgType : text ;
Content : 感谢关注贵州罗甸红心火龙果/爱心 ;

2018-06-17 17:23:46 trace :
------------
String:
<xml><ToUserName><![CDATA[gh_07a7ab1e550f]]></ToUserName>
<FromUserName><![CDATA[oBqpn1Zq7w8I0LCFjoJVjPPl60no]]></FromUserName>
<CreateTime>1529227425</CreateTime>
<MsgType><![CDATA[event]]></MsgType>
<Event><![CDATA[VIEW]]></Event>
<EventKey><![CDATA[http://www.gzqtbw.com/app/index.php?i=18&c=entry&do=shop&m=ewei_shop]]></EventKey>
<MenuId>442049859</MenuId>
</xml>

2018-06-17 17:23:46 params :
------------
Array:
message : Array ;
module : basic ;
rule : 20 ;
priority : 0 ;
keyword : Array ;

2018-06-17 17:23:46 response :
------------
Array:
FromUserName : gh_07a7ab1e550f ;
ToUserName : oBqpn1Zq7w8I0LCFjoJVjPPl60no ;
MsgType : text ;
Content : 感谢关注贵州罗甸红心火龙果/爱心 ;

2018-06-17 21:15:19 trace :
------------
String:
<xml><ToUserName><![CDATA[gh_387f2586a480]]></ToUserName>
<FromUserName><![CDATA[oHlBev-RBN_6x-e2VonS8v6deizw]]></FromUserName>
<CreateTime>1529241319</CreateTime>
<MsgType><![CDATA[event]]></MsgType>
<Event><![CDATA[subscribe]]></Event>
<EventKey><![CDATA[]]></EventKey>
</xml>

2018-06-17 21:15:19 params :
------------
Array:
message : Array ;
module : basic ;
rule : 13 ;
priority : 0 ;
keyword : Array ;

2018-06-17 21:15:19 response :
------------
Array:
FromUserName : gh_387f2586a480 ;
ToUserName : oHlBev-RBN_6x-e2VonS8v6deizw ;
MsgType : text ;
Content : 欢迎关注李记梧桐人家微信公众号！ ;

