2018-08-22 12:39:55 trace :
------------
Array:
errno : -1 ;
message : 微信公众平台返回接口错误. 
错误代码为: 40005 
,错误描述为: appid 校验错误 ;

2018-08-22 12:39:55 waring :
------------
String:
Request Failed

2018-08-22 12:40:03 trace :
------------
Array:
errno : -1 ;
message : 微信公众平台返回接口错误. 
错误代码为: 40005 
,错误描述为: appid 校验错误 ;

2018-08-22 12:40:03 waring :
------------
String:
Request Failed

2018-08-22 14:08:12 trace :
------------
String:
<xml><ToUserName><![CDATA[gh_94895cfd80a6]]></ToUserName>
<FromUserName><![CDATA[o92jL0RgWJ1EgnWDvheBMvjKLpB8]]></FromUserName>
<CreateTime>1534918092</CreateTime>
<MsgType><![CDATA[event]]></MsgType>
<Event><![CDATA[VIEW]]></Event>
<EventKey><![CDATA[http://www.gzqtbw.com/app/index.php?i=20&c=home&t=32]]></EventKey>
<MenuId>476348390</MenuId>
</xml>

2018-08-22 14:08:12 params :
------------
Array:
message : Array ;
module : basic ;
rule : 29 ;
priority : 0 ;
keyword : Array ;

2018-08-22 14:08:12 response :
------------
Array:
FromUserName : gh_94895cfd80a6 ;
ToUserName : o92jL0RgWJ1EgnWDvheBMvjKLpB8 ;
MsgType : text ;
Content : 您好，欢迎关注赫章一小微信公众号！ ;

2018-08-22 23:55:55 trace :
------------
String:
<xml><ToUserName><![CDATA[gh_94895cfd80a6]]></ToUserName>
<FromUserName><![CDATA[o92jL0X1A09IyYH3fTVIlQrmMINc]]></FromUserName>
<CreateTime>1534953355</CreateTime>
<MsgType><![CDATA[event]]></MsgType>
<Event><![CDATA[subscribe]]></Event>
<EventKey><![CDATA[]]></EventKey>
</xml>

2018-08-22 23:55:55 params :
------------
Array:
message : Array ;
module : basic ;
rule : 29 ;
priority : 0 ;
keyword : Array ;

2018-08-22 23:55:55 response :
------------
Array:
FromUserName : gh_94895cfd80a6 ;
ToUserName : o92jL0X1A09IyYH3fTVIlQrmMINc ;
MsgType : text ;
Content : 您好，欢迎关注赫章一小微信公众号！ ;

2018-08-22 23:56:00 trace :
------------
String:
<xml><ToUserName><![CDATA[gh_94895cfd80a6]]></ToUserName>
<FromUserName><![CDATA[o92jL0X1A09IyYH3fTVIlQrmMINc]]></FromUserName>
<CreateTime>1534953360</CreateTime>
<MsgType><![CDATA[event]]></MsgType>
<Event><![CDATA[VIEW]]></Event>
<EventKey><![CDATA[http://www.gzqtbw.com/app/index.php?i=20&c=home&t=32]]></EventKey>
<MenuId>476348390</MenuId>
</xml>

2018-08-22 23:56:00 params :
------------
Array:
message : Array ;
module : basic ;
rule : 29 ;
priority : 0 ;
keyword : Array ;

2018-08-22 23:56:00 response :
------------
Array:
FromUserName : gh_94895cfd80a6 ;
ToUserName : o92jL0X1A09IyYH3fTVIlQrmMINc ;
MsgType : text ;
Content : 您好，欢迎关注赫章一小微信公众号！ ;

2018-08-22 23:57:15 trace :
------------
String:
<xml><ToUserName><![CDATA[gh_94895cfd80a6]]></ToUserName>
<FromUserName><![CDATA[o92jL0X1A09IyYH3fTVIlQrmMINc]]></FromUserName>
<CreateTime>1534953435</CreateTime>
<MsgType><![CDATA[event]]></MsgType>
<Event><![CDATA[VIEW]]></Event>
<EventKey><![CDATA[http://www.gzqtbw.com/app/index.php?i=20&c=home&t=32]]></EventKey>
<MenuId>476348390</MenuId>
</xml>

2018-08-22 23:57:15 params :
------------
Array:
message : Array ;
module : basic ;
rule : 29 ;
priority : 0 ;
keyword : Array ;

2018-08-22 23:57:15 response :
------------
Array:
FromUserName : gh_94895cfd80a6 ;
ToUserName : o92jL0X1A09IyYH3fTVIlQrmMINc ;
MsgType : text ;
Content : 您好，欢迎关注赫章一小微信公众号！ ;

