2018-08-15 06:30:15 trace :
------------
String:
<xml><ToUserName><![CDATA[gh_3280735b50d8]]></ToUserName>
<FromUserName><![CDATA[oyWTK1NUzTKPXf36sB_FRxKmDLqI]]></FromUserName>
<CreateTime>1534285815</CreateTime>
<MsgType><![CDATA[event]]></MsgType>
<Event><![CDATA[MASSSENDJOBFINISH]]></Event>
<MsgID>1000000034</MsgID>
<Status><![CDATA[send success]]></Status>
<TotalCount>182</TotalCount>
<FilterCount>182</FilterCount>
<SentCount>182</SentCount>
<ErrorCount>0</ErrorCount>
<CopyrightCheckResult><Count>0</Count>
<ResultList></ResultList>
<CheckState>0</CheckState>
</CopyrightCheckResult>
</xml>

2018-08-15 06:30:15 params :
------------
Array:
message : Array ;
module : basic ;
rule : 11 ;
priority : 0 ;
keyword : Array ;

2018-08-15 06:30:15 response :
------------
Array:
FromUserName : gh_3280735b50d8 ;
ToUserName : oyWTK1NUzTKPXf36sB_FRxKmDLqI ;
MsgType : text ;
Content : 欢迎关注黔满园荣贵微信公众号！ ;

2018-08-15 06:41:22 trace :
------------
String:
<xml><ToUserName><![CDATA[gh_3280735b50d8]]></ToUserName>
<FromUserName><![CDATA[oyWTK1ITOWB_d10tjkhDg0ge_gxo]]></FromUserName>
<CreateTime>1534286482</CreateTime>
<MsgType><![CDATA[event]]></MsgType>
<Event><![CDATA[VIEW]]></Event>
<EventKey><![CDATA[http://www.gzqtbw.com/app/index.php?i=10&c=mc&a=card&do=sign_display&]]></EventKey>
<MenuId>427588424</MenuId>
</xml>

2018-08-15 06:41:22 params :
------------
Array:
message : Array ;
module : basic ;
rule : 11 ;
priority : 0 ;
keyword : Array ;

2018-08-15 06:41:22 response :
------------
Array:
FromUserName : gh_3280735b50d8 ;
ToUserName : oyWTK1ITOWB_d10tjkhDg0ge_gxo ;
MsgType : text ;
Content : 欢迎关注黔满园荣贵微信公众号！ ;

2018-08-15 06:49:36 trace :
------------
String:
<xml><ToUserName><![CDATA[gh_3280735b50d8]]></ToUserName>
<FromUserName><![CDATA[oyWTK1KwDzBdTTAXWBfPi7da9jEc]]></FromUserName>
<CreateTime>1534286976</CreateTime>
<MsgType><![CDATA[event]]></MsgType>
<Event><![CDATA[unsubscribe]]></Event>
<EventKey><![CDATA[]]></EventKey>
</xml>

2018-08-15 08:32:35 trace :
------------
String:
<xml><ToUserName><![CDATA[gh_3280735b50d8]]></ToUserName>
<FromUserName><![CDATA[oyWTK1LqI46_XC5c__nacmfDEcII]]></FromUserName>
<CreateTime>1534293154</CreateTime>
<MsgType><![CDATA[event]]></MsgType>
<Event><![CDATA[unsubscribe]]></Event>
<EventKey><![CDATA[]]></EventKey>
</xml>

2018-08-15 08:34:04 trace :
------------
String:
<xml><ToUserName><![CDATA[gh_3280735b50d8]]></ToUserName>
<FromUserName><![CDATA[oyWTK1NCwyGERpT97NsstUmQtsHw]]></FromUserName>
<CreateTime>1534293244</CreateTime>
<MsgType><![CDATA[event]]></MsgType>
<Event><![CDATA[VIEW]]></Event>
<EventKey><![CDATA[http://www.gzqtbw.com/app/index.php?i=10&c=home&t=12]]></EventKey>
<MenuId>427588424</MenuId>
</xml>

2018-08-15 08:34:04 params :
------------
Array:
message : Array ;
module : basic ;
rule : 11 ;
priority : 0 ;
keyword : Array ;

2018-08-15 08:34:04 response :
------------
Array:
FromUserName : gh_3280735b50d8 ;
ToUserName : oyWTK1NCwyGERpT97NsstUmQtsHw ;
MsgType : text ;
Content : 欢迎关注黔满园荣贵微信公众号！ ;

2018-08-15 08:43:08 trace :
------------
String:
<xml><ToUserName><![CDATA[gh_3280735b50d8]]></ToUserName>
<FromUserName><![CDATA[oyWTK1CoFfA6d9dP5C6plKTDHigo]]></FromUserName>
<CreateTime>1534293788</CreateTime>
<MsgType><![CDATA[event]]></MsgType>
<Event><![CDATA[unsubscribe]]></Event>
<EventKey><![CDATA[]]></EventKey>
</xml>

2018-08-15 14:41:13 trace :
------------
String:
<xml><ToUserName><![CDATA[gh_94895cfd80a6]]></ToUserName>
<FromUserName><![CDATA[o92jL0SnsDPyuVYN3_kKy6BGcd1w]]></FromUserName>
<CreateTime>1534315273</CreateTime>
<MsgType><![CDATA[event]]></MsgType>
<Event><![CDATA[VIEW]]></Event>
<EventKey><![CDATA[http://www.gzqtbw.com/app/index.php?i=20&c=home&t=32]]></EventKey>
<MenuId>476348390</MenuId>
</xml>

2018-08-15 14:41:13 params :
------------
Array:
message : Array ;
module : basic ;
rule : 29 ;
priority : 0 ;
keyword : Array ;

2018-08-15 14:41:13 response :
------------
Array:
FromUserName : gh_94895cfd80a6 ;
ToUserName : o92jL0SnsDPyuVYN3_kKy6BGcd1w ;
MsgType : text ;
Content : 您好，欢迎关注赫章一小微信公众号！ ;

2018-08-15 16:09:40 trace :
------------
String:
<xml><ToUserName><![CDATA[gh_a9b445bf4f73]]></ToUserName>
<FromUserName><![CDATA[oaQb9wT-ac5F3hz8_FipJEBm-sQk]]></FromUserName>
<CreateTime>1534320580</CreateTime>
<MsgType><![CDATA[event]]></MsgType>
<Event><![CDATA[VIEW]]></Event>
<EventKey><![CDATA[http://mb.gzqtbw.com]]></EventKey>
<MenuId>424172745</MenuId>
</xml>

2018-08-15 16:09:40 params :
------------
Array:
message : Array ;
module : basic ;
rule : 16 ;
priority : 0 ;
keyword : Array ;

2018-08-15 16:09:40 response :
------------
Array:
FromUserName : gh_a9b445bf4f73 ;
ToUserName : oaQb9wT-ac5F3hz8_FipJEBm-sQk ;
MsgType : text ;
Content : 欢迎关注贵州博达云科技发展有限公司！ ;

2018-08-15 22:15:46 trace :
------------
String:
<xml><ToUserName><![CDATA[gh_3280735b50d8]]></ToUserName>
<FromUserName><![CDATA[oyWTK1Lr65_SuR_br4z4QpgHqzrw]]></FromUserName>
<CreateTime>1534342546</CreateTime>
<MsgType><![CDATA[event]]></MsgType>
<Event><![CDATA[subscribe]]></Event>
<EventKey><![CDATA[]]></EventKey>
</xml>

2018-08-15 22:15:46 params :
------------
Array:
message : Array ;
module : basic ;
rule : 11 ;
priority : 0 ;
keyword : Array ;

2018-08-15 22:15:46 response :
------------
Array:
FromUserName : gh_3280735b50d8 ;
ToUserName : oyWTK1Lr65_SuR_br4z4QpgHqzrw ;
MsgType : text ;
Content : 欢迎关注黔满园荣贵微信公众号！ ;

