2018-01-01 00:36:06 trace :
------------
Array:
errno : -1 ;
message : 微信公众平台返回接口错误. 
错误代码为: 40005 
,错误描述为: appid 校验错误 ;

2018-01-01 00:36:06 waring :
------------
String:
Request Failed

2018-01-01 01:49:40 trace :
------------
String:
<xml><ToUserName><![CDATA[gh_07a7ab1e550f]]></ToUserName>
<FromUserName><![CDATA[oBqpn1fQyceWqnB6MwY4iIFoIGTg]]></FromUserName>
<CreateTime>1514742580</CreateTime>
<MsgType><![CDATA[event]]></MsgType>
<Event><![CDATA[subscribe]]></Event>
<EventKey><![CDATA[]]></EventKey>
</xml>

2018-01-01 01:49:40 params :
------------
Array:
message : Array ;
module : basic ;
rule : 20 ;
priority : 0 ;
keyword : Array ;

2018-01-01 01:49:40 response :
------------
Array:
FromUserName : gh_07a7ab1e550f ;
ToUserName : oBqpn1fQyceWqnB6MwY4iIFoIGTg ;
MsgType : text ;
Content : 感谢关注贵州罗甸红心火龙果/爱心 ;

2018-01-01 02:10:00 trace :
------------
Array:
errno : -1 ;
message : 微信公众平台返回接口错误. 
错误代码为: 40005 
,错误描述为: appid 校验错误 ;

2018-01-01 02:10:00 waring :
------------
String:
Request Failed

2018-01-01 10:45:01 trace :
------------
Array:
errno : -1 ;
message : 微信公众平台返回接口错误. 
错误代码为: 40005 
,错误描述为: appid 校验错误 ;

2018-01-01 10:45:01 waring :
------------
String:
Request Failed

2018-01-01 13:13:30 trace :
------------
String:
<xml><ToUserName><![CDATA[gh_3280735b50d8]]></ToUserName>
<FromUserName><![CDATA[oyWTK1PKbZG5ZgAu7FCNG9cEAZrY]]></FromUserName>
<CreateTime>1514783609</CreateTime>
<MsgType><![CDATA[event]]></MsgType>
<Event><![CDATA[subscribe]]></Event>
<EventKey><![CDATA[]]></EventKey>
</xml>

2018-01-01 13:13:30 params :
------------
Array:
message : Array ;
module : basic ;
rule : 11 ;
priority : 0 ;
keyword : Array ;

2018-01-01 13:13:30 response :
------------
Array:
FromUserName : gh_3280735b50d8 ;
ToUserName : oyWTK1PKbZG5ZgAu7FCNG9cEAZrY ;
MsgType : text ;
Content : 欢迎关注黔满园荣贵微信公众号！ ;

