2018-04-16 09:53:39 trace :
------------
String:
<xml><ToUserName><![CDATA[gh_a9b445bf4f73]]></ToUserName>
<FromUserName><![CDATA[oaQb9wT-ac5F3hz8_FipJEBm-sQk]]></FromUserName>
<CreateTime>1523843619</CreateTime>
<MsgType><![CDATA[event]]></MsgType>
<Event><![CDATA[VIEW]]></Event>
<EventKey><![CDATA[http://www.gzqtbw.com/app/index.php?i=16&c=site&a=site&do=detail&id=22]]></EventKey>
<MenuId>423464702</MenuId>
</xml>

2018-04-16 09:53:39 params :
------------
Array:
message : Array ;
module : basic ;
rule : 16 ;
priority : 0 ;
keyword : Array ;

2018-04-16 09:53:39 response :
------------
Array:
FromUserName : gh_a9b445bf4f73 ;
ToUserName : oaQb9wT-ac5F3hz8_FipJEBm-sQk ;
MsgType : text ;
Content : 欢迎关注贵州博达云科技发展有限公司！ ;

2018-04-16 09:53:47 trace :
------------
String:
<xml><ToUserName><![CDATA[gh_a9b445bf4f73]]></ToUserName>
<FromUserName><![CDATA[oaQb9wT-ac5F3hz8_FipJEBm-sQk]]></FromUserName>
<CreateTime>1523843627</CreateTime>
<MsgType><![CDATA[event]]></MsgType>
<Event><![CDATA[VIEW]]></Event>
<EventKey><![CDATA[http://www.gzqtbw.com/app/index.php?i=16&c=site&a=site&do=detail&id=27]]></EventKey>
<MenuId>423464702</MenuId>
</xml>

2018-04-16 09:53:47 params :
------------
Array:
message : Array ;
module : basic ;
rule : 16 ;
priority : 0 ;
keyword : Array ;

2018-04-16 09:53:47 response :
------------
Array:
FromUserName : gh_a9b445bf4f73 ;
ToUserName : oaQb9wT-ac5F3hz8_FipJEBm-sQk ;
MsgType : text ;
Content : 欢迎关注贵州博达云科技发展有限公司！ ;

2018-04-16 09:53:51 trace :
------------
String:
<xml><ToUserName><![CDATA[gh_a9b445bf4f73]]></ToUserName>
<FromUserName><![CDATA[oaQb9wT-ac5F3hz8_FipJEBm-sQk]]></FromUserName>
<CreateTime>1523843631</CreateTime>
<MsgType><![CDATA[event]]></MsgType>
<Event><![CDATA[CLICK]]></Event>
<EventKey><![CDATA[联系方式]]></EventKey>
</xml>

2018-04-16 09:53:51 params :
------------
Array:
message : Array ;
module : basic ;
rule : 24 ;
priority : 0 ;
keyword : Array ;

2018-04-16 09:53:51 response :
------------
Array:
FromUserName : gh_a9b445bf4f73 ;
ToUserName : oaQb9wT-ac5F3hz8_FipJEBm-sQk ;
MsgType : text ;
Content : 全国热线：400-852-2866 ;

2018-04-16 09:53:57 trace :
------------
String:
<xml><ToUserName><![CDATA[gh_a9b445bf4f73]]></ToUserName>
<FromUserName><![CDATA[oaQb9wT-ac5F3hz8_FipJEBm-sQk]]></FromUserName>
<CreateTime>1523843636</CreateTime>
<MsgType><![CDATA[event]]></MsgType>
<Event><![CDATA[VIEW]]></Event>
<EventKey><![CDATA[https://map.baidu.com/mobile/webapp/search/search/qt=s&wd=%E8%B4%B5%E5%B7%9E%E7%9C%81%E8%B4%B5%E9%98%B3%E5%B8%82%E8%A7%82%E5%B1%B1%E6%B9%96%E5%8C%BA%E9%AB%98%E6%96%B0%E5%8C%BA%E8%B4%B5%E9%98%B3%E7%A7%91%E6%8A%80%E5%A4%A7%E5%8E%A6B%E5%BA%A76%E6%A5%BC6%E5%8F%B7&newmap=1&ie=utf-8/%3Fpagelets%5B%5D=pager&pagelets%5B%5D=page_data&t=418287&vt=map]]></EventKey>
<MenuId>423464702</MenuId>
</xml>

2018-04-16 09:53:57 params :
------------
Array:
message : Array ;
module : basic ;
rule : 16 ;
priority : 0 ;
keyword : Array ;

2018-04-16 09:53:57 response :
------------
Array:
FromUserName : gh_a9b445bf4f73 ;
ToUserName : oaQb9wT-ac5F3hz8_FipJEBm-sQk ;
MsgType : text ;
Content : 欢迎关注贵州博达云科技发展有限公司！ ;

2018-04-16 09:53:59 trace :
------------
String:
<xml><ToUserName><![CDATA[gh_a9b445bf4f73]]></ToUserName>
<FromUserName><![CDATA[oaQb9wT-ac5F3hz8_FipJEBm-sQk]]></FromUserName>
<CreateTime>1523843639</CreateTime>
<MsgType><![CDATA[event]]></MsgType>
<Event><![CDATA[VIEW]]></Event>
<EventKey><![CDATA[http://www.gzqtbw.com/app/index.php?i=16&c=site&a=site&do=detail&id=39]]></EventKey>
<MenuId>423464702</MenuId>
</xml>

2018-04-16 09:53:59 params :
------------
Array:
message : Array ;
module : basic ;
rule : 16 ;
priority : 0 ;
keyword : Array ;

2018-04-16 09:53:59 response :
------------
Array:
FromUserName : gh_a9b445bf4f73 ;
ToUserName : oaQb9wT-ac5F3hz8_FipJEBm-sQk ;
MsgType : text ;
Content : 欢迎关注贵州博达云科技发展有限公司！ ;

2018-04-16 09:54:05 trace :
------------
String:
<xml><ToUserName><![CDATA[gh_a9b445bf4f73]]></ToUserName>
<FromUserName><![CDATA[oaQb9wT-ac5F3hz8_FipJEBm-sQk]]></FromUserName>
<CreateTime>1523843644</CreateTime>
<MsgType><![CDATA[event]]></MsgType>
<Event><![CDATA[VIEW]]></Event>
<EventKey><![CDATA[http://www.gzqtbw.com/app/index.php?i=16&c=site&a=site&do=detail&id=40]]></EventKey>
<MenuId>423464702</MenuId>
</xml>

2018-04-16 09:54:05 params :
------------
Array:
message : Array ;
module : basic ;
rule : 16 ;
priority : 0 ;
keyword : Array ;

2018-04-16 09:54:05 response :
------------
Array:
FromUserName : gh_a9b445bf4f73 ;
ToUserName : oaQb9wT-ac5F3hz8_FipJEBm-sQk ;
MsgType : text ;
Content : 欢迎关注贵州博达云科技发展有限公司！ ;

2018-04-16 09:54:09 trace :
------------
String:
<xml><ToUserName><![CDATA[gh_a9b445bf4f73]]></ToUserName>
<FromUserName><![CDATA[oaQb9wT-ac5F3hz8_FipJEBm-sQk]]></FromUserName>
<CreateTime>1523843648</CreateTime>
<MsgType><![CDATA[event]]></MsgType>
<Event><![CDATA[VIEW]]></Event>
<EventKey><![CDATA[http://www.gzqtbw.com/app/index.php?i=16&c=site&a=site&do=detail&id=41]]></EventKey>
<MenuId>423464702</MenuId>
</xml>

2018-04-16 09:54:09 params :
------------
Array:
message : Array ;
module : basic ;
rule : 16 ;
priority : 0 ;
keyword : Array ;

2018-04-16 09:54:09 response :
------------
Array:
FromUserName : gh_a9b445bf4f73 ;
ToUserName : oaQb9wT-ac5F3hz8_FipJEBm-sQk ;
MsgType : text ;
Content : 欢迎关注贵州博达云科技发展有限公司！ ;

2018-04-16 09:54:15 trace :
------------
String:
<xml><ToUserName><![CDATA[gh_a9b445bf4f73]]></ToUserName>
<FromUserName><![CDATA[oaQb9wT-ac5F3hz8_FipJEBm-sQk]]></FromUserName>
<CreateTime>1523843654</CreateTime>
<MsgType><![CDATA[event]]></MsgType>
<Event><![CDATA[VIEW]]></Event>
<EventKey><![CDATA[http://www.gzqtbw.com/app/index.php?i=16&c=site&a=site&do=detail&id=27]]></EventKey>
<MenuId>423464702</MenuId>
</xml>

2018-04-16 09:54:15 params :
------------
Array:
message : Array ;
module : basic ;
rule : 16 ;
priority : 0 ;
keyword : Array ;

2018-04-16 09:54:15 response :
------------
Array:
FromUserName : gh_a9b445bf4f73 ;
ToUserName : oaQb9wT-ac5F3hz8_FipJEBm-sQk ;
MsgType : text ;
Content : 欢迎关注贵州博达云科技发展有限公司！ ;

2018-04-16 09:54:19 trace :
------------
String:
<xml><ToUserName><![CDATA[gh_a9b445bf4f73]]></ToUserName>
<FromUserName><![CDATA[oaQb9wT-ac5F3hz8_FipJEBm-sQk]]></FromUserName>
<CreateTime>1523843658</CreateTime>
<MsgType><![CDATA[event]]></MsgType>
<Event><![CDATA[VIEW]]></Event>
<EventKey><![CDATA[http://www.gzqtbw.com/app/index.php?i=16&c=entry&do=dayu_form&id=1&m=dayu_form]]></EventKey>
<MenuId>423464702</MenuId>
</xml>

2018-04-16 09:54:19 params :
------------
Array:
message : Array ;
module : basic ;
rule : 16 ;
priority : 0 ;
keyword : Array ;

2018-04-16 09:54:19 response :
------------
Array:
FromUserName : gh_a9b445bf4f73 ;
ToUserName : oaQb9wT-ac5F3hz8_FipJEBm-sQk ;
MsgType : text ;
Content : 欢迎关注贵州博达云科技发展有限公司！ ;

2018-04-16 09:54:24 trace :
------------
String:
<xml><ToUserName><![CDATA[gh_a9b445bf4f73]]></ToUserName>
<FromUserName><![CDATA[oaQb9wT-ac5F3hz8_FipJEBm-sQk]]></FromUserName>
<CreateTime>1523843663</CreateTime>
<MsgType><![CDATA[event]]></MsgType>
<Event><![CDATA[VIEW]]></Event>
<EventKey><![CDATA[http://www.gzqtbw.com/app/index.php?i=16&c=home&t=27]]></EventKey>
<MenuId>423464702</MenuId>
</xml>

2018-04-16 09:54:24 params :
------------
Array:
message : Array ;
module : basic ;
rule : 16 ;
priority : 0 ;
keyword : Array ;

2018-04-16 09:54:24 response :
------------
Array:
FromUserName : gh_a9b445bf4f73 ;
ToUserName : oaQb9wT-ac5F3hz8_FipJEBm-sQk ;
MsgType : text ;
Content : 欢迎关注贵州博达云科技发展有限公司！ ;

2018-04-16 09:54:27 trace :
------------
String:
<xml><ToUserName><![CDATA[gh_a9b445bf4f73]]></ToUserName>
<FromUserName><![CDATA[oaQb9wT-ac5F3hz8_FipJEBm-sQk]]></FromUserName>
<CreateTime>1523843667</CreateTime>
<MsgType><![CDATA[event]]></MsgType>
<Event><![CDATA[CLICK]]></Event>
<EventKey><![CDATA[客服]]></EventKey>
</xml>

2018-04-16 09:54:27 params :
------------
Array:
message : Array ;
module : basic ;
rule : 25 ;
priority : 0 ;
keyword : Array ;

2018-04-16 09:54:27 response :
------------
Array:
FromUserName : gh_a9b445bf4f73 ;
ToUserName : oaQb9wT-ac5F3hz8_FipJEBm-sQk ;
MsgType : text ;
Content : 添加客服微信号：13765150642 ;

2018-04-16 12:22:25 trace :
------------
Array:
errno : -1 ;
message : 微信公众平台返回接口错误. 
错误代码为: 40005 
,错误描述为: appid 校验错误 ;

2018-04-16 12:22:25 waring :
------------
String:
Request Failed

2018-04-16 12:23:55 trace :
------------
String:
<xml><ToUserName><![CDATA[gh_9e16f2771397]]></ToUserName>
<FromUserName><![CDATA[oSSurv5lsA8JVxFnSUQ9hbkIcvI8]]></FromUserName>
<CreateTime>1523852635</CreateTime>
<MsgType><![CDATA[event]]></MsgType>
<Event><![CDATA[unsubscribe]]></Event>
<EventKey><![CDATA[]]></EventKey>
</xml>

2018-04-16 12:24:05 trace :
------------
String:
<xml><ToUserName><![CDATA[gh_387f2586a480]]></ToUserName>
<FromUserName><![CDATA[oHlBev_MdINXYnTXJ2ACNjhBtSlU]]></FromUserName>
<CreateTime>1523852644</CreateTime>
<MsgType><![CDATA[event]]></MsgType>
<Event><![CDATA[unsubscribe]]></Event>
<EventKey><![CDATA[]]></EventKey>
</xml>

2018-04-16 13:19:05 trace :
------------
String:
<xml><ToUserName><![CDATA[gh_3280735b50d8]]></ToUserName>
<FromUserName><![CDATA[oyWTK1HnDv3oHHtg-yCpMFNKDZaU]]></FromUserName>
<CreateTime>1523855945</CreateTime>
<MsgType><![CDATA[event]]></MsgType>
<Event><![CDATA[subscribe]]></Event>
<EventKey><![CDATA[]]></EventKey>
</xml>

2018-04-16 13:19:05 params :
------------
Array:
message : Array ;
module : basic ;
rule : 11 ;
priority : 0 ;
keyword : Array ;

2018-04-16 13:19:05 response :
------------
Array:
FromUserName : gh_3280735b50d8 ;
ToUserName : oyWTK1HnDv3oHHtg-yCpMFNKDZaU ;
MsgType : text ;
Content : 欢迎关注黔满园荣贵微信公众号！ ;

2018-04-16 13:19:13 trace :
------------
String:
<xml><ToUserName><![CDATA[gh_3280735b50d8]]></ToUserName>
<FromUserName><![CDATA[oyWTK1HnDv3oHHtg-yCpMFNKDZaU]]></FromUserName>
<CreateTime>1523855953</CreateTime>
<MsgType><![CDATA[event]]></MsgType>
<Event><![CDATA[VIEW]]></Event>
<EventKey><![CDATA[http://www.gzqtbw.com/app/index.php?i=10&c=home&t=12]]></EventKey>
<MenuId>427588424</MenuId>
</xml>

2018-04-16 13:19:13 params :
------------
Array:
message : Array ;
module : basic ;
rule : 11 ;
priority : 0 ;
keyword : Array ;

2018-04-16 13:19:13 response :
------------
Array:
FromUserName : gh_3280735b50d8 ;
ToUserName : oyWTK1HnDv3oHHtg-yCpMFNKDZaU ;
MsgType : text ;
Content : 欢迎关注黔满园荣贵微信公众号！ ;

2018-04-16 23:00:28 trace :
------------
String:
<xml><ToUserName><![CDATA[gh_a9b445bf4f73]]></ToUserName>
<FromUserName><![CDATA[oaQb9wf0EGF8LTLg4VVMJ35B97rE]]></FromUserName>
<CreateTime>1523890828</CreateTime>
<MsgType><![CDATA[event]]></MsgType>
<Event><![CDATA[VIEW]]></Event>
<EventKey><![CDATA[http://www.gzqtbw.com/app/index.php?i=16&c=site&a=site&do=detail&id=22]]></EventKey>
<MenuId>424172745</MenuId>
</xml>

2018-04-16 23:00:28 params :
------------
Array:
message : Array ;
module : basic ;
rule : 16 ;
priority : 0 ;
keyword : Array ;

2018-04-16 23:00:28 response :
------------
Array:
FromUserName : gh_a9b445bf4f73 ;
ToUserName : oaQb9wf0EGF8LTLg4VVMJ35B97rE ;
MsgType : text ;
Content : 欢迎关注贵州博达云科技发展有限公司！ ;

2018-04-16 23:00:59 trace :
------------
String:
<xml><ToUserName><![CDATA[gh_a9b445bf4f73]]></ToUserName>
<FromUserName><![CDATA[oaQb9wf0EGF8LTLg4VVMJ35B97rE]]></FromUserName>
<CreateTime>1523890858</CreateTime>
<MsgType><![CDATA[event]]></MsgType>
<Event><![CDATA[VIEW]]></Event>
<EventKey><![CDATA[http://www.gzqtbw.com/app/index.php?i=16&c=entry&do=dayu_form&id=1&m=dayu_form]]></EventKey>
<MenuId>424172745</MenuId>
</xml>

2018-04-16 23:00:59 params :
------------
Array:
message : Array ;
module : basic ;
rule : 16 ;
priority : 0 ;
keyword : Array ;

2018-04-16 23:00:59 response :
------------
Array:
FromUserName : gh_a9b445bf4f73 ;
ToUserName : oaQb9wf0EGF8LTLg4VVMJ35B97rE ;
MsgType : text ;
Content : 欢迎关注贵州博达云科技发展有限公司！ ;

2018-04-16 23:01:04 trace :
------------
String:
<xml><ToUserName><![CDATA[gh_a9b445bf4f73]]></ToUserName>
<FromUserName><![CDATA[oaQb9wf0EGF8LTLg4VVMJ35B97rE]]></FromUserName>
<CreateTime>1523890863</CreateTime>
<MsgType><![CDATA[event]]></MsgType>
<Event><![CDATA[VIEW]]></Event>
<EventKey><![CDATA[http://www.gzqtbw.com/app/index.php?i=16&c=home&t=27]]></EventKey>
<MenuId>424172745</MenuId>
</xml>

2018-04-16 23:01:04 params :
------------
Array:
message : Array ;
module : basic ;
rule : 16 ;
priority : 0 ;
keyword : Array ;

2018-04-16 23:01:04 response :
------------
Array:
FromUserName : gh_a9b445bf4f73 ;
ToUserName : oaQb9wf0EGF8LTLg4VVMJ35B97rE ;
MsgType : text ;
Content : 欢迎关注贵州博达云科技发展有限公司！ ;

