2018-08-01 09:55:18 trace :
------------
String:
<xml><ToUserName><![CDATA[gh_3280735b50d8]]></ToUserName>
<FromUserName><![CDATA[oyWTK1NUzTKPXf36sB_FRxKmDLqI]]></FromUserName>
<CreateTime>1533088517</CreateTime>
<MsgType><![CDATA[event]]></MsgType>
<Event><![CDATA[MASSSENDJOBFINISH]]></Event>
<MsgID>1000000033</MsgID>
<Status><![CDATA[send success]]></Status>
<TotalCount>181</TotalCount>
<FilterCount>181</FilterCount>
<SentCount>181</SentCount>
<ErrorCount>0</ErrorCount>
<CopyrightCheckResult><Count>0</Count>
<ResultList></ResultList>
<CheckState>0</CheckState>
</CopyrightCheckResult>
</xml>

2018-08-01 09:55:18 params :
------------
Array:
message : Array ;
module : basic ;
rule : 11 ;
priority : 0 ;
keyword : Array ;

2018-08-01 09:55:18 response :
------------
Array:
FromUserName : gh_3280735b50d8 ;
ToUserName : oyWTK1NUzTKPXf36sB_FRxKmDLqI ;
MsgType : text ;
Content : 欢迎关注黔满园荣贵微信公众号！ ;

2018-08-01 09:56:55 trace :
------------
String:
<xml><ToUserName><![CDATA[gh_3280735b50d8]]></ToUserName>
<FromUserName><![CDATA[oyWTK1Kz5jeo1xsyEc1_zDfDTmHs]]></FromUserName>
<CreateTime>1533088615</CreateTime>
<MsgType><![CDATA[event]]></MsgType>
<Event><![CDATA[unsubscribe]]></Event>
<EventKey><![CDATA[]]></EventKey>
</xml>

2018-08-01 10:45:10 trace :
------------
String:
<xml><ToUserName><![CDATA[gh_3280735b50d8]]></ToUserName>
<FromUserName><![CDATA[oyWTK1AzUqx97XqxJC2ZxOMX75ew]]></FromUserName>
<CreateTime>1533091510</CreateTime>
<MsgType><![CDATA[event]]></MsgType>
<Event><![CDATA[unsubscribe]]></Event>
<EventKey><![CDATA[]]></EventKey>
</xml>

2018-08-01 11:17:36 trace :
------------
String:
<xml><ToUserName><![CDATA[gh_3280735b50d8]]></ToUserName>
<FromUserName><![CDATA[oyWTK1L6kMeYF_4Asq8_zkFeYwwE]]></FromUserName>
<CreateTime>1533093456</CreateTime>
<MsgType><![CDATA[event]]></MsgType>
<Event><![CDATA[subscribe]]></Event>
<EventKey><![CDATA[]]></EventKey>
</xml>

2018-08-01 11:17:36 params :
------------
Array:
message : Array ;
module : basic ;
rule : 11 ;
priority : 0 ;
keyword : Array ;

2018-08-01 11:17:36 response :
------------
Array:
FromUserName : gh_3280735b50d8 ;
ToUserName : oyWTK1L6kMeYF_4Asq8_zkFeYwwE ;
MsgType : text ;
Content : 欢迎关注黔满园荣贵微信公众号！ ;

2018-08-01 16:14:52 trace :
------------
String:
<xml><ToUserName><![CDATA[gh_94895cfd80a6]]></ToUserName>
<FromUserName><![CDATA[o92jL0RgWJ1EgnWDvheBMvjKLpB8]]></FromUserName>
<CreateTime>1533111292</CreateTime>
<MsgType><![CDATA[event]]></MsgType>
<Event><![CDATA[subscribe]]></Event>
<EventKey><![CDATA[]]></EventKey>
</xml>

2018-08-01 16:14:52 params :
------------
Array:
message : Array ;
module : basic ;
rule : 29 ;
priority : 0 ;
keyword : Array ;

2018-08-01 16:14:52 response :
------------
Array:
FromUserName : gh_94895cfd80a6 ;
ToUserName : o92jL0RgWJ1EgnWDvheBMvjKLpB8 ;
MsgType : text ;
Content : 您好，欢迎关注赫章一小微信公众号！ ;

2018-08-01 16:14:59 trace :
------------
String:
<xml><ToUserName><![CDATA[gh_94895cfd80a6]]></ToUserName>
<FromUserName><![CDATA[o92jL0RgWJ1EgnWDvheBMvjKLpB8]]></FromUserName>
<CreateTime>1533111299</CreateTime>
<MsgType><![CDATA[event]]></MsgType>
<Event><![CDATA[VIEW]]></Event>
<EventKey><![CDATA[http://www.gzqtbw.com/app/index.php?i=20&c=home&t=32]]></EventKey>
<MenuId>476348390</MenuId>
</xml>

2018-08-01 16:14:59 params :
------------
Array:
message : Array ;
module : basic ;
rule : 29 ;
priority : 0 ;
keyword : Array ;

2018-08-01 16:14:59 response :
------------
Array:
FromUserName : gh_94895cfd80a6 ;
ToUserName : o92jL0RgWJ1EgnWDvheBMvjKLpB8 ;
MsgType : text ;
Content : 您好，欢迎关注赫章一小微信公众号！ ;

2018-08-01 18:32:05 trace :
------------
String:
<xml><ToUserName><![CDATA[gh_3280735b50d8]]></ToUserName>
<FromUserName><![CDATA[oyWTK1BCdik9JDk4tPEoF-dYgj54]]></FromUserName>
<CreateTime>1533119525</CreateTime>
<MsgType><![CDATA[event]]></MsgType>
<Event><![CDATA[subscribe]]></Event>
<EventKey><![CDATA[]]></EventKey>
</xml>

2018-08-01 18:32:05 params :
------------
Array:
message : Array ;
module : basic ;
rule : 11 ;
priority : 0 ;
keyword : Array ;

2018-08-01 18:32:05 response :
------------
Array:
FromUserName : gh_3280735b50d8 ;
ToUserName : oyWTK1BCdik9JDk4tPEoF-dYgj54 ;
MsgType : text ;
Content : 欢迎关注黔满园荣贵微信公众号！ ;

2018-08-01 19:18:39 trace :
------------
String:
<xml><ToUserName><![CDATA[gh_387f2586a480]]></ToUserName>
<FromUserName><![CDATA[oHlBevxMwhWPOgJ_vF0ZyAdkBlbM]]></FromUserName>
<CreateTime>1533122319</CreateTime>
<MsgType><![CDATA[event]]></MsgType>
<Event><![CDATA[subscribe]]></Event>
<EventKey><![CDATA[]]></EventKey>
</xml>

2018-08-01 19:18:39 params :
------------
Array:
message : Array ;
module : basic ;
rule : 13 ;
priority : 0 ;
keyword : Array ;

2018-08-01 19:18:39 response :
------------
Array:
FromUserName : gh_387f2586a480 ;
ToUserName : oHlBevxMwhWPOgJ_vF0ZyAdkBlbM ;
MsgType : text ;
Content : 欢迎关注李记梧桐人家微信公众号！ ;

2018-08-01 19:18:45 trace :
------------
String:
<xml><ToUserName><![CDATA[gh_387f2586a480]]></ToUserName>
<FromUserName><![CDATA[oHlBevxMwhWPOgJ_vF0ZyAdkBlbM]]></FromUserName>
<CreateTime>1533122325</CreateTime>
<MsgType><![CDATA[event]]></MsgType>
<Event><![CDATA[VIEW]]></Event>
<EventKey><![CDATA[http://www.gzqtbw.com/app/index.php?i=12&c=home&t=15]]></EventKey>
<MenuId>602413748</MenuId>
</xml>

2018-08-01 19:18:45 params :
------------
Array:
message : Array ;
module : basic ;
rule : 13 ;
priority : 0 ;
keyword : Array ;

2018-08-01 19:18:45 response :
------------
Array:
FromUserName : gh_387f2586a480 ;
ToUserName : oHlBevxMwhWPOgJ_vF0ZyAdkBlbM ;
MsgType : text ;
Content : 欢迎关注李记梧桐人家微信公众号！ ;

2018-08-01 19:18:51 trace :
------------
String:
<xml><ToUserName><![CDATA[gh_387f2586a480]]></ToUserName>
<FromUserName><![CDATA[oHlBevxMwhWPOgJ_vF0ZyAdkBlbM]]></FromUserName>
<CreateTime>1533122331</CreateTime>
<MsgType><![CDATA[event]]></MsgType>
<Event><![CDATA[VIEW]]></Event>
<EventKey><![CDATA[http://www.gzqtbw.com/app/index.php?i=12&c=home&t=15]]></EventKey>
<MenuId>602413748</MenuId>
</xml>

2018-08-01 19:18:51 params :
------------
Array:
message : Array ;
module : basic ;
rule : 13 ;
priority : 0 ;
keyword : Array ;

2018-08-01 19:18:51 response :
------------
Array:
FromUserName : gh_387f2586a480 ;
ToUserName : oHlBevxMwhWPOgJ_vF0ZyAdkBlbM ;
MsgType : text ;
Content : 欢迎关注李记梧桐人家微信公众号！ ;

2018-08-01 19:25:17 trace :
------------
String:
<xml><ToUserName><![CDATA[gh_387f2586a480]]></ToUserName>
<FromUserName><![CDATA[oHlBevxMwhWPOgJ_vF0ZyAdkBlbM]]></FromUserName>
<CreateTime>1533122717</CreateTime>
<MsgType><![CDATA[text]]></MsgType>
<Content><![CDATA[你们还招聘吗]]></Content>
<MsgId>6584711930876705210</MsgId>
</xml>

2018-08-01 19:25:17 params :
------------
Array:
message : Array ;
module : basic ;
rule : 13 ;
priority : 0 ;
keyword : Array ;

2018-08-01 19:25:17 response :
------------
Array:
FromUserName : gh_387f2586a480 ;
ToUserName : oHlBevxMwhWPOgJ_vF0ZyAdkBlbM ;
MsgType : text ;
Content : 欢迎关注李记梧桐人家微信公众号！ ;

2018-08-01 19:25:49 trace :
------------
String:
<xml><ToUserName><![CDATA[gh_387f2586a480]]></ToUserName>
<FromUserName><![CDATA[oHlBevxMwhWPOgJ_vF0ZyAdkBlbM]]></FromUserName>
<CreateTime>1533122748</CreateTime>
<MsgType><![CDATA[text]]></MsgType>
<Content><![CDATA[我前几天来面试的，明天可以上班吗]]></Content>
<MsgId>6584712064020691393</MsgId>
</xml>

2018-08-01 19:25:49 params :
------------
Array:
message : Array ;
module : basic ;
rule : 13 ;
priority : 0 ;
keyword : Array ;

2018-08-01 19:25:49 response :
------------
Array:
FromUserName : gh_387f2586a480 ;
ToUserName : oHlBevxMwhWPOgJ_vF0ZyAdkBlbM ;
MsgType : text ;
Content : 欢迎关注李记梧桐人家微信公众号！ ;

2018-08-01 20:21:07 trace :
------------
String:
<xml><ToUserName><![CDATA[gh_a9b445bf4f73]]></ToUserName>
<FromUserName><![CDATA[oaQb9waUZggcMhxOfTnK7gAQ3HGs]]></FromUserName>
<CreateTime>1533126067</CreateTime>
<MsgType><![CDATA[event]]></MsgType>
<Event><![CDATA[subscribe]]></Event>
<EventKey><![CDATA[]]></EventKey>
</xml>

2018-08-01 20:21:07 params :
------------
Array:
message : Array ;
module : basic ;
rule : 16 ;
priority : 0 ;
keyword : Array ;

2018-08-01 20:21:07 response :
------------
Array:
FromUserName : gh_a9b445bf4f73 ;
ToUserName : oaQb9waUZggcMhxOfTnK7gAQ3HGs ;
MsgType : text ;
Content : 欢迎关注贵州博达云科技发展有限公司！ ;

2018-08-01 20:22:52 trace :
------------
String:
<xml><ToUserName><![CDATA[gh_a9b445bf4f73]]></ToUserName>
<FromUserName><![CDATA[oaQb9waUZggcMhxOfTnK7gAQ3HGs]]></FromUserName>
<CreateTime>1533126172</CreateTime>
<MsgType><![CDATA[event]]></MsgType>
<Event><![CDATA[VIEW]]></Event>
<EventKey><![CDATA[http://mb.gzqtbw.com]]></EventKey>
<MenuId>424172745</MenuId>
</xml>

2018-08-01 20:22:52 params :
------------
Array:
message : Array ;
module : basic ;
rule : 16 ;
priority : 0 ;
keyword : Array ;

2018-08-01 20:22:52 response :
------------
Array:
FromUserName : gh_a9b445bf4f73 ;
ToUserName : oaQb9waUZggcMhxOfTnK7gAQ3HGs ;
MsgType : text ;
Content : 欢迎关注贵州博达云科技发展有限公司！ ;

2018-08-01 20:23:25 trace :
------------
String:
<xml><ToUserName><![CDATA[gh_a9b445bf4f73]]></ToUserName>
<FromUserName><![CDATA[oaQb9waUZggcMhxOfTnK7gAQ3HGs]]></FromUserName>
<CreateTime>1533126205</CreateTime>
<MsgType><![CDATA[event]]></MsgType>
<Event><![CDATA[VIEW]]></Event>
<EventKey><![CDATA[http://www.gzqtbw.com/app/index.php?i=16&c=site&a=site&do=detail&id=24]]></EventKey>
<MenuId>424172745</MenuId>
</xml>

2018-08-01 20:23:25 params :
------------
Array:
message : Array ;
module : basic ;
rule : 16 ;
priority : 0 ;
keyword : Array ;

2018-08-01 20:23:25 response :
------------
Array:
FromUserName : gh_a9b445bf4f73 ;
ToUserName : oaQb9waUZggcMhxOfTnK7gAQ3HGs ;
MsgType : text ;
Content : 欢迎关注贵州博达云科技发展有限公司！ ;

2018-08-01 20:27:50 trace :
------------
String:
<xml><ToUserName><![CDATA[gh_a9b445bf4f73]]></ToUserName>
<FromUserName><![CDATA[oaQb9waUZggcMhxOfTnK7gAQ3HGs]]></FromUserName>
<CreateTime>1533126470</CreateTime>
<MsgType><![CDATA[event]]></MsgType>
<Event><![CDATA[VIEW]]></Event>
<EventKey><![CDATA[http://www.gzqtbw.com/app/index.php?i=16&c=site&a=site&do=detail&id=40]]></EventKey>
<MenuId>424172745</MenuId>
</xml>

2018-08-01 20:27:50 params :
------------
Array:
message : Array ;
module : basic ;
rule : 16 ;
priority : 0 ;
keyword : Array ;

2018-08-01 20:27:50 response :
------------
Array:
FromUserName : gh_a9b445bf4f73 ;
ToUserName : oaQb9waUZggcMhxOfTnK7gAQ3HGs ;
MsgType : text ;
Content : 欢迎关注贵州博达云科技发展有限公司！ ;

2018-08-01 20:28:23 trace :
------------
String:
<xml><ToUserName><![CDATA[gh_a9b445bf4f73]]></ToUserName>
<FromUserName><![CDATA[oaQb9waUZggcMhxOfTnK7gAQ3HGs]]></FromUserName>
<CreateTime>1533126503</CreateTime>
<MsgType><![CDATA[event]]></MsgType>
<Event><![CDATA[VIEW]]></Event>
<EventKey><![CDATA[http://www.gzqtbw.com/app/index.php?i=16&c=site&a=site&do=detail&id=22]]></EventKey>
<MenuId>424172745</MenuId>
</xml>

2018-08-01 20:28:23 params :
------------
Array:
message : Array ;
module : basic ;
rule : 16 ;
priority : 0 ;
keyword : Array ;

2018-08-01 20:28:23 response :
------------
Array:
FromUserName : gh_a9b445bf4f73 ;
ToUserName : oaQb9waUZggcMhxOfTnK7gAQ3HGs ;
MsgType : text ;
Content : 欢迎关注贵州博达云科技发展有限公司！ ;

2018-08-01 20:40:29 trace :
------------
String:
<xml><ToUserName><![CDATA[gh_a9b445bf4f73]]></ToUserName>
<FromUserName><![CDATA[oaQb9waUZggcMhxOfTnK7gAQ3HGs]]></FromUserName>
<CreateTime>1533127228</CreateTime>
<MsgType><![CDATA[event]]></MsgType>
<Event><![CDATA[VIEW]]></Event>
<EventKey><![CDATA[http://www.gzqtbw.com/app/index.php?i=16&c=site&a=site&do=detail&id=27]]></EventKey>
<MenuId>424172745</MenuId>
</xml>

2018-08-01 20:40:29 params :
------------
Array:
message : Array ;
module : basic ;
rule : 16 ;
priority : 0 ;
keyword : Array ;

2018-08-01 20:40:29 response :
------------
Array:
FromUserName : gh_a9b445bf4f73 ;
ToUserName : oaQb9waUZggcMhxOfTnK7gAQ3HGs ;
MsgType : text ;
Content : 欢迎关注贵州博达云科技发展有限公司！ ;

