2018-01-05 01:30:02 trace :
------------
String:
<xml><ToUserName><![CDATA[gh_a9b445bf4f73]]></ToUserName>
<FromUserName><![CDATA[oaQb9wbh7ErrbrKmzpwxpW8EvKYQ]]></FromUserName>
<CreateTime>1515087001</CreateTime>
<MsgType><![CDATA[event]]></MsgType>
<Event><![CDATA[VIEW]]></Event>
<EventKey><![CDATA[http://www.gzqtbw.com/app/index.php?i=16&c=home&t=19]]></EventKey>
<MenuId>422750895</MenuId>
</xml>

2018-01-05 01:30:02 params :
------------
Array:
message : Array ;
module : basic ;
rule : 16 ;
priority : 0 ;
keyword : Array ;

2018-01-05 01:30:02 response :
------------
Array:
FromUserName : gh_a9b445bf4f73 ;
ToUserName : oaQb9wbh7ErrbrKmzpwxpW8EvKYQ ;
MsgType : text ;
Content : 欢迎关注贵州博达云科技发展有限公司！ ;

2018-01-05 01:30:38 trace :
------------
String:
<xml><ToUserName><![CDATA[gh_a9b445bf4f73]]></ToUserName>
<FromUserName><![CDATA[oaQb9wbh7ErrbrKmzpwxpW8EvKYQ]]></FromUserName>
<CreateTime>1515087037</CreateTime>
<MsgType><![CDATA[event]]></MsgType>
<Event><![CDATA[VIEW]]></Event>
<EventKey><![CDATA[http://www.gzqtbw.com/app/index.php?i=16&c=home&t=21]]></EventKey>
<MenuId>422750895</MenuId>
</xml>

2018-01-05 01:30:38 params :
------------
Array:
message : Array ;
module : basic ;
rule : 16 ;
priority : 0 ;
keyword : Array ;

2018-01-05 01:30:38 response :
------------
Array:
FromUserName : gh_a9b445bf4f73 ;
ToUserName : oaQb9wbh7ErrbrKmzpwxpW8EvKYQ ;
MsgType : text ;
Content : 欢迎关注贵州博达云科技发展有限公司！ ;

2018-01-05 01:31:48 trace :
------------
String:
<xml><ToUserName><![CDATA[gh_a9b445bf4f73]]></ToUserName>
<FromUserName><![CDATA[oaQb9wbh7ErrbrKmzpwxpW8EvKYQ]]></FromUserName>
<CreateTime>1515087106</CreateTime>
<MsgType><![CDATA[event]]></MsgType>
<Event><![CDATA[VIEW]]></Event>
<EventKey><![CDATA[http://www.gzqtbw.com/app/index.php?i=16&c=entry&do=dayu_form&id=1&m=dayu_form]]></EventKey>
<MenuId>422750895</MenuId>
</xml>

2018-01-05 01:31:48 params :
------------
Array:
message : Array ;
module : basic ;
rule : 16 ;
priority : 0 ;
keyword : Array ;

2018-01-05 01:31:48 response :
------------
Array:
FromUserName : gh_a9b445bf4f73 ;
ToUserName : oaQb9wbh7ErrbrKmzpwxpW8EvKYQ ;
MsgType : text ;
Content : 欢迎关注贵州博达云科技发展有限公司！ ;

2018-01-05 09:17:57 trace :
------------
String:
<xml><ToUserName><![CDATA[gh_b6dd8949412a]]></ToUserName>
<FromUserName><![CDATA[osNo7w4sqaJMPSw3e6f6Gxj9tMyY]]></FromUserName>
<CreateTime>1515115077</CreateTime>
<MsgType><![CDATA[event]]></MsgType>
<Event><![CDATA[LOCATION]]></Event>
<Latitude>26.623598</Latitude>
<Longitude>106.643555</Longitude>
<Precision>83.993813</Precision>
</xml>

2018-01-05 09:17:57 params :
------------
Array:
message : Array ;
module : default ;
rule : -1 ;

2018-01-05 09:17:57 response :
------------
Array:
errno : -1 ;
message : Invaild value ;

2018-01-05 09:18:01 trace :
------------
String:
<xml><ToUserName><![CDATA[gh_b6dd8949412a]]></ToUserName>
<FromUserName><![CDATA[osNo7w4sqaJMPSw3e6f6Gxj9tMyY]]></FromUserName>
<CreateTime>1515115080</CreateTime>
<MsgType><![CDATA[event]]></MsgType>
<Event><![CDATA[VIEW]]></Event>
<EventKey><![CDATA[http://www.gzqtbw.com/app/index.php?i=15&c=home&t=18]]></EventKey>
<MenuId>418590499</MenuId>
</xml>

2018-01-05 09:18:01 params :
------------
Array:
message : Array ;
module : basic ;
rule : 15 ;
priority : 0 ;
keyword : Array ;

2018-01-05 09:18:01 response :
------------
Array:
FromUserName : gh_b6dd8949412a ;
ToUserName : osNo7w4sqaJMPSw3e6f6Gxj9tMyY ;
MsgType : text ;
Content : 欢迎关注贵州博达云科技！ ;

2018-01-05 09:18:15 trace :
------------
String:
<xml><ToUserName><![CDATA[gh_b6dd8949412a]]></ToUserName>
<FromUserName><![CDATA[osNo7w4sqaJMPSw3e6f6Gxj9tMyY]]></FromUserName>
<CreateTime>1515115095</CreateTime>
<MsgType><![CDATA[event]]></MsgType>
<Event><![CDATA[LOCATION]]></Event>
<Latitude>26.623598</Latitude>
<Longitude>106.643555</Longitude>
<Precision>83.993813</Precision>
</xml>

2018-01-05 09:18:15 params :
------------
Array:
message : Array ;
module : default ;
rule : -1 ;

2018-01-05 09:18:15 response :
------------
Array:
errno : -1 ;
message : Invaild value ;

2018-01-05 09:18:42 trace :
------------
String:
<xml><ToUserName><![CDATA[gh_b6dd8949412a]]></ToUserName>
<FromUserName><![CDATA[osNo7w4sqaJMPSw3e6f6Gxj9tMyY]]></FromUserName>
<CreateTime>1515115121</CreateTime>
<MsgType><![CDATA[event]]></MsgType>
<Event><![CDATA[VIEW]]></Event>
<EventKey><![CDATA[http://www.gzqtbw.com/app/index.php?i=15&c=home&t=18]]></EventKey>
<MenuId>418590499</MenuId>
</xml>

2018-01-05 09:18:42 params :
------------
Array:
message : Array ;
module : basic ;
rule : 15 ;
priority : 0 ;
keyword : Array ;

2018-01-05 09:18:42 response :
------------
Array:
FromUserName : gh_b6dd8949412a ;
ToUserName : osNo7w4sqaJMPSw3e6f6Gxj9tMyY ;
MsgType : text ;
Content : 欢迎关注贵州博达云科技！ ;

2018-01-05 09:19:28 trace :
------------
String:
<xml><ToUserName><![CDATA[gh_b6dd8949412a]]></ToUserName>
<FromUserName><![CDATA[osNo7w4sqaJMPSw3e6f6Gxj9tMyY]]></FromUserName>
<CreateTime>1515115167</CreateTime>
<MsgType><![CDATA[event]]></MsgType>
<Event><![CDATA[LOCATION]]></Event>
<Latitude>26.623631</Latitude>
<Longitude>106.643036</Longitude>
<Precision>78.948982</Precision>
</xml>

2018-01-05 09:19:28 params :
------------
Array:
message : Array ;
module : default ;
rule : -1 ;

2018-01-05 09:19:28 response :
------------
Array:
errno : -1 ;
message : Invaild value ;

2018-01-05 14:20:19 trace :
------------
Array:
errno : -1 ;
message : 微信公众平台返回接口错误. 
错误代码为: 40005 
,错误描述为: appid 校验错误 ;

2018-01-05 14:20:19 waring :
------------
String:
Request Failed

2018-01-05 14:20:25 trace :
------------
Array:
errno : -1 ;
message : 微信公众平台返回接口错误. 
错误代码为: 40005 
,错误描述为: appid 校验错误 ;

2018-01-05 14:20:25 waring :
------------
String:
Request Failed

2018-01-05 14:20:32 trace :
------------
Array:
errno : -1 ;
message : 微信公众平台返回接口错误. 
错误代码为: 40005 
,错误描述为: appid 校验错误 ;

2018-01-05 14:20:32 waring :
------------
String:
Request Failed

2018-01-05 14:20:46 trace :
------------
Array:
errno : -1 ;
message : 微信公众平台返回接口错误. 
错误代码为: 40005 
,错误描述为: appid 校验错误 ;

2018-01-05 14:20:46 waring :
------------
String:
Request Failed

2018-01-05 19:56:14 trace :
------------
String:
<xml><ToUserName><![CDATA[gh_387f2586a480]]></ToUserName>
<FromUserName><![CDATA[oHlBevw128XQGCOS4tYXq60bhG7o]]></FromUserName>
<CreateTime>1515153374</CreateTime>
<MsgType><![CDATA[event]]></MsgType>
<Event><![CDATA[subscribe]]></Event>
<EventKey><![CDATA[]]></EventKey>
</xml>

2018-01-05 19:56:14 params :
------------
Array:
message : Array ;
module : basic ;
rule : 13 ;
priority : 0 ;
keyword : Array ;

2018-01-05 19:56:14 response :
------------
Array:
FromUserName : gh_387f2586a480 ;
ToUserName : oHlBevw128XQGCOS4tYXq60bhG7o ;
MsgType : text ;
Content : 欢迎关注李记梧桐人家微信公众号！ ;

2018-01-05 19:56:18 trace :
------------
String:
<xml><ToUserName><![CDATA[gh_387f2586a480]]></ToUserName>
<FromUserName><![CDATA[oHlBevw128XQGCOS4tYXq60bhG7o]]></FromUserName>
<CreateTime>1515153377</CreateTime>
<MsgType><![CDATA[event]]></MsgType>
<Event><![CDATA[VIEW]]></Event>
<EventKey><![CDATA[http://www.gzqtbw.com/app/index.php?i=12&c=site&a=site&do=detail&id=10]]></EventKey>
<MenuId>602413748</MenuId>
</xml>

2018-01-05 19:56:18 params :
------------
Array:
message : Array ;
module : basic ;
rule : 13 ;
priority : 0 ;
keyword : Array ;

2018-01-05 19:56:18 response :
------------
Array:
FromUserName : gh_387f2586a480 ;
ToUserName : oHlBevw128XQGCOS4tYXq60bhG7o ;
MsgType : text ;
Content : 欢迎关注李记梧桐人家微信公众号！ ;

2018-01-05 19:56:24 trace :
------------
String:
<xml><ToUserName><![CDATA[gh_387f2586a480]]></ToUserName>
<FromUserName><![CDATA[oHlBevw128XQGCOS4tYXq60bhG7o]]></FromUserName>
<CreateTime>1515153384</CreateTime>
<MsgType><![CDATA[event]]></MsgType>
<Event><![CDATA[VIEW]]></Event>
<EventKey><![CDATA[http://www.gzqtbw.com/app/index.php?i=12&c=site&a=site&do=detail&id=11]]></EventKey>
<MenuId>602413748</MenuId>
</xml>

2018-01-05 19:56:24 params :
------------
Array:
message : Array ;
module : basic ;
rule : 13 ;
priority : 0 ;
keyword : Array ;

2018-01-05 19:56:24 response :
------------
Array:
FromUserName : gh_387f2586a480 ;
ToUserName : oHlBevw128XQGCOS4tYXq60bhG7o ;
MsgType : text ;
Content : 欢迎关注李记梧桐人家微信公众号！ ;

2018-01-05 19:56:27 trace :
------------
String:
<xml><ToUserName><![CDATA[gh_387f2586a480]]></ToUserName>
<FromUserName><![CDATA[oHlBevw128XQGCOS4tYXq60bhG7o]]></FromUserName>
<CreateTime>1515153386</CreateTime>
<MsgType><![CDATA[event]]></MsgType>
<Event><![CDATA[VIEW]]></Event>
<EventKey><![CDATA[http://www.gzqtbw.com/app/index.php?i=12&c=home&t=15]]></EventKey>
<MenuId>602413748</MenuId>
</xml>

2018-01-05 19:56:27 params :
------------
Array:
message : Array ;
module : basic ;
rule : 13 ;
priority : 0 ;
keyword : Array ;

2018-01-05 19:56:27 response :
------------
Array:
FromUserName : gh_387f2586a480 ;
ToUserName : oHlBevw128XQGCOS4tYXq60bhG7o ;
MsgType : text ;
Content : 欢迎关注李记梧桐人家微信公众号！ ;

2018-01-05 19:56:32 trace :
------------
String:
<xml><ToUserName><![CDATA[gh_387f2586a480]]></ToUserName>
<FromUserName><![CDATA[oHlBevw128XQGCOS4tYXq60bhG7o]]></FromUserName>
<CreateTime>1515153391</CreateTime>
<MsgType><![CDATA[event]]></MsgType>
<Event><![CDATA[VIEW]]></Event>
<EventKey><![CDATA[http://www.gzqtbw.com/app/index.php?i=12&c=mc&a=card&do=sign_display&]]></EventKey>
<MenuId>602413748</MenuId>
</xml>

2018-01-05 19:56:32 params :
------------
Array:
message : Array ;
module : basic ;
rule : 13 ;
priority : 0 ;
keyword : Array ;

2018-01-05 19:56:32 response :
------------
Array:
FromUserName : gh_387f2586a480 ;
ToUserName : oHlBevw128XQGCOS4tYXq60bhG7o ;
MsgType : text ;
Content : 欢迎关注李记梧桐人家微信公众号！ ;

2018-01-05 19:56:39 trace :
------------
String:
<xml><ToUserName><![CDATA[gh_387f2586a480]]></ToUserName>
<FromUserName><![CDATA[oHlBevw128XQGCOS4tYXq60bhG7o]]></FromUserName>
<CreateTime>1515153399</CreateTime>
<MsgType><![CDATA[event]]></MsgType>
<Event><![CDATA[unsubscribe]]></Event>
<EventKey><![CDATA[]]></EventKey>
</xml>

