2018-02-23 01:45:27 trace :
------------
String:
<xml><ToUserName><![CDATA[gh_3280735b50d8]]></ToUserName>
<FromUserName><![CDATA[oyWTK1KRZhFYvjKUHJFZG1Aw2eZk]]></FromUserName>
<CreateTime>1519321526</CreateTime>
<MsgType><![CDATA[event]]></MsgType>
<Event><![CDATA[unsubscribe]]></Event>
<EventKey><![CDATA[]]></EventKey>
</xml>

2018-02-23 12:58:57 trace :
------------
String:
<xml><ToUserName><![CDATA[gh_28e767424b83]]></ToUserName>
<FromUserName><![CDATA[oaJVu0YXs6AZ6Mf0WEHNm48Bh8l4]]></FromUserName>
<CreateTime>1519361937</CreateTime>
<MsgType><![CDATA[event]]></MsgType>
<Event><![CDATA[VIEW]]></Event>
<EventKey><![CDATA[http://www.gzqtbw.com/app/index.php?i=19&c=site&a=site&do=detail&id=55]]></EventKey>
<MenuId>442837782</MenuId>
</xml>

2018-02-23 12:58:57 params :
------------
Array:
message : Array ;
module : basic ;
rule : 27 ;
priority : 0 ;
keyword : Array ;

2018-02-23 12:58:57 response :
------------
Array:
FromUserName : gh_28e767424b83 ;
ToUserName : oaJVu0YXs6AZ6Mf0WEHNm48Bh8l4 ;
MsgType : text ;
Content : 各位宗亲，大家好！欢迎关注贵州若木商贸公众号！ ;

2018-02-23 12:59:10 trace :
------------
String:
<xml><ToUserName><![CDATA[gh_28e767424b83]]></ToUserName>
<FromUserName><![CDATA[oaJVu0YXs6AZ6Mf0WEHNm48Bh8l4]]></FromUserName>
<CreateTime>1519361950</CreateTime>
<MsgType><![CDATA[event]]></MsgType>
<Event><![CDATA[VIEW]]></Event>
<EventKey><![CDATA[http://www.gzqtbw.com/app/index.php?i=19&c=site&a=site&do=detail&id=55]]></EventKey>
<MenuId>442837782</MenuId>
</xml>

2018-02-23 12:59:10 params :
------------
Array:
message : Array ;
module : basic ;
rule : 27 ;
priority : 0 ;
keyword : Array ;

2018-02-23 12:59:10 response :
------------
Array:
FromUserName : gh_28e767424b83 ;
ToUserName : oaJVu0YXs6AZ6Mf0WEHNm48Bh8l4 ;
MsgType : text ;
Content : 各位宗亲，大家好！欢迎关注贵州若木商贸公众号！ ;

2018-02-23 12:59:41 trace :
------------
String:
<xml><ToUserName><![CDATA[gh_28e767424b83]]></ToUserName>
<FromUserName><![CDATA[oaJVu0YXs6AZ6Mf0WEHNm48Bh8l4]]></FromUserName>
<CreateTime>1519361981</CreateTime>
<MsgType><![CDATA[event]]></MsgType>
<Event><![CDATA[VIEW]]></Event>
<EventKey><![CDATA[http://gzrmsm.gzqtbw.com/]]></EventKey>
<MenuId>442837782</MenuId>
</xml>

2018-02-23 12:59:41 params :
------------
Array:
message : Array ;
module : basic ;
rule : 27 ;
priority : 0 ;
keyword : Array ;

2018-02-23 12:59:41 response :
------------
Array:
FromUserName : gh_28e767424b83 ;
ToUserName : oaJVu0YXs6AZ6Mf0WEHNm48Bh8l4 ;
MsgType : text ;
Content : 各位宗亲，大家好！欢迎关注贵州若木商贸公众号！ ;

2018-02-23 12:59:56 trace :
------------
String:
<xml><ToUserName><![CDATA[gh_28e767424b83]]></ToUserName>
<FromUserName><![CDATA[oaJVu0dQqRLIrVPZuhSZoIQ9E5Tk]]></FromUserName>
<CreateTime>1519361995</CreateTime>
<MsgType><![CDATA[event]]></MsgType>
<Event><![CDATA[VIEW]]></Event>
<EventKey><![CDATA[http://www.gzqtbw.com/app/index.php?i=19&c=home&t=28]]></EventKey>
<MenuId>442837782</MenuId>
</xml>

2018-02-23 12:59:56 params :
------------
Array:
message : Array ;
module : basic ;
rule : 27 ;
priority : 0 ;
keyword : Array ;

2018-02-23 12:59:56 response :
------------
Array:
FromUserName : gh_28e767424b83 ;
ToUserName : oaJVu0dQqRLIrVPZuhSZoIQ9E5Tk ;
MsgType : text ;
Content : 各位宗亲，大家好！欢迎关注贵州若木商贸公众号！ ;

2018-02-23 13:00:10 trace :
------------
String:
<xml><ToUserName><![CDATA[gh_28e767424b83]]></ToUserName>
<FromUserName><![CDATA[oaJVu0dQqRLIrVPZuhSZoIQ9E5Tk]]></FromUserName>
<CreateTime>1519362009</CreateTime>
<MsgType><![CDATA[event]]></MsgType>
<Event><![CDATA[VIEW]]></Event>
<EventKey><![CDATA[http://gzrmsm.gzqtbw.com/]]></EventKey>
<MenuId>442837782</MenuId>
</xml>

2018-02-23 13:00:10 params :
------------
Array:
message : Array ;
module : basic ;
rule : 27 ;
priority : 0 ;
keyword : Array ;

2018-02-23 13:00:10 response :
------------
Array:
FromUserName : gh_28e767424b83 ;
ToUserName : oaJVu0dQqRLIrVPZuhSZoIQ9E5Tk ;
MsgType : text ;
Content : 各位宗亲，大家好！欢迎关注贵州若木商贸公众号！ ;

2018-02-23 13:00:16 trace :
------------
String:
<xml><ToUserName><![CDATA[gh_28e767424b83]]></ToUserName>
<FromUserName><![CDATA[oaJVu0YXs6AZ6Mf0WEHNm48Bh8l4]]></FromUserName>
<CreateTime>1519362015</CreateTime>
<MsgType><![CDATA[event]]></MsgType>
<Event><![CDATA[VIEW]]></Event>
<EventKey><![CDATA[https://map.baidu.com/mobile/webapp/search/search/qt=s&wd=%E8%B4%B5%E5%B7%9E%E7%9C%81%E8%B4%B5%E9%98%B3%E5%B8%82%E8%A7%82%E5%B1%B1%E6%B9%96%E5%8C%BA%E4%B8%96%E7%BA%AA%E5%9F%8E%E9%BE%99%E5%9F%8E%E5%BA%84%E5%9B%AD8%E6%A0%8B-1&newmap=1&ie=utf-8/vt=map]]></EventKey>
<MenuId>442837782</MenuId>
</xml>

2018-02-23 13:00:16 params :
------------
Array:
message : Array ;
module : basic ;
rule : 27 ;
priority : 0 ;
keyword : Array ;

2018-02-23 13:00:16 response :
------------
Array:
FromUserName : gh_28e767424b83 ;
ToUserName : oaJVu0YXs6AZ6Mf0WEHNm48Bh8l4 ;
MsgType : text ;
Content : 各位宗亲，大家好！欢迎关注贵州若木商贸公众号！ ;

2018-02-23 13:00:27 trace :
------------
String:
<xml><ToUserName><![CDATA[gh_28e767424b83]]></ToUserName>
<FromUserName><![CDATA[oaJVu0YXs6AZ6Mf0WEHNm48Bh8l4]]></FromUserName>
<CreateTime>1519362027</CreateTime>
<MsgType><![CDATA[event]]></MsgType>
<Event><![CDATA[VIEW]]></Event>
<EventKey><![CDATA[http://gzrmsm.gzqtbw.com/]]></EventKey>
<MenuId>442837782</MenuId>
</xml>

2018-02-23 13:00:27 params :
------------
Array:
message : Array ;
module : basic ;
rule : 27 ;
priority : 0 ;
keyword : Array ;

2018-02-23 13:00:27 response :
------------
Array:
FromUserName : gh_28e767424b83 ;
ToUserName : oaJVu0YXs6AZ6Mf0WEHNm48Bh8l4 ;
MsgType : text ;
Content : 各位宗亲，大家好！欢迎关注贵州若木商贸公众号！ ;

2018-02-23 18:56:35 trace :
------------
String:
<xml><ToUserName><![CDATA[gh_387f2586a480]]></ToUserName>
<FromUserName><![CDATA[oHlBev35eWhGODWQKzwv7QteAAg0]]></FromUserName>
<CreateTime>1519383394</CreateTime>
<MsgType><![CDATA[event]]></MsgType>
<Event><![CDATA[VIEW]]></Event>
<EventKey><![CDATA[http://www.gzqtbw.com/app/index.php?i=12&c=home&t=15]]></EventKey>
<MenuId>602413748</MenuId>
</xml>

2018-02-23 18:56:35 params :
------------
Array:
message : Array ;
module : basic ;
rule : 13 ;
priority : 0 ;
keyword : Array ;

2018-02-23 18:56:35 response :
------------
Array:
FromUserName : gh_387f2586a480 ;
ToUserName : oHlBev35eWhGODWQKzwv7QteAAg0 ;
MsgType : text ;
Content : 欢迎关注李记梧桐人家微信公众号！ ;

2018-02-23 18:56:43 trace :
------------
String:
<xml><ToUserName><![CDATA[gh_387f2586a480]]></ToUserName>
<FromUserName><![CDATA[oHlBev35eWhGODWQKzwv7QteAAg0]]></FromUserName>
<CreateTime>1519383403</CreateTime>
<MsgType><![CDATA[event]]></MsgType>
<Event><![CDATA[VIEW]]></Event>
<EventKey><![CDATA[http://www.gzqtbw.com/app/index.php?i=12&c=mc&a=card&do=sign_display&]]></EventKey>
<MenuId>602413748</MenuId>
</xml>

2018-02-23 18:56:43 params :
------------
Array:
message : Array ;
module : basic ;
rule : 13 ;
priority : 0 ;
keyword : Array ;

2018-02-23 18:56:43 response :
------------
Array:
FromUserName : gh_387f2586a480 ;
ToUserName : oHlBev35eWhGODWQKzwv7QteAAg0 ;
MsgType : text ;
Content : 欢迎关注李记梧桐人家微信公众号！ ;

2018-02-23 18:56:46 trace :
------------
String:
<xml><ToUserName><![CDATA[gh_387f2586a480]]></ToUserName>
<FromUserName><![CDATA[oHlBev35eWhGODWQKzwv7QteAAg0]]></FromUserName>
<CreateTime>1519383406</CreateTime>
<MsgType><![CDATA[event]]></MsgType>
<Event><![CDATA[VIEW]]></Event>
<EventKey><![CDATA[http://www.gzqtbw.com/app/index.php?i=12&c=mc&a=bond&do=mycard&]]></EventKey>
<MenuId>602413748</MenuId>
</xml>

2018-02-23 18:56:46 params :
------------
Array:
message : Array ;
module : basic ;
rule : 13 ;
priority : 0 ;
keyword : Array ;

2018-02-23 18:56:46 response :
------------
Array:
FromUserName : gh_387f2586a480 ;
ToUserName : oHlBev35eWhGODWQKzwv7QteAAg0 ;
MsgType : text ;
Content : 欢迎关注李记梧桐人家微信公众号！ ;

2018-02-23 18:56:50 trace :
------------
String:
<xml><ToUserName><![CDATA[gh_387f2586a480]]></ToUserName>
<FromUserName><![CDATA[oHlBev35eWhGODWQKzwv7QteAAg0]]></FromUserName>
<CreateTime>1519383410</CreateTime>
<MsgType><![CDATA[event]]></MsgType>
<Event><![CDATA[VIEW]]></Event>
<EventKey><![CDATA[http://www.gzqtbw.com/app/index.php?i=12&c=site&a=site&do=detail&id=10]]></EventKey>
<MenuId>602413748</MenuId>
</xml>

2018-02-23 18:56:50 params :
------------
Array:
message : Array ;
module : basic ;
rule : 13 ;
priority : 0 ;
keyword : Array ;

2018-02-23 18:56:50 response :
------------
Array:
FromUserName : gh_387f2586a480 ;
ToUserName : oHlBev35eWhGODWQKzwv7QteAAg0 ;
MsgType : text ;
Content : 欢迎关注李记梧桐人家微信公众号！ ;

2018-02-23 19:28:10 trace :
------------
String:
<xml><ToUserName><![CDATA[gh_3280735b50d8]]></ToUserName>
<FromUserName><![CDATA[oyWTK1B0xI1Vhs06sX7LVBhF2JeU]]></FromUserName>
<CreateTime>1519385289</CreateTime>
<MsgType><![CDATA[event]]></MsgType>
<Event><![CDATA[VIEW]]></Event>
<EventKey><![CDATA[http://www.gzqtbw.com/app/index.php?i=10&c=home&t=12]]></EventKey>
<MenuId>427588424</MenuId>
</xml>

2018-02-23 19:28:10 params :
------------
Array:
message : Array ;
module : basic ;
rule : 11 ;
priority : 0 ;
keyword : Array ;

2018-02-23 19:28:10 response :
------------
Array:
FromUserName : gh_3280735b50d8 ;
ToUserName : oyWTK1B0xI1Vhs06sX7LVBhF2JeU ;
MsgType : text ;
Content : 欢迎关注黔满园荣贵微信公众号！ ;

