2018-03-05 08:22:31 trace :
------------
String:
<xml><ToUserName><![CDATA[gh_3280735b50d8]]></ToUserName>
<FromUserName><![CDATA[oyWTK1ObimL6j-mwqTOuJe8G7HvY]]></FromUserName>
<CreateTime>1520209351</CreateTime>
<MsgType><![CDATA[event]]></MsgType>
<Event><![CDATA[VIEW]]></Event>
<EventKey><![CDATA[http://www.gzqtbw.com/app/index.php?i=10&c=mc&a=card&do=sign_display&]]></EventKey>
<MenuId>427588424</MenuId>
</xml>

2018-03-05 08:22:31 params :
------------
Array:
message : Array ;
module : basic ;
rule : 11 ;
priority : 0 ;
keyword : Array ;

2018-03-05 08:22:31 response :
------------
Array:
FromUserName : gh_3280735b50d8 ;
ToUserName : oyWTK1ObimL6j-mwqTOuJe8G7HvY ;
MsgType : text ;
Content : 欢迎关注黔满园荣贵微信公众号！ ;

2018-03-05 14:55:42 trace :
------------
String:
<xml><ToUserName><![CDATA[gh_3280735b50d8]]></ToUserName>
<FromUserName><![CDATA[oyWTK1HauC0aRxjnXQ7vrAMT3xZA]]></FromUserName>
<CreateTime>1520232942</CreateTime>
<MsgType><![CDATA[event]]></MsgType>
<Event><![CDATA[subscribe]]></Event>
<EventKey><![CDATA[]]></EventKey>
</xml>

2018-03-05 14:55:42 params :
------------
Array:
message : Array ;
module : basic ;
rule : 11 ;
priority : 0 ;
keyword : Array ;

2018-03-05 14:55:42 response :
------------
Array:
FromUserName : gh_3280735b50d8 ;
ToUserName : oyWTK1HauC0aRxjnXQ7vrAMT3xZA ;
MsgType : text ;
Content : 欢迎关注黔满园荣贵微信公众号！ ;

2018-03-05 14:55:47 trace :
------------
String:
<xml><ToUserName><![CDATA[gh_3280735b50d8]]></ToUserName>
<FromUserName><![CDATA[oyWTK1HauC0aRxjnXQ7vrAMT3xZA]]></FromUserName>
<CreateTime>1520232946</CreateTime>
<MsgType><![CDATA[event]]></MsgType>
<Event><![CDATA[VIEW]]></Event>
<EventKey><![CDATA[http://www.gzqtbw.com/app/index.php?i=10&c=mc&a=card&do=sign_display&]]></EventKey>
<MenuId>427588424</MenuId>
</xml>

2018-03-05 14:55:47 params :
------------
Array:
message : Array ;
module : basic ;
rule : 11 ;
priority : 0 ;
keyword : Array ;

2018-03-05 14:55:47 response :
------------
Array:
FromUserName : gh_3280735b50d8 ;
ToUserName : oyWTK1HauC0aRxjnXQ7vrAMT3xZA ;
MsgType : text ;
Content : 欢迎关注黔满园荣贵微信公众号！ ;

2018-03-05 16:37:43 trace :
------------
String:
<xml><ToUserName><![CDATA[gh_3280735b50d8]]></ToUserName>
<FromUserName><![CDATA[oyWTK1HauC0aRxjnXQ7vrAMT3xZA]]></FromUserName>
<CreateTime>1520239063</CreateTime>
<MsgType><![CDATA[event]]></MsgType>
<Event><![CDATA[VIEW]]></Event>
<EventKey><![CDATA[http://www.gzqtbw.com/app/index.php?i=10&c=mc&a=card&do=sign_display&]]></EventKey>
<MenuId>427588424</MenuId>
</xml>

2018-03-05 16:37:43 params :
------------
Array:
message : Array ;
module : basic ;
rule : 11 ;
priority : 0 ;
keyword : Array ;

2018-03-05 16:37:43 response :
------------
Array:
FromUserName : gh_3280735b50d8 ;
ToUserName : oyWTK1HauC0aRxjnXQ7vrAMT3xZA ;
MsgType : text ;
Content : 欢迎关注黔满园荣贵微信公众号！ ;

