2018-06-08 02:40:42 trace :
------------
String:
<xml><ToUserName><![CDATA[gh_07a7ab1e550f]]></ToUserName>
<FromUserName><![CDATA[oBqpn1aF6vJ94HRDmR3MMqlOVaac]]></FromUserName>
<CreateTime>1528396842</CreateTime>
<MsgType><![CDATA[event]]></MsgType>
<Event><![CDATA[subscribe]]></Event>
<EventKey><![CDATA[]]></EventKey>
</xml>

2018-06-08 02:40:42 params :
------------
Array:
message : Array ;
module : basic ;
rule : 20 ;
priority : 0 ;
keyword : Array ;

2018-06-08 02:40:42 response :
------------
Array:
FromUserName : gh_07a7ab1e550f ;
ToUserName : oBqpn1aF6vJ94HRDmR3MMqlOVaac ;
MsgType : text ;
Content : 感谢关注贵州罗甸红心火龙果/爱心 ;

2018-06-08 02:40:47 trace :
------------
String:
<xml><ToUserName><![CDATA[gh_07a7ab1e550f]]></ToUserName>
<FromUserName><![CDATA[oBqpn1aF6vJ94HRDmR3MMqlOVaac]]></FromUserName>
<CreateTime>1528396847</CreateTime>
<MsgType><![CDATA[event]]></MsgType>
<Event><![CDATA[VIEW]]></Event>
<EventKey><![CDATA[http://www.gzqtbw.com/app/index.php?i=18&c=entry&do=shop&m=ewei_shop]]></EventKey>
<MenuId>442049859</MenuId>
</xml>

2018-06-08 02:40:47 params :
------------
Array:
message : Array ;
module : basic ;
rule : 20 ;
priority : 0 ;
keyword : Array ;

2018-06-08 02:40:47 response :
------------
Array:
FromUserName : gh_07a7ab1e550f ;
ToUserName : oBqpn1aF6vJ94HRDmR3MMqlOVaac ;
MsgType : text ;
Content : 感谢关注贵州罗甸红心火龙果/爱心 ;

2018-06-08 02:40:48 trace :
------------
String:
<xml><ToUserName><![CDATA[gh_07a7ab1e550f]]></ToUserName>
<FromUserName><![CDATA[oBqpn1aF6vJ94HRDmR3MMqlOVaac]]></FromUserName>
<CreateTime>1528396847</CreateTime>
<MsgType><![CDATA[event]]></MsgType>
<Event><![CDATA[VIEW]]></Event>
<EventKey><![CDATA[http://www.gzqtbw.com/app/index.php?i=18&c=entry&do=shop&m=ewei_shop]]></EventKey>
<MenuId>442049859</MenuId>
</xml>

2018-06-08 02:40:48 params :
------------
Array:
message : Array ;
module : basic ;
rule : 20 ;
priority : 0 ;
keyword : Array ;

2018-06-08 02:40:48 response :
------------
Array:
FromUserName : gh_07a7ab1e550f ;
ToUserName : oBqpn1aF6vJ94HRDmR3MMqlOVaac ;
MsgType : text ;
Content : 感谢关注贵州罗甸红心火龙果/爱心 ;

2018-06-08 02:41:07 trace :
------------
String:
<xml><ToUserName><![CDATA[gh_07a7ab1e550f]]></ToUserName>
<FromUserName><![CDATA[oBqpn1aF6vJ94HRDmR3MMqlOVaac]]></FromUserName>
<CreateTime>1528396867</CreateTime>
<MsgType><![CDATA[text]]></MsgType>
<Content><![CDATA[价格?]]></Content>
<MsgId>6564414559518418015</MsgId>
</xml>

2018-06-08 02:41:07 params :
------------
Array:
message : Array ;
module : basic ;
rule : 20 ;
priority : 0 ;
keyword : Array ;

2018-06-08 02:41:07 response :
------------
Array:
FromUserName : gh_07a7ab1e550f ;
ToUserName : oBqpn1aF6vJ94HRDmR3MMqlOVaac ;
MsgType : text ;
Content : 感谢关注贵州罗甸红心火龙果/爱心 ;

2018-06-08 12:06:53 trace :
------------
String:
<xml><ToUserName><![CDATA[gh_94895cfd80a6]]></ToUserName>
<FromUserName><![CDATA[o92jL0cw2de2WRMG3Xz1CSJKS1fc]]></FromUserName>
<CreateTime>1528430813</CreateTime>
<MsgType><![CDATA[event]]></MsgType>
<Event><![CDATA[VIEW]]></Event>
<EventKey><![CDATA[http://www.gzqtbw.com/app/index.php?i=20&c=home&t=32]]></EventKey>
<MenuId>476348390</MenuId>
</xml>

2018-06-08 12:06:53 params :
------------
Array:
message : Array ;
module : basic ;
rule : 29 ;
priority : 0 ;
keyword : Array ;

2018-06-08 12:06:53 response :
------------
Array:
FromUserName : gh_94895cfd80a6 ;
ToUserName : o92jL0cw2de2WRMG3Xz1CSJKS1fc ;
MsgType : text ;
Content : 您好，欢迎关注赫章一小微信公众号！ ;

2018-06-08 20:01:27 trace :
------------
String:
<xml><ToUserName><![CDATA[gh_a9b445bf4f73]]></ToUserName>
<FromUserName><![CDATA[oaQb9wT-ac5F3hz8_FipJEBm-sQk]]></FromUserName>
<CreateTime>1528459287</CreateTime>
<MsgType><![CDATA[event]]></MsgType>
<Event><![CDATA[VIEW]]></Event>
<EventKey><![CDATA[http://mb.gzqtbw.com]]></EventKey>
<MenuId>424172745</MenuId>
</xml>

2018-06-08 20:01:27 params :
------------
Array:
message : Array ;
module : basic ;
rule : 16 ;
priority : 0 ;
keyword : Array ;

2018-06-08 20:01:27 response :
------------
Array:
FromUserName : gh_a9b445bf4f73 ;
ToUserName : oaQb9wT-ac5F3hz8_FipJEBm-sQk ;
MsgType : text ;
Content : 欢迎关注贵州博达云科技发展有限公司！ ;

