2018-07-25 09:41:34 trace :
------------
String:
<xml><ToUserName><![CDATA[gh_a9b445bf4f73]]></ToUserName>
<FromUserName><![CDATA[oaQb9wT-ac5F3hz8_FipJEBm-sQk]]></FromUserName>
<CreateTime>1532482894</CreateTime>
<MsgType><![CDATA[event]]></MsgType>
<Event><![CDATA[VIEW]]></Event>
<EventKey><![CDATA[http://mb.gzqtbw.com]]></EventKey>
<MenuId>424172745</MenuId>
</xml>

2018-07-25 09:41:34 params :
------------
Array:
message : Array ;
module : basic ;
rule : 16 ;
priority : 0 ;
keyword : Array ;

2018-07-25 09:41:34 response :
------------
Array:
FromUserName : gh_a9b445bf4f73 ;
ToUserName : oaQb9wT-ac5F3hz8_FipJEBm-sQk ;
MsgType : text ;
Content : 欢迎关注贵州博达云科技发展有限公司！ ;

2018-07-25 10:53:44 trace :
------------
String:
<xml><ToUserName><![CDATA[gh_94895cfd80a6]]></ToUserName>
<FromUserName><![CDATA[o92jL0dDsmL-mNqqipmNe3AiTHVU]]></FromUserName>
<CreateTime>1532487224</CreateTime>
<MsgType><![CDATA[event]]></MsgType>
<Event><![CDATA[unsubscribe]]></Event>
<EventKey><![CDATA[]]></EventKey>
</xml>

2018-07-25 20:51:53 trace :
------------
String:
<xml><ToUserName><![CDATA[gh_94895cfd80a6]]></ToUserName>
<FromUserName><![CDATA[o92jL0ZNMToCT6Crvag8FGYyRob8]]></FromUserName>
<CreateTime>1532523112</CreateTime>
<MsgType><![CDATA[event]]></MsgType>
<Event><![CDATA[subscribe]]></Event>
<EventKey><![CDATA[]]></EventKey>
</xml>

2018-07-25 20:51:53 params :
------------
Array:
message : Array ;
module : basic ;
rule : 29 ;
priority : 0 ;
keyword : Array ;

2018-07-25 20:51:53 response :
------------
Array:
FromUserName : gh_94895cfd80a6 ;
ToUserName : o92jL0ZNMToCT6Crvag8FGYyRob8 ;
MsgType : text ;
Content : 您好，欢迎关注赫章一小微信公众号！ ;

2018-07-25 20:51:56 trace :
------------
String:
<xml><ToUserName><![CDATA[gh_94895cfd80a6]]></ToUserName>
<FromUserName><![CDATA[o92jL0ZNMToCT6Crvag8FGYyRob8]]></FromUserName>
<CreateTime>1532523116</CreateTime>
<MsgType><![CDATA[event]]></MsgType>
<Event><![CDATA[VIEW]]></Event>
<EventKey><![CDATA[http://www.gzqtbw.com/app/index.php?i=20&c=home&t=32]]></EventKey>
<MenuId>476348390</MenuId>
</xml>

2018-07-25 20:51:56 params :
------------
Array:
message : Array ;
module : basic ;
rule : 29 ;
priority : 0 ;
keyword : Array ;

2018-07-25 20:51:56 response :
------------
Array:
FromUserName : gh_94895cfd80a6 ;
ToUserName : o92jL0ZNMToCT6Crvag8FGYyRob8 ;
MsgType : text ;
Content : 您好，欢迎关注赫章一小微信公众号！ ;

2018-07-25 20:52:44 trace :
------------
String:
<xml><ToUserName><![CDATA[gh_94895cfd80a6]]></ToUserName>
<FromUserName><![CDATA[o92jL0ZNMToCT6Crvag8FGYyRob8]]></FromUserName>
<CreateTime>1532523164</CreateTime>
<MsgType><![CDATA[event]]></MsgType>
<Event><![CDATA[VIEW]]></Event>
<EventKey><![CDATA[http://www.gzqtbw.com/app/index.php?i=20&c=home&t=32]]></EventKey>
<MenuId>476348390</MenuId>
</xml>

2018-07-25 20:52:44 params :
------------
Array:
message : Array ;
module : basic ;
rule : 29 ;
priority : 0 ;
keyword : Array ;

2018-07-25 20:52:44 response :
------------
Array:
FromUserName : gh_94895cfd80a6 ;
ToUserName : o92jL0ZNMToCT6Crvag8FGYyRob8 ;
MsgType : text ;
Content : 您好，欢迎关注赫章一小微信公众号！ ;

2018-07-25 22:19:27 trace :
------------
String:
<xml><ToUserName><![CDATA[gh_07a7ab1e550f]]></ToUserName>
<FromUserName><![CDATA[oBqpn1QvMLIzbm8NE77L0OW_23Z4]]></FromUserName>
<CreateTime>1532528367</CreateTime>
<MsgType><![CDATA[event]]></MsgType>
<Event><![CDATA[unsubscribe]]></Event>
<EventKey><![CDATA[]]></EventKey>
</xml>

