2018-06-21 08:30:03 trace :
------------
String:
<xml><ToUserName><![CDATA[gh_07a7ab1e550f]]></ToUserName>
<FromUserName><![CDATA[oBqpn1XtOiXK32nOYBEq4GBUvz5E]]></FromUserName>
<CreateTime>1529541002</CreateTime>
<MsgType><![CDATA[event]]></MsgType>
<Event><![CDATA[subscribe]]></Event>
<EventKey><![CDATA[]]></EventKey>
</xml>

2018-06-21 08:30:03 params :
------------
Array:
message : Array ;
module : basic ;
rule : 20 ;
priority : 0 ;
keyword : Array ;

2018-06-21 08:30:03 response :
------------
Array:
FromUserName : gh_07a7ab1e550f ;
ToUserName : oBqpn1XtOiXK32nOYBEq4GBUvz5E ;
MsgType : text ;
Content : 感谢关注贵州罗甸红心火龙果/爱心 ;

2018-06-21 08:30:05 trace :
------------
String:
<xml><ToUserName><![CDATA[gh_07a7ab1e550f]]></ToUserName>
<FromUserName><![CDATA[oBqpn1XtOiXK32nOYBEq4GBUvz5E]]></FromUserName>
<CreateTime>1529541005</CreateTime>
<MsgType><![CDATA[event]]></MsgType>
<Event><![CDATA[VIEW]]></Event>
<EventKey><![CDATA[http://www.gzqtbw.com/app/index.php?i=18&c=entry&do=shop&m=ewei_shop]]></EventKey>
<MenuId>442049859</MenuId>
</xml>

2018-06-21 08:30:05 params :
------------
Array:
message : Array ;
module : basic ;
rule : 20 ;
priority : 0 ;
keyword : Array ;

2018-06-21 08:30:05 response :
------------
Array:
FromUserName : gh_07a7ab1e550f ;
ToUserName : oBqpn1XtOiXK32nOYBEq4GBUvz5E ;
MsgType : text ;
Content : 感谢关注贵州罗甸红心火龙果/爱心 ;

2018-06-21 10:20:35 trace :
------------
String:
<xml><ToUserName><![CDATA[gh_e35f14d80eb1]]></ToUserName>
<FromUserName><![CDATA[on8J51kw9CdDUT9p3OvXDGt_HLyU]]></FromUserName>
<CreateTime>1529547635</CreateTime>
<MsgType><![CDATA[event]]></MsgType>
<Event><![CDATA[subscribe]]></Event>
<EventKey><![CDATA[]]></EventKey>
</xml>

2018-06-21 10:20:35 params :
------------
Array:
message : Array ;
module : basic ;
rule : 17 ;
priority : 0 ;
keyword : Array ;

2018-06-21 10:20:35 response :
------------
Array:
FromUserName : gh_e35f14d80eb1 ;
ToUserName : on8J51kw9CdDUT9p3OvXDGt_HLyU ;
MsgType : text ;
Content : 欢迎关注华润哆妮宝贝母婴店 ;

2018-06-21 10:20:38 trace :
------------
String:
<xml><ToUserName><![CDATA[gh_e35f14d80eb1]]></ToUserName>
<FromUserName><![CDATA[on8J51kw9CdDUT9p3OvXDGt_HLyU]]></FromUserName>
<CreateTime>1529547638</CreateTime>
<MsgType><![CDATA[event]]></MsgType>
<Event><![CDATA[VIEW]]></Event>
<EventKey><![CDATA[http://api.map.baidu.com/marker?location=26.645075,106.657789&title=一键导航&name=一键导航&content=贵州省贵阳市观山湖区贵阳华润国际社区E区第E区负一层120号&output=html&src=we7#wechat_redirect]]></EventKey>
<MenuId>419037559</MenuId>
</xml>

2018-06-21 10:20:38 params :
------------
Array:
message : Array ;
module : basic ;
rule : 17 ;
priority : 0 ;
keyword : Array ;

2018-06-21 10:20:38 response :
------------
Array:
FromUserName : gh_e35f14d80eb1 ;
ToUserName : on8J51kw9CdDUT9p3OvXDGt_HLyU ;
MsgType : text ;
Content : 欢迎关注华润哆妮宝贝母婴店 ;

2018-06-21 10:20:47 trace :
------------
String:
<xml><ToUserName><![CDATA[gh_e35f14d80eb1]]></ToUserName>
<FromUserName><![CDATA[on8J51kw9CdDUT9p3OvXDGt_HLyU]]></FromUserName>
<CreateTime>1529547647</CreateTime>
<MsgType><![CDATA[event]]></MsgType>
<Event><![CDATA[VIEW]]></Event>
<EventKey><![CDATA[http://www.gzqtbw.com/app/index.php?i=17&c=site&a=site&do=detail&id=35]]></EventKey>
<MenuId>419037559</MenuId>
</xml>

2018-06-21 10:20:47 params :
------------
Array:
message : Array ;
module : basic ;
rule : 17 ;
priority : 0 ;
keyword : Array ;

2018-06-21 10:20:47 response :
------------
Array:
FromUserName : gh_e35f14d80eb1 ;
ToUserName : on8J51kw9CdDUT9p3OvXDGt_HLyU ;
MsgType : text ;
Content : 欢迎关注华润哆妮宝贝母婴店 ;

2018-06-21 10:20:53 trace :
------------
String:
<xml><ToUserName><![CDATA[gh_e35f14d80eb1]]></ToUserName>
<FromUserName><![CDATA[on8J51kw9CdDUT9p3OvXDGt_HLyU]]></FromUserName>
<CreateTime>1529547653</CreateTime>
<MsgType><![CDATA[event]]></MsgType>
<Event><![CDATA[unsubscribe]]></Event>
<EventKey><![CDATA[]]></EventKey>
</xml>

2018-06-21 12:31:06 trace :
------------
String:
<xml><ToUserName><![CDATA[gh_07a7ab1e550f]]></ToUserName>
<FromUserName><![CDATA[oBqpn1QE2JfJ_lNjA78ZPnQvZPWk]]></FromUserName>
<CreateTime>1529555466</CreateTime>
<MsgType><![CDATA[event]]></MsgType>
<Event><![CDATA[subscribe]]></Event>
<EventKey><![CDATA[]]></EventKey>
</xml>

2018-06-21 12:31:06 params :
------------
Array:
message : Array ;
module : basic ;
rule : 20 ;
priority : 0 ;
keyword : Array ;

2018-06-21 12:31:06 response :
------------
Array:
FromUserName : gh_07a7ab1e550f ;
ToUserName : oBqpn1QE2JfJ_lNjA78ZPnQvZPWk ;
MsgType : text ;
Content : 感谢关注贵州罗甸红心火龙果/爱心 ;

2018-06-21 12:31:09 trace :
------------
String:
<xml><ToUserName><![CDATA[gh_07a7ab1e550f]]></ToUserName>
<FromUserName><![CDATA[oBqpn1QE2JfJ_lNjA78ZPnQvZPWk]]></FromUserName>
<CreateTime>1529555469</CreateTime>
<MsgType><![CDATA[event]]></MsgType>
<Event><![CDATA[VIEW]]></Event>
<EventKey><![CDATA[http://www.gzqtbw.com/app/index.php?i=18&c=entry&do=shop&m=ewei_shop]]></EventKey>
<MenuId>442049859</MenuId>
</xml>

2018-06-21 12:31:09 params :
------------
Array:
message : Array ;
module : basic ;
rule : 20 ;
priority : 0 ;
keyword : Array ;

2018-06-21 12:31:09 response :
------------
Array:
FromUserName : gh_07a7ab1e550f ;
ToUserName : oBqpn1QE2JfJ_lNjA78ZPnQvZPWk ;
MsgType : text ;
Content : 感谢关注贵州罗甸红心火龙果/爱心 ;

2018-06-21 13:11:34 trace :
------------
String:
<xml><ToUserName><![CDATA[gh_07a7ab1e550f]]></ToUserName>
<FromUserName><![CDATA[oBqpn1S5bmkVMB-le52qRnS3Ta7E]]></FromUserName>
<CreateTime>1529557894</CreateTime>
<MsgType><![CDATA[event]]></MsgType>
<Event><![CDATA[subscribe]]></Event>
<EventKey><![CDATA[]]></EventKey>
</xml>

2018-06-21 13:11:34 params :
------------
Array:
message : Array ;
module : basic ;
rule : 20 ;
priority : 0 ;
keyword : Array ;

2018-06-21 13:11:34 response :
------------
Array:
FromUserName : gh_07a7ab1e550f ;
ToUserName : oBqpn1S5bmkVMB-le52qRnS3Ta7E ;
MsgType : text ;
Content : 感谢关注贵州罗甸红心火龙果/爱心 ;

2018-06-21 15:22:35 trace :
------------
String:
<xml><ToUserName><![CDATA[gh_07a7ab1e550f]]></ToUserName>
<FromUserName><![CDATA[oBqpn1UddzVDgDxj-QgAtdG9ZzNo]]></FromUserName>
<CreateTime>1529565754</CreateTime>
<MsgType><![CDATA[event]]></MsgType>
<Event><![CDATA[VIEW]]></Event>
<EventKey><![CDATA[http://www.gzqtbw.com/app/index.php?i=18&c=entry&do=shop&m=ewei_shop]]></EventKey>
<MenuId>442049859</MenuId>
</xml>

2018-06-21 15:22:35 params :
------------
Array:
message : Array ;
module : basic ;
rule : 20 ;
priority : 0 ;
keyword : Array ;

2018-06-21 15:22:35 response :
------------
Array:
FromUserName : gh_07a7ab1e550f ;
ToUserName : oBqpn1UddzVDgDxj-QgAtdG9ZzNo ;
MsgType : text ;
Content : 感谢关注贵州罗甸红心火龙果/爱心 ;

2018-06-21 18:16:10 trace :
------------
Array:
errno : -1 ;
message : 微信公众平台返回接口错误. 
错误代码为: 40005 
,错误描述为: appid 校验错误 ;

2018-06-21 18:16:10 waring :
------------
String:
Request Failed

2018-06-21 21:29:42 trace :
------------
String:
<xml><ToUserName><![CDATA[gh_94895cfd80a6]]></ToUserName>
<FromUserName><![CDATA[o92jL0W41qpi5Xk4HQWf-xOf_oFs]]></FromUserName>
<CreateTime>1529587780</CreateTime>
<MsgType><![CDATA[event]]></MsgType>
<Event><![CDATA[subscribe]]></Event>
<EventKey><![CDATA[]]></EventKey>
</xml>

2018-06-21 21:29:42 params :
------------
Array:
message : Array ;
module : basic ;
rule : 29 ;
priority : 0 ;
keyword : Array ;

2018-06-21 21:29:42 response :
------------
Array:
FromUserName : gh_94895cfd80a6 ;
ToUserName : o92jL0W41qpi5Xk4HQWf-xOf_oFs ;
MsgType : text ;
Content : 您好，欢迎关注赫章一小微信公众号！ ;

2018-06-21 21:30:18 trace :
------------
String:
<xml><ToUserName><![CDATA[gh_94895cfd80a6]]></ToUserName>
<FromUserName><![CDATA[o92jL0W41qpi5Xk4HQWf-xOf_oFs]]></FromUserName>
<CreateTime>1529587818</CreateTime>
<MsgType><![CDATA[text]]></MsgType>
<Content><![CDATA[请问，一年级什么时候开始报名？谢谢！]]></Content>
<MsgId>6569529655147107371</MsgId>
</xml>

2018-06-21 21:30:18 params :
------------
Array:
message : Array ;
module : basic ;
rule : 29 ;
priority : 0 ;
keyword : Array ;

2018-06-21 21:30:18 response :
------------
Array:
FromUserName : gh_94895cfd80a6 ;
ToUserName : o92jL0W41qpi5Xk4HQWf-xOf_oFs ;
MsgType : text ;
Content : 您好，欢迎关注赫章一小微信公众号！ ;

2018-06-21 21:30:22 trace :
------------
String:
<xml><ToUserName><![CDATA[gh_94895cfd80a6]]></ToUserName>
<FromUserName><![CDATA[o92jL0W41qpi5Xk4HQWf-xOf_oFs]]></FromUserName>
<CreateTime>1529587822</CreateTime>
<MsgType><![CDATA[event]]></MsgType>
<Event><![CDATA[VIEW]]></Event>
<EventKey><![CDATA[http://www.gzqtbw.com/app/index.php?i=20&c=home&t=32]]></EventKey>
<MenuId>476348390</MenuId>
</xml>

2018-06-21 21:30:22 params :
------------
Array:
message : Array ;
module : basic ;
rule : 29 ;
priority : 0 ;
keyword : Array ;

2018-06-21 21:30:22 response :
------------
Array:
FromUserName : gh_94895cfd80a6 ;
ToUserName : o92jL0W41qpi5Xk4HQWf-xOf_oFs ;
MsgType : text ;
Content : 您好，欢迎关注赫章一小微信公众号！ ;

2018-06-21 21:34:14 trace :
------------
String:
<xml><ToUserName><![CDATA[gh_94895cfd80a6]]></ToUserName>
<FromUserName><![CDATA[o92jL0W41qpi5Xk4HQWf-xOf_oFs]]></FromUserName>
<CreateTime>1529588054</CreateTime>
<MsgType><![CDATA[event]]></MsgType>
<Event><![CDATA[VIEW]]></Event>
<EventKey><![CDATA[http://www.gzqtbw.com/app/index.php?i=20&c=home&t=32]]></EventKey>
<MenuId>476348390</MenuId>
</xml>

2018-06-21 21:34:14 params :
------------
Array:
message : Array ;
module : basic ;
rule : 29 ;
priority : 0 ;
keyword : Array ;

2018-06-21 21:34:14 response :
------------
Array:
FromUserName : gh_94895cfd80a6 ;
ToUserName : o92jL0W41qpi5Xk4HQWf-xOf_oFs ;
MsgType : text ;
Content : 您好，欢迎关注赫章一小微信公众号！ ;

2018-06-21 21:35:54 trace :
------------
String:
<xml><ToUserName><![CDATA[gh_94895cfd80a6]]></ToUserName>
<FromUserName><![CDATA[o92jL0W41qpi5Xk4HQWf-xOf_oFs]]></FromUserName>
<CreateTime>1529588150</CreateTime>
<MsgType><![CDATA[text]]></MsgType>
<Content><![CDATA[请问一年级什么时候报名，报名时需要些什么？]]></Content>
<MsgId>6569531081076249697</MsgId>
</xml>

2018-06-21 21:35:54 params :
------------
Array:
message : Array ;
module : basic ;
rule : 29 ;
priority : 0 ;
keyword : Array ;

2018-06-21 21:35:54 response :
------------
Array:
FromUserName : gh_94895cfd80a6 ;
ToUserName : o92jL0W41qpi5Xk4HQWf-xOf_oFs ;
MsgType : text ;
Content : 您好，欢迎关注赫章一小微信公众号！ ;

2018-06-21 21:36:10 trace :
------------
String:
<xml><ToUserName><![CDATA[gh_94895cfd80a6]]></ToUserName>
<FromUserName><![CDATA[o92jL0W41qpi5Xk4HQWf-xOf_oFs]]></FromUserName>
<CreateTime>1529588170</CreateTime>
<MsgType><![CDATA[event]]></MsgType>
<Event><![CDATA[VIEW]]></Event>
<EventKey><![CDATA[http://www.gzqtbw.com/app/index.php?i=20&c=home&t=32]]></EventKey>
<MenuId>476348390</MenuId>
</xml>

2018-06-21 21:36:10 params :
------------
Array:
message : Array ;
module : basic ;
rule : 29 ;
priority : 0 ;
keyword : Array ;

2018-06-21 21:36:10 response :
------------
Array:
FromUserName : gh_94895cfd80a6 ;
ToUserName : o92jL0W41qpi5Xk4HQWf-xOf_oFs ;
MsgType : text ;
Content : 您好，欢迎关注赫章一小微信公众号！ ;

