2018-03-25 13:22:44 trace :
------------
String:
<xml><ToUserName><![CDATA[gh_387f2586a480]]></ToUserName>
<FromUserName><![CDATA[oHlBev-o-SWYAlDpDEIHUCIWSrvo]]></FromUserName>
<CreateTime>1521955363</CreateTime>
<MsgType><![CDATA[event]]></MsgType>
<Event><![CDATA[subscribe]]></Event>
<EventKey><![CDATA[]]></EventKey>
</xml>

2018-03-25 13:22:44 params :
------------
Array:
message : Array ;
module : basic ;
rule : 13 ;
priority : 0 ;
keyword : Array ;

2018-03-25 13:22:44 response :
------------
Array:
FromUserName : gh_387f2586a480 ;
ToUserName : oHlBev-o-SWYAlDpDEIHUCIWSrvo ;
MsgType : text ;
Content : 欢迎关注李记梧桐人家微信公众号！ ;

2018-03-25 14:33:55 trace :
------------
String:
<xml><ToUserName><![CDATA[gh_3280735b50d8]]></ToUserName>
<FromUserName><![CDATA[oyWTK1Aw_79em9oher-MoehYO5co]]></FromUserName>
<CreateTime>1521959634</CreateTime>
<MsgType><![CDATA[event]]></MsgType>
<Event><![CDATA[subscribe]]></Event>
<EventKey><![CDATA[]]></EventKey>
</xml>

2018-03-25 14:33:55 params :
------------
Array:
message : Array ;
module : basic ;
rule : 11 ;
priority : 0 ;
keyword : Array ;

2018-03-25 14:33:55 response :
------------
Array:
FromUserName : gh_3280735b50d8 ;
ToUserName : oyWTK1Aw_79em9oher-MoehYO5co ;
MsgType : text ;
Content : 欢迎关注黔满园荣贵微信公众号！ ;

2018-03-25 14:33:59 trace :
------------
String:
<xml><ToUserName><![CDATA[gh_3280735b50d8]]></ToUserName>
<FromUserName><![CDATA[oyWTK1Aw_79em9oher-MoehYO5co]]></FromUserName>
<CreateTime>1521959639</CreateTime>
<MsgType><![CDATA[event]]></MsgType>
<Event><![CDATA[VIEW]]></Event>
<EventKey><![CDATA[http://www.gzqtbw.com/app/index.php?i=10&c=mc&a=card&do=sign_display&]]></EventKey>
<MenuId>427588424</MenuId>
</xml>

2018-03-25 14:33:59 params :
------------
Array:
message : Array ;
module : basic ;
rule : 11 ;
priority : 0 ;
keyword : Array ;

2018-03-25 14:33:59 response :
------------
Array:
FromUserName : gh_3280735b50d8 ;
ToUserName : oyWTK1Aw_79em9oher-MoehYO5co ;
MsgType : text ;
Content : 欢迎关注黔满园荣贵微信公众号！ ;

