2018-01-12 11:37:18 trace :
------------
Array:
errno : -1 ;
message : 微信公众平台返回接口错误. 
错误代码为: 40005 
,错误描述为: appid 校验错误 ;

2018-01-12 11:37:18 waring :
------------
String:
Request Failed

2018-01-12 11:37:24 trace :
------------
Array:
errno : -1 ;
message : 微信公众平台返回接口错误. 
错误代码为: 40005 
,错误描述为: appid 校验错误 ;

2018-01-12 11:37:24 waring :
------------
String:
Request Failed

2018-01-12 11:41:05 trace :
------------
Array:
errno : -1 ;
message : 微信公众平台返回接口错误. 
错误代码为: 40005 
,错误描述为: appid 校验错误 ;

2018-01-12 11:41:05 waring :
------------
String:
Request Failed

2018-01-12 11:41:11 trace :
------------
Array:
errno : -1 ;
message : 微信公众平台返回接口错误. 
错误代码为: 40005 
,错误描述为: appid 校验错误 ;

2018-01-12 11:41:11 waring :
------------
String:
Request Failed

2018-01-12 11:42:35 trace :
------------
Array:
errno : -1 ;
message : 微信公众平台返回接口错误. 
错误代码为: 40005 
,错误描述为: appid 校验错误 ;

2018-01-12 11:42:35 waring :
------------
String:
Request Failed

2018-01-12 17:18:13 trace :
------------
String:
<xml><ToUserName><![CDATA[gh_a9b445bf4f73]]></ToUserName>
<FromUserName><![CDATA[oaQb9wWmm2JaS8ebyamDhygFY1_M]]></FromUserName>
<CreateTime>1515748692</CreateTime>
<MsgType><![CDATA[event]]></MsgType>
<Event><![CDATA[subscribe]]></Event>
<EventKey><![CDATA[]]></EventKey>
</xml>

2018-01-12 17:18:13 params :
------------
Array:
message : Array ;
module : basic ;
rule : 16 ;
priority : 0 ;
keyword : Array ;

2018-01-12 17:18:13 response :
------------
Array:
FromUserName : gh_a9b445bf4f73 ;
ToUserName : oaQb9wWmm2JaS8ebyamDhygFY1_M ;
MsgType : text ;
Content : 欢迎关注贵州博达云科技发展有限公司！ ;

2018-01-12 17:18:27 trace :
------------
String:
<xml><ToUserName><![CDATA[gh_a9b445bf4f73]]></ToUserName>
<FromUserName><![CDATA[oaQb9wWmm2JaS8ebyamDhygFY1_M]]></FromUserName>
<CreateTime>1515748706</CreateTime>
<MsgType><![CDATA[event]]></MsgType>
<Event><![CDATA[VIEW]]></Event>
<EventKey><![CDATA[http://www.gzqtbw.com/app/index.php?i=16&c=home&t=19]]></EventKey>
<MenuId>422750895</MenuId>
</xml>

2018-01-12 17:18:27 params :
------------
Array:
message : Array ;
module : basic ;
rule : 16 ;
priority : 0 ;
keyword : Array ;

2018-01-12 17:18:27 response :
------------
Array:
FromUserName : gh_a9b445bf4f73 ;
ToUserName : oaQb9wWmm2JaS8ebyamDhygFY1_M ;
MsgType : text ;
Content : 欢迎关注贵州博达云科技发展有限公司！ ;

2018-01-12 17:18:33 trace :
------------
String:
<xml><ToUserName><![CDATA[gh_a9b445bf4f73]]></ToUserName>
<FromUserName><![CDATA[oaQb9wWmm2JaS8ebyamDhygFY1_M]]></FromUserName>
<CreateTime>1515748712</CreateTime>
<MsgType><![CDATA[event]]></MsgType>
<Event><![CDATA[VIEW]]></Event>
<EventKey><![CDATA[http://www.gzqtbw.com/app/index.php?i=16&c=home&t=19]]></EventKey>
<MenuId>422750895</MenuId>
</xml>

2018-01-12 17:18:33 params :
------------
Array:
message : Array ;
module : basic ;
rule : 16 ;
priority : 0 ;
keyword : Array ;

2018-01-12 17:18:33 response :
------------
Array:
FromUserName : gh_a9b445bf4f73 ;
ToUserName : oaQb9wWmm2JaS8ebyamDhygFY1_M ;
MsgType : text ;
Content : 欢迎关注贵州博达云科技发展有限公司！ ;

2018-01-12 17:20:21 trace :
------------
String:
<xml><ToUserName><![CDATA[gh_a9b445bf4f73]]></ToUserName>
<FromUserName><![CDATA[oaQb9wWmm2JaS8ebyamDhygFY1_M]]></FromUserName>
<CreateTime>1515748820</CreateTime>
<MsgType><![CDATA[event]]></MsgType>
<Event><![CDATA[VIEW]]></Event>
<EventKey><![CDATA[http://www.gzqtbw.com/app/index.php?i=16&c=entry&do=dayu_form&id=1&m=dayu_form]]></EventKey>
<MenuId>422750895</MenuId>
</xml>

2018-01-12 17:20:21 params :
------------
Array:
message : Array ;
module : basic ;
rule : 16 ;
priority : 0 ;
keyword : Array ;

2018-01-12 17:20:21 response :
------------
Array:
FromUserName : gh_a9b445bf4f73 ;
ToUserName : oaQb9wWmm2JaS8ebyamDhygFY1_M ;
MsgType : text ;
Content : 欢迎关注贵州博达云科技发展有限公司！ ;

2018-01-12 17:20:26 trace :
------------
String:
<xml><ToUserName><![CDATA[gh_a9b445bf4f73]]></ToUserName>
<FromUserName><![CDATA[oaQb9wWmm2JaS8ebyamDhygFY1_M]]></FromUserName>
<CreateTime>1515748826</CreateTime>
<MsgType><![CDATA[event]]></MsgType>
<Event><![CDATA[VIEW]]></Event>
<EventKey><![CDATA[http://www.gzqtbw.com/app/index.php?i=16&c=home&t=21]]></EventKey>
<MenuId>422750895</MenuId>
</xml>

2018-01-12 17:20:26 params :
------------
Array:
message : Array ;
module : basic ;
rule : 16 ;
priority : 0 ;
keyword : Array ;

2018-01-12 17:20:26 response :
------------
Array:
FromUserName : gh_a9b445bf4f73 ;
ToUserName : oaQb9wWmm2JaS8ebyamDhygFY1_M ;
MsgType : text ;
Content : 欢迎关注贵州博达云科技发展有限公司！ ;

2018-01-12 17:20:42 trace :
------------
String:
<xml><ToUserName><![CDATA[gh_a9b445bf4f73]]></ToUserName>
<FromUserName><![CDATA[oaQb9wWmm2JaS8ebyamDhygFY1_M]]></FromUserName>
<CreateTime>1515748841</CreateTime>
<MsgType><![CDATA[event]]></MsgType>
<Event><![CDATA[VIEW]]></Event>
<EventKey><![CDATA[http://www.gzqtbw.com/app/index.php?i=16&c=home&t=19]]></EventKey>
<MenuId>422750895</MenuId>
</xml>

2018-01-12 17:20:42 params :
------------
Array:
message : Array ;
module : basic ;
rule : 16 ;
priority : 0 ;
keyword : Array ;

2018-01-12 17:20:42 response :
------------
Array:
FromUserName : gh_a9b445bf4f73 ;
ToUserName : oaQb9wWmm2JaS8ebyamDhygFY1_M ;
MsgType : text ;
Content : 欢迎关注贵州博达云科技发展有限公司！ ;

2018-01-12 19:32:55 trace :
------------
String:
<xml><ToUserName><![CDATA[gh_387f2586a480]]></ToUserName>
<FromUserName><![CDATA[oHlBev1syfREIL2EJNFGfI_hcbb0]]></FromUserName>
<CreateTime>1515756774</CreateTime>
<MsgType><![CDATA[event]]></MsgType>
<Event><![CDATA[subscribe]]></Event>
<EventKey><![CDATA[]]></EventKey>
</xml>

2018-01-12 19:32:55 params :
------------
Array:
message : Array ;
module : basic ;
rule : 13 ;
priority : 0 ;
keyword : Array ;

2018-01-12 19:32:55 response :
------------
Array:
FromUserName : gh_387f2586a480 ;
ToUserName : oHlBev1syfREIL2EJNFGfI_hcbb0 ;
MsgType : text ;
Content : 欢迎关注李记梧桐人家微信公众号！ ;

2018-01-12 19:33:01 trace :
------------
String:
<xml><ToUserName><![CDATA[gh_387f2586a480]]></ToUserName>
<FromUserName><![CDATA[oHlBev1syfREIL2EJNFGfI_hcbb0]]></FromUserName>
<CreateTime>1515756780</CreateTime>
<MsgType><![CDATA[event]]></MsgType>
<Event><![CDATA[VIEW]]></Event>
<EventKey><![CDATA[http://www.gzqtbw.com/app/index.php?i=12&c=home&t=15]]></EventKey>
<MenuId>602413748</MenuId>
</xml>

2018-01-12 19:33:01 params :
------------
Array:
message : Array ;
module : basic ;
rule : 13 ;
priority : 0 ;
keyword : Array ;

2018-01-12 19:33:01 response :
------------
Array:
FromUserName : gh_387f2586a480 ;
ToUserName : oHlBev1syfREIL2EJNFGfI_hcbb0 ;
MsgType : text ;
Content : 欢迎关注李记梧桐人家微信公众号！ ;

2018-01-12 19:33:10 trace :
------------
String:
<xml><ToUserName><![CDATA[gh_387f2586a480]]></ToUserName>
<FromUserName><![CDATA[oHlBev1syfREIL2EJNFGfI_hcbb0]]></FromUserName>
<CreateTime>1515756789</CreateTime>
<MsgType><![CDATA[event]]></MsgType>
<Event><![CDATA[VIEW]]></Event>
<EventKey><![CDATA[http://www.gzqtbw.com/app/index.php?i=12&c=site&a=site&do=detail&id=10]]></EventKey>
<MenuId>602413748</MenuId>
</xml>

2018-01-12 19:33:10 params :
------------
Array:
message : Array ;
module : basic ;
rule : 13 ;
priority : 0 ;
keyword : Array ;

2018-01-12 19:33:10 response :
------------
Array:
FromUserName : gh_387f2586a480 ;
ToUserName : oHlBev1syfREIL2EJNFGfI_hcbb0 ;
MsgType : text ;
Content : 欢迎关注李记梧桐人家微信公众号！ ;

2018-01-12 19:33:16 trace :
------------
String:
<xml><ToUserName><![CDATA[gh_387f2586a480]]></ToUserName>
<FromUserName><![CDATA[oHlBev1syfREIL2EJNFGfI_hcbb0]]></FromUserName>
<CreateTime>1515756796</CreateTime>
<MsgType><![CDATA[event]]></MsgType>
<Event><![CDATA[VIEW]]></Event>
<EventKey><![CDATA[http://www.gzqtbw.com/app/index.php?i=12&c=site&a=site&do=detail&id=11]]></EventKey>
<MenuId>602413748</MenuId>
</xml>

2018-01-12 19:33:16 params :
------------
Array:
message : Array ;
module : basic ;
rule : 13 ;
priority : 0 ;
keyword : Array ;

2018-01-12 19:33:16 response :
------------
Array:
FromUserName : gh_387f2586a480 ;
ToUserName : oHlBev1syfREIL2EJNFGfI_hcbb0 ;
MsgType : text ;
Content : 欢迎关注李记梧桐人家微信公众号！ ;

2018-01-12 19:33:25 trace :
------------
String:
<xml><ToUserName><![CDATA[gh_387f2586a480]]></ToUserName>
<FromUserName><![CDATA[oHlBev1syfREIL2EJNFGfI_hcbb0]]></FromUserName>
<CreateTime>1515756804</CreateTime>
<MsgType><![CDATA[event]]></MsgType>
<Event><![CDATA[CLICK]]></Event>
<EventKey><![CDATA[。]]></EventKey>
</xml>

2018-01-12 19:33:25 params :
------------
Array:
message : Array ;
module : basic ;
rule : 13 ;
priority : 0 ;
keyword : Array ;

2018-01-12 19:33:25 response :
------------
Array:
FromUserName : gh_387f2586a480 ;
ToUserName : oHlBev1syfREIL2EJNFGfI_hcbb0 ;
MsgType : text ;
Content : 欢迎关注李记梧桐人家微信公众号！ ;

2018-01-12 19:33:27 trace :
------------
String:
<xml><ToUserName><![CDATA[gh_387f2586a480]]></ToUserName>
<FromUserName><![CDATA[oHlBev_FcrzL8wsatKV4cpXv7N-4]]></FromUserName>
<CreateTime>1515756806</CreateTime>
<MsgType><![CDATA[event]]></MsgType>
<Event><![CDATA[subscribe]]></Event>
<EventKey><![CDATA[]]></EventKey>
</xml>

2018-01-12 19:33:27 params :
------------
Array:
message : Array ;
module : basic ;
rule : 13 ;
priority : 0 ;
keyword : Array ;

2018-01-12 19:33:27 response :
------------
Array:
FromUserName : gh_387f2586a480 ;
ToUserName : oHlBev_FcrzL8wsatKV4cpXv7N-4 ;
MsgType : text ;
Content : 欢迎关注李记梧桐人家微信公众号！ ;

2018-01-12 19:33:29 trace :
------------
String:
<xml><ToUserName><![CDATA[gh_387f2586a480]]></ToUserName>
<FromUserName><![CDATA[oHlBev1syfREIL2EJNFGfI_hcbb0]]></FromUserName>
<CreateTime>1515756808</CreateTime>
<MsgType><![CDATA[event]]></MsgType>
<Event><![CDATA[VIEW]]></Event>
<EventKey><![CDATA[http://www.gzqtbw.com/app/index.php?i=12&c=mc&a=card&do=sign_display&]]></EventKey>
<MenuId>602413748</MenuId>
</xml>

2018-01-12 19:33:29 params :
------------
Array:
message : Array ;
module : basic ;
rule : 13 ;
priority : 0 ;
keyword : Array ;

2018-01-12 19:33:29 response :
------------
Array:
FromUserName : gh_387f2586a480 ;
ToUserName : oHlBev1syfREIL2EJNFGfI_hcbb0 ;
MsgType : text ;
Content : 欢迎关注李记梧桐人家微信公众号！ ;

