2018-09-07 20:30:48 trace :
------------
String:
<xml><ToUserName><![CDATA[gh_3280735b50d8]]></ToUserName>
<FromUserName><![CDATA[oyWTK1DLBcZCU7tFdwzn_2h3bzAs]]></FromUserName>
<CreateTime>1536323448</CreateTime>
<MsgType><![CDATA[event]]></MsgType>
<Event><![CDATA[VIEW]]></Event>
<EventKey><![CDATA[http://www.gzqtbw.com/app/index.php?i=10&c=mc&a=card&do=sign_display&]]></EventKey>
<MenuId>427588424</MenuId>
</xml>

2018-09-07 20:30:48 params :
------------
Array:
message : Array ;
module : basic ;
rule : 11 ;
priority : 0 ;
keyword : Array ;

2018-09-07 20:30:48 response :
------------
Array:
FromUserName : gh_3280735b50d8 ;
ToUserName : oyWTK1DLBcZCU7tFdwzn_2h3bzAs ;
MsgType : text ;
Content : 欢迎关注黔满园荣贵微信公众号！ ;

2018-09-07 20:30:51 trace :
------------
String:
<xml><ToUserName><![CDATA[gh_3280735b50d8]]></ToUserName>
<FromUserName><![CDATA[oyWTK1DLBcZCU7tFdwzn_2h3bzAs]]></FromUserName>
<CreateTime>1536323450</CreateTime>
<MsgType><![CDATA[event]]></MsgType>
<Event><![CDATA[VIEW]]></Event>
<EventKey><![CDATA[http://www.gzqtbw.com/app/index.php?i=10&c=home&t=12]]></EventKey>
<MenuId>427588424</MenuId>
</xml>

2018-09-07 20:30:51 params :
------------
Array:
message : Array ;
module : basic ;
rule : 11 ;
priority : 0 ;
keyword : Array ;

2018-09-07 20:30:51 response :
------------
Array:
FromUserName : gh_3280735b50d8 ;
ToUserName : oyWTK1DLBcZCU7tFdwzn_2h3bzAs ;
MsgType : text ;
Content : 欢迎关注黔满园荣贵微信公众号！ ;

2018-09-07 20:31:39 trace :
------------
String:
<xml><ToUserName><![CDATA[gh_3280735b50d8]]></ToUserName>
<FromUserName><![CDATA[oyWTK1DLBcZCU7tFdwzn_2h3bzAs]]></FromUserName>
<CreateTime>1536323499</CreateTime>
<MsgType><![CDATA[event]]></MsgType>
<Event><![CDATA[VIEW]]></Event>
<EventKey><![CDATA[http://www.gzqtbw.com/app/index.php?i=10&c=home&t=12]]></EventKey>
<MenuId>427588424</MenuId>
</xml>

2018-09-07 20:31:39 params :
------------
Array:
message : Array ;
module : basic ;
rule : 11 ;
priority : 0 ;
keyword : Array ;

2018-09-07 20:31:39 response :
------------
Array:
FromUserName : gh_3280735b50d8 ;
ToUserName : oyWTK1DLBcZCU7tFdwzn_2h3bzAs ;
MsgType : text ;
Content : 欢迎关注黔满园荣贵微信公众号！ ;

