2018-09-12 19:42:38 trace :
------------
String:
<xml><ToUserName><![CDATA[gh_07a7ab1e550f]]></ToUserName>
<FromUserName><![CDATA[oBqpn1Zq7w8I0LCFjoJVjPPl60no]]></FromUserName>
<CreateTime>1536752558</CreateTime>
<MsgType><![CDATA[event]]></MsgType>
<Event><![CDATA[VIEW]]></Event>
<EventKey><![CDATA[http://www.gzqtbw.com/app/index.php?i=18&c=entry&do=shop&m=ewei_shop]]></EventKey>
<MenuId>442049859</MenuId>
</xml>

2018-09-12 19:42:38 params :
------------
Array:
message : Array ;
module : basic ;
rule : 20 ;
priority : 0 ;
keyword : Array ;

2018-09-12 19:42:38 response :
------------
Array:
FromUserName : gh_07a7ab1e550f ;
ToUserName : oBqpn1Zq7w8I0LCFjoJVjPPl60no ;
MsgType : text ;
Content : 感谢关注贵州罗甸红心火龙果/爱心 ;

