2018-04-18 17:01:25 trace :
------------
Array:
errno : -1 ;
message : 微信公众平台返回接口错误. 
错误代码为: 40005 
,错误描述为: appid 校验错误 ;

2018-04-18 17:01:25 waring :
------------
String:
Request Failed

2018-04-18 17:01:27 trace :
------------
Array:
errno : -1 ;
message : 微信公众平台返回接口错误. 
错误代码为: 40005 
,错误描述为: appid 校验错误 ;

2018-04-18 17:01:27 waring :
------------
String:
Request Failed

2018-04-18 20:27:42 trace :
------------
String:
<xml><ToUserName><![CDATA[gh_3280735b50d8]]></ToUserName>
<FromUserName><![CDATA[oyWTK1KSsTtXQacFKXYrO0AF5omA]]></FromUserName>
<CreateTime>1524054462</CreateTime>
<MsgType><![CDATA[event]]></MsgType>
<Event><![CDATA[subscribe]]></Event>
<EventKey><![CDATA[]]></EventKey>
</xml>

2018-04-18 20:27:42 params :
------------
Array:
message : Array ;
module : basic ;
rule : 11 ;
priority : 0 ;
keyword : Array ;

2018-04-18 20:27:42 response :
------------
Array:
FromUserName : gh_3280735b50d8 ;
ToUserName : oyWTK1KSsTtXQacFKXYrO0AF5omA ;
MsgType : text ;
Content : 欢迎关注黔满园荣贵微信公众号！ ;

2018-04-18 20:27:53 trace :
------------
String:
<xml><ToUserName><![CDATA[gh_3280735b50d8]]></ToUserName>
<FromUserName><![CDATA[oyWTK1KSsTtXQacFKXYrO0AF5omA]]></FromUserName>
<CreateTime>1524054472</CreateTime>
<MsgType><![CDATA[event]]></MsgType>
<Event><![CDATA[VIEW]]></Event>
<EventKey><![CDATA[http://www.gzqtbw.com/app/index.php?i=10&c=home&t=12]]></EventKey>
<MenuId>427588424</MenuId>
</xml>

2018-04-18 20:27:53 params :
------------
Array:
message : Array ;
module : basic ;
rule : 11 ;
priority : 0 ;
keyword : Array ;

2018-04-18 20:27:53 response :
------------
Array:
FromUserName : gh_3280735b50d8 ;
ToUserName : oyWTK1KSsTtXQacFKXYrO0AF5omA ;
MsgType : text ;
Content : 欢迎关注黔满园荣贵微信公众号！ ;

