2018-09-15 12:06:00 trace :
------------
String:
<xml><ToUserName><![CDATA[gh_07a7ab1e550f]]></ToUserName>
<FromUserName><![CDATA[oBqpn1fuZYw7pE8qmXoWu4Z8YIrY]]></FromUserName>
<CreateTime>1536984359</CreateTime>
<MsgType><![CDATA[event]]></MsgType>
<Event><![CDATA[subscribe]]></Event>
<EventKey><![CDATA[]]></EventKey>
</xml>

2018-09-15 12:06:00 params :
------------
Array:
message : Array ;
module : basic ;
rule : 20 ;
priority : 0 ;
keyword : Array ;

2018-09-15 12:06:00 response :
------------
Array:
FromUserName : gh_07a7ab1e550f ;
ToUserName : oBqpn1fuZYw7pE8qmXoWu4Z8YIrY ;
MsgType : text ;
Content : 感谢关注贵州罗甸红心火龙果/爱心 ;

2018-09-15 12:06:03 trace :
------------
String:
<xml><ToUserName><![CDATA[gh_07a7ab1e550f]]></ToUserName>
<FromUserName><![CDATA[oBqpn1fuZYw7pE8qmXoWu4Z8YIrY]]></FromUserName>
<CreateTime>1536984363</CreateTime>
<MsgType><![CDATA[event]]></MsgType>
<Event><![CDATA[VIEW]]></Event>
<EventKey><![CDATA[http://www.gzqtbw.com/app/index.php?i=18&c=entry&do=shop&m=ewei_shop]]></EventKey>
<MenuId>442049859</MenuId>
</xml>

2018-09-15 12:06:03 params :
------------
Array:
message : Array ;
module : basic ;
rule : 20 ;
priority : 0 ;
keyword : Array ;

2018-09-15 12:06:03 response :
------------
Array:
FromUserName : gh_07a7ab1e550f ;
ToUserName : oBqpn1fuZYw7pE8qmXoWu4Z8YIrY ;
MsgType : text ;
Content : 感谢关注贵州罗甸红心火龙果/爱心 ;

2018-09-15 12:06:15 trace :
------------
String:
<xml><ToUserName><![CDATA[gh_07a7ab1e550f]]></ToUserName>
<FromUserName><![CDATA[oBqpn1fuZYw7pE8qmXoWu4Z8YIrY]]></FromUserName>
<CreateTime>1536984375</CreateTime>
<MsgType><![CDATA[event]]></MsgType>
<Event><![CDATA[unsubscribe]]></Event>
<EventKey><![CDATA[]]></EventKey>
</xml>

