2018-09-03 07:49:16 trace :
------------
String:
<xml><ToUserName><![CDATA[gh_94895cfd80a6]]></ToUserName>
<FromUserName><![CDATA[o92jL0RgWJ1EgnWDvheBMvjKLpB8]]></FromUserName>
<CreateTime>1535932156</CreateTime>
<MsgType><![CDATA[event]]></MsgType>
<Event><![CDATA[VIEW]]></Event>
<EventKey><![CDATA[http://www.gzqtbw.com/app/index.php?i=20&c=home&t=32]]></EventKey>
<MenuId>476348390</MenuId>
</xml>

2018-09-03 07:49:16 params :
------------
Array:
message : Array ;
module : basic ;
rule : 29 ;
priority : 0 ;
keyword : Array ;

2018-09-03 07:49:16 response :
------------
Array:
FromUserName : gh_94895cfd80a6 ;
ToUserName : o92jL0RgWJ1EgnWDvheBMvjKLpB8 ;
MsgType : text ;
Content : 您好，欢迎关注赫章一小微信公众号！ ;

2018-09-03 09:49:10 trace :
------------
String:
<xml><ToUserName><![CDATA[gh_07a7ab1e550f]]></ToUserName>
<FromUserName><![CDATA[oBqpn1eE9Ix8y8JLkcX1svw8wDZo]]></FromUserName>
<CreateTime>1535939350</CreateTime>
<MsgType><![CDATA[event]]></MsgType>
<Event><![CDATA[subscribe]]></Event>
<EventKey><![CDATA[]]></EventKey>
</xml>

2018-09-03 09:49:10 params :
------------
Array:
message : Array ;
module : basic ;
rule : 20 ;
priority : 0 ;
keyword : Array ;

2018-09-03 09:49:10 response :
------------
Array:
FromUserName : gh_07a7ab1e550f ;
ToUserName : oBqpn1eE9Ix8y8JLkcX1svw8wDZo ;
MsgType : text ;
Content : 感谢关注贵州罗甸红心火龙果/爱心 ;

2018-09-03 09:49:14 trace :
------------
String:
<xml><ToUserName><![CDATA[gh_07a7ab1e550f]]></ToUserName>
<FromUserName><![CDATA[oBqpn1eE9Ix8y8JLkcX1svw8wDZo]]></FromUserName>
<CreateTime>1535939354</CreateTime>
<MsgType><![CDATA[event]]></MsgType>
<Event><![CDATA[VIEW]]></Event>
<EventKey><![CDATA[http://www.gzqtbw.com/app/index.php?i=18&c=entry&do=shop&m=ewei_shop]]></EventKey>
<MenuId>442049859</MenuId>
</xml>

2018-09-03 09:49:14 params :
------------
Array:
message : Array ;
module : basic ;
rule : 20 ;
priority : 0 ;
keyword : Array ;

2018-09-03 09:49:14 response :
------------
Array:
FromUserName : gh_07a7ab1e550f ;
ToUserName : oBqpn1eE9Ix8y8JLkcX1svw8wDZo ;
MsgType : text ;
Content : 感谢关注贵州罗甸红心火龙果/爱心 ;

2018-09-03 12:38:12 trace :
------------
String:
<xml><ToUserName><![CDATA[gh_387f2586a480]]></ToUserName>
<FromUserName><![CDATA[oHlBev0s7HHOd0qjApEfnDfRX0PE]]></FromUserName>
<CreateTime>1535949492</CreateTime>
<MsgType><![CDATA[event]]></MsgType>
<Event><![CDATA[subscribe]]></Event>
<EventKey><![CDATA[]]></EventKey>
</xml>

2018-09-03 12:38:12 params :
------------
Array:
message : Array ;
module : basic ;
rule : 13 ;
priority : 0 ;
keyword : Array ;

2018-09-03 12:38:12 response :
------------
Array:
FromUserName : gh_387f2586a480 ;
ToUserName : oHlBev0s7HHOd0qjApEfnDfRX0PE ;
MsgType : text ;
Content : 欢迎关注李记梧桐人家微信公众号！ ;

2018-09-03 22:20:37 trace :
------------
String:
<xml><ToUserName><![CDATA[gh_07a7ab1e550f]]></ToUserName>
<FromUserName><![CDATA[oBqpn1ZUDVeYsTw1YGOxmb87ge9s]]></FromUserName>
<CreateTime>1535984437</CreateTime>
<MsgType><![CDATA[event]]></MsgType>
<Event><![CDATA[subscribe]]></Event>
<EventKey><![CDATA[]]></EventKey>
</xml>

2018-09-03 22:20:37 params :
------------
Array:
message : Array ;
module : basic ;
rule : 20 ;
priority : 0 ;
keyword : Array ;

2018-09-03 22:20:37 response :
------------
Array:
FromUserName : gh_07a7ab1e550f ;
ToUserName : oBqpn1ZUDVeYsTw1YGOxmb87ge9s ;
MsgType : text ;
Content : 感谢关注贵州罗甸红心火龙果/爱心 ;

2018-09-03 22:20:44 trace :
------------
String:
<xml><ToUserName><![CDATA[gh_07a7ab1e550f]]></ToUserName>
<FromUserName><![CDATA[oBqpn1ZUDVeYsTw1YGOxmb87ge9s]]></FromUserName>
<CreateTime>1535984444</CreateTime>
<MsgType><![CDATA[event]]></MsgType>
<Event><![CDATA[VIEW]]></Event>
<EventKey><![CDATA[http://www.gzqtbw.com/app/index.php?i=18&c=entry&do=shop&m=ewei_shop]]></EventKey>
<MenuId>442049859</MenuId>
</xml>

2018-09-03 22:20:44 params :
------------
Array:
message : Array ;
module : basic ;
rule : 20 ;
priority : 0 ;
keyword : Array ;

2018-09-03 22:20:44 response :
------------
Array:
FromUserName : gh_07a7ab1e550f ;
ToUserName : oBqpn1ZUDVeYsTw1YGOxmb87ge9s ;
MsgType : text ;
Content : 感谢关注贵州罗甸红心火龙果/爱心 ;

2018-09-03 22:48:27 trace :
------------
String:
<xml><ToUserName><![CDATA[gh_387f2586a480]]></ToUserName>
<FromUserName><![CDATA[oHlBevw9Vp9sWkzIJFNjH92ZQcKU]]></FromUserName>
<CreateTime>1535986107</CreateTime>
<MsgType><![CDATA[event]]></MsgType>
<Event><![CDATA[VIEW]]></Event>
<EventKey><![CDATA[http://www.gzqtbw.com/app/index.php?i=12&c=mc&a=card&do=sign_display&]]></EventKey>
<MenuId>602413748</MenuId>
</xml>

2018-09-03 22:48:27 params :
------------
Array:
message : Array ;
module : basic ;
rule : 13 ;
priority : 0 ;
keyword : Array ;

2018-09-03 22:48:27 response :
------------
Array:
FromUserName : gh_387f2586a480 ;
ToUserName : oHlBevw9Vp9sWkzIJFNjH92ZQcKU ;
MsgType : text ;
Content : 欢迎关注李记梧桐人家微信公众号！ ;

2018-09-03 22:51:20 trace :
------------
String:
<xml><ToUserName><![CDATA[gh_387f2586a480]]></ToUserName>
<FromUserName><![CDATA[oHlBevw9Vp9sWkzIJFNjH92ZQcKU]]></FromUserName>
<CreateTime>1535986280</CreateTime>
<MsgType><![CDATA[event]]></MsgType>
<Event><![CDATA[VIEW]]></Event>
<EventKey><![CDATA[http://www.gzqtbw.com/app/index.php?i=12&c=mc&a=bond&do=mycard&]]></EventKey>
<MenuId>602413748</MenuId>
</xml>

2018-09-03 22:51:20 params :
------------
Array:
message : Array ;
module : basic ;
rule : 13 ;
priority : 0 ;
keyword : Array ;

2018-09-03 22:51:20 response :
------------
Array:
FromUserName : gh_387f2586a480 ;
ToUserName : oHlBevw9Vp9sWkzIJFNjH92ZQcKU ;
MsgType : text ;
Content : 欢迎关注李记梧桐人家微信公众号！ ;

2018-09-03 22:51:31 trace :
------------
String:
<xml><ToUserName><![CDATA[gh_387f2586a480]]></ToUserName>
<FromUserName><![CDATA[oHlBevw9Vp9sWkzIJFNjH92ZQcKU]]></FromUserName>
<CreateTime>1535986291</CreateTime>
<MsgType><![CDATA[event]]></MsgType>
<Event><![CDATA[VIEW]]></Event>
<EventKey><![CDATA[http://www.gzqtbw.com/app/index.php?i=12&c=site&a=site&do=detail&id=10]]></EventKey>
<MenuId>602413748</MenuId>
</xml>

2018-09-03 22:51:31 params :
------------
Array:
message : Array ;
module : basic ;
rule : 13 ;
priority : 0 ;
keyword : Array ;

2018-09-03 22:51:31 response :
------------
Array:
FromUserName : gh_387f2586a480 ;
ToUserName : oHlBevw9Vp9sWkzIJFNjH92ZQcKU ;
MsgType : text ;
Content : 欢迎关注李记梧桐人家微信公众号！ ;

