2018-05-02 15:00:28 trace :
------------
String:
<xml><ToUserName><![CDATA[gh_387f2586a480]]></ToUserName>
<FromUserName><![CDATA[oHlBevwh4616g7kxVUmxh7i4htGo]]></FromUserName>
<CreateTime>1525244427</CreateTime>
<MsgType><![CDATA[event]]></MsgType>
<Event><![CDATA[subscribe]]></Event>
<EventKey><![CDATA[]]></EventKey>
</xml>

2018-05-02 15:00:28 params :
------------
Array:
message : Array ;
module : basic ;
rule : 13 ;
priority : 0 ;
keyword : Array ;

2018-05-02 15:00:28 response :
------------
Array:
FromUserName : gh_387f2586a480 ;
ToUserName : oHlBevwh4616g7kxVUmxh7i4htGo ;
MsgType : text ;
Content : 欢迎关注李记梧桐人家微信公众号！ ;

2018-05-02 15:00:50 trace :
------------
String:
<xml><ToUserName><![CDATA[gh_387f2586a480]]></ToUserName>
<FromUserName><![CDATA[oHlBevwh4616g7kxVUmxh7i4htGo]]></FromUserName>
<CreateTime>1525244449</CreateTime>
<MsgType><![CDATA[event]]></MsgType>
<Event><![CDATA[VIEW]]></Event>
<EventKey><![CDATA[http://www.gzqtbw.com/app/index.php?i=12&c=site&a=site&do=detail&id=10]]></EventKey>
<MenuId>602413748</MenuId>
</xml>

2018-05-02 15:00:50 params :
------------
Array:
message : Array ;
module : basic ;
rule : 13 ;
priority : 0 ;
keyword : Array ;

2018-05-02 15:00:50 response :
------------
Array:
FromUserName : gh_387f2586a480 ;
ToUserName : oHlBevwh4616g7kxVUmxh7i4htGo ;
MsgType : text ;
Content : 欢迎关注李记梧桐人家微信公众号！ ;

2018-05-02 15:00:59 trace :
------------
String:
<xml><ToUserName><![CDATA[gh_387f2586a480]]></ToUserName>
<FromUserName><![CDATA[oHlBevwh4616g7kxVUmxh7i4htGo]]></FromUserName>
<CreateTime>1525244459</CreateTime>
<MsgType><![CDATA[event]]></MsgType>
<Event><![CDATA[VIEW]]></Event>
<EventKey><![CDATA[http://www.gzqtbw.com/app/index.php?i=12&c=site&a=site&do=detail&id=10]]></EventKey>
<MenuId>602413748</MenuId>
</xml>

2018-05-02 15:00:59 params :
------------
Array:
message : Array ;
module : basic ;
rule : 13 ;
priority : 0 ;
keyword : Array ;

2018-05-02 15:00:59 response :
------------
Array:
FromUserName : gh_387f2586a480 ;
ToUserName : oHlBevwh4616g7kxVUmxh7i4htGo ;
MsgType : text ;
Content : 欢迎关注李记梧桐人家微信公众号！ ;

2018-05-02 15:01:04 trace :
------------
String:
<xml><ToUserName><![CDATA[gh_387f2586a480]]></ToUserName>
<FromUserName><![CDATA[oHlBevwh4616g7kxVUmxh7i4htGo]]></FromUserName>
<CreateTime>1525244464</CreateTime>
<MsgType><![CDATA[event]]></MsgType>
<Event><![CDATA[VIEW]]></Event>
<EventKey><![CDATA[http://www.gzqtbw.com/app/index.php?i=12&c=site&a=site&do=detail&id=11]]></EventKey>
<MenuId>602413748</MenuId>
</xml>

2018-05-02 15:01:04 params :
------------
Array:
message : Array ;
module : basic ;
rule : 13 ;
priority : 0 ;
keyword : Array ;

2018-05-02 15:01:04 response :
------------
Array:
FromUserName : gh_387f2586a480 ;
ToUserName : oHlBevwh4616g7kxVUmxh7i4htGo ;
MsgType : text ;
Content : 欢迎关注李记梧桐人家微信公众号！ ;

2018-05-02 15:01:08 trace :
------------
String:
<xml><ToUserName><![CDATA[gh_387f2586a480]]></ToUserName>
<FromUserName><![CDATA[oHlBevwh4616g7kxVUmxh7i4htGo]]></FromUserName>
<CreateTime>1525244468</CreateTime>
<MsgType><![CDATA[event]]></MsgType>
<Event><![CDATA[VIEW]]></Event>
<EventKey><![CDATA[http://www.gzqtbw.com/app/index.php?i=12&c=home&t=15]]></EventKey>
<MenuId>602413748</MenuId>
</xml>

2018-05-02 15:01:08 params :
------------
Array:
message : Array ;
module : basic ;
rule : 13 ;
priority : 0 ;
keyword : Array ;

2018-05-02 15:01:08 response :
------------
Array:
FromUserName : gh_387f2586a480 ;
ToUserName : oHlBevwh4616g7kxVUmxh7i4htGo ;
MsgType : text ;
Content : 欢迎关注李记梧桐人家微信公众号！ ;

2018-05-02 15:01:13 trace :
------------
String:
<xml><ToUserName><![CDATA[gh_387f2586a480]]></ToUserName>
<FromUserName><![CDATA[oHlBevwh4616g7kxVUmxh7i4htGo]]></FromUserName>
<CreateTime>1525244472</CreateTime>
<MsgType><![CDATA[event]]></MsgType>
<Event><![CDATA[VIEW]]></Event>
<EventKey><![CDATA[http://www.gzqtbw.com/app/index.php?i=12&c=mc&a=card&do=sign_display&]]></EventKey>
<MenuId>602413748</MenuId>
</xml>

2018-05-02 15:01:13 params :
------------
Array:
message : Array ;
module : basic ;
rule : 13 ;
priority : 0 ;
keyword : Array ;

2018-05-02 15:01:13 response :
------------
Array:
FromUserName : gh_387f2586a480 ;
ToUserName : oHlBevwh4616g7kxVUmxh7i4htGo ;
MsgType : text ;
Content : 欢迎关注李记梧桐人家微信公众号！ ;

2018-05-02 15:01:23 trace :
------------
String:
<xml><ToUserName><![CDATA[gh_387f2586a480]]></ToUserName>
<FromUserName><![CDATA[oHlBevwh4616g7kxVUmxh7i4htGo]]></FromUserName>
<CreateTime>1525244483</CreateTime>
<MsgType><![CDATA[event]]></MsgType>
<Event><![CDATA[unsubscribe]]></Event>
<EventKey><![CDATA[]]></EventKey>
</xml>

2018-05-02 19:08:06 trace :
------------
String:
<xml><ToUserName><![CDATA[gh_e35f14d80eb1]]></ToUserName>
<FromUserName><![CDATA[on8J51ixCoj1N9ZDB28pJfc1MP_Q]]></FromUserName>
<CreateTime>1525259285</CreateTime>
<MsgType><![CDATA[event]]></MsgType>
<Event><![CDATA[unsubscribe]]></Event>
<EventKey><![CDATA[]]></EventKey>
</xml>

