2018-08-21 17:55:17 trace :
------------
String:
<xml><ToUserName><![CDATA[gh_94895cfd80a6]]></ToUserName>
<FromUserName><![CDATA[o92jL0bDgax5bJZN9eOkiAFvFBkM]]></FromUserName>
<CreateTime>1534845317</CreateTime>
<MsgType><![CDATA[event]]></MsgType>
<Event><![CDATA[subscribe]]></Event>
<EventKey><![CDATA[]]></EventKey>
</xml>

2018-08-21 17:55:17 params :
------------
Array:
message : Array ;
module : basic ;
rule : 29 ;
priority : 0 ;
keyword : Array ;

2018-08-21 17:55:17 response :
------------
Array:
FromUserName : gh_94895cfd80a6 ;
ToUserName : o92jL0bDgax5bJZN9eOkiAFvFBkM ;
MsgType : text ;
Content : 您好，欢迎关注赫章一小微信公众号！ ;

2018-08-21 17:55:21 trace :
------------
String:
<xml><ToUserName><![CDATA[gh_94895cfd80a6]]></ToUserName>
<FromUserName><![CDATA[o92jL0bDgax5bJZN9eOkiAFvFBkM]]></FromUserName>
<CreateTime>1534845321</CreateTime>
<MsgType><![CDATA[event]]></MsgType>
<Event><![CDATA[VIEW]]></Event>
<EventKey><![CDATA[http://www.gzqtbw.com/app/index.php?i=20&c=home&t=32]]></EventKey>
<MenuId>476348390</MenuId>
</xml>

2018-08-21 17:55:21 params :
------------
Array:
message : Array ;
module : basic ;
rule : 29 ;
priority : 0 ;
keyword : Array ;

2018-08-21 17:55:21 response :
------------
Array:
FromUserName : gh_94895cfd80a6 ;
ToUserName : o92jL0bDgax5bJZN9eOkiAFvFBkM ;
MsgType : text ;
Content : 您好，欢迎关注赫章一小微信公众号！ ;

2018-08-21 22:22:55 trace :
------------
String:
<xml><ToUserName><![CDATA[gh_07a7ab1e550f]]></ToUserName>
<FromUserName><![CDATA[oBqpn1a8yMFVElOixkkhOohB449g]]></FromUserName>
<CreateTime>1534861375</CreateTime>
<MsgType><![CDATA[event]]></MsgType>
<Event><![CDATA[subscribe]]></Event>
<EventKey><![CDATA[]]></EventKey>
</xml>

2018-08-21 22:22:55 params :
------------
Array:
message : Array ;
module : basic ;
rule : 20 ;
priority : 0 ;
keyword : Array ;

2018-08-21 22:22:55 response :
------------
Array:
FromUserName : gh_07a7ab1e550f ;
ToUserName : oBqpn1a8yMFVElOixkkhOohB449g ;
MsgType : text ;
Content : 感谢关注贵州罗甸红心火龙果/爱心 ;

2018-08-21 22:22:57 trace :
------------
String:
<xml><ToUserName><![CDATA[gh_07a7ab1e550f]]></ToUserName>
<FromUserName><![CDATA[oBqpn1a8yMFVElOixkkhOohB449g]]></FromUserName>
<CreateTime>1534861377</CreateTime>
<MsgType><![CDATA[event]]></MsgType>
<Event><![CDATA[VIEW]]></Event>
<EventKey><![CDATA[http://www.gzqtbw.com/app/index.php?i=18&c=entry&do=shop&m=ewei_shop]]></EventKey>
<MenuId>442049859</MenuId>
</xml>

2018-08-21 22:22:57 params :
------------
Array:
message : Array ;
module : basic ;
rule : 20 ;
priority : 0 ;
keyword : Array ;

2018-08-21 22:22:57 response :
------------
Array:
FromUserName : gh_07a7ab1e550f ;
ToUserName : oBqpn1a8yMFVElOixkkhOohB449g ;
MsgType : text ;
Content : 感谢关注贵州罗甸红心火龙果/爱心 ;

2018-08-21 22:29:10 trace :
------------
String:
<xml><ToUserName><![CDATA[gh_07a7ab1e550f]]></ToUserName>
<FromUserName><![CDATA[oBqpn1a8yMFVElOixkkhOohB449g]]></FromUserName>
<CreateTime>1534861750</CreateTime>
<MsgType><![CDATA[event]]></MsgType>
<Event><![CDATA[VIEW]]></Event>
<EventKey><![CDATA[http://www.gzqtbw.com/app/index.php?i=18&c=entry&do=shop&m=ewei_shop]]></EventKey>
<MenuId>442049859</MenuId>
</xml>

2018-08-21 22:29:10 params :
------------
Array:
message : Array ;
module : basic ;
rule : 20 ;
priority : 0 ;
keyword : Array ;

2018-08-21 22:29:10 response :
------------
Array:
FromUserName : gh_07a7ab1e550f ;
ToUserName : oBqpn1a8yMFVElOixkkhOohB449g ;
MsgType : text ;
Content : 感谢关注贵州罗甸红心火龙果/爱心 ;

