2018-09-08 11:14:51 trace :
------------
String:
<xml><ToUserName><![CDATA[gh_a9b445bf4f73]]></ToUserName>
<FromUserName><![CDATA[oaQb9wdR-xGw-UMlnTfpee0hhsf0]]></FromUserName>
<CreateTime>1536376491</CreateTime>
<MsgType><![CDATA[event]]></MsgType>
<Event><![CDATA[unsubscribe]]></Event>
<EventKey><![CDATA[]]></EventKey>
</xml>

2018-09-08 13:01:40 trace :
------------
String:
<xml><ToUserName><![CDATA[gh_3280735b50d8]]></ToUserName>
<FromUserName><![CDATA[oyWTK1MBU9YTccWv2EOZvgyp7C9s]]></FromUserName>
<CreateTime>1536382900</CreateTime>
<MsgType><![CDATA[event]]></MsgType>
<Event><![CDATA[subscribe]]></Event>
<EventKey><![CDATA[]]></EventKey>
</xml>

2018-09-08 13:01:40 params :
------------
Array:
message : Array ;
module : basic ;
rule : 11 ;
priority : 0 ;
keyword : Array ;

2018-09-08 13:01:40 response :
------------
Array:
FromUserName : gh_3280735b50d8 ;
ToUserName : oyWTK1MBU9YTccWv2EOZvgyp7C9s ;
MsgType : text ;
Content : 欢迎关注黔满园荣贵微信公众号！ ;

2018-09-08 13:02:09 trace :
------------
String:
<xml><ToUserName><![CDATA[gh_3280735b50d8]]></ToUserName>
<FromUserName><![CDATA[oyWTK1MBU9YTccWv2EOZvgyp7C9s]]></FromUserName>
<CreateTime>1536382929</CreateTime>
<MsgType><![CDATA[event]]></MsgType>
<Event><![CDATA[VIEW]]></Event>
<EventKey><![CDATA[http://www.gzqtbw.com/app/index.php?i=10&c=mc&a=card&do=sign_display&]]></EventKey>
<MenuId>427588424</MenuId>
</xml>

2018-09-08 13:02:09 params :
------------
Array:
message : Array ;
module : basic ;
rule : 11 ;
priority : 0 ;
keyword : Array ;

2018-09-08 13:02:09 response :
------------
Array:
FromUserName : gh_3280735b50d8 ;
ToUserName : oyWTK1MBU9YTccWv2EOZvgyp7C9s ;
MsgType : text ;
Content : 欢迎关注黔满园荣贵微信公众号！ ;

2018-09-08 16:02:18 trace :
------------
Array:
errno : -1 ;
message : 微信公众平台返回接口错误. 
错误代码为: 40005 
,错误描述为: appid 校验错误 ;

2018-09-08 16:02:18 waring :
------------
String:
Request Failed

2018-09-08 23:42:08 trace :
------------
String:
<xml><ToUserName><![CDATA[gh_07a7ab1e550f]]></ToUserName>
<FromUserName><![CDATA[oBqpn1UXkMC3aDyQJWO2GxA933P0]]></FromUserName>
<CreateTime>1536421328</CreateTime>
<MsgType><![CDATA[event]]></MsgType>
<Event><![CDATA[VIEW]]></Event>
<EventKey><![CDATA[http://www.gzqtbw.com/app/index.php?i=18&c=entry&do=shop&m=ewei_shop]]></EventKey>
<MenuId>442049859</MenuId>
</xml>

2018-09-08 23:42:08 params :
------------
Array:
message : Array ;
module : basic ;
rule : 20 ;
priority : 0 ;
keyword : Array ;

2018-09-08 23:42:08 response :
------------
Array:
FromUserName : gh_07a7ab1e550f ;
ToUserName : oBqpn1UXkMC3aDyQJWO2GxA933P0 ;
MsgType : text ;
Content : 感谢关注贵州罗甸红心火龙果/爱心 ;

2018-09-08 23:42:47 trace :
------------
String:
<xml><ToUserName><![CDATA[gh_a9b445bf4f73]]></ToUserName>
<FromUserName><![CDATA[oaQb9wVcsAviVOp2M1DaIMlwdavU]]></FromUserName>
<CreateTime>1536421367</CreateTime>
<MsgType><![CDATA[event]]></MsgType>
<Event><![CDATA[VIEW]]></Event>
<EventKey><![CDATA[http://www.gzqtbw.com/app/index.php?i=16&c=site&a=site&do=detail&id=22]]></EventKey>
<MenuId>424172745</MenuId>
</xml>

2018-09-08 23:42:47 params :
------------
Array:
message : Array ;
module : basic ;
rule : 16 ;
priority : 0 ;
keyword : Array ;

2018-09-08 23:42:47 response :
------------
Array:
FromUserName : gh_a9b445bf4f73 ;
ToUserName : oaQb9wVcsAviVOp2M1DaIMlwdavU ;
MsgType : text ;
Content : 欢迎关注贵州博达云科技发展有限公司！ ;

2018-09-08 23:43:07 trace :
------------
String:
<xml><ToUserName><![CDATA[gh_e35f14d80eb1]]></ToUserName>
<FromUserName><![CDATA[on8J51njgEOredye1eVY1u49Pijg]]></FromUserName>
<CreateTime>1536421387</CreateTime>
<MsgType><![CDATA[event]]></MsgType>
<Event><![CDATA[VIEW]]></Event>
<EventKey><![CDATA[http://www.gzqtbw.com/app/index.php?i=17&c=site&a=site&do=detail&id=35]]></EventKey>
<MenuId>419037559</MenuId>
</xml>

2018-09-08 23:43:07 params :
------------
Array:
message : Array ;
module : basic ;
rule : 17 ;
priority : 0 ;
keyword : Array ;

2018-09-08 23:43:07 response :
------------
Array:
FromUserName : gh_e35f14d80eb1 ;
ToUserName : on8J51njgEOredye1eVY1u49Pijg ;
MsgType : text ;
Content : 欢迎关注华润哆妮宝贝母婴店 ;

2018-09-08 23:43:17 trace :
------------
String:
<xml><ToUserName><![CDATA[gh_e35f14d80eb1]]></ToUserName>
<FromUserName><![CDATA[on8J51njgEOredye1eVY1u49Pijg]]></FromUserName>
<CreateTime>1536421397</CreateTime>
<MsgType><![CDATA[event]]></MsgType>
<Event><![CDATA[VIEW]]></Event>
<EventKey><![CDATA[http://www.gzqtbw.com/app/index.php?i=17&c=site&a=site&do=detail&id=35]]></EventKey>
<MenuId>419037559</MenuId>
</xml>

2018-09-08 23:43:17 params :
------------
Array:
message : Array ;
module : basic ;
rule : 17 ;
priority : 0 ;
keyword : Array ;

2018-09-08 23:43:17 response :
------------
Array:
FromUserName : gh_e35f14d80eb1 ;
ToUserName : on8J51njgEOredye1eVY1u49Pijg ;
MsgType : text ;
Content : 欢迎关注华润哆妮宝贝母婴店 ;

2018-09-08 23:43:30 trace :
------------
String:
<xml><ToUserName><![CDATA[gh_e35f14d80eb1]]></ToUserName>
<FromUserName><![CDATA[on8J51njgEOredye1eVY1u49Pijg]]></FromUserName>
<CreateTime>1536421409</CreateTime>
<MsgType><![CDATA[event]]></MsgType>
<Event><![CDATA[VIEW]]></Event>
<EventKey><![CDATA[http://]]></EventKey>
<MenuId>419037559</MenuId>
</xml>

2018-09-08 23:43:30 params :
------------
Array:
message : Array ;
module : basic ;
rule : 17 ;
priority : 0 ;
keyword : Array ;

2018-09-08 23:43:30 response :
------------
Array:
FromUserName : gh_e35f14d80eb1 ;
ToUserName : on8J51njgEOredye1eVY1u49Pijg ;
MsgType : text ;
Content : 欢迎关注华润哆妮宝贝母婴店 ;

2018-09-08 23:44:00 trace :
------------
Array:
errno : -1 ;
message : 微信公众平台返回接口错误. 
错误代码为: 40005 
,错误描述为: appid 校验错误 ;

2018-09-08 23:44:00 waring :
------------
String:
Request Failed

2018-09-08 23:45:53 trace :
------------
String:
<xml><ToUserName><![CDATA[gh_a9b445bf4f73]]></ToUserName>
<FromUserName><![CDATA[oaQb9wVcsAviVOp2M1DaIMlwdavU]]></FromUserName>
<CreateTime>1536421553</CreateTime>
<MsgType><![CDATA[event]]></MsgType>
<Event><![CDATA[VIEW]]></Event>
<EventKey><![CDATA[http://mb.gzqtbw.com]]></EventKey>
<MenuId>424172745</MenuId>
</xml>

2018-09-08 23:45:53 params :
------------
Array:
message : Array ;
module : basic ;
rule : 16 ;
priority : 0 ;
keyword : Array ;

2018-09-08 23:45:53 response :
------------
Array:
FromUserName : gh_a9b445bf4f73 ;
ToUserName : oaQb9wVcsAviVOp2M1DaIMlwdavU ;
MsgType : text ;
Content : 欢迎关注贵州博达云科技发展有限公司！ ;

2018-09-08 23:46:03 trace :
------------
String:
<xml><ToUserName><![CDATA[gh_a9b445bf4f73]]></ToUserName>
<FromUserName><![CDATA[oaQb9wVcsAviVOp2M1DaIMlwdavU]]></FromUserName>
<CreateTime>1536421563</CreateTime>
<MsgType><![CDATA[event]]></MsgType>
<Event><![CDATA[VIEW]]></Event>
<EventKey><![CDATA[http://www.gzqtbw.com/app/index.php?i=16&c=entry&do=dayu_form&id=1&m=dayu_form]]></EventKey>
<MenuId>424172745</MenuId>
</xml>

2018-09-08 23:46:03 params :
------------
Array:
message : Array ;
module : basic ;
rule : 16 ;
priority : 0 ;
keyword : Array ;

2018-09-08 23:46:03 response :
------------
Array:
FromUserName : gh_a9b445bf4f73 ;
ToUserName : oaQb9wVcsAviVOp2M1DaIMlwdavU ;
MsgType : text ;
Content : 欢迎关注贵州博达云科技发展有限公司！ ;

2018-09-08 23:46:20 trace :
------------
String:
<xml><ToUserName><![CDATA[gh_a9b445bf4f73]]></ToUserName>
<FromUserName><![CDATA[oaQb9wVcsAviVOp2M1DaIMlwdavU]]></FromUserName>
<CreateTime>1536421580</CreateTime>
<MsgType><![CDATA[event]]></MsgType>
<Event><![CDATA[VIEW]]></Event>
<EventKey><![CDATA[http://www.gzqtbw.com/app/index.php?i=16&c=home&t=27]]></EventKey>
<MenuId>424172745</MenuId>
</xml>

2018-09-08 23:46:20 params :
------------
Array:
message : Array ;
module : basic ;
rule : 16 ;
priority : 0 ;
keyword : Array ;

2018-09-08 23:46:20 response :
------------
Array:
FromUserName : gh_a9b445bf4f73 ;
ToUserName : oaQb9wVcsAviVOp2M1DaIMlwdavU ;
MsgType : text ;
Content : 欢迎关注贵州博达云科技发展有限公司！ ;

2018-09-08 23:48:04 trace :
------------
String:
<xml><ToUserName><![CDATA[gh_a9b445bf4f73]]></ToUserName>
<FromUserName><![CDATA[oaQb9wVcsAviVOp2M1DaIMlwdavU]]></FromUserName>
<CreateTime>1536421684</CreateTime>
<MsgType><![CDATA[event]]></MsgType>
<Event><![CDATA[VIEW]]></Event>
<EventKey><![CDATA[http://www.gzqtbw.com/app/index.php?i=16&c=site&a=site&do=detail&id=27]]></EventKey>
<MenuId>424172745</MenuId>
</xml>

2018-09-08 23:48:04 params :
------------
Array:
message : Array ;
module : basic ;
rule : 16 ;
priority : 0 ;
keyword : Array ;

2018-09-08 23:48:04 response :
------------
Array:
FromUserName : gh_a9b445bf4f73 ;
ToUserName : oaQb9wVcsAviVOp2M1DaIMlwdavU ;
MsgType : text ;
Content : 欢迎关注贵州博达云科技发展有限公司！ ;

