2018-02-21 17:45:56 trace :
------------
String:
<xml><ToUserName><![CDATA[gh_387f2586a480]]></ToUserName>
<FromUserName><![CDATA[oHlBevxXP0iXL7Jrm3vqtL8fgSzc]]></FromUserName>
<CreateTime>1519206356</CreateTime>
<MsgType><![CDATA[event]]></MsgType>
<Event><![CDATA[subscribe]]></Event>
<EventKey><![CDATA[]]></EventKey>
</xml>

2018-02-21 17:45:56 params :
------------
Array:
message : Array ;
module : basic ;
rule : 13 ;
priority : 0 ;
keyword : Array ;

2018-02-21 17:45:56 response :
------------
Array:
FromUserName : gh_387f2586a480 ;
ToUserName : oHlBevxXP0iXL7Jrm3vqtL8fgSzc ;
MsgType : text ;
Content : 欢迎关注李记梧桐人家微信公众号！ ;

2018-02-21 17:46:02 trace :
------------
String:
<xml><ToUserName><![CDATA[gh_387f2586a480]]></ToUserName>
<FromUserName><![CDATA[oHlBevxXP0iXL7Jrm3vqtL8fgSzc]]></FromUserName>
<CreateTime>1519206362</CreateTime>
<MsgType><![CDATA[event]]></MsgType>
<Event><![CDATA[VIEW]]></Event>
<EventKey><![CDATA[http://www.gzqtbw.com/app/index.php?i=12&c=home&t=15]]></EventKey>
<MenuId>602413748</MenuId>
</xml>

2018-02-21 17:46:02 params :
------------
Array:
message : Array ;
module : basic ;
rule : 13 ;
priority : 0 ;
keyword : Array ;

2018-02-21 17:46:02 response :
------------
Array:
FromUserName : gh_387f2586a480 ;
ToUserName : oHlBevxXP0iXL7Jrm3vqtL8fgSzc ;
MsgType : text ;
Content : 欢迎关注李记梧桐人家微信公众号！ ;

2018-02-21 17:46:09 trace :
------------
String:
<xml><ToUserName><![CDATA[gh_387f2586a480]]></ToUserName>
<FromUserName><![CDATA[oHlBevxXP0iXL7Jrm3vqtL8fgSzc]]></FromUserName>
<CreateTime>1519206368</CreateTime>
<MsgType><![CDATA[event]]></MsgType>
<Event><![CDATA[VIEW]]></Event>
<EventKey><![CDATA[http://www.gzqtbw.com/app/index.php?i=12&c=site&a=site&do=detail&id=10]]></EventKey>
<MenuId>602413748</MenuId>
</xml>

2018-02-21 17:46:09 params :
------------
Array:
message : Array ;
module : basic ;
rule : 13 ;
priority : 0 ;
keyword : Array ;

2018-02-21 17:46:09 response :
------------
Array:
FromUserName : gh_387f2586a480 ;
ToUserName : oHlBevxXP0iXL7Jrm3vqtL8fgSzc ;
MsgType : text ;
Content : 欢迎关注李记梧桐人家微信公众号！ ;

2018-02-21 17:46:19 trace :
------------
String:
<xml><ToUserName><![CDATA[gh_387f2586a480]]></ToUserName>
<FromUserName><![CDATA[oHlBevxXP0iXL7Jrm3vqtL8fgSzc]]></FromUserName>
<CreateTime>1519206379</CreateTime>
<MsgType><![CDATA[event]]></MsgType>
<Event><![CDATA[VIEW]]></Event>
<EventKey><![CDATA[http://www.gzqtbw.com/app/index.php?i=12&c=home&t=15]]></EventKey>
<MenuId>602413748</MenuId>
</xml>

2018-02-21 17:46:19 params :
------------
Array:
message : Array ;
module : basic ;
rule : 13 ;
priority : 0 ;
keyword : Array ;

2018-02-21 17:46:19 response :
------------
Array:
FromUserName : gh_387f2586a480 ;
ToUserName : oHlBevxXP0iXL7Jrm3vqtL8fgSzc ;
MsgType : text ;
Content : 欢迎关注李记梧桐人家微信公众号！ ;

2018-02-21 17:46:29 trace :
------------
String:
<xml><ToUserName><![CDATA[gh_387f2586a480]]></ToUserName>
<FromUserName><![CDATA[oHlBevxXP0iXL7Jrm3vqtL8fgSzc]]></FromUserName>
<CreateTime>1519206389</CreateTime>
<MsgType><![CDATA[event]]></MsgType>
<Event><![CDATA[CLICK]]></Event>
<EventKey><![CDATA[。]]></EventKey>
</xml>

2018-02-21 17:46:29 params :
------------
Array:
message : Array ;
module : basic ;
rule : 13 ;
priority : 0 ;
keyword : Array ;

2018-02-21 17:46:29 response :
------------
Array:
FromUserName : gh_387f2586a480 ;
ToUserName : oHlBevxXP0iXL7Jrm3vqtL8fgSzc ;
MsgType : text ;
Content : 欢迎关注李记梧桐人家微信公众号！ ;

2018-02-21 17:46:39 trace :
------------
String:
<xml><ToUserName><![CDATA[gh_387f2586a480]]></ToUserName>
<FromUserName><![CDATA[oHlBevxXP0iXL7Jrm3vqtL8fgSzc]]></FromUserName>
<CreateTime>1519206399</CreateTime>
<MsgType><![CDATA[text]]></MsgType>
<Content><![CDATA[今天没开门？]]></Content>
<MsgId>6524941800184294662</MsgId>
</xml>

2018-02-21 17:46:39 params :
------------
Array:
message : Array ;
module : basic ;
rule : 13 ;
priority : 0 ;
keyword : Array ;

2018-02-21 17:46:39 response :
------------
Array:
FromUserName : gh_387f2586a480 ;
ToUserName : oHlBevxXP0iXL7Jrm3vqtL8fgSzc ;
MsgType : text ;
Content : 欢迎关注李记梧桐人家微信公众号！ ;

2018-02-21 17:47:06 trace :
------------
String:
<xml><ToUserName><![CDATA[gh_387f2586a480]]></ToUserName>
<FromUserName><![CDATA[oHlBevxXP0iXL7Jrm3vqtL8fgSzc]]></FromUserName>
<CreateTime>1519206426</CreateTime>
<MsgType><![CDATA[event]]></MsgType>
<Event><![CDATA[VIEW]]></Event>
<EventKey><![CDATA[http://www.gzqtbw.com/app/index.php?i=12&c=site&a=site&do=detail&id=10]]></EventKey>
<MenuId>602413748</MenuId>
</xml>

2018-02-21 17:47:06 params :
------------
Array:
message : Array ;
module : basic ;
rule : 13 ;
priority : 0 ;
keyword : Array ;

2018-02-21 17:47:06 response :
------------
Array:
FromUserName : gh_387f2586a480 ;
ToUserName : oHlBevxXP0iXL7Jrm3vqtL8fgSzc ;
MsgType : text ;
Content : 欢迎关注李记梧桐人家微信公众号！ ;

2018-02-21 17:47:10 trace :
------------
String:
<xml><ToUserName><![CDATA[gh_387f2586a480]]></ToUserName>
<FromUserName><![CDATA[oHlBevxXP0iXL7Jrm3vqtL8fgSzc]]></FromUserName>
<CreateTime>1519206430</CreateTime>
<MsgType><![CDATA[event]]></MsgType>
<Event><![CDATA[VIEW]]></Event>
<EventKey><![CDATA[http://www.gzqtbw.com/app/index.php?i=12&c=site&a=site&do=detail&id=11]]></EventKey>
<MenuId>602413748</MenuId>
</xml>

2018-02-21 17:47:10 params :
------------
Array:
message : Array ;
module : basic ;
rule : 13 ;
priority : 0 ;
keyword : Array ;

2018-02-21 17:47:10 response :
------------
Array:
FromUserName : gh_387f2586a480 ;
ToUserName : oHlBevxXP0iXL7Jrm3vqtL8fgSzc ;
MsgType : text ;
Content : 欢迎关注李记梧桐人家微信公众号！ ;

2018-02-21 17:47:20 trace :
------------
String:
<xml><ToUserName><![CDATA[gh_387f2586a480]]></ToUserName>
<FromUserName><![CDATA[oHlBevxXP0iXL7Jrm3vqtL8fgSzc]]></FromUserName>
<CreateTime>1519206439</CreateTime>
<MsgType><![CDATA[event]]></MsgType>
<Event><![CDATA[unsubscribe]]></Event>
<EventKey><![CDATA[]]></EventKey>
</xml>

