2018-08-11 15:23:05 trace :
------------
String:
<xml><ToUserName><![CDATA[gh_07a7ab1e550f]]></ToUserName>
<FromUserName><![CDATA[oBqpn1ahdyL2JG7AnnCcyxMKezGE]]></FromUserName>
<CreateTime>1533972185</CreateTime>
<MsgType><![CDATA[event]]></MsgType>
<Event><![CDATA[VIEW]]></Event>
<EventKey><![CDATA[http://www.gzqtbw.com/app/index.php?i=18&c=entry&do=shop&m=ewei_shop]]></EventKey>
<MenuId>442049859</MenuId>
</xml>

2018-08-11 15:23:05 params :
------------
Array:
message : Array ;
module : basic ;
rule : 20 ;
priority : 0 ;
keyword : Array ;

2018-08-11 15:23:05 response :
------------
Array:
FromUserName : gh_07a7ab1e550f ;
ToUserName : oBqpn1ahdyL2JG7AnnCcyxMKezGE ;
MsgType : text ;
Content : 感谢关注贵州罗甸红心火龙果/爱心 ;

2018-08-11 18:14:42 trace :
------------
String:
<xml><ToUserName><![CDATA[gh_07a7ab1e550f]]></ToUserName>
<FromUserName><![CDATA[oBqpn1VeZmhVdnAzeYFVE82PgNmQ]]></FromUserName>
<CreateTime>1533982481</CreateTime>
<MsgType><![CDATA[event]]></MsgType>
<Event><![CDATA[VIEW]]></Event>
<EventKey><![CDATA[http://www.gzqtbw.com/app/index.php?i=18&c=entry&do=shop&m=ewei_shop]]></EventKey>
<MenuId>442049859</MenuId>
</xml>

2018-08-11 18:14:42 params :
------------
Array:
message : Array ;
module : basic ;
rule : 20 ;
priority : 0 ;
keyword : Array ;

2018-08-11 18:14:42 response :
------------
Array:
FromUserName : gh_07a7ab1e550f ;
ToUserName : oBqpn1VeZmhVdnAzeYFVE82PgNmQ ;
MsgType : text ;
Content : 感谢关注贵州罗甸红心火龙果/爱心 ;

2018-08-11 21:17:19 trace :
------------
String:
<xml><ToUserName><![CDATA[gh_94895cfd80a6]]></ToUserName>
<FromUserName><![CDATA[o92jL0Q7NMSkJX2xdZqzvKJPWCng]]></FromUserName>
<CreateTime>1533993439</CreateTime>
<MsgType><![CDATA[event]]></MsgType>
<Event><![CDATA[VIEW]]></Event>
<EventKey><![CDATA[http://www.gzqtbw.com/app/index.php?i=20&c=home&t=32]]></EventKey>
<MenuId>476348390</MenuId>
</xml>

2018-08-11 21:17:19 params :
------------
Array:
message : Array ;
module : basic ;
rule : 29 ;
priority : 0 ;
keyword : Array ;

2018-08-11 21:17:19 response :
------------
Array:
FromUserName : gh_94895cfd80a6 ;
ToUserName : o92jL0Q7NMSkJX2xdZqzvKJPWCng ;
MsgType : text ;
Content : 您好，欢迎关注赫章一小微信公众号！ ;

