2018-02-28 22:12:48 trace :
------------
String:
<xml><ToUserName><![CDATA[gh_28e767424b83]]></ToUserName>
<FromUserName><![CDATA[oaJVu0UgThYxF85mabTsOsUiAJ8c]]></FromUserName>
<CreateTime>1519827168</CreateTime>
<MsgType><![CDATA[event]]></MsgType>
<Event><![CDATA[VIEW]]></Event>
<EventKey><![CDATA[http://www.gzqtbw.com/app/index.php?i=19&c=site&a=site&do=detail&id=55]]></EventKey>
<MenuId>442837782</MenuId>
</xml>

2018-02-28 22:12:48 params :
------------
Array:
message : Array ;
module : basic ;
rule : 27 ;
priority : 0 ;
keyword : Array ;

2018-02-28 22:12:48 response :
------------
Array:
FromUserName : gh_28e767424b83 ;
ToUserName : oaJVu0UgThYxF85mabTsOsUiAJ8c ;
MsgType : text ;
Content : 各位宗亲，大家好！欢迎关注贵州若木商贸公众号！ ;

