2018-07-15 06:58:41 trace :
------------
String:
<xml><ToUserName><![CDATA[gh_07a7ab1e550f]]></ToUserName>
<FromUserName><![CDATA[oBqpn1XrRXwVXpv2YdtBhkVTrUzY]]></FromUserName>
<CreateTime>1531609119</CreateTime>
<MsgType><![CDATA[event]]></MsgType>
<Event><![CDATA[VIEW]]></Event>
<EventKey><![CDATA[http://www.gzqtbw.com/app/index.php?i=18&c=entry&do=shop&m=ewei_shop]]></EventKey>
<MenuId>442049859</MenuId>
</xml>

2018-07-15 06:58:41 params :
------------
Array:
message : Array ;
module : basic ;
rule : 20 ;
priority : 0 ;
keyword : Array ;

2018-07-15 06:58:41 response :
------------
Array:
FromUserName : gh_07a7ab1e550f ;
ToUserName : oBqpn1XrRXwVXpv2YdtBhkVTrUzY ;
MsgType : text ;
Content : 感谢关注贵州罗甸红心火龙果/爱心 ;

2018-07-15 10:06:05 trace :
------------
String:
<xml><ToUserName><![CDATA[gh_07a7ab1e550f]]></ToUserName>
<FromUserName><![CDATA[oBqpn1VeZmhVdnAzeYFVE82PgNmQ]]></FromUserName>
<CreateTime>1531620364</CreateTime>
<MsgType><![CDATA[event]]></MsgType>
<Event><![CDATA[VIEW]]></Event>
<EventKey><![CDATA[http://www.gzqtbw.com/app/index.php?i=18&c=entry&do=shop&m=ewei_shop]]></EventKey>
<MenuId>442049859</MenuId>
</xml>

2018-07-15 10:06:05 params :
------------
Array:
message : Array ;
module : basic ;
rule : 20 ;
priority : 0 ;
keyword : Array ;

2018-07-15 10:06:05 response :
------------
Array:
FromUserName : gh_07a7ab1e550f ;
ToUserName : oBqpn1VeZmhVdnAzeYFVE82PgNmQ ;
MsgType : text ;
Content : 感谢关注贵州罗甸红心火龙果/爱心 ;

2018-07-15 10:13:56 trace :
------------
String:
<xml><ToUserName><![CDATA[gh_94895cfd80a6]]></ToUserName>
<FromUserName><![CDATA[o92jL0U7kobqzzWslIMOgs7wK4Dc]]></FromUserName>
<CreateTime>1531620836</CreateTime>
<MsgType><![CDATA[event]]></MsgType>
<Event><![CDATA[subscribe]]></Event>
<EventKey><![CDATA[]]></EventKey>
</xml>

2018-07-15 10:13:56 params :
------------
Array:
message : Array ;
module : basic ;
rule : 29 ;
priority : 0 ;
keyword : Array ;

2018-07-15 10:13:56 response :
------------
Array:
FromUserName : gh_94895cfd80a6 ;
ToUserName : o92jL0U7kobqzzWslIMOgs7wK4Dc ;
MsgType : text ;
Content : 您好，欢迎关注赫章一小微信公众号！ ;

2018-07-15 10:14:02 trace :
------------
String:
<xml><ToUserName><![CDATA[gh_94895cfd80a6]]></ToUserName>
<FromUserName><![CDATA[o92jL0U7kobqzzWslIMOgs7wK4Dc]]></FromUserName>
<CreateTime>1531620842</CreateTime>
<MsgType><![CDATA[event]]></MsgType>
<Event><![CDATA[VIEW]]></Event>
<EventKey><![CDATA[http://www.gzqtbw.com/app/index.php?i=20&c=home&t=32]]></EventKey>
<MenuId>476348390</MenuId>
</xml>

2018-07-15 10:14:02 params :
------------
Array:
message : Array ;
module : basic ;
rule : 29 ;
priority : 0 ;
keyword : Array ;

2018-07-15 10:14:02 response :
------------
Array:
FromUserName : gh_94895cfd80a6 ;
ToUserName : o92jL0U7kobqzzWslIMOgs7wK4Dc ;
MsgType : text ;
Content : 您好，欢迎关注赫章一小微信公众号！ ;

2018-07-15 10:18:45 trace :
------------
String:
<xml><ToUserName><![CDATA[gh_94895cfd80a6]]></ToUserName>
<FromUserName><![CDATA[o92jL0U7kobqzzWslIMOgs7wK4Dc]]></FromUserName>
<CreateTime>1531621125</CreateTime>
<MsgType><![CDATA[event]]></MsgType>
<Event><![CDATA[VIEW]]></Event>
<EventKey><![CDATA[http://www.gzqtbw.com/app/index.php?i=20&c=home&t=32]]></EventKey>
<MenuId>476348390</MenuId>
</xml>

2018-07-15 10:18:45 params :
------------
Array:
message : Array ;
module : basic ;
rule : 29 ;
priority : 0 ;
keyword : Array ;

2018-07-15 10:18:45 response :
------------
Array:
FromUserName : gh_94895cfd80a6 ;
ToUserName : o92jL0U7kobqzzWslIMOgs7wK4Dc ;
MsgType : text ;
Content : 您好，欢迎关注赫章一小微信公众号！ ;

2018-07-15 11:34:22 trace :
------------
String:
<xml><ToUserName><![CDATA[gh_07a7ab1e550f]]></ToUserName>
<FromUserName><![CDATA[oBqpn1TqQqP_wUpOm1n2BAMLRMKA]]></FromUserName>
<CreateTime>1531625662</CreateTime>
<MsgType><![CDATA[event]]></MsgType>
<Event><![CDATA[subscribe]]></Event>
<EventKey><![CDATA[]]></EventKey>
</xml>

2018-07-15 11:34:22 params :
------------
Array:
message : Array ;
module : basic ;
rule : 20 ;
priority : 0 ;
keyword : Array ;

2018-07-15 11:34:22 response :
------------
Array:
FromUserName : gh_07a7ab1e550f ;
ToUserName : oBqpn1TqQqP_wUpOm1n2BAMLRMKA ;
MsgType : text ;
Content : 感谢关注贵州罗甸红心火龙果/爱心 ;

2018-07-15 11:34:28 trace :
------------
String:
<xml><ToUserName><![CDATA[gh_07a7ab1e550f]]></ToUserName>
<FromUserName><![CDATA[oBqpn1TqQqP_wUpOm1n2BAMLRMKA]]></FromUserName>
<CreateTime>1531625668</CreateTime>
<MsgType><![CDATA[event]]></MsgType>
<Event><![CDATA[VIEW]]></Event>
<EventKey><![CDATA[http://www.gzqtbw.com/app/index.php?i=18&c=entry&do=shop&m=ewei_shop]]></EventKey>
<MenuId>442049859</MenuId>
</xml>

2018-07-15 11:34:28 params :
------------
Array:
message : Array ;
module : basic ;
rule : 20 ;
priority : 0 ;
keyword : Array ;

2018-07-15 11:34:28 response :
------------
Array:
FromUserName : gh_07a7ab1e550f ;
ToUserName : oBqpn1TqQqP_wUpOm1n2BAMLRMKA ;
MsgType : text ;
Content : 感谢关注贵州罗甸红心火龙果/爱心 ;

2018-07-15 11:36:08 trace :
------------
String:
<xml><ToUserName><![CDATA[gh_07a7ab1e550f]]></ToUserName>
<FromUserName><![CDATA[oBqpn1TqQqP_wUpOm1n2BAMLRMKA]]></FromUserName>
<CreateTime>1531625768</CreateTime>
<MsgType><![CDATA[event]]></MsgType>
<Event><![CDATA[VIEW]]></Event>
<EventKey><![CDATA[http://www.gzqtbw.com/app/index.php?i=18&c=entry&do=shop&m=ewei_shop]]></EventKey>
<MenuId>442049859</MenuId>
</xml>

2018-07-15 11:36:08 params :
------------
Array:
message : Array ;
module : basic ;
rule : 20 ;
priority : 0 ;
keyword : Array ;

2018-07-15 11:36:08 response :
------------
Array:
FromUserName : gh_07a7ab1e550f ;
ToUserName : oBqpn1TqQqP_wUpOm1n2BAMLRMKA ;
MsgType : text ;
Content : 感谢关注贵州罗甸红心火龙果/爱心 ;

2018-07-15 12:00:35 trace :
------------
Array:
errno : -1 ;
message : 微信公众平台返回接口错误. 
错误代码为: 40005 
,错误描述为: appid 校验错误 ;

2018-07-15 12:00:35 waring :
------------
String:
Request Failed

2018-07-15 12:00:39 trace :
------------
Array:
errno : -1 ;
message : 微信公众平台返回接口错误. 
错误代码为: 40005 
,错误描述为: appid 校验错误 ;

2018-07-15 12:00:39 waring :
------------
String:
Request Failed

2018-07-15 12:00:46 trace :
------------
Array:
errno : -1 ;
message : 微信公众平台返回接口错误. 
错误代码为: 40005 
,错误描述为: appid 校验错误 ;

2018-07-15 12:00:46 waring :
------------
String:
Request Failed

2018-07-15 12:01:00 trace :
------------
Array:
errno : -1 ;
message : 微信公众平台返回接口错误. 
错误代码为: 40005 
,错误描述为: appid 校验错误 ;

2018-07-15 12:01:00 waring :
------------
String:
Request Failed

2018-07-15 12:03:08 trace :
------------
Array:
errno : -1 ;
message : 微信公众平台返回接口错误. 
错误代码为: 40005 
,错误描述为: appid 校验错误 ;

2018-07-15 12:03:08 waring :
------------
String:
Request Failed

2018-07-15 14:03:31 trace :
------------
String:
<xml><ToUserName><![CDATA[gh_07a7ab1e550f]]></ToUserName>
<FromUserName><![CDATA[oBqpn1TqQqP_wUpOm1n2BAMLRMKA]]></FromUserName>
<CreateTime>1531634611</CreateTime>
<MsgType><![CDATA[event]]></MsgType>
<Event><![CDATA[VIEW]]></Event>
<EventKey><![CDATA[http://www.gzqtbw.com/app/index.php?i=18&c=entry&do=shop&m=ewei_shop]]></EventKey>
<MenuId>442049859</MenuId>
</xml>

2018-07-15 14:03:31 params :
------------
Array:
message : Array ;
module : basic ;
rule : 20 ;
priority : 0 ;
keyword : Array ;

2018-07-15 14:03:31 response :
------------
Array:
FromUserName : gh_07a7ab1e550f ;
ToUserName : oBqpn1TqQqP_wUpOm1n2BAMLRMKA ;
MsgType : text ;
Content : 感谢关注贵州罗甸红心火龙果/爱心 ;

2018-07-15 14:04:23 trace :
------------
String:
<xml><ToUserName><![CDATA[gh_07a7ab1e550f]]></ToUserName>
<FromUserName><![CDATA[oBqpn1TqQqP_wUpOm1n2BAMLRMKA]]></FromUserName>
<CreateTime>1531634663</CreateTime>
<MsgType><![CDATA[event]]></MsgType>
<Event><![CDATA[VIEW]]></Event>
<EventKey><![CDATA[http://www.gzqtbw.com/app/index.php?i=18&c=entry&do=shop&m=ewei_shop]]></EventKey>
<MenuId>442049859</MenuId>
</xml>

2018-07-15 14:04:23 params :
------------
Array:
message : Array ;
module : basic ;
rule : 20 ;
priority : 0 ;
keyword : Array ;

2018-07-15 14:04:23 response :
------------
Array:
FromUserName : gh_07a7ab1e550f ;
ToUserName : oBqpn1TqQqP_wUpOm1n2BAMLRMKA ;
MsgType : text ;
Content : 感谢关注贵州罗甸红心火龙果/爱心 ;

2018-07-15 16:11:06 trace :
------------
String:
<xml><ToUserName><![CDATA[gh_387f2586a480]]></ToUserName>
<FromUserName><![CDATA[oHlBev1_EiOFpyqnP_5K32CMmXgw]]></FromUserName>
<CreateTime>1531642266</CreateTime>
<MsgType><![CDATA[event]]></MsgType>
<Event><![CDATA[unsubscribe]]></Event>
<EventKey><![CDATA[]]></EventKey>
</xml>

2018-07-15 16:33:37 trace :
------------
String:
<xml><ToUserName><![CDATA[gh_07a7ab1e550f]]></ToUserName>
<FromUserName><![CDATA[oBqpn1TqQqP_wUpOm1n2BAMLRMKA]]></FromUserName>
<CreateTime>1531643617</CreateTime>
<MsgType><![CDATA[event]]></MsgType>
<Event><![CDATA[VIEW]]></Event>
<EventKey><![CDATA[http://www.gzqtbw.com/app/index.php?i=18&c=entry&do=shop&m=ewei_shop]]></EventKey>
<MenuId>442049859</MenuId>
</xml>

2018-07-15 16:33:37 params :
------------
Array:
message : Array ;
module : basic ;
rule : 20 ;
priority : 0 ;
keyword : Array ;

2018-07-15 16:33:37 response :
------------
Array:
FromUserName : gh_07a7ab1e550f ;
ToUserName : oBqpn1TqQqP_wUpOm1n2BAMLRMKA ;
MsgType : text ;
Content : 感谢关注贵州罗甸红心火龙果/爱心 ;

2018-07-15 16:34:14 trace :
------------
String:
<xml><ToUserName><![CDATA[gh_07a7ab1e550f]]></ToUserName>
<FromUserName><![CDATA[oBqpn1TqQqP_wUpOm1n2BAMLRMKA]]></FromUserName>
<CreateTime>1531643654</CreateTime>
<MsgType><![CDATA[event]]></MsgType>
<Event><![CDATA[VIEW]]></Event>
<EventKey><![CDATA[http://www.gzqtbw.com/app/index.php?i=18&c=entry&do=shop&m=ewei_shop]]></EventKey>
<MenuId>442049859</MenuId>
</xml>

2018-07-15 16:34:14 params :
------------
Array:
message : Array ;
module : basic ;
rule : 20 ;
priority : 0 ;
keyword : Array ;

2018-07-15 16:34:14 response :
------------
Array:
FromUserName : gh_07a7ab1e550f ;
ToUserName : oBqpn1TqQqP_wUpOm1n2BAMLRMKA ;
MsgType : text ;
Content : 感谢关注贵州罗甸红心火龙果/爱心 ;

2018-07-15 16:49:12 trace :
------------
String:
<xml><ToUserName><![CDATA[gh_3280735b50d8]]></ToUserName>
<FromUserName><![CDATA[oyWTK1JlUK5ySAmavKewIFv5Z9-A]]></FromUserName>
<CreateTime>1531644552</CreateTime>
<MsgType><![CDATA[event]]></MsgType>
<Event><![CDATA[subscribe]]></Event>
<EventKey><![CDATA[]]></EventKey>
</xml>

2018-07-15 16:49:12 params :
------------
Array:
message : Array ;
module : basic ;
rule : 11 ;
priority : 0 ;
keyword : Array ;

2018-07-15 16:49:12 response :
------------
Array:
FromUserName : gh_3280735b50d8 ;
ToUserName : oyWTK1JlUK5ySAmavKewIFv5Z9-A ;
MsgType : text ;
Content : 欢迎关注黔满园荣贵微信公众号！ ;

