2018-05-25 17:35:54 trace :
------------
String:
<xml><ToUserName><![CDATA[gh_94895cfd80a6]]></ToUserName>
<FromUserName><![CDATA[o92jL0SPq-un3jq7dHEqVIFqHA-g]]></FromUserName>
<CreateTime>1527240954</CreateTime>
<MsgType><![CDATA[event]]></MsgType>
<Event><![CDATA[VIEW]]></Event>
<EventKey><![CDATA[http://www.gzqtbw.com/app/index.php?i=20&c=home&t=32]]></EventKey>
<MenuId>476348390</MenuId>
</xml>

2018-05-25 17:35:54 params :
------------
Array:
message : Array ;
module : basic ;
rule : 29 ;
priority : 0 ;
keyword : Array ;

2018-05-25 17:35:54 response :
------------
Array:
FromUserName : gh_94895cfd80a6 ;
ToUserName : o92jL0SPq-un3jq7dHEqVIFqHA-g ;
MsgType : text ;
Content : 您好，欢迎关注赫章一小微信公众号！ ;

