2018-02-26 13:01:36 trace :
------------
Array:
errno : -1 ;
message : 微信公众平台返回接口错误. 
错误代码为: 40005 
,错误描述为: appid 校验错误 ;

2018-02-26 13:01:36 waring :
------------
String:
Request Failed

2018-02-26 13:01:53 trace :
------------
Array:
errno : -1 ;
message : 微信公众平台返回接口错误. 
错误代码为: 40005 
,错误描述为: appid 校验错误 ;

2018-02-26 13:01:53 waring :
------------
String:
Request Failed

2018-02-26 13:02:10 trace :
------------
Array:
errno : -1 ;
message : 微信公众平台返回接口错误. 
错误代码为: 40005 
,错误描述为: appid 校验错误 ;

2018-02-26 13:02:10 waring :
------------
String:
Request Failed

2018-02-26 13:02:40 trace :
------------
Array:
errno : -1 ;
message : 微信公众平台返回接口错误. 
错误代码为: 40005 
,错误描述为: appid 校验错误 ;

2018-02-26 13:02:40 waring :
------------
String:
Request Failed

2018-02-26 13:02:52 trace :
------------
Array:
errno : -1 ;
message : 微信公众平台返回接口错误. 
错误代码为: 40005 
,错误描述为: appid 校验错误 ;

2018-02-26 13:02:52 waring :
------------
String:
Request Failed

2018-02-26 17:42:51 trace :
------------
String:
<xml><ToUserName><![CDATA[gh_3280735b50d8]]></ToUserName>
<FromUserName><![CDATA[oyWTK1BObYhWiqjyvyffBX24vfiI]]></FromUserName>
<CreateTime>1519638170</CreateTime>
<MsgType><![CDATA[event]]></MsgType>
<Event><![CDATA[subscribe]]></Event>
<EventKey><![CDATA[]]></EventKey>
</xml>

2018-02-26 17:42:51 params :
------------
Array:
message : Array ;
module : basic ;
rule : 11 ;
priority : 0 ;
keyword : Array ;

2018-02-26 17:42:51 response :
------------
Array:
FromUserName : gh_3280735b50d8 ;
ToUserName : oyWTK1BObYhWiqjyvyffBX24vfiI ;
MsgType : text ;
Content : 欢迎关注黔满园荣贵微信公众号！ ;

2018-02-26 20:14:39 trace :
------------
String:
<xml><ToUserName><![CDATA[gh_a9b445bf4f73]]></ToUserName>
<FromUserName><![CDATA[oaQb9wWmm2JaS8ebyamDhygFY1_M]]></FromUserName>
<CreateTime>1519647279</CreateTime>
<MsgType><![CDATA[event]]></MsgType>
<Event><![CDATA[unsubscribe]]></Event>
<EventKey><![CDATA[]]></EventKey>
</xml>

