2018-05-28 09:35:01 trace :
------------
String:
<xml><ToUserName><![CDATA[gh_94895cfd80a6]]></ToUserName>
<FromUserName><![CDATA[o92jL0SnsDPyuVYN3_kKy6BGcd1w]]></FromUserName>
<CreateTime>1527471300</CreateTime>
<MsgType><![CDATA[event]]></MsgType>
<Event><![CDATA[VIEW]]></Event>
<EventKey><![CDATA[http://www.gzqtbw.com/app/index.php?i=20&c=home&t=32]]></EventKey>
<MenuId>476348390</MenuId>
</xml>

2018-05-28 09:35:01 params :
------------
Array:
message : Array ;
module : basic ;
rule : 29 ;
priority : 0 ;
keyword : Array ;

2018-05-28 09:35:01 response :
------------
Array:
FromUserName : gh_94895cfd80a6 ;
ToUserName : o92jL0SnsDPyuVYN3_kKy6BGcd1w ;
MsgType : text ;
Content : 您好，欢迎关注赫章一小微信公众号！ ;

2018-05-28 12:20:41 trace :
------------
String:
<xml><ToUserName><![CDATA[gh_28e767424b83]]></ToUserName>
<FromUserName><![CDATA[oaJVu0VXNnZRskHMwadEy8ddelKk]]></FromUserName>
<CreateTime>1527481241</CreateTime>
<MsgType><![CDATA[event]]></MsgType>
<Event><![CDATA[VIEW]]></Event>
<EventKey><![CDATA[https://map.baidu.com/mobile/webapp/search/search/qt=s&wd=%E8%B4%B5%E5%B7%9E%E7%9C%81%E8%B4%B5%E9%98%B3%E5%B8%82%E8%A7%82%E5%B1%B1%E6%B9%96%E5%8C%BA%E4%B8%96%E7%BA%AA%E5%9F%8E%E9%BE%99%E5%9F%8E%E5%BA%84%E5%9B%AD8%E6%A0%8B-1&newmap=1&ie=utf-8/vt=map]]></EventKey>
<MenuId>442837782</MenuId>
</xml>

2018-05-28 12:20:41 params :
------------
Array:
message : Array ;
module : basic ;
rule : 27 ;
priority : 0 ;
keyword : Array ;

2018-05-28 12:20:41 response :
------------
Array:
FromUserName : gh_28e767424b83 ;
ToUserName : oaJVu0VXNnZRskHMwadEy8ddelKk ;
MsgType : text ;
Content : 各位宗亲，大家好！欢迎关注贵州若木商贸公众号！ ;

2018-05-28 13:26:19 trace :
------------
String:
<xml><ToUserName><![CDATA[gh_94895cfd80a6]]></ToUserName>
<FromUserName><![CDATA[o92jL0YaYvKPvBv6zhupmk3tyoqU]]></FromUserName>
<CreateTime>1527485179</CreateTime>
<MsgType><![CDATA[event]]></MsgType>
<Event><![CDATA[VIEW]]></Event>
<EventKey><![CDATA[http://www.gzqtbw.com/app/index.php?i=20&c=home&t=32]]></EventKey>
<MenuId>476348390</MenuId>
</xml>

2018-05-28 13:26:19 params :
------------
Array:
message : Array ;
module : basic ;
rule : 29 ;
priority : 0 ;
keyword : Array ;

2018-05-28 13:26:19 response :
------------
Array:
FromUserName : gh_94895cfd80a6 ;
ToUserName : o92jL0YaYvKPvBv6zhupmk3tyoqU ;
MsgType : text ;
Content : 您好，欢迎关注赫章一小微信公众号！ ;

2018-05-28 13:53:37 trace :
------------
String:
<xml><ToUserName><![CDATA[gh_387f2586a480]]></ToUserName>
<FromUserName><![CDATA[oHlBevytwcW2QhtrnN1gjvbnhxWE]]></FromUserName>
<CreateTime>1527486817</CreateTime>
<MsgType><![CDATA[event]]></MsgType>
<Event><![CDATA[unsubscribe]]></Event>
<EventKey><![CDATA[]]></EventKey>
</xml>

2018-05-28 17:40:10 trace :
------------
String:
<xml><ToUserName><![CDATA[gh_94895cfd80a6]]></ToUserName>
<FromUserName><![CDATA[o92jL0SPq-un3jq7dHEqVIFqHA-g]]></FromUserName>
<CreateTime>1527500410</CreateTime>
<MsgType><![CDATA[event]]></MsgType>
<Event><![CDATA[VIEW]]></Event>
<EventKey><![CDATA[http://www.gzqtbw.com/app/index.php?i=20&c=home&t=32]]></EventKey>
<MenuId>476348390</MenuId>
</xml>

2018-05-28 17:40:10 params :
------------
Array:
message : Array ;
module : basic ;
rule : 29 ;
priority : 0 ;
keyword : Array ;

2018-05-28 17:40:10 response :
------------
Array:
FromUserName : gh_94895cfd80a6 ;
ToUserName : o92jL0SPq-un3jq7dHEqVIFqHA-g ;
MsgType : text ;
Content : 您好，欢迎关注赫章一小微信公众号！ ;

