2018-06-18 06:56:58 trace :
------------
String:
<xml><ToUserName><![CDATA[gh_28e767424b83]]></ToUserName>
<FromUserName><![CDATA[oaJVu0etCjCKLMl8gAQFVF60HUS4]]></FromUserName>
<CreateTime>1529276218</CreateTime>
<MsgType><![CDATA[event]]></MsgType>
<Event><![CDATA[VIEW]]></Event>
<EventKey><![CDATA[http://www.gzqtbw.com/app/index.php?i=19&c=site&a=site&do=detail&id=55]]></EventKey>
<MenuId>442837782</MenuId>
</xml>

2018-06-18 06:56:58 params :
------------
Array:
message : Array ;
module : basic ;
rule : 27 ;
priority : 0 ;
keyword : Array ;

2018-06-18 06:56:58 response :
------------
Array:
FromUserName : gh_28e767424b83 ;
ToUserName : oaJVu0etCjCKLMl8gAQFVF60HUS4 ;
MsgType : text ;
Content : 各位宗亲，大家好！欢迎关注贵州若木商贸公众号！ ;

2018-06-18 12:02:25 trace :
------------
String:
<xml><ToUserName><![CDATA[gh_07a7ab1e550f]]></ToUserName>
<FromUserName><![CDATA[oBqpn1dwR_AzfWUpzYetvt7wWtTQ]]></FromUserName>
<CreateTime>1529294545</CreateTime>
<MsgType><![CDATA[event]]></MsgType>
<Event><![CDATA[subscribe]]></Event>
<EventKey><![CDATA[]]></EventKey>
</xml>

2018-06-18 12:02:25 params :
------------
Array:
message : Array ;
module : basic ;
rule : 20 ;
priority : 0 ;
keyword : Array ;

2018-06-18 12:02:25 response :
------------
Array:
FromUserName : gh_07a7ab1e550f ;
ToUserName : oBqpn1dwR_AzfWUpzYetvt7wWtTQ ;
MsgType : text ;
Content : 感谢关注贵州罗甸红心火龙果/爱心 ;

2018-06-18 17:05:11 trace :
------------
String:
<xml><ToUserName><![CDATA[gh_07a7ab1e550f]]></ToUserName>
<FromUserName><![CDATA[oBqpn1VbdUHzLgvZ4Sse0zqgv4KU]]></FromUserName>
<CreateTime>1529312711</CreateTime>
<MsgType><![CDATA[event]]></MsgType>
<Event><![CDATA[subscribe]]></Event>
<EventKey><![CDATA[]]></EventKey>
</xml>

2018-06-18 17:05:11 params :
------------
Array:
message : Array ;
module : basic ;
rule : 20 ;
priority : 0 ;
keyword : Array ;

2018-06-18 17:05:11 response :
------------
Array:
FromUserName : gh_07a7ab1e550f ;
ToUserName : oBqpn1VbdUHzLgvZ4Sse0zqgv4KU ;
MsgType : text ;
Content : 感谢关注贵州罗甸红心火龙果/爱心 ;

2018-06-18 17:05:13 trace :
------------
String:
<xml><ToUserName><![CDATA[gh_07a7ab1e550f]]></ToUserName>
<FromUserName><![CDATA[oBqpn1VbdUHzLgvZ4Sse0zqgv4KU]]></FromUserName>
<CreateTime>1529312713</CreateTime>
<MsgType><![CDATA[event]]></MsgType>
<Event><![CDATA[VIEW]]></Event>
<EventKey><![CDATA[http://www.gzqtbw.com/app/index.php?i=18&c=entry&do=shop&m=ewei_shop]]></EventKey>
<MenuId>442049859</MenuId>
</xml>

2018-06-18 17:05:13 params :
------------
Array:
message : Array ;
module : basic ;
rule : 20 ;
priority : 0 ;
keyword : Array ;

2018-06-18 17:05:13 response :
------------
Array:
FromUserName : gh_07a7ab1e550f ;
ToUserName : oBqpn1VbdUHzLgvZ4Sse0zqgv4KU ;
MsgType : text ;
Content : 感谢关注贵州罗甸红心火龙果/爱心 ;

2018-06-18 17:11:37 trace :
------------
String:
<xml><ToUserName><![CDATA[gh_07a7ab1e550f]]></ToUserName>
<FromUserName><![CDATA[oBqpn1QBFvBBoCbsGyU5LLxAfOPM]]></FromUserName>
<CreateTime>1529313097</CreateTime>
<MsgType><![CDATA[event]]></MsgType>
<Event><![CDATA[subscribe]]></Event>
<EventKey><![CDATA[]]></EventKey>
</xml>

2018-06-18 17:11:37 params :
------------
Array:
message : Array ;
module : basic ;
rule : 20 ;
priority : 0 ;
keyword : Array ;

2018-06-18 17:11:37 response :
------------
Array:
FromUserName : gh_07a7ab1e550f ;
ToUserName : oBqpn1QBFvBBoCbsGyU5LLxAfOPM ;
MsgType : text ;
Content : 感谢关注贵州罗甸红心火龙果/爱心 ;

2018-06-18 17:39:55 trace :
------------
String:
<xml><ToUserName><![CDATA[gh_9e16f2771397]]></ToUserName>
<FromUserName><![CDATA[oSSurv6logWH6Z_JV75MR7JIbKes]]></FromUserName>
<CreateTime>1529314794</CreateTime>
<MsgType><![CDATA[event]]></MsgType>
<Event><![CDATA[subscribe]]></Event>
<EventKey><![CDATA[]]></EventKey>
</xml>

2018-06-18 17:39:55 params :
------------
Array:
message : Array ;
module : basic ;
rule : 14 ;
priority : 0 ;
keyword : Array ;

2018-06-18 17:39:55 response :
------------
Array:
FromUserName : gh_9e16f2771397 ;
ToUserName : oSSurv6logWH6Z_JV75MR7JIbKes ;
MsgType : text ;
Content : 欢迎关注黔中一品酒楼微信公众号！ ;

2018-06-18 17:39:58 trace :
------------
String:
<xml><ToUserName><![CDATA[gh_9e16f2771397]]></ToUserName>
<FromUserName><![CDATA[oSSurv6logWH6Z_JV75MR7JIbKes]]></FromUserName>
<CreateTime>1529314798</CreateTime>
<MsgType><![CDATA[event]]></MsgType>
<Event><![CDATA[VIEW]]></Event>
<EventKey><![CDATA[http://www.gzqtbw.com/app/index.php?i=13&c=home&t=16]]></EventKey>
<MenuId>458685223</MenuId>
</xml>

2018-06-18 17:39:58 params :
------------
Array:
message : Array ;
module : basic ;
rule : 14 ;
priority : 0 ;
keyword : Array ;

2018-06-18 17:39:58 response :
------------
Array:
FromUserName : gh_9e16f2771397 ;
ToUserName : oSSurv6logWH6Z_JV75MR7JIbKes ;
MsgType : text ;
Content : 欢迎关注黔中一品酒楼微信公众号！ ;

2018-06-18 17:40:59 trace :
------------
String:
<xml><ToUserName><![CDATA[gh_9e16f2771397]]></ToUserName>
<FromUserName><![CDATA[oSSurv6logWH6Z_JV75MR7JIbKes]]></FromUserName>
<CreateTime>1529314859</CreateTime>
<MsgType><![CDATA[event]]></MsgType>
<Event><![CDATA[unsubscribe]]></Event>
<EventKey><![CDATA[]]></EventKey>
</xml>

2018-06-18 20:59:09 trace :
------------
String:
<xml><ToUserName><![CDATA[gh_07a7ab1e550f]]></ToUserName>
<FromUserName><![CDATA[oBqpn1VzJoMO3ShfTJOsCLLhVFNQ]]></FromUserName>
<CreateTime>1529326749</CreateTime>
<MsgType><![CDATA[event]]></MsgType>
<Event><![CDATA[unsubscribe]]></Event>
<EventKey><![CDATA[]]></EventKey>
</xml>

2018-06-18 21:05:33 trace :
------------
String:
<xml><ToUserName><![CDATA[gh_07a7ab1e550f]]></ToUserName>
<FromUserName><![CDATA[oBqpn1QBFvBBoCbsGyU5LLxAfOPM]]></FromUserName>
<CreateTime>1529327133</CreateTime>
<MsgType><![CDATA[event]]></MsgType>
<Event><![CDATA[VIEW]]></Event>
<EventKey><![CDATA[http://www.gzqtbw.com/app/index.php?i=18&c=entry&do=shop&m=ewei_shop]]></EventKey>
<MenuId>442049859</MenuId>
</xml>

2018-06-18 21:05:33 params :
------------
Array:
message : Array ;
module : basic ;
rule : 20 ;
priority : 0 ;
keyword : Array ;

2018-06-18 21:05:33 response :
------------
Array:
FromUserName : gh_07a7ab1e550f ;
ToUserName : oBqpn1QBFvBBoCbsGyU5LLxAfOPM ;
MsgType : text ;
Content : 感谢关注贵州罗甸红心火龙果/爱心 ;

