2018-03-14 01:24:41 trace :
------------
String:
<xml><ToUserName><![CDATA[gh_07a7ab1e550f]]></ToUserName>
<FromUserName><![CDATA[oBqpn1XrRXwVXpv2YdtBhkVTrUzY]]></FromUserName>
<CreateTime>1520961880</CreateTime>
<MsgType><![CDATA[event]]></MsgType>
<Event><![CDATA[VIEW]]></Event>
<EventKey><![CDATA[http://www.gzqtbw.com/app/index.php?i=18&c=entry&do=shop&m=ewei_shop]]></EventKey>
<MenuId>442049859</MenuId>
</xml>

2018-03-14 01:24:41 params :
------------
Array:
message : Array ;
module : basic ;
rule : 20 ;
priority : 0 ;
keyword : Array ;

2018-03-14 01:24:41 response :
------------
Array:
FromUserName : gh_07a7ab1e550f ;
ToUserName : oBqpn1XrRXwVXpv2YdtBhkVTrUzY ;
MsgType : text ;
Content : 感谢关注贵州罗甸红心火龙果/爱心 ;

2018-03-14 01:25:32 trace :
------------
String:
<xml><ToUserName><![CDATA[gh_07a7ab1e550f]]></ToUserName>
<FromUserName><![CDATA[oBqpn1XrRXwVXpv2YdtBhkVTrUzY]]></FromUserName>
<CreateTime>1520961932</CreateTime>
<MsgType><![CDATA[event]]></MsgType>
<Event><![CDATA[VIEW]]></Event>
<EventKey><![CDATA[http://www.gzqtbw.com/app/index.php?i=18&c=entry&do=shop&m=ewei_shop]]></EventKey>
<MenuId>442049859</MenuId>
</xml>

2018-03-14 01:25:32 params :
------------
Array:
message : Array ;
module : basic ;
rule : 20 ;
priority : 0 ;
keyword : Array ;

2018-03-14 01:25:32 response :
------------
Array:
FromUserName : gh_07a7ab1e550f ;
ToUserName : oBqpn1XrRXwVXpv2YdtBhkVTrUzY ;
MsgType : text ;
Content : 感谢关注贵州罗甸红心火龙果/爱心 ;

2018-03-14 10:44:05 trace :
------------
String:
<xml><ToUserName><![CDATA[gh_07a7ab1e550f]]></ToUserName>
<FromUserName><![CDATA[oBqpn1SzRls9GHqpHBGC_xb8PWAA]]></FromUserName>
<CreateTime>1520995444</CreateTime>
<MsgType><![CDATA[event]]></MsgType>
<Event><![CDATA[unsubscribe]]></Event>
<EventKey><![CDATA[]]></EventKey>
</xml>

2018-03-14 10:45:45 trace :
------------
String:
<xml><ToUserName><![CDATA[gh_07a7ab1e550f]]></ToUserName>
<FromUserName><![CDATA[oBqpn1SzRls9GHqpHBGC_xb8PWAA]]></FromUserName>
<CreateTime>1520995545</CreateTime>
<MsgType><![CDATA[event]]></MsgType>
<Event><![CDATA[subscribe]]></Event>
<EventKey><![CDATA[]]></EventKey>
</xml>

2018-03-14 10:45:45 params :
------------
Array:
message : Array ;
module : basic ;
rule : 20 ;
priority : 0 ;
keyword : Array ;

2018-03-14 10:45:45 response :
------------
Array:
FromUserName : gh_07a7ab1e550f ;
ToUserName : oBqpn1SzRls9GHqpHBGC_xb8PWAA ;
MsgType : text ;
Content : 感谢关注贵州罗甸红心火龙果/爱心 ;

2018-03-14 16:44:56 trace :
------------
String:
<xml><ToUserName><![CDATA[gh_a9b445bf4f73]]></ToUserName>
<FromUserName><![CDATA[oaQb9wf1nVPfNZleKbg_n98IIsiQ]]></FromUserName>
<CreateTime>1521017095</CreateTime>
<MsgType><![CDATA[event]]></MsgType>
<Event><![CDATA[subscribe]]></Event>
<EventKey><![CDATA[]]></EventKey>
</xml>

2018-03-14 16:44:56 params :
------------
Array:
message : Array ;
module : basic ;
rule : 16 ;
priority : 0 ;
keyword : Array ;

2018-03-14 16:44:56 response :
------------
Array:
FromUserName : gh_a9b445bf4f73 ;
ToUserName : oaQb9wf1nVPfNZleKbg_n98IIsiQ ;
MsgType : text ;
Content : 欢迎关注贵州博达云科技发展有限公司！ ;

2018-03-14 16:45:04 trace :
------------
String:
<xml><ToUserName><![CDATA[gh_a9b445bf4f73]]></ToUserName>
<FromUserName><![CDATA[oaQb9wf1nVPfNZleKbg_n98IIsiQ]]></FromUserName>
<CreateTime>1521017103</CreateTime>
<MsgType><![CDATA[event]]></MsgType>
<Event><![CDATA[VIEW]]></Event>
<EventKey><![CDATA[http://www.gzqtbw.com/app/index.php?i=16&c=site&a=site&do=detail&id=22]]></EventKey>
<MenuId>423464702</MenuId>
</xml>

2018-03-14 16:45:04 params :
------------
Array:
message : Array ;
module : basic ;
rule : 16 ;
priority : 0 ;
keyword : Array ;

2018-03-14 16:45:04 response :
------------
Array:
FromUserName : gh_a9b445bf4f73 ;
ToUserName : oaQb9wf1nVPfNZleKbg_n98IIsiQ ;
MsgType : text ;
Content : 欢迎关注贵州博达云科技发展有限公司！ ;

2018-03-14 16:45:59 trace :
------------
String:
<xml><ToUserName><![CDATA[gh_a9b445bf4f73]]></ToUserName>
<FromUserName><![CDATA[oaQb9wf1nVPfNZleKbg_n98IIsiQ]]></FromUserName>
<CreateTime>1521017158</CreateTime>
<MsgType><![CDATA[event]]></MsgType>
<Event><![CDATA[CLICK]]></Event>
<EventKey><![CDATA[联系方式]]></EventKey>
</xml>

2018-03-14 16:45:59 params :
------------
Array:
message : Array ;
module : basic ;
rule : 24 ;
priority : 0 ;
keyword : Array ;

2018-03-14 16:45:59 response :
------------
Array:
FromUserName : gh_a9b445bf4f73 ;
ToUserName : oaQb9wf1nVPfNZleKbg_n98IIsiQ ;
MsgType : text ;
Content : 全国热线：400-852-2866 ;

2018-03-14 16:46:04 trace :
------------
String:
<xml><ToUserName><![CDATA[gh_a9b445bf4f73]]></ToUserName>
<FromUserName><![CDATA[oaQb9wf1nVPfNZleKbg_n98IIsiQ]]></FromUserName>
<CreateTime>1521017164</CreateTime>
<MsgType><![CDATA[event]]></MsgType>
<Event><![CDATA[VIEW]]></Event>
<EventKey><![CDATA[http://www.gzqtbw.com/app/index.php?i=16&c=site&a=site&do=detail&id=39]]></EventKey>
<MenuId>423464702</MenuId>
</xml>

2018-03-14 16:46:04 params :
------------
Array:
message : Array ;
module : basic ;
rule : 16 ;
priority : 0 ;
keyword : Array ;

2018-03-14 16:46:04 response :
------------
Array:
FromUserName : gh_a9b445bf4f73 ;
ToUserName : oaQb9wf1nVPfNZleKbg_n98IIsiQ ;
MsgType : text ;
Content : 欢迎关注贵州博达云科技发展有限公司！ ;

2018-03-14 16:47:05 trace :
------------
String:
<xml><ToUserName><![CDATA[gh_a9b445bf4f73]]></ToUserName>
<FromUserName><![CDATA[oaQb9wf1nVPfNZleKbg_n98IIsiQ]]></FromUserName>
<CreateTime>1521017225</CreateTime>
<MsgType><![CDATA[event]]></MsgType>
<Event><![CDATA[VIEW]]></Event>
<EventKey><![CDATA[http://www.gzqtbw.com/app/index.php?i=16&c=site&a=site&do=detail&id=41]]></EventKey>
<MenuId>423464702</MenuId>
</xml>

2018-03-14 16:47:05 params :
------------
Array:
message : Array ;
module : basic ;
rule : 16 ;
priority : 0 ;
keyword : Array ;

2018-03-14 16:47:05 response :
------------
Array:
FromUserName : gh_a9b445bf4f73 ;
ToUserName : oaQb9wf1nVPfNZleKbg_n98IIsiQ ;
MsgType : text ;
Content : 欢迎关注贵州博达云科技发展有限公司！ ;

2018-03-14 17:01:23 trace :
------------
String:
<xml><ToUserName><![CDATA[gh_a9b445bf4f73]]></ToUserName>
<FromUserName><![CDATA[oaQb9wf1nVPfNZleKbg_n98IIsiQ]]></FromUserName>
<CreateTime>1521018082</CreateTime>
<MsgType><![CDATA[event]]></MsgType>
<Event><![CDATA[VIEW]]></Event>
<EventKey><![CDATA[http://www.gzqtbw.com/app/index.php?i=16&c=entry&do=dayu_form&id=1&m=dayu_form]]></EventKey>
<MenuId>423464702</MenuId>
</xml>

2018-03-14 17:01:23 params :
------------
Array:
message : Array ;
module : basic ;
rule : 16 ;
priority : 0 ;
keyword : Array ;

2018-03-14 17:01:23 response :
------------
Array:
FromUserName : gh_a9b445bf4f73 ;
ToUserName : oaQb9wf1nVPfNZleKbg_n98IIsiQ ;
MsgType : text ;
Content : 欢迎关注贵州博达云科技发展有限公司！ ;

2018-03-14 18:28:24 trace :
------------
String:
<xml><ToUserName><![CDATA[gh_28e767424b83]]></ToUserName>
<FromUserName><![CDATA[oaJVu0YrAY5kxRKQI8sgRkknSP1I]]></FromUserName>
<CreateTime>1521023304</CreateTime>
<MsgType><![CDATA[event]]></MsgType>
<Event><![CDATA[VIEW]]></Event>
<EventKey><![CDATA[http://www.gzqtbw.com/app/index.php?i=19&c=home&t=28]]></EventKey>
<MenuId>442837782</MenuId>
</xml>

2018-03-14 18:28:24 params :
------------
Array:
message : Array ;
module : basic ;
rule : 27 ;
priority : 0 ;
keyword : Array ;

2018-03-14 18:28:24 response :
------------
Array:
FromUserName : gh_28e767424b83 ;
ToUserName : oaJVu0YrAY5kxRKQI8sgRkknSP1I ;
MsgType : text ;
Content : 各位宗亲，大家好！欢迎关注贵州若木商贸公众号！ ;

2018-03-14 19:59:38 trace :
------------
String:
<xml><ToUserName><![CDATA[gh_a9b445bf4f73]]></ToUserName>
<FromUserName><![CDATA[oaQb9wUusvnE0rqmgA0hQdkfPh3g]]></FromUserName>
<CreateTime>1521028777</CreateTime>
<MsgType><![CDATA[event]]></MsgType>
<Event><![CDATA[VIEW]]></Event>
<EventKey><![CDATA[http://www.gzqtbw.com/app/index.php?i=16&c=site&a=site&do=detail&id=27]]></EventKey>
<MenuId>423464702</MenuId>
</xml>

2018-03-14 19:59:38 params :
------------
Array:
message : Array ;
module : basic ;
rule : 16 ;
priority : 0 ;
keyword : Array ;

2018-03-14 19:59:38 response :
------------
Array:
FromUserName : gh_a9b445bf4f73 ;
ToUserName : oaQb9wUusvnE0rqmgA0hQdkfPh3g ;
MsgType : text ;
Content : 欢迎关注贵州博达云科技发展有限公司！ ;

2018-03-14 20:00:05 trace :
------------
String:
<xml><ToUserName><![CDATA[gh_a9b445bf4f73]]></ToUserName>
<FromUserName><![CDATA[oaQb9wUusvnE0rqmgA0hQdkfPh3g]]></FromUserName>
<CreateTime>1521028804</CreateTime>
<MsgType><![CDATA[event]]></MsgType>
<Event><![CDATA[VIEW]]></Event>
<EventKey><![CDATA[http://www.gzqtbw.com/app/index.php?i=16&c=home&t=27]]></EventKey>
<MenuId>423464702</MenuId>
</xml>

2018-03-14 20:00:05 params :
------------
Array:
message : Array ;
module : basic ;
rule : 16 ;
priority : 0 ;
keyword : Array ;

2018-03-14 20:00:05 response :
------------
Array:
FromUserName : gh_a9b445bf4f73 ;
ToUserName : oaQb9wUusvnE0rqmgA0hQdkfPh3g ;
MsgType : text ;
Content : 欢迎关注贵州博达云科技发展有限公司！ ;

2018-03-14 20:00:13 trace :
------------
String:
<xml><ToUserName><![CDATA[gh_a9b445bf4f73]]></ToUserName>
<FromUserName><![CDATA[oaQb9wUusvnE0rqmgA0hQdkfPh3g]]></FromUserName>
<CreateTime>1521028812</CreateTime>
<MsgType><![CDATA[event]]></MsgType>
<Event><![CDATA[VIEW]]></Event>
<EventKey><![CDATA[http://www.gzqtbw.com/app/index.php?i=16&c=site&a=site&do=detail&id=27]]></EventKey>
<MenuId>423464702</MenuId>
</xml>

2018-03-14 20:00:13 params :
------------
Array:
message : Array ;
module : basic ;
rule : 16 ;
priority : 0 ;
keyword : Array ;

2018-03-14 20:00:13 response :
------------
Array:
FromUserName : gh_a9b445bf4f73 ;
ToUserName : oaQb9wUusvnE0rqmgA0hQdkfPh3g ;
MsgType : text ;
Content : 欢迎关注贵州博达云科技发展有限公司！ ;

2018-03-14 20:00:19 trace :
------------
String:
<xml><ToUserName><![CDATA[gh_a9b445bf4f73]]></ToUserName>
<FromUserName><![CDATA[oaQb9wUusvnE0rqmgA0hQdkfPh3g]]></FromUserName>
<CreateTime>1521028818</CreateTime>
<MsgType><![CDATA[event]]></MsgType>
<Event><![CDATA[VIEW]]></Event>
<EventKey><![CDATA[http://www.gzqtbw.com/app/index.php?i=16&c=site&a=site&do=detail&id=22]]></EventKey>
<MenuId>423464702</MenuId>
</xml>

2018-03-14 20:00:19 params :
------------
Array:
message : Array ;
module : basic ;
rule : 16 ;
priority : 0 ;
keyword : Array ;

2018-03-14 20:00:19 response :
------------
Array:
FromUserName : gh_a9b445bf4f73 ;
ToUserName : oaQb9wUusvnE0rqmgA0hQdkfPh3g ;
MsgType : text ;
Content : 欢迎关注贵州博达云科技发展有限公司！ ;

2018-03-14 20:00:25 trace :
------------
String:
<xml><ToUserName><![CDATA[gh_a9b445bf4f73]]></ToUserName>
<FromUserName><![CDATA[oaQb9wUusvnE0rqmgA0hQdkfPh3g]]></FromUserName>
<CreateTime>1521028824</CreateTime>
<MsgType><![CDATA[event]]></MsgType>
<Event><![CDATA[VIEW]]></Event>
<EventKey><![CDATA[http://www.gzqtbw.com/app/index.php?i=16&c=site&a=site&do=detail&id=39]]></EventKey>
<MenuId>423464702</MenuId>
</xml>

2018-03-14 20:00:25 params :
------------
Array:
message : Array ;
module : basic ;
rule : 16 ;
priority : 0 ;
keyword : Array ;

2018-03-14 20:00:25 response :
------------
Array:
FromUserName : gh_a9b445bf4f73 ;
ToUserName : oaQb9wUusvnE0rqmgA0hQdkfPh3g ;
MsgType : text ;
Content : 欢迎关注贵州博达云科技发展有限公司！ ;

2018-03-14 20:44:57 trace :
------------
String:
<xml><ToUserName><![CDATA[gh_07a7ab1e550f]]></ToUserName>
<FromUserName><![CDATA[oBqpn1XsrfEPKBKtOcPguaGPg3C4]]></FromUserName>
<CreateTime>1521031497</CreateTime>
<MsgType><![CDATA[event]]></MsgType>
<Event><![CDATA[subscribe]]></Event>
<EventKey><![CDATA[]]></EventKey>
</xml>

2018-03-14 20:44:57 params :
------------
Array:
message : Array ;
module : basic ;
rule : 20 ;
priority : 0 ;
keyword : Array ;

2018-03-14 20:44:57 response :
------------
Array:
FromUserName : gh_07a7ab1e550f ;
ToUserName : oBqpn1XsrfEPKBKtOcPguaGPg3C4 ;
MsgType : text ;
Content : 感谢关注贵州罗甸红心火龙果/爱心 ;

2018-03-14 20:46:30 trace :
------------
String:
<xml><ToUserName><![CDATA[gh_07a7ab1e550f]]></ToUserName>
<FromUserName><![CDATA[oBqpn1XsrfEPKBKtOcPguaGPg3C4]]></FromUserName>
<CreateTime>1521031589</CreateTime>
<MsgType><![CDATA[event]]></MsgType>
<Event><![CDATA[VIEW]]></Event>
<EventKey><![CDATA[http://www.gzqtbw.com/app/index.php?i=18&c=entry&do=shop&m=ewei_shop]]></EventKey>
<MenuId>442049859</MenuId>
</xml>

2018-03-14 20:46:30 params :
------------
Array:
message : Array ;
module : basic ;
rule : 20 ;
priority : 0 ;
keyword : Array ;

2018-03-14 20:46:30 response :
------------
Array:
FromUserName : gh_07a7ab1e550f ;
ToUserName : oBqpn1XsrfEPKBKtOcPguaGPg3C4 ;
MsgType : text ;
Content : 感谢关注贵州罗甸红心火龙果/爱心 ;

2018-03-14 20:55:46 trace :
------------
String:
<xml><ToUserName><![CDATA[gh_07a7ab1e550f]]></ToUserName>
<FromUserName><![CDATA[oBqpn1XsrfEPKBKtOcPguaGPg3C4]]></FromUserName>
<CreateTime>1521032146</CreateTime>
<MsgType><![CDATA[event]]></MsgType>
<Event><![CDATA[VIEW]]></Event>
<EventKey><![CDATA[http://www.gzqtbw.com/app/index.php?i=18&c=entry&do=shop&m=ewei_shop]]></EventKey>
<MenuId>442049859</MenuId>
</xml>

2018-03-14 20:55:46 params :
------------
Array:
message : Array ;
module : basic ;
rule : 20 ;
priority : 0 ;
keyword : Array ;

2018-03-14 20:55:46 response :
------------
Array:
FromUserName : gh_07a7ab1e550f ;
ToUserName : oBqpn1XsrfEPKBKtOcPguaGPg3C4 ;
MsgType : text ;
Content : 感谢关注贵州罗甸红心火龙果/爱心 ;

2018-03-14 21:14:02 trace :
------------
String:
<xml><ToUserName><![CDATA[gh_07a7ab1e550f]]></ToUserName>
<FromUserName><![CDATA[oBqpn1XsrfEPKBKtOcPguaGPg3C4]]></FromUserName>
<CreateTime>1521033242</CreateTime>
<MsgType><![CDATA[event]]></MsgType>
<Event><![CDATA[unsubscribe]]></Event>
<EventKey><![CDATA[]]></EventKey>
</xml>

