2018-08-14 10:02:37 trace :
------------
String:
<xml><ToUserName><![CDATA[gh_07a7ab1e550f]]></ToUserName>
<FromUserName><![CDATA[oBqpn1TwWHZhIAyfoe7V5tY_yDAM]]></FromUserName>
<CreateTime>1534212157</CreateTime>
<MsgType><![CDATA[event]]></MsgType>
<Event><![CDATA[unsubscribe]]></Event>
<EventKey><![CDATA[]]></EventKey>
</xml>

2018-08-14 11:44:59 trace :
------------
String:
<xml><ToUserName><![CDATA[gh_a9b445bf4f73]]></ToUserName>
<FromUserName><![CDATA[oaQb9wT-ac5F3hz8_FipJEBm-sQk]]></FromUserName>
<CreateTime>1534218299</CreateTime>
<MsgType><![CDATA[event]]></MsgType>
<Event><![CDATA[VIEW]]></Event>
<EventKey><![CDATA[http://mb.gzqtbw.com]]></EventKey>
<MenuId>424172745</MenuId>
</xml>

2018-08-14 11:44:59 params :
------------
Array:
message : Array ;
module : basic ;
rule : 16 ;
priority : 0 ;
keyword : Array ;

2018-08-14 11:44:59 response :
------------
Array:
FromUserName : gh_a9b445bf4f73 ;
ToUserName : oaQb9wT-ac5F3hz8_FipJEBm-sQk ;
MsgType : text ;
Content : 欢迎关注贵州博达云科技发展有限公司！ ;

2018-08-14 18:10:35 trace :
------------
String:
<xml><ToUserName><![CDATA[gh_07a7ab1e550f]]></ToUserName>
<FromUserName><![CDATA[oBqpn1VGmXmNsn_RbroIo7cZAK4c]]></FromUserName>
<CreateTime>1534241434</CreateTime>
<MsgType><![CDATA[event]]></MsgType>
<Event><![CDATA[subscribe]]></Event>
<EventKey><![CDATA[]]></EventKey>
</xml>

2018-08-14 18:10:36 params :
------------
Array:
message : Array ;
module : basic ;
rule : 20 ;
priority : 0 ;
keyword : Array ;

2018-08-14 18:10:36 response :
------------
Array:
FromUserName : gh_07a7ab1e550f ;
ToUserName : oBqpn1VGmXmNsn_RbroIo7cZAK4c ;
MsgType : text ;
Content : 感谢关注贵州罗甸红心火龙果/爱心 ;

2018-08-14 18:10:36 trace :
------------
String:
<xml><ToUserName><![CDATA[gh_07a7ab1e550f]]></ToUserName>
<FromUserName><![CDATA[oBqpn1VGmXmNsn_RbroIo7cZAK4c]]></FromUserName>
<CreateTime>1534241436</CreateTime>
<MsgType><![CDATA[event]]></MsgType>
<Event><![CDATA[VIEW]]></Event>
<EventKey><![CDATA[http://www.gzqtbw.com/app/index.php?i=18&c=entry&do=shop&m=ewei_shop]]></EventKey>
<MenuId>442049859</MenuId>
</xml>

2018-08-14 18:10:36 params :
------------
Array:
message : Array ;
module : basic ;
rule : 20 ;
priority : 0 ;
keyword : Array ;

2018-08-14 18:10:36 response :
------------
Array:
FromUserName : gh_07a7ab1e550f ;
ToUserName : oBqpn1VGmXmNsn_RbroIo7cZAK4c ;
MsgType : text ;
Content : 感谢关注贵州罗甸红心火龙果/爱心 ;

2018-08-14 18:11:05 trace :
------------
String:
<xml><ToUserName><![CDATA[gh_07a7ab1e550f]]></ToUserName>
<FromUserName><![CDATA[oBqpn1VGmXmNsn_RbroIo7cZAK4c]]></FromUserName>
<CreateTime>1534241466</CreateTime>
<MsgType><![CDATA[event]]></MsgType>
<Event><![CDATA[VIEW]]></Event>
<EventKey><![CDATA[http://www.gzqtbw.com/app/index.php?i=18&c=entry&do=shop&m=ewei_shop]]></EventKey>
<MenuId>442049859</MenuId>
</xml>

2018-08-14 18:11:05 params :
------------
Array:
message : Array ;
module : basic ;
rule : 20 ;
priority : 0 ;
keyword : Array ;

2018-08-14 18:11:05 response :
------------
Array:
FromUserName : gh_07a7ab1e550f ;
ToUserName : oBqpn1VGmXmNsn_RbroIo7cZAK4c ;
MsgType : text ;
Content : 感谢关注贵州罗甸红心火龙果/爱心 ;

2018-08-14 21:41:28 trace :
------------
String:
<xml><ToUserName><![CDATA[gh_387f2586a480]]></ToUserName>
<FromUserName><![CDATA[oHlBevw5T5ELr9ODP2PG5CraCs6U]]></FromUserName>
<CreateTime>1534254088</CreateTime>
<MsgType><![CDATA[event]]></MsgType>
<Event><![CDATA[VIEW]]></Event>
<EventKey><![CDATA[http://www.gzqtbw.com/app/index.php?i=12&c=home&t=15]]></EventKey>
<MenuId>602413748</MenuId>
</xml>

2018-08-14 21:41:28 params :
------------
Array:
message : Array ;
module : basic ;
rule : 13 ;
priority : 0 ;
keyword : Array ;

2018-08-14 21:41:28 response :
------------
Array:
FromUserName : gh_387f2586a480 ;
ToUserName : oHlBevw5T5ELr9ODP2PG5CraCs6U ;
MsgType : text ;
Content : 欢迎关注李记梧桐人家微信公众号！ ;

2018-08-14 23:11:35 trace :
------------
String:
<xml><ToUserName><![CDATA[gh_9e16f2771397]]></ToUserName>
<FromUserName><![CDATA[oSSurvz8grwsCbnzFkJaqebgIpI4]]></FromUserName>
<CreateTime>1534259495</CreateTime>
<MsgType><![CDATA[event]]></MsgType>
<Event><![CDATA[VIEW]]></Event>
<EventKey><![CDATA[http://www.gzqtbw.com/app/index.php?i=13&c=home&t=16]]></EventKey>
<MenuId>458685223</MenuId>
</xml>

2018-08-14 23:11:35 params :
------------
Array:
message : Array ;
module : basic ;
rule : 14 ;
priority : 0 ;
keyword : Array ;

2018-08-14 23:11:35 response :
------------
Array:
FromUserName : gh_9e16f2771397 ;
ToUserName : oSSurvz8grwsCbnzFkJaqebgIpI4 ;
MsgType : text ;
Content : 欢迎关注黔中一品酒楼微信公众号！ ;

2018-08-14 23:12:17 trace :
------------
String:
<xml><ToUserName><![CDATA[gh_9e16f2771397]]></ToUserName>
<FromUserName><![CDATA[oSSurvz8grwsCbnzFkJaqebgIpI4]]></FromUserName>
<CreateTime>1534259537</CreateTime>
<MsgType><![CDATA[event]]></MsgType>
<Event><![CDATA[VIEW]]></Event>
<EventKey><![CDATA[http://www.gzqtbw.com/app/index.php?i=13&c=home&t=16]]></EventKey>
<MenuId>458685223</MenuId>
</xml>

2018-08-14 23:12:17 params :
------------
Array:
message : Array ;
module : basic ;
rule : 14 ;
priority : 0 ;
keyword : Array ;

2018-08-14 23:12:17 response :
------------
Array:
FromUserName : gh_9e16f2771397 ;
ToUserName : oSSurvz8grwsCbnzFkJaqebgIpI4 ;
MsgType : text ;
Content : 欢迎关注黔中一品酒楼微信公众号！ ;

2018-08-14 23:12:21 trace :
------------
String:
<xml><ToUserName><![CDATA[gh_9e16f2771397]]></ToUserName>
<FromUserName><![CDATA[oSSurvz8grwsCbnzFkJaqebgIpI4]]></FromUserName>
<CreateTime>1534259541</CreateTime>
<MsgType><![CDATA[event]]></MsgType>
<Event><![CDATA[VIEW]]></Event>
<EventKey><![CDATA[http://www.gzqtbw.com/app/index.php?i=13&c=home&t=16]]></EventKey>
<MenuId>458685223</MenuId>
</xml>

2018-08-14 23:12:21 params :
------------
Array:
message : Array ;
module : basic ;
rule : 14 ;
priority : 0 ;
keyword : Array ;

2018-08-14 23:12:21 response :
------------
Array:
FromUserName : gh_9e16f2771397 ;
ToUserName : oSSurvz8grwsCbnzFkJaqebgIpI4 ;
MsgType : text ;
Content : 欢迎关注黔中一品酒楼微信公众号！ ;

2018-08-14 23:12:52 trace :
------------
String:
<xml><ToUserName><![CDATA[gh_b6dd8949412a]]></ToUserName>
<FromUserName><![CDATA[osNo7wzpmaWD17afSAQIvKL9o3QA]]></FromUserName>
<CreateTime>1534259572</CreateTime>
<MsgType><![CDATA[event]]></MsgType>
<Event><![CDATA[LOCATION]]></Event>
<Latitude>22.763920</Latitude>
<Longitude>113.806274</Longitude>
<Precision>30.000000</Precision>
</xml>

2018-08-14 23:12:52 params :
------------
Array:
message : Array ;
module : default ;
rule : -1 ;

2018-08-14 23:12:52 response :
------------
Array:
errno : -1 ;
message : Invaild value ;

