2018-07-09 08:21:14 trace :
------------
String:
<xml><ToUserName><![CDATA[gh_94895cfd80a6]]></ToUserName>
<FromUserName><![CDATA[o92jL0dDsmL-mNqqipmNe3AiTHVU]]></FromUserName>
<CreateTime>1531095674</CreateTime>
<MsgType><![CDATA[event]]></MsgType>
<Event><![CDATA[subscribe]]></Event>
<EventKey><![CDATA[]]></EventKey>
</xml>

2018-07-09 08:21:15 params :
------------
Array:
message : Array ;
module : basic ;
rule : 29 ;
priority : 0 ;
keyword : Array ;

2018-07-09 08:21:15 response :
------------
Array:
FromUserName : gh_94895cfd80a6 ;
ToUserName : o92jL0dDsmL-mNqqipmNe3AiTHVU ;
MsgType : text ;
Content : 您好，欢迎关注赫章一小微信公众号！ ;

2018-07-09 08:21:17 trace :
------------
String:
<xml><ToUserName><![CDATA[gh_94895cfd80a6]]></ToUserName>
<FromUserName><![CDATA[o92jL0dDsmL-mNqqipmNe3AiTHVU]]></FromUserName>
<CreateTime>1531095677</CreateTime>
<MsgType><![CDATA[event]]></MsgType>
<Event><![CDATA[VIEW]]></Event>
<EventKey><![CDATA[http://www.gzqtbw.com/app/index.php?i=20&c=home&t=32]]></EventKey>
<MenuId>476348390</MenuId>
</xml>

2018-07-09 08:21:17 params :
------------
Array:
message : Array ;
module : basic ;
rule : 29 ;
priority : 0 ;
keyword : Array ;

2018-07-09 08:21:17 response :
------------
Array:
FromUserName : gh_94895cfd80a6 ;
ToUserName : o92jL0dDsmL-mNqqipmNe3AiTHVU ;
MsgType : text ;
Content : 您好，欢迎关注赫章一小微信公众号！ ;

2018-07-09 09:53:38 trace :
------------
String:
<xml><ToUserName><![CDATA[gh_07a7ab1e550f]]></ToUserName>
<FromUserName><![CDATA[oBqpn1Qqme3f7wwlygmLt1M4BPMM]]></FromUserName>
<CreateTime>1531101218</CreateTime>
<MsgType><![CDATA[event]]></MsgType>
<Event><![CDATA[subscribe]]></Event>
<EventKey><![CDATA[]]></EventKey>
</xml>

2018-07-09 09:53:38 params :
------------
Array:
message : Array ;
module : basic ;
rule : 20 ;
priority : 0 ;
keyword : Array ;

2018-07-09 09:53:38 response :
------------
Array:
FromUserName : gh_07a7ab1e550f ;
ToUserName : oBqpn1Qqme3f7wwlygmLt1M4BPMM ;
MsgType : text ;
Content : 感谢关注贵州罗甸红心火龙果/爱心 ;

2018-07-09 09:53:41 trace :
------------
String:
<xml><ToUserName><![CDATA[gh_07a7ab1e550f]]></ToUserName>
<FromUserName><![CDATA[oBqpn1Qqme3f7wwlygmLt1M4BPMM]]></FromUserName>
<CreateTime>1531101221</CreateTime>
<MsgType><![CDATA[event]]></MsgType>
<Event><![CDATA[VIEW]]></Event>
<EventKey><![CDATA[http://www.gzqtbw.com/app/index.php?i=18&c=entry&do=shop&m=ewei_shop]]></EventKey>
<MenuId>442049859</MenuId>
</xml>

2018-07-09 09:53:41 params :
------------
Array:
message : Array ;
module : basic ;
rule : 20 ;
priority : 0 ;
keyword : Array ;

2018-07-09 09:53:41 response :
------------
Array:
FromUserName : gh_07a7ab1e550f ;
ToUserName : oBqpn1Qqme3f7wwlygmLt1M4BPMM ;
MsgType : text ;
Content : 感谢关注贵州罗甸红心火龙果/爱心 ;

2018-07-09 09:57:22 trace :
------------
String:
<xml><ToUserName><![CDATA[gh_07a7ab1e550f]]></ToUserName>
<FromUserName><![CDATA[oBqpn1Qqme3f7wwlygmLt1M4BPMM]]></FromUserName>
<CreateTime>1531101431</CreateTime>
<MsgType><![CDATA[text]]></MsgType>
<Content><![CDATA[有客服吗？]]></Content>
<MsgId>6576030573449481951</MsgId>
</xml>

2018-07-09 09:57:22 params :
------------
Array:
message : Array ;
module : basic ;
rule : 20 ;
priority : 0 ;
keyword : Array ;

2018-07-09 09:57:22 response :
------------
Array:
FromUserName : gh_07a7ab1e550f ;
ToUserName : oBqpn1Qqme3f7wwlygmLt1M4BPMM ;
MsgType : text ;
Content : 感谢关注贵州罗甸红心火龙果/爱心 ;

2018-07-09 09:57:45 trace :
------------
String:
<xml><ToUserName><![CDATA[gh_07a7ab1e550f]]></ToUserName>
<FromUserName><![CDATA[oBqpn1Qqme3f7wwlygmLt1M4BPMM]]></FromUserName>
<CreateTime>1531101465</CreateTime>
<MsgType><![CDATA[text]]></MsgType>
<Content><![CDATA[一个多大的？]]></Content>
<MsgId>6576030719478370021</MsgId>
</xml>

2018-07-09 09:57:45 params :
------------
Array:
message : Array ;
module : basic ;
rule : 20 ;
priority : 0 ;
keyword : Array ;

2018-07-09 09:57:45 response :
------------
Array:
FromUserName : gh_07a7ab1e550f ;
ToUserName : oBqpn1Qqme3f7wwlygmLt1M4BPMM ;
MsgType : text ;
Content : 感谢关注贵州罗甸红心火龙果/爱心 ;

2018-07-09 09:57:56 trace :
------------
String:
<xml><ToUserName><![CDATA[gh_07a7ab1e550f]]></ToUserName>
<FromUserName><![CDATA[oBqpn1Qqme3f7wwlygmLt1M4BPMM]]></FromUserName>
<CreateTime>1531101475</CreateTime>
<MsgType><![CDATA[text]]></MsgType>
<Content><![CDATA[我想买大的红心]]></Content>
<MsgId>6576030762428042986</MsgId>
</xml>

2018-07-09 09:57:56 params :
------------
Array:
message : Array ;
module : basic ;
rule : 20 ;
priority : 0 ;
keyword : Array ;

2018-07-09 09:57:56 response :
------------
Array:
FromUserName : gh_07a7ab1e550f ;
ToUserName : oBqpn1Qqme3f7wwlygmLt1M4BPMM ;
MsgType : text ;
Content : 感谢关注贵州罗甸红心火龙果/爱心 ;

2018-07-09 10:19:55 trace :
------------
String:
<xml><ToUserName><![CDATA[gh_3280735b50d8]]></ToUserName>
<FromUserName><![CDATA[oyWTK1J2g8aHF4TIJ5MF1Y12sA3A]]></FromUserName>
<CreateTime>1531102795</CreateTime>
<MsgType><![CDATA[event]]></MsgType>
<Event><![CDATA[unsubscribe]]></Event>
<EventKey><![CDATA[]]></EventKey>
</xml>

2018-07-09 11:02:53 trace :
------------
String:
<xml><ToUserName><![CDATA[gh_28e767424b83]]></ToUserName>
<FromUserName><![CDATA[oaJVu0TAgHt5m9nt6OIU9qusY-o4]]></FromUserName>
<CreateTime>1531105373</CreateTime>
<MsgType><![CDATA[text]]></MsgType>
<Content><![CDATA[测试2]]></Content>
<MsgId>6576047504211525624</MsgId>
</xml>

2018-07-09 11:02:54 params :
------------
Array:
message : Array ;
module : basic ;
rule : 27 ;
priority : 0 ;
keyword : Array ;

2018-07-09 11:02:54 response :
------------
Array:
FromUserName : gh_28e767424b83 ;
ToUserName : oaJVu0TAgHt5m9nt6OIU9qusY-o4 ;
MsgType : text ;
Content : 各位宗亲，大家好！欢迎关注贵州若木商贸公众号！ ;

2018-07-09 11:37:36 trace :
------------
String:
<xml><ToUserName><![CDATA[gh_a9b445bf4f73]]></ToUserName>
<FromUserName><![CDATA[oaQb9wT-ac5F3hz8_FipJEBm-sQk]]></FromUserName>
<CreateTime>1531107456</CreateTime>
<MsgType><![CDATA[event]]></MsgType>
<Event><![CDATA[VIEW]]></Event>
<EventKey><![CDATA[http://mb.gzqtbw.com]]></EventKey>
<MenuId>424172745</MenuId>
</xml>

2018-07-09 11:37:36 params :
------------
Array:
message : Array ;
module : basic ;
rule : 16 ;
priority : 0 ;
keyword : Array ;

2018-07-09 11:37:36 response :
------------
Array:
FromUserName : gh_a9b445bf4f73 ;
ToUserName : oaQb9wT-ac5F3hz8_FipJEBm-sQk ;
MsgType : text ;
Content : 欢迎关注贵州博达云科技发展有限公司！ ;

2018-07-09 11:41:07 trace :
------------
String:
<xml><ToUserName><![CDATA[gh_a9b445bf4f73]]></ToUserName>
<FromUserName><![CDATA[oaQb9wcXfB1kSMqWpyBIfxlAEvv4]]></FromUserName>
<CreateTime>1531107666</CreateTime>
<MsgType><![CDATA[event]]></MsgType>
<Event><![CDATA[subscribe]]></Event>
<EventKey><![CDATA[]]></EventKey>
</xml>

2018-07-09 11:41:07 params :
------------
Array:
message : Array ;
module : basic ;
rule : 16 ;
priority : 0 ;
keyword : Array ;

2018-07-09 11:41:07 response :
------------
Array:
FromUserName : gh_a9b445bf4f73 ;
ToUserName : oaQb9wcXfB1kSMqWpyBIfxlAEvv4 ;
MsgType : text ;
Content : 欢迎关注贵州博达云科技发展有限公司！ ;

2018-07-09 13:05:36 trace :
------------
String:
<xml><ToUserName><![CDATA[gh_94895cfd80a6]]></ToUserName>
<FromUserName><![CDATA[o92jL0R28UFwuujVgp-L_5bWG9aI]]></FromUserName>
<CreateTime>1531112736</CreateTime>
<MsgType><![CDATA[event]]></MsgType>
<Event><![CDATA[subscribe]]></Event>
<EventKey><![CDATA[]]></EventKey>
</xml>

2018-07-09 13:05:36 params :
------------
Array:
message : Array ;
module : basic ;
rule : 29 ;
priority : 0 ;
keyword : Array ;

2018-07-09 13:05:36 response :
------------
Array:
FromUserName : gh_94895cfd80a6 ;
ToUserName : o92jL0R28UFwuujVgp-L_5bWG9aI ;
MsgType : text ;
Content : 您好，欢迎关注赫章一小微信公众号！ ;

2018-07-09 13:05:39 trace :
------------
String:
<xml><ToUserName><![CDATA[gh_94895cfd80a6]]></ToUserName>
<FromUserName><![CDATA[o92jL0R28UFwuujVgp-L_5bWG9aI]]></FromUserName>
<CreateTime>1531112738</CreateTime>
<MsgType><![CDATA[event]]></MsgType>
<Event><![CDATA[VIEW]]></Event>
<EventKey><![CDATA[http://www.gzqtbw.com/app/index.php?i=20&c=home&t=32]]></EventKey>
<MenuId>476348390</MenuId>
</xml>

2018-07-09 13:05:39 params :
------------
Array:
message : Array ;
module : basic ;
rule : 29 ;
priority : 0 ;
keyword : Array ;

2018-07-09 13:05:39 response :
------------
Array:
FromUserName : gh_94895cfd80a6 ;
ToUserName : o92jL0R28UFwuujVgp-L_5bWG9aI ;
MsgType : text ;
Content : 您好，欢迎关注赫章一小微信公众号！ ;

2018-07-09 13:06:07 trace :
------------
String:
<xml><ToUserName><![CDATA[gh_94895cfd80a6]]></ToUserName>
<FromUserName><![CDATA[o92jL0R28UFwuujVgp-L_5bWG9aI]]></FromUserName>
<CreateTime>1531112767</CreateTime>
<MsgType><![CDATA[event]]></MsgType>
<Event><![CDATA[VIEW]]></Event>
<EventKey><![CDATA[http://www.gzqtbw.com/app/index.php?i=20&c=home&t=32]]></EventKey>
<MenuId>476348390</MenuId>
</xml>

2018-07-09 13:06:07 params :
------------
Array:
message : Array ;
module : basic ;
rule : 29 ;
priority : 0 ;
keyword : Array ;

2018-07-09 13:06:07 response :
------------
Array:
FromUserName : gh_94895cfd80a6 ;
ToUserName : o92jL0R28UFwuujVgp-L_5bWG9aI ;
MsgType : text ;
Content : 您好，欢迎关注赫章一小微信公众号！ ;

2018-07-09 13:06:51 trace :
------------
String:
<xml><ToUserName><![CDATA[gh_94895cfd80a6]]></ToUserName>
<FromUserName><![CDATA[o92jL0R28UFwuujVgp-L_5bWG9aI]]></FromUserName>
<CreateTime>1531112811</CreateTime>
<MsgType><![CDATA[event]]></MsgType>
<Event><![CDATA[VIEW]]></Event>
<EventKey><![CDATA[http://www.gzqtbw.com/app/index.php?i=20&c=home&t=32]]></EventKey>
<MenuId>476348390</MenuId>
</xml>

2018-07-09 13:06:51 params :
------------
Array:
message : Array ;
module : basic ;
rule : 29 ;
priority : 0 ;
keyword : Array ;

2018-07-09 13:06:51 response :
------------
Array:
FromUserName : gh_94895cfd80a6 ;
ToUserName : o92jL0R28UFwuujVgp-L_5bWG9aI ;
MsgType : text ;
Content : 您好，欢迎关注赫章一小微信公众号！ ;

2018-07-09 13:07:02 trace :
------------
String:
<xml><ToUserName><![CDATA[gh_94895cfd80a6]]></ToUserName>
<FromUserName><![CDATA[o92jL0aGBMN6lrCv5xAR8jgvWofE]]></FromUserName>
<CreateTime>1531112822</CreateTime>
<MsgType><![CDATA[event]]></MsgType>
<Event><![CDATA[subscribe]]></Event>
<EventKey><![CDATA[]]></EventKey>
</xml>

2018-07-09 13:07:02 params :
------------
Array:
message : Array ;
module : basic ;
rule : 29 ;
priority : 0 ;
keyword : Array ;

2018-07-09 13:07:02 response :
------------
Array:
FromUserName : gh_94895cfd80a6 ;
ToUserName : o92jL0aGBMN6lrCv5xAR8jgvWofE ;
MsgType : text ;
Content : 您好，欢迎关注赫章一小微信公众号！ ;

2018-07-09 13:07:14 trace :
------------
String:
<xml><ToUserName><![CDATA[gh_94895cfd80a6]]></ToUserName>
<FromUserName><![CDATA[o92jL0R28UFwuujVgp-L_5bWG9aI]]></FromUserName>
<CreateTime>1531112834</CreateTime>
<MsgType><![CDATA[event]]></MsgType>
<Event><![CDATA[VIEW]]></Event>
<EventKey><![CDATA[http://www.gzqtbw.com/app/index.php?i=20&c=home&t=32]]></EventKey>
<MenuId>476348390</MenuId>
</xml>

2018-07-09 13:07:14 params :
------------
Array:
message : Array ;
module : basic ;
rule : 29 ;
priority : 0 ;
keyword : Array ;

2018-07-09 13:07:14 response :
------------
Array:
FromUserName : gh_94895cfd80a6 ;
ToUserName : o92jL0R28UFwuujVgp-L_5bWG9aI ;
MsgType : text ;
Content : 您好，欢迎关注赫章一小微信公众号！ ;

2018-07-09 13:07:22 trace :
------------
String:
<xml><ToUserName><![CDATA[gh_94895cfd80a6]]></ToUserName>
<FromUserName><![CDATA[o92jL0aGBMN6lrCv5xAR8jgvWofE]]></FromUserName>
<CreateTime>1531112842</CreateTime>
<MsgType><![CDATA[event]]></MsgType>
<Event><![CDATA[VIEW]]></Event>
<EventKey><![CDATA[http://www.gzqtbw.com/app/index.php?i=20&c=home&t=32]]></EventKey>
<MenuId>476348390</MenuId>
</xml>

2018-07-09 13:07:22 params :
------------
Array:
message : Array ;
module : basic ;
rule : 29 ;
priority : 0 ;
keyword : Array ;

2018-07-09 13:07:22 response :
------------
Array:
FromUserName : gh_94895cfd80a6 ;
ToUserName : o92jL0aGBMN6lrCv5xAR8jgvWofE ;
MsgType : text ;
Content : 您好，欢迎关注赫章一小微信公众号！ ;

2018-07-09 13:07:25 trace :
------------
String:
<xml><ToUserName><![CDATA[gh_94895cfd80a6]]></ToUserName>
<FromUserName><![CDATA[o92jL0R28UFwuujVgp-L_5bWG9aI]]></FromUserName>
<CreateTime>1531112844</CreateTime>
<MsgType><![CDATA[event]]></MsgType>
<Event><![CDATA[VIEW]]></Event>
<EventKey><![CDATA[http://www.gzqtbw.com/app/index.php?i=20&c=home&t=32]]></EventKey>
<MenuId>476348390</MenuId>
</xml>

2018-07-09 13:07:25 params :
------------
Array:
message : Array ;
module : basic ;
rule : 29 ;
priority : 0 ;
keyword : Array ;

2018-07-09 13:07:25 response :
------------
Array:
FromUserName : gh_94895cfd80a6 ;
ToUserName : o92jL0R28UFwuujVgp-L_5bWG9aI ;
MsgType : text ;
Content : 您好，欢迎关注赫章一小微信公众号！ ;

2018-07-09 13:07:50 trace :
------------
String:
<xml><ToUserName><![CDATA[gh_94895cfd80a6]]></ToUserName>
<FromUserName><![CDATA[o92jL0aGBMN6lrCv5xAR8jgvWofE]]></FromUserName>
<CreateTime>1531112870</CreateTime>
<MsgType><![CDATA[event]]></MsgType>
<Event><![CDATA[VIEW]]></Event>
<EventKey><![CDATA[http://www.gzqtbw.com/app/index.php?i=20&c=home&t=32]]></EventKey>
<MenuId>476348390</MenuId>
</xml>

2018-07-09 13:07:50 params :
------------
Array:
message : Array ;
module : basic ;
rule : 29 ;
priority : 0 ;
keyword : Array ;

2018-07-09 13:07:50 response :
------------
Array:
FromUserName : gh_94895cfd80a6 ;
ToUserName : o92jL0aGBMN6lrCv5xAR8jgvWofE ;
MsgType : text ;
Content : 您好，欢迎关注赫章一小微信公众号！ ;

2018-07-09 13:10:28 trace :
------------
String:
<xml><ToUserName><![CDATA[gh_94895cfd80a6]]></ToUserName>
<FromUserName><![CDATA[o92jL0fuCiWYcOvA5PBlIvt46SHw]]></FromUserName>
<CreateTime>1531113028</CreateTime>
<MsgType><![CDATA[event]]></MsgType>
<Event><![CDATA[subscribe]]></Event>
<EventKey><![CDATA[]]></EventKey>
</xml>

2018-07-09 13:10:28 params :
------------
Array:
message : Array ;
module : basic ;
rule : 29 ;
priority : 0 ;
keyword : Array ;

2018-07-09 13:10:28 response :
------------
Array:
FromUserName : gh_94895cfd80a6 ;
ToUserName : o92jL0fuCiWYcOvA5PBlIvt46SHw ;
MsgType : text ;
Content : 您好，欢迎关注赫章一小微信公众号！ ;

2018-07-09 13:11:24 trace :
------------
String:
<xml><ToUserName><![CDATA[gh_94895cfd80a6]]></ToUserName>
<FromUserName><![CDATA[o92jL0fuCiWYcOvA5PBlIvt46SHw]]></FromUserName>
<CreateTime>1531113084</CreateTime>
<MsgType><![CDATA[event]]></MsgType>
<Event><![CDATA[VIEW]]></Event>
<EventKey><![CDATA[http://www.gzqtbw.com/app/index.php?i=20&c=home&t=32]]></EventKey>
<MenuId>476348390</MenuId>
</xml>

2018-07-09 13:11:24 params :
------------
Array:
message : Array ;
module : basic ;
rule : 29 ;
priority : 0 ;
keyword : Array ;

2018-07-09 13:11:24 response :
------------
Array:
FromUserName : gh_94895cfd80a6 ;
ToUserName : o92jL0fuCiWYcOvA5PBlIvt46SHw ;
MsgType : text ;
Content : 您好，欢迎关注赫章一小微信公众号！ ;

2018-07-09 13:11:59 trace :
------------
String:
<xml><ToUserName><![CDATA[gh_94895cfd80a6]]></ToUserName>
<FromUserName><![CDATA[o92jL0fuCiWYcOvA5PBlIvt46SHw]]></FromUserName>
<CreateTime>1531113118</CreateTime>
<MsgType><![CDATA[text]]></MsgType>
<Content><![CDATA[你好]]></Content>
<MsgId>6576080768763957949</MsgId>
</xml>

2018-07-09 13:11:59 params :
------------
Array:
message : Array ;
module : basic ;
rule : 29 ;
priority : 0 ;
keyword : Array ;

2018-07-09 13:11:59 response :
------------
Array:
FromUserName : gh_94895cfd80a6 ;
ToUserName : o92jL0fuCiWYcOvA5PBlIvt46SHw ;
MsgType : text ;
Content : 您好，欢迎关注赫章一小微信公众号！ ;

2018-07-09 13:12:28 trace :
------------
String:
<xml><ToUserName><![CDATA[gh_94895cfd80a6]]></ToUserName>
<FromUserName><![CDATA[o92jL0fuCiWYcOvA5PBlIvt46SHw]]></FromUserName>
<CreateTime>1531113148</CreateTime>
<MsgType><![CDATA[event]]></MsgType>
<Event><![CDATA[VIEW]]></Event>
<EventKey><![CDATA[http://www.gzqtbw.com/app/index.php?i=20&c=home&t=32]]></EventKey>
<MenuId>476348390</MenuId>
</xml>

2018-07-09 13:12:28 params :
------------
Array:
message : Array ;
module : basic ;
rule : 29 ;
priority : 0 ;
keyword : Array ;

2018-07-09 13:12:28 response :
------------
Array:
FromUserName : gh_94895cfd80a6 ;
ToUserName : o92jL0fuCiWYcOvA5PBlIvt46SHw ;
MsgType : text ;
Content : 您好，欢迎关注赫章一小微信公众号！ ;

2018-07-09 13:14:06 trace :
------------
String:
<xml><ToUserName><![CDATA[gh_94895cfd80a6]]></ToUserName>
<FromUserName><![CDATA[o92jL0biPcnyeSQRw1FwHCI7h4go]]></FromUserName>
<CreateTime>1531113246</CreateTime>
<MsgType><![CDATA[event]]></MsgType>
<Event><![CDATA[subscribe]]></Event>
<EventKey><![CDATA[]]></EventKey>
</xml>

2018-07-09 13:14:06 params :
------------
Array:
message : Array ;
module : basic ;
rule : 29 ;
priority : 0 ;
keyword : Array ;

2018-07-09 13:14:06 response :
------------
Array:
FromUserName : gh_94895cfd80a6 ;
ToUserName : o92jL0biPcnyeSQRw1FwHCI7h4go ;
MsgType : text ;
Content : 您好，欢迎关注赫章一小微信公众号！ ;

2018-07-09 13:14:09 trace :
------------
String:
<xml><ToUserName><![CDATA[gh_94895cfd80a6]]></ToUserName>
<FromUserName><![CDATA[o92jL0biPcnyeSQRw1FwHCI7h4go]]></FromUserName>
<CreateTime>1531113249</CreateTime>
<MsgType><![CDATA[event]]></MsgType>
<Event><![CDATA[VIEW]]></Event>
<EventKey><![CDATA[http://www.gzqtbw.com/app/index.php?i=20&c=home&t=32]]></EventKey>
<MenuId>476348390</MenuId>
</xml>

2018-07-09 13:14:09 params :
------------
Array:
message : Array ;
module : basic ;
rule : 29 ;
priority : 0 ;
keyword : Array ;

2018-07-09 13:14:09 response :
------------
Array:
FromUserName : gh_94895cfd80a6 ;
ToUserName : o92jL0biPcnyeSQRw1FwHCI7h4go ;
MsgType : text ;
Content : 您好，欢迎关注赫章一小微信公众号！ ;

2018-07-09 13:14:20 trace :
------------
String:
<xml><ToUserName><![CDATA[gh_94895cfd80a6]]></ToUserName>
<FromUserName><![CDATA[o92jL0fuCiWYcOvA5PBlIvt46SHw]]></FromUserName>
<CreateTime>1531113260</CreateTime>
<MsgType><![CDATA[event]]></MsgType>
<Event><![CDATA[VIEW]]></Event>
<EventKey><![CDATA[http://www.gzqtbw.com/app/index.php?i=20&c=home&t=32]]></EventKey>
<MenuId>476348390</MenuId>
</xml>

2018-07-09 13:14:20 params :
------------
Array:
message : Array ;
module : basic ;
rule : 29 ;
priority : 0 ;
keyword : Array ;

2018-07-09 13:14:20 response :
------------
Array:
FromUserName : gh_94895cfd80a6 ;
ToUserName : o92jL0fuCiWYcOvA5PBlIvt46SHw ;
MsgType : text ;
Content : 您好，欢迎关注赫章一小微信公众号！ ;

2018-07-09 13:14:38 trace :
------------
String:
<xml><ToUserName><![CDATA[gh_94895cfd80a6]]></ToUserName>
<FromUserName><![CDATA[o92jL0biPcnyeSQRw1FwHCI7h4go]]></FromUserName>
<CreateTime>1531113278</CreateTime>
<MsgType><![CDATA[text]]></MsgType>
<Content><![CDATA[查询成绩]]></Content>
<MsgId>6576081455958725339</MsgId>
</xml>

2018-07-09 13:14:38 params :
------------
Array:
message : Array ;
module : basic ;
rule : 29 ;
priority : 0 ;
keyword : Array ;

2018-07-09 13:14:38 response :
------------
Array:
FromUserName : gh_94895cfd80a6 ;
ToUserName : o92jL0biPcnyeSQRw1FwHCI7h4go ;
MsgType : text ;
Content : 您好，欢迎关注赫章一小微信公众号！ ;

2018-07-09 13:14:55 trace :
------------
String:
<xml><ToUserName><![CDATA[gh_94895cfd80a6]]></ToUserName>
<FromUserName><![CDATA[o92jL0biPcnyeSQRw1FwHCI7h4go]]></FromUserName>
<CreateTime>1531113295</CreateTime>
<MsgType><![CDATA[text]]></MsgType>
<Content><![CDATA[查询成绩]]></Content>
<MsgId>6576081528973169377</MsgId>
</xml>

2018-07-09 13:14:55 params :
------------
Array:
message : Array ;
module : basic ;
rule : 29 ;
priority : 0 ;
keyword : Array ;

2018-07-09 13:14:55 response :
------------
Array:
FromUserName : gh_94895cfd80a6 ;
ToUserName : o92jL0biPcnyeSQRw1FwHCI7h4go ;
MsgType : text ;
Content : 您好，欢迎关注赫章一小微信公众号！ ;

2018-07-09 13:15:01 trace :
------------
String:
<xml><ToUserName><![CDATA[gh_94895cfd80a6]]></ToUserName>
<FromUserName><![CDATA[o92jL0biPcnyeSQRw1FwHCI7h4go]]></FromUserName>
<CreateTime>1531113301</CreateTime>
<MsgType><![CDATA[event]]></MsgType>
<Event><![CDATA[VIEW]]></Event>
<EventKey><![CDATA[http://www.gzqtbw.com/app/index.php?i=20&c=home&t=32]]></EventKey>
<MenuId>476348390</MenuId>
</xml>

2018-07-09 13:15:01 params :
------------
Array:
message : Array ;
module : basic ;
rule : 29 ;
priority : 0 ;
keyword : Array ;

2018-07-09 13:15:01 response :
------------
Array:
FromUserName : gh_94895cfd80a6 ;
ToUserName : o92jL0biPcnyeSQRw1FwHCI7h4go ;
MsgType : text ;
Content : 您好，欢迎关注赫章一小微信公众号！ ;

2018-07-09 13:16:07 trace :
------------
String:
<xml><ToUserName><![CDATA[gh_94895cfd80a6]]></ToUserName>
<FromUserName><![CDATA[o92jL0biPcnyeSQRw1FwHCI7h4go]]></FromUserName>
<CreateTime>1531113367</CreateTime>
<MsgType><![CDATA[event]]></MsgType>
<Event><![CDATA[VIEW]]></Event>
<EventKey><![CDATA[http://www.gzqtbw.com/app/index.php?i=20&c=home&t=32]]></EventKey>
<MenuId>476348390</MenuId>
</xml>

2018-07-09 13:16:07 params :
------------
Array:
message : Array ;
module : basic ;
rule : 29 ;
priority : 0 ;
keyword : Array ;

2018-07-09 13:16:07 response :
------------
Array:
FromUserName : gh_94895cfd80a6 ;
ToUserName : o92jL0biPcnyeSQRw1FwHCI7h4go ;
MsgType : text ;
Content : 您好，欢迎关注赫章一小微信公众号！ ;

2018-07-09 13:20:04 trace :
------------
String:
<xml><ToUserName><![CDATA[gh_94895cfd80a6]]></ToUserName>
<FromUserName><![CDATA[o92jL0Rkw1yiTprBMMs0agZxNMeM]]></FromUserName>
<CreateTime>1531113603</CreateTime>
<MsgType><![CDATA[event]]></MsgType>
<Event><![CDATA[subscribe]]></Event>
<EventKey><![CDATA[]]></EventKey>
</xml>

2018-07-09 13:20:04 params :
------------
Array:
message : Array ;
module : basic ;
rule : 29 ;
priority : 0 ;
keyword : Array ;

2018-07-09 13:20:04 response :
------------
Array:
FromUserName : gh_94895cfd80a6 ;
ToUserName : o92jL0Rkw1yiTprBMMs0agZxNMeM ;
MsgType : text ;
Content : 您好，欢迎关注赫章一小微信公众号！ ;

2018-07-09 13:20:08 trace :
------------
String:
<xml><ToUserName><![CDATA[gh_94895cfd80a6]]></ToUserName>
<FromUserName><![CDATA[o92jL0Rkw1yiTprBMMs0agZxNMeM]]></FromUserName>
<CreateTime>1531113608</CreateTime>
<MsgType><![CDATA[event]]></MsgType>
<Event><![CDATA[VIEW]]></Event>
<EventKey><![CDATA[http://www.gzqtbw.com/app/index.php?i=20&c=home&t=32]]></EventKey>
<MenuId>476348390</MenuId>
</xml>

2018-07-09 13:20:08 params :
------------
Array:
message : Array ;
module : basic ;
rule : 29 ;
priority : 0 ;
keyword : Array ;

2018-07-09 13:20:08 response :
------------
Array:
FromUserName : gh_94895cfd80a6 ;
ToUserName : o92jL0Rkw1yiTprBMMs0agZxNMeM ;
MsgType : text ;
Content : 您好，欢迎关注赫章一小微信公众号！ ;

2018-07-09 13:20:45 trace :
------------
String:
<xml><ToUserName><![CDATA[gh_94895cfd80a6]]></ToUserName>
<FromUserName><![CDATA[o92jL0Rkw1yiTprBMMs0agZxNMeM]]></FromUserName>
<CreateTime>1531113644</CreateTime>
<MsgType><![CDATA[text]]></MsgType>
<Content><![CDATA[我是一小小考的的学生，可以差分数吗？]]></Content>
<MsgId>6576083027916755745</MsgId>
</xml>

2018-07-09 13:20:45 params :
------------
Array:
message : Array ;
module : basic ;
rule : 29 ;
priority : 0 ;
keyword : Array ;

2018-07-09 13:20:45 response :
------------
Array:
FromUserName : gh_94895cfd80a6 ;
ToUserName : o92jL0Rkw1yiTprBMMs0agZxNMeM ;
MsgType : text ;
Content : 您好，欢迎关注赫章一小微信公众号！ ;

2018-07-09 13:20:55 trace :
------------
String:
<xml><ToUserName><![CDATA[gh_94895cfd80a6]]></ToUserName>
<FromUserName><![CDATA[o92jL0Rkw1yiTprBMMs0agZxNMeM]]></FromUserName>
<CreateTime>1531113655</CreateTime>
<MsgType><![CDATA[event]]></MsgType>
<Event><![CDATA[VIEW]]></Event>
<EventKey><![CDATA[http://www.gzqtbw.com/app/index.php?i=20&c=home&t=32]]></EventKey>
<MenuId>476348390</MenuId>
</xml>

2018-07-09 13:20:55 params :
------------
Array:
message : Array ;
module : basic ;
rule : 29 ;
priority : 0 ;
keyword : Array ;

2018-07-09 13:20:55 response :
------------
Array:
FromUserName : gh_94895cfd80a6 ;
ToUserName : o92jL0Rkw1yiTprBMMs0agZxNMeM ;
MsgType : text ;
Content : 您好，欢迎关注赫章一小微信公众号！ ;

2018-07-09 13:21:15 trace :
------------
String:
<xml><ToUserName><![CDATA[gh_94895cfd80a6]]></ToUserName>
<FromUserName><![CDATA[o92jL0Rkw1yiTprBMMs0agZxNMeM]]></FromUserName>
<CreateTime>1531113675</CreateTime>
<MsgType><![CDATA[event]]></MsgType>
<Event><![CDATA[VIEW]]></Event>
<EventKey><![CDATA[http://www.gzqtbw.com/app/index.php?i=20&c=home&t=32]]></EventKey>
<MenuId>476348390</MenuId>
</xml>

2018-07-09 13:21:15 params :
------------
Array:
message : Array ;
module : basic ;
rule : 29 ;
priority : 0 ;
keyword : Array ;

2018-07-09 13:21:15 response :
------------
Array:
FromUserName : gh_94895cfd80a6 ;
ToUserName : o92jL0Rkw1yiTprBMMs0agZxNMeM ;
MsgType : text ;
Content : 您好，欢迎关注赫章一小微信公众号！ ;

2018-07-09 13:21:32 trace :
------------
String:
<xml><ToUserName><![CDATA[gh_94895cfd80a6]]></ToUserName>
<FromUserName><![CDATA[o92jL0Rkw1yiTprBMMs0agZxNMeM]]></FromUserName>
<CreateTime>1531113691</CreateTime>
<MsgType><![CDATA[text]]></MsgType>
<Content><![CDATA[我是一小小考的的学生，可以差分数吗？]]></Content>
<MsgId>6576083229780218669</MsgId>
</xml>

2018-07-09 13:21:32 params :
------------
Array:
message : Array ;
module : basic ;
rule : 29 ;
priority : 0 ;
keyword : Array ;

2018-07-09 13:21:32 response :
------------
Array:
FromUserName : gh_94895cfd80a6 ;
ToUserName : o92jL0Rkw1yiTprBMMs0agZxNMeM ;
MsgType : text ;
Content : 您好，欢迎关注赫章一小微信公众号！ ;

2018-07-09 13:24:16 trace :
------------
String:
<xml><ToUserName><![CDATA[gh_94895cfd80a6]]></ToUserName>
<FromUserName><![CDATA[o92jL0Rkw1yiTprBMMs0agZxNMeM]]></FromUserName>
<CreateTime>1531113855</CreateTime>
<MsgType><![CDATA[text]]></MsgType>
<Content><![CDATA[在吗]]></Content>
<MsgId>6576083934154855235</MsgId>
</xml>

2018-07-09 13:24:16 params :
------------
Array:
message : Array ;
module : basic ;
rule : 29 ;
priority : 0 ;
keyword : Array ;

2018-07-09 13:24:16 response :
------------
Array:
FromUserName : gh_94895cfd80a6 ;
ToUserName : o92jL0Rkw1yiTprBMMs0agZxNMeM ;
MsgType : text ;
Content : 您好，欢迎关注赫章一小微信公众号！ ;

2018-07-09 13:24:23 trace :
------------
String:
<xml><ToUserName><![CDATA[gh_94895cfd80a6]]></ToUserName>
<FromUserName><![CDATA[o92jL0Rkw1yiTprBMMs0agZxNMeM]]></FromUserName>
<CreateTime>1531113863</CreateTime>
<MsgType><![CDATA[event]]></MsgType>
<Event><![CDATA[unsubscribe]]></Event>
<EventKey><![CDATA[]]></EventKey>
</xml>

2018-07-09 13:31:53 trace :
------------
String:
<xml><ToUserName><![CDATA[gh_94895cfd80a6]]></ToUserName>
<FromUserName><![CDATA[o92jL0Rkw1yiTprBMMs0agZxNMeM]]></FromUserName>
<CreateTime>1531114313</CreateTime>
<MsgType><![CDATA[event]]></MsgType>
<Event><![CDATA[subscribe]]></Event>
<EventKey><![CDATA[]]></EventKey>
</xml>

2018-07-09 13:31:53 params :
------------
Array:
message : Array ;
module : basic ;
rule : 29 ;
priority : 0 ;
keyword : Array ;

2018-07-09 13:31:53 response :
------------
Array:
FromUserName : gh_94895cfd80a6 ;
ToUserName : o92jL0Rkw1yiTprBMMs0agZxNMeM ;
MsgType : text ;
Content : 您好，欢迎关注赫章一小微信公众号！ ;

2018-07-09 13:32:01 trace :
------------
String:
<xml><ToUserName><![CDATA[gh_94895cfd80a6]]></ToUserName>
<FromUserName><![CDATA[o92jL0Rkw1yiTprBMMs0agZxNMeM]]></FromUserName>
<CreateTime>1531114321</CreateTime>
<MsgType><![CDATA[text]]></MsgType>
<Content><![CDATA[在吗]]></Content>
<MsgId>6576085935609615257</MsgId>
</xml>

2018-07-09 13:32:01 params :
------------
Array:
message : Array ;
module : basic ;
rule : 29 ;
priority : 0 ;
keyword : Array ;

2018-07-09 13:32:01 response :
------------
Array:
FromUserName : gh_94895cfd80a6 ;
ToUserName : o92jL0Rkw1yiTprBMMs0agZxNMeM ;
MsgType : text ;
Content : 您好，欢迎关注赫章一小微信公众号！ ;

2018-07-09 13:32:08 trace :
------------
String:
<xml><ToUserName><![CDATA[gh_94895cfd80a6]]></ToUserName>
<FromUserName><![CDATA[o92jL0Rkw1yiTprBMMs0agZxNMeM]]></FromUserName>
<CreateTime>1531114328</CreateTime>
<MsgType><![CDATA[text]]></MsgType>
<Content><![CDATA[好]]></Content>
<MsgId>6576085965674386332</MsgId>
</xml>

2018-07-09 13:32:08 params :
------------
Array:
message : Array ;
module : basic ;
rule : 29 ;
priority : 0 ;
keyword : Array ;

2018-07-09 13:32:08 response :
------------
Array:
FromUserName : gh_94895cfd80a6 ;
ToUserName : o92jL0Rkw1yiTprBMMs0agZxNMeM ;
MsgType : text ;
Content : 您好，欢迎关注赫章一小微信公众号！ ;

2018-07-09 13:32:36 trace :
------------
String:
<xml><ToUserName><![CDATA[gh_94895cfd80a6]]></ToUserName>
<FromUserName><![CDATA[o92jL0Rkw1yiTprBMMs0agZxNMeM]]></FromUserName>
<CreateTime>1531114355</CreateTime>
<MsgType><![CDATA[text]]></MsgType>
<Content><![CDATA[请问一下，小考分数曾么差]]></Content>
<MsgId>6576086081638503332</MsgId>
</xml>

2018-07-09 13:32:36 params :
------------
Array:
message : Array ;
module : basic ;
rule : 29 ;
priority : 0 ;
keyword : Array ;

2018-07-09 13:32:36 response :
------------
Array:
FromUserName : gh_94895cfd80a6 ;
ToUserName : o92jL0Rkw1yiTprBMMs0agZxNMeM ;
MsgType : text ;
Content : 您好，欢迎关注赫章一小微信公众号！ ;

2018-07-09 13:32:44 trace :
------------
String:
<xml><ToUserName><![CDATA[gh_94895cfd80a6]]></ToUserName>
<FromUserName><![CDATA[o92jL0Rkw1yiTprBMMs0agZxNMeM]]></FromUserName>
<CreateTime>1531114364</CreateTime>
<MsgType><![CDATA[event]]></MsgType>
<Event><![CDATA[unsubscribe]]></Event>
<EventKey><![CDATA[]]></EventKey>
</xml>

2018-07-09 13:46:43 trace :
------------
String:
<xml><ToUserName><![CDATA[gh_94895cfd80a6]]></ToUserName>
<FromUserName><![CDATA[o92jL0c6m6Y-Kkiikiuclox8-waE]]></FromUserName>
<CreateTime>1531115203</CreateTime>
<MsgType><![CDATA[event]]></MsgType>
<Event><![CDATA[subscribe]]></Event>
<EventKey><![CDATA[]]></EventKey>
</xml>

2018-07-09 13:46:43 params :
------------
Array:
message : Array ;
module : basic ;
rule : 29 ;
priority : 0 ;
keyword : Array ;

2018-07-09 13:46:43 response :
------------
Array:
FromUserName : gh_94895cfd80a6 ;
ToUserName : o92jL0c6m6Y-Kkiikiuclox8-waE ;
MsgType : text ;
Content : 您好，欢迎关注赫章一小微信公众号！ ;

2018-07-09 13:46:57 trace :
------------
String:
<xml><ToUserName><![CDATA[gh_94895cfd80a6]]></ToUserName>
<FromUserName><![CDATA[o92jL0c6m6Y-Kkiikiuclox8-waE]]></FromUserName>
<CreateTime>1531115217</CreateTime>
<MsgType><![CDATA[event]]></MsgType>
<Event><![CDATA[VIEW]]></Event>
<EventKey><![CDATA[http://www.gzqtbw.com/app/index.php?i=20&c=home&t=32]]></EventKey>
<MenuId>476348390</MenuId>
</xml>

2018-07-09 13:46:57 params :
------------
Array:
message : Array ;
module : basic ;
rule : 29 ;
priority : 0 ;
keyword : Array ;

2018-07-09 13:46:57 response :
------------
Array:
FromUserName : gh_94895cfd80a6 ;
ToUserName : o92jL0c6m6Y-Kkiikiuclox8-waE ;
MsgType : text ;
Content : 您好，欢迎关注赫章一小微信公众号！ ;

2018-07-09 13:50:40 trace :
------------
Array:
errno : -1 ;
message : 微信公众平台返回接口错误. 
错误代码为: 40005 
,错误描述为: appid 校验错误 ;

2018-07-09 13:50:40 waring :
------------
String:
Request Failed

2018-07-09 21:03:53 trace :
------------
String:
<xml><ToUserName><![CDATA[gh_94895cfd80a6]]></ToUserName>
<FromUserName><![CDATA[o92jL0biPcnyeSQRw1FwHCI7h4go]]></FromUserName>
<CreateTime>1531141433</CreateTime>
<MsgType><![CDATA[event]]></MsgType>
<Event><![CDATA[VIEW]]></Event>
<EventKey><![CDATA[http://www.gzqtbw.com/app/index.php?i=20&c=home&t=32]]></EventKey>
<MenuId>476348390</MenuId>
</xml>

2018-07-09 21:03:53 params :
------------
Array:
message : Array ;
module : basic ;
rule : 29 ;
priority : 0 ;
keyword : Array ;

2018-07-09 21:03:53 response :
------------
Array:
FromUserName : gh_94895cfd80a6 ;
ToUserName : o92jL0biPcnyeSQRw1FwHCI7h4go ;
MsgType : text ;
Content : 您好，欢迎关注赫章一小微信公众号！ ;

2018-07-09 21:03:55 trace :
------------
String:
<xml><ToUserName><![CDATA[gh_94895cfd80a6]]></ToUserName>
<FromUserName><![CDATA[o92jL0biPcnyeSQRw1FwHCI7h4go]]></FromUserName>
<CreateTime>1531141435</CreateTime>
<MsgType><![CDATA[event]]></MsgType>
<Event><![CDATA[VIEW]]></Event>
<EventKey><![CDATA[http://www.gzqtbw.com/app/index.php?i=20&c=home&t=32]]></EventKey>
<MenuId>476348390</MenuId>
</xml>

2018-07-09 21:03:55 params :
------------
Array:
message : Array ;
module : basic ;
rule : 29 ;
priority : 0 ;
keyword : Array ;

2018-07-09 21:03:55 response :
------------
Array:
FromUserName : gh_94895cfd80a6 ;
ToUserName : o92jL0biPcnyeSQRw1FwHCI7h4go ;
MsgType : text ;
Content : 您好，欢迎关注赫章一小微信公众号！ ;

