2018-03-28 12:04:19 trace :
------------
String:
<xml><ToUserName><![CDATA[gh_3280735b50d8]]></ToUserName>
<FromUserName><![CDATA[oyWTK1C5mD_IqtrakpgAWT41s8GE]]></FromUserName>
<CreateTime>1522209859</CreateTime>
<MsgType><![CDATA[event]]></MsgType>
<Event><![CDATA[subscribe]]></Event>
<EventKey><![CDATA[]]></EventKey>
</xml>

2018-03-28 12:04:19 params :
------------
Array:
message : Array ;
module : basic ;
rule : 11 ;
priority : 0 ;
keyword : Array ;

2018-03-28 12:04:19 response :
------------
Array:
FromUserName : gh_3280735b50d8 ;
ToUserName : oyWTK1C5mD_IqtrakpgAWT41s8GE ;
MsgType : text ;
Content : 欢迎关注黔满园荣贵微信公众号！ ;

2018-03-28 12:04:34 trace :
------------
String:
<xml><ToUserName><![CDATA[gh_3280735b50d8]]></ToUserName>
<FromUserName><![CDATA[oyWTK1C5mD_IqtrakpgAWT41s8GE]]></FromUserName>
<CreateTime>1522209874</CreateTime>
<MsgType><![CDATA[event]]></MsgType>
<Event><![CDATA[VIEW]]></Event>
<EventKey><![CDATA[http://www.gzqtbw.com/app/index.php?i=10&c=mc&a=card&do=sign_display&]]></EventKey>
<MenuId>427588424</MenuId>
</xml>

2018-03-28 12:04:34 params :
------------
Array:
message : Array ;
module : basic ;
rule : 11 ;
priority : 0 ;
keyword : Array ;

2018-03-28 12:04:34 response :
------------
Array:
FromUserName : gh_3280735b50d8 ;
ToUserName : oyWTK1C5mD_IqtrakpgAWT41s8GE ;
MsgType : text ;
Content : 欢迎关注黔满园荣贵微信公众号！ ;

2018-03-28 17:51:30 trace :
------------
String:
<xml><ToUserName><![CDATA[gh_387f2586a480]]></ToUserName>
<FromUserName><![CDATA[oHlBev-_OL74_tQdtxfqOZ0TzRw4]]></FromUserName>
<CreateTime>1522230690</CreateTime>
<MsgType><![CDATA[event]]></MsgType>
<Event><![CDATA[subscribe]]></Event>
<EventKey><![CDATA[]]></EventKey>
</xml>

2018-03-28 17:51:30 params :
------------
Array:
message : Array ;
module : basic ;
rule : 13 ;
priority : 0 ;
keyword : Array ;

2018-03-28 17:51:30 response :
------------
Array:
FromUserName : gh_387f2586a480 ;
ToUserName : oHlBev-_OL74_tQdtxfqOZ0TzRw4 ;
MsgType : text ;
Content : 欢迎关注李记梧桐人家微信公众号！ ;

2018-03-28 17:52:06 trace :
------------
String:
<xml><ToUserName><![CDATA[gh_387f2586a480]]></ToUserName>
<FromUserName><![CDATA[oHlBev-_OL74_tQdtxfqOZ0TzRw4]]></FromUserName>
<CreateTime>1522230726</CreateTime>
<MsgType><![CDATA[event]]></MsgType>
<Event><![CDATA[VIEW]]></Event>
<EventKey><![CDATA[http://www.gzqtbw.com/app/index.php?i=12&c=mc&a=bond&do=mycard&]]></EventKey>
<MenuId>602413748</MenuId>
</xml>

2018-03-28 17:52:06 params :
------------
Array:
message : Array ;
module : basic ;
rule : 13 ;
priority : 0 ;
keyword : Array ;

2018-03-28 17:52:06 response :
------------
Array:
FromUserName : gh_387f2586a480 ;
ToUserName : oHlBev-_OL74_tQdtxfqOZ0TzRw4 ;
MsgType : text ;
Content : 欢迎关注李记梧桐人家微信公众号！ ;

