2018-01-08 09:50:54 trace :
------------
String:
<xml><ToUserName><![CDATA[gh_3280735b50d8]]></ToUserName>
<FromUserName><![CDATA[oyWTK1ITOWB_d10tjkhDg0ge_gxo]]></FromUserName>
<CreateTime>1515376253</CreateTime>
<MsgType><![CDATA[event]]></MsgType>
<Event><![CDATA[VIEW]]></Event>
<EventKey><![CDATA[http://www.gzqtbw.com/app/index.php?i=10&c=home&t=12]]></EventKey>
<MenuId>427588424</MenuId>
</xml>

2018-01-08 09:50:54 params :
------------
Array:
message : Array ;
module : basic ;
rule : 11 ;
priority : 0 ;
keyword : Array ;

2018-01-08 09:50:54 response :
------------
Array:
FromUserName : gh_3280735b50d8 ;
ToUserName : oyWTK1ITOWB_d10tjkhDg0ge_gxo ;
MsgType : text ;
Content : 欢迎关注黔满园荣贵微信公众号！ ;

2018-01-08 13:50:19 trace :
------------
Array:
errno : -1 ;
message : 微信公众平台返回接口错误. 
错误代码为: 40005 
,错误描述为: appid 校验错误 ;

2018-01-08 13:50:19 waring :
------------
String:
Request Failed

2018-01-08 13:50:38 trace :
------------
Array:
errno : -1 ;
message : 微信公众平台返回接口错误. 
错误代码为: 40005 
,错误描述为: appid 校验错误 ;

2018-01-08 13:50:38 waring :
------------
String:
Request Failed

2018-01-08 13:50:57 trace :
------------
Array:
errno : -1 ;
message : 微信公众平台返回接口错误. 
错误代码为: 40005 
,错误描述为: appid 校验错误 ;

2018-01-08 13:50:57 waring :
------------
String:
Request Failed

2018-01-08 13:51:06 trace :
------------
Array:
errno : -1 ;
message : 微信公众平台返回接口错误. 
错误代码为: 40005 
,错误描述为: appid 校验错误 ;

2018-01-08 13:51:06 waring :
------------
String:
Request Failed

2018-01-08 19:44:57 trace :
------------
String:
<xml><ToUserName><![CDATA[gh_3280735b50d8]]></ToUserName>
<FromUserName><![CDATA[oyWTK1D9eyyB0ngt95URE--dKEe0]]></FromUserName>
<CreateTime>1515411896</CreateTime>
<MsgType><![CDATA[event]]></MsgType>
<Event><![CDATA[VIEW]]></Event>
<EventKey><![CDATA[http://www.gzqtbw.com/app/index.php?i=10&c=home&t=12]]></EventKey>
<MenuId>427588424</MenuId>
</xml>

2018-01-08 19:44:57 params :
------------
Array:
message : Array ;
module : basic ;
rule : 11 ;
priority : 0 ;
keyword : Array ;

2018-01-08 19:44:57 response :
------------
Array:
FromUserName : gh_3280735b50d8 ;
ToUserName : oyWTK1D9eyyB0ngt95URE--dKEe0 ;
MsgType : text ;
Content : 欢迎关注黔满园荣贵微信公众号！ ;

2018-01-08 19:45:04 trace :
------------
String:
<xml><ToUserName><![CDATA[gh_3280735b50d8]]></ToUserName>
<FromUserName><![CDATA[oyWTK1D9eyyB0ngt95URE--dKEe0]]></FromUserName>
<CreateTime>1515411903</CreateTime>
<MsgType><![CDATA[event]]></MsgType>
<Event><![CDATA[VIEW]]></Event>
<EventKey><![CDATA[http://www.gzqtbw.com/app/index.php?i=10&c=mc&a=card&do=sign_display&]]></EventKey>
<MenuId>427588424</MenuId>
</xml>

2018-01-08 19:45:04 params :
------------
Array:
message : Array ;
module : basic ;
rule : 11 ;
priority : 0 ;
keyword : Array ;

2018-01-08 19:45:04 response :
------------
Array:
FromUserName : gh_3280735b50d8 ;
ToUserName : oyWTK1D9eyyB0ngt95URE--dKEe0 ;
MsgType : text ;
Content : 欢迎关注黔满园荣贵微信公众号！ ;

2018-01-08 20:52:47 trace :
------------
String:
<xml><ToUserName><![CDATA[gh_07a7ab1e550f]]></ToUserName>
<FromUserName><![CDATA[oBqpn1eyVLsUCSqBiD8ZewmsYYOg]]></FromUserName>
<CreateTime>1515415966</CreateTime>
<MsgType><![CDATA[event]]></MsgType>
<Event><![CDATA[VIEW]]></Event>
<EventKey><![CDATA[http://www.gzqtbw.com/app/index.php?i=18&c=entry&do=shop&m=ewei_shop]]></EventKey>
<MenuId>442049859</MenuId>
</xml>

2018-01-08 20:52:47 params :
------------
Array:
message : Array ;
module : basic ;
rule : 20 ;
priority : 0 ;
keyword : Array ;

2018-01-08 20:52:47 response :
------------
Array:
FromUserName : gh_07a7ab1e550f ;
ToUserName : oBqpn1eyVLsUCSqBiD8ZewmsYYOg ;
MsgType : text ;
Content : 感谢关注贵州罗甸红心火龙果/爱心 ;

