2018-08-10 15:48:17 trace :
------------
String:
<xml><ToUserName><![CDATA[gh_3280735b50d8]]></ToUserName>
<FromUserName><![CDATA[oyWTK1KPwBCsrBvt8K5wHbCUWNv0]]></FromUserName>
<CreateTime>1533887297</CreateTime>
<MsgType><![CDATA[event]]></MsgType>
<Event><![CDATA[subscribe]]></Event>
<EventKey><![CDATA[]]></EventKey>
</xml>

2018-08-10 15:48:17 params :
------------
Array:
message : Array ;
module : basic ;
rule : 11 ;
priority : 0 ;
keyword : Array ;

2018-08-10 15:48:17 response :
------------
Array:
FromUserName : gh_3280735b50d8 ;
ToUserName : oyWTK1KPwBCsrBvt8K5wHbCUWNv0 ;
MsgType : text ;
Content : 欢迎关注黔满园荣贵微信公众号！ ;

2018-08-10 15:48:24 trace :
------------
String:
<xml><ToUserName><![CDATA[gh_3280735b50d8]]></ToUserName>
<FromUserName><![CDATA[oyWTK1KPwBCsrBvt8K5wHbCUWNv0]]></FromUserName>
<CreateTime>1533887304</CreateTime>
<MsgType><![CDATA[event]]></MsgType>
<Event><![CDATA[VIEW]]></Event>
<EventKey><![CDATA[http://www.gzqtbw.com/app/index.php?i=10&c=mc&a=card&do=sign_display&]]></EventKey>
<MenuId>427588424</MenuId>
</xml>

2018-08-10 15:48:24 params :
------------
Array:
message : Array ;
module : basic ;
rule : 11 ;
priority : 0 ;
keyword : Array ;

2018-08-10 15:48:24 response :
------------
Array:
FromUserName : gh_3280735b50d8 ;
ToUserName : oyWTK1KPwBCsrBvt8K5wHbCUWNv0 ;
MsgType : text ;
Content : 欢迎关注黔满园荣贵微信公众号！ ;

2018-08-10 17:29:02 trace :
------------
String:
<xml><ToUserName><![CDATA[gh_a9b445bf4f73]]></ToUserName>
<FromUserName><![CDATA[oaQb9waUZggcMhxOfTnK7gAQ3HGs]]></FromUserName>
<CreateTime>1533893342</CreateTime>
<MsgType><![CDATA[event]]></MsgType>
<Event><![CDATA[VIEW]]></Event>
<EventKey><![CDATA[http://mb.gzqtbw.com]]></EventKey>
<MenuId>424172745</MenuId>
</xml>

2018-08-10 17:29:02 params :
------------
Array:
message : Array ;
module : basic ;
rule : 16 ;
priority : 0 ;
keyword : Array ;

2018-08-10 17:29:02 response :
------------
Array:
FromUserName : gh_a9b445bf4f73 ;
ToUserName : oaQb9waUZggcMhxOfTnK7gAQ3HGs ;
MsgType : text ;
Content : 欢迎关注贵州博达云科技发展有限公司！ ;

2018-08-10 17:35:12 trace :
------------
String:
<xml><ToUserName><![CDATA[gh_a9b445bf4f73]]></ToUserName>
<FromUserName><![CDATA[oaQb9waUZggcMhxOfTnK7gAQ3HGs]]></FromUserName>
<CreateTime>1533893712</CreateTime>
<MsgType><![CDATA[event]]></MsgType>
<Event><![CDATA[VIEW]]></Event>
<EventKey><![CDATA[http://mb.gzqtbw.com]]></EventKey>
<MenuId>424172745</MenuId>
</xml>

2018-08-10 17:35:12 params :
------------
Array:
message : Array ;
module : basic ;
rule : 16 ;
priority : 0 ;
keyword : Array ;

2018-08-10 17:35:12 response :
------------
Array:
FromUserName : gh_a9b445bf4f73 ;
ToUserName : oaQb9waUZggcMhxOfTnK7gAQ3HGs ;
MsgType : text ;
Content : 欢迎关注贵州博达云科技发展有限公司！ ;

2018-08-10 22:21:19 trace :
------------
String:
<xml><ToUserName><![CDATA[gh_07a7ab1e550f]]></ToUserName>
<FromUserName><![CDATA[oBqpn1YkMTlGnywNIenAPHYfbCDs]]></FromUserName>
<CreateTime>1533910879</CreateTime>
<MsgType><![CDATA[event]]></MsgType>
<Event><![CDATA[unsubscribe]]></Event>
<EventKey><![CDATA[]]></EventKey>
</xml>

