2018-03-18 05:54:44 trace :
------------
String:
<xml><ToUserName><![CDATA[gh_28e767424b83]]></ToUserName>
<FromUserName><![CDATA[oaJVu0VXNnZRskHMwadEy8ddelKk]]></FromUserName>
<CreateTime>1521323684</CreateTime>
<MsgType><![CDATA[event]]></MsgType>
<Event><![CDATA[VIEW]]></Event>
<EventKey><![CDATA[http://www.gzqtbw.com/app/index.php?i=19&c=site&a=site&do=detail&id=55]]></EventKey>
<MenuId>442837782</MenuId>
</xml>

2018-03-18 05:54:44 params :
------------
Array:
message : Array ;
module : basic ;
rule : 27 ;
priority : 0 ;
keyword : Array ;

2018-03-18 05:54:44 response :
------------
Array:
FromUserName : gh_28e767424b83 ;
ToUserName : oaJVu0VXNnZRskHMwadEy8ddelKk ;
MsgType : text ;
Content : 各位宗亲，大家好！欢迎关注贵州若木商贸公众号！ ;

2018-03-18 14:52:36 trace :
------------
Array:
errno : -1 ;
message : 微信公众平台返回接口错误. 
错误代码为: 40005 
,错误描述为: appid 校验错误 ;

2018-03-18 14:52:36 waring :
------------
String:
Request Failed

2018-03-18 14:53:10 trace :
------------
Array:
errno : -1 ;
message : 微信公众平台返回接口错误. 
错误代码为: 40005 
,错误描述为: appid 校验错误 ;

2018-03-18 14:53:10 waring :
------------
String:
Request Failed

2018-03-18 14:54:28 trace :
------------
Array:
errno : -1 ;
message : 微信公众平台返回接口错误. 
错误代码为: 40005 
,错误描述为: appid 校验错误 ;

2018-03-18 14:54:28 waring :
------------
String:
Request Failed

2018-03-18 20:17:46 trace :
------------
Array:
errno : -1 ;
message : 微信公众平台返回接口错误. 
错误代码为: 40005 
,错误描述为: appid 校验错误 ;

2018-03-18 20:17:46 waring :
------------
String:
Request Failed

2018-03-18 20:17:56 trace :
------------
Array:
errno : -1 ;
message : 微信公众平台返回接口错误. 
错误代码为: 40005 
,错误描述为: appid 校验错误 ;

2018-03-18 20:17:56 waring :
------------
String:
Request Failed

2018-03-18 21:20:41 trace :
------------
Array:
errno : -1 ;
message : 微信公众平台返回接口错误. 
错误代码为: 40005 
,错误描述为: appid 校验错误 ;

2018-03-18 21:20:41 waring :
------------
String:
Request Failed

2018-03-18 23:13:44 trace :
------------
String:
<xml><ToUserName><![CDATA[gh_07a7ab1e550f]]></ToUserName>
<FromUserName><![CDATA[oBqpn1aR3cLOWqKVuDhDvHmXfPBM]]></FromUserName>
<CreateTime>1521386023</CreateTime>
<MsgType><![CDATA[event]]></MsgType>
<Event><![CDATA[subscribe]]></Event>
<EventKey><![CDATA[]]></EventKey>
</xml>

2018-03-18 23:13:44 params :
------------
Array:
message : Array ;
module : basic ;
rule : 20 ;
priority : 0 ;
keyword : Array ;

2018-03-18 23:13:44 response :
------------
Array:
FromUserName : gh_07a7ab1e550f ;
ToUserName : oBqpn1aR3cLOWqKVuDhDvHmXfPBM ;
MsgType : text ;
Content : 感谢关注贵州罗甸红心火龙果/爱心 ;

