2018-07-07 01:20:11 trace :
------------
String:
<xml><ToUserName><![CDATA[gh_387f2586a480]]></ToUserName>
<FromUserName><![CDATA[oHlBev6PKtbECTfunwAznJwL2LVQ]]></FromUserName>
<CreateTime>1530897611</CreateTime>
<MsgType><![CDATA[event]]></MsgType>
<Event><![CDATA[VIEW]]></Event>
<EventKey><![CDATA[http://www.gzqtbw.com/app/index.php?i=12&c=site&a=site&do=detail&id=10]]></EventKey>
<MenuId>602413748</MenuId>
</xml>

2018-07-07 01:20:11 params :
------------
Array:
message : Array ;
module : basic ;
rule : 13 ;
priority : 0 ;
keyword : Array ;

2018-07-07 01:20:11 response :
------------
Array:
FromUserName : gh_387f2586a480 ;
ToUserName : oHlBev6PKtbECTfunwAznJwL2LVQ ;
MsgType : text ;
Content : 欢迎关注李记梧桐人家微信公众号！ ;

2018-07-07 11:50:57 trace :
------------
String:
<xml><ToUserName><![CDATA[gh_07a7ab1e550f]]></ToUserName>
<FromUserName><![CDATA[oBqpn1bccCr0JB_ieaiTXdKLp2E4]]></FromUserName>
<CreateTime>1530935457</CreateTime>
<MsgType><![CDATA[event]]></MsgType>
<Event><![CDATA[VIEW]]></Event>
<EventKey><![CDATA[http://www.gzqtbw.com/app/index.php?i=18&c=entry&do=shop&m=ewei_shop]]></EventKey>
<MenuId>442049859</MenuId>
</xml>

2018-07-07 11:50:57 params :
------------
Array:
message : Array ;
module : basic ;
rule : 20 ;
priority : 0 ;
keyword : Array ;

2018-07-07 11:50:57 response :
------------
Array:
FromUserName : gh_07a7ab1e550f ;
ToUserName : oBqpn1bccCr0JB_ieaiTXdKLp2E4 ;
MsgType : text ;
Content : 感谢关注贵州罗甸红心火龙果/爱心 ;

