2018-04-05 11:52:18 trace :
------------
Array:
errno : -1 ;
message : 微信公众平台返回接口错误. 
错误代码为: 40005 
,错误描述为: appid 校验错误 ;

2018-04-05 11:52:18 waring :
------------
String:
Request Failed

2018-04-05 13:09:48 trace :
------------
String:
<xml><ToUserName><![CDATA[gh_387f2586a480]]></ToUserName>
<FromUserName><![CDATA[oHlBev2dHe7n1w6kZ1q3C5WRDVBU]]></FromUserName>
<CreateTime>1522904988</CreateTime>
<MsgType><![CDATA[event]]></MsgType>
<Event><![CDATA[subscribe]]></Event>
<EventKey><![CDATA[]]></EventKey>
</xml>

2018-04-05 13:09:48 params :
------------
Array:
message : Array ;
module : basic ;
rule : 13 ;
priority : 0 ;
keyword : Array ;

2018-04-05 13:09:48 response :
------------
Array:
FromUserName : gh_387f2586a480 ;
ToUserName : oHlBev2dHe7n1w6kZ1q3C5WRDVBU ;
MsgType : text ;
Content : 欢迎关注李记梧桐人家微信公众号！ ;

2018-04-05 13:09:51 trace :
------------
String:
<xml><ToUserName><![CDATA[gh_387f2586a480]]></ToUserName>
<FromUserName><![CDATA[oHlBev2dHe7n1w6kZ1q3C5WRDVBU]]></FromUserName>
<CreateTime>1522904990</CreateTime>
<MsgType><![CDATA[event]]></MsgType>
<Event><![CDATA[VIEW]]></Event>
<EventKey><![CDATA[http://www.gzqtbw.com/app/index.php?i=12&c=home&t=15]]></EventKey>
<MenuId>602413748</MenuId>
</xml>

2018-04-05 13:09:51 params :
------------
Array:
message : Array ;
module : basic ;
rule : 13 ;
priority : 0 ;
keyword : Array ;

2018-04-05 13:09:51 response :
------------
Array:
FromUserName : gh_387f2586a480 ;
ToUserName : oHlBev2dHe7n1w6kZ1q3C5WRDVBU ;
MsgType : text ;
Content : 欢迎关注李记梧桐人家微信公众号！ ;

2018-04-05 13:09:56 trace :
------------
String:
<xml><ToUserName><![CDATA[gh_387f2586a480]]></ToUserName>
<FromUserName><![CDATA[oHlBev2dHe7n1w6kZ1q3C5WRDVBU]]></FromUserName>
<CreateTime>1522904995</CreateTime>
<MsgType><![CDATA[event]]></MsgType>
<Event><![CDATA[VIEW]]></Event>
<EventKey><![CDATA[http://www.gzqtbw.com/app/index.php?i=12&c=home&t=15]]></EventKey>
<MenuId>602413748</MenuId>
</xml>

2018-04-05 13:09:56 params :
------------
Array:
message : Array ;
module : basic ;
rule : 13 ;
priority : 0 ;
keyword : Array ;

2018-04-05 13:09:56 response :
------------
Array:
FromUserName : gh_387f2586a480 ;
ToUserName : oHlBev2dHe7n1w6kZ1q3C5WRDVBU ;
MsgType : text ;
Content : 欢迎关注李记梧桐人家微信公众号！ ;

2018-04-05 13:09:59 trace :
------------
String:
<xml><ToUserName><![CDATA[gh_387f2586a480]]></ToUserName>
<FromUserName><![CDATA[oHlBev2dHe7n1w6kZ1q3C5WRDVBU]]></FromUserName>
<CreateTime>1522904999</CreateTime>
<MsgType><![CDATA[event]]></MsgType>
<Event><![CDATA[VIEW]]></Event>
<EventKey><![CDATA[http://www.gzqtbw.com/app/index.php?i=12&c=site&a=site&do=detail&id=10]]></EventKey>
<MenuId>602413748</MenuId>
</xml>

2018-04-05 13:09:59 params :
------------
Array:
message : Array ;
module : basic ;
rule : 13 ;
priority : 0 ;
keyword : Array ;

2018-04-05 13:09:59 response :
------------
Array:
FromUserName : gh_387f2586a480 ;
ToUserName : oHlBev2dHe7n1w6kZ1q3C5WRDVBU ;
MsgType : text ;
Content : 欢迎关注李记梧桐人家微信公众号！ ;

2018-04-05 17:00:01 trace :
------------
Array:
errno : -1 ;
message : 微信公众平台返回接口错误. 
错误代码为: 40005 
,错误描述为: appid 校验错误 ;

2018-04-05 17:00:01 waring :
------------
String:
Request Failed

