2018-04-29 01:34:07 trace :
------------
Array:
errno : -1 ;
message : 微信公众平台返回接口错误. 
错误代码为: 40005 
,错误描述为: appid 校验错误 ;

2018-04-29 01:34:07 waring :
------------
String:
Request Failed

2018-04-29 10:27:23 trace :
------------
String:
<xml><ToUserName><![CDATA[gh_07a7ab1e550f]]></ToUserName>
<FromUserName><![CDATA[oBqpn1XrRXwVXpv2YdtBhkVTrUzY]]></FromUserName>
<CreateTime>1524968843</CreateTime>
<MsgType><![CDATA[event]]></MsgType>
<Event><![CDATA[VIEW]]></Event>
<EventKey><![CDATA[http://www.gzqtbw.com/app/index.php?i=18&c=entry&do=shop&m=ewei_shop]]></EventKey>
<MenuId>442049859</MenuId>
</xml>

2018-04-29 10:27:23 params :
------------
Array:
message : Array ;
module : basic ;
rule : 20 ;
priority : 0 ;
keyword : Array ;

2018-04-29 10:27:23 response :
------------
Array:
FromUserName : gh_07a7ab1e550f ;
ToUserName : oBqpn1XrRXwVXpv2YdtBhkVTrUzY ;
MsgType : text ;
Content : 感谢关注贵州罗甸红心火龙果/爱心 ;

2018-04-29 16:26:44 trace :
------------
String:
<xml><ToUserName><![CDATA[gh_3280735b50d8]]></ToUserName>
<FromUserName><![CDATA[oyWTK1J1NH7S0tviIkPvpBZRwGYg]]></FromUserName>
<CreateTime>1524990403</CreateTime>
<MsgType><![CDATA[event]]></MsgType>
<Event><![CDATA[subscribe]]></Event>
<EventKey><![CDATA[]]></EventKey>
</xml>

2018-04-29 16:26:44 params :
------------
Array:
message : Array ;
module : basic ;
rule : 11 ;
priority : 0 ;
keyword : Array ;

2018-04-29 16:26:44 response :
------------
Array:
FromUserName : gh_3280735b50d8 ;
ToUserName : oyWTK1J1NH7S0tviIkPvpBZRwGYg ;
MsgType : text ;
Content : 欢迎关注黔满园荣贵微信公众号！ ;

2018-04-29 16:26:47 trace :
------------
String:
<xml><ToUserName><![CDATA[gh_3280735b50d8]]></ToUserName>
<FromUserName><![CDATA[oyWTK1J1NH7S0tviIkPvpBZRwGYg]]></FromUserName>
<CreateTime>1524990407</CreateTime>
<MsgType><![CDATA[event]]></MsgType>
<Event><![CDATA[VIEW]]></Event>
<EventKey><![CDATA[http://www.gzqtbw.com/app/index.php?i=10&c=mc&a=card&do=sign_display&]]></EventKey>
<MenuId>427588424</MenuId>
</xml>

2018-04-29 16:26:47 params :
------------
Array:
message : Array ;
module : basic ;
rule : 11 ;
priority : 0 ;
keyword : Array ;

2018-04-29 16:26:47 response :
------------
Array:
FromUserName : gh_3280735b50d8 ;
ToUserName : oyWTK1J1NH7S0tviIkPvpBZRwGYg ;
MsgType : text ;
Content : 欢迎关注黔满园荣贵微信公众号！ ;

2018-04-29 16:27:06 trace :
------------
String:
<xml><ToUserName><![CDATA[gh_3280735b50d8]]></ToUserName>
<FromUserName><![CDATA[oyWTK1J1NH7S0tviIkPvpBZRwGYg]]></FromUserName>
<CreateTime>1524990426</CreateTime>
<MsgType><![CDATA[event]]></MsgType>
<Event><![CDATA[VIEW]]></Event>
<EventKey><![CDATA[http://www.gzqtbw.com/app/index.php?i=10&c=home&t=12]]></EventKey>
<MenuId>427588424</MenuId>
</xml>

2018-04-29 16:27:06 params :
------------
Array:
message : Array ;
module : basic ;
rule : 11 ;
priority : 0 ;
keyword : Array ;

2018-04-29 16:27:06 response :
------------
Array:
FromUserName : gh_3280735b50d8 ;
ToUserName : oyWTK1J1NH7S0tviIkPvpBZRwGYg ;
MsgType : text ;
Content : 欢迎关注黔满园荣贵微信公众号！ ;

2018-04-29 19:47:01 trace :
------------
Array:
errno : -1 ;
message : 微信公众平台返回接口错误. 
错误代码为: 40005 
,错误描述为: appid 校验错误 ;

2018-04-29 19:47:01 waring :
------------
String:
Request Failed

