2018-05-15 07:19:39 trace :
------------
String:
<xml><ToUserName><![CDATA[gh_94895cfd80a6]]></ToUserName>
<FromUserName><![CDATA[o92jL0YaYvKPvBv6zhupmk3tyoqU]]></FromUserName>
<CreateTime>1526339978</CreateTime>
<MsgType><![CDATA[event]]></MsgType>
<Event><![CDATA[VIEW]]></Event>
<EventKey><![CDATA[http://www.gzqtbw.com/app/index.php?i=20&c=home&t=32]]></EventKey>
<MenuId>476348390</MenuId>
</xml>

2018-05-15 07:19:39 params :
------------
Array:
message : Array ;
module : basic ;
rule : 29 ;
priority : 0 ;
keyword : Array ;

2018-05-15 07:19:39 response :
------------
Array:
FromUserName : gh_94895cfd80a6 ;
ToUserName : o92jL0YaYvKPvBv6zhupmk3tyoqU ;
MsgType : text ;
Content : 您好，欢迎关注赫章一小微信公众号！ ;

2018-05-15 09:17:53 trace :
------------
String:
<xml><ToUserName><![CDATA[gh_a9b445bf4f73]]></ToUserName>
<FromUserName><![CDATA[oaQb9wZViteXF8_FYy0UYnvMiE7o]]></FromUserName>
<CreateTime>1526347072</CreateTime>
<MsgType><![CDATA[event]]></MsgType>
<Event><![CDATA[VIEW]]></Event>
<EventKey><![CDATA[http://mb.gzqtbw.com]]></EventKey>
<MenuId>424172745</MenuId>
</xml>

2018-05-15 09:17:53 params :
------------
Array:
message : Array ;
module : basic ;
rule : 16 ;
priority : 0 ;
keyword : Array ;

2018-05-15 09:17:53 response :
------------
Array:
FromUserName : gh_a9b445bf4f73 ;
ToUserName : oaQb9wZViteXF8_FYy0UYnvMiE7o ;
MsgType : text ;
Content : 欢迎关注贵州博达云科技发展有限公司！ ;

2018-05-15 09:34:58 trace :
------------
String:
<xml><ToUserName><![CDATA[gh_94895cfd80a6]]></ToUserName>
<FromUserName><![CDATA[o92jL0VC2PEXLu1tcwoW4_BQJQ64]]></FromUserName>
<CreateTime>1526348097</CreateTime>
<MsgType><![CDATA[event]]></MsgType>
<Event><![CDATA[VIEW]]></Event>
<EventKey><![CDATA[http://www.gzqtbw.com/app/index.php?i=20&c=home&t=32]]></EventKey>
<MenuId>476348390</MenuId>
</xml>

2018-05-15 09:34:58 params :
------------
Array:
message : Array ;
module : basic ;
rule : 29 ;
priority : 0 ;
keyword : Array ;

2018-05-15 09:34:58 response :
------------
Array:
FromUserName : gh_94895cfd80a6 ;
ToUserName : o92jL0VC2PEXLu1tcwoW4_BQJQ64 ;
MsgType : text ;
Content : 您好，欢迎关注赫章一小微信公众号！ ;

2018-05-15 09:36:14 trace :
------------
String:
<xml><ToUserName><![CDATA[gh_94895cfd80a6]]></ToUserName>
<FromUserName><![CDATA[o92jL0VC2PEXLu1tcwoW4_BQJQ64]]></FromUserName>
<CreateTime>1526348174</CreateTime>
<MsgType><![CDATA[event]]></MsgType>
<Event><![CDATA[VIEW]]></Event>
<EventKey><![CDATA[http://www.gzqtbw.com/app/index.php?i=20&c=home&t=32]]></EventKey>
<MenuId>476348390</MenuId>
</xml>

2018-05-15 09:36:14 params :
------------
Array:
message : Array ;
module : basic ;
rule : 29 ;
priority : 0 ;
keyword : Array ;

2018-05-15 09:36:14 response :
------------
Array:
FromUserName : gh_94895cfd80a6 ;
ToUserName : o92jL0VC2PEXLu1tcwoW4_BQJQ64 ;
MsgType : text ;
Content : 您好，欢迎关注赫章一小微信公众号！ ;

2018-05-15 09:46:14 trace :
------------
String:
<xml><ToUserName><![CDATA[gh_94895cfd80a6]]></ToUserName>
<FromUserName><![CDATA[o92jL0VC2PEXLu1tcwoW4_BQJQ64]]></FromUserName>
<CreateTime>1526348774</CreateTime>
<MsgType><![CDATA[event]]></MsgType>
<Event><![CDATA[VIEW]]></Event>
<EventKey><![CDATA[http://www.gzqtbw.com/app/index.php?i=20&c=home&t=32]]></EventKey>
<MenuId>476348390</MenuId>
</xml>

2018-05-15 09:46:14 params :
------------
Array:
message : Array ;
module : basic ;
rule : 29 ;
priority : 0 ;
keyword : Array ;

2018-05-15 09:46:14 response :
------------
Array:
FromUserName : gh_94895cfd80a6 ;
ToUserName : o92jL0VC2PEXLu1tcwoW4_BQJQ64 ;
MsgType : text ;
Content : 您好，欢迎关注赫章一小微信公众号！ ;

2018-05-15 12:25:17 trace :
------------
String:
<xml><ToUserName><![CDATA[gh_a9b445bf4f73]]></ToUserName>
<FromUserName><![CDATA[oaQb9wXrw7fQFLf1q7oz0P5dVpo8]]></FromUserName>
<CreateTime>1526358316</CreateTime>
<MsgType><![CDATA[event]]></MsgType>
<Event><![CDATA[VIEW]]></Event>
<EventKey><![CDATA[http://mb.gzqtbw.com]]></EventKey>
<MenuId>424172745</MenuId>
</xml>

2018-05-15 12:25:17 params :
------------
Array:
message : Array ;
module : basic ;
rule : 16 ;
priority : 0 ;
keyword : Array ;

2018-05-15 12:25:17 response :
------------
Array:
FromUserName : gh_a9b445bf4f73 ;
ToUserName : oaQb9wXrw7fQFLf1q7oz0P5dVpo8 ;
MsgType : text ;
Content : 欢迎关注贵州博达云科技发展有限公司！ ;

2018-05-15 12:29:34 trace :
------------
String:
<xml><ToUserName><![CDATA[gh_a9b445bf4f73]]></ToUserName>
<FromUserName><![CDATA[oaQb9wT-ac5F3hz8_FipJEBm-sQk]]></FromUserName>
<CreateTime>1526358573</CreateTime>
<MsgType><![CDATA[event]]></MsgType>
<Event><![CDATA[VIEW]]></Event>
<EventKey><![CDATA[http://mb.gzqtbw.com]]></EventKey>
<MenuId>424172745</MenuId>
</xml>

2018-05-15 12:29:34 params :
------------
Array:
message : Array ;
module : basic ;
rule : 16 ;
priority : 0 ;
keyword : Array ;

2018-05-15 12:29:34 response :
------------
Array:
FromUserName : gh_a9b445bf4f73 ;
ToUserName : oaQb9wT-ac5F3hz8_FipJEBm-sQk ;
MsgType : text ;
Content : 欢迎关注贵州博达云科技发展有限公司！ ;

2018-05-15 12:35:38 trace :
------------
String:
<xml><ToUserName><![CDATA[gh_94895cfd80a6]]></ToUserName>
<FromUserName><![CDATA[o92jL0YaYvKPvBv6zhupmk3tyoqU]]></FromUserName>
<CreateTime>1526358938</CreateTime>
<MsgType><![CDATA[event]]></MsgType>
<Event><![CDATA[VIEW]]></Event>
<EventKey><![CDATA[http://www.gzqtbw.com/app/index.php?i=20&c=home&t=32]]></EventKey>
<MenuId>476348390</MenuId>
</xml>

2018-05-15 12:35:38 params :
------------
Array:
message : Array ;
module : basic ;
rule : 29 ;
priority : 0 ;
keyword : Array ;

2018-05-15 12:35:38 response :
------------
Array:
FromUserName : gh_94895cfd80a6 ;
ToUserName : o92jL0YaYvKPvBv6zhupmk3tyoqU ;
MsgType : text ;
Content : 您好，欢迎关注赫章一小微信公众号！ ;

2018-05-15 13:24:16 trace :
------------
String:
<xml><ToUserName><![CDATA[gh_a9b445bf4f73]]></ToUserName>
<FromUserName><![CDATA[oaQb9wT-ac5F3hz8_FipJEBm-sQk]]></FromUserName>
<CreateTime>1526361855</CreateTime>
<MsgType><![CDATA[event]]></MsgType>
<Event><![CDATA[VIEW]]></Event>
<EventKey><![CDATA[http://mb.gzqtbw.com]]></EventKey>
<MenuId>424172745</MenuId>
</xml>

2018-05-15 13:24:16 params :
------------
Array:
message : Array ;
module : basic ;
rule : 16 ;
priority : 0 ;
keyword : Array ;

2018-05-15 13:24:16 response :
------------
Array:
FromUserName : gh_a9b445bf4f73 ;
ToUserName : oaQb9wT-ac5F3hz8_FipJEBm-sQk ;
MsgType : text ;
Content : 欢迎关注贵州博达云科技发展有限公司！ ;

2018-05-15 15:24:53 trace :
------------
String:
<xml><ToUserName><![CDATA[gh_94895cfd80a6]]></ToUserName>
<FromUserName><![CDATA[o92jL0SPq-un3jq7dHEqVIFqHA-g]]></FromUserName>
<CreateTime>1526369092</CreateTime>
<MsgType><![CDATA[event]]></MsgType>
<Event><![CDATA[VIEW]]></Event>
<EventKey><![CDATA[http://www.gzqtbw.com/app/index.php?i=20&c=home&t=32]]></EventKey>
<MenuId>476348390</MenuId>
</xml>

2018-05-15 15:24:53 params :
------------
Array:
message : Array ;
module : basic ;
rule : 29 ;
priority : 0 ;
keyword : Array ;

2018-05-15 15:24:53 response :
------------
Array:
FromUserName : gh_94895cfd80a6 ;
ToUserName : o92jL0SPq-un3jq7dHEqVIFqHA-g ;
MsgType : text ;
Content : 您好，欢迎关注赫章一小微信公众号！ ;

2018-05-15 16:15:19 trace :
------------
String:
<xml><ToUserName><![CDATA[gh_07a7ab1e550f]]></ToUserName>
<FromUserName><![CDATA[oBqpn1ce5RCMt8wW8o7q5UpujIkY]]></FromUserName>
<CreateTime>1526372118</CreateTime>
<MsgType><![CDATA[event]]></MsgType>
<Event><![CDATA[unsubscribe]]></Event>
<EventKey><![CDATA[]]></EventKey>
</xml>

2018-05-15 16:18:34 trace :
------------
String:
<xml><ToUserName><![CDATA[gh_387f2586a480]]></ToUserName>
<FromUserName><![CDATA[oHlBev6wDwbE1UlTz7lWe7bPPzcU]]></FromUserName>
<CreateTime>1526372314</CreateTime>
<MsgType><![CDATA[event]]></MsgType>
<Event><![CDATA[VIEW]]></Event>
<EventKey><![CDATA[http://www.gzqtbw.com/app/index.php?i=12&c=home&t=15]]></EventKey>
<MenuId>602413748</MenuId>
</xml>

2018-05-15 16:18:34 params :
------------
Array:
message : Array ;
module : basic ;
rule : 13 ;
priority : 0 ;
keyword : Array ;

2018-05-15 16:18:34 response :
------------
Array:
FromUserName : gh_387f2586a480 ;
ToUserName : oHlBev6wDwbE1UlTz7lWe7bPPzcU ;
MsgType : text ;
Content : 欢迎关注李记梧桐人家微信公众号！ ;

2018-05-15 16:21:10 trace :
------------
String:
<xml><ToUserName><![CDATA[gh_387f2586a480]]></ToUserName>
<FromUserName><![CDATA[oHlBev6oRRq72p3PxJ4N6ArddHdo]]></FromUserName>
<CreateTime>1526372469</CreateTime>
<MsgType><![CDATA[event]]></MsgType>
<Event><![CDATA[subscribe]]></Event>
<EventKey><![CDATA[]]></EventKey>
</xml>

2018-05-15 16:21:10 params :
------------
Array:
message : Array ;
module : basic ;
rule : 13 ;
priority : 0 ;
keyword : Array ;

2018-05-15 16:21:10 response :
------------
Array:
FromUserName : gh_387f2586a480 ;
ToUserName : oHlBev6oRRq72p3PxJ4N6ArddHdo ;
MsgType : text ;
Content : 欢迎关注李记梧桐人家微信公众号！ ;

2018-05-15 16:21:16 trace :
------------
String:
<xml><ToUserName><![CDATA[gh_387f2586a480]]></ToUserName>
<FromUserName><![CDATA[oHlBev6oRRq72p3PxJ4N6ArddHdo]]></FromUserName>
<CreateTime>1526372476</CreateTime>
<MsgType><![CDATA[event]]></MsgType>
<Event><![CDATA[VIEW]]></Event>
<EventKey><![CDATA[http://www.gzqtbw.com/app/index.php?i=12&c=site&a=site&do=detail&id=10]]></EventKey>
<MenuId>602413748</MenuId>
</xml>

2018-05-15 16:21:16 params :
------------
Array:
message : Array ;
module : basic ;
rule : 13 ;
priority : 0 ;
keyword : Array ;

2018-05-15 16:21:16 response :
------------
Array:
FromUserName : gh_387f2586a480 ;
ToUserName : oHlBev6oRRq72p3PxJ4N6ArddHdo ;
MsgType : text ;
Content : 欢迎关注李记梧桐人家微信公众号！ ;

2018-05-15 18:40:57 trace :
------------
String:
<xml><ToUserName><![CDATA[gh_a9b445bf4f73]]></ToUserName>
<FromUserName><![CDATA[oaQb9wZViteXF8_FYy0UYnvMiE7o]]></FromUserName>
<CreateTime>1526380856</CreateTime>
<MsgType><![CDATA[event]]></MsgType>
<Event><![CDATA[VIEW]]></Event>
<EventKey><![CDATA[http://mb.gzqtbw.com]]></EventKey>
<MenuId>424172745</MenuId>
</xml>

2018-05-15 18:40:57 params :
------------
Array:
message : Array ;
module : basic ;
rule : 16 ;
priority : 0 ;
keyword : Array ;

2018-05-15 18:40:57 response :
------------
Array:
FromUserName : gh_a9b445bf4f73 ;
ToUserName : oaQb9wZViteXF8_FYy0UYnvMiE7o ;
MsgType : text ;
Content : 欢迎关注贵州博达云科技发展有限公司！ ;

2018-05-15 18:41:15 trace :
------------
String:
<xml><ToUserName><![CDATA[gh_a9b445bf4f73]]></ToUserName>
<FromUserName><![CDATA[oaQb9wZViteXF8_FYy0UYnvMiE7o]]></FromUserName>
<CreateTime>1526380874</CreateTime>
<MsgType><![CDATA[event]]></MsgType>
<Event><![CDATA[VIEW]]></Event>
<EventKey><![CDATA[http://mb.gzqtbw.com]]></EventKey>
<MenuId>424172745</MenuId>
</xml>

2018-05-15 18:41:15 params :
------------
Array:
message : Array ;
module : basic ;
rule : 16 ;
priority : 0 ;
keyword : Array ;

2018-05-15 18:41:15 response :
------------
Array:
FromUserName : gh_a9b445bf4f73 ;
ToUserName : oaQb9wZViteXF8_FYy0UYnvMiE7o ;
MsgType : text ;
Content : 欢迎关注贵州博达云科技发展有限公司！ ;

2018-05-15 20:59:40 trace :
------------
String:
<xml><ToUserName><![CDATA[gh_a9b445bf4f73]]></ToUserName>
<FromUserName><![CDATA[oaQb9wZViteXF8_FYy0UYnvMiE7o]]></FromUserName>
<CreateTime>1526389179</CreateTime>
<MsgType><![CDATA[event]]></MsgType>
<Event><![CDATA[VIEW]]></Event>
<EventKey><![CDATA[http://mb.gzqtbw.com]]></EventKey>
<MenuId>424172745</MenuId>
</xml>

2018-05-15 20:59:40 params :
------------
Array:
message : Array ;
module : basic ;
rule : 16 ;
priority : 0 ;
keyword : Array ;

2018-05-15 20:59:40 response :
------------
Array:
FromUserName : gh_a9b445bf4f73 ;
ToUserName : oaQb9wZViteXF8_FYy0UYnvMiE7o ;
MsgType : text ;
Content : 欢迎关注贵州博达云科技发展有限公司！ ;

2018-05-15 21:29:03 trace :
------------
String:
<xml><ToUserName><![CDATA[gh_94895cfd80a6]]></ToUserName>
<FromUserName><![CDATA[o92jL0VpzLwF8DfgEazROVRCjFpI]]></FromUserName>
<CreateTime>1526390942</CreateTime>
<MsgType><![CDATA[event]]></MsgType>
<Event><![CDATA[subscribe]]></Event>
<EventKey><![CDATA[]]></EventKey>
</xml>

2018-05-15 21:29:03 params :
------------
Array:
message : Array ;
module : basic ;
rule : 29 ;
priority : 0 ;
keyword : Array ;

2018-05-15 21:29:03 response :
------------
Array:
FromUserName : gh_94895cfd80a6 ;
ToUserName : o92jL0VpzLwF8DfgEazROVRCjFpI ;
MsgType : text ;
Content : 您好，欢迎关注赫章一小微信公众号！ ;

2018-05-15 21:31:46 trace :
------------
String:
<xml><ToUserName><![CDATA[gh_94895cfd80a6]]></ToUserName>
<FromUserName><![CDATA[o92jL0VpzLwF8DfgEazROVRCjFpI]]></FromUserName>
<CreateTime>1526391105</CreateTime>
<MsgType><![CDATA[event]]></MsgType>
<Event><![CDATA[VIEW]]></Event>
<EventKey><![CDATA[http://www.gzqtbw.com/app/index.php?i=20&c=home&t=32]]></EventKey>
<MenuId>476348390</MenuId>
</xml>

2018-05-15 21:31:46 params :
------------
Array:
message : Array ;
module : basic ;
rule : 29 ;
priority : 0 ;
keyword : Array ;

2018-05-15 21:31:46 response :
------------
Array:
FromUserName : gh_94895cfd80a6 ;
ToUserName : o92jL0VpzLwF8DfgEazROVRCjFpI ;
MsgType : text ;
Content : 您好，欢迎关注赫章一小微信公众号！ ;

