2018-04-24 09:12:31 trace :
------------
String:
<xml><ToUserName><![CDATA[gh_07a7ab1e550f]]></ToUserName>
<FromUserName><![CDATA[oBqpn1T7k83Cbu9xb0583RLiwOvM]]></FromUserName>
<CreateTime>1524532350</CreateTime>
<MsgType><![CDATA[event]]></MsgType>
<Event><![CDATA[subscribe]]></Event>
<EventKey><![CDATA[]]></EventKey>
</xml>

2018-04-24 09:12:31 params :
------------
Array:
message : Array ;
module : basic ;
rule : 20 ;
priority : 0 ;
keyword : Array ;

2018-04-24 09:12:31 response :
------------
Array:
FromUserName : gh_07a7ab1e550f ;
ToUserName : oBqpn1T7k83Cbu9xb0583RLiwOvM ;
MsgType : text ;
Content : 感谢关注贵州罗甸红心火龙果/爱心 ;

2018-04-24 15:25:13 trace :
------------
String:
<xml><ToUserName><![CDATA[gh_387f2586a480]]></ToUserName>
<FromUserName><![CDATA[oHlBev5ykWySwtgLhpUBWCfBHuGE]]></FromUserName>
<CreateTime>1524554713</CreateTime>
<MsgType><![CDATA[event]]></MsgType>
<Event><![CDATA[unsubscribe]]></Event>
<EventKey><![CDATA[]]></EventKey>
</xml>

2018-04-24 22:34:10 trace :
------------
Array:
errno : -1 ;
message : 微信公众平台返回接口错误. 
错误代码为: 40005 
,错误描述为: appid 校验错误 ;

2018-04-24 22:34:10 waring :
------------
String:
Request Failed

