2018-05-21 06:30:25 trace :
------------
String:
<xml><ToUserName><![CDATA[gh_3280735b50d8]]></ToUserName>
<FromUserName><![CDATA[oyWTK1NUzTKPXf36sB_FRxKmDLqI]]></FromUserName>
<CreateTime>1526855425</CreateTime>
<MsgType><![CDATA[event]]></MsgType>
<Event><![CDATA[MASSSENDJOBFINISH]]></Event>
<MsgID>1000000029</MsgID>
<Status><![CDATA[send success]]></Status>
<TotalCount>182</TotalCount>
<FilterCount>182</FilterCount>
<SentCount>182</SentCount>
<ErrorCount>0</ErrorCount>
<CopyrightCheckResult><Count>0</Count>
<ResultList></ResultList>
<CheckState>0</CheckState>
</CopyrightCheckResult>
</xml>

2018-05-21 06:30:25 params :
------------
Array:
message : Array ;
module : basic ;
rule : 11 ;
priority : 0 ;
keyword : Array ;

2018-05-21 06:30:25 response :
------------
Array:
FromUserName : gh_3280735b50d8 ;
ToUserName : oyWTK1NUzTKPXf36sB_FRxKmDLqI ;
MsgType : text ;
Content : 欢迎关注黔满园荣贵微信公众号！ ;

2018-05-21 10:22:23 trace :
------------
String:
<xml><ToUserName><![CDATA[gh_a9b445bf4f73]]></ToUserName>
<FromUserName><![CDATA[oaQb9wZViteXF8_FYy0UYnvMiE7o]]></FromUserName>
<CreateTime>1526869343</CreateTime>
<MsgType><![CDATA[event]]></MsgType>
<Event><![CDATA[VIEW]]></Event>
<EventKey><![CDATA[http://mb.gzqtbw.com]]></EventKey>
<MenuId>424172745</MenuId>
</xml>

2018-05-21 10:22:23 params :
------------
Array:
message : Array ;
module : basic ;
rule : 16 ;
priority : 0 ;
keyword : Array ;

2018-05-21 10:22:23 response :
------------
Array:
FromUserName : gh_a9b445bf4f73 ;
ToUserName : oaQb9wZViteXF8_FYy0UYnvMiE7o ;
MsgType : text ;
Content : 欢迎关注贵州博达云科技发展有限公司！ ;

2018-05-21 13:07:10 trace :
------------
String:
<xml><ToUserName><![CDATA[gh_94895cfd80a6]]></ToUserName>
<FromUserName><![CDATA[o92jL0SPq-un3jq7dHEqVIFqHA-g]]></FromUserName>
<CreateTime>1526879230</CreateTime>
<MsgType><![CDATA[event]]></MsgType>
<Event><![CDATA[VIEW]]></Event>
<EventKey><![CDATA[http://www.gzqtbw.com/app/index.php?i=20&c=home&t=32]]></EventKey>
<MenuId>476348390</MenuId>
</xml>

2018-05-21 13:07:11 params :
------------
Array:
message : Array ;
module : basic ;
rule : 29 ;
priority : 0 ;
keyword : Array ;

2018-05-21 13:07:11 response :
------------
Array:
FromUserName : gh_94895cfd80a6 ;
ToUserName : o92jL0SPq-un3jq7dHEqVIFqHA-g ;
MsgType : text ;
Content : 您好，欢迎关注赫章一小微信公众号！ ;

2018-05-21 14:30:42 trace :
------------
String:
<xml><ToUserName><![CDATA[gh_3280735b50d8]]></ToUserName>
<FromUserName><![CDATA[oyWTK1IrexEX4kKilx_UHHbinPzc]]></FromUserName>
<CreateTime>1526884242</CreateTime>
<MsgType><![CDATA[event]]></MsgType>
<Event><![CDATA[unsubscribe]]></Event>
<EventKey><![CDATA[]]></EventKey>
</xml>

2018-05-21 15:46:32 trace :
------------
String:
<xml><ToUserName><![CDATA[gh_387f2586a480]]></ToUserName>
<FromUserName><![CDATA[oHlBev6oRRq72p3PxJ4N6ArddHdo]]></FromUserName>
<CreateTime>1526888792</CreateTime>
<MsgType><![CDATA[event]]></MsgType>
<Event><![CDATA[unsubscribe]]></Event>
<EventKey><![CDATA[]]></EventKey>
</xml>

