2018-07-24 19:23:57 trace :
------------
String:
<xml><ToUserName><![CDATA[gh_387f2586a480]]></ToUserName>
<FromUserName><![CDATA[oHlBev0kXY1O_Gh68W_ix59pwL2s]]></FromUserName>
<CreateTime>1532431437</CreateTime>
<MsgType><![CDATA[event]]></MsgType>
<Event><![CDATA[subscribe]]></Event>
<EventKey><![CDATA[]]></EventKey>
</xml>

2018-07-24 19:23:57 params :
------------
Array:
message : Array ;
module : basic ;
rule : 13 ;
priority : 0 ;
keyword : Array ;

2018-07-24 19:23:57 response :
------------
Array:
FromUserName : gh_387f2586a480 ;
ToUserName : oHlBev0kXY1O_Gh68W_ix59pwL2s ;
MsgType : text ;
Content : 欢迎关注李记梧桐人家微信公众号！ ;

2018-07-24 19:24:04 trace :
------------
String:
<xml><ToUserName><![CDATA[gh_387f2586a480]]></ToUserName>
<FromUserName><![CDATA[oHlBev0kXY1O_Gh68W_ix59pwL2s]]></FromUserName>
<CreateTime>1532431444</CreateTime>
<MsgType><![CDATA[event]]></MsgType>
<Event><![CDATA[VIEW]]></Event>
<EventKey><![CDATA[http://www.gzqtbw.com/app/index.php?i=12&c=site&a=site&do=detail&id=10]]></EventKey>
<MenuId>602413748</MenuId>
</xml>

2018-07-24 19:24:04 params :
------------
Array:
message : Array ;
module : basic ;
rule : 13 ;
priority : 0 ;
keyword : Array ;

2018-07-24 19:24:04 response :
------------
Array:
FromUserName : gh_387f2586a480 ;
ToUserName : oHlBev0kXY1O_Gh68W_ix59pwL2s ;
MsgType : text ;
Content : 欢迎关注李记梧桐人家微信公众号！ ;

2018-07-24 19:24:10 trace :
------------
String:
<xml><ToUserName><![CDATA[gh_387f2586a480]]></ToUserName>
<FromUserName><![CDATA[oHlBev0kXY1O_Gh68W_ix59pwL2s]]></FromUserName>
<CreateTime>1532431450</CreateTime>
<MsgType><![CDATA[event]]></MsgType>
<Event><![CDATA[VIEW]]></Event>
<EventKey><![CDATA[http://www.gzqtbw.com/app/index.php?i=12&c=site&a=site&do=detail&id=11]]></EventKey>
<MenuId>602413748</MenuId>
</xml>

2018-07-24 19:24:10 params :
------------
Array:
message : Array ;
module : basic ;
rule : 13 ;
priority : 0 ;
keyword : Array ;

2018-07-24 19:24:10 response :
------------
Array:
FromUserName : gh_387f2586a480 ;
ToUserName : oHlBev0kXY1O_Gh68W_ix59pwL2s ;
MsgType : text ;
Content : 欢迎关注李记梧桐人家微信公众号！ ;

2018-07-24 19:24:13 trace :
------------
String:
<xml><ToUserName><![CDATA[gh_387f2586a480]]></ToUserName>
<FromUserName><![CDATA[oHlBev0kXY1O_Gh68W_ix59pwL2s]]></FromUserName>
<CreateTime>1532431453</CreateTime>
<MsgType><![CDATA[event]]></MsgType>
<Event><![CDATA[VIEW]]></Event>
<EventKey><![CDATA[http://www.gzqtbw.com/app/index.php?i=12&c=home&t=15]]></EventKey>
<MenuId>602413748</MenuId>
</xml>

2018-07-24 19:24:13 params :
------------
Array:
message : Array ;
module : basic ;
rule : 13 ;
priority : 0 ;
keyword : Array ;

2018-07-24 19:24:13 response :
------------
Array:
FromUserName : gh_387f2586a480 ;
ToUserName : oHlBev0kXY1O_Gh68W_ix59pwL2s ;
MsgType : text ;
Content : 欢迎关注李记梧桐人家微信公众号！ ;

2018-07-24 19:25:05 trace :
------------
String:
<xml><ToUserName><![CDATA[gh_387f2586a480]]></ToUserName>
<FromUserName><![CDATA[oHlBev0kXY1O_Gh68W_ix59pwL2s]]></FromUserName>
<CreateTime>1532431505</CreateTime>
<MsgType><![CDATA[event]]></MsgType>
<Event><![CDATA[unsubscribe]]></Event>
<EventKey><![CDATA[]]></EventKey>
</xml>

