2018-01-10 10:33:17 trace :
------------
String:
<xml><ToUserName><![CDATA[gh_387f2586a480]]></ToUserName>
<FromUserName><![CDATA[oHlBev8sS0rsiROxAqu4CysIUbjs]]></FromUserName>
<CreateTime>1515551596</CreateTime>
<MsgType><![CDATA[event]]></MsgType>
<Event><![CDATA[unsubscribe]]></Event>
<EventKey><![CDATA[]]></EventKey>
</xml>

2018-01-10 11:46:46 trace :
------------
Array:
errno : -1 ;
message : 微信公众平台返回接口错误. 
错误代码为: 40005 
,错误描述为: appid 校验错误 ;

2018-01-10 11:46:46 waring :
------------
String:
Request Failed

2018-01-10 11:46:51 trace :
------------
Array:
errno : -1 ;
message : 微信公众平台返回接口错误. 
错误代码为: 40005 
,错误描述为: appid 校验错误 ;

2018-01-10 11:46:51 waring :
------------
String:
Request Failed

2018-01-10 11:46:58 trace :
------------
Array:
errno : -1 ;
message : 微信公众平台返回接口错误. 
错误代码为: 40005 
,错误描述为: appid 校验错误 ;

2018-01-10 11:46:58 waring :
------------
String:
Request Failed

2018-01-10 11:47:06 trace :
------------
Array:
errno : -1 ;
message : 微信公众平台返回接口错误. 
错误代码为: 40005 
,错误描述为: appid 校验错误 ;

2018-01-10 11:47:06 waring :
------------
String:
Request Failed

2018-01-10 11:47:37 trace :
------------
Array:
errno : -1 ;
message : 微信公众平台返回接口错误. 
错误代码为: 40005 
,错误描述为: appid 校验错误 ;

2018-01-10 11:47:37 waring :
------------
String:
Request Failed

2018-01-10 11:47:41 trace :
------------
Array:
errno : -1 ;
message : 微信公众平台返回接口错误. 
错误代码为: 40005 
,错误描述为: appid 校验错误 ;

2018-01-10 11:47:41 waring :
------------
String:
Request Failed

2018-01-10 17:38:10 trace :
------------
Array:
errno : -1 ;
message : 微信公众平台返回接口错误. 
错误代码为: 40005 
,错误描述为: appid 校验错误 ;

2018-01-10 17:38:10 waring :
------------
String:
Request Failed

2018-01-10 18:29:22 trace :
------------
String:
<xml><ToUserName><![CDATA[gh_387f2586a480]]></ToUserName>
<FromUserName><![CDATA[oHlBev2jfc0PP6LaB_ZEGM3ee0UE]]></FromUserName>
<CreateTime>1515580162</CreateTime>
<MsgType><![CDATA[event]]></MsgType>
<Event><![CDATA[subscribe]]></Event>
<EventKey><![CDATA[]]></EventKey>
</xml>

2018-01-10 18:29:22 params :
------------
Array:
message : Array ;
module : basic ;
rule : 13 ;
priority : 0 ;
keyword : Array ;

2018-01-10 18:29:22 response :
------------
Array:
FromUserName : gh_387f2586a480 ;
ToUserName : oHlBev2jfc0PP6LaB_ZEGM3ee0UE ;
MsgType : text ;
Content : 欢迎关注李记梧桐人家微信公众号！ ;

2018-01-10 21:55:05 trace :
------------
String:
<xml><ToUserName><![CDATA[gh_387f2586a480]]></ToUserName>
<FromUserName><![CDATA[oHlBev2jfc0PP6LaB_ZEGM3ee0UE]]></FromUserName>
<CreateTime>1515592504</CreateTime>
<MsgType><![CDATA[event]]></MsgType>
<Event><![CDATA[VIEW]]></Event>
<EventKey><![CDATA[http://www.gzqtbw.com/app/index.php?i=12&c=home&t=15]]></EventKey>
<MenuId>602413748</MenuId>
</xml>

2018-01-10 21:55:05 params :
------------
Array:
message : Array ;
module : basic ;
rule : 13 ;
priority : 0 ;
keyword : Array ;

2018-01-10 21:55:05 response :
------------
Array:
FromUserName : gh_387f2586a480 ;
ToUserName : oHlBev2jfc0PP6LaB_ZEGM3ee0UE ;
MsgType : text ;
Content : 欢迎关注李记梧桐人家微信公众号！ ;

2018-01-10 21:55:15 trace :
------------
String:
<xml><ToUserName><![CDATA[gh_387f2586a480]]></ToUserName>
<FromUserName><![CDATA[oHlBev2jfc0PP6LaB_ZEGM3ee0UE]]></FromUserName>
<CreateTime>1515592514</CreateTime>
<MsgType><![CDATA[event]]></MsgType>
<Event><![CDATA[VIEW]]></Event>
<EventKey><![CDATA[http://www.gzqtbw.com/app/index.php?i=12&c=site&a=site&do=detail&id=10]]></EventKey>
<MenuId>602413748</MenuId>
</xml>

2018-01-10 21:55:15 params :
------------
Array:
message : Array ;
module : basic ;
rule : 13 ;
priority : 0 ;
keyword : Array ;

2018-01-10 21:55:15 response :
------------
Array:
FromUserName : gh_387f2586a480 ;
ToUserName : oHlBev2jfc0PP6LaB_ZEGM3ee0UE ;
MsgType : text ;
Content : 欢迎关注李记梧桐人家微信公众号！ ;

2018-01-10 21:55:26 trace :
------------
String:
<xml><ToUserName><![CDATA[gh_387f2586a480]]></ToUserName>
<FromUserName><![CDATA[oHlBev2jfc0PP6LaB_ZEGM3ee0UE]]></FromUserName>
<CreateTime>1515592525</CreateTime>
<MsgType><![CDATA[event]]></MsgType>
<Event><![CDATA[unsubscribe]]></Event>
<EventKey><![CDATA[]]></EventKey>
</xml>

2018-01-10 22:39:41 trace :
------------
String:
<xml><ToUserName><![CDATA[gh_07a7ab1e550f]]></ToUserName>
<FromUserName><![CDATA[oBqpn1SzRls9GHqpHBGC_xb8PWAA]]></FromUserName>
<CreateTime>1515595181</CreateTime>
<MsgType><![CDATA[event]]></MsgType>
<Event><![CDATA[subscribe]]></Event>
<EventKey><![CDATA[]]></EventKey>
</xml>

2018-01-10 22:39:41 params :
------------
Array:
message : Array ;
module : basic ;
rule : 20 ;
priority : 0 ;
keyword : Array ;

2018-01-10 22:39:41 response :
------------
Array:
FromUserName : gh_07a7ab1e550f ;
ToUserName : oBqpn1SzRls9GHqpHBGC_xb8PWAA ;
MsgType : text ;
Content : 感谢关注贵州罗甸红心火龙果/爱心 ;

2018-01-10 22:40:09 trace :
------------
String:
<xml><ToUserName><![CDATA[gh_07a7ab1e550f]]></ToUserName>
<FromUserName><![CDATA[oBqpn1SzRls9GHqpHBGC_xb8PWAA]]></FromUserName>
<CreateTime>1515595208</CreateTime>
<MsgType><![CDATA[event]]></MsgType>
<Event><![CDATA[VIEW]]></Event>
<EventKey><![CDATA[http://www.gzqtbw.com/app/index.php?i=18&c=entry&do=shop&m=ewei_shop]]></EventKey>
<MenuId>442049859</MenuId>
</xml>

2018-01-10 22:40:09 params :
------------
Array:
message : Array ;
module : basic ;
rule : 20 ;
priority : 0 ;
keyword : Array ;

2018-01-10 22:40:09 response :
------------
Array:
FromUserName : gh_07a7ab1e550f ;
ToUserName : oBqpn1SzRls9GHqpHBGC_xb8PWAA ;
MsgType : text ;
Content : 感谢关注贵州罗甸红心火龙果/爱心 ;

2018-01-10 22:51:28 trace :
------------
String:
<xml><ToUserName><![CDATA[gh_07a7ab1e550f]]></ToUserName>
<FromUserName><![CDATA[oBqpn1SzRls9GHqpHBGC_xb8PWAA]]></FromUserName>
<CreateTime>1515595887</CreateTime>
<MsgType><![CDATA[event]]></MsgType>
<Event><![CDATA[VIEW]]></Event>
<EventKey><![CDATA[http://www.gzqtbw.com/app/index.php?i=18&c=entry&do=shop&m=ewei_shop]]></EventKey>
<MenuId>442049859</MenuId>
</xml>

2018-01-10 22:51:28 params :
------------
Array:
message : Array ;
module : basic ;
rule : 20 ;
priority : 0 ;
keyword : Array ;

2018-01-10 22:51:28 response :
------------
Array:
FromUserName : gh_07a7ab1e550f ;
ToUserName : oBqpn1SzRls9GHqpHBGC_xb8PWAA ;
MsgType : text ;
Content : 感谢关注贵州罗甸红心火龙果/爱心 ;

