2018-02-15 13:53:07 trace :
------------
String:
<xml><ToUserName><![CDATA[gh_387f2586a480]]></ToUserName>
<FromUserName><![CDATA[oHlBev1X-2hkd9Rjq60IoEiVH0mA]]></FromUserName>
<CreateTime>1518673986</CreateTime>
<MsgType><![CDATA[event]]></MsgType>
<Event><![CDATA[VIEW]]></Event>
<EventKey><![CDATA[http://www.gzqtbw.com/app/index.php?i=12&c=home&t=15]]></EventKey>
<MenuId>602413748</MenuId>
</xml>

2018-02-15 13:53:07 params :
------------
Array:
message : Array ;
module : basic ;
rule : 13 ;
priority : 0 ;
keyword : Array ;

2018-02-15 13:53:07 response :
------------
Array:
FromUserName : gh_387f2586a480 ;
ToUserName : oHlBev1X-2hkd9Rjq60IoEiVH0mA ;
MsgType : text ;
Content : 欢迎关注李记梧桐人家微信公众号！ ;

2018-02-15 13:53:16 trace :
------------
String:
<xml><ToUserName><![CDATA[gh_387f2586a480]]></ToUserName>
<FromUserName><![CDATA[oHlBev1X-2hkd9Rjq60IoEiVH0mA]]></FromUserName>
<CreateTime>1518673995</CreateTime>
<MsgType><![CDATA[event]]></MsgType>
<Event><![CDATA[VIEW]]></Event>
<EventKey><![CDATA[http://www.gzqtbw.com/app/index.php?i=12&c=home&t=15]]></EventKey>
<MenuId>602413748</MenuId>
</xml>

2018-02-15 13:53:16 params :
------------
Array:
message : Array ;
module : basic ;
rule : 13 ;
priority : 0 ;
keyword : Array ;

2018-02-15 13:53:16 response :
------------
Array:
FromUserName : gh_387f2586a480 ;
ToUserName : oHlBev1X-2hkd9Rjq60IoEiVH0mA ;
MsgType : text ;
Content : 欢迎关注李记梧桐人家微信公众号！ ;

