2018-03-15 11:41:54 trace :
------------
String:
<xml><ToUserName><![CDATA[gh_07a7ab1e550f]]></ToUserName>
<FromUserName><![CDATA[oBqpn1SGpCaxgiNm3PJAmWlwRpQE]]></FromUserName>
<CreateTime>1521085314</CreateTime>
<MsgType><![CDATA[event]]></MsgType>
<Event><![CDATA[subscribe]]></Event>
<EventKey><![CDATA[]]></EventKey>
</xml>

2018-03-15 11:41:54 params :
------------
Array:
message : Array ;
module : basic ;
rule : 20 ;
priority : 0 ;
keyword : Array ;

2018-03-15 11:41:54 response :
------------
Array:
FromUserName : gh_07a7ab1e550f ;
ToUserName : oBqpn1SGpCaxgiNm3PJAmWlwRpQE ;
MsgType : text ;
Content : 感谢关注贵州罗甸红心火龙果/爱心 ;

2018-03-15 11:41:57 trace :
------------
String:
<xml><ToUserName><![CDATA[gh_07a7ab1e550f]]></ToUserName>
<FromUserName><![CDATA[oBqpn1SGpCaxgiNm3PJAmWlwRpQE]]></FromUserName>
<CreateTime>1521085316</CreateTime>
<MsgType><![CDATA[event]]></MsgType>
<Event><![CDATA[VIEW]]></Event>
<EventKey><![CDATA[http://www.gzqtbw.com/app/index.php?i=18&c=entry&do=shop&m=ewei_shop]]></EventKey>
<MenuId>442049859</MenuId>
</xml>

2018-03-15 11:41:57 params :
------------
Array:
message : Array ;
module : basic ;
rule : 20 ;
priority : 0 ;
keyword : Array ;

2018-03-15 11:41:57 response :
------------
Array:
FromUserName : gh_07a7ab1e550f ;
ToUserName : oBqpn1SGpCaxgiNm3PJAmWlwRpQE ;
MsgType : text ;
Content : 感谢关注贵州罗甸红心火龙果/爱心 ;

2018-03-15 11:50:01 trace :
------------
String:
<xml><ToUserName><![CDATA[gh_a9b445bf4f73]]></ToUserName>
<FromUserName><![CDATA[oaQb9wVwwh2rYNmVBjWdM5aRM5FI]]></FromUserName>
<CreateTime>1521085801</CreateTime>
<MsgType><![CDATA[event]]></MsgType>
<Event><![CDATA[subscribe]]></Event>
<EventKey><![CDATA[]]></EventKey>
</xml>

2018-03-15 11:50:01 params :
------------
Array:
message : Array ;
module : basic ;
rule : 16 ;
priority : 0 ;
keyword : Array ;

2018-03-15 11:50:01 response :
------------
Array:
FromUserName : gh_a9b445bf4f73 ;
ToUserName : oaQb9wVwwh2rYNmVBjWdM5aRM5FI ;
MsgType : text ;
Content : 欢迎关注贵州博达云科技发展有限公司！ ;

