2018-09-09 01:27:56 trace :
------------
String:
<xml><ToUserName><![CDATA[gh_387f2586a480]]></ToUserName>
<FromUserName><![CDATA[oHlBevx86ImW137xvo_enQ6zYhyc]]></FromUserName>
<CreateTime>1536427676</CreateTime>
<MsgType><![CDATA[event]]></MsgType>
<Event><![CDATA[subscribe]]></Event>
<EventKey><![CDATA[]]></EventKey>
</xml>

2018-09-09 01:27:56 params :
------------
Array:
message : Array ;
module : basic ;
rule : 13 ;
priority : 0 ;
keyword : Array ;

2018-09-09 01:27:56 response :
------------
Array:
FromUserName : gh_387f2586a480 ;
ToUserName : oHlBevx86ImW137xvo_enQ6zYhyc ;
MsgType : text ;
Content : 欢迎关注李记梧桐人家微信公众号！ ;

2018-09-09 01:28:01 trace :
------------
String:
<xml><ToUserName><![CDATA[gh_387f2586a480]]></ToUserName>
<FromUserName><![CDATA[oHlBevx86ImW137xvo_enQ6zYhyc]]></FromUserName>
<CreateTime>1536427681</CreateTime>
<MsgType><![CDATA[event]]></MsgType>
<Event><![CDATA[VIEW]]></Event>
<EventKey><![CDATA[http://www.gzqtbw.com/app/index.php?i=12&c=site&a=site&do=detail&id=10]]></EventKey>
<MenuId>602413748</MenuId>
</xml>

2018-09-09 01:28:01 params :
------------
Array:
message : Array ;
module : basic ;
rule : 13 ;
priority : 0 ;
keyword : Array ;

2018-09-09 01:28:01 response :
------------
Array:
FromUserName : gh_387f2586a480 ;
ToUserName : oHlBevx86ImW137xvo_enQ6zYhyc ;
MsgType : text ;
Content : 欢迎关注李记梧桐人家微信公众号！ ;

2018-09-09 12:08:10 trace :
------------
Array:
errno : -1 ;
message : 微信公众平台返回接口错误. 
错误代码为: 40005 
,错误描述为: appid 校验错误 ;

2018-09-09 12:08:10 waring :
------------
String:
Request Failed

2018-09-09 12:08:15 trace :
------------
Array:
errno : -1 ;
message : 微信公众平台返回接口错误. 
错误代码为: 40005 
,错误描述为: appid 校验错误 ;

2018-09-09 12:08:15 waring :
------------
String:
Request Failed

