2018-01-04 08:53:44 trace :
------------
Array:
errno : -1 ;
message : 微信公众平台返回接口错误. 
错误代码为: 40005 
,错误描述为: appid 校验错误 ;

2018-01-04 08:53:44 waring :
------------
String:
Request Failed

2018-01-04 11:57:35 trace :
------------
Array:
errno : -1 ;
message : 微信公众平台返回接口错误. 
错误代码为: 40005 
,错误描述为: appid 校验错误 ;

2018-01-04 11:57:35 waring :
------------
String:
Request Failed

2018-01-04 11:57:49 trace :
------------
Array:
errno : -1 ;
message : 微信公众平台返回接口错误. 
错误代码为: 40005 
,错误描述为: appid 校验错误 ;

2018-01-04 11:57:49 waring :
------------
String:
Request Failed

2018-01-04 12:28:04 trace :
------------
Array:
errno : -1 ;
message : 微信公众平台返回接口错误. 
错误代码为: 40005 
,错误描述为: appid 校验错误 ;

2018-01-04 12:28:04 waring :
------------
String:
Request Failed

2018-01-04 12:28:10 trace :
------------
Array:
errno : -1 ;
message : 微信公众平台返回接口错误. 
错误代码为: 40005 
,错误描述为: appid 校验错误 ;

2018-01-04 12:28:10 waring :
------------
String:
Request Failed

2018-01-04 12:28:14 trace :
------------
Array:
errno : -1 ;
message : 微信公众平台返回接口错误. 
错误代码为: 40005 
,错误描述为: appid 校验错误 ;

2018-01-04 12:28:14 waring :
------------
String:
Request Failed

2018-01-04 12:28:29 trace :
------------
Array:
errno : -1 ;
message : 微信公众平台返回接口错误. 
错误代码为: 40005 
,错误描述为: appid 校验错误 ;

2018-01-04 12:28:29 waring :
------------
String:
Request Failed

2018-01-04 13:26:23 trace :
------------
Array:
errno : -1 ;
message : 微信公众平台返回接口错误. 
错误代码为: 40005 
,错误描述为: appid 校验错误 ;

2018-01-04 13:26:23 waring :
------------
String:
Request Failed

2018-01-04 13:56:40 trace :
------------
String:
<xml><ToUserName><![CDATA[gh_387f2586a480]]></ToUserName>
<FromUserName><![CDATA[oHlBev7gGKE17pPWQy_5w--PeT_g]]></FromUserName>
<CreateTime>1515045400</CreateTime>
<MsgType><![CDATA[event]]></MsgType>
<Event><![CDATA[subscribe]]></Event>
<EventKey><![CDATA[]]></EventKey>
</xml>

2018-01-04 13:56:40 params :
------------
Array:
message : Array ;
module : basic ;
rule : 13 ;
priority : 0 ;
keyword : Array ;

2018-01-04 13:56:40 response :
------------
Array:
FromUserName : gh_387f2586a480 ;
ToUserName : oHlBev7gGKE17pPWQy_5w--PeT_g ;
MsgType : text ;
Content : 欢迎关注李记梧桐人家微信公众号！ ;

2018-01-04 13:56:44 trace :
------------
String:
<xml><ToUserName><![CDATA[gh_387f2586a480]]></ToUserName>
<FromUserName><![CDATA[oHlBev7gGKE17pPWQy_5w--PeT_g]]></FromUserName>
<CreateTime>1515045403</CreateTime>
<MsgType><![CDATA[event]]></MsgType>
<Event><![CDATA[VIEW]]></Event>
<EventKey><![CDATA[http://www.gzqtbw.com/app/index.php?i=12&c=home&t=15]]></EventKey>
<MenuId>602413748</MenuId>
</xml>

2018-01-04 13:56:44 params :
------------
Array:
message : Array ;
module : basic ;
rule : 13 ;
priority : 0 ;
keyword : Array ;

2018-01-04 13:56:44 response :
------------
Array:
FromUserName : gh_387f2586a480 ;
ToUserName : oHlBev7gGKE17pPWQy_5w--PeT_g ;
MsgType : text ;
Content : 欢迎关注李记梧桐人家微信公众号！ ;

2018-01-04 13:56:57 trace :
------------
String:
<xml><ToUserName><![CDATA[gh_387f2586a480]]></ToUserName>
<FromUserName><![CDATA[oHlBev7gGKE17pPWQy_5w--PeT_g]]></FromUserName>
<CreateTime>1515045417</CreateTime>
<MsgType><![CDATA[event]]></MsgType>
<Event><![CDATA[CLICK]]></Event>
<EventKey><![CDATA[。]]></EventKey>
</xml>

2018-01-04 13:56:57 params :
------------
Array:
message : Array ;
module : basic ;
rule : 13 ;
priority : 0 ;
keyword : Array ;

2018-01-04 13:56:57 response :
------------
Array:
FromUserName : gh_387f2586a480 ;
ToUserName : oHlBev7gGKE17pPWQy_5w--PeT_g ;
MsgType : text ;
Content : 欢迎关注李记梧桐人家微信公众号！ ;

2018-01-04 13:57:02 trace :
------------
String:
<xml><ToUserName><![CDATA[gh_387f2586a480]]></ToUserName>
<FromUserName><![CDATA[oHlBev7gGKE17pPWQy_5w--PeT_g]]></FromUserName>
<CreateTime>1515045421</CreateTime>
<MsgType><![CDATA[event]]></MsgType>
<Event><![CDATA[CLICK]]></Event>
<EventKey><![CDATA[。]]></EventKey>
</xml>

2018-01-04 13:57:02 params :
------------
Array:
message : Array ;
module : basic ;
rule : 13 ;
priority : 0 ;
keyword : Array ;

2018-01-04 13:57:02 response :
------------
Array:
FromUserName : gh_387f2586a480 ;
ToUserName : oHlBev7gGKE17pPWQy_5w--PeT_g ;
MsgType : text ;
Content : 欢迎关注李记梧桐人家微信公众号！ ;

2018-01-04 13:57:12 trace :
------------
String:
<xml><ToUserName><![CDATA[gh_387f2586a480]]></ToUserName>
<FromUserName><![CDATA[oHlBev7gGKE17pPWQy_5w--PeT_g]]></FromUserName>
<CreateTime>1515045431</CreateTime>
<MsgType><![CDATA[event]]></MsgType>
<Event><![CDATA[unsubscribe]]></Event>
<EventKey><![CDATA[]]></EventKey>
</xml>

2018-01-04 20:30:13 trace :
------------
String:
<xml><ToUserName><![CDATA[gh_3280735b50d8]]></ToUserName>
<FromUserName><![CDATA[oyWTK1Hz1_xgIAiVT-vznkWDg23A]]></FromUserName>
<CreateTime>1515069012</CreateTime>
<MsgType><![CDATA[event]]></MsgType>
<Event><![CDATA[unsubscribe]]></Event>
<EventKey><![CDATA[]]></EventKey>
</xml>

