2018-06-11 01:24:46 trace :
------------
String:
<xml><ToUserName><![CDATA[gh_07a7ab1e550f]]></ToUserName>
<FromUserName><![CDATA[oBqpn1S7V83nDewQLCknXqJggVI4]]></FromUserName>
<CreateTime>1528651486</CreateTime>
<MsgType><![CDATA[event]]></MsgType>
<Event><![CDATA[subscribe]]></Event>
<EventKey><![CDATA[]]></EventKey>
</xml>

2018-06-11 01:24:46 params :
------------
Array:
message : Array ;
module : basic ;
rule : 20 ;
priority : 0 ;
keyword : Array ;

2018-06-11 01:24:46 response :
------------
Array:
FromUserName : gh_07a7ab1e550f ;
ToUserName : oBqpn1S7V83nDewQLCknXqJggVI4 ;
MsgType : text ;
Content : 感谢关注贵州罗甸红心火龙果/爱心 ;

2018-06-11 01:24:48 trace :
------------
String:
<xml><ToUserName><![CDATA[gh_07a7ab1e550f]]></ToUserName>
<FromUserName><![CDATA[oBqpn1S7V83nDewQLCknXqJggVI4]]></FromUserName>
<CreateTime>1528651488</CreateTime>
<MsgType><![CDATA[event]]></MsgType>
<Event><![CDATA[VIEW]]></Event>
<EventKey><![CDATA[http://www.gzqtbw.com/app/index.php?i=18&c=entry&do=shop&m=ewei_shop]]></EventKey>
<MenuId>442049859</MenuId>
</xml>

2018-06-11 01:24:48 params :
------------
Array:
message : Array ;
module : basic ;
rule : 20 ;
priority : 0 ;
keyword : Array ;

2018-06-11 01:24:48 response :
------------
Array:
FromUserName : gh_07a7ab1e550f ;
ToUserName : oBqpn1S7V83nDewQLCknXqJggVI4 ;
MsgType : text ;
Content : 感谢关注贵州罗甸红心火龙果/爱心 ;

2018-06-11 11:47:34 trace :
------------
String:
<xml><ToUserName><![CDATA[gh_3280735b50d8]]></ToUserName>
<FromUserName><![CDATA[oyWTK1JRt4gF3TvPpiu5D2cSMGh4]]></FromUserName>
<CreateTime>1528688854</CreateTime>
<MsgType><![CDATA[event]]></MsgType>
<Event><![CDATA[subscribe]]></Event>
<EventKey><![CDATA[]]></EventKey>
</xml>

2018-06-11 11:47:34 params :
------------
Array:
message : Array ;
module : basic ;
rule : 11 ;
priority : 0 ;
keyword : Array ;

2018-06-11 11:47:34 response :
------------
Array:
FromUserName : gh_3280735b50d8 ;
ToUserName : oyWTK1JRt4gF3TvPpiu5D2cSMGh4 ;
MsgType : text ;
Content : 欢迎关注黔满园荣贵微信公众号！ ;

2018-06-11 11:47:37 trace :
------------
String:
<xml><ToUserName><![CDATA[gh_3280735b50d8]]></ToUserName>
<FromUserName><![CDATA[oyWTK1JRt4gF3TvPpiu5D2cSMGh4]]></FromUserName>
<CreateTime>1528688857</CreateTime>
<MsgType><![CDATA[event]]></MsgType>
<Event><![CDATA[VIEW]]></Event>
<EventKey><![CDATA[http://www.gzqtbw.com/app/index.php?i=10&c=home&t=12]]></EventKey>
<MenuId>427588424</MenuId>
</xml>

2018-06-11 11:47:37 params :
------------
Array:
message : Array ;
module : basic ;
rule : 11 ;
priority : 0 ;
keyword : Array ;

2018-06-11 11:47:37 response :
------------
Array:
FromUserName : gh_3280735b50d8 ;
ToUserName : oyWTK1JRt4gF3TvPpiu5D2cSMGh4 ;
MsgType : text ;
Content : 欢迎关注黔满园荣贵微信公众号！ ;

2018-06-11 11:58:47 trace :
------------
String:
<xml><ToUserName><![CDATA[gh_07a7ab1e550f]]></ToUserName>
<FromUserName><![CDATA[oBqpn1aYOBZhKKylJOgrDPL1iAm0]]></FromUserName>
<CreateTime>1528689527</CreateTime>
<MsgType><![CDATA[event]]></MsgType>
<Event><![CDATA[subscribe]]></Event>
<EventKey><![CDATA[]]></EventKey>
</xml>

2018-06-11 11:58:47 params :
------------
Array:
message : Array ;
module : basic ;
rule : 20 ;
priority : 0 ;
keyword : Array ;

2018-06-11 11:58:47 response :
------------
Array:
FromUserName : gh_07a7ab1e550f ;
ToUserName : oBqpn1aYOBZhKKylJOgrDPL1iAm0 ;
MsgType : text ;
Content : 感谢关注贵州罗甸红心火龙果/爱心 ;

2018-06-11 11:58:50 trace :
------------
String:
<xml><ToUserName><![CDATA[gh_07a7ab1e550f]]></ToUserName>
<FromUserName><![CDATA[oBqpn1aYOBZhKKylJOgrDPL1iAm0]]></FromUserName>
<CreateTime>1528689529</CreateTime>
<MsgType><![CDATA[event]]></MsgType>
<Event><![CDATA[VIEW]]></Event>
<EventKey><![CDATA[http://www.gzqtbw.com/app/index.php?i=18&c=entry&do=shop&m=ewei_shop]]></EventKey>
<MenuId>442049859</MenuId>
</xml>

2018-06-11 11:58:50 params :
------------
Array:
message : Array ;
module : basic ;
rule : 20 ;
priority : 0 ;
keyword : Array ;

2018-06-11 11:58:50 response :
------------
Array:
FromUserName : gh_07a7ab1e550f ;
ToUserName : oBqpn1aYOBZhKKylJOgrDPL1iAm0 ;
MsgType : text ;
Content : 感谢关注贵州罗甸红心火龙果/爱心 ;

2018-06-11 18:58:51 trace :
------------
String:
<xml><ToUserName><![CDATA[gh_07a7ab1e550f]]></ToUserName>
<FromUserName><![CDATA[oBqpn1dqRlnGg-CRcXaanfM_iPUY]]></FromUserName>
<CreateTime>1528714731</CreateTime>
<MsgType><![CDATA[event]]></MsgType>
<Event><![CDATA[subscribe]]></Event>
<EventKey><![CDATA[]]></EventKey>
</xml>

2018-06-11 18:58:51 params :
------------
Array:
message : Array ;
module : basic ;
rule : 20 ;
priority : 0 ;
keyword : Array ;

2018-06-11 18:58:51 response :
------------
Array:
FromUserName : gh_07a7ab1e550f ;
ToUserName : oBqpn1dqRlnGg-CRcXaanfM_iPUY ;
MsgType : text ;
Content : 感谢关注贵州罗甸红心火龙果/爱心 ;

2018-06-11 22:45:18 trace :
------------
String:
<xml><ToUserName><![CDATA[gh_387f2586a480]]></ToUserName>
<FromUserName><![CDATA[oHlBevzz5WeJqM40i8QlvzTFjD6E]]></FromUserName>
<CreateTime>1528728318</CreateTime>
<MsgType><![CDATA[event]]></MsgType>
<Event><![CDATA[VIEW]]></Event>
<EventKey><![CDATA[http://www.gzqtbw.com/app/index.php?i=12&c=home&t=15]]></EventKey>
<MenuId>602413748</MenuId>
</xml>

2018-06-11 22:45:18 params :
------------
Array:
message : Array ;
module : basic ;
rule : 13 ;
priority : 0 ;
keyword : Array ;

2018-06-11 22:45:18 response :
------------
Array:
FromUserName : gh_387f2586a480 ;
ToUserName : oHlBevzz5WeJqM40i8QlvzTFjD6E ;
MsgType : text ;
Content : 欢迎关注李记梧桐人家微信公众号！ ;

2018-06-11 22:45:29 trace :
------------
String:
<xml><ToUserName><![CDATA[gh_387f2586a480]]></ToUserName>
<FromUserName><![CDATA[oHlBevzz5WeJqM40i8QlvzTFjD6E]]></FromUserName>
<CreateTime>1528728329</CreateTime>
<MsgType><![CDATA[event]]></MsgType>
<Event><![CDATA[VIEW]]></Event>
<EventKey><![CDATA[http://www.gzqtbw.com/app/index.php?i=12&c=mc&a=card&do=sign_display&]]></EventKey>
<MenuId>602413748</MenuId>
</xml>

2018-06-11 22:45:29 params :
------------
Array:
message : Array ;
module : basic ;
rule : 13 ;
priority : 0 ;
keyword : Array ;

2018-06-11 22:45:29 response :
------------
Array:
FromUserName : gh_387f2586a480 ;
ToUserName : oHlBevzz5WeJqM40i8QlvzTFjD6E ;
MsgType : text ;
Content : 欢迎关注李记梧桐人家微信公众号！ ;

2018-06-11 22:45:38 trace :
------------
String:
<xml><ToUserName><![CDATA[gh_387f2586a480]]></ToUserName>
<FromUserName><![CDATA[oHlBevzz5WeJqM40i8QlvzTFjD6E]]></FromUserName>
<CreateTime>1528728338</CreateTime>
<MsgType><![CDATA[event]]></MsgType>
<Event><![CDATA[CLICK]]></Event>
<EventKey><![CDATA[。]]></EventKey>
</xml>

2018-06-11 22:45:38 params :
------------
Array:
message : Array ;
module : basic ;
rule : 13 ;
priority : 0 ;
keyword : Array ;

2018-06-11 22:45:38 response :
------------
Array:
FromUserName : gh_387f2586a480 ;
ToUserName : oHlBevzz5WeJqM40i8QlvzTFjD6E ;
MsgType : text ;
Content : 欢迎关注李记梧桐人家微信公众号！ ;

2018-06-11 22:45:42 trace :
------------
String:
<xml><ToUserName><![CDATA[gh_387f2586a480]]></ToUserName>
<FromUserName><![CDATA[oHlBevzz5WeJqM40i8QlvzTFjD6E]]></FromUserName>
<CreateTime>1528728342</CreateTime>
<MsgType><![CDATA[event]]></MsgType>
<Event><![CDATA[CLICK]]></Event>
<EventKey><![CDATA[。]]></EventKey>
</xml>

2018-06-11 22:45:42 params :
------------
Array:
message : Array ;
module : basic ;
rule : 13 ;
priority : 0 ;
keyword : Array ;

2018-06-11 22:45:42 response :
------------
Array:
FromUserName : gh_387f2586a480 ;
ToUserName : oHlBevzz5WeJqM40i8QlvzTFjD6E ;
MsgType : text ;
Content : 欢迎关注李记梧桐人家微信公众号！ ;

2018-06-11 22:45:46 trace :
------------
String:
<xml><ToUserName><![CDATA[gh_387f2586a480]]></ToUserName>
<FromUserName><![CDATA[oHlBevzz5WeJqM40i8QlvzTFjD6E]]></FromUserName>
<CreateTime>1528728346</CreateTime>
<MsgType><![CDATA[event]]></MsgType>
<Event><![CDATA[VIEW]]></Event>
<EventKey><![CDATA[http://www.gzqtbw.com/app/index.php?i=12&c=mc&a=card&do=sign_display&]]></EventKey>
<MenuId>602413748</MenuId>
</xml>

2018-06-11 22:45:46 params :
------------
Array:
message : Array ;
module : basic ;
rule : 13 ;
priority : 0 ;
keyword : Array ;

2018-06-11 22:45:46 response :
------------
Array:
FromUserName : gh_387f2586a480 ;
ToUserName : oHlBevzz5WeJqM40i8QlvzTFjD6E ;
MsgType : text ;
Content : 欢迎关注李记梧桐人家微信公众号！ ;

