2018-07-21 10:41:06 trace :
------------
Array:
errno : -1 ;
message : 微信公众平台返回接口错误. 
错误代码为: 40005 
,错误描述为: appid 校验错误 ;

2018-07-21 10:41:06 waring :
------------
String:
Request Failed

2018-07-21 12:16:35 trace :
------------
Array:
errno : -1 ;
message : 微信公众平台返回接口错误. 
错误代码为: 40005 
,错误描述为: appid 校验错误 ;

2018-07-21 12:16:35 waring :
------------
String:
Request Failed

2018-07-21 13:01:55 trace :
------------
Array:
errno : -1 ;
message : 微信公众平台返回接口错误. 
错误代码为: 40005 
,错误描述为: appid 校验错误 ;

2018-07-21 13:01:55 waring :
------------
String:
Request Failed

2018-07-21 13:02:16 trace :
------------
Array:
errno : -1 ;
message : 微信公众平台返回接口错误. 
错误代码为: 40005 
,错误描述为: appid 校验错误 ;

2018-07-21 13:02:16 waring :
------------
String:
Request Failed

