2018-05-01 01:19:15 trace :
------------
String:
<xml><ToUserName><![CDATA[gh_9e16f2771397]]></ToUserName>
<FromUserName><![CDATA[oSSurv6nZWDb1bjZ_riM1kmhwZe0]]></FromUserName>
<CreateTime>1525108755</CreateTime>
<MsgType><![CDATA[event]]></MsgType>
<Event><![CDATA[unsubscribe]]></Event>
<EventKey><![CDATA[]]></EventKey>
</xml>

2018-05-01 16:42:12 trace :
------------
String:
<xml><ToUserName><![CDATA[gh_387f2586a480]]></ToUserName>
<FromUserName><![CDATA[oHlBevywGFHVOXyn5S-NkU3L9UVk]]></FromUserName>
<CreateTime>1525164131</CreateTime>
<MsgType><![CDATA[event]]></MsgType>
<Event><![CDATA[subscribe]]></Event>
<EventKey><![CDATA[]]></EventKey>
</xml>

2018-05-01 16:42:12 params :
------------
Array:
message : Array ;
module : basic ;
rule : 13 ;
priority : 0 ;
keyword : Array ;

2018-05-01 16:42:12 response :
------------
Array:
FromUserName : gh_387f2586a480 ;
ToUserName : oHlBevywGFHVOXyn5S-NkU3L9UVk ;
MsgType : text ;
Content : 欢迎关注李记梧桐人家微信公众号！ ;

2018-05-01 16:42:53 trace :
------------
String:
<xml><ToUserName><![CDATA[gh_387f2586a480]]></ToUserName>
<FromUserName><![CDATA[oHlBevywGFHVOXyn5S-NkU3L9UVk]]></FromUserName>
<CreateTime>1525164173</CreateTime>
<MsgType><![CDATA[event]]></MsgType>
<Event><![CDATA[VIEW]]></Event>
<EventKey><![CDATA[http://www.gzqtbw.com/app/index.php?i=12&c=site&a=site&do=detail&id=11]]></EventKey>
<MenuId>602413748</MenuId>
</xml>

2018-05-01 16:42:53 params :
------------
Array:
message : Array ;
module : basic ;
rule : 13 ;
priority : 0 ;
keyword : Array ;

2018-05-01 16:42:53 response :
------------
Array:
FromUserName : gh_387f2586a480 ;
ToUserName : oHlBevywGFHVOXyn5S-NkU3L9UVk ;
MsgType : text ;
Content : 欢迎关注李记梧桐人家微信公众号！ ;

2018-05-01 16:43:26 trace :
------------
String:
<xml><ToUserName><![CDATA[gh_387f2586a480]]></ToUserName>
<FromUserName><![CDATA[oHlBevywGFHVOXyn5S-NkU3L9UVk]]></FromUserName>
<CreateTime>1525164205</CreateTime>
<MsgType><![CDATA[event]]></MsgType>
<Event><![CDATA[VIEW]]></Event>
<EventKey><![CDATA[http://www.gzqtbw.com/app/index.php?i=12&c=site&a=site&do=detail&id=11]]></EventKey>
<MenuId>602413748</MenuId>
</xml>

2018-05-01 16:43:26 params :
------------
Array:
message : Array ;
module : basic ;
rule : 13 ;
priority : 0 ;
keyword : Array ;

2018-05-01 16:43:26 response :
------------
Array:
FromUserName : gh_387f2586a480 ;
ToUserName : oHlBevywGFHVOXyn5S-NkU3L9UVk ;
MsgType : text ;
Content : 欢迎关注李记梧桐人家微信公众号！ ;

2018-05-01 16:43:50 trace :
------------
String:
<xml><ToUserName><![CDATA[gh_387f2586a480]]></ToUserName>
<FromUserName><![CDATA[oHlBevywGFHVOXyn5S-NkU3L9UVk]]></FromUserName>
<CreateTime>1525164230</CreateTime>
<MsgType><![CDATA[event]]></MsgType>
<Event><![CDATA[VIEW]]></Event>
<EventKey><![CDATA[http://www.gzqtbw.com/app/index.php?i=12&c=site&a=site&do=detail&id=11]]></EventKey>
<MenuId>602413748</MenuId>
</xml>

2018-05-01 16:43:50 params :
------------
Array:
message : Array ;
module : basic ;
rule : 13 ;
priority : 0 ;
keyword : Array ;

2018-05-01 16:43:50 response :
------------
Array:
FromUserName : gh_387f2586a480 ;
ToUserName : oHlBevywGFHVOXyn5S-NkU3L9UVk ;
MsgType : text ;
Content : 欢迎关注李记梧桐人家微信公众号！ ;

2018-05-01 16:44:04 trace :
------------
String:
<xml><ToUserName><![CDATA[gh_387f2586a480]]></ToUserName>
<FromUserName><![CDATA[oHlBevywGFHVOXyn5S-NkU3L9UVk]]></FromUserName>
<CreateTime>1525164244</CreateTime>
<MsgType><![CDATA[event]]></MsgType>
<Event><![CDATA[VIEW]]></Event>
<EventKey><![CDATA[http://www.gzqtbw.com/app/index.php?i=12&c=site&a=site&do=detail&id=11]]></EventKey>
<MenuId>602413748</MenuId>
</xml>

2018-05-01 16:44:04 params :
------------
Array:
message : Array ;
module : basic ;
rule : 13 ;
priority : 0 ;
keyword : Array ;

2018-05-01 16:44:04 response :
------------
Array:
FromUserName : gh_387f2586a480 ;
ToUserName : oHlBevywGFHVOXyn5S-NkU3L9UVk ;
MsgType : text ;
Content : 欢迎关注李记梧桐人家微信公众号！ ;

