2018-04-21 12:43:47 trace :
------------
String:
<xml><ToUserName><![CDATA[gh_a9b445bf4f73]]></ToUserName>
<FromUserName><![CDATA[oaQb9wT-ac5F3hz8_FipJEBm-sQk]]></FromUserName>
<CreateTime>1524285826</CreateTime>
<MsgType><![CDATA[event]]></MsgType>
<Event><![CDATA[VIEW]]></Event>
<EventKey><![CDATA[http://www.gzqtbw.com/app/index.php?i=16&c=site&a=site&do=detail&id=24]]></EventKey>
<MenuId>423464702</MenuId>
</xml>

2018-04-21 12:43:47 params :
------------
Array:
message : Array ;
module : basic ;
rule : 16 ;
priority : 0 ;
keyword : Array ;

2018-04-21 12:43:47 response :
------------
Array:
FromUserName : gh_a9b445bf4f73 ;
ToUserName : oaQb9wT-ac5F3hz8_FipJEBm-sQk ;
MsgType : text ;
Content : 欢迎关注贵州博达云科技发展有限公司！ ;

2018-04-21 16:33:04 trace :
------------
String:
<xml><ToUserName><![CDATA[gh_3280735b50d8]]></ToUserName>
<FromUserName><![CDATA[oyWTK1NhmpoQVE81BuMeclWa0mBk]]></FromUserName>
<CreateTime>1524299584</CreateTime>
<MsgType><![CDATA[event]]></MsgType>
<Event><![CDATA[subscribe]]></Event>
<EventKey><![CDATA[]]></EventKey>
</xml>

2018-04-21 16:33:04 params :
------------
Array:
message : Array ;
module : basic ;
rule : 11 ;
priority : 0 ;
keyword : Array ;

2018-04-21 16:33:04 response :
------------
Array:
FromUserName : gh_3280735b50d8 ;
ToUserName : oyWTK1NhmpoQVE81BuMeclWa0mBk ;
MsgType : text ;
Content : 欢迎关注黔满园荣贵微信公众号！ ;

2018-04-21 16:33:08 trace :
------------
String:
<xml><ToUserName><![CDATA[gh_3280735b50d8]]></ToUserName>
<FromUserName><![CDATA[oyWTK1NhmpoQVE81BuMeclWa0mBk]]></FromUserName>
<CreateTime>1524299587</CreateTime>
<MsgType><![CDATA[event]]></MsgType>
<Event><![CDATA[VIEW]]></Event>
<EventKey><![CDATA[http://www.gzqtbw.com/app/index.php?i=10&c=home&t=12]]></EventKey>
<MenuId>427588424</MenuId>
</xml>

2018-04-21 16:33:08 params :
------------
Array:
message : Array ;
module : basic ;
rule : 11 ;
priority : 0 ;
keyword : Array ;

2018-04-21 16:33:08 response :
------------
Array:
FromUserName : gh_3280735b50d8 ;
ToUserName : oyWTK1NhmpoQVE81BuMeclWa0mBk ;
MsgType : text ;
Content : 欢迎关注黔满园荣贵微信公众号！ ;

2018-04-21 16:35:37 trace :
------------
String:
<xml><ToUserName><![CDATA[gh_3280735b50d8]]></ToUserName>
<FromUserName><![CDATA[oyWTK1NhmpoQVE81BuMeclWa0mBk]]></FromUserName>
<CreateTime>1524299736</CreateTime>
<MsgType><![CDATA[event]]></MsgType>
<Event><![CDATA[VIEW]]></Event>
<EventKey><![CDATA[http://www.gzqtbw.com/app/index.php?i=10&c=home&t=12]]></EventKey>
<MenuId>427588424</MenuId>
</xml>

2018-04-21 16:35:37 params :
------------
Array:
message : Array ;
module : basic ;
rule : 11 ;
priority : 0 ;
keyword : Array ;

2018-04-21 16:35:37 response :
------------
Array:
FromUserName : gh_3280735b50d8 ;
ToUserName : oyWTK1NhmpoQVE81BuMeclWa0mBk ;
MsgType : text ;
Content : 欢迎关注黔满园荣贵微信公众号！ ;

