2018-08-29 16:36:57 trace :
------------
String:
<xml><ToUserName><![CDATA[gh_a9b445bf4f73]]></ToUserName>
<FromUserName><![CDATA[oaQb9wVcsAviVOp2M1DaIMlwdavU]]></FromUserName>
<CreateTime>1535531817</CreateTime>
<MsgType><![CDATA[event]]></MsgType>
<Event><![CDATA[VIEW]]></Event>
<EventKey><![CDATA[http://www.gzqtbw.com/app/index.php?i=16&c=site&a=site&do=detail&id=22]]></EventKey>
<MenuId>424172745</MenuId>
</xml>

2018-08-29 16:36:58 params :
------------
Array:
message : Array ;
module : basic ;
rule : 16 ;
priority : 0 ;
keyword : Array ;

2018-08-29 16:36:58 response :
------------
Array:
FromUserName : gh_a9b445bf4f73 ;
ToUserName : oaQb9wVcsAviVOp2M1DaIMlwdavU ;
MsgType : text ;
Content : 欢迎关注贵州博达云科技发展有限公司！ ;

2018-08-29 16:37:43 trace :
------------
String:
<xml><ToUserName><![CDATA[gh_a9b445bf4f73]]></ToUserName>
<FromUserName><![CDATA[oaQb9wVcsAviVOp2M1DaIMlwdavU]]></FromUserName>
<CreateTime>1535531863</CreateTime>
<MsgType><![CDATA[event]]></MsgType>
<Event><![CDATA[VIEW]]></Event>
<EventKey><![CDATA[http://www.gzqtbw.com/app/index.php?i=16&c=site&a=site&do=detail&id=27]]></EventKey>
<MenuId>424172745</MenuId>
</xml>

2018-08-29 16:37:43 params :
------------
Array:
message : Array ;
module : basic ;
rule : 16 ;
priority : 0 ;
keyword : Array ;

2018-08-29 16:37:43 response :
------------
Array:
FromUserName : gh_a9b445bf4f73 ;
ToUserName : oaQb9wVcsAviVOp2M1DaIMlwdavU ;
MsgType : text ;
Content : 欢迎关注贵州博达云科技发展有限公司！ ;

2018-08-29 16:46:38 trace :
------------
String:
<xml><ToUserName><![CDATA[gh_a9b445bf4f73]]></ToUserName>
<FromUserName><![CDATA[oaQb9wVcsAviVOp2M1DaIMlwdavU]]></FromUserName>
<CreateTime>1535532398</CreateTime>
<MsgType><![CDATA[event]]></MsgType>
<Event><![CDATA[VIEW]]></Event>
<EventKey><![CDATA[http://www.gzqtbw.com/app/index.php?i=16&c=site&a=site&do=detail&id=22]]></EventKey>
<MenuId>424172745</MenuId>
</xml>

2018-08-29 16:46:38 params :
------------
Array:
message : Array ;
module : basic ;
rule : 16 ;
priority : 0 ;
keyword : Array ;

2018-08-29 16:46:38 response :
------------
Array:
FromUserName : gh_a9b445bf4f73 ;
ToUserName : oaQb9wVcsAviVOp2M1DaIMlwdavU ;
MsgType : text ;
Content : 欢迎关注贵州博达云科技发展有限公司！ ;

2018-08-29 16:48:02 trace :
------------
String:
<xml><ToUserName><![CDATA[gh_a9b445bf4f73]]></ToUserName>
<FromUserName><![CDATA[oaQb9wVcsAviVOp2M1DaIMlwdavU]]></FromUserName>
<CreateTime>1535532481</CreateTime>
<MsgType><![CDATA[event]]></MsgType>
<Event><![CDATA[VIEW]]></Event>
<EventKey><![CDATA[http://www.gzqtbw.com/app/index.php?i=16&c=site&a=site&do=detail&id=40]]></EventKey>
<MenuId>424172745</MenuId>
</xml>

2018-08-29 16:48:02 params :
------------
Array:
message : Array ;
module : basic ;
rule : 16 ;
priority : 0 ;
keyword : Array ;

2018-08-29 16:48:02 response :
------------
Array:
FromUserName : gh_a9b445bf4f73 ;
ToUserName : oaQb9wVcsAviVOp2M1DaIMlwdavU ;
MsgType : text ;
Content : 欢迎关注贵州博达云科技发展有限公司！ ;

2018-08-29 16:49:53 trace :
------------
String:
<xml><ToUserName><![CDATA[gh_a9b445bf4f73]]></ToUserName>
<FromUserName><![CDATA[oaQb9wVcsAviVOp2M1DaIMlwdavU]]></FromUserName>
<CreateTime>1535532593</CreateTime>
<MsgType><![CDATA[event]]></MsgType>
<Event><![CDATA[CLICK]]></Event>
<EventKey><![CDATA[联系方式]]></EventKey>
</xml>

2018-08-29 16:49:53 params :
------------
Array:
message : Array ;
module : basic ;
rule : 24 ;
priority : 0 ;
keyword : Array ;

2018-08-29 16:49:53 response :
------------
Array:
FromUserName : gh_a9b445bf4f73 ;
ToUserName : oaQb9wVcsAviVOp2M1DaIMlwdavU ;
MsgType : text ;
Content : 全国热线：400-852-2866 ;

2018-08-29 16:49:56 trace :
------------
String:
<xml><ToUserName><![CDATA[gh_a9b445bf4f73]]></ToUserName>
<FromUserName><![CDATA[oaQb9wVcsAviVOp2M1DaIMlwdavU]]></FromUserName>
<CreateTime>1535532596</CreateTime>
<MsgType><![CDATA[event]]></MsgType>
<Event><![CDATA[VIEW]]></Event>
<EventKey><![CDATA[https://map.baidu.com/mobile/webapp/search/search/qt=s&wd=%E8%B4%B5%E5%B7%9E%E7%9C%81%E8%B4%B5%E9%98%B3%E5%B8%82%E8%A7%82%E5%B1%B1%E6%B9%96%E5%8C%BA%E9%AB%98%E6%96%B0%E5%8C%BA%E8%B4%B5%E9%98%B3%E7%A7%91%E6%8A%80%E5%A4%A7%E5%8E%A6B%E5%BA%A76%E6%A5%BC6%E5%8F%B7&newmap=1&ie=utf-8/%3Fpagelets%5B%5D=pager&pagelets%5B%5D=page_data&t=418287&vt=map]]></EventKey>
<MenuId>424172745</MenuId>
</xml>

2018-08-29 16:49:56 params :
------------
Array:
message : Array ;
module : basic ;
rule : 16 ;
priority : 0 ;
keyword : Array ;

2018-08-29 16:49:56 response :
------------
Array:
FromUserName : gh_a9b445bf4f73 ;
ToUserName : oaQb9wVcsAviVOp2M1DaIMlwdavU ;
MsgType : text ;
Content : 欢迎关注贵州博达云科技发展有限公司！ ;

2018-08-29 16:50:13 trace :
------------
String:
<xml><ToUserName><![CDATA[gh_a9b445bf4f73]]></ToUserName>
<FromUserName><![CDATA[oaQb9wVcsAviVOp2M1DaIMlwdavU]]></FromUserName>
<CreateTime>1535532613</CreateTime>
<MsgType><![CDATA[event]]></MsgType>
<Event><![CDATA[VIEW]]></Event>
<EventKey><![CDATA[http://www.gzqtbw.com/app/index.php?i=16&c=site&a=site&do=detail&id=40]]></EventKey>
<MenuId>424172745</MenuId>
</xml>

2018-08-29 16:50:13 params :
------------
Array:
message : Array ;
module : basic ;
rule : 16 ;
priority : 0 ;
keyword : Array ;

2018-08-29 16:50:13 response :
------------
Array:
FromUserName : gh_a9b445bf4f73 ;
ToUserName : oaQb9wVcsAviVOp2M1DaIMlwdavU ;
MsgType : text ;
Content : 欢迎关注贵州博达云科技发展有限公司！ ;

2018-08-29 16:56:53 trace :
------------
String:
<xml><ToUserName><![CDATA[gh_a9b445bf4f73]]></ToUserName>
<FromUserName><![CDATA[oaQb9wVcsAviVOp2M1DaIMlwdavU]]></FromUserName>
<CreateTime>1535533013</CreateTime>
<MsgType><![CDATA[event]]></MsgType>
<Event><![CDATA[VIEW]]></Event>
<EventKey><![CDATA[http://www.gzqtbw.com/app/index.php?i=16&c=site&a=site&do=detail&id=27]]></EventKey>
<MenuId>424172745</MenuId>
</xml>

2018-08-29 16:56:53 params :
------------
Array:
message : Array ;
module : basic ;
rule : 16 ;
priority : 0 ;
keyword : Array ;

2018-08-29 16:56:53 response :
------------
Array:
FromUserName : gh_a9b445bf4f73 ;
ToUserName : oaQb9wVcsAviVOp2M1DaIMlwdavU ;
MsgType : text ;
Content : 欢迎关注贵州博达云科技发展有限公司！ ;

2018-08-29 17:01:44 trace :
------------
String:
<xml><ToUserName><![CDATA[gh_a9b445bf4f73]]></ToUserName>
<FromUserName><![CDATA[oaQb9wVcsAviVOp2M1DaIMlwdavU]]></FromUserName>
<CreateTime>1535533304</CreateTime>
<MsgType><![CDATA[event]]></MsgType>
<Event><![CDATA[VIEW]]></Event>
<EventKey><![CDATA[http://www.gzqtbw.com/app/index.php?i=16&c=site&a=site&do=detail&id=40]]></EventKey>
<MenuId>424172745</MenuId>
</xml>

2018-08-29 17:01:44 params :
------------
Array:
message : Array ;
module : basic ;
rule : 16 ;
priority : 0 ;
keyword : Array ;

2018-08-29 17:01:44 response :
------------
Array:
FromUserName : gh_a9b445bf4f73 ;
ToUserName : oaQb9wVcsAviVOp2M1DaIMlwdavU ;
MsgType : text ;
Content : 欢迎关注贵州博达云科技发展有限公司！ ;

2018-08-29 17:43:31 trace :
------------
String:
<xml><ToUserName><![CDATA[gh_a9b445bf4f73]]></ToUserName>
<FromUserName><![CDATA[oaQb9wT-ac5F3hz8_FipJEBm-sQk]]></FromUserName>
<CreateTime>1535535811</CreateTime>
<MsgType><![CDATA[event]]></MsgType>
<Event><![CDATA[VIEW]]></Event>
<EventKey><![CDATA[http://www.gzqtbw.com/app/index.php?i=16&c=site&a=site&do=detail&id=40]]></EventKey>
<MenuId>424172745</MenuId>
</xml>

2018-08-29 17:43:31 params :
------------
Array:
message : Array ;
module : basic ;
rule : 16 ;
priority : 0 ;
keyword : Array ;

2018-08-29 17:43:31 response :
------------
Array:
FromUserName : gh_a9b445bf4f73 ;
ToUserName : oaQb9wT-ac5F3hz8_FipJEBm-sQk ;
MsgType : text ;
Content : 欢迎关注贵州博达云科技发展有限公司！ ;

2018-08-29 17:43:39 trace :
------------
String:
<xml><ToUserName><![CDATA[gh_a9b445bf4f73]]></ToUserName>
<FromUserName><![CDATA[oaQb9wT-ac5F3hz8_FipJEBm-sQk]]></FromUserName>
<CreateTime>1535535819</CreateTime>
<MsgType><![CDATA[event]]></MsgType>
<Event><![CDATA[VIEW]]></Event>
<EventKey><![CDATA[http://mb.gzqtbw.com]]></EventKey>
<MenuId>424172745</MenuId>
</xml>

2018-08-29 17:43:39 params :
------------
Array:
message : Array ;
module : basic ;
rule : 16 ;
priority : 0 ;
keyword : Array ;

2018-08-29 17:43:39 response :
------------
Array:
FromUserName : gh_a9b445bf4f73 ;
ToUserName : oaQb9wT-ac5F3hz8_FipJEBm-sQk ;
MsgType : text ;
Content : 欢迎关注贵州博达云科技发展有限公司！ ;

2018-08-29 17:43:44 trace :
------------
String:
<xml><ToUserName><![CDATA[gh_a9b445bf4f73]]></ToUserName>
<FromUserName><![CDATA[oaQb9wT-ac5F3hz8_FipJEBm-sQk]]></FromUserName>
<CreateTime>1535535824</CreateTime>
<MsgType><![CDATA[event]]></MsgType>
<Event><![CDATA[VIEW]]></Event>
<EventKey><![CDATA[http://www.gzqtbw.com/app/index.php?i=16&c=site&a=site&do=detail&id=41]]></EventKey>
<MenuId>424172745</MenuId>
</xml>

2018-08-29 17:43:44 params :
------------
Array:
message : Array ;
module : basic ;
rule : 16 ;
priority : 0 ;
keyword : Array ;

2018-08-29 17:43:44 response :
------------
Array:
FromUserName : gh_a9b445bf4f73 ;
ToUserName : oaQb9wT-ac5F3hz8_FipJEBm-sQk ;
MsgType : text ;
Content : 欢迎关注贵州博达云科技发展有限公司！ ;

2018-08-29 17:43:52 trace :
------------
String:
<xml><ToUserName><![CDATA[gh_a9b445bf4f73]]></ToUserName>
<FromUserName><![CDATA[oaQb9wT-ac5F3hz8_FipJEBm-sQk]]></FromUserName>
<CreateTime>1535535832</CreateTime>
<MsgType><![CDATA[event]]></MsgType>
<Event><![CDATA[VIEW]]></Event>
<EventKey><![CDATA[http://www.gzqtbw.com/app/index.php?i=16&c=site&a=site&do=detail&id=27]]></EventKey>
<MenuId>424172745</MenuId>
</xml>

2018-08-29 17:43:52 params :
------------
Array:
message : Array ;
module : basic ;
rule : 16 ;
priority : 0 ;
keyword : Array ;

2018-08-29 17:43:52 response :
------------
Array:
FromUserName : gh_a9b445bf4f73 ;
ToUserName : oaQb9wT-ac5F3hz8_FipJEBm-sQk ;
MsgType : text ;
Content : 欢迎关注贵州博达云科技发展有限公司！ ;

