2018-04-01 13:17:20 trace :
------------
String:
<xml><ToUserName><![CDATA[gh_3280735b50d8]]></ToUserName>
<FromUserName><![CDATA[oyWTK1NUzTKPXf36sB_FRxKmDLqI]]></FromUserName>
<CreateTime>1522559840</CreateTime>
<MsgType><![CDATA[event]]></MsgType>
<Event><![CDATA[MASSSENDJOBFINISH]]></Event>
<MsgID>1000000026</MsgID>
<Status><![CDATA[send success]]></Status>
<TotalCount>174</TotalCount>
<FilterCount>174</FilterCount>
<SentCount>174</SentCount>
<ErrorCount>0</ErrorCount>
<CopyrightCheckResult><Count>0</Count>
<ResultList></ResultList>
<CheckState>0</CheckState>
</CopyrightCheckResult>
</xml>

2018-04-01 13:17:20 params :
------------
Array:
message : Array ;
module : basic ;
rule : 11 ;
priority : 0 ;
keyword : Array ;

2018-04-01 13:17:20 response :
------------
Array:
FromUserName : gh_3280735b50d8 ;
ToUserName : oyWTK1NUzTKPXf36sB_FRxKmDLqI ;
MsgType : text ;
Content : 欢迎关注黔满园荣贵微信公众号！ ;

2018-04-01 13:56:49 trace :
------------
String:
<xml><ToUserName><![CDATA[gh_3280735b50d8]]></ToUserName>
<FromUserName><![CDATA[oyWTK1E1nRLS-QatzjzIXpWnSmWU]]></FromUserName>
<CreateTime>1522562209</CreateTime>
<MsgType><![CDATA[event]]></MsgType>
<Event><![CDATA[VIEW]]></Event>
<EventKey><![CDATA[http://www.gzqtbw.com/app/index.php?i=10&c=home&t=12]]></EventKey>
<MenuId>427588424</MenuId>
</xml>

2018-04-01 13:56:49 params :
------------
Array:
message : Array ;
module : basic ;
rule : 11 ;
priority : 0 ;
keyword : Array ;

2018-04-01 13:56:49 response :
------------
Array:
FromUserName : gh_3280735b50d8 ;
ToUserName : oyWTK1E1nRLS-QatzjzIXpWnSmWU ;
MsgType : text ;
Content : 欢迎关注黔满园荣贵微信公众号！ ;

2018-04-01 14:23:32 trace :
------------
String:
<xml><ToUserName><![CDATA[gh_3280735b50d8]]></ToUserName>
<FromUserName><![CDATA[oyWTK1Ns9FRJ4Y4pt7eNQFYLIL28]]></FromUserName>
<CreateTime>1522563812</CreateTime>
<MsgType><![CDATA[event]]></MsgType>
<Event><![CDATA[VIEW]]></Event>
<EventKey><![CDATA[http://www.gzqtbw.com/app/index.php?i=10&c=mc&a=card&do=sign_display&]]></EventKey>
<MenuId>427588424</MenuId>
</xml>

2018-04-01 14:23:32 params :
------------
Array:
message : Array ;
module : basic ;
rule : 11 ;
priority : 0 ;
keyword : Array ;

2018-04-01 14:23:32 response :
------------
Array:
FromUserName : gh_3280735b50d8 ;
ToUserName : oyWTK1Ns9FRJ4Y4pt7eNQFYLIL28 ;
MsgType : text ;
Content : 欢迎关注黔满园荣贵微信公众号！ ;

2018-04-01 16:48:47 trace :
------------
String:
<xml><ToUserName><![CDATA[gh_3280735b50d8]]></ToUserName>
<FromUserName><![CDATA[oyWTK1BQkf4KRst_sw6YzHxB_ZDM]]></FromUserName>
<CreateTime>1522572526</CreateTime>
<MsgType><![CDATA[event]]></MsgType>
<Event><![CDATA[unsubscribe]]></Event>
<EventKey><![CDATA[]]></EventKey>
</xml>

2018-04-01 17:26:27 trace :
------------
String:
<xml><ToUserName><![CDATA[gh_07a7ab1e550f]]></ToUserName>
<FromUserName><![CDATA[oBqpn1UwI09h5WS2NIyZZQfvcGeE]]></FromUserName>
<CreateTime>1522574787</CreateTime>
<MsgType><![CDATA[event]]></MsgType>
<Event><![CDATA[unsubscribe]]></Event>
<EventKey><![CDATA[]]></EventKey>
</xml>

