2018-04-09 13:09:54 trace :
------------
String:
<xml><ToUserName><![CDATA[gh_94895cfd80a6]]></ToUserName>
<FromUserName><![CDATA[o92jL0YfwI_0a2wobxwG0JXBfTQk]]></FromUserName>
<CreateTime>1523250593</CreateTime>
<MsgType><![CDATA[event]]></MsgType>
<Event><![CDATA[subscribe]]></Event>
<EventKey><![CDATA[]]></EventKey>
</xml>

2018-04-09 13:09:54 params :
------------
Array:
message : Array ;
module : basic ;
rule : 29 ;
priority : 0 ;
keyword : Array ;

2018-04-09 13:09:54 response :
------------
Array:
FromUserName : gh_94895cfd80a6 ;
ToUserName : o92jL0YfwI_0a2wobxwG0JXBfTQk ;
MsgType : text ;
Content : 欢迎关注赫章一小微信公众号！ ;

2018-04-09 13:51:23 trace :
------------
String:
<xml><ToUserName><![CDATA[gh_3280735b50d8]]></ToUserName>
<FromUserName><![CDATA[oyWTK1NUzTKPXf36sB_FRxKmDLqI]]></FromUserName>
<CreateTime>1523253083</CreateTime>
<MsgType><![CDATA[event]]></MsgType>
<Event><![CDATA[MASSSENDJOBFINISH]]></Event>
<MsgID>1000000027</MsgID>
<Status><![CDATA[send success]]></Status>
<TotalCount>172</TotalCount>
<FilterCount>172</FilterCount>
<SentCount>172</SentCount>
<ErrorCount>0</ErrorCount>
<CopyrightCheckResult><Count>0</Count>
<ResultList></ResultList>
<CheckState>0</CheckState>
</CopyrightCheckResult>
</xml>

2018-04-09 13:51:23 params :
------------
Array:
message : Array ;
module : basic ;
rule : 11 ;
priority : 0 ;
keyword : Array ;

2018-04-09 13:51:23 response :
------------
Array:
FromUserName : gh_3280735b50d8 ;
ToUserName : oyWTK1NUzTKPXf36sB_FRxKmDLqI ;
MsgType : text ;
Content : 欢迎关注黔满园荣贵微信公众号！ ;

2018-04-09 13:53:30 trace :
------------
String:
<xml><ToUserName><![CDATA[gh_3280735b50d8]]></ToUserName>
<FromUserName><![CDATA[oyWTK1HauC0aRxjnXQ7vrAMT3xZA]]></FromUserName>
<CreateTime>1523253210</CreateTime>
<MsgType><![CDATA[event]]></MsgType>
<Event><![CDATA[VIEW]]></Event>
<EventKey><![CDATA[http://www.gzqtbw.com/app/index.php?i=10&c=mc&a=card&do=sign_display&]]></EventKey>
<MenuId>427588424</MenuId>
</xml>

2018-04-09 13:53:30 params :
------------
Array:
message : Array ;
module : basic ;
rule : 11 ;
priority : 0 ;
keyword : Array ;

2018-04-09 13:53:30 response :
------------
Array:
FromUserName : gh_3280735b50d8 ;
ToUserName : oyWTK1HauC0aRxjnXQ7vrAMT3xZA ;
MsgType : text ;
Content : 欢迎关注黔满园荣贵微信公众号！ ;

2018-04-09 17:21:26 trace :
------------
String:
<xml><ToUserName><![CDATA[gh_3280735b50d8]]></ToUserName>
<FromUserName><![CDATA[oyWTK1KE1JCGOUUksj9T_j6Kst3Y]]></FromUserName>
<CreateTime>1523265685</CreateTime>
<MsgType><![CDATA[event]]></MsgType>
<Event><![CDATA[VIEW]]></Event>
<EventKey><![CDATA[http://www.gzqtbw.com/app/index.php?i=10&c=home&t=12]]></EventKey>
<MenuId>427588424</MenuId>
</xml>

2018-04-09 17:21:26 params :
------------
Array:
message : Array ;
module : basic ;
rule : 11 ;
priority : 0 ;
keyword : Array ;

2018-04-09 17:21:26 response :
------------
Array:
FromUserName : gh_3280735b50d8 ;
ToUserName : oyWTK1KE1JCGOUUksj9T_j6Kst3Y ;
MsgType : text ;
Content : 欢迎关注黔满园荣贵微信公众号！ ;

2018-04-09 17:22:22 trace :
------------
String:
<xml><ToUserName><![CDATA[gh_3280735b50d8]]></ToUserName>
<FromUserName><![CDATA[oyWTK1EG88yQGCKzhmsQGXR43YmA]]></FromUserName>
<CreateTime>1523265742</CreateTime>
<MsgType><![CDATA[event]]></MsgType>
<Event><![CDATA[subscribe]]></Event>
<EventKey><![CDATA[]]></EventKey>
</xml>

2018-04-09 17:22:22 params :
------------
Array:
message : Array ;
module : basic ;
rule : 11 ;
priority : 0 ;
keyword : Array ;

2018-04-09 17:22:22 response :
------------
Array:
FromUserName : gh_3280735b50d8 ;
ToUserName : oyWTK1EG88yQGCKzhmsQGXR43YmA ;
MsgType : text ;
Content : 欢迎关注黔满园荣贵微信公众号！ ;

2018-04-09 17:22:29 trace :
------------
String:
<xml><ToUserName><![CDATA[gh_3280735b50d8]]></ToUserName>
<FromUserName><![CDATA[oyWTK1EG88yQGCKzhmsQGXR43YmA]]></FromUserName>
<CreateTime>1523265749</CreateTime>
<MsgType><![CDATA[event]]></MsgType>
<Event><![CDATA[VIEW]]></Event>
<EventKey><![CDATA[http://www.gzqtbw.com/app/index.php?i=10&c=mc&a=card&do=sign_display&]]></EventKey>
<MenuId>427588424</MenuId>
</xml>

2018-04-09 17:22:29 params :
------------
Array:
message : Array ;
module : basic ;
rule : 11 ;
priority : 0 ;
keyword : Array ;

2018-04-09 17:22:29 response :
------------
Array:
FromUserName : gh_3280735b50d8 ;
ToUserName : oyWTK1EG88yQGCKzhmsQGXR43YmA ;
MsgType : text ;
Content : 欢迎关注黔满园荣贵微信公众号！ ;

2018-04-09 17:22:46 trace :
------------
String:
<xml><ToUserName><![CDATA[gh_3280735b50d8]]></ToUserName>
<FromUserName><![CDATA[oyWTK1EG88yQGCKzhmsQGXR43YmA]]></FromUserName>
<CreateTime>1523265766</CreateTime>
<MsgType><![CDATA[event]]></MsgType>
<Event><![CDATA[VIEW]]></Event>
<EventKey><![CDATA[http://www.gzqtbw.com/app/index.php?i=10&c=home&t=12]]></EventKey>
<MenuId>427588424</MenuId>
</xml>

2018-04-09 17:22:46 params :
------------
Array:
message : Array ;
module : basic ;
rule : 11 ;
priority : 0 ;
keyword : Array ;

2018-04-09 17:22:46 response :
------------
Array:
FromUserName : gh_3280735b50d8 ;
ToUserName : oyWTK1EG88yQGCKzhmsQGXR43YmA ;
MsgType : text ;
Content : 欢迎关注黔满园荣贵微信公众号！ ;

2018-04-09 17:23:55 trace :
------------
String:
<xml><ToUserName><![CDATA[gh_3280735b50d8]]></ToUserName>
<FromUserName><![CDATA[oyWTK1EG88yQGCKzhmsQGXR43YmA]]></FromUserName>
<CreateTime>1523265834</CreateTime>
<MsgType><![CDATA[event]]></MsgType>
<Event><![CDATA[VIEW]]></Event>
<EventKey><![CDATA[http://www.gzqtbw.com/app/index.php?i=10&c=home&t=12]]></EventKey>
<MenuId>427588424</MenuId>
</xml>

2018-04-09 17:23:55 params :
------------
Array:
message : Array ;
module : basic ;
rule : 11 ;
priority : 0 ;
keyword : Array ;

2018-04-09 17:23:55 response :
------------
Array:
FromUserName : gh_3280735b50d8 ;
ToUserName : oyWTK1EG88yQGCKzhmsQGXR43YmA ;
MsgType : text ;
Content : 欢迎关注黔满园荣贵微信公众号！ ;

2018-04-09 17:56:43 trace :
------------
String:
<xml><ToUserName><![CDATA[gh_3280735b50d8]]></ToUserName>
<FromUserName><![CDATA[oyWTK1IUyCGpqjp1szPmiwFsxZ9c]]></FromUserName>
<CreateTime>1523267803</CreateTime>
<MsgType><![CDATA[event]]></MsgType>
<Event><![CDATA[VIEW]]></Event>
<EventKey><![CDATA[http://www.gzqtbw.com/app/index.php?i=10&c=home&t=12]]></EventKey>
<MenuId>427588424</MenuId>
</xml>

2018-04-09 17:56:43 params :
------------
Array:
message : Array ;
module : basic ;
rule : 11 ;
priority : 0 ;
keyword : Array ;

2018-04-09 17:56:43 response :
------------
Array:
FromUserName : gh_3280735b50d8 ;
ToUserName : oyWTK1IUyCGpqjp1szPmiwFsxZ9c ;
MsgType : text ;
Content : 欢迎关注黔满园荣贵微信公众号！ ;

2018-04-09 17:58:35 trace :
------------
String:
<xml><ToUserName><![CDATA[gh_3280735b50d8]]></ToUserName>
<FromUserName><![CDATA[oyWTK1IUyCGpqjp1szPmiwFsxZ9c]]></FromUserName>
<CreateTime>1523267915</CreateTime>
<MsgType><![CDATA[event]]></MsgType>
<Event><![CDATA[VIEW]]></Event>
<EventKey><![CDATA[http://www.gzqtbw.com/app/index.php?i=10&c=mc&a=card&do=sign_display&]]></EventKey>
<MenuId>427588424</MenuId>
</xml>

2018-04-09 17:58:35 params :
------------
Array:
message : Array ;
module : basic ;
rule : 11 ;
priority : 0 ;
keyword : Array ;

2018-04-09 17:58:35 response :
------------
Array:
FromUserName : gh_3280735b50d8 ;
ToUserName : oyWTK1IUyCGpqjp1szPmiwFsxZ9c ;
MsgType : text ;
Content : 欢迎关注黔满园荣贵微信公众号！ ;

2018-04-09 17:58:40 trace :
------------
String:
<xml><ToUserName><![CDATA[gh_3280735b50d8]]></ToUserName>
<FromUserName><![CDATA[oyWTK1IUyCGpqjp1szPmiwFsxZ9c]]></FromUserName>
<CreateTime>1523267919</CreateTime>
<MsgType><![CDATA[event]]></MsgType>
<Event><![CDATA[VIEW]]></Event>
<EventKey><![CDATA[http://www.gzqtbw.com/app/index.php?i=10&c=home&t=12]]></EventKey>
<MenuId>427588424</MenuId>
</xml>

2018-04-09 17:58:40 params :
------------
Array:
message : Array ;
module : basic ;
rule : 11 ;
priority : 0 ;
keyword : Array ;

2018-04-09 17:58:40 response :
------------
Array:
FromUserName : gh_3280735b50d8 ;
ToUserName : oyWTK1IUyCGpqjp1szPmiwFsxZ9c ;
MsgType : text ;
Content : 欢迎关注黔满园荣贵微信公众号！ ;

2018-04-09 17:59:33 trace :
------------
String:
<xml><ToUserName><![CDATA[gh_3280735b50d8]]></ToUserName>
<FromUserName><![CDATA[oyWTK1IUyCGpqjp1szPmiwFsxZ9c]]></FromUserName>
<CreateTime>1523267973</CreateTime>
<MsgType><![CDATA[event]]></MsgType>
<Event><![CDATA[VIEW]]></Event>
<EventKey><![CDATA[http://www.gzqtbw.com/app/index.php?i=10&c=mc&a=card&do=sign_display&]]></EventKey>
<MenuId>427588424</MenuId>
</xml>

2018-04-09 17:59:33 params :
------------
Array:
message : Array ;
module : basic ;
rule : 11 ;
priority : 0 ;
keyword : Array ;

2018-04-09 17:59:33 response :
------------
Array:
FromUserName : gh_3280735b50d8 ;
ToUserName : oyWTK1IUyCGpqjp1szPmiwFsxZ9c ;
MsgType : text ;
Content : 欢迎关注黔满园荣贵微信公众号！ ;

2018-04-09 17:59:37 trace :
------------
String:
<xml><ToUserName><![CDATA[gh_3280735b50d8]]></ToUserName>
<FromUserName><![CDATA[oyWTK1IUyCGpqjp1szPmiwFsxZ9c]]></FromUserName>
<CreateTime>1523267977</CreateTime>
<MsgType><![CDATA[event]]></MsgType>
<Event><![CDATA[VIEW]]></Event>
<EventKey><![CDATA[http://www.gzqtbw.com/app/index.php?i=10&c=home&t=12]]></EventKey>
<MenuId>427588424</MenuId>
</xml>

2018-04-09 17:59:37 params :
------------
Array:
message : Array ;
module : basic ;
rule : 11 ;
priority : 0 ;
keyword : Array ;

2018-04-09 17:59:37 response :
------------
Array:
FromUserName : gh_3280735b50d8 ;
ToUserName : oyWTK1IUyCGpqjp1szPmiwFsxZ9c ;
MsgType : text ;
Content : 欢迎关注黔满园荣贵微信公众号！ ;

2018-04-09 22:02:20 trace :
------------
String:
<xml><ToUserName><![CDATA[gh_3280735b50d8]]></ToUserName>
<FromUserName><![CDATA[oyWTK1IrexEX4kKilx_UHHbinPzc]]></FromUserName>
<CreateTime>1523282540</CreateTime>
<MsgType><![CDATA[event]]></MsgType>
<Event><![CDATA[subscribe]]></Event>
<EventKey><![CDATA[]]></EventKey>
</xml>

2018-04-09 22:02:20 params :
------------
Array:
message : Array ;
module : basic ;
rule : 11 ;
priority : 0 ;
keyword : Array ;

2018-04-09 22:02:20 response :
------------
Array:
FromUserName : gh_3280735b50d8 ;
ToUserName : oyWTK1IrexEX4kKilx_UHHbinPzc ;
MsgType : text ;
Content : 欢迎关注黔满园荣贵微信公众号！ ;

2018-04-09 22:02:22 trace :
------------
String:
<xml><ToUserName><![CDATA[gh_3280735b50d8]]></ToUserName>
<FromUserName><![CDATA[oyWTK1IrexEX4kKilx_UHHbinPzc]]></FromUserName>
<CreateTime>1523282542</CreateTime>
<MsgType><![CDATA[event]]></MsgType>
<Event><![CDATA[VIEW]]></Event>
<EventKey><![CDATA[http://www.gzqtbw.com/app/index.php?i=10&c=home&t=12]]></EventKey>
<MenuId>427588424</MenuId>
</xml>

2018-04-09 22:02:22 params :
------------
Array:
message : Array ;
module : basic ;
rule : 11 ;
priority : 0 ;
keyword : Array ;

2018-04-09 22:02:22 response :
------------
Array:
FromUserName : gh_3280735b50d8 ;
ToUserName : oyWTK1IrexEX4kKilx_UHHbinPzc ;
MsgType : text ;
Content : 欢迎关注黔满园荣贵微信公众号！ ;

