2018-05-10 07:46:32 trace :
------------
String:
<xml><ToUserName><![CDATA[gh_94895cfd80a6]]></ToUserName>
<FromUserName><![CDATA[o92jL0SPq-un3jq7dHEqVIFqHA-g]]></FromUserName>
<CreateTime>1525909592</CreateTime>
<MsgType><![CDATA[event]]></MsgType>
<Event><![CDATA[VIEW]]></Event>
<EventKey><![CDATA[http://www.gzqtbw.com/app/index.php?i=20&c=home&t=32]]></EventKey>
<MenuId>476348390</MenuId>
</xml>

2018-05-10 07:46:32 params :
------------
Array:
message : Array ;
module : basic ;
rule : 29 ;
priority : 0 ;
keyword : Array ;

2018-05-10 07:46:32 response :
------------
Array:
FromUserName : gh_94895cfd80a6 ;
ToUserName : o92jL0SPq-un3jq7dHEqVIFqHA-g ;
MsgType : text ;
Content : 您好，欢迎关注赫章一小微信公众号！ ;

2018-05-10 07:47:23 trace :
------------
String:
<xml><ToUserName><![CDATA[gh_94895cfd80a6]]></ToUserName>
<FromUserName><![CDATA[o92jL0SPq-un3jq7dHEqVIFqHA-g]]></FromUserName>
<CreateTime>1525909643</CreateTime>
<MsgType><![CDATA[event]]></MsgType>
<Event><![CDATA[VIEW]]></Event>
<EventKey><![CDATA[http://www.gzqtbw.com/app/index.php?i=20&c=home&t=32]]></EventKey>
<MenuId>476348390</MenuId>
</xml>

2018-05-10 07:47:23 params :
------------
Array:
message : Array ;
module : basic ;
rule : 29 ;
priority : 0 ;
keyword : Array ;

2018-05-10 07:47:23 response :
------------
Array:
FromUserName : gh_94895cfd80a6 ;
ToUserName : o92jL0SPq-un3jq7dHEqVIFqHA-g ;
MsgType : text ;
Content : 您好，欢迎关注赫章一小微信公众号！ ;

2018-05-10 21:45:24 trace :
------------
String:
<xml><ToUserName><![CDATA[gh_a9b445bf4f73]]></ToUserName>
<FromUserName><![CDATA[oaQb9wXrw7fQFLf1q7oz0P5dVpo8]]></FromUserName>
<CreateTime>1525959923</CreateTime>
<MsgType><![CDATA[event]]></MsgType>
<Event><![CDATA[VIEW]]></Event>
<EventKey><![CDATA[http://mb.gzqtbw.com]]></EventKey>
<MenuId>424172745</MenuId>
</xml>

2018-05-10 21:45:24 params :
------------
Array:
message : Array ;
module : basic ;
rule : 16 ;
priority : 0 ;
keyword : Array ;

2018-05-10 21:45:24 response :
------------
Array:
FromUserName : gh_a9b445bf4f73 ;
ToUserName : oaQb9wXrw7fQFLf1q7oz0P5dVpo8 ;
MsgType : text ;
Content : 欢迎关注贵州博达云科技发展有限公司！ ;

2018-05-10 22:27:29 trace :
------------
String:
<xml><ToUserName><![CDATA[gh_a9b445bf4f73]]></ToUserName>
<FromUserName><![CDATA[oaQb9wXrw7fQFLf1q7oz0P5dVpo8]]></FromUserName>
<CreateTime>1525962448</CreateTime>
<MsgType><![CDATA[event]]></MsgType>
<Event><![CDATA[VIEW]]></Event>
<EventKey><![CDATA[http://mb.gzqtbw.com]]></EventKey>
<MenuId>424172745</MenuId>
</xml>

2018-05-10 22:27:29 params :
------------
Array:
message : Array ;
module : basic ;
rule : 16 ;
priority : 0 ;
keyword : Array ;

2018-05-10 22:27:29 response :
------------
Array:
FromUserName : gh_a9b445bf4f73 ;
ToUserName : oaQb9wXrw7fQFLf1q7oz0P5dVpo8 ;
MsgType : text ;
Content : 欢迎关注贵州博达云科技发展有限公司！ ;

2018-05-10 22:32:55 trace :
------------
String:
<xml><ToUserName><![CDATA[gh_a9b445bf4f73]]></ToUserName>
<FromUserName><![CDATA[oaQb9wZViteXF8_FYy0UYnvMiE7o]]></FromUserName>
<CreateTime>1525962775</CreateTime>
<MsgType><![CDATA[event]]></MsgType>
<Event><![CDATA[VIEW]]></Event>
<EventKey><![CDATA[http://mb.gzqtbw.com]]></EventKey>
<MenuId>424172745</MenuId>
</xml>

2018-05-10 22:32:55 params :
------------
Array:
message : Array ;
module : basic ;
rule : 16 ;
priority : 0 ;
keyword : Array ;

2018-05-10 22:32:55 response :
------------
Array:
FromUserName : gh_a9b445bf4f73 ;
ToUserName : oaQb9wZViteXF8_FYy0UYnvMiE7o ;
MsgType : text ;
Content : 欢迎关注贵州博达云科技发展有限公司！ ;

2018-05-10 22:38:27 trace :
------------
String:
<xml><ToUserName><![CDATA[gh_a9b445bf4f73]]></ToUserName>
<FromUserName><![CDATA[oaQb9wZViteXF8_FYy0UYnvMiE7o]]></FromUserName>
<CreateTime>1525963106</CreateTime>
<MsgType><![CDATA[event]]></MsgType>
<Event><![CDATA[VIEW]]></Event>
<EventKey><![CDATA[http://mb.gzqtbw.com]]></EventKey>
<MenuId>424172745</MenuId>
</xml>

2018-05-10 22:38:27 params :
------------
Array:
message : Array ;
module : basic ;
rule : 16 ;
priority : 0 ;
keyword : Array ;

2018-05-10 22:38:27 response :
------------
Array:
FromUserName : gh_a9b445bf4f73 ;
ToUserName : oaQb9wZViteXF8_FYy0UYnvMiE7o ;
MsgType : text ;
Content : 欢迎关注贵州博达云科技发展有限公司！ ;

2018-05-10 22:50:56 trace :
------------
String:
<xml><ToUserName><![CDATA[gh_a9b445bf4f73]]></ToUserName>
<FromUserName><![CDATA[oaQb9wZViteXF8_FYy0UYnvMiE7o]]></FromUserName>
<CreateTime>1525963855</CreateTime>
<MsgType><![CDATA[event]]></MsgType>
<Event><![CDATA[VIEW]]></Event>
<EventKey><![CDATA[http://mb.gzqtbw.com]]></EventKey>
<MenuId>424172745</MenuId>
</xml>

2018-05-10 22:50:56 params :
------------
Array:
message : Array ;
module : basic ;
rule : 16 ;
priority : 0 ;
keyword : Array ;

2018-05-10 22:50:56 response :
------------
Array:
FromUserName : gh_a9b445bf4f73 ;
ToUserName : oaQb9wZViteXF8_FYy0UYnvMiE7o ;
MsgType : text ;
Content : 欢迎关注贵州博达云科技发展有限公司！ ;

2018-05-10 22:53:26 trace :
------------
String:
<xml><ToUserName><![CDATA[gh_a9b445bf4f73]]></ToUserName>
<FromUserName><![CDATA[oaQb9wZViteXF8_FYy0UYnvMiE7o]]></FromUserName>
<CreateTime>1525964005</CreateTime>
<MsgType><![CDATA[event]]></MsgType>
<Event><![CDATA[VIEW]]></Event>
<EventKey><![CDATA[http://mb.gzqtbw.com]]></EventKey>
<MenuId>424172745</MenuId>
</xml>

2018-05-10 22:53:26 params :
------------
Array:
message : Array ;
module : basic ;
rule : 16 ;
priority : 0 ;
keyword : Array ;

2018-05-10 22:53:26 response :
------------
Array:
FromUserName : gh_a9b445bf4f73 ;
ToUserName : oaQb9wZViteXF8_FYy0UYnvMiE7o ;
MsgType : text ;
Content : 欢迎关注贵州博达云科技发展有限公司！ ;

2018-05-10 22:55:55 trace :
------------
String:
<xml><ToUserName><![CDATA[gh_a9b445bf4f73]]></ToUserName>
<FromUserName><![CDATA[oaQb9wZViteXF8_FYy0UYnvMiE7o]]></FromUserName>
<CreateTime>1525964155</CreateTime>
<MsgType><![CDATA[event]]></MsgType>
<Event><![CDATA[VIEW]]></Event>
<EventKey><![CDATA[http://mb.gzqtbw.com]]></EventKey>
<MenuId>424172745</MenuId>
</xml>

2018-05-10 22:55:55 params :
------------
Array:
message : Array ;
module : basic ;
rule : 16 ;
priority : 0 ;
keyword : Array ;

2018-05-10 22:55:55 response :
------------
Array:
FromUserName : gh_a9b445bf4f73 ;
ToUserName : oaQb9wZViteXF8_FYy0UYnvMiE7o ;
MsgType : text ;
Content : 欢迎关注贵州博达云科技发展有限公司！ ;

2018-05-10 22:57:16 trace :
------------
String:
<xml><ToUserName><![CDATA[gh_a9b445bf4f73]]></ToUserName>
<FromUserName><![CDATA[oaQb9wZViteXF8_FYy0UYnvMiE7o]]></FromUserName>
<CreateTime>1525964235</CreateTime>
<MsgType><![CDATA[event]]></MsgType>
<Event><![CDATA[VIEW]]></Event>
<EventKey><![CDATA[http://mb.gzqtbw.com]]></EventKey>
<MenuId>424172745</MenuId>
</xml>

2018-05-10 22:57:16 params :
------------
Array:
message : Array ;
module : basic ;
rule : 16 ;
priority : 0 ;
keyword : Array ;

2018-05-10 22:57:16 response :
------------
Array:
FromUserName : gh_a9b445bf4f73 ;
ToUserName : oaQb9wZViteXF8_FYy0UYnvMiE7o ;
MsgType : text ;
Content : 欢迎关注贵州博达云科技发展有限公司！ ;

2018-05-10 23:11:25 trace :
------------
String:
<xml><ToUserName><![CDATA[gh_a9b445bf4f73]]></ToUserName>
<FromUserName><![CDATA[oaQb9wZViteXF8_FYy0UYnvMiE7o]]></FromUserName>
<CreateTime>1525965085</CreateTime>
<MsgType><![CDATA[event]]></MsgType>
<Event><![CDATA[VIEW]]></Event>
<EventKey><![CDATA[http://mb.gzqtbw.com]]></EventKey>
<MenuId>424172745</MenuId>
</xml>

2018-05-10 23:11:25 params :
------------
Array:
message : Array ;
module : basic ;
rule : 16 ;
priority : 0 ;
keyword : Array ;

2018-05-10 23:11:25 response :
------------
Array:
FromUserName : gh_a9b445bf4f73 ;
ToUserName : oaQb9wZViteXF8_FYy0UYnvMiE7o ;
MsgType : text ;
Content : 欢迎关注贵州博达云科技发展有限公司！ ;

