2018-08-09 04:16:39 trace :
------------
String:
<xml><ToUserName><![CDATA[gh_e35f14d80eb1]]></ToUserName>
<FromUserName><![CDATA[on8J51jZ6uzVlAwJed-kK_9-6P4k]]></FromUserName>
<CreateTime>1533759398</CreateTime>
<MsgType><![CDATA[event]]></MsgType>
<Event><![CDATA[annual_renew]]></Event>
<ExpiredTime>1541492318</ExpiredTime>
</xml>

2018-08-09 04:16:39 params :
------------
Array:
message : Array ;
module : basic ;
rule : 17 ;
priority : 0 ;
keyword : Array ;

2018-08-09 04:16:39 response :
------------
Array:
FromUserName : gh_e35f14d80eb1 ;
ToUserName : on8J51jZ6uzVlAwJed-kK_9-6P4k ;
MsgType : text ;
Content : 欢迎关注华润哆妮宝贝母婴店 ;

2018-08-09 14:11:01 trace :
------------
String:
<xml><ToUserName><![CDATA[gh_a9b445bf4f73]]></ToUserName>
<FromUserName><![CDATA[oaQb9wX0ClMgMf6B4Z-9vMtDK2_M]]></FromUserName>
<CreateTime>1533795061</CreateTime>
<MsgType><![CDATA[event]]></MsgType>
<Event><![CDATA[VIEW]]></Event>
<EventKey><![CDATA[http://www.gzqtbw.com/app/index.php?i=16&c=site&a=site&do=detail&id=39]]></EventKey>
<MenuId>424172745</MenuId>
</xml>

2018-08-09 14:11:01 params :
------------
Array:
message : Array ;
module : basic ;
rule : 16 ;
priority : 0 ;
keyword : Array ;

2018-08-09 14:11:01 response :
------------
Array:
FromUserName : gh_a9b445bf4f73 ;
ToUserName : oaQb9wX0ClMgMf6B4Z-9vMtDK2_M ;
MsgType : text ;
Content : 欢迎关注贵州博达云科技发展有限公司！ ;

2018-08-09 20:20:14 trace :
------------
String:
<xml><ToUserName><![CDATA[gh_387f2586a480]]></ToUserName>
<FromUserName><![CDATA[oHlBevwg4GqeneC7gjsu91FMFM-A]]></FromUserName>
<CreateTime>1533817214</CreateTime>
<MsgType><![CDATA[event]]></MsgType>
<Event><![CDATA[subscribe]]></Event>
<EventKey><![CDATA[]]></EventKey>
</xml>

2018-08-09 20:20:14 params :
------------
Array:
message : Array ;
module : basic ;
rule : 13 ;
priority : 0 ;
keyword : Array ;

2018-08-09 20:20:14 response :
------------
Array:
FromUserName : gh_387f2586a480 ;
ToUserName : oHlBevwg4GqeneC7gjsu91FMFM-A ;
MsgType : text ;
Content : 欢迎关注李记梧桐人家微信公众号！ ;

2018-08-09 20:21:09 trace :
------------
String:
<xml><ToUserName><![CDATA[gh_387f2586a480]]></ToUserName>
<FromUserName><![CDATA[oHlBevwg4GqeneC7gjsu91FMFM-A]]></FromUserName>
<CreateTime>1533817269</CreateTime>
<MsgType><![CDATA[event]]></MsgType>
<Event><![CDATA[VIEW]]></Event>
<EventKey><![CDATA[http://www.gzqtbw.com/app/index.php?i=12&c=home&t=15]]></EventKey>
<MenuId>602413748</MenuId>
</xml>

2018-08-09 20:21:09 params :
------------
Array:
message : Array ;
module : basic ;
rule : 13 ;
priority : 0 ;
keyword : Array ;

2018-08-09 20:21:09 response :
------------
Array:
FromUserName : gh_387f2586a480 ;
ToUserName : oHlBevwg4GqeneC7gjsu91FMFM-A ;
MsgType : text ;
Content : 欢迎关注李记梧桐人家微信公众号！ ;

2018-08-09 20:21:24 trace :
------------
String:
<xml><ToUserName><![CDATA[gh_387f2586a480]]></ToUserName>
<FromUserName><![CDATA[oHlBevwg4GqeneC7gjsu91FMFM-A]]></FromUserName>
<CreateTime>1533817284</CreateTime>
<MsgType><![CDATA[event]]></MsgType>
<Event><![CDATA[VIEW]]></Event>
<EventKey><![CDATA[http://www.gzqtbw.com/app/index.php?i=12&c=site&a=site&do=detail&id=10]]></EventKey>
<MenuId>602413748</MenuId>
</xml>

2018-08-09 20:21:24 params :
------------
Array:
message : Array ;
module : basic ;
rule : 13 ;
priority : 0 ;
keyword : Array ;

2018-08-09 20:21:24 response :
------------
Array:
FromUserName : gh_387f2586a480 ;
ToUserName : oHlBevwg4GqeneC7gjsu91FMFM-A ;
MsgType : text ;
Content : 欢迎关注李记梧桐人家微信公众号！ ;

2018-08-09 22:54:34 trace :
------------
String:
<xml><ToUserName><![CDATA[gh_a9b445bf4f73]]></ToUserName>
<FromUserName><![CDATA[oaQb9waUZggcMhxOfTnK7gAQ3HGs]]></FromUserName>
<CreateTime>1533826474</CreateTime>
<MsgType><![CDATA[event]]></MsgType>
<Event><![CDATA[VIEW]]></Event>
<EventKey><![CDATA[http://mb.gzqtbw.com]]></EventKey>
<MenuId>424172745</MenuId>
</xml>

2018-08-09 22:54:34 params :
------------
Array:
message : Array ;
module : basic ;
rule : 16 ;
priority : 0 ;
keyword : Array ;

2018-08-09 22:54:34 response :
------------
Array:
FromUserName : gh_a9b445bf4f73 ;
ToUserName : oaQb9waUZggcMhxOfTnK7gAQ3HGs ;
MsgType : text ;
Content : 欢迎关注贵州博达云科技发展有限公司！ ;

