2018-02-22 07:48:16 trace :
------------
String:
<xml><ToUserName><![CDATA[gh_3280735b50d8]]></ToUserName>
<FromUserName><![CDATA[oyWTK1IVmGJdmXNIq_OaNERttrrY]]></FromUserName>
<CreateTime>1519256895</CreateTime>
<MsgType><![CDATA[event]]></MsgType>
<Event><![CDATA[VIEW]]></Event>
<EventKey><![CDATA[http://www.gzqtbw.com/app/index.php?i=10&c=mc&a=card&do=sign_display&]]></EventKey>
<MenuId>427588424</MenuId>
</xml>

2018-02-22 07:48:16 params :
------------
Array:
message : Array ;
module : basic ;
rule : 11 ;
priority : 0 ;
keyword : Array ;

2018-02-22 07:48:16 response :
------------
Array:
FromUserName : gh_3280735b50d8 ;
ToUserName : oyWTK1IVmGJdmXNIq_OaNERttrrY ;
MsgType : text ;
Content : 欢迎关注黔满园荣贵微信公众号！ ;

2018-02-22 17:04:47 trace :
------------
Array:
errno : -1 ;
message : 微信公众平台返回接口错误. 
错误代码为: 40005 
,错误描述为: appid 校验错误 ;

2018-02-22 17:04:47 waring :
------------
String:
Request Failed

2018-02-22 23:25:17 trace :
------------
Array:
errno : -1 ;
message : 微信公众平台返回接口错误. 
错误代码为: 40005 
,错误描述为: appid 校验错误 ;

2018-02-22 23:25:17 waring :
------------
String:
Request Failed

