2018-07-26 07:26:34 trace :
------------
String:
<xml><ToUserName><![CDATA[gh_3280735b50d8]]></ToUserName>
<FromUserName><![CDATA[oyWTK1D_8xWdZ5JfIC8K4Dr_InQc]]></FromUserName>
<CreateTime>1532561194</CreateTime>
<MsgType><![CDATA[event]]></MsgType>
<Event><![CDATA[subscribe]]></Event>
<EventKey><![CDATA[]]></EventKey>
</xml>

2018-07-26 07:26:34 params :
------------
Array:
message : Array ;
module : basic ;
rule : 11 ;
priority : 0 ;
keyword : Array ;

2018-07-26 07:26:34 response :
------------
Array:
FromUserName : gh_3280735b50d8 ;
ToUserName : oyWTK1D_8xWdZ5JfIC8K4Dr_InQc ;
MsgType : text ;
Content : 欢迎关注黔满园荣贵微信公众号！ ;

2018-07-26 07:26:37 trace :
------------
String:
<xml><ToUserName><![CDATA[gh_3280735b50d8]]></ToUserName>
<FromUserName><![CDATA[oyWTK1D_8xWdZ5JfIC8K4Dr_InQc]]></FromUserName>
<CreateTime>1532561197</CreateTime>
<MsgType><![CDATA[event]]></MsgType>
<Event><![CDATA[VIEW]]></Event>
<EventKey><![CDATA[http://www.gzqtbw.com/app/index.php?i=10&c=home&t=12]]></EventKey>
<MenuId>427588424</MenuId>
</xml>

2018-07-26 07:26:37 params :
------------
Array:
message : Array ;
module : basic ;
rule : 11 ;
priority : 0 ;
keyword : Array ;

2018-07-26 07:26:37 response :
------------
Array:
FromUserName : gh_3280735b50d8 ;
ToUserName : oyWTK1D_8xWdZ5JfIC8K4Dr_InQc ;
MsgType : text ;
Content : 欢迎关注黔满园荣贵微信公众号！ ;

2018-07-26 13:21:31 trace :
------------
Array:
errno : -1 ;
message : 微信公众平台返回接口错误. 
错误代码为: 40005 
,错误描述为: appid 校验错误 ;

2018-07-26 13:21:31 waring :
------------
String:
Request Failed

2018-07-26 13:21:34 trace :
------------
Array:
errno : -1 ;
message : 微信公众平台返回接口错误. 
错误代码为: 40005 
,错误描述为: appid 校验错误 ;

2018-07-26 13:21:34 waring :
------------
String:
Request Failed

2018-07-26 13:21:42 trace :
------------
Array:
errno : -1 ;
message : 微信公众平台返回接口错误. 
错误代码为: 40005 
,错误描述为: appid 校验错误 ;

2018-07-26 13:21:42 waring :
------------
String:
Request Failed

2018-07-26 13:52:29 trace :
------------
String:
<xml><ToUserName><![CDATA[gh_a9b445bf4f73]]></ToUserName>
<FromUserName><![CDATA[oaQb9wT-ac5F3hz8_FipJEBm-sQk]]></FromUserName>
<CreateTime>1532584349</CreateTime>
<MsgType><![CDATA[event]]></MsgType>
<Event><![CDATA[VIEW]]></Event>
<EventKey><![CDATA[http://mb.gzqtbw.com]]></EventKey>
<MenuId>424172745</MenuId>
</xml>

2018-07-26 13:52:29 params :
------------
Array:
message : Array ;
module : basic ;
rule : 16 ;
priority : 0 ;
keyword : Array ;

2018-07-26 13:52:29 response :
------------
Array:
FromUserName : gh_a9b445bf4f73 ;
ToUserName : oaQb9wT-ac5F3hz8_FipJEBm-sQk ;
MsgType : text ;
Content : 欢迎关注贵州博达云科技发展有限公司！ ;

2018-07-26 13:58:11 trace :
------------
String:
<xml><ToUserName><![CDATA[gh_a9b445bf4f73]]></ToUserName>
<FromUserName><![CDATA[oaQb9wT-ac5F3hz8_FipJEBm-sQk]]></FromUserName>
<CreateTime>1532584691</CreateTime>
<MsgType><![CDATA[event]]></MsgType>
<Event><![CDATA[VIEW]]></Event>
<EventKey><![CDATA[http://mb.gzqtbw.com]]></EventKey>
<MenuId>424172745</MenuId>
</xml>

2018-07-26 13:58:11 params :
------------
Array:
message : Array ;
module : basic ;
rule : 16 ;
priority : 0 ;
keyword : Array ;

2018-07-26 13:58:11 response :
------------
Array:
FromUserName : gh_a9b445bf4f73 ;
ToUserName : oaQb9wT-ac5F3hz8_FipJEBm-sQk ;
MsgType : text ;
Content : 欢迎关注贵州博达云科技发展有限公司！ ;

2018-07-26 15:01:46 trace :
------------
String:
<xml><ToUserName><![CDATA[gh_a9b445bf4f73]]></ToUserName>
<FromUserName><![CDATA[oaQb9wT-ac5F3hz8_FipJEBm-sQk]]></FromUserName>
<CreateTime>1532588506</CreateTime>
<MsgType><![CDATA[event]]></MsgType>
<Event><![CDATA[VIEW]]></Event>
<EventKey><![CDATA[http://mb.gzqtbw.com]]></EventKey>
<MenuId>424172745</MenuId>
</xml>

2018-07-26 15:01:46 params :
------------
Array:
message : Array ;
module : basic ;
rule : 16 ;
priority : 0 ;
keyword : Array ;

2018-07-26 15:01:46 response :
------------
Array:
FromUserName : gh_a9b445bf4f73 ;
ToUserName : oaQb9wT-ac5F3hz8_FipJEBm-sQk ;
MsgType : text ;
Content : 欢迎关注贵州博达云科技发展有限公司！ ;

2018-07-26 15:22:34 trace :
------------
String:
<xml><ToUserName><![CDATA[gh_a9b445bf4f73]]></ToUserName>
<FromUserName><![CDATA[oaQb9wT-ac5F3hz8_FipJEBm-sQk]]></FromUserName>
<CreateTime>1532589753</CreateTime>
<MsgType><![CDATA[event]]></MsgType>
<Event><![CDATA[VIEW]]></Event>
<EventKey><![CDATA[http://mb.gzqtbw.com]]></EventKey>
<MenuId>424172745</MenuId>
</xml>

2018-07-26 15:22:34 params :
------------
Array:
message : Array ;
module : basic ;
rule : 16 ;
priority : 0 ;
keyword : Array ;

2018-07-26 15:22:34 response :
------------
Array:
FromUserName : gh_a9b445bf4f73 ;
ToUserName : oaQb9wT-ac5F3hz8_FipJEBm-sQk ;
MsgType : text ;
Content : 欢迎关注贵州博达云科技发展有限公司！ ;

2018-07-26 17:51:53 trace :
------------
String:
<xml><ToUserName><![CDATA[gh_387f2586a480]]></ToUserName>
<FromUserName><![CDATA[oHlBev8VWKOEJ1Fa4G7eS6F8Oa4k]]></FromUserName>
<CreateTime>1532598712</CreateTime>
<MsgType><![CDATA[event]]></MsgType>
<Event><![CDATA[subscribe]]></Event>
<EventKey><![CDATA[]]></EventKey>
</xml>

2018-07-26 17:51:53 params :
------------
Array:
message : Array ;
module : basic ;
rule : 13 ;
priority : 0 ;
keyword : Array ;

2018-07-26 17:51:53 response :
------------
Array:
FromUserName : gh_387f2586a480 ;
ToUserName : oHlBev8VWKOEJ1Fa4G7eS6F8Oa4k ;
MsgType : text ;
Content : 欢迎关注李记梧桐人家微信公众号！ ;

2018-07-26 17:51:56 trace :
------------
String:
<xml><ToUserName><![CDATA[gh_387f2586a480]]></ToUserName>
<FromUserName><![CDATA[oHlBev8VWKOEJ1Fa4G7eS6F8Oa4k]]></FromUserName>
<CreateTime>1532598716</CreateTime>
<MsgType><![CDATA[event]]></MsgType>
<Event><![CDATA[VIEW]]></Event>
<EventKey><![CDATA[http://www.gzqtbw.com/app/index.php?i=12&c=home&t=15]]></EventKey>
<MenuId>602413748</MenuId>
</xml>

2018-07-26 17:51:56 params :
------------
Array:
message : Array ;
module : basic ;
rule : 13 ;
priority : 0 ;
keyword : Array ;

2018-07-26 17:51:56 response :
------------
Array:
FromUserName : gh_387f2586a480 ;
ToUserName : oHlBev8VWKOEJ1Fa4G7eS6F8Oa4k ;
MsgType : text ;
Content : 欢迎关注李记梧桐人家微信公众号！ ;

2018-07-26 17:52:02 trace :
------------
String:
<xml><ToUserName><![CDATA[gh_387f2586a480]]></ToUserName>
<FromUserName><![CDATA[oHlBev8VWKOEJ1Fa4G7eS6F8Oa4k]]></FromUserName>
<CreateTime>1532598721</CreateTime>
<MsgType><![CDATA[event]]></MsgType>
<Event><![CDATA[VIEW]]></Event>
<EventKey><![CDATA[http://www.gzqtbw.com/app/index.php?i=12&c=site&a=site&do=detail&id=11]]></EventKey>
<MenuId>602413748</MenuId>
</xml>

2018-07-26 17:52:02 params :
------------
Array:
message : Array ;
module : basic ;
rule : 13 ;
priority : 0 ;
keyword : Array ;

2018-07-26 17:52:02 response :
------------
Array:
FromUserName : gh_387f2586a480 ;
ToUserName : oHlBev8VWKOEJ1Fa4G7eS6F8Oa4k ;
MsgType : text ;
Content : 欢迎关注李记梧桐人家微信公众号！ ;

2018-07-26 18:50:30 trace :
------------
String:
<xml><ToUserName><![CDATA[gh_3280735b50d8]]></ToUserName>
<FromUserName><![CDATA[oyWTK1EG88yQGCKzhmsQGXR43YmA]]></FromUserName>
<CreateTime>1532602230</CreateTime>
<MsgType><![CDATA[event]]></MsgType>
<Event><![CDATA[unsubscribe]]></Event>
<EventKey><![CDATA[]]></EventKey>
</xml>

