2018-08-20 09:51:18 trace :
------------
String:
<xml><ToUserName><![CDATA[gh_94895cfd80a6]]></ToUserName>
<FromUserName><![CDATA[o92jL0bFh7twJNPfms7wW9Xo4_lI]]></FromUserName>
<CreateTime>1534729878</CreateTime>
<MsgType><![CDATA[event]]></MsgType>
<Event><![CDATA[subscribe]]></Event>
<EventKey><![CDATA[]]></EventKey>
</xml>

2018-08-20 09:51:18 params :
------------
Array:
message : Array ;
module : basic ;
rule : 29 ;
priority : 0 ;
keyword : Array ;

2018-08-20 09:51:18 response :
------------
Array:
FromUserName : gh_94895cfd80a6 ;
ToUserName : o92jL0bFh7twJNPfms7wW9Xo4_lI ;
MsgType : text ;
Content : 您好，欢迎关注赫章一小微信公众号！ ;

2018-08-20 09:51:31 trace :
------------
String:
<xml><ToUserName><![CDATA[gh_94895cfd80a6]]></ToUserName>
<FromUserName><![CDATA[o92jL0bFh7twJNPfms7wW9Xo4_lI]]></FromUserName>
<CreateTime>1534729891</CreateTime>
<MsgType><![CDATA[event]]></MsgType>
<Event><![CDATA[VIEW]]></Event>
<EventKey><![CDATA[http://www.gzqtbw.com/app/index.php?i=20&c=home&t=32]]></EventKey>
<MenuId>476348390</MenuId>
</xml>

2018-08-20 09:51:31 params :
------------
Array:
message : Array ;
module : basic ;
rule : 29 ;
priority : 0 ;
keyword : Array ;

2018-08-20 09:51:31 response :
------------
Array:
FromUserName : gh_94895cfd80a6 ;
ToUserName : o92jL0bFh7twJNPfms7wW9Xo4_lI ;
MsgType : text ;
Content : 您好，欢迎关注赫章一小微信公众号！ ;

2018-08-20 10:59:45 trace :
------------
String:
<xml><ToUserName><![CDATA[gh_07a7ab1e550f]]></ToUserName>
<FromUserName><![CDATA[oBqpn1SqEGwm1Q4acZOxfHcLC-1M]]></FromUserName>
<CreateTime>1534733985</CreateTime>
<MsgType><![CDATA[event]]></MsgType>
<Event><![CDATA[VIEW]]></Event>
<EventKey><![CDATA[http://www.gzqtbw.com/app/index.php?i=18&c=entry&do=shop&m=ewei_shop]]></EventKey>
<MenuId>442049859</MenuId>
</xml>

2018-08-20 10:59:45 params :
------------
Array:
message : Array ;
module : basic ;
rule : 20 ;
priority : 0 ;
keyword : Array ;

2018-08-20 10:59:45 response :
------------
Array:
FromUserName : gh_07a7ab1e550f ;
ToUserName : oBqpn1SqEGwm1Q4acZOxfHcLC-1M ;
MsgType : text ;
Content : 感谢关注贵州罗甸红心火龙果/爱心 ;

2018-08-20 11:00:47 trace :
------------
String:
<xml><ToUserName><![CDATA[gh_07a7ab1e550f]]></ToUserName>
<FromUserName><![CDATA[oBqpn1SqEGwm1Q4acZOxfHcLC-1M]]></FromUserName>
<CreateTime>1534734047</CreateTime>
<MsgType><![CDATA[event]]></MsgType>
<Event><![CDATA[VIEW]]></Event>
<EventKey><![CDATA[http://www.gzqtbw.com/app/index.php?i=18&c=entry&do=shop&m=ewei_shop]]></EventKey>
<MenuId>442049859</MenuId>
</xml>

2018-08-20 11:00:47 params :
------------
Array:
message : Array ;
module : basic ;
rule : 20 ;
priority : 0 ;
keyword : Array ;

2018-08-20 11:00:47 response :
------------
Array:
FromUserName : gh_07a7ab1e550f ;
ToUserName : oBqpn1SqEGwm1Q4acZOxfHcLC-1M ;
MsgType : text ;
Content : 感谢关注贵州罗甸红心火龙果/爱心 ;

2018-08-20 11:00:58 trace :
------------
String:
<xml><ToUserName><![CDATA[gh_07a7ab1e550f]]></ToUserName>
<FromUserName><![CDATA[oBqpn1SqEGwm1Q4acZOxfHcLC-1M]]></FromUserName>
<CreateTime>1534734058</CreateTime>
<MsgType><![CDATA[event]]></MsgType>
<Event><![CDATA[VIEW]]></Event>
<EventKey><![CDATA[http://www.gzqtbw.com/app/index.php?i=18&c=entry&do=shop&m=ewei_shop]]></EventKey>
<MenuId>442049859</MenuId>
</xml>

2018-08-20 11:00:58 params :
------------
Array:
message : Array ;
module : basic ;
rule : 20 ;
priority : 0 ;
keyword : Array ;

2018-08-20 11:00:58 response :
------------
Array:
FromUserName : gh_07a7ab1e550f ;
ToUserName : oBqpn1SqEGwm1Q4acZOxfHcLC-1M ;
MsgType : text ;
Content : 感谢关注贵州罗甸红心火龙果/爱心 ;

2018-08-20 12:32:10 trace :
------------
String:
<xml><ToUserName><![CDATA[gh_94895cfd80a6]]></ToUserName>
<FromUserName><![CDATA[o92jL0bFh7twJNPfms7wW9Xo4_lI]]></FromUserName>
<CreateTime>1534739530</CreateTime>
<MsgType><![CDATA[event]]></MsgType>
<Event><![CDATA[VIEW]]></Event>
<EventKey><![CDATA[http://www.gzqtbw.com/app/index.php?i=20&c=home&t=32]]></EventKey>
<MenuId>476348390</MenuId>
</xml>

2018-08-20 12:32:10 params :
------------
Array:
message : Array ;
module : basic ;
rule : 29 ;
priority : 0 ;
keyword : Array ;

2018-08-20 12:32:10 response :
------------
Array:
FromUserName : gh_94895cfd80a6 ;
ToUserName : o92jL0bFh7twJNPfms7wW9Xo4_lI ;
MsgType : text ;
Content : 您好，欢迎关注赫章一小微信公众号！ ;

