2018-08-12 19:52:49 trace :
------------
String:
<xml><ToUserName><![CDATA[gh_3280735b50d8]]></ToUserName>
<FromUserName><![CDATA[oyWTK1ONRkTAz3gNryvZg7qoeDbs]]></FromUserName>
<CreateTime>1534074769</CreateTime>
<MsgType><![CDATA[event]]></MsgType>
<Event><![CDATA[subscribe]]></Event>
<EventKey><![CDATA[]]></EventKey>
</xml>

2018-08-12 19:52:49 params :
------------
Array:
message : Array ;
module : basic ;
rule : 11 ;
priority : 0 ;
keyword : Array ;

2018-08-12 19:52:49 response :
------------
Array:
FromUserName : gh_3280735b50d8 ;
ToUserName : oyWTK1ONRkTAz3gNryvZg7qoeDbs ;
MsgType : text ;
Content : 欢迎关注黔满园荣贵微信公众号！ ;

2018-08-12 19:53:05 trace :
------------
String:
<xml><ToUserName><![CDATA[gh_3280735b50d8]]></ToUserName>
<FromUserName><![CDATA[oyWTK1ONRkTAz3gNryvZg7qoeDbs]]></FromUserName>
<CreateTime>1534074785</CreateTime>
<MsgType><![CDATA[text]]></MsgType>
<Content><![CDATA[电话是多少]]></Content>
<MsgId>6588801031626348024</MsgId>
</xml>

2018-08-12 19:53:05 params :
------------
Array:
message : Array ;
module : basic ;
rule : 11 ;
priority : 0 ;
keyword : Array ;

2018-08-12 19:53:05 response :
------------
Array:
FromUserName : gh_3280735b50d8 ;
ToUserName : oyWTK1ONRkTAz3gNryvZg7qoeDbs ;
MsgType : text ;
Content : 欢迎关注黔满园荣贵微信公众号！ ;

2018-08-12 19:53:25 trace :
------------
String:
<xml><ToUserName><![CDATA[gh_3280735b50d8]]></ToUserName>
<FromUserName><![CDATA[oyWTK1ONRkTAz3gNryvZg7qoeDbs]]></FromUserName>
<CreateTime>1534074805</CreateTime>
<MsgType><![CDATA[event]]></MsgType>
<Event><![CDATA[VIEW]]></Event>
<EventKey><![CDATA[http://www.gzqtbw.com/app/index.php?i=10&c=home&t=12]]></EventKey>
<MenuId>427588424</MenuId>
</xml>

2018-08-12 19:53:25 params :
------------
Array:
message : Array ;
module : basic ;
rule : 11 ;
priority : 0 ;
keyword : Array ;

2018-08-12 19:53:25 response :
------------
Array:
FromUserName : gh_3280735b50d8 ;
ToUserName : oyWTK1ONRkTAz3gNryvZg7qoeDbs ;
MsgType : text ;
Content : 欢迎关注黔满园荣贵微信公众号！ ;

