2018-05-08 01:25:38 trace :
------------
String:
<xml><ToUserName><![CDATA[gh_3280735b50d8]]></ToUserName>
<FromUserName><![CDATA[oyWTK1G3ip-h1dy0AhhrSXZx27D8]]></FromUserName>
<CreateTime>1525713938</CreateTime>
<MsgType><![CDATA[event]]></MsgType>
<Event><![CDATA[unsubscribe]]></Event>
<EventKey><![CDATA[]]></EventKey>
</xml>

2018-05-08 03:14:41 trace :
------------
String:
<xml><ToUserName><![CDATA[gh_3280735b50d8]]></ToUserName>
<FromUserName><![CDATA[oyWTK1PAgSlTjk1iYIQRvZTpbyqU]]></FromUserName>
<CreateTime>1525720481</CreateTime>
<MsgType><![CDATA[event]]></MsgType>
<Event><![CDATA[VIEW]]></Event>
<EventKey><![CDATA[http://www.gzqtbw.com/app/index.php?i=10&c=home&t=12]]></EventKey>
<MenuId>427588424</MenuId>
</xml>

2018-05-08 03:14:42 params :
------------
Array:
message : Array ;
module : basic ;
rule : 11 ;
priority : 0 ;
keyword : Array ;

2018-05-08 03:14:42 response :
------------
Array:
FromUserName : gh_3280735b50d8 ;
ToUserName : oyWTK1PAgSlTjk1iYIQRvZTpbyqU ;
MsgType : text ;
Content : 欢迎关注黔满园荣贵微信公众号！ ;

2018-05-08 13:04:47 trace :
------------
String:
<xml><ToUserName><![CDATA[gh_a9b445bf4f73]]></ToUserName>
<FromUserName><![CDATA[oaQb9wSq5na6PRsKBLxnRu4n81_8]]></FromUserName>
<CreateTime>1525755887</CreateTime>
<MsgType><![CDATA[event]]></MsgType>
<Event><![CDATA[VIEW]]></Event>
<EventKey><![CDATA[http://www.gzqtbw.com/app/index.php?i=16&c=site&a=site&do=detail&id=27]]></EventKey>
<MenuId>424172745</MenuId>
</xml>

2018-05-08 13:04:47 params :
------------
Array:
message : Array ;
module : basic ;
rule : 16 ;
priority : 0 ;
keyword : Array ;

2018-05-08 13:04:47 response :
------------
Array:
FromUserName : gh_a9b445bf4f73 ;
ToUserName : oaQb9wSq5na6PRsKBLxnRu4n81_8 ;
MsgType : text ;
Content : 欢迎关注贵州博达云科技发展有限公司！ ;

2018-05-08 16:30:30 trace :
------------
String:
<xml><ToUserName><![CDATA[gh_07a7ab1e550f]]></ToUserName>
<FromUserName><![CDATA[oBqpn1U47ACJxPJV52ldygB7f-iw]]></FromUserName>
<CreateTime>1525768230</CreateTime>
<MsgType><![CDATA[event]]></MsgType>
<Event><![CDATA[subscribe]]></Event>
<EventKey><![CDATA[]]></EventKey>
</xml>

2018-05-08 16:30:30 params :
------------
Array:
message : Array ;
module : basic ;
rule : 20 ;
priority : 0 ;
keyword : Array ;

2018-05-08 16:30:30 response :
------------
Array:
FromUserName : gh_07a7ab1e550f ;
ToUserName : oBqpn1U47ACJxPJV52ldygB7f-iw ;
MsgType : text ;
Content : 感谢关注贵州罗甸红心火龙果/爱心 ;

