2018-04-02 02:14:13 trace :
------------
Array:
errno : -1 ;
message : 微信公众平台返回接口错误. 
错误代码为: 40005 
,错误描述为: appid 校验错误 ;

2018-04-02 02:14:13 waring :
------------
String:
Request Failed

2018-04-02 13:09:27 trace :
------------
String:
<xml><ToUserName><![CDATA[gh_387f2586a480]]></ToUserName>
<FromUserName><![CDATA[oHlBev5Gb3Xswu5xmD5UAa7_HFOo]]></FromUserName>
<CreateTime>1522645766</CreateTime>
<MsgType><![CDATA[event]]></MsgType>
<Event><![CDATA[subscribe]]></Event>
<EventKey><![CDATA[]]></EventKey>
</xml>

2018-04-02 13:09:27 params :
------------
Array:
message : Array ;
module : basic ;
rule : 13 ;
priority : 0 ;
keyword : Array ;

2018-04-02 13:09:27 response :
------------
Array:
FromUserName : gh_387f2586a480 ;
ToUserName : oHlBev5Gb3Xswu5xmD5UAa7_HFOo ;
MsgType : text ;
Content : 欢迎关注李记梧桐人家微信公众号！ ;

2018-04-02 13:09:35 trace :
------------
String:
<xml><ToUserName><![CDATA[gh_387f2586a480]]></ToUserName>
<FromUserName><![CDATA[oHlBev5Gb3Xswu5xmD5UAa7_HFOo]]></FromUserName>
<CreateTime>1522645775</CreateTime>
<MsgType><![CDATA[event]]></MsgType>
<Event><![CDATA[VIEW]]></Event>
<EventKey><![CDATA[http://www.gzqtbw.com/app/index.php?i=12&c=mc&a=card&do=sign_display&]]></EventKey>
<MenuId>602413748</MenuId>
</xml>

2018-04-02 13:09:35 params :
------------
Array:
message : Array ;
module : basic ;
rule : 13 ;
priority : 0 ;
keyword : Array ;

2018-04-02 13:09:35 response :
------------
Array:
FromUserName : gh_387f2586a480 ;
ToUserName : oHlBev5Gb3Xswu5xmD5UAa7_HFOo ;
MsgType : text ;
Content : 欢迎关注李记梧桐人家微信公众号！ ;

2018-04-02 13:10:11 trace :
------------
String:
<xml><ToUserName><![CDATA[gh_387f2586a480]]></ToUserName>
<FromUserName><![CDATA[oHlBev5Gb3Xswu5xmD5UAa7_HFOo]]></FromUserName>
<CreateTime>1522645811</CreateTime>
<MsgType><![CDATA[event]]></MsgType>
<Event><![CDATA[CLICK]]></Event>
<EventKey><![CDATA[。]]></EventKey>
</xml>

2018-04-02 13:10:11 params :
------------
Array:
message : Array ;
module : basic ;
rule : 13 ;
priority : 0 ;
keyword : Array ;

2018-04-02 13:10:11 response :
------------
Array:
FromUserName : gh_387f2586a480 ;
ToUserName : oHlBev5Gb3Xswu5xmD5UAa7_HFOo ;
MsgType : text ;
Content : 欢迎关注李记梧桐人家微信公众号！ ;

2018-04-02 13:12:18 trace :
------------
String:
<xml><ToUserName><![CDATA[gh_387f2586a480]]></ToUserName>
<FromUserName><![CDATA[oHlBev5Gb3Xswu5xmD5UAa7_HFOo]]></FromUserName>
<CreateTime>1522645938</CreateTime>
<MsgType><![CDATA[event]]></MsgType>
<Event><![CDATA[VIEW]]></Event>
<EventKey><![CDATA[http://www.gzqtbw.com/app/index.php?i=12&c=mc&a=card&do=sign_display&]]></EventKey>
<MenuId>602413748</MenuId>
</xml>

2018-04-02 13:12:18 params :
------------
Array:
message : Array ;
module : basic ;
rule : 13 ;
priority : 0 ;
keyword : Array ;

2018-04-02 13:12:18 response :
------------
Array:
FromUserName : gh_387f2586a480 ;
ToUserName : oHlBev5Gb3Xswu5xmD5UAa7_HFOo ;
MsgType : text ;
Content : 欢迎关注李记梧桐人家微信公众号！ ;

2018-04-02 13:12:28 trace :
------------
String:
<xml><ToUserName><![CDATA[gh_387f2586a480]]></ToUserName>
<FromUserName><![CDATA[oHlBev5Gb3Xswu5xmD5UAa7_HFOo]]></FromUserName>
<CreateTime>1522645947</CreateTime>
<MsgType><![CDATA[event]]></MsgType>
<Event><![CDATA[VIEW]]></Event>
<EventKey><![CDATA[http://www.gzqtbw.com/app/index.php?i=12&c=mc&a=bond&do=mycard&]]></EventKey>
<MenuId>602413748</MenuId>
</xml>

2018-04-02 13:12:28 params :
------------
Array:
message : Array ;
module : basic ;
rule : 13 ;
priority : 0 ;
keyword : Array ;

2018-04-02 13:12:28 response :
------------
Array:
FromUserName : gh_387f2586a480 ;
ToUserName : oHlBev5Gb3Xswu5xmD5UAa7_HFOo ;
MsgType : text ;
Content : 欢迎关注李记梧桐人家微信公众号！ ;

2018-04-02 13:12:33 trace :
------------
String:
<xml><ToUserName><![CDATA[gh_387f2586a480]]></ToUserName>
<FromUserName><![CDATA[oHlBev5Gb3Xswu5xmD5UAa7_HFOo]]></FromUserName>
<CreateTime>1522645952</CreateTime>
<MsgType><![CDATA[event]]></MsgType>
<Event><![CDATA[VIEW]]></Event>
<EventKey><![CDATA[http://www.gzqtbw.com/app/index.php?i=12&c=home&t=15]]></EventKey>
<MenuId>602413748</MenuId>
</xml>

2018-04-02 13:12:33 params :
------------
Array:
message : Array ;
module : basic ;
rule : 13 ;
priority : 0 ;
keyword : Array ;

2018-04-02 13:12:33 response :
------------
Array:
FromUserName : gh_387f2586a480 ;
ToUserName : oHlBev5Gb3Xswu5xmD5UAa7_HFOo ;
MsgType : text ;
Content : 欢迎关注李记梧桐人家微信公众号！ ;

2018-04-02 13:12:41 trace :
------------
String:
<xml><ToUserName><![CDATA[gh_387f2586a480]]></ToUserName>
<FromUserName><![CDATA[oHlBev5Gb3Xswu5xmD5UAa7_HFOo]]></FromUserName>
<CreateTime>1522645961</CreateTime>
<MsgType><![CDATA[event]]></MsgType>
<Event><![CDATA[VIEW]]></Event>
<EventKey><![CDATA[http://www.gzqtbw.com/app/index.php?i=12&c=site&a=site&do=detail&id=11]]></EventKey>
<MenuId>602413748</MenuId>
</xml>

2018-04-02 13:12:41 params :
------------
Array:
message : Array ;
module : basic ;
rule : 13 ;
priority : 0 ;
keyword : Array ;

2018-04-02 13:12:41 response :
------------
Array:
FromUserName : gh_387f2586a480 ;
ToUserName : oHlBev5Gb3Xswu5xmD5UAa7_HFOo ;
MsgType : text ;
Content : 欢迎关注李记梧桐人家微信公众号！ ;

2018-04-02 13:59:09 trace :
------------
String:
<xml><ToUserName><![CDATA[gh_a9b445bf4f73]]></ToUserName>
<FromUserName><![CDATA[oaQb9wf0EGF8LTLg4VVMJ35B97rE]]></FromUserName>
<CreateTime>1522648748</CreateTime>
<MsgType><![CDATA[event]]></MsgType>
<Event><![CDATA[subscribe]]></Event>
<EventKey><![CDATA[]]></EventKey>
</xml>

2018-04-02 13:59:09 params :
------------
Array:
message : Array ;
module : basic ;
rule : 16 ;
priority : 0 ;
keyword : Array ;

2018-04-02 13:59:09 response :
------------
Array:
FromUserName : gh_a9b445bf4f73 ;
ToUserName : oaQb9wf0EGF8LTLg4VVMJ35B97rE ;
MsgType : text ;
Content : 欢迎关注贵州博达云科技发展有限公司！ ;

