2018-01-15 13:57:23 trace :
------------
String:
<xml><ToUserName><![CDATA[gh_a9b445bf4f73]]></ToUserName>
<FromUserName><![CDATA[oaQb9wQ4XcbFK8WdteJwUISJhVYY]]></FromUserName>
<CreateTime>1515995843</CreateTime>
<MsgType><![CDATA[event]]></MsgType>
<Event><![CDATA[subscribe]]></Event>
<EventKey><![CDATA[]]></EventKey>
</xml>

2018-01-15 13:57:23 params :
------------
Array:
message : Array ;
module : basic ;
rule : 16 ;
priority : 0 ;
keyword : Array ;

2018-01-15 13:57:23 response :
------------
Array:
FromUserName : gh_a9b445bf4f73 ;
ToUserName : oaQb9wQ4XcbFK8WdteJwUISJhVYY ;
MsgType : text ;
Content : 欢迎关注贵州博达云科技发展有限公司！ ;

2018-01-15 13:57:27 trace :
------------
String:
<xml><ToUserName><![CDATA[gh_a9b445bf4f73]]></ToUserName>
<FromUserName><![CDATA[oaQb9wQ4XcbFK8WdteJwUISJhVYY]]></FromUserName>
<CreateTime>1515995847</CreateTime>
<MsgType><![CDATA[event]]></MsgType>
<Event><![CDATA[VIEW]]></Event>
<EventKey><![CDATA[http://www.gzqtbw.com/app/index.php?i=16&c=home&t=19]]></EventKey>
<MenuId>422750895</MenuId>
</xml>

2018-01-15 13:57:27 params :
------------
Array:
message : Array ;
module : basic ;
rule : 16 ;
priority : 0 ;
keyword : Array ;

2018-01-15 13:57:27 response :
------------
Array:
FromUserName : gh_a9b445bf4f73 ;
ToUserName : oaQb9wQ4XcbFK8WdteJwUISJhVYY ;
MsgType : text ;
Content : 欢迎关注贵州博达云科技发展有限公司！ ;

2018-01-15 13:58:00 trace :
------------
String:
<xml><ToUserName><![CDATA[gh_a9b445bf4f73]]></ToUserName>
<FromUserName><![CDATA[oaQb9wQ4XcbFK8WdteJwUISJhVYY]]></FromUserName>
<CreateTime>1515995879</CreateTime>
<MsgType><![CDATA[event]]></MsgType>
<Event><![CDATA[VIEW]]></Event>
<EventKey><![CDATA[http://www.gzqtbw.com/app/index.php?i=16&c=entry&do=dayu_form&id=1&m=dayu_form]]></EventKey>
<MenuId>422750895</MenuId>
</xml>

2018-01-15 13:58:00 params :
------------
Array:
message : Array ;
module : basic ;
rule : 16 ;
priority : 0 ;
keyword : Array ;

2018-01-15 13:58:00 response :
------------
Array:
FromUserName : gh_a9b445bf4f73 ;
ToUserName : oaQb9wQ4XcbFK8WdteJwUISJhVYY ;
MsgType : text ;
Content : 欢迎关注贵州博达云科技发展有限公司！ ;

2018-01-15 21:14:34 trace :
------------
Array:
errno : -1 ;
message : 微信公众平台返回接口错误. 
错误代码为: 40005 
,错误描述为: appid 校验错误 ;

2018-01-15 21:14:34 waring :
------------
String:
Request Failed

