2018-02-01 12:37:27 trace :
------------
Array:
errno : -1 ;
message : 微信公众平台返回接口错误. 
错误代码为: 40005 
,错误描述为: appid 校验错误 ;

2018-02-01 12:37:27 waring :
------------
String:
Request Failed

2018-02-01 12:37:29 trace :
------------
Array:
errno : -1 ;
message : 微信公众平台返回接口错误. 
错误代码为: 40005 
,错误描述为: appid 校验错误 ;

2018-02-01 12:37:29 waring :
------------
String:
Request Failed

2018-02-01 12:37:34 trace :
------------
Array:
errno : -1 ;
message : 微信公众平台返回接口错误. 
错误代码为: 40005 
,错误描述为: appid 校验错误 ;

2018-02-01 12:37:34 waring :
------------
String:
Request Failed

2018-02-01 12:37:43 trace :
------------
Array:
errno : -1 ;
message : 微信公众平台返回接口错误. 
错误代码为: 40005 
,错误描述为: appid 校验错误 ;

2018-02-01 12:37:43 waring :
------------
String:
Request Failed

2018-02-01 12:49:13 trace :
------------
Array:
errno : -1 ;
message : 微信公众平台返回接口错误. 
错误代码为: 40005 
,错误描述为: appid 校验错误 ;

2018-02-01 12:49:13 waring :
------------
String:
Request Failed

2018-02-01 12:49:18 trace :
------------
Array:
errno : -1 ;
message : 微信公众平台返回接口错误. 
错误代码为: 40005 
,错误描述为: appid 校验错误 ;

2018-02-01 12:49:18 waring :
------------
String:
Request Failed

2018-02-01 12:49:24 trace :
------------
Array:
errno : -1 ;
message : 微信公众平台返回接口错误. 
错误代码为: 40005 
,错误描述为: appid 校验错误 ;

2018-02-01 12:49:24 waring :
------------
String:
Request Failed

2018-02-01 12:50:15 trace :
------------
Array:
errno : -1 ;
message : 微信公众平台返回接口错误. 
错误代码为: 40005 
,错误描述为: appid 校验错误 ;

2018-02-01 12:50:15 waring :
------------
String:
Request Failed

2018-02-01 15:04:02 trace :
------------
Array:
errno : -1 ;
message : 微信公众平台返回接口错误. 
错误代码为: 40005 
,错误描述为: appid 校验错误 ;

2018-02-01 15:04:02 waring :
------------
String:
Request Failed

