2018-06-25 11:58:38 trace :
------------
String:
<xml><ToUserName><![CDATA[gh_07a7ab1e550f]]></ToUserName>
<FromUserName><![CDATA[oBqpn1dQuMSyy3mJjvFQpbswoOXY]]></FromUserName>
<CreateTime>1529899118</CreateTime>
<MsgType><![CDATA[event]]></MsgType>
<Event><![CDATA[subscribe]]></Event>
<EventKey><![CDATA[]]></EventKey>
</xml>

2018-06-25 11:58:38 params :
------------
Array:
message : Array ;
module : basic ;
rule : 20 ;
priority : 0 ;
keyword : Array ;

2018-06-25 11:58:38 response :
------------
Array:
FromUserName : gh_07a7ab1e550f ;
ToUserName : oBqpn1dQuMSyy3mJjvFQpbswoOXY ;
MsgType : text ;
Content : 感谢关注贵州罗甸红心火龙果/爱心 ;

2018-06-25 13:34:44 trace :
------------
String:
<xml><ToUserName><![CDATA[gh_07a7ab1e550f]]></ToUserName>
<FromUserName><![CDATA[oBqpn1dQuMSyy3mJjvFQpbswoOXY]]></FromUserName>
<CreateTime>1529904884</CreateTime>
<MsgType><![CDATA[event]]></MsgType>
<Event><![CDATA[VIEW]]></Event>
<EventKey><![CDATA[http://www.gzqtbw.com/app/index.php?i=18&c=entry&do=shop&m=ewei_shop]]></EventKey>
<MenuId>442049859</MenuId>
</xml>

2018-06-25 13:34:44 params :
------------
Array:
message : Array ;
module : basic ;
rule : 20 ;
priority : 0 ;
keyword : Array ;

2018-06-25 13:34:44 response :
------------
Array:
FromUserName : gh_07a7ab1e550f ;
ToUserName : oBqpn1dQuMSyy3mJjvFQpbswoOXY ;
MsgType : text ;
Content : 感谢关注贵州罗甸红心火龙果/爱心 ;

2018-06-25 13:35:46 trace :
------------
Array:
errno : -1 ;
message : 微信公众平台返回接口错误. 
错误代码为: 40005 
,错误描述为: appid 校验错误 ;

2018-06-25 13:35:46 waring :
------------
String:
Request Failed

2018-06-25 13:35:49 trace :
------------
Array:
errno : -1 ;
message : 微信公众平台返回接口错误. 
错误代码为: 40005 
,错误描述为: appid 校验错误 ;

2018-06-25 13:35:49 waring :
------------
String:
Request Failed

2018-06-25 13:36:19 trace :
------------
Array:
errno : -1 ;
message : 微信公众平台返回接口错误. 
错误代码为: 40005 
,错误描述为: appid 校验错误 ;

2018-06-25 13:36:19 waring :
------------
String:
Request Failed

2018-06-25 15:02:57 trace :
------------
Array:
errno : -1 ;
message : 微信公众平台返回接口错误. 
错误代码为: 40005 
,错误描述为: appid 校验错误 ;

2018-06-25 15:02:57 waring :
------------
String:
Request Failed

2018-06-25 18:59:40 trace :
------------
String:
<xml><ToUserName><![CDATA[gh_07a7ab1e550f]]></ToUserName>
<FromUserName><![CDATA[oBqpn1ahdyL2JG7AnnCcyxMKezGE]]></FromUserName>
<CreateTime>1529924380</CreateTime>
<MsgType><![CDATA[event]]></MsgType>
<Event><![CDATA[subscribe]]></Event>
<EventKey><![CDATA[]]></EventKey>
</xml>

2018-06-25 18:59:40 params :
------------
Array:
message : Array ;
module : basic ;
rule : 20 ;
priority : 0 ;
keyword : Array ;

2018-06-25 18:59:40 response :
------------
Array:
FromUserName : gh_07a7ab1e550f ;
ToUserName : oBqpn1ahdyL2JG7AnnCcyxMKezGE ;
MsgType : text ;
Content : 感谢关注贵州罗甸红心火龙果/爱心 ;

2018-06-25 18:59:43 trace :
------------
String:
<xml><ToUserName><![CDATA[gh_07a7ab1e550f]]></ToUserName>
<FromUserName><![CDATA[oBqpn1ahdyL2JG7AnnCcyxMKezGE]]></FromUserName>
<CreateTime>1529924383</CreateTime>
<MsgType><![CDATA[event]]></MsgType>
<Event><![CDATA[VIEW]]></Event>
<EventKey><![CDATA[http://www.gzqtbw.com/app/index.php?i=18&c=entry&do=shop&m=ewei_shop]]></EventKey>
<MenuId>442049859</MenuId>
</xml>

2018-06-25 18:59:43 params :
------------
Array:
message : Array ;
module : basic ;
rule : 20 ;
priority : 0 ;
keyword : Array ;

2018-06-25 18:59:43 response :
------------
Array:
FromUserName : gh_07a7ab1e550f ;
ToUserName : oBqpn1ahdyL2JG7AnnCcyxMKezGE ;
MsgType : text ;
Content : 感谢关注贵州罗甸红心火龙果/爱心 ;

2018-06-25 21:40:16 trace :
------------
String:
<xml><ToUserName><![CDATA[gh_94895cfd80a6]]></ToUserName>
<FromUserName><![CDATA[o92jL0YPCZ37qx4BGUrMrYP8LtbU]]></FromUserName>
<CreateTime>1529934016</CreateTime>
<MsgType><![CDATA[event]]></MsgType>
<Event><![CDATA[subscribe]]></Event>
<EventKey><![CDATA[]]></EventKey>
</xml>

2018-06-25 21:40:16 params :
------------
Array:
message : Array ;
module : basic ;
rule : 29 ;
priority : 0 ;
keyword : Array ;

2018-06-25 21:40:16 response :
------------
Array:
FromUserName : gh_94895cfd80a6 ;
ToUserName : o92jL0YPCZ37qx4BGUrMrYP8LtbU ;
MsgType : text ;
Content : 您好，欢迎关注赫章一小微信公众号！ ;

2018-06-25 21:40:18 trace :
------------
String:
<xml><ToUserName><![CDATA[gh_94895cfd80a6]]></ToUserName>
<FromUserName><![CDATA[o92jL0YPCZ37qx4BGUrMrYP8LtbU]]></FromUserName>
<CreateTime>1529934018</CreateTime>
<MsgType><![CDATA[event]]></MsgType>
<Event><![CDATA[VIEW]]></Event>
<EventKey><![CDATA[http://www.gzqtbw.com/app/index.php?i=20&c=home&t=32]]></EventKey>
<MenuId>476348390</MenuId>
</xml>

2018-06-25 21:40:18 params :
------------
Array:
message : Array ;
module : basic ;
rule : 29 ;
priority : 0 ;
keyword : Array ;

2018-06-25 21:40:18 response :
------------
Array:
FromUserName : gh_94895cfd80a6 ;
ToUserName : o92jL0YPCZ37qx4BGUrMrYP8LtbU ;
MsgType : text ;
Content : 您好，欢迎关注赫章一小微信公众号！ ;

2018-06-25 21:40:38 trace :
------------
String:
<xml><ToUserName><![CDATA[gh_94895cfd80a6]]></ToUserName>
<FromUserName><![CDATA[o92jL0YPCZ37qx4BGUrMrYP8LtbU]]></FromUserName>
<CreateTime>1529934038</CreateTime>
<MsgType><![CDATA[event]]></MsgType>
<Event><![CDATA[VIEW]]></Event>
<EventKey><![CDATA[http://www.gzqtbw.com/app/index.php?i=20&c=home&t=32]]></EventKey>
<MenuId>476348390</MenuId>
</xml>

2018-06-25 21:40:38 params :
------------
Array:
message : Array ;
module : basic ;
rule : 29 ;
priority : 0 ;
keyword : Array ;

2018-06-25 21:40:38 response :
------------
Array:
FromUserName : gh_94895cfd80a6 ;
ToUserName : o92jL0YPCZ37qx4BGUrMrYP8LtbU ;
MsgType : text ;
Content : 您好，欢迎关注赫章一小微信公众号！ ;

2018-06-25 21:40:44 trace :
------------
String:
<xml><ToUserName><![CDATA[gh_94895cfd80a6]]></ToUserName>
<FromUserName><![CDATA[o92jL0YPCZ37qx4BGUrMrYP8LtbU]]></FromUserName>
<CreateTime>1529934044</CreateTime>
<MsgType><![CDATA[event]]></MsgType>
<Event><![CDATA[VIEW]]></Event>
<EventKey><![CDATA[http://www.gzqtbw.com/app/index.php?i=20&c=home&t=32]]></EventKey>
<MenuId>476348390</MenuId>
</xml>

2018-06-25 21:40:44 params :
------------
Array:
message : Array ;
module : basic ;
rule : 29 ;
priority : 0 ;
keyword : Array ;

2018-06-25 21:40:44 response :
------------
Array:
FromUserName : gh_94895cfd80a6 ;
ToUserName : o92jL0YPCZ37qx4BGUrMrYP8LtbU ;
MsgType : text ;
Content : 您好，欢迎关注赫章一小微信公众号！ ;

