2018-06-01 06:31:44 trace :
------------
String:
<xml><ToUserName><![CDATA[gh_3280735b50d8]]></ToUserName>
<FromUserName><![CDATA[oyWTK1NUzTKPXf36sB_FRxKmDLqI]]></FromUserName>
<CreateTime>1527805904</CreateTime>
<MsgType><![CDATA[event]]></MsgType>
<Event><![CDATA[MASSSENDJOBFINISH]]></Event>
<MsgID>1000000030</MsgID>
<Status><![CDATA[send success]]></Status>
<TotalCount>181</TotalCount>
<FilterCount>181</FilterCount>
<SentCount>181</SentCount>
<ErrorCount>0</ErrorCount>
<CopyrightCheckResult><Count>0</Count>
<ResultList></ResultList>
<CheckState>0</CheckState>
</CopyrightCheckResult>
</xml>

2018-06-01 06:31:44 params :
------------
Array:
message : Array ;
module : basic ;
rule : 11 ;
priority : 0 ;
keyword : Array ;

2018-06-01 06:31:44 response :
------------
Array:
FromUserName : gh_3280735b50d8 ;
ToUserName : oyWTK1NUzTKPXf36sB_FRxKmDLqI ;
MsgType : text ;
Content : 欢迎关注黔满园荣贵微信公众号！ ;

2018-06-01 08:27:18 trace :
------------
String:
<xml><ToUserName><![CDATA[gh_3280735b50d8]]></ToUserName>
<FromUserName><![CDATA[oyWTK1MbjEAGj6bdihm6GGptsjiw]]></FromUserName>
<CreateTime>1527812838</CreateTime>
<MsgType><![CDATA[event]]></MsgType>
<Event><![CDATA[unsubscribe]]></Event>
<EventKey><![CDATA[]]></EventKey>
</xml>

2018-06-01 08:46:33 trace :
------------
String:
<xml><ToUserName><![CDATA[gh_3280735b50d8]]></ToUserName>
<FromUserName><![CDATA[oyWTK1Fd0OuWUfNEo5opT4t6cJUE]]></FromUserName>
<CreateTime>1527813993</CreateTime>
<MsgType><![CDATA[event]]></MsgType>
<Event><![CDATA[subscribe]]></Event>
<EventKey><![CDATA[]]></EventKey>
</xml>

2018-06-01 08:46:33 params :
------------
Array:
message : Array ;
module : basic ;
rule : 11 ;
priority : 0 ;
keyword : Array ;

2018-06-01 08:46:33 response :
------------
Array:
FromUserName : gh_3280735b50d8 ;
ToUserName : oyWTK1Fd0OuWUfNEo5opT4t6cJUE ;
MsgType : text ;
Content : 欢迎关注黔满园荣贵微信公众号！ ;

2018-06-01 08:46:38 trace :
------------
String:
<xml><ToUserName><![CDATA[gh_3280735b50d8]]></ToUserName>
<FromUserName><![CDATA[oyWTK1Fd0OuWUfNEo5opT4t6cJUE]]></FromUserName>
<CreateTime>1527813998</CreateTime>
<MsgType><![CDATA[event]]></MsgType>
<Event><![CDATA[VIEW]]></Event>
<EventKey><![CDATA[http://www.gzqtbw.com/app/index.php?i=10&c=mc&a=card&do=sign_display&]]></EventKey>
<MenuId>427588424</MenuId>
</xml>

2018-06-01 08:46:38 params :
------------
Array:
message : Array ;
module : basic ;
rule : 11 ;
priority : 0 ;
keyword : Array ;

2018-06-01 08:46:38 response :
------------
Array:
FromUserName : gh_3280735b50d8 ;
ToUserName : oyWTK1Fd0OuWUfNEo5opT4t6cJUE ;
MsgType : text ;
Content : 欢迎关注黔满园荣贵微信公众号！ ;

2018-06-01 11:06:56 trace :
------------
String:
<xml><ToUserName><![CDATA[gh_07a7ab1e550f]]></ToUserName>
<FromUserName><![CDATA[oBqpn1dlaP3Uj5bcf9vJ70i4GCBM]]></FromUserName>
<CreateTime>1527822416</CreateTime>
<MsgType><![CDATA[event]]></MsgType>
<Event><![CDATA[subscribe]]></Event>
<EventKey><![CDATA[]]></EventKey>
</xml>

2018-06-01 11:06:56 params :
------------
Array:
message : Array ;
module : basic ;
rule : 20 ;
priority : 0 ;
keyword : Array ;

2018-06-01 11:06:56 response :
------------
Array:
FromUserName : gh_07a7ab1e550f ;
ToUserName : oBqpn1dlaP3Uj5bcf9vJ70i4GCBM ;
MsgType : text ;
Content : 感谢关注贵州罗甸红心火龙果/爱心 ;

2018-06-01 11:06:59 trace :
------------
String:
<xml><ToUserName><![CDATA[gh_07a7ab1e550f]]></ToUserName>
<FromUserName><![CDATA[oBqpn1dlaP3Uj5bcf9vJ70i4GCBM]]></FromUserName>
<CreateTime>1527822419</CreateTime>
<MsgType><![CDATA[event]]></MsgType>
<Event><![CDATA[VIEW]]></Event>
<EventKey><![CDATA[http://www.gzqtbw.com/app/index.php?i=18&c=entry&do=shop&m=ewei_shop]]></EventKey>
<MenuId>442049859</MenuId>
</xml>

2018-06-01 11:06:59 params :
------------
Array:
message : Array ;
module : basic ;
rule : 20 ;
priority : 0 ;
keyword : Array ;

2018-06-01 11:06:59 response :
------------
Array:
FromUserName : gh_07a7ab1e550f ;
ToUserName : oBqpn1dlaP3Uj5bcf9vJ70i4GCBM ;
MsgType : text ;
Content : 感谢关注贵州罗甸红心火龙果/爱心 ;

2018-06-01 11:08:01 trace :
------------
String:
<xml><ToUserName><![CDATA[gh_07a7ab1e550f]]></ToUserName>
<FromUserName><![CDATA[oBqpn1am5DoO9MnVv7gWmGCNWr-E]]></FromUserName>
<CreateTime>1527822481</CreateTime>
<MsgType><![CDATA[event]]></MsgType>
<Event><![CDATA[subscribe]]></Event>
<EventKey><![CDATA[]]></EventKey>
</xml>

2018-06-01 11:08:01 params :
------------
Array:
message : Array ;
module : basic ;
rule : 20 ;
priority : 0 ;
keyword : Array ;

2018-06-01 11:08:01 response :
------------
Array:
FromUserName : gh_07a7ab1e550f ;
ToUserName : oBqpn1am5DoO9MnVv7gWmGCNWr-E ;
MsgType : text ;
Content : 感谢关注贵州罗甸红心火龙果/爱心 ;

2018-06-01 11:08:04 trace :
------------
String:
<xml><ToUserName><![CDATA[gh_07a7ab1e550f]]></ToUserName>
<FromUserName><![CDATA[oBqpn1am5DoO9MnVv7gWmGCNWr-E]]></FromUserName>
<CreateTime>1527822483</CreateTime>
<MsgType><![CDATA[event]]></MsgType>
<Event><![CDATA[VIEW]]></Event>
<EventKey><![CDATA[http://www.gzqtbw.com/app/index.php?i=18&c=entry&do=shop&m=ewei_shop]]></EventKey>
<MenuId>442049859</MenuId>
</xml>

2018-06-01 11:08:04 params :
------------
Array:
message : Array ;
module : basic ;
rule : 20 ;
priority : 0 ;
keyword : Array ;

2018-06-01 11:08:04 response :
------------
Array:
FromUserName : gh_07a7ab1e550f ;
ToUserName : oBqpn1am5DoO9MnVv7gWmGCNWr-E ;
MsgType : text ;
Content : 感谢关注贵州罗甸红心火龙果/爱心 ;

2018-06-01 11:10:08 trace :
------------
String:
<xml><ToUserName><![CDATA[gh_07a7ab1e550f]]></ToUserName>
<FromUserName><![CDATA[oBqpn1deoPn1gD8p2-c6QnD30PP4]]></FromUserName>
<CreateTime>1527822608</CreateTime>
<MsgType><![CDATA[event]]></MsgType>
<Event><![CDATA[subscribe]]></Event>
<EventKey><![CDATA[]]></EventKey>
</xml>

2018-06-01 11:10:08 params :
------------
Array:
message : Array ;
module : basic ;
rule : 20 ;
priority : 0 ;
keyword : Array ;

2018-06-01 11:10:08 response :
------------
Array:
FromUserName : gh_07a7ab1e550f ;
ToUserName : oBqpn1deoPn1gD8p2-c6QnD30PP4 ;
MsgType : text ;
Content : 感谢关注贵州罗甸红心火龙果/爱心 ;

2018-06-01 11:43:36 trace :
------------
String:
<xml><ToUserName><![CDATA[gh_94895cfd80a6]]></ToUserName>
<FromUserName><![CDATA[o92jL0TzRvmlBMh_C0qWAEJ7lZ8k]]></FromUserName>
<CreateTime>1527824616</CreateTime>
<MsgType><![CDATA[event]]></MsgType>
<Event><![CDATA[VIEW]]></Event>
<EventKey><![CDATA[http://www.gzqtbw.com/app/index.php?i=20&c=home&t=32]]></EventKey>
<MenuId>476348390</MenuId>
</xml>

2018-06-01 11:43:37 params :
------------
Array:
message : Array ;
module : basic ;
rule : 29 ;
priority : 0 ;
keyword : Array ;

2018-06-01 11:43:37 response :
------------
Array:
FromUserName : gh_94895cfd80a6 ;
ToUserName : o92jL0TzRvmlBMh_C0qWAEJ7lZ8k ;
MsgType : text ;
Content : 您好，欢迎关注赫章一小微信公众号！ ;

2018-06-01 14:45:05 trace :
------------
String:
<xml><ToUserName><![CDATA[gh_07a7ab1e550f]]></ToUserName>
<FromUserName><![CDATA[oBqpn1am5DoO9MnVv7gWmGCNWr-E]]></FromUserName>
<CreateTime>1527835505</CreateTime>
<MsgType><![CDATA[event]]></MsgType>
<Event><![CDATA[VIEW]]></Event>
<EventKey><![CDATA[http://www.gzqtbw.com/app/index.php?i=18&c=entry&do=shop&m=ewei_shop]]></EventKey>
<MenuId>442049859</MenuId>
</xml>

2018-06-01 14:45:05 params :
------------
Array:
message : Array ;
module : basic ;
rule : 20 ;
priority : 0 ;
keyword : Array ;

2018-06-01 14:45:05 response :
------------
Array:
FromUserName : gh_07a7ab1e550f ;
ToUserName : oBqpn1am5DoO9MnVv7gWmGCNWr-E ;
MsgType : text ;
Content : 感谢关注贵州罗甸红心火龙果/爱心 ;

2018-06-01 15:41:09 trace :
------------
String:
<xml><ToUserName><![CDATA[gh_a9b445bf4f73]]></ToUserName>
<FromUserName><![CDATA[oaQb9wT-ac5F3hz8_FipJEBm-sQk]]></FromUserName>
<CreateTime>1527838868</CreateTime>
<MsgType><![CDATA[event]]></MsgType>
<Event><![CDATA[VIEW]]></Event>
<EventKey><![CDATA[http://mb.gzqtbw.com]]></EventKey>
<MenuId>424172745</MenuId>
</xml>

2018-06-01 15:41:09 params :
------------
Array:
message : Array ;
module : basic ;
rule : 16 ;
priority : 0 ;
keyword : Array ;

2018-06-01 15:41:09 response :
------------
Array:
FromUserName : gh_a9b445bf4f73 ;
ToUserName : oaQb9wT-ac5F3hz8_FipJEBm-sQk ;
MsgType : text ;
Content : 欢迎关注贵州博达云科技发展有限公司！ ;

2018-06-01 16:16:09 trace :
------------
String:
<xml><ToUserName><![CDATA[gh_94895cfd80a6]]></ToUserName>
<FromUserName><![CDATA[o92jL0ViXLVLN6B4i8OVX3h5FcmU]]></FromUserName>
<CreateTime>1527840969</CreateTime>
<MsgType><![CDATA[event]]></MsgType>
<Event><![CDATA[subscribe]]></Event>
<EventKey><![CDATA[]]></EventKey>
</xml>

2018-06-01 16:16:09 params :
------------
Array:
message : Array ;
module : basic ;
rule : 29 ;
priority : 0 ;
keyword : Array ;

2018-06-01 16:16:09 response :
------------
Array:
FromUserName : gh_94895cfd80a6 ;
ToUserName : o92jL0ViXLVLN6B4i8OVX3h5FcmU ;
MsgType : text ;
Content : 您好，欢迎关注赫章一小微信公众号！ ;

2018-06-01 16:16:33 trace :
------------
String:
<xml><ToUserName><![CDATA[gh_94895cfd80a6]]></ToUserName>
<FromUserName><![CDATA[o92jL0ViXLVLN6B4i8OVX3h5FcmU]]></FromUserName>
<CreateTime>1527840993</CreateTime>
<MsgType><![CDATA[event]]></MsgType>
<Event><![CDATA[VIEW]]></Event>
<EventKey><![CDATA[http://www.gzqtbw.com/app/index.php?i=20&c=home&t=32]]></EventKey>
<MenuId>476348390</MenuId>
</xml>

2018-06-01 16:16:33 params :
------------
Array:
message : Array ;
module : basic ;
rule : 29 ;
priority : 0 ;
keyword : Array ;

2018-06-01 16:16:33 response :
------------
Array:
FromUserName : gh_94895cfd80a6 ;
ToUserName : o92jL0ViXLVLN6B4i8OVX3h5FcmU ;
MsgType : text ;
Content : 您好，欢迎关注赫章一小微信公众号！ ;

2018-06-01 16:16:47 trace :
------------
String:
<xml><ToUserName><![CDATA[gh_94895cfd80a6]]></ToUserName>
<FromUserName><![CDATA[o92jL0YaYvKPvBv6zhupmk3tyoqU]]></FromUserName>
<CreateTime>1527841007</CreateTime>
<MsgType><![CDATA[event]]></MsgType>
<Event><![CDATA[VIEW]]></Event>
<EventKey><![CDATA[http://www.gzqtbw.com/app/index.php?i=20&c=home&t=32]]></EventKey>
<MenuId>476348390</MenuId>
</xml>

2018-06-01 16:16:47 params :
------------
Array:
message : Array ;
module : basic ;
rule : 29 ;
priority : 0 ;
keyword : Array ;

2018-06-01 16:16:47 response :
------------
Array:
FromUserName : gh_94895cfd80a6 ;
ToUserName : o92jL0YaYvKPvBv6zhupmk3tyoqU ;
MsgType : text ;
Content : 您好，欢迎关注赫章一小微信公众号！ ;

2018-06-01 16:19:40 trace :
------------
String:
<xml><ToUserName><![CDATA[gh_94895cfd80a6]]></ToUserName>
<FromUserName><![CDATA[o92jL0ViXLVLN6B4i8OVX3h5FcmU]]></FromUserName>
<CreateTime>1527841180</CreateTime>
<MsgType><![CDATA[event]]></MsgType>
<Event><![CDATA[VIEW]]></Event>
<EventKey><![CDATA[http://www.gzqtbw.com/app/index.php?i=20&c=home&t=32]]></EventKey>
<MenuId>476348390</MenuId>
</xml>

2018-06-01 16:19:40 params :
------------
Array:
message : Array ;
module : basic ;
rule : 29 ;
priority : 0 ;
keyword : Array ;

2018-06-01 16:19:40 response :
------------
Array:
FromUserName : gh_94895cfd80a6 ;
ToUserName : o92jL0ViXLVLN6B4i8OVX3h5FcmU ;
MsgType : text ;
Content : 您好，欢迎关注赫章一小微信公众号！ ;

2018-06-01 16:29:22 trace :
------------
String:
<xml><ToUserName><![CDATA[gh_387f2586a480]]></ToUserName>
<FromUserName><![CDATA[oHlBev20g6NQaunnlVI3sfNzqVMs]]></FromUserName>
<CreateTime>1527841762</CreateTime>
<MsgType><![CDATA[event]]></MsgType>
<Event><![CDATA[subscribe]]></Event>
<EventKey><![CDATA[]]></EventKey>
</xml>

2018-06-01 16:29:22 params :
------------
Array:
message : Array ;
module : basic ;
rule : 13 ;
priority : 0 ;
keyword : Array ;

2018-06-01 16:29:22 response :
------------
Array:
FromUserName : gh_387f2586a480 ;
ToUserName : oHlBev20g6NQaunnlVI3sfNzqVMs ;
MsgType : text ;
Content : 欢迎关注李记梧桐人家微信公众号！ ;

2018-06-01 16:29:34 trace :
------------
String:
<xml><ToUserName><![CDATA[gh_387f2586a480]]></ToUserName>
<FromUserName><![CDATA[oHlBev20g6NQaunnlVI3sfNzqVMs]]></FromUserName>
<CreateTime>1527841774</CreateTime>
<MsgType><![CDATA[event]]></MsgType>
<Event><![CDATA[VIEW]]></Event>
<EventKey><![CDATA[http://www.gzqtbw.com/app/index.php?i=12&c=site&a=site&do=detail&id=10]]></EventKey>
<MenuId>602413748</MenuId>
</xml>

2018-06-01 16:29:34 params :
------------
Array:
message : Array ;
module : basic ;
rule : 13 ;
priority : 0 ;
keyword : Array ;

2018-06-01 16:29:34 response :
------------
Array:
FromUserName : gh_387f2586a480 ;
ToUserName : oHlBev20g6NQaunnlVI3sfNzqVMs ;
MsgType : text ;
Content : 欢迎关注李记梧桐人家微信公众号！ ;

2018-06-01 16:29:43 trace :
------------
String:
<xml><ToUserName><![CDATA[gh_387f2586a480]]></ToUserName>
<FromUserName><![CDATA[oHlBev20g6NQaunnlVI3sfNzqVMs]]></FromUserName>
<CreateTime>1527841783</CreateTime>
<MsgType><![CDATA[event]]></MsgType>
<Event><![CDATA[VIEW]]></Event>
<EventKey><![CDATA[http://www.gzqtbw.com/app/index.php?i=12&c=site&a=site&do=detail&id=10]]></EventKey>
<MenuId>602413748</MenuId>
</xml>

2018-06-01 16:29:43 params :
------------
Array:
message : Array ;
module : basic ;
rule : 13 ;
priority : 0 ;
keyword : Array ;

2018-06-01 16:29:43 response :
------------
Array:
FromUserName : gh_387f2586a480 ;
ToUserName : oHlBev20g6NQaunnlVI3sfNzqVMs ;
MsgType : text ;
Content : 欢迎关注李记梧桐人家微信公众号！ ;

2018-06-01 16:29:47 trace :
------------
String:
<xml><ToUserName><![CDATA[gh_387f2586a480]]></ToUserName>
<FromUserName><![CDATA[oHlBev20g6NQaunnlVI3sfNzqVMs]]></FromUserName>
<CreateTime>1527841787</CreateTime>
<MsgType><![CDATA[event]]></MsgType>
<Event><![CDATA[VIEW]]></Event>
<EventKey><![CDATA[http://www.gzqtbw.com/app/index.php?i=12&c=home&t=15]]></EventKey>
<MenuId>602413748</MenuId>
</xml>

2018-06-01 16:29:47 params :
------------
Array:
message : Array ;
module : basic ;
rule : 13 ;
priority : 0 ;
keyword : Array ;

2018-06-01 16:29:47 response :
------------
Array:
FromUserName : gh_387f2586a480 ;
ToUserName : oHlBev20g6NQaunnlVI3sfNzqVMs ;
MsgType : text ;
Content : 欢迎关注李记梧桐人家微信公众号！ ;

2018-06-01 16:42:58 trace :
------------
String:
<xml><ToUserName><![CDATA[gh_07a7ab1e550f]]></ToUserName>
<FromUserName><![CDATA[oBqpn1V46LTk3YeI9Cwle3IwIcxc]]></FromUserName>
<CreateTime>1527842578</CreateTime>
<MsgType><![CDATA[event]]></MsgType>
<Event><![CDATA[subscribe]]></Event>
<EventKey><![CDATA[]]></EventKey>
</xml>

2018-06-01 16:42:58 params :
------------
Array:
message : Array ;
module : basic ;
rule : 20 ;
priority : 0 ;
keyword : Array ;

2018-06-01 16:42:58 response :
------------
Array:
FromUserName : gh_07a7ab1e550f ;
ToUserName : oBqpn1V46LTk3YeI9Cwle3IwIcxc ;
MsgType : text ;
Content : 感谢关注贵州罗甸红心火龙果/爱心 ;

2018-06-01 16:43:02 trace :
------------
String:
<xml><ToUserName><![CDATA[gh_07a7ab1e550f]]></ToUserName>
<FromUserName><![CDATA[oBqpn1V46LTk3YeI9Cwle3IwIcxc]]></FromUserName>
<CreateTime>1527842582</CreateTime>
<MsgType><![CDATA[event]]></MsgType>
<Event><![CDATA[VIEW]]></Event>
<EventKey><![CDATA[http://www.gzqtbw.com/app/index.php?i=18&c=entry&do=shop&m=ewei_shop]]></EventKey>
<MenuId>442049859</MenuId>
</xml>

2018-06-01 16:43:02 params :
------------
Array:
message : Array ;
module : basic ;
rule : 20 ;
priority : 0 ;
keyword : Array ;

2018-06-01 16:43:02 response :
------------
Array:
FromUserName : gh_07a7ab1e550f ;
ToUserName : oBqpn1V46LTk3YeI9Cwle3IwIcxc ;
MsgType : text ;
Content : 感谢关注贵州罗甸红心火龙果/爱心 ;

2018-06-01 16:45:56 trace :
------------
String:
<xml><ToUserName><![CDATA[gh_07a7ab1e550f]]></ToUserName>
<FromUserName><![CDATA[oBqpn1V46LTk3YeI9Cwle3IwIcxc]]></FromUserName>
<CreateTime>1527842756</CreateTime>
<MsgType><![CDATA[event]]></MsgType>
<Event><![CDATA[VIEW]]></Event>
<EventKey><![CDATA[http://www.gzqtbw.com/app/index.php?i=18&c=entry&do=shop&m=ewei_shop]]></EventKey>
<MenuId>442049859</MenuId>
</xml>

2018-06-01 16:45:56 params :
------------
Array:
message : Array ;
module : basic ;
rule : 20 ;
priority : 0 ;
keyword : Array ;

2018-06-01 16:45:56 response :
------------
Array:
FromUserName : gh_07a7ab1e550f ;
ToUserName : oBqpn1V46LTk3YeI9Cwle3IwIcxc ;
MsgType : text ;
Content : 感谢关注贵州罗甸红心火龙果/爱心 ;

2018-06-01 16:46:46 trace :
------------
String:
<xml><ToUserName><![CDATA[gh_07a7ab1e550f]]></ToUserName>
<FromUserName><![CDATA[oBqpn1V46LTk3YeI9Cwle3IwIcxc]]></FromUserName>
<CreateTime>1527842805</CreateTime>
<MsgType><![CDATA[event]]></MsgType>
<Event><![CDATA[unsubscribe]]></Event>
<EventKey><![CDATA[]]></EventKey>
</xml>

2018-06-01 16:48:15 trace :
------------
String:
<xml><ToUserName><![CDATA[gh_94895cfd80a6]]></ToUserName>
<FromUserName><![CDATA[o92jL0ViXLVLN6B4i8OVX3h5FcmU]]></FromUserName>
<CreateTime>1527842895</CreateTime>
<MsgType><![CDATA[event]]></MsgType>
<Event><![CDATA[VIEW]]></Event>
<EventKey><![CDATA[http://www.gzqtbw.com/app/index.php?i=20&c=home&t=32]]></EventKey>
<MenuId>476348390</MenuId>
</xml>

2018-06-01 16:48:15 params :
------------
Array:
message : Array ;
module : basic ;
rule : 29 ;
priority : 0 ;
keyword : Array ;

2018-06-01 16:48:15 response :
------------
Array:
FromUserName : gh_94895cfd80a6 ;
ToUserName : o92jL0ViXLVLN6B4i8OVX3h5FcmU ;
MsgType : text ;
Content : 您好，欢迎关注赫章一小微信公众号！ ;

2018-06-01 17:22:47 trace :
------------
String:
<xml><ToUserName><![CDATA[gh_94895cfd80a6]]></ToUserName>
<FromUserName><![CDATA[o92jL0ViXLVLN6B4i8OVX3h5FcmU]]></FromUserName>
<CreateTime>1527844967</CreateTime>
<MsgType><![CDATA[event]]></MsgType>
<Event><![CDATA[VIEW]]></Event>
<EventKey><![CDATA[http://www.gzqtbw.com/app/index.php?i=20&c=home&t=32]]></EventKey>
<MenuId>476348390</MenuId>
</xml>

2018-06-01 17:22:47 params :
------------
Array:
message : Array ;
module : basic ;
rule : 29 ;
priority : 0 ;
keyword : Array ;

2018-06-01 17:22:47 response :
------------
Array:
FromUserName : gh_94895cfd80a6 ;
ToUserName : o92jL0ViXLVLN6B4i8OVX3h5FcmU ;
MsgType : text ;
Content : 您好，欢迎关注赫章一小微信公众号！ ;

2018-06-01 19:12:16 trace :
------------
String:
<xml><ToUserName><![CDATA[gh_94895cfd80a6]]></ToUserName>
<FromUserName><![CDATA[o92jL0ViXLVLN6B4i8OVX3h5FcmU]]></FromUserName>
<CreateTime>1527851536</CreateTime>
<MsgType><![CDATA[event]]></MsgType>
<Event><![CDATA[VIEW]]></Event>
<EventKey><![CDATA[http://www.gzqtbw.com/app/index.php?i=20&c=home&t=32]]></EventKey>
<MenuId>476348390</MenuId>
</xml>

2018-06-01 19:12:16 params :
------------
Array:
message : Array ;
module : basic ;
rule : 29 ;
priority : 0 ;
keyword : Array ;

2018-06-01 19:12:16 response :
------------
Array:
FromUserName : gh_94895cfd80a6 ;
ToUserName : o92jL0ViXLVLN6B4i8OVX3h5FcmU ;
MsgType : text ;
Content : 您好，欢迎关注赫章一小微信公众号！ ;

2018-06-01 19:12:19 trace :
------------
String:
<xml><ToUserName><![CDATA[gh_94895cfd80a6]]></ToUserName>
<FromUserName><![CDATA[o92jL0ViXLVLN6B4i8OVX3h5FcmU]]></FromUserName>
<CreateTime>1527851539</CreateTime>
<MsgType><![CDATA[event]]></MsgType>
<Event><![CDATA[VIEW]]></Event>
<EventKey><![CDATA[http://www.gzqtbw.com/app/index.php?i=20&c=home&t=32]]></EventKey>
<MenuId>476348390</MenuId>
</xml>

2018-06-01 19:12:19 params :
------------
Array:
message : Array ;
module : basic ;
rule : 29 ;
priority : 0 ;
keyword : Array ;

2018-06-01 19:12:19 response :
------------
Array:
FromUserName : gh_94895cfd80a6 ;
ToUserName : o92jL0ViXLVLN6B4i8OVX3h5FcmU ;
MsgType : text ;
Content : 您好，欢迎关注赫章一小微信公众号！ ;

2018-06-01 19:54:39 trace :
------------
String:
<xml><ToUserName><![CDATA[gh_07a7ab1e550f]]></ToUserName>
<FromUserName><![CDATA[oBqpn1QBOIigZi5OpwWauG4f05HU]]></FromUserName>
<CreateTime>1527854079</CreateTime>
<MsgType><![CDATA[event]]></MsgType>
<Event><![CDATA[subscribe]]></Event>
<EventKey><![CDATA[]]></EventKey>
</xml>

2018-06-01 19:54:39 params :
------------
Array:
message : Array ;
module : basic ;
rule : 20 ;
priority : 0 ;
keyword : Array ;

2018-06-01 19:54:39 response :
------------
Array:
FromUserName : gh_07a7ab1e550f ;
ToUserName : oBqpn1QBOIigZi5OpwWauG4f05HU ;
MsgType : text ;
Content : 感谢关注贵州罗甸红心火龙果/爱心 ;

2018-06-01 19:54:52 trace :
------------
String:
<xml><ToUserName><![CDATA[gh_07a7ab1e550f]]></ToUserName>
<FromUserName><![CDATA[oBqpn1QBOIigZi5OpwWauG4f05HU]]></FromUserName>
<CreateTime>1527854092</CreateTime>
<MsgType><![CDATA[event]]></MsgType>
<Event><![CDATA[unsubscribe]]></Event>
<EventKey><![CDATA[]]></EventKey>
</xml>

